[2024-10-01T13:14:50.754+0000] {processor.py:161} INFO - Started process (PID=96) to work on /home/airflow/.local/lib/python3.8/site-packages/airflow/example_dags/example_xcomargs.py
[2024-10-01T13:14:50.756+0000] {processor.py:830} INFO - Processing file /home/airflow/.local/lib/python3.8/site-packages/airflow/example_dags/example_xcomargs.py for tasks to queue
[2024-10-01T13:14:50.763+0000] {logging_mixin.py:188} INFO - [2024-10-01T13:14:50.763+0000] {dagbag.py:538} INFO - Filling up the DagBag from /home/airflow/.local/lib/python3.8/site-packages/airflow/example_dags/example_xcomargs.py
[2024-10-01T13:14:50.788+0000] {processor.py:840} INFO - DAG(s) 'example_xcom_args_with_operators', 'example_xcom_args' retrieved from /home/airflow/.local/lib/python3.8/site-packages/airflow/example_dags/example_xcomargs.py
[2024-10-01T13:14:51.278+0000] {logging_mixin.py:188} INFO - [2024-10-01T13:14:51.278+0000] {dag.py:3036} INFO - Sync 2 DAGs
[2024-10-01T13:14:51.305+0000] {logging_mixin.py:188} INFO - [2024-10-01T13:14:51.305+0000] {dag.py:3823} INFO - Setting next_dagrun for example_xcom_args to None, run_after=None
[2024-10-01T13:14:51.311+0000] {logging_mixin.py:188} INFO - [2024-10-01T13:14:51.311+0000] {dag.py:3823} INFO - Setting next_dagrun for example_xcom_args_with_operators to None, run_after=None
[2024-10-01T13:14:51.375+0000] {processor.py:183} INFO - Processing /home/airflow/.local/lib/python3.8/site-packages/airflow/example_dags/example_xcomargs.py took 0.629 seconds
[2024-10-01T13:15:22.039+0000] {processor.py:161} INFO - Started process (PID=152) to work on /home/airflow/.local/lib/python3.8/site-packages/airflow/example_dags/example_xcomargs.py
[2024-10-01T13:15:22.040+0000] {processor.py:830} INFO - Processing file /home/airflow/.local/lib/python3.8/site-packages/airflow/example_dags/example_xcomargs.py for tasks to queue
[2024-10-01T13:15:22.042+0000] {logging_mixin.py:188} INFO - [2024-10-01T13:15:22.041+0000] {dagbag.py:538} INFO - Filling up the DagBag from /home/airflow/.local/lib/python3.8/site-packages/airflow/example_dags/example_xcomargs.py
[2024-10-01T13:15:22.057+0000] {processor.py:840} INFO - DAG(s) 'example_xcom_args_with_operators', 'example_xcom_args' retrieved from /home/airflow/.local/lib/python3.8/site-packages/airflow/example_dags/example_xcomargs.py
[2024-10-01T13:15:22.153+0000] {logging_mixin.py:188} INFO - [2024-10-01T13:15:22.152+0000] {dag.py:3036} INFO - Sync 2 DAGs
[2024-10-01T13:15:22.188+0000] {logging_mixin.py:188} INFO - [2024-10-01T13:15:22.187+0000] {dag.py:3823} INFO - Setting next_dagrun for example_xcom_args to None, run_after=None
[2024-10-01T13:15:22.195+0000] {logging_mixin.py:188} INFO - [2024-10-01T13:15:22.194+0000] {dag.py:3823} INFO - Setting next_dagrun for example_xcom_args_with_operators to None, run_after=None
[2024-10-01T13:15:22.235+0000] {processor.py:183} INFO - Processing /home/airflow/.local/lib/python3.8/site-packages/airflow/example_dags/example_xcomargs.py took 0.200 seconds
[2024-10-01T13:15:52.376+0000] {processor.py:161} INFO - Started process (PID=208) to work on /home/airflow/.local/lib/python3.8/site-packages/airflow/example_dags/example_xcomargs.py
[2024-10-01T13:15:52.377+0000] {processor.py:830} INFO - Processing file /home/airflow/.local/lib/python3.8/site-packages/airflow/example_dags/example_xcomargs.py for tasks to queue
[2024-10-01T13:15:52.379+0000] {logging_mixin.py:188} INFO - [2024-10-01T13:15:52.379+0000] {dagbag.py:538} INFO - Filling up the DagBag from /home/airflow/.local/lib/python3.8/site-packages/airflow/example_dags/example_xcomargs.py
[2024-10-01T13:15:52.387+0000] {processor.py:840} INFO - DAG(s) 'example_xcom_args', 'example_xcom_args_with_operators' retrieved from /home/airflow/.local/lib/python3.8/site-packages/airflow/example_dags/example_xcomargs.py
[2024-10-01T13:15:52.412+0000] {logging_mixin.py:188} INFO - [2024-10-01T13:15:52.411+0000] {dag.py:3036} INFO - Sync 2 DAGs
[2024-10-01T13:15:52.425+0000] {logging_mixin.py:188} INFO - [2024-10-01T13:15:52.425+0000] {dag.py:3823} INFO - Setting next_dagrun for example_xcom_args to None, run_after=None
[2024-10-01T13:15:52.430+0000] {logging_mixin.py:188} INFO - [2024-10-01T13:15:52.429+0000] {dag.py:3823} INFO - Setting next_dagrun for example_xcom_args_with_operators to None, run_after=None
[2024-10-01T13:15:52.533+0000] {processor.py:183} INFO - Processing /home/airflow/.local/lib/python3.8/site-packages/airflow/example_dags/example_xcomargs.py took 0.160 seconds
[2024-10-01T13:16:22.733+0000] {processor.py:161} INFO - Started process (PID=264) to work on /home/airflow/.local/lib/python3.8/site-packages/airflow/example_dags/example_xcomargs.py
[2024-10-01T13:16:22.734+0000] {processor.py:830} INFO - Processing file /home/airflow/.local/lib/python3.8/site-packages/airflow/example_dags/example_xcomargs.py for tasks to queue
[2024-10-01T13:16:22.736+0000] {logging_mixin.py:188} INFO - [2024-10-01T13:16:22.736+0000] {dagbag.py:538} INFO - Filling up the DagBag from /home/airflow/.local/lib/python3.8/site-packages/airflow/example_dags/example_xcomargs.py
[2024-10-01T13:16:22.744+0000] {processor.py:840} INFO - DAG(s) 'example_xcom_args_with_operators', 'example_xcom_args' retrieved from /home/airflow/.local/lib/python3.8/site-packages/airflow/example_dags/example_xcomargs.py
[2024-10-01T13:16:22.840+0000] {logging_mixin.py:188} INFO - [2024-10-01T13:16:22.840+0000] {dag.py:3036} INFO - Sync 2 DAGs
[2024-10-01T13:16:22.855+0000] {logging_mixin.py:188} INFO - [2024-10-01T13:16:22.855+0000] {dag.py:3823} INFO - Setting next_dagrun for example_xcom_args to None, run_after=None
[2024-10-01T13:16:22.860+0000] {logging_mixin.py:188} INFO - [2024-10-01T13:16:22.859+0000] {dag.py:3823} INFO - Setting next_dagrun for example_xcom_args_with_operators to None, run_after=None
[2024-10-01T13:16:22.896+0000] {processor.py:183} INFO - Processing /home/airflow/.local/lib/python3.8/site-packages/airflow/example_dags/example_xcomargs.py took 0.166 seconds
[2024-10-01T13:16:53.083+0000] {processor.py:161} INFO - Started process (PID=320) to work on /home/airflow/.local/lib/python3.8/site-packages/airflow/example_dags/example_xcomargs.py
[2024-10-01T13:16:53.085+0000] {processor.py:830} INFO - Processing file /home/airflow/.local/lib/python3.8/site-packages/airflow/example_dags/example_xcomargs.py for tasks to queue
[2024-10-01T13:16:53.087+0000] {logging_mixin.py:188} INFO - [2024-10-01T13:16:53.087+0000] {dagbag.py:538} INFO - Filling up the DagBag from /home/airflow/.local/lib/python3.8/site-packages/airflow/example_dags/example_xcomargs.py
[2024-10-01T13:16:53.098+0000] {processor.py:840} INFO - DAG(s) 'example_xcom_args_with_operators', 'example_xcom_args' retrieved from /home/airflow/.local/lib/python3.8/site-packages/airflow/example_dags/example_xcomargs.py
[2024-10-01T13:16:53.127+0000] {logging_mixin.py:188} INFO - [2024-10-01T13:16:53.126+0000] {dag.py:3036} INFO - Sync 2 DAGs
[2024-10-01T13:16:53.142+0000] {logging_mixin.py:188} INFO - [2024-10-01T13:16:53.141+0000] {dag.py:3823} INFO - Setting next_dagrun for example_xcom_args to None, run_after=None
[2024-10-01T13:16:53.146+0000] {logging_mixin.py:188} INFO - [2024-10-01T13:16:53.146+0000] {dag.py:3823} INFO - Setting next_dagrun for example_xcom_args_with_operators to None, run_after=None
[2024-10-01T13:16:53.274+0000] {processor.py:183} INFO - Processing /home/airflow/.local/lib/python3.8/site-packages/airflow/example_dags/example_xcomargs.py took 0.195 seconds
[2024-10-01T13:17:23.515+0000] {processor.py:161} INFO - Started process (PID=376) to work on /home/airflow/.local/lib/python3.8/site-packages/airflow/example_dags/example_xcomargs.py
[2024-10-01T13:17:23.516+0000] {processor.py:830} INFO - Processing file /home/airflow/.local/lib/python3.8/site-packages/airflow/example_dags/example_xcomargs.py for tasks to queue
[2024-10-01T13:17:23.519+0000] {logging_mixin.py:188} INFO - [2024-10-01T13:17:23.518+0000] {dagbag.py:538} INFO - Filling up the DagBag from /home/airflow/.local/lib/python3.8/site-packages/airflow/example_dags/example_xcomargs.py
[2024-10-01T13:17:23.530+0000] {processor.py:840} INFO - DAG(s) 'example_xcom_args', 'example_xcom_args_with_operators' retrieved from /home/airflow/.local/lib/python3.8/site-packages/airflow/example_dags/example_xcomargs.py
[2024-10-01T13:17:23.562+0000] {logging_mixin.py:188} INFO - [2024-10-01T13:17:23.561+0000] {dag.py:3036} INFO - Sync 2 DAGs
[2024-10-01T13:17:23.578+0000] {logging_mixin.py:188} INFO - [2024-10-01T13:17:23.578+0000] {dag.py:3823} INFO - Setting next_dagrun for example_xcom_args to None, run_after=None
[2024-10-01T13:17:23.583+0000] {logging_mixin.py:188} INFO - [2024-10-01T13:17:23.583+0000] {dag.py:3823} INFO - Setting next_dagrun for example_xcom_args_with_operators to None, run_after=None
[2024-10-01T13:17:23.615+0000] {processor.py:183} INFO - Processing /home/airflow/.local/lib/python3.8/site-packages/airflow/example_dags/example_xcomargs.py took 0.104 seconds
[2024-10-01T13:17:54.630+0000] {processor.py:161} INFO - Started process (PID=432) to work on /home/airflow/.local/lib/python3.8/site-packages/airflow/example_dags/example_xcomargs.py
[2024-10-01T13:17:54.632+0000] {processor.py:830} INFO - Processing file /home/airflow/.local/lib/python3.8/site-packages/airflow/example_dags/example_xcomargs.py for tasks to queue
[2024-10-01T13:17:54.634+0000] {logging_mixin.py:188} INFO - [2024-10-01T13:17:54.634+0000] {dagbag.py:538} INFO - Filling up the DagBag from /home/airflow/.local/lib/python3.8/site-packages/airflow/example_dags/example_xcomargs.py
[2024-10-01T13:17:54.647+0000] {processor.py:840} INFO - DAG(s) 'example_xcom_args_with_operators', 'example_xcom_args' retrieved from /home/airflow/.local/lib/python3.8/site-packages/airflow/example_dags/example_xcomargs.py
[2024-10-01T13:17:54.680+0000] {logging_mixin.py:188} INFO - [2024-10-01T13:17:54.680+0000] {dag.py:3036} INFO - Sync 2 DAGs
[2024-10-01T13:17:54.701+0000] {logging_mixin.py:188} INFO - [2024-10-01T13:17:54.701+0000] {dag.py:3823} INFO - Setting next_dagrun for example_xcom_args to None, run_after=None
[2024-10-01T13:17:54.707+0000] {logging_mixin.py:188} INFO - [2024-10-01T13:17:54.707+0000] {dag.py:3823} INFO - Setting next_dagrun for example_xcom_args_with_operators to None, run_after=None
[2024-10-01T13:17:54.737+0000] {processor.py:183} INFO - Processing /home/airflow/.local/lib/python3.8/site-packages/airflow/example_dags/example_xcomargs.py took 0.110 seconds
[2024-10-01T13:18:24.777+0000] {processor.py:161} INFO - Started process (PID=487) to work on /home/airflow/.local/lib/python3.8/site-packages/airflow/example_dags/example_xcomargs.py
[2024-10-01T13:18:24.778+0000] {processor.py:830} INFO - Processing file /home/airflow/.local/lib/python3.8/site-packages/airflow/example_dags/example_xcomargs.py for tasks to queue
[2024-10-01T13:18:24.780+0000] {logging_mixin.py:188} INFO - [2024-10-01T13:18:24.780+0000] {dagbag.py:538} INFO - Filling up the DagBag from /home/airflow/.local/lib/python3.8/site-packages/airflow/example_dags/example_xcomargs.py
[2024-10-01T13:18:24.792+0000] {processor.py:840} INFO - DAG(s) 'example_xcom_args_with_operators', 'example_xcom_args' retrieved from /home/airflow/.local/lib/python3.8/site-packages/airflow/example_dags/example_xcomargs.py
[2024-10-01T13:18:24.817+0000] {logging_mixin.py:188} INFO - [2024-10-01T13:18:24.817+0000] {dag.py:3036} INFO - Sync 2 DAGs
[2024-10-01T13:18:24.838+0000] {logging_mixin.py:188} INFO - [2024-10-01T13:18:24.837+0000] {dag.py:3823} INFO - Setting next_dagrun for example_xcom_args to None, run_after=None
[2024-10-01T13:18:24.842+0000] {logging_mixin.py:188} INFO - [2024-10-01T13:18:24.842+0000] {dag.py:3823} INFO - Setting next_dagrun for example_xcom_args_with_operators to None, run_after=None
[2024-10-01T13:18:24.918+0000] {processor.py:183} INFO - Processing /home/airflow/.local/lib/python3.8/site-packages/airflow/example_dags/example_xcomargs.py took 0.144 seconds
[2024-10-01T13:18:55.168+0000] {processor.py:161} INFO - Started process (PID=543) to work on /home/airflow/.local/lib/python3.8/site-packages/airflow/example_dags/example_xcomargs.py
[2024-10-01T13:18:55.169+0000] {processor.py:830} INFO - Processing file /home/airflow/.local/lib/python3.8/site-packages/airflow/example_dags/example_xcomargs.py for tasks to queue
[2024-10-01T13:18:55.171+0000] {logging_mixin.py:188} INFO - [2024-10-01T13:18:55.170+0000] {dagbag.py:538} INFO - Filling up the DagBag from /home/airflow/.local/lib/python3.8/site-packages/airflow/example_dags/example_xcomargs.py
[2024-10-01T13:18:55.179+0000] {processor.py:840} INFO - DAG(s) 'example_xcom_args', 'example_xcom_args_with_operators' retrieved from /home/airflow/.local/lib/python3.8/site-packages/airflow/example_dags/example_xcomargs.py
[2024-10-01T13:18:55.207+0000] {logging_mixin.py:188} INFO - [2024-10-01T13:18:55.207+0000] {dag.py:3036} INFO - Sync 2 DAGs
[2024-10-01T13:18:55.225+0000] {logging_mixin.py:188} INFO - [2024-10-01T13:18:55.224+0000] {dag.py:3823} INFO - Setting next_dagrun for example_xcom_args to None, run_after=None
[2024-10-01T13:18:55.230+0000] {logging_mixin.py:188} INFO - [2024-10-01T13:18:55.229+0000] {dag.py:3823} INFO - Setting next_dagrun for example_xcom_args_with_operators to None, run_after=None
[2024-10-01T13:18:55.288+0000] {processor.py:183} INFO - Processing /home/airflow/.local/lib/python3.8/site-packages/airflow/example_dags/example_xcomargs.py took 0.123 seconds
[2024-10-01T13:19:26.198+0000] {processor.py:161} INFO - Started process (PID=600) to work on /home/airflow/.local/lib/python3.8/site-packages/airflow/example_dags/example_xcomargs.py
[2024-10-01T13:19:26.200+0000] {processor.py:830} INFO - Processing file /home/airflow/.local/lib/python3.8/site-packages/airflow/example_dags/example_xcomargs.py for tasks to queue
[2024-10-01T13:19:26.202+0000] {logging_mixin.py:188} INFO - [2024-10-01T13:19:26.202+0000] {dagbag.py:538} INFO - Filling up the DagBag from /home/airflow/.local/lib/python3.8/site-packages/airflow/example_dags/example_xcomargs.py
[2024-10-01T13:19:26.212+0000] {processor.py:840} INFO - DAG(s) 'example_xcom_args', 'example_xcom_args_with_operators' retrieved from /home/airflow/.local/lib/python3.8/site-packages/airflow/example_dags/example_xcomargs.py
[2024-10-01T13:19:26.244+0000] {logging_mixin.py:188} INFO - [2024-10-01T13:19:26.244+0000] {dag.py:3036} INFO - Sync 2 DAGs
[2024-10-01T13:19:26.263+0000] {logging_mixin.py:188} INFO - [2024-10-01T13:19:26.263+0000] {dag.py:3823} INFO - Setting next_dagrun for example_xcom_args to None, run_after=None
[2024-10-01T13:19:26.268+0000] {logging_mixin.py:188} INFO - [2024-10-01T13:19:26.268+0000] {dag.py:3823} INFO - Setting next_dagrun for example_xcom_args_with_operators to None, run_after=None
[2024-10-01T13:19:26.298+0000] {processor.py:183} INFO - Processing /home/airflow/.local/lib/python3.8/site-packages/airflow/example_dags/example_xcomargs.py took 0.103 seconds
[2024-10-01T13:19:56.361+0000] {processor.py:161} INFO - Started process (PID=655) to work on /home/airflow/.local/lib/python3.8/site-packages/airflow/example_dags/example_xcomargs.py
[2024-10-01T13:19:56.362+0000] {processor.py:830} INFO - Processing file /home/airflow/.local/lib/python3.8/site-packages/airflow/example_dags/example_xcomargs.py for tasks to queue
[2024-10-01T13:19:56.364+0000] {logging_mixin.py:188} INFO - [2024-10-01T13:19:56.364+0000] {dagbag.py:538} INFO - Filling up the DagBag from /home/airflow/.local/lib/python3.8/site-packages/airflow/example_dags/example_xcomargs.py
[2024-10-01T13:19:56.372+0000] {processor.py:840} INFO - DAG(s) 'example_xcom_args_with_operators', 'example_xcom_args' retrieved from /home/airflow/.local/lib/python3.8/site-packages/airflow/example_dags/example_xcomargs.py
[2024-10-01T13:19:56.398+0000] {logging_mixin.py:188} INFO - [2024-10-01T13:19:56.398+0000] {dag.py:3036} INFO - Sync 2 DAGs
[2024-10-01T13:19:56.412+0000] {logging_mixin.py:188} INFO - [2024-10-01T13:19:56.412+0000] {dag.py:3823} INFO - Setting next_dagrun for example_xcom_args to None, run_after=None
[2024-10-01T13:19:56.417+0000] {logging_mixin.py:188} INFO - [2024-10-01T13:19:56.417+0000] {dag.py:3823} INFO - Setting next_dagrun for example_xcom_args_with_operators to None, run_after=None
[2024-10-01T13:19:56.451+0000] {processor.py:183} INFO - Processing /home/airflow/.local/lib/python3.8/site-packages/airflow/example_dags/example_xcomargs.py took 0.094 seconds
[2024-10-01T13:20:27.609+0000] {processor.py:161} INFO - Started process (PID=712) to work on /home/airflow/.local/lib/python3.8/site-packages/airflow/example_dags/example_xcomargs.py
[2024-10-01T13:20:27.610+0000] {processor.py:830} INFO - Processing file /home/airflow/.local/lib/python3.8/site-packages/airflow/example_dags/example_xcomargs.py for tasks to queue
[2024-10-01T13:20:27.613+0000] {logging_mixin.py:188} INFO - [2024-10-01T13:20:27.612+0000] {dagbag.py:538} INFO - Filling up the DagBag from /home/airflow/.local/lib/python3.8/site-packages/airflow/example_dags/example_xcomargs.py
[2024-10-01T13:20:27.625+0000] {processor.py:840} INFO - DAG(s) 'example_xcom_args_with_operators', 'example_xcom_args' retrieved from /home/airflow/.local/lib/python3.8/site-packages/airflow/example_dags/example_xcomargs.py
[2024-10-01T13:20:27.652+0000] {logging_mixin.py:188} INFO - [2024-10-01T13:20:27.651+0000] {dag.py:3036} INFO - Sync 2 DAGs
[2024-10-01T13:20:27.670+0000] {logging_mixin.py:188} INFO - [2024-10-01T13:20:27.669+0000] {dag.py:3823} INFO - Setting next_dagrun for example_xcom_args to None, run_after=None
[2024-10-01T13:20:27.674+0000] {logging_mixin.py:188} INFO - [2024-10-01T13:20:27.674+0000] {dag.py:3823} INFO - Setting next_dagrun for example_xcom_args_with_operators to None, run_after=None
[2024-10-01T13:20:27.703+0000] {processor.py:183} INFO - Processing /home/airflow/.local/lib/python3.8/site-packages/airflow/example_dags/example_xcomargs.py took 0.097 seconds
[2024-10-01T13:20:58.701+0000] {processor.py:161} INFO - Started process (PID=768) to work on /home/airflow/.local/lib/python3.8/site-packages/airflow/example_dags/example_xcomargs.py
[2024-10-01T13:20:58.702+0000] {processor.py:830} INFO - Processing file /home/airflow/.local/lib/python3.8/site-packages/airflow/example_dags/example_xcomargs.py for tasks to queue
[2024-10-01T13:20:58.705+0000] {logging_mixin.py:188} INFO - [2024-10-01T13:20:58.704+0000] {dagbag.py:538} INFO - Filling up the DagBag from /home/airflow/.local/lib/python3.8/site-packages/airflow/example_dags/example_xcomargs.py
[2024-10-01T13:20:58.714+0000] {processor.py:840} INFO - DAG(s) 'example_xcom_args', 'example_xcom_args_with_operators' retrieved from /home/airflow/.local/lib/python3.8/site-packages/airflow/example_dags/example_xcomargs.py
[2024-10-01T13:20:58.747+0000] {logging_mixin.py:188} INFO - [2024-10-01T13:20:58.747+0000] {dag.py:3036} INFO - Sync 2 DAGs
[2024-10-01T13:20:58.766+0000] {logging_mixin.py:188} INFO - [2024-10-01T13:20:58.766+0000] {dag.py:3823} INFO - Setting next_dagrun for example_xcom_args to None, run_after=None
[2024-10-01T13:20:58.771+0000] {logging_mixin.py:188} INFO - [2024-10-01T13:20:58.771+0000] {dag.py:3823} INFO - Setting next_dagrun for example_xcom_args_with_operators to None, run_after=None
[2024-10-01T13:20:58.804+0000] {processor.py:183} INFO - Processing /home/airflow/.local/lib/python3.8/site-packages/airflow/example_dags/example_xcomargs.py took 0.107 seconds
[2024-10-01T13:21:29.532+0000] {processor.py:161} INFO - Started process (PID=824) to work on /home/airflow/.local/lib/python3.8/site-packages/airflow/example_dags/example_xcomargs.py
[2024-10-01T13:21:29.535+0000] {processor.py:830} INFO - Processing file /home/airflow/.local/lib/python3.8/site-packages/airflow/example_dags/example_xcomargs.py for tasks to queue
[2024-10-01T13:21:29.538+0000] {logging_mixin.py:188} INFO - [2024-10-01T13:21:29.537+0000] {dagbag.py:538} INFO - Filling up the DagBag from /home/airflow/.local/lib/python3.8/site-packages/airflow/example_dags/example_xcomargs.py
[2024-10-01T13:21:29.551+0000] {processor.py:840} INFO - DAG(s) 'example_xcom_args_with_operators', 'example_xcom_args' retrieved from /home/airflow/.local/lib/python3.8/site-packages/airflow/example_dags/example_xcomargs.py
[2024-10-01T13:21:29.673+0000] {logging_mixin.py:188} INFO - [2024-10-01T13:21:29.673+0000] {dag.py:3036} INFO - Sync 2 DAGs
[2024-10-01T13:21:29.703+0000] {logging_mixin.py:188} INFO - [2024-10-01T13:21:29.703+0000] {dag.py:3823} INFO - Setting next_dagrun for example_xcom_args to None, run_after=None
[2024-10-01T13:21:29.709+0000] {logging_mixin.py:188} INFO - [2024-10-01T13:21:29.709+0000] {dag.py:3823} INFO - Setting next_dagrun for example_xcom_args_with_operators to None, run_after=None
[2024-10-01T13:21:29.757+0000] {processor.py:183} INFO - Processing /home/airflow/.local/lib/python3.8/site-packages/airflow/example_dags/example_xcomargs.py took 0.230 seconds
[2024-10-01T13:22:00.477+0000] {processor.py:161} INFO - Started process (PID=880) to work on /home/airflow/.local/lib/python3.8/site-packages/airflow/example_dags/example_xcomargs.py
[2024-10-01T13:22:00.478+0000] {processor.py:830} INFO - Processing file /home/airflow/.local/lib/python3.8/site-packages/airflow/example_dags/example_xcomargs.py for tasks to queue
[2024-10-01T13:22:00.481+0000] {logging_mixin.py:188} INFO - [2024-10-01T13:22:00.481+0000] {dagbag.py:538} INFO - Filling up the DagBag from /home/airflow/.local/lib/python3.8/site-packages/airflow/example_dags/example_xcomargs.py
[2024-10-01T13:22:00.503+0000] {processor.py:840} INFO - DAG(s) 'example_xcom_args_with_operators', 'example_xcom_args' retrieved from /home/airflow/.local/lib/python3.8/site-packages/airflow/example_dags/example_xcomargs.py
[2024-10-01T13:22:00.541+0000] {logging_mixin.py:188} INFO - [2024-10-01T13:22:00.541+0000] {dag.py:3036} INFO - Sync 2 DAGs
[2024-10-01T13:22:00.564+0000] {logging_mixin.py:188} INFO - [2024-10-01T13:22:00.564+0000] {dag.py:3823} INFO - Setting next_dagrun for example_xcom_args to None, run_after=None
[2024-10-01T13:22:00.569+0000] {logging_mixin.py:188} INFO - [2024-10-01T13:22:00.569+0000] {dag.py:3823} INFO - Setting next_dagrun for example_xcom_args_with_operators to None, run_after=None
[2024-10-01T13:22:00.602+0000] {processor.py:183} INFO - Processing /home/airflow/.local/lib/python3.8/site-packages/airflow/example_dags/example_xcomargs.py took 0.130 seconds
[2024-10-01T13:22:31.108+0000] {processor.py:161} INFO - Started process (PID=936) to work on /home/airflow/.local/lib/python3.8/site-packages/airflow/example_dags/example_xcomargs.py
[2024-10-01T13:22:31.110+0000] {processor.py:830} INFO - Processing file /home/airflow/.local/lib/python3.8/site-packages/airflow/example_dags/example_xcomargs.py for tasks to queue
[2024-10-01T13:22:31.112+0000] {logging_mixin.py:188} INFO - [2024-10-01T13:22:31.111+0000] {dagbag.py:538} INFO - Filling up the DagBag from /home/airflow/.local/lib/python3.8/site-packages/airflow/example_dags/example_xcomargs.py
[2024-10-01T13:22:31.127+0000] {processor.py:840} INFO - DAG(s) 'example_xcom_args_with_operators', 'example_xcom_args' retrieved from /home/airflow/.local/lib/python3.8/site-packages/airflow/example_dags/example_xcomargs.py
[2024-10-01T13:22:31.163+0000] {logging_mixin.py:188} INFO - [2024-10-01T13:22:31.163+0000] {dag.py:3036} INFO - Sync 2 DAGs
[2024-10-01T13:22:31.193+0000] {logging_mixin.py:188} INFO - [2024-10-01T13:22:31.193+0000] {dag.py:3823} INFO - Setting next_dagrun for example_xcom_args to None, run_after=None
[2024-10-01T13:22:31.200+0000] {logging_mixin.py:188} INFO - [2024-10-01T13:22:31.199+0000] {dag.py:3823} INFO - Setting next_dagrun for example_xcom_args_with_operators to None, run_after=None
[2024-10-01T13:22:31.457+0000] {processor.py:183} INFO - Processing /home/airflow/.local/lib/python3.8/site-packages/airflow/example_dags/example_xcomargs.py took 0.353 seconds
[2024-10-01T13:23:01.854+0000] {processor.py:161} INFO - Started process (PID=992) to work on /home/airflow/.local/lib/python3.8/site-packages/airflow/example_dags/example_xcomargs.py
[2024-10-01T13:23:01.855+0000] {processor.py:830} INFO - Processing file /home/airflow/.local/lib/python3.8/site-packages/airflow/example_dags/example_xcomargs.py for tasks to queue
[2024-10-01T13:23:01.858+0000] {logging_mixin.py:188} INFO - [2024-10-01T13:23:01.858+0000] {dagbag.py:538} INFO - Filling up the DagBag from /home/airflow/.local/lib/python3.8/site-packages/airflow/example_dags/example_xcomargs.py
[2024-10-01T13:23:01.870+0000] {processor.py:840} INFO - DAG(s) 'example_xcom_args', 'example_xcom_args_with_operators' retrieved from /home/airflow/.local/lib/python3.8/site-packages/airflow/example_dags/example_xcomargs.py
[2024-10-01T13:23:01.911+0000] {logging_mixin.py:188} INFO - [2024-10-01T13:23:01.910+0000] {dag.py:3036} INFO - Sync 2 DAGs
[2024-10-01T13:23:01.937+0000] {logging_mixin.py:188} INFO - [2024-10-01T13:23:01.937+0000] {dag.py:3823} INFO - Setting next_dagrun for example_xcom_args to None, run_after=None
[2024-10-01T13:23:01.944+0000] {logging_mixin.py:188} INFO - [2024-10-01T13:23:01.944+0000] {dag.py:3823} INFO - Setting next_dagrun for example_xcom_args_with_operators to None, run_after=None
[2024-10-01T13:23:02.056+0000] {processor.py:183} INFO - Processing /home/airflow/.local/lib/python3.8/site-packages/airflow/example_dags/example_xcomargs.py took 0.208 seconds
[2024-10-01T13:23:32.118+0000] {processor.py:161} INFO - Started process (PID=1048) to work on /home/airflow/.local/lib/python3.8/site-packages/airflow/example_dags/example_xcomargs.py
[2024-10-01T13:23:32.121+0000] {processor.py:830} INFO - Processing file /home/airflow/.local/lib/python3.8/site-packages/airflow/example_dags/example_xcomargs.py for tasks to queue
[2024-10-01T13:23:32.127+0000] {logging_mixin.py:188} INFO - [2024-10-01T13:23:32.125+0000] {dagbag.py:538} INFO - Filling up the DagBag from /home/airflow/.local/lib/python3.8/site-packages/airflow/example_dags/example_xcomargs.py
[2024-10-01T13:23:32.144+0000] {processor.py:840} INFO - DAG(s) 'example_xcom_args_with_operators', 'example_xcom_args' retrieved from /home/airflow/.local/lib/python3.8/site-packages/airflow/example_dags/example_xcomargs.py
[2024-10-01T13:23:32.200+0000] {logging_mixin.py:188} INFO - [2024-10-01T13:23:32.199+0000] {dag.py:3036} INFO - Sync 2 DAGs
[2024-10-01T13:23:32.232+0000] {logging_mixin.py:188} INFO - [2024-10-01T13:23:32.231+0000] {dag.py:3823} INFO - Setting next_dagrun for example_xcom_args to None, run_after=None
[2024-10-01T13:23:32.237+0000] {logging_mixin.py:188} INFO - [2024-10-01T13:23:32.237+0000] {dag.py:3823} INFO - Setting next_dagrun for example_xcom_args_with_operators to None, run_after=None
[2024-10-01T13:23:32.301+0000] {processor.py:183} INFO - Processing /home/airflow/.local/lib/python3.8/site-packages/airflow/example_dags/example_xcomargs.py took 0.192 seconds
[2024-10-01T13:24:02.755+0000] {processor.py:161} INFO - Started process (PID=1104) to work on /home/airflow/.local/lib/python3.8/site-packages/airflow/example_dags/example_xcomargs.py
[2024-10-01T13:24:02.756+0000] {processor.py:830} INFO - Processing file /home/airflow/.local/lib/python3.8/site-packages/airflow/example_dags/example_xcomargs.py for tasks to queue
[2024-10-01T13:24:02.759+0000] {logging_mixin.py:188} INFO - [2024-10-01T13:24:02.758+0000] {dagbag.py:538} INFO - Filling up the DagBag from /home/airflow/.local/lib/python3.8/site-packages/airflow/example_dags/example_xcomargs.py
[2024-10-01T13:24:02.768+0000] {processor.py:840} INFO - DAG(s) 'example_xcom_args_with_operators', 'example_xcom_args' retrieved from /home/airflow/.local/lib/python3.8/site-packages/airflow/example_dags/example_xcomargs.py
[2024-10-01T13:24:02.797+0000] {logging_mixin.py:188} INFO - [2024-10-01T13:24:02.796+0000] {dag.py:3036} INFO - Sync 2 DAGs
[2024-10-01T13:24:02.811+0000] {logging_mixin.py:188} INFO - [2024-10-01T13:24:02.810+0000] {dag.py:3823} INFO - Setting next_dagrun for example_xcom_args to None, run_after=None
[2024-10-01T13:24:02.816+0000] {logging_mixin.py:188} INFO - [2024-10-01T13:24:02.816+0000] {dag.py:3823} INFO - Setting next_dagrun for example_xcom_args_with_operators to None, run_after=None
[2024-10-01T13:24:02.859+0000] {processor.py:183} INFO - Processing /home/airflow/.local/lib/python3.8/site-packages/airflow/example_dags/example_xcomargs.py took 0.108 seconds
[2024-10-01T13:24:33.210+0000] {processor.py:161} INFO - Started process (PID=1160) to work on /home/airflow/.local/lib/python3.8/site-packages/airflow/example_dags/example_xcomargs.py
[2024-10-01T13:24:33.212+0000] {processor.py:830} INFO - Processing file /home/airflow/.local/lib/python3.8/site-packages/airflow/example_dags/example_xcomargs.py for tasks to queue
[2024-10-01T13:24:33.215+0000] {logging_mixin.py:188} INFO - [2024-10-01T13:24:33.214+0000] {dagbag.py:538} INFO - Filling up the DagBag from /home/airflow/.local/lib/python3.8/site-packages/airflow/example_dags/example_xcomargs.py
[2024-10-01T13:24:33.229+0000] {processor.py:840} INFO - DAG(s) 'example_xcom_args', 'example_xcom_args_with_operators' retrieved from /home/airflow/.local/lib/python3.8/site-packages/airflow/example_dags/example_xcomargs.py
[2024-10-01T13:24:33.264+0000] {logging_mixin.py:188} INFO - [2024-10-01T13:24:33.264+0000] {dag.py:3036} INFO - Sync 2 DAGs
[2024-10-01T13:24:33.282+0000] {logging_mixin.py:188} INFO - [2024-10-01T13:24:33.282+0000] {dag.py:3823} INFO - Setting next_dagrun for example_xcom_args to None, run_after=None
[2024-10-01T13:24:33.291+0000] {logging_mixin.py:188} INFO - [2024-10-01T13:24:33.291+0000] {dag.py:3823} INFO - Setting next_dagrun for example_xcom_args_with_operators to None, run_after=None
[2024-10-01T13:24:33.366+0000] {processor.py:183} INFO - Processing /home/airflow/.local/lib/python3.8/site-packages/airflow/example_dags/example_xcomargs.py took 0.160 seconds
[2024-10-01T13:25:03.446+0000] {processor.py:161} INFO - Started process (PID=1216) to work on /home/airflow/.local/lib/python3.8/site-packages/airflow/example_dags/example_xcomargs.py
[2024-10-01T13:25:03.448+0000] {processor.py:830} INFO - Processing file /home/airflow/.local/lib/python3.8/site-packages/airflow/example_dags/example_xcomargs.py for tasks to queue
[2024-10-01T13:25:03.450+0000] {logging_mixin.py:188} INFO - [2024-10-01T13:25:03.450+0000] {dagbag.py:538} INFO - Filling up the DagBag from /home/airflow/.local/lib/python3.8/site-packages/airflow/example_dags/example_xcomargs.py
[2024-10-01T13:25:03.460+0000] {processor.py:840} INFO - DAG(s) 'example_xcom_args', 'example_xcom_args_with_operators' retrieved from /home/airflow/.local/lib/python3.8/site-packages/airflow/example_dags/example_xcomargs.py
[2024-10-01T13:25:03.497+0000] {logging_mixin.py:188} INFO - [2024-10-01T13:25:03.496+0000] {dag.py:3036} INFO - Sync 2 DAGs
[2024-10-01T13:25:03.520+0000] {logging_mixin.py:188} INFO - [2024-10-01T13:25:03.520+0000] {dag.py:3823} INFO - Setting next_dagrun for example_xcom_args to None, run_after=None
[2024-10-01T13:25:03.527+0000] {logging_mixin.py:188} INFO - [2024-10-01T13:25:03.527+0000] {dag.py:3823} INFO - Setting next_dagrun for example_xcom_args_with_operators to None, run_after=None
[2024-10-01T13:25:03.618+0000] {processor.py:183} INFO - Processing /home/airflow/.local/lib/python3.8/site-packages/airflow/example_dags/example_xcomargs.py took 0.175 seconds
[2024-10-01T13:25:34.217+0000] {processor.py:161} INFO - Started process (PID=1271) to work on /home/airflow/.local/lib/python3.8/site-packages/airflow/example_dags/example_xcomargs.py
[2024-10-01T13:25:34.222+0000] {processor.py:830} INFO - Processing file /home/airflow/.local/lib/python3.8/site-packages/airflow/example_dags/example_xcomargs.py for tasks to queue
[2024-10-01T13:25:34.230+0000] {logging_mixin.py:188} INFO - [2024-10-01T13:25:34.229+0000] {dagbag.py:538} INFO - Filling up the DagBag from /home/airflow/.local/lib/python3.8/site-packages/airflow/example_dags/example_xcomargs.py
[2024-10-01T13:25:34.257+0000] {processor.py:840} INFO - DAG(s) 'example_xcom_args', 'example_xcom_args_with_operators' retrieved from /home/airflow/.local/lib/python3.8/site-packages/airflow/example_dags/example_xcomargs.py
[2024-10-01T13:25:34.339+0000] {logging_mixin.py:188} INFO - [2024-10-01T13:25:34.338+0000] {dag.py:3036} INFO - Sync 2 DAGs
[2024-10-01T13:25:34.387+0000] {logging_mixin.py:188} INFO - [2024-10-01T13:25:34.385+0000] {dag.py:3823} INFO - Setting next_dagrun for example_xcom_args to None, run_after=None
[2024-10-01T13:25:34.405+0000] {logging_mixin.py:188} INFO - [2024-10-01T13:25:34.404+0000] {dag.py:3823} INFO - Setting next_dagrun for example_xcom_args_with_operators to None, run_after=None
[2024-10-01T13:25:34.510+0000] {processor.py:183} INFO - Processing /home/airflow/.local/lib/python3.8/site-packages/airflow/example_dags/example_xcomargs.py took 0.301 seconds
