[2024-10-01T13:14:24.657+0000] {processor.py:161} INFO - Started process (PID=77) to work on /home/airflow/.local/lib/python3.8/site-packages/airflow/example_dags/example_python_operator.py
[2024-10-01T13:14:24.708+0000] {processor.py:830} INFO - Processing file /home/airflow/.local/lib/python3.8/site-packages/airflow/example_dags/example_python_operator.py for tasks to queue
[2024-10-01T13:14:24.712+0000] {logging_mixin.py:188} INFO - [2024-10-01T13:14:24.712+0000] {dagbag.py:538} INFO - Filling up the DagBag from /home/airflow/.local/lib/python3.8/site-packages/airflow/example_dags/example_python_operator.py
[2024-10-01T13:14:27.249+0000] {processor.py:840} INFO - DAG(s) 'example_python_operator' retrieved from /home/airflow/.local/lib/python3.8/site-packages/airflow/example_dags/example_python_operator.py
[2024-10-01T13:14:29.978+0000] {logging_mixin.py:188} INFO - [2024-10-01T13:14:29.978+0000] {dag.py:3036} INFO - Sync 1 DAGs
[2024-10-01T13:14:30.424+0000] {logging_mixin.py:188} INFO - [2024-10-01T13:14:30.424+0000] {dag.py:3823} INFO - Setting next_dagrun for example_python_operator to None, run_after=None
[2024-10-01T13:14:33.369+0000] {processor.py:183} INFO - Processing /home/airflow/.local/lib/python3.8/site-packages/airflow/example_dags/example_python_operator.py took 8.723 seconds
[2024-10-01T13:15:03.563+0000] {processor.py:161} INFO - Started process (PID=133) to work on /home/airflow/.local/lib/python3.8/site-packages/airflow/example_dags/example_python_operator.py
[2024-10-01T13:15:03.565+0000] {processor.py:830} INFO - Processing file /home/airflow/.local/lib/python3.8/site-packages/airflow/example_dags/example_python_operator.py for tasks to queue
[2024-10-01T13:15:03.567+0000] {logging_mixin.py:188} INFO - [2024-10-01T13:15:03.567+0000] {dagbag.py:538} INFO - Filling up the DagBag from /home/airflow/.local/lib/python3.8/site-packages/airflow/example_dags/example_python_operator.py
[2024-10-01T13:15:03.581+0000] {processor.py:840} INFO - DAG(s) 'example_python_operator' retrieved from /home/airflow/.local/lib/python3.8/site-packages/airflow/example_dags/example_python_operator.py
[2024-10-01T13:15:03.610+0000] {logging_mixin.py:188} INFO - [2024-10-01T13:15:03.610+0000] {dag.py:3036} INFO - Sync 1 DAGs
[2024-10-01T13:15:03.630+0000] {logging_mixin.py:188} INFO - [2024-10-01T13:15:03.630+0000] {dag.py:3823} INFO - Setting next_dagrun for example_python_operator to None, run_after=None
[2024-10-01T13:15:03.669+0000] {processor.py:183} INFO - Processing /home/airflow/.local/lib/python3.8/site-packages/airflow/example_dags/example_python_operator.py took 0.110 seconds
[2024-10-01T13:15:33.965+0000] {processor.py:161} INFO - Started process (PID=189) to work on /home/airflow/.local/lib/python3.8/site-packages/airflow/example_dags/example_python_operator.py
[2024-10-01T13:15:33.967+0000] {processor.py:830} INFO - Processing file /home/airflow/.local/lib/python3.8/site-packages/airflow/example_dags/example_python_operator.py for tasks to queue
[2024-10-01T13:15:33.969+0000] {logging_mixin.py:188} INFO - [2024-10-01T13:15:33.968+0000] {dagbag.py:538} INFO - Filling up the DagBag from /home/airflow/.local/lib/python3.8/site-packages/airflow/example_dags/example_python_operator.py
[2024-10-01T13:15:33.979+0000] {processor.py:840} INFO - DAG(s) 'example_python_operator' retrieved from /home/airflow/.local/lib/python3.8/site-packages/airflow/example_dags/example_python_operator.py
[2024-10-01T13:15:34.004+0000] {logging_mixin.py:188} INFO - [2024-10-01T13:15:34.003+0000] {dag.py:3036} INFO - Sync 1 DAGs
[2024-10-01T13:15:34.017+0000] {logging_mixin.py:188} INFO - [2024-10-01T13:15:34.017+0000] {dag.py:3823} INFO - Setting next_dagrun for example_python_operator to None, run_after=None
[2024-10-01T13:15:34.059+0000] {processor.py:183} INFO - Processing /home/airflow/.local/lib/python3.8/site-packages/airflow/example_dags/example_python_operator.py took 0.097 seconds
[2024-10-01T13:16:04.109+0000] {processor.py:161} INFO - Started process (PID=245) to work on /home/airflow/.local/lib/python3.8/site-packages/airflow/example_dags/example_python_operator.py
[2024-10-01T13:16:04.110+0000] {processor.py:830} INFO - Processing file /home/airflow/.local/lib/python3.8/site-packages/airflow/example_dags/example_python_operator.py for tasks to queue
[2024-10-01T13:16:04.112+0000] {logging_mixin.py:188} INFO - [2024-10-01T13:16:04.112+0000] {dagbag.py:538} INFO - Filling up the DagBag from /home/airflow/.local/lib/python3.8/site-packages/airflow/example_dags/example_python_operator.py
[2024-10-01T13:16:04.123+0000] {processor.py:840} INFO - DAG(s) 'example_python_operator' retrieved from /home/airflow/.local/lib/python3.8/site-packages/airflow/example_dags/example_python_operator.py
[2024-10-01T13:16:04.145+0000] {logging_mixin.py:188} INFO - [2024-10-01T13:16:04.145+0000] {dag.py:3036} INFO - Sync 1 DAGs
[2024-10-01T13:16:04.166+0000] {logging_mixin.py:188} INFO - [2024-10-01T13:16:04.165+0000] {dag.py:3823} INFO - Setting next_dagrun for example_python_operator to None, run_after=None
[2024-10-01T13:16:04.209+0000] {processor.py:183} INFO - Processing /home/airflow/.local/lib/python3.8/site-packages/airflow/example_dags/example_python_operator.py took 0.103 seconds
[2024-10-01T13:16:34.653+0000] {processor.py:161} INFO - Started process (PID=301) to work on /home/airflow/.local/lib/python3.8/site-packages/airflow/example_dags/example_python_operator.py
[2024-10-01T13:16:34.655+0000] {processor.py:830} INFO - Processing file /home/airflow/.local/lib/python3.8/site-packages/airflow/example_dags/example_python_operator.py for tasks to queue
[2024-10-01T13:16:34.660+0000] {logging_mixin.py:188} INFO - [2024-10-01T13:16:34.660+0000] {dagbag.py:538} INFO - Filling up the DagBag from /home/airflow/.local/lib/python3.8/site-packages/airflow/example_dags/example_python_operator.py
[2024-10-01T13:16:34.679+0000] {processor.py:840} INFO - DAG(s) 'example_python_operator' retrieved from /home/airflow/.local/lib/python3.8/site-packages/airflow/example_dags/example_python_operator.py
[2024-10-01T13:16:34.709+0000] {logging_mixin.py:188} INFO - [2024-10-01T13:16:34.709+0000] {dag.py:3036} INFO - Sync 1 DAGs
[2024-10-01T13:16:34.724+0000] {logging_mixin.py:188} INFO - [2024-10-01T13:16:34.723+0000] {dag.py:3823} INFO - Setting next_dagrun for example_python_operator to None, run_after=None
[2024-10-01T13:16:34.760+0000] {processor.py:183} INFO - Processing /home/airflow/.local/lib/python3.8/site-packages/airflow/example_dags/example_python_operator.py took 0.112 seconds
[2024-10-01T13:17:05.198+0000] {processor.py:161} INFO - Started process (PID=363) to work on /home/airflow/.local/lib/python3.8/site-packages/airflow/example_dags/example_python_operator.py
[2024-10-01T13:17:05.199+0000] {processor.py:830} INFO - Processing file /home/airflow/.local/lib/python3.8/site-packages/airflow/example_dags/example_python_operator.py for tasks to queue
[2024-10-01T13:17:05.201+0000] {logging_mixin.py:188} INFO - [2024-10-01T13:17:05.200+0000] {dagbag.py:538} INFO - Filling up the DagBag from /home/airflow/.local/lib/python3.8/site-packages/airflow/example_dags/example_python_operator.py
[2024-10-01T13:17:05.211+0000] {processor.py:840} INFO - DAG(s) 'example_python_operator' retrieved from /home/airflow/.local/lib/python3.8/site-packages/airflow/example_dags/example_python_operator.py
[2024-10-01T13:17:05.235+0000] {logging_mixin.py:188} INFO - [2024-10-01T13:17:05.235+0000] {dag.py:3036} INFO - Sync 1 DAGs
[2024-10-01T13:17:05.250+0000] {logging_mixin.py:188} INFO - [2024-10-01T13:17:05.250+0000] {dag.py:3823} INFO - Setting next_dagrun for example_python_operator to None, run_after=None
[2024-10-01T13:17:05.339+0000] {processor.py:183} INFO - Processing /home/airflow/.local/lib/python3.8/site-packages/airflow/example_dags/example_python_operator.py took 0.144 seconds
[2024-10-01T13:17:35.394+0000] {processor.py:161} INFO - Started process (PID=418) to work on /home/airflow/.local/lib/python3.8/site-packages/airflow/example_dags/example_python_operator.py
[2024-10-01T13:17:35.396+0000] {processor.py:830} INFO - Processing file /home/airflow/.local/lib/python3.8/site-packages/airflow/example_dags/example_python_operator.py for tasks to queue
[2024-10-01T13:17:35.399+0000] {logging_mixin.py:188} INFO - [2024-10-01T13:17:35.398+0000] {dagbag.py:538} INFO - Filling up the DagBag from /home/airflow/.local/lib/python3.8/site-packages/airflow/example_dags/example_python_operator.py
[2024-10-01T13:17:35.419+0000] {processor.py:840} INFO - DAG(s) 'example_python_operator' retrieved from /home/airflow/.local/lib/python3.8/site-packages/airflow/example_dags/example_python_operator.py
[2024-10-01T13:17:35.456+0000] {logging_mixin.py:188} INFO - [2024-10-01T13:17:35.456+0000] {dag.py:3036} INFO - Sync 1 DAGs
[2024-10-01T13:17:35.481+0000] {logging_mixin.py:188} INFO - [2024-10-01T13:17:35.481+0000] {dag.py:3823} INFO - Setting next_dagrun for example_python_operator to None, run_after=None
[2024-10-01T13:17:35.526+0000] {processor.py:183} INFO - Processing /home/airflow/.local/lib/python3.8/site-packages/airflow/example_dags/example_python_operator.py took 0.140 seconds
[2024-10-01T13:18:05.583+0000] {processor.py:161} INFO - Started process (PID=473) to work on /home/airflow/.local/lib/python3.8/site-packages/airflow/example_dags/example_python_operator.py
[2024-10-01T13:18:05.584+0000] {processor.py:830} INFO - Processing file /home/airflow/.local/lib/python3.8/site-packages/airflow/example_dags/example_python_operator.py for tasks to queue
[2024-10-01T13:18:05.589+0000] {logging_mixin.py:188} INFO - [2024-10-01T13:18:05.588+0000] {dagbag.py:538} INFO - Filling up the DagBag from /home/airflow/.local/lib/python3.8/site-packages/airflow/example_dags/example_python_operator.py
[2024-10-01T13:18:05.604+0000] {processor.py:840} INFO - DAG(s) 'example_python_operator' retrieved from /home/airflow/.local/lib/python3.8/site-packages/airflow/example_dags/example_python_operator.py
[2024-10-01T13:18:05.635+0000] {logging_mixin.py:188} INFO - [2024-10-01T13:18:05.635+0000] {dag.py:3036} INFO - Sync 1 DAGs
[2024-10-01T13:18:05.650+0000] {logging_mixin.py:188} INFO - [2024-10-01T13:18:05.650+0000] {dag.py:3823} INFO - Setting next_dagrun for example_python_operator to None, run_after=None
[2024-10-01T13:18:05.687+0000] {processor.py:183} INFO - Processing /home/airflow/.local/lib/python3.8/site-packages/airflow/example_dags/example_python_operator.py took 0.108 seconds
[2024-10-01T13:18:35.849+0000] {processor.py:161} INFO - Started process (PID=528) to work on /home/airflow/.local/lib/python3.8/site-packages/airflow/example_dags/example_python_operator.py
[2024-10-01T13:18:35.850+0000] {processor.py:830} INFO - Processing file /home/airflow/.local/lib/python3.8/site-packages/airflow/example_dags/example_python_operator.py for tasks to queue
[2024-10-01T13:18:35.854+0000] {logging_mixin.py:188} INFO - [2024-10-01T13:18:35.853+0000] {dagbag.py:538} INFO - Filling up the DagBag from /home/airflow/.local/lib/python3.8/site-packages/airflow/example_dags/example_python_operator.py
[2024-10-01T13:18:35.869+0000] {processor.py:840} INFO - DAG(s) 'example_python_operator' retrieved from /home/airflow/.local/lib/python3.8/site-packages/airflow/example_dags/example_python_operator.py
[2024-10-01T13:18:35.901+0000] {logging_mixin.py:188} INFO - [2024-10-01T13:18:35.901+0000] {dag.py:3036} INFO - Sync 1 DAGs
[2024-10-01T13:18:35.919+0000] {logging_mixin.py:188} INFO - [2024-10-01T13:18:35.918+0000] {dag.py:3823} INFO - Setting next_dagrun for example_python_operator to None, run_after=None
[2024-10-01T13:18:35.971+0000] {processor.py:183} INFO - Processing /home/airflow/.local/lib/python3.8/site-packages/airflow/example_dags/example_python_operator.py took 0.127 seconds
[2024-10-01T13:19:06.434+0000] {processor.py:161} INFO - Started process (PID=582) to work on /home/airflow/.local/lib/python3.8/site-packages/airflow/example_dags/example_python_operator.py
[2024-10-01T13:19:06.436+0000] {processor.py:830} INFO - Processing file /home/airflow/.local/lib/python3.8/site-packages/airflow/example_dags/example_python_operator.py for tasks to queue
[2024-10-01T13:19:06.438+0000] {logging_mixin.py:188} INFO - [2024-10-01T13:19:06.438+0000] {dagbag.py:538} INFO - Filling up the DagBag from /home/airflow/.local/lib/python3.8/site-packages/airflow/example_dags/example_python_operator.py
[2024-10-01T13:19:06.453+0000] {processor.py:840} INFO - DAG(s) 'example_python_operator' retrieved from /home/airflow/.local/lib/python3.8/site-packages/airflow/example_dags/example_python_operator.py
[2024-10-01T13:19:06.488+0000] {logging_mixin.py:188} INFO - [2024-10-01T13:19:06.488+0000] {dag.py:3036} INFO - Sync 1 DAGs
[2024-10-01T13:19:06.507+0000] {logging_mixin.py:188} INFO - [2024-10-01T13:19:06.507+0000] {dag.py:3823} INFO - Setting next_dagrun for example_python_operator to None, run_after=None
[2024-10-01T13:19:06.550+0000] {processor.py:183} INFO - Processing /home/airflow/.local/lib/python3.8/site-packages/airflow/example_dags/example_python_operator.py took 0.120 seconds
[2024-10-01T13:19:36.627+0000] {processor.py:161} INFO - Started process (PID=636) to work on /home/airflow/.local/lib/python3.8/site-packages/airflow/example_dags/example_python_operator.py
[2024-10-01T13:19:36.628+0000] {processor.py:830} INFO - Processing file /home/airflow/.local/lib/python3.8/site-packages/airflow/example_dags/example_python_operator.py for tasks to queue
[2024-10-01T13:19:36.631+0000] {logging_mixin.py:188} INFO - [2024-10-01T13:19:36.630+0000] {dagbag.py:538} INFO - Filling up the DagBag from /home/airflow/.local/lib/python3.8/site-packages/airflow/example_dags/example_python_operator.py
[2024-10-01T13:19:36.645+0000] {processor.py:840} INFO - DAG(s) 'example_python_operator' retrieved from /home/airflow/.local/lib/python3.8/site-packages/airflow/example_dags/example_python_operator.py
[2024-10-01T13:19:36.676+0000] {logging_mixin.py:188} INFO - [2024-10-01T13:19:36.675+0000] {dag.py:3036} INFO - Sync 1 DAGs
[2024-10-01T13:19:36.694+0000] {logging_mixin.py:188} INFO - [2024-10-01T13:19:36.694+0000] {dag.py:3823} INFO - Setting next_dagrun for example_python_operator to None, run_after=None
[2024-10-01T13:19:36.727+0000] {processor.py:183} INFO - Processing /home/airflow/.local/lib/python3.8/site-packages/airflow/example_dags/example_python_operator.py took 0.109 seconds
[2024-10-01T13:20:07.293+0000] {processor.py:161} INFO - Started process (PID=688) to work on /home/airflow/.local/lib/python3.8/site-packages/airflow/example_dags/example_python_operator.py
[2024-10-01T13:20:07.295+0000] {processor.py:830} INFO - Processing file /home/airflow/.local/lib/python3.8/site-packages/airflow/example_dags/example_python_operator.py for tasks to queue
[2024-10-01T13:20:07.297+0000] {logging_mixin.py:188} INFO - [2024-10-01T13:20:07.297+0000] {dagbag.py:538} INFO - Filling up the DagBag from /home/airflow/.local/lib/python3.8/site-packages/airflow/example_dags/example_python_operator.py
[2024-10-01T13:20:07.308+0000] {processor.py:840} INFO - DAG(s) 'example_python_operator' retrieved from /home/airflow/.local/lib/python3.8/site-packages/airflow/example_dags/example_python_operator.py
[2024-10-01T13:20:07.335+0000] {logging_mixin.py:188} INFO - [2024-10-01T13:20:07.335+0000] {dag.py:3036} INFO - Sync 1 DAGs
[2024-10-01T13:20:07.349+0000] {logging_mixin.py:188} INFO - [2024-10-01T13:20:07.349+0000] {dag.py:3823} INFO - Setting next_dagrun for example_python_operator to None, run_after=None
[2024-10-01T13:20:07.376+0000] {processor.py:183} INFO - Processing /home/airflow/.local/lib/python3.8/site-packages/airflow/example_dags/example_python_operator.py took 0.088 seconds
[2024-10-01T13:20:37.819+0000] {processor.py:161} INFO - Started process (PID=744) to work on /home/airflow/.local/lib/python3.8/site-packages/airflow/example_dags/example_python_operator.py
[2024-10-01T13:20:37.821+0000] {processor.py:830} INFO - Processing file /home/airflow/.local/lib/python3.8/site-packages/airflow/example_dags/example_python_operator.py for tasks to queue
[2024-10-01T13:20:37.833+0000] {logging_mixin.py:188} INFO - [2024-10-01T13:20:37.833+0000] {dagbag.py:538} INFO - Filling up the DagBag from /home/airflow/.local/lib/python3.8/site-packages/airflow/example_dags/example_python_operator.py
[2024-10-01T13:20:37.864+0000] {processor.py:840} INFO - DAG(s) 'example_python_operator' retrieved from /home/airflow/.local/lib/python3.8/site-packages/airflow/example_dags/example_python_operator.py
[2024-10-01T13:20:37.913+0000] {logging_mixin.py:188} INFO - [2024-10-01T13:20:37.912+0000] {dag.py:3036} INFO - Sync 1 DAGs
[2024-10-01T13:20:37.935+0000] {logging_mixin.py:188} INFO - [2024-10-01T13:20:37.935+0000] {dag.py:3823} INFO - Setting next_dagrun for example_python_operator to None, run_after=None
[2024-10-01T13:20:37.974+0000] {processor.py:183} INFO - Processing /home/airflow/.local/lib/python3.8/site-packages/airflow/example_dags/example_python_operator.py took 0.172 seconds
[2024-10-01T13:21:08.040+0000] {processor.py:161} INFO - Started process (PID=800) to work on /home/airflow/.local/lib/python3.8/site-packages/airflow/example_dags/example_python_operator.py
[2024-10-01T13:21:08.041+0000] {processor.py:830} INFO - Processing file /home/airflow/.local/lib/python3.8/site-packages/airflow/example_dags/example_python_operator.py for tasks to queue
[2024-10-01T13:21:08.043+0000] {logging_mixin.py:188} INFO - [2024-10-01T13:21:08.043+0000] {dagbag.py:538} INFO - Filling up the DagBag from /home/airflow/.local/lib/python3.8/site-packages/airflow/example_dags/example_python_operator.py
[2024-10-01T13:21:08.055+0000] {processor.py:840} INFO - DAG(s) 'example_python_operator' retrieved from /home/airflow/.local/lib/python3.8/site-packages/airflow/example_dags/example_python_operator.py
[2024-10-01T13:21:08.078+0000] {logging_mixin.py:188} INFO - [2024-10-01T13:21:08.078+0000] {dag.py:3036} INFO - Sync 1 DAGs
[2024-10-01T13:21:08.092+0000] {logging_mixin.py:188} INFO - [2024-10-01T13:21:08.092+0000] {dag.py:3823} INFO - Setting next_dagrun for example_python_operator to None, run_after=None
[2024-10-01T13:21:08.124+0000] {processor.py:183} INFO - Processing /home/airflow/.local/lib/python3.8/site-packages/airflow/example_dags/example_python_operator.py took 0.087 seconds
[2024-10-01T13:21:38.826+0000] {processor.py:161} INFO - Started process (PID=856) to work on /home/airflow/.local/lib/python3.8/site-packages/airflow/example_dags/example_python_operator.py
[2024-10-01T13:21:38.827+0000] {processor.py:830} INFO - Processing file /home/airflow/.local/lib/python3.8/site-packages/airflow/example_dags/example_python_operator.py for tasks to queue
[2024-10-01T13:21:38.830+0000] {logging_mixin.py:188} INFO - [2024-10-01T13:21:38.829+0000] {dagbag.py:538} INFO - Filling up the DagBag from /home/airflow/.local/lib/python3.8/site-packages/airflow/example_dags/example_python_operator.py
[2024-10-01T13:21:38.842+0000] {processor.py:840} INFO - DAG(s) 'example_python_operator' retrieved from /home/airflow/.local/lib/python3.8/site-packages/airflow/example_dags/example_python_operator.py
[2024-10-01T13:21:38.873+0000] {logging_mixin.py:188} INFO - [2024-10-01T13:21:38.872+0000] {dag.py:3036} INFO - Sync 1 DAGs
[2024-10-01T13:21:38.892+0000] {logging_mixin.py:188} INFO - [2024-10-01T13:21:38.892+0000] {dag.py:3823} INFO - Setting next_dagrun for example_python_operator to None, run_after=None
[2024-10-01T13:21:38.926+0000] {processor.py:183} INFO - Processing /home/airflow/.local/lib/python3.8/site-packages/airflow/example_dags/example_python_operator.py took 0.105 seconds
[2024-10-01T13:22:09.846+0000] {processor.py:161} INFO - Started process (PID=912) to work on /home/airflow/.local/lib/python3.8/site-packages/airflow/example_dags/example_python_operator.py
[2024-10-01T13:22:09.848+0000] {processor.py:830} INFO - Processing file /home/airflow/.local/lib/python3.8/site-packages/airflow/example_dags/example_python_operator.py for tasks to queue
[2024-10-01T13:22:09.854+0000] {logging_mixin.py:188} INFO - [2024-10-01T13:22:09.853+0000] {dagbag.py:538} INFO - Filling up the DagBag from /home/airflow/.local/lib/python3.8/site-packages/airflow/example_dags/example_python_operator.py
[2024-10-01T13:22:09.888+0000] {processor.py:840} INFO - DAG(s) 'example_python_operator' retrieved from /home/airflow/.local/lib/python3.8/site-packages/airflow/example_dags/example_python_operator.py
[2024-10-01T13:22:09.937+0000] {logging_mixin.py:188} INFO - [2024-10-01T13:22:09.936+0000] {dag.py:3036} INFO - Sync 1 DAGs
[2024-10-01T13:22:09.966+0000] {logging_mixin.py:188} INFO - [2024-10-01T13:22:09.966+0000] {dag.py:3823} INFO - Setting next_dagrun for example_python_operator to None, run_after=None
[2024-10-01T13:22:10.053+0000] {processor.py:183} INFO - Processing /home/airflow/.local/lib/python3.8/site-packages/airflow/example_dags/example_python_operator.py took 0.216 seconds
[2024-10-01T13:22:43.363+0000] {processor.py:161} INFO - Started process (PID=967) to work on /home/airflow/.local/lib/python3.8/site-packages/airflow/example_dags/example_python_operator.py
[2024-10-01T13:22:43.364+0000] {processor.py:830} INFO - Processing file /home/airflow/.local/lib/python3.8/site-packages/airflow/example_dags/example_python_operator.py for tasks to queue
[2024-10-01T13:22:43.368+0000] {logging_mixin.py:188} INFO - [2024-10-01T13:22:43.368+0000] {dagbag.py:538} INFO - Filling up the DagBag from /home/airflow/.local/lib/python3.8/site-packages/airflow/example_dags/example_python_operator.py
[2024-10-01T13:22:43.412+0000] {processor.py:840} INFO - DAG(s) 'example_python_operator' retrieved from /home/airflow/.local/lib/python3.8/site-packages/airflow/example_dags/example_python_operator.py
[2024-10-01T13:22:43.497+0000] {logging_mixin.py:188} INFO - [2024-10-01T13:22:43.494+0000] {dag.py:3036} INFO - Sync 1 DAGs
[2024-10-01T13:22:43.551+0000] {logging_mixin.py:188} INFO - [2024-10-01T13:22:43.550+0000] {dag.py:3823} INFO - Setting next_dagrun for example_python_operator to None, run_after=None
[2024-10-01T13:22:43.676+0000] {processor.py:183} INFO - Processing /home/airflow/.local/lib/python3.8/site-packages/airflow/example_dags/example_python_operator.py took 0.321 seconds
[2024-10-01T13:23:14.695+0000] {processor.py:161} INFO - Started process (PID=1023) to work on /home/airflow/.local/lib/python3.8/site-packages/airflow/example_dags/example_python_operator.py
[2024-10-01T13:23:14.697+0000] {processor.py:830} INFO - Processing file /home/airflow/.local/lib/python3.8/site-packages/airflow/example_dags/example_python_operator.py for tasks to queue
[2024-10-01T13:23:14.699+0000] {logging_mixin.py:188} INFO - [2024-10-01T13:23:14.699+0000] {dagbag.py:538} INFO - Filling up the DagBag from /home/airflow/.local/lib/python3.8/site-packages/airflow/example_dags/example_python_operator.py
[2024-10-01T13:23:14.714+0000] {processor.py:840} INFO - DAG(s) 'example_python_operator' retrieved from /home/airflow/.local/lib/python3.8/site-packages/airflow/example_dags/example_python_operator.py
[2024-10-01T13:23:14.742+0000] {logging_mixin.py:188} INFO - [2024-10-01T13:23:14.742+0000] {dag.py:3036} INFO - Sync 1 DAGs
[2024-10-01T13:23:14.762+0000] {logging_mixin.py:188} INFO - [2024-10-01T13:23:14.762+0000] {dag.py:3823} INFO - Setting next_dagrun for example_python_operator to None, run_after=None
[2024-10-01T13:23:14.895+0000] {processor.py:183} INFO - Processing /home/airflow/.local/lib/python3.8/site-packages/airflow/example_dags/example_python_operator.py took 0.203 seconds
[2024-10-01T13:23:45.735+0000] {processor.py:161} INFO - Started process (PID=1079) to work on /home/airflow/.local/lib/python3.8/site-packages/airflow/example_dags/example_python_operator.py
[2024-10-01T13:23:45.738+0000] {processor.py:830} INFO - Processing file /home/airflow/.local/lib/python3.8/site-packages/airflow/example_dags/example_python_operator.py for tasks to queue
[2024-10-01T13:23:45.745+0000] {logging_mixin.py:188} INFO - [2024-10-01T13:23:45.744+0000] {dagbag.py:538} INFO - Filling up the DagBag from /home/airflow/.local/lib/python3.8/site-packages/airflow/example_dags/example_python_operator.py
[2024-10-01T13:23:45.764+0000] {processor.py:840} INFO - DAG(s) 'example_python_operator' retrieved from /home/airflow/.local/lib/python3.8/site-packages/airflow/example_dags/example_python_operator.py
[2024-10-01T13:23:45.813+0000] {logging_mixin.py:188} INFO - [2024-10-01T13:23:45.812+0000] {dag.py:3036} INFO - Sync 1 DAGs
[2024-10-01T13:23:45.841+0000] {logging_mixin.py:188} INFO - [2024-10-01T13:23:45.840+0000] {dag.py:3823} INFO - Setting next_dagrun for example_python_operator to None, run_after=None
[2024-10-01T13:23:46.008+0000] {processor.py:183} INFO - Processing /home/airflow/.local/lib/python3.8/site-packages/airflow/example_dags/example_python_operator.py took 0.281 seconds
[2024-10-01T13:24:16.576+0000] {processor.py:161} INFO - Started process (PID=1135) to work on /home/airflow/.local/lib/python3.8/site-packages/airflow/example_dags/example_python_operator.py
[2024-10-01T13:24:16.577+0000] {processor.py:830} INFO - Processing file /home/airflow/.local/lib/python3.8/site-packages/airflow/example_dags/example_python_operator.py for tasks to queue
[2024-10-01T13:24:16.580+0000] {logging_mixin.py:188} INFO - [2024-10-01T13:24:16.579+0000] {dagbag.py:538} INFO - Filling up the DagBag from /home/airflow/.local/lib/python3.8/site-packages/airflow/example_dags/example_python_operator.py
[2024-10-01T13:24:16.601+0000] {processor.py:840} INFO - DAG(s) 'example_python_operator' retrieved from /home/airflow/.local/lib/python3.8/site-packages/airflow/example_dags/example_python_operator.py
[2024-10-01T13:24:16.635+0000] {logging_mixin.py:188} INFO - [2024-10-01T13:24:16.634+0000] {dag.py:3036} INFO - Sync 1 DAGs
[2024-10-01T13:24:16.655+0000] {logging_mixin.py:188} INFO - [2024-10-01T13:24:16.654+0000] {dag.py:3823} INFO - Setting next_dagrun for example_python_operator to None, run_after=None
[2024-10-01T13:24:16.687+0000] {processor.py:183} INFO - Processing /home/airflow/.local/lib/python3.8/site-packages/airflow/example_dags/example_python_operator.py took 0.114 seconds
[2024-10-01T13:24:47.587+0000] {processor.py:161} INFO - Started process (PID=1191) to work on /home/airflow/.local/lib/python3.8/site-packages/airflow/example_dags/example_python_operator.py
[2024-10-01T13:24:47.589+0000] {processor.py:830} INFO - Processing file /home/airflow/.local/lib/python3.8/site-packages/airflow/example_dags/example_python_operator.py for tasks to queue
[2024-10-01T13:24:47.592+0000] {logging_mixin.py:188} INFO - [2024-10-01T13:24:47.592+0000] {dagbag.py:538} INFO - Filling up the DagBag from /home/airflow/.local/lib/python3.8/site-packages/airflow/example_dags/example_python_operator.py
[2024-10-01T13:24:47.614+0000] {processor.py:840} INFO - DAG(s) 'example_python_operator' retrieved from /home/airflow/.local/lib/python3.8/site-packages/airflow/example_dags/example_python_operator.py
[2024-10-01T13:24:47.664+0000] {logging_mixin.py:188} INFO - [2024-10-01T13:24:47.664+0000] {dag.py:3036} INFO - Sync 1 DAGs
[2024-10-01T13:24:47.702+0000] {logging_mixin.py:188} INFO - [2024-10-01T13:24:47.701+0000] {dag.py:3823} INFO - Setting next_dagrun for example_python_operator to None, run_after=None
[2024-10-01T13:24:47.789+0000] {processor.py:183} INFO - Processing /home/airflow/.local/lib/python3.8/site-packages/airflow/example_dags/example_python_operator.py took 0.206 seconds
[2024-10-01T13:25:18.521+0000] {processor.py:161} INFO - Started process (PID=1246) to work on /home/airflow/.local/lib/python3.8/site-packages/airflow/example_dags/example_python_operator.py
[2024-10-01T13:25:18.523+0000] {processor.py:830} INFO - Processing file /home/airflow/.local/lib/python3.8/site-packages/airflow/example_dags/example_python_operator.py for tasks to queue
[2024-10-01T13:25:18.528+0000] {logging_mixin.py:188} INFO - [2024-10-01T13:25:18.527+0000] {dagbag.py:538} INFO - Filling up the DagBag from /home/airflow/.local/lib/python3.8/site-packages/airflow/example_dags/example_python_operator.py
[2024-10-01T13:25:18.548+0000] {processor.py:840} INFO - DAG(s) 'example_python_operator' retrieved from /home/airflow/.local/lib/python3.8/site-packages/airflow/example_dags/example_python_operator.py
[2024-10-01T13:25:18.591+0000] {logging_mixin.py:188} INFO - [2024-10-01T13:25:18.589+0000] {dag.py:3036} INFO - Sync 1 DAGs
[2024-10-01T13:25:18.617+0000] {logging_mixin.py:188} INFO - [2024-10-01T13:25:18.617+0000] {dag.py:3823} INFO - Setting next_dagrun for example_python_operator to None, run_after=None
[2024-10-01T13:25:18.678+0000] {processor.py:183} INFO - Processing /home/airflow/.local/lib/python3.8/site-packages/airflow/example_dags/example_python_operator.py took 0.163 seconds
[2024-10-01T13:25:49.002+0000] {processor.py:161} INFO - Started process (PID=1302) to work on /home/airflow/.local/lib/python3.8/site-packages/airflow/example_dags/example_python_operator.py
[2024-10-01T13:25:49.008+0000] {processor.py:830} INFO - Processing file /home/airflow/.local/lib/python3.8/site-packages/airflow/example_dags/example_python_operator.py for tasks to queue
[2024-10-01T13:25:49.014+0000] {logging_mixin.py:188} INFO - [2024-10-01T13:25:49.013+0000] {dagbag.py:538} INFO - Filling up the DagBag from /home/airflow/.local/lib/python3.8/site-packages/airflow/example_dags/example_python_operator.py
[2024-10-01T13:25:49.069+0000] {processor.py:840} INFO - DAG(s) 'example_python_operator' retrieved from /home/airflow/.local/lib/python3.8/site-packages/airflow/example_dags/example_python_operator.py
[2024-10-01T13:25:49.187+0000] {logging_mixin.py:188} INFO - [2024-10-01T13:25:49.186+0000] {dag.py:3036} INFO - Sync 1 DAGs
[2024-10-01T13:25:49.272+0000] {logging_mixin.py:188} INFO - [2024-10-01T13:25:49.270+0000] {dag.py:3823} INFO - Setting next_dagrun for example_python_operator to None, run_after=None
[2024-10-01T13:25:49.547+0000] {processor.py:183} INFO - Processing /home/airflow/.local/lib/python3.8/site-packages/airflow/example_dags/example_python_operator.py took 0.558 seconds
