[2024-10-01T13:14:37.327+0000] {processor.py:161} INFO - Started process (PID=86) to work on /home/airflow/.local/lib/python3.8/site-packages/airflow/example_dags/example_datasets.py
[2024-10-01T13:14:37.603+0000] {processor.py:830} INFO - Processing file /home/airflow/.local/lib/python3.8/site-packages/airflow/example_dags/example_datasets.py for tasks to queue
[2024-10-01T13:14:37.754+0000] {logging_mixin.py:188} INFO - [2024-10-01T13:14:37.731+0000] {dagbag.py:538} INFO - Filling up the DagBag from /home/airflow/.local/lib/python3.8/site-packages/airflow/example_dags/example_datasets.py
[2024-10-01T13:14:38.280+0000] {processor.py:840} INFO - DAG(s) 'dataset_consumes_unknown_never_scheduled', 'dataset_consumes_1', 'dataset_produces_2', 'dataset_consumes_1_never_scheduled', 'dataset_produces_1', 'dataset_consumes_1_and_2' retrieved from /home/airflow/.local/lib/python3.8/site-packages/airflow/example_dags/example_datasets.py
[2024-10-01T13:14:40.401+0000] {logging_mixin.py:188} INFO - [2024-10-01T13:14:40.400+0000] {dag.py:3036} INFO - Sync 6 DAGs
[2024-10-01T13:14:41.012+0000] {logging_mixin.py:188} INFO - [2024-10-01T13:14:41.011+0000] {dag.py:3823} INFO - Setting next_dagrun for dataset_consumes_1 to None, run_after=None
[2024-10-01T13:14:41.018+0000] {logging_mixin.py:188} INFO - [2024-10-01T13:14:41.018+0000] {dag.py:3823} INFO - Setting next_dagrun for dataset_consumes_1_and_2 to None, run_after=None
[2024-10-01T13:14:41.022+0000] {logging_mixin.py:188} INFO - [2024-10-01T13:14:41.021+0000] {dag.py:3823} INFO - Setting next_dagrun for dataset_consumes_1_never_scheduled to None, run_after=None
[2024-10-01T13:14:41.025+0000] {logging_mixin.py:188} INFO - [2024-10-01T13:14:41.025+0000] {dag.py:3823} INFO - Setting next_dagrun for dataset_consumes_unknown_never_scheduled to None, run_after=None
[2024-10-01T13:14:41.030+0000] {logging_mixin.py:188} INFO - [2024-10-01T13:14:41.030+0000] {dag.py:3823} INFO - Setting next_dagrun for dataset_produces_1 to 2024-09-30 00:00:00+00:00, run_after=2024-10-01 00:00:00+00:00
[2024-10-01T13:14:41.033+0000] {logging_mixin.py:188} INFO - [2024-10-01T13:14:41.032+0000] {dag.py:3823} INFO - Setting next_dagrun for dataset_produces_2 to None, run_after=None
[2024-10-01T13:14:41.264+0000] {processor.py:183} INFO - Processing /home/airflow/.local/lib/python3.8/site-packages/airflow/example_dags/example_datasets.py took 4.615 seconds
[2024-10-01T13:15:11.774+0000] {processor.py:161} INFO - Started process (PID=142) to work on /home/airflow/.local/lib/python3.8/site-packages/airflow/example_dags/example_datasets.py
[2024-10-01T13:15:11.776+0000] {processor.py:830} INFO - Processing file /home/airflow/.local/lib/python3.8/site-packages/airflow/example_dags/example_datasets.py for tasks to queue
[2024-10-01T13:15:11.778+0000] {logging_mixin.py:188} INFO - [2024-10-01T13:15:11.778+0000] {dagbag.py:538} INFO - Filling up the DagBag from /home/airflow/.local/lib/python3.8/site-packages/airflow/example_dags/example_datasets.py
[2024-10-01T13:15:11.792+0000] {processor.py:840} INFO - DAG(s) 'dataset_produces_1', 'dataset_produces_2', 'dataset_consumes_1_never_scheduled', 'dataset_consumes_1_and_2', 'dataset_consumes_unknown_never_scheduled', 'dataset_consumes_1' retrieved from /home/airflow/.local/lib/python3.8/site-packages/airflow/example_dags/example_datasets.py
[2024-10-01T13:15:11.846+0000] {logging_mixin.py:188} INFO - [2024-10-01T13:15:11.845+0000] {dag.py:3036} INFO - Sync 6 DAGs
[2024-10-01T13:15:11.897+0000] {logging_mixin.py:188} INFO - [2024-10-01T13:15:11.896+0000] {dag.py:3823} INFO - Setting next_dagrun for dataset_consumes_1 to None, run_after=None
[2024-10-01T13:15:11.902+0000] {logging_mixin.py:188} INFO - [2024-10-01T13:15:11.902+0000] {dag.py:3823} INFO - Setting next_dagrun for dataset_consumes_1_and_2 to None, run_after=None
[2024-10-01T13:15:11.905+0000] {logging_mixin.py:188} INFO - [2024-10-01T13:15:11.905+0000] {dag.py:3823} INFO - Setting next_dagrun for dataset_consumes_1_never_scheduled to None, run_after=None
[2024-10-01T13:15:11.907+0000] {logging_mixin.py:188} INFO - [2024-10-01T13:15:11.907+0000] {dag.py:3823} INFO - Setting next_dagrun for dataset_consumes_unknown_never_scheduled to None, run_after=None
[2024-10-01T13:15:11.911+0000] {logging_mixin.py:188} INFO - [2024-10-01T13:15:11.911+0000] {dag.py:3823} INFO - Setting next_dagrun for dataset_produces_1 to 2024-09-30 00:00:00+00:00, run_after=2024-10-01 00:00:00+00:00
[2024-10-01T13:15:11.913+0000] {logging_mixin.py:188} INFO - [2024-10-01T13:15:11.913+0000] {dag.py:3823} INFO - Setting next_dagrun for dataset_produces_2 to None, run_after=None
[2024-10-01T13:15:11.973+0000] {processor.py:183} INFO - Processing /home/airflow/.local/lib/python3.8/site-packages/airflow/example_dags/example_datasets.py took 0.202 seconds
[2024-10-01T13:15:42.477+0000] {processor.py:161} INFO - Started process (PID=198) to work on /home/airflow/.local/lib/python3.8/site-packages/airflow/example_dags/example_datasets.py
[2024-10-01T13:15:42.478+0000] {processor.py:830} INFO - Processing file /home/airflow/.local/lib/python3.8/site-packages/airflow/example_dags/example_datasets.py for tasks to queue
[2024-10-01T13:15:42.480+0000] {logging_mixin.py:188} INFO - [2024-10-01T13:15:42.479+0000] {dagbag.py:538} INFO - Filling up the DagBag from /home/airflow/.local/lib/python3.8/site-packages/airflow/example_dags/example_datasets.py
[2024-10-01T13:15:42.489+0000] {processor.py:840} INFO - DAG(s) 'dataset_consumes_1_and_2', 'dataset_consumes_1', 'dataset_consumes_unknown_never_scheduled', 'dataset_produces_1', 'dataset_consumes_1_never_scheduled', 'dataset_produces_2' retrieved from /home/airflow/.local/lib/python3.8/site-packages/airflow/example_dags/example_datasets.py
[2024-10-01T13:15:42.527+0000] {logging_mixin.py:188} INFO - [2024-10-01T13:15:42.527+0000] {dag.py:3036} INFO - Sync 6 DAGs
[2024-10-01T13:15:42.550+0000] {logging_mixin.py:188} INFO - [2024-10-01T13:15:42.550+0000] {dag.py:3823} INFO - Setting next_dagrun for dataset_consumes_1 to None, run_after=None
[2024-10-01T13:15:42.555+0000] {logging_mixin.py:188} INFO - [2024-10-01T13:15:42.555+0000] {dag.py:3823} INFO - Setting next_dagrun for dataset_consumes_1_and_2 to None, run_after=None
[2024-10-01T13:15:42.557+0000] {logging_mixin.py:188} INFO - [2024-10-01T13:15:42.557+0000] {dag.py:3823} INFO - Setting next_dagrun for dataset_consumes_1_never_scheduled to None, run_after=None
[2024-10-01T13:15:42.559+0000] {logging_mixin.py:188} INFO - [2024-10-01T13:15:42.559+0000] {dag.py:3823} INFO - Setting next_dagrun for dataset_consumes_unknown_never_scheduled to None, run_after=None
[2024-10-01T13:15:42.563+0000] {logging_mixin.py:188} INFO - [2024-10-01T13:15:42.563+0000] {dag.py:3823} INFO - Setting next_dagrun for dataset_produces_1 to 2024-09-30 00:00:00+00:00, run_after=2024-10-01 00:00:00+00:00
[2024-10-01T13:15:42.565+0000] {logging_mixin.py:188} INFO - [2024-10-01T13:15:42.565+0000] {dag.py:3823} INFO - Setting next_dagrun for dataset_produces_2 to None, run_after=None
[2024-10-01T13:15:42.614+0000] {processor.py:183} INFO - Processing /home/airflow/.local/lib/python3.8/site-packages/airflow/example_dags/example_datasets.py took 0.140 seconds
[2024-10-01T13:16:12.735+0000] {processor.py:161} INFO - Started process (PID=254) to work on /home/airflow/.local/lib/python3.8/site-packages/airflow/example_dags/example_datasets.py
[2024-10-01T13:16:12.737+0000] {processor.py:830} INFO - Processing file /home/airflow/.local/lib/python3.8/site-packages/airflow/example_dags/example_datasets.py for tasks to queue
[2024-10-01T13:16:12.738+0000] {logging_mixin.py:188} INFO - [2024-10-01T13:16:12.738+0000] {dagbag.py:538} INFO - Filling up the DagBag from /home/airflow/.local/lib/python3.8/site-packages/airflow/example_dags/example_datasets.py
[2024-10-01T13:16:12.748+0000] {processor.py:840} INFO - DAG(s) 'dataset_produces_1', 'dataset_consumes_1_never_scheduled', 'dataset_consumes_1_and_2', 'dataset_consumes_unknown_never_scheduled', 'dataset_produces_2', 'dataset_consumes_1' retrieved from /home/airflow/.local/lib/python3.8/site-packages/airflow/example_dags/example_datasets.py
[2024-10-01T13:16:12.786+0000] {logging_mixin.py:188} INFO - [2024-10-01T13:16:12.786+0000] {dag.py:3036} INFO - Sync 6 DAGs
[2024-10-01T13:16:12.811+0000] {logging_mixin.py:188} INFO - [2024-10-01T13:16:12.811+0000] {dag.py:3823} INFO - Setting next_dagrun for dataset_consumes_1 to None, run_after=None
[2024-10-01T13:16:12.815+0000] {logging_mixin.py:188} INFO - [2024-10-01T13:16:12.815+0000] {dag.py:3823} INFO - Setting next_dagrun for dataset_consumes_1_and_2 to None, run_after=None
[2024-10-01T13:16:12.817+0000] {logging_mixin.py:188} INFO - [2024-10-01T13:16:12.817+0000] {dag.py:3823} INFO - Setting next_dagrun for dataset_consumes_1_never_scheduled to None, run_after=None
[2024-10-01T13:16:12.819+0000] {logging_mixin.py:188} INFO - [2024-10-01T13:16:12.819+0000] {dag.py:3823} INFO - Setting next_dagrun for dataset_consumes_unknown_never_scheduled to None, run_after=None
[2024-10-01T13:16:12.823+0000] {logging_mixin.py:188} INFO - [2024-10-01T13:16:12.823+0000] {dag.py:3823} INFO - Setting next_dagrun for dataset_produces_1 to 2024-09-30 00:00:00+00:00, run_after=2024-10-01 00:00:00+00:00
[2024-10-01T13:16:12.825+0000] {logging_mixin.py:188} INFO - [2024-10-01T13:16:12.825+0000] {dag.py:3823} INFO - Setting next_dagrun for dataset_produces_2 to None, run_after=None
[2024-10-01T13:16:12.870+0000] {processor.py:183} INFO - Processing /home/airflow/.local/lib/python3.8/site-packages/airflow/example_dags/example_datasets.py took 0.138 seconds
[2024-10-01T13:16:42.966+0000] {processor.py:161} INFO - Started process (PID=310) to work on /home/airflow/.local/lib/python3.8/site-packages/airflow/example_dags/example_datasets.py
[2024-10-01T13:16:42.967+0000] {processor.py:830} INFO - Processing file /home/airflow/.local/lib/python3.8/site-packages/airflow/example_dags/example_datasets.py for tasks to queue
[2024-10-01T13:16:42.969+0000] {logging_mixin.py:188} INFO - [2024-10-01T13:16:42.969+0000] {dagbag.py:538} INFO - Filling up the DagBag from /home/airflow/.local/lib/python3.8/site-packages/airflow/example_dags/example_datasets.py
[2024-10-01T13:16:42.978+0000] {processor.py:840} INFO - DAG(s) 'dataset_produces_2', 'dataset_consumes_1_never_scheduled', 'dataset_consumes_1_and_2', 'dataset_produces_1', 'dataset_consumes_unknown_never_scheduled', 'dataset_consumes_1' retrieved from /home/airflow/.local/lib/python3.8/site-packages/airflow/example_dags/example_datasets.py
[2024-10-01T13:16:43.017+0000] {logging_mixin.py:188} INFO - [2024-10-01T13:16:43.017+0000] {dag.py:3036} INFO - Sync 6 DAGs
[2024-10-01T13:16:43.043+0000] {logging_mixin.py:188} INFO - [2024-10-01T13:16:43.043+0000] {dag.py:3823} INFO - Setting next_dagrun for dataset_consumes_1 to None, run_after=None
[2024-10-01T13:16:43.047+0000] {logging_mixin.py:188} INFO - [2024-10-01T13:16:43.047+0000] {dag.py:3823} INFO - Setting next_dagrun for dataset_consumes_1_and_2 to None, run_after=None
[2024-10-01T13:16:43.049+0000] {logging_mixin.py:188} INFO - [2024-10-01T13:16:43.049+0000] {dag.py:3823} INFO - Setting next_dagrun for dataset_consumes_1_never_scheduled to None, run_after=None
[2024-10-01T13:16:43.051+0000] {logging_mixin.py:188} INFO - [2024-10-01T13:16:43.051+0000] {dag.py:3823} INFO - Setting next_dagrun for dataset_consumes_unknown_never_scheduled to None, run_after=None
[2024-10-01T13:16:43.055+0000] {logging_mixin.py:188} INFO - [2024-10-01T13:16:43.055+0000] {dag.py:3823} INFO - Setting next_dagrun for dataset_produces_1 to 2024-09-30 00:00:00+00:00, run_after=2024-10-01 00:00:00+00:00
[2024-10-01T13:16:43.057+0000] {logging_mixin.py:188} INFO - [2024-10-01T13:16:43.057+0000] {dag.py:3823} INFO - Setting next_dagrun for dataset_produces_2 to None, run_after=None
[2024-10-01T13:16:43.109+0000] {processor.py:183} INFO - Processing /home/airflow/.local/lib/python3.8/site-packages/airflow/example_dags/example_datasets.py took 0.147 seconds
[2024-10-01T13:17:13.438+0000] {processor.py:161} INFO - Started process (PID=366) to work on /home/airflow/.local/lib/python3.8/site-packages/airflow/example_dags/example_datasets.py
[2024-10-01T13:17:13.440+0000] {processor.py:830} INFO - Processing file /home/airflow/.local/lib/python3.8/site-packages/airflow/example_dags/example_datasets.py for tasks to queue
[2024-10-01T13:17:13.470+0000] {logging_mixin.py:188} INFO - [2024-10-01T13:17:13.469+0000] {dagbag.py:538} INFO - Filling up the DagBag from /home/airflow/.local/lib/python3.8/site-packages/airflow/example_dags/example_datasets.py
[2024-10-01T13:17:13.481+0000] {processor.py:840} INFO - DAG(s) 'dataset_consumes_1_never_scheduled', 'dataset_produces_1', 'dataset_consumes_1_and_2', 'dataset_consumes_unknown_never_scheduled', 'dataset_consumes_1', 'dataset_produces_2' retrieved from /home/airflow/.local/lib/python3.8/site-packages/airflow/example_dags/example_datasets.py
[2024-10-01T13:17:13.539+0000] {logging_mixin.py:188} INFO - [2024-10-01T13:17:13.539+0000] {dag.py:3036} INFO - Sync 6 DAGs
[2024-10-01T13:17:13.572+0000] {logging_mixin.py:188} INFO - [2024-10-01T13:17:13.572+0000] {dag.py:3823} INFO - Setting next_dagrun for dataset_consumes_1 to None, run_after=None
[2024-10-01T13:17:13.577+0000] {logging_mixin.py:188} INFO - [2024-10-01T13:17:13.577+0000] {dag.py:3823} INFO - Setting next_dagrun for dataset_consumes_1_and_2 to None, run_after=None
[2024-10-01T13:17:13.579+0000] {logging_mixin.py:188} INFO - [2024-10-01T13:17:13.579+0000] {dag.py:3823} INFO - Setting next_dagrun for dataset_consumes_1_never_scheduled to None, run_after=None
[2024-10-01T13:17:13.582+0000] {logging_mixin.py:188} INFO - [2024-10-01T13:17:13.582+0000] {dag.py:3823} INFO - Setting next_dagrun for dataset_consumes_unknown_never_scheduled to None, run_after=None
[2024-10-01T13:17:13.587+0000] {logging_mixin.py:188} INFO - [2024-10-01T13:17:13.587+0000] {dag.py:3823} INFO - Setting next_dagrun for dataset_produces_1 to 2024-09-30 00:00:00+00:00, run_after=2024-10-01 00:00:00+00:00
[2024-10-01T13:17:13.589+0000] {logging_mixin.py:188} INFO - [2024-10-01T13:17:13.589+0000] {dag.py:3823} INFO - Setting next_dagrun for dataset_produces_2 to None, run_after=None
[2024-10-01T13:17:13.650+0000] {processor.py:183} INFO - Processing /home/airflow/.local/lib/python3.8/site-packages/airflow/example_dags/example_datasets.py took 0.216 seconds
[2024-10-01T13:17:43.800+0000] {processor.py:161} INFO - Started process (PID=422) to work on /home/airflow/.local/lib/python3.8/site-packages/airflow/example_dags/example_datasets.py
[2024-10-01T13:17:43.802+0000] {processor.py:830} INFO - Processing file /home/airflow/.local/lib/python3.8/site-packages/airflow/example_dags/example_datasets.py for tasks to queue
[2024-10-01T13:17:43.805+0000] {logging_mixin.py:188} INFO - [2024-10-01T13:17:43.804+0000] {dagbag.py:538} INFO - Filling up the DagBag from /home/airflow/.local/lib/python3.8/site-packages/airflow/example_dags/example_datasets.py
[2024-10-01T13:17:43.819+0000] {processor.py:840} INFO - DAG(s) 'dataset_produces_2', 'dataset_consumes_1', 'dataset_produces_1', 'dataset_consumes_unknown_never_scheduled', 'dataset_consumes_1_and_2', 'dataset_consumes_1_never_scheduled' retrieved from /home/airflow/.local/lib/python3.8/site-packages/airflow/example_dags/example_datasets.py
[2024-10-01T13:17:43.870+0000] {logging_mixin.py:188} INFO - [2024-10-01T13:17:43.869+0000] {dag.py:3036} INFO - Sync 6 DAGs
[2024-10-01T13:17:43.903+0000] {logging_mixin.py:188} INFO - [2024-10-01T13:17:43.902+0000] {dag.py:3823} INFO - Setting next_dagrun for dataset_consumes_1 to None, run_after=None
[2024-10-01T13:17:43.908+0000] {logging_mixin.py:188} INFO - [2024-10-01T13:17:43.908+0000] {dag.py:3823} INFO - Setting next_dagrun for dataset_consumes_1_and_2 to None, run_after=None
[2024-10-01T13:17:43.910+0000] {logging_mixin.py:188} INFO - [2024-10-01T13:17:43.910+0000] {dag.py:3823} INFO - Setting next_dagrun for dataset_consumes_1_never_scheduled to None, run_after=None
[2024-10-01T13:17:43.912+0000] {logging_mixin.py:188} INFO - [2024-10-01T13:17:43.912+0000] {dag.py:3823} INFO - Setting next_dagrun for dataset_consumes_unknown_never_scheduled to None, run_after=None
[2024-10-01T13:17:43.916+0000] {logging_mixin.py:188} INFO - [2024-10-01T13:17:43.916+0000] {dag.py:3823} INFO - Setting next_dagrun for dataset_produces_1 to 2024-09-30 00:00:00+00:00, run_after=2024-10-01 00:00:00+00:00
[2024-10-01T13:17:43.919+0000] {logging_mixin.py:188} INFO - [2024-10-01T13:17:43.918+0000] {dag.py:3823} INFO - Setting next_dagrun for dataset_produces_2 to None, run_after=None
[2024-10-01T13:17:43.972+0000] {processor.py:183} INFO - Processing /home/airflow/.local/lib/python3.8/site-packages/airflow/example_dags/example_datasets.py took 0.175 seconds
[2024-10-01T13:18:14.147+0000] {processor.py:161} INFO - Started process (PID=478) to work on /home/airflow/.local/lib/python3.8/site-packages/airflow/example_dags/example_datasets.py
[2024-10-01T13:18:14.148+0000] {processor.py:830} INFO - Processing file /home/airflow/.local/lib/python3.8/site-packages/airflow/example_dags/example_datasets.py for tasks to queue
[2024-10-01T13:18:14.150+0000] {logging_mixin.py:188} INFO - [2024-10-01T13:18:14.149+0000] {dagbag.py:538} INFO - Filling up the DagBag from /home/airflow/.local/lib/python3.8/site-packages/airflow/example_dags/example_datasets.py
[2024-10-01T13:18:14.166+0000] {processor.py:840} INFO - DAG(s) 'dataset_consumes_unknown_never_scheduled', 'dataset_consumes_1_and_2', 'dataset_consumes_1_never_scheduled', 'dataset_produces_2', 'dataset_produces_1', 'dataset_consumes_1' retrieved from /home/airflow/.local/lib/python3.8/site-packages/airflow/example_dags/example_datasets.py
[2024-10-01T13:18:14.218+0000] {logging_mixin.py:188} INFO - [2024-10-01T13:18:14.218+0000] {dag.py:3036} INFO - Sync 6 DAGs
[2024-10-01T13:18:14.249+0000] {logging_mixin.py:188} INFO - [2024-10-01T13:18:14.249+0000] {dag.py:3823} INFO - Setting next_dagrun for dataset_consumes_1 to None, run_after=None
[2024-10-01T13:18:14.256+0000] {logging_mixin.py:188} INFO - [2024-10-01T13:18:14.256+0000] {dag.py:3823} INFO - Setting next_dagrun for dataset_consumes_1_and_2 to None, run_after=None
[2024-10-01T13:18:14.259+0000] {logging_mixin.py:188} INFO - [2024-10-01T13:18:14.259+0000] {dag.py:3823} INFO - Setting next_dagrun for dataset_consumes_1_never_scheduled to None, run_after=None
[2024-10-01T13:18:14.261+0000] {logging_mixin.py:188} INFO - [2024-10-01T13:18:14.261+0000] {dag.py:3823} INFO - Setting next_dagrun for dataset_consumes_unknown_never_scheduled to None, run_after=None
[2024-10-01T13:18:14.266+0000] {logging_mixin.py:188} INFO - [2024-10-01T13:18:14.266+0000] {dag.py:3823} INFO - Setting next_dagrun for dataset_produces_1 to 2024-09-30 00:00:00+00:00, run_after=2024-10-01 00:00:00+00:00
[2024-10-01T13:18:14.268+0000] {logging_mixin.py:188} INFO - [2024-10-01T13:18:14.268+0000] {dag.py:3823} INFO - Setting next_dagrun for dataset_produces_2 to None, run_after=None
[2024-10-01T13:18:15.069+0000] {processor.py:183} INFO - Processing /home/airflow/.local/lib/python3.8/site-packages/airflow/example_dags/example_datasets.py took 0.926 seconds
[2024-10-01T13:18:45.618+0000] {processor.py:161} INFO - Started process (PID=534) to work on /home/airflow/.local/lib/python3.8/site-packages/airflow/example_dags/example_datasets.py
[2024-10-01T13:18:45.620+0000] {processor.py:830} INFO - Processing file /home/airflow/.local/lib/python3.8/site-packages/airflow/example_dags/example_datasets.py for tasks to queue
[2024-10-01T13:18:45.623+0000] {logging_mixin.py:188} INFO - [2024-10-01T13:18:45.623+0000] {dagbag.py:538} INFO - Filling up the DagBag from /home/airflow/.local/lib/python3.8/site-packages/airflow/example_dags/example_datasets.py
[2024-10-01T13:18:45.633+0000] {processor.py:840} INFO - DAG(s) 'dataset_consumes_1_and_2', 'dataset_produces_2', 'dataset_consumes_1', 'dataset_consumes_1_never_scheduled', 'dataset_produces_1', 'dataset_consumes_unknown_never_scheduled' retrieved from /home/airflow/.local/lib/python3.8/site-packages/airflow/example_dags/example_datasets.py
[2024-10-01T13:18:45.681+0000] {logging_mixin.py:188} INFO - [2024-10-01T13:18:45.680+0000] {dag.py:3036} INFO - Sync 6 DAGs
[2024-10-01T13:18:45.714+0000] {logging_mixin.py:188} INFO - [2024-10-01T13:18:45.714+0000] {dag.py:3823} INFO - Setting next_dagrun for dataset_consumes_1 to None, run_after=None
[2024-10-01T13:18:45.720+0000] {logging_mixin.py:188} INFO - [2024-10-01T13:18:45.720+0000] {dag.py:3823} INFO - Setting next_dagrun for dataset_consumes_1_and_2 to None, run_after=None
[2024-10-01T13:18:45.724+0000] {logging_mixin.py:188} INFO - [2024-10-01T13:18:45.724+0000] {dag.py:3823} INFO - Setting next_dagrun for dataset_consumes_1_never_scheduled to None, run_after=None
[2024-10-01T13:18:45.726+0000] {logging_mixin.py:188} INFO - [2024-10-01T13:18:45.726+0000] {dag.py:3823} INFO - Setting next_dagrun for dataset_consumes_unknown_never_scheduled to None, run_after=None
[2024-10-01T13:18:45.730+0000] {logging_mixin.py:188} INFO - [2024-10-01T13:18:45.730+0000] {dag.py:3823} INFO - Setting next_dagrun for dataset_produces_1 to 2024-09-30 00:00:00+00:00, run_after=2024-10-01 00:00:00+00:00
[2024-10-01T13:18:45.732+0000] {logging_mixin.py:188} INFO - [2024-10-01T13:18:45.732+0000] {dag.py:3823} INFO - Setting next_dagrun for dataset_produces_2 to None, run_after=None
[2024-10-01T13:18:45.777+0000] {processor.py:183} INFO - Processing /home/airflow/.local/lib/python3.8/site-packages/airflow/example_dags/example_datasets.py took 0.163 seconds
[2024-10-01T13:19:16.329+0000] {processor.py:161} INFO - Started process (PID=590) to work on /home/airflow/.local/lib/python3.8/site-packages/airflow/example_dags/example_datasets.py
[2024-10-01T13:19:16.330+0000] {processor.py:830} INFO - Processing file /home/airflow/.local/lib/python3.8/site-packages/airflow/example_dags/example_datasets.py for tasks to queue
[2024-10-01T13:19:16.333+0000] {logging_mixin.py:188} INFO - [2024-10-01T13:19:16.333+0000] {dagbag.py:538} INFO - Filling up the DagBag from /home/airflow/.local/lib/python3.8/site-packages/airflow/example_dags/example_datasets.py
[2024-10-01T13:19:16.346+0000] {processor.py:840} INFO - DAG(s) 'dataset_consumes_1_never_scheduled', 'dataset_consumes_1', 'dataset_produces_1', 'dataset_produces_2', 'dataset_consumes_unknown_never_scheduled', 'dataset_consumes_1_and_2' retrieved from /home/airflow/.local/lib/python3.8/site-packages/airflow/example_dags/example_datasets.py
[2024-10-01T13:19:16.402+0000] {logging_mixin.py:188} INFO - [2024-10-01T13:19:16.402+0000] {dag.py:3036} INFO - Sync 6 DAGs
[2024-10-01T13:19:16.439+0000] {logging_mixin.py:188} INFO - [2024-10-01T13:19:16.439+0000] {dag.py:3823} INFO - Setting next_dagrun for dataset_consumes_1 to None, run_after=None
[2024-10-01T13:19:16.446+0000] {logging_mixin.py:188} INFO - [2024-10-01T13:19:16.445+0000] {dag.py:3823} INFO - Setting next_dagrun for dataset_consumes_1_and_2 to None, run_after=None
[2024-10-01T13:19:16.448+0000] {logging_mixin.py:188} INFO - [2024-10-01T13:19:16.448+0000] {dag.py:3823} INFO - Setting next_dagrun for dataset_consumes_1_never_scheduled to None, run_after=None
[2024-10-01T13:19:16.451+0000] {logging_mixin.py:188} INFO - [2024-10-01T13:19:16.450+0000] {dag.py:3823} INFO - Setting next_dagrun for dataset_consumes_unknown_never_scheduled to None, run_after=None
[2024-10-01T13:19:16.456+0000] {logging_mixin.py:188} INFO - [2024-10-01T13:19:16.456+0000] {dag.py:3823} INFO - Setting next_dagrun for dataset_produces_1 to 2024-09-30 00:00:00+00:00, run_after=2024-10-01 00:00:00+00:00
[2024-10-01T13:19:16.460+0000] {logging_mixin.py:188} INFO - [2024-10-01T13:19:16.459+0000] {dag.py:3823} INFO - Setting next_dagrun for dataset_produces_2 to None, run_after=None
[2024-10-01T13:19:16.526+0000] {processor.py:183} INFO - Processing /home/airflow/.local/lib/python3.8/site-packages/airflow/example_dags/example_datasets.py took 0.201 seconds
[2024-10-01T13:19:46.962+0000] {processor.py:161} INFO - Started process (PID=646) to work on /home/airflow/.local/lib/python3.8/site-packages/airflow/example_dags/example_datasets.py
[2024-10-01T13:19:46.964+0000] {processor.py:830} INFO - Processing file /home/airflow/.local/lib/python3.8/site-packages/airflow/example_dags/example_datasets.py for tasks to queue
[2024-10-01T13:19:46.966+0000] {logging_mixin.py:188} INFO - [2024-10-01T13:19:46.966+0000] {dagbag.py:538} INFO - Filling up the DagBag from /home/airflow/.local/lib/python3.8/site-packages/airflow/example_dags/example_datasets.py
[2024-10-01T13:19:46.978+0000] {processor.py:840} INFO - DAG(s) 'dataset_produces_1', 'dataset_consumes_1_and_2', 'dataset_consumes_1', 'dataset_consumes_1_never_scheduled', 'dataset_consumes_unknown_never_scheduled', 'dataset_produces_2' retrieved from /home/airflow/.local/lib/python3.8/site-packages/airflow/example_dags/example_datasets.py
[2024-10-01T13:19:47.021+0000] {logging_mixin.py:188} INFO - [2024-10-01T13:19:47.021+0000] {dag.py:3036} INFO - Sync 6 DAGs
[2024-10-01T13:19:47.047+0000] {logging_mixin.py:188} INFO - [2024-10-01T13:19:47.047+0000] {dag.py:3823} INFO - Setting next_dagrun for dataset_consumes_1 to None, run_after=None
[2024-10-01T13:19:47.052+0000] {logging_mixin.py:188} INFO - [2024-10-01T13:19:47.052+0000] {dag.py:3823} INFO - Setting next_dagrun for dataset_consumes_1_and_2 to None, run_after=None
[2024-10-01T13:19:47.054+0000] {logging_mixin.py:188} INFO - [2024-10-01T13:19:47.054+0000] {dag.py:3823} INFO - Setting next_dagrun for dataset_consumes_1_never_scheduled to None, run_after=None
[2024-10-01T13:19:47.057+0000] {logging_mixin.py:188} INFO - [2024-10-01T13:19:47.057+0000] {dag.py:3823} INFO - Setting next_dagrun for dataset_consumes_unknown_never_scheduled to None, run_after=None
[2024-10-01T13:19:47.061+0000] {logging_mixin.py:188} INFO - [2024-10-01T13:19:47.061+0000] {dag.py:3823} INFO - Setting next_dagrun for dataset_produces_1 to 2024-09-30 00:00:00+00:00, run_after=2024-10-01 00:00:00+00:00
[2024-10-01T13:19:47.064+0000] {logging_mixin.py:188} INFO - [2024-10-01T13:19:47.064+0000] {dag.py:3823} INFO - Setting next_dagrun for dataset_produces_2 to None, run_after=None
[2024-10-01T13:19:47.110+0000] {processor.py:183} INFO - Processing /home/airflow/.local/lib/python3.8/site-packages/airflow/example_dags/example_datasets.py took 0.153 seconds
[2024-10-01T13:20:17.405+0000] {processor.py:161} INFO - Started process (PID=702) to work on /home/airflow/.local/lib/python3.8/site-packages/airflow/example_dags/example_datasets.py
[2024-10-01T13:20:17.406+0000] {processor.py:830} INFO - Processing file /home/airflow/.local/lib/python3.8/site-packages/airflow/example_dags/example_datasets.py for tasks to queue
[2024-10-01T13:20:17.408+0000] {logging_mixin.py:188} INFO - [2024-10-01T13:20:17.408+0000] {dagbag.py:538} INFO - Filling up the DagBag from /home/airflow/.local/lib/python3.8/site-packages/airflow/example_dags/example_datasets.py
[2024-10-01T13:20:17.417+0000] {processor.py:840} INFO - DAG(s) 'dataset_consumes_1_never_scheduled', 'dataset_consumes_1', 'dataset_consumes_1_and_2', 'dataset_produces_1', 'dataset_produces_2', 'dataset_consumes_unknown_never_scheduled' retrieved from /home/airflow/.local/lib/python3.8/site-packages/airflow/example_dags/example_datasets.py
[2024-10-01T13:20:17.458+0000] {logging_mixin.py:188} INFO - [2024-10-01T13:20:17.458+0000] {dag.py:3036} INFO - Sync 6 DAGs
[2024-10-01T13:20:17.483+0000] {logging_mixin.py:188} INFO - [2024-10-01T13:20:17.483+0000] {dag.py:3823} INFO - Setting next_dagrun for dataset_consumes_1 to None, run_after=None
[2024-10-01T13:20:17.487+0000] {logging_mixin.py:188} INFO - [2024-10-01T13:20:17.487+0000] {dag.py:3823} INFO - Setting next_dagrun for dataset_consumes_1_and_2 to None, run_after=None
[2024-10-01T13:20:17.489+0000] {logging_mixin.py:188} INFO - [2024-10-01T13:20:17.489+0000] {dag.py:3823} INFO - Setting next_dagrun for dataset_consumes_1_never_scheduled to None, run_after=None
[2024-10-01T13:20:17.491+0000] {logging_mixin.py:188} INFO - [2024-10-01T13:20:17.491+0000] {dag.py:3823} INFO - Setting next_dagrun for dataset_consumes_unknown_never_scheduled to None, run_after=None
[2024-10-01T13:20:17.495+0000] {logging_mixin.py:188} INFO - [2024-10-01T13:20:17.495+0000] {dag.py:3823} INFO - Setting next_dagrun for dataset_produces_1 to 2024-09-30 00:00:00+00:00, run_after=2024-10-01 00:00:00+00:00
[2024-10-01T13:20:17.497+0000] {logging_mixin.py:188} INFO - [2024-10-01T13:20:17.497+0000] {dag.py:3823} INFO - Setting next_dagrun for dataset_produces_2 to None, run_after=None
[2024-10-01T13:20:17.552+0000] {processor.py:183} INFO - Processing /home/airflow/.local/lib/python3.8/site-packages/airflow/example_dags/example_datasets.py took 0.150 seconds
[2024-10-01T13:20:47.767+0000] {processor.py:161} INFO - Started process (PID=758) to work on /home/airflow/.local/lib/python3.8/site-packages/airflow/example_dags/example_datasets.py
[2024-10-01T13:20:47.768+0000] {processor.py:830} INFO - Processing file /home/airflow/.local/lib/python3.8/site-packages/airflow/example_dags/example_datasets.py for tasks to queue
[2024-10-01T13:20:47.770+0000] {logging_mixin.py:188} INFO - [2024-10-01T13:20:47.769+0000] {dagbag.py:538} INFO - Filling up the DagBag from /home/airflow/.local/lib/python3.8/site-packages/airflow/example_dags/example_datasets.py
[2024-10-01T13:20:47.780+0000] {processor.py:840} INFO - DAG(s) 'dataset_consumes_unknown_never_scheduled', 'dataset_consumes_1', 'dataset_produces_2', 'dataset_consumes_1_and_2', 'dataset_consumes_1_never_scheduled', 'dataset_produces_1' retrieved from /home/airflow/.local/lib/python3.8/site-packages/airflow/example_dags/example_datasets.py
[2024-10-01T13:20:47.829+0000] {logging_mixin.py:188} INFO - [2024-10-01T13:20:47.829+0000] {dag.py:3036} INFO - Sync 6 DAGs
[2024-10-01T13:20:47.858+0000] {logging_mixin.py:188} INFO - [2024-10-01T13:20:47.858+0000] {dag.py:3823} INFO - Setting next_dagrun for dataset_consumes_1 to None, run_after=None
[2024-10-01T13:20:47.863+0000] {logging_mixin.py:188} INFO - [2024-10-01T13:20:47.863+0000] {dag.py:3823} INFO - Setting next_dagrun for dataset_consumes_1_and_2 to None, run_after=None
[2024-10-01T13:20:47.866+0000] {logging_mixin.py:188} INFO - [2024-10-01T13:20:47.865+0000] {dag.py:3823} INFO - Setting next_dagrun for dataset_consumes_1_never_scheduled to None, run_after=None
[2024-10-01T13:20:47.868+0000] {logging_mixin.py:188} INFO - [2024-10-01T13:20:47.868+0000] {dag.py:3823} INFO - Setting next_dagrun for dataset_consumes_unknown_never_scheduled to None, run_after=None
[2024-10-01T13:20:47.872+0000] {logging_mixin.py:188} INFO - [2024-10-01T13:20:47.872+0000] {dag.py:3823} INFO - Setting next_dagrun for dataset_produces_1 to 2024-09-30 00:00:00+00:00, run_after=2024-10-01 00:00:00+00:00
[2024-10-01T13:20:47.874+0000] {logging_mixin.py:188} INFO - [2024-10-01T13:20:47.874+0000] {dag.py:3823} INFO - Setting next_dagrun for dataset_produces_2 to None, run_after=None
[2024-10-01T13:20:47.954+0000] {processor.py:183} INFO - Processing /home/airflow/.local/lib/python3.8/site-packages/airflow/example_dags/example_datasets.py took 0.190 seconds
[2024-10-01T13:21:18.370+0000] {processor.py:161} INFO - Started process (PID=814) to work on /home/airflow/.local/lib/python3.8/site-packages/airflow/example_dags/example_datasets.py
[2024-10-01T13:21:18.371+0000] {processor.py:830} INFO - Processing file /home/airflow/.local/lib/python3.8/site-packages/airflow/example_dags/example_datasets.py for tasks to queue
[2024-10-01T13:21:18.374+0000] {logging_mixin.py:188} INFO - [2024-10-01T13:21:18.373+0000] {dagbag.py:538} INFO - Filling up the DagBag from /home/airflow/.local/lib/python3.8/site-packages/airflow/example_dags/example_datasets.py
[2024-10-01T13:21:18.385+0000] {processor.py:840} INFO - DAG(s) 'dataset_produces_1', 'dataset_consumes_1', 'dataset_produces_2', 'dataset_consumes_unknown_never_scheduled', 'dataset_consumes_1_and_2', 'dataset_consumes_1_never_scheduled' retrieved from /home/airflow/.local/lib/python3.8/site-packages/airflow/example_dags/example_datasets.py
[2024-10-01T13:21:18.439+0000] {logging_mixin.py:188} INFO - [2024-10-01T13:21:18.439+0000] {dag.py:3036} INFO - Sync 6 DAGs
[2024-10-01T13:21:18.477+0000] {logging_mixin.py:188} INFO - [2024-10-01T13:21:18.477+0000] {dag.py:3823} INFO - Setting next_dagrun for dataset_consumes_1 to None, run_after=None
[2024-10-01T13:21:18.482+0000] {logging_mixin.py:188} INFO - [2024-10-01T13:21:18.482+0000] {dag.py:3823} INFO - Setting next_dagrun for dataset_consumes_1_and_2 to None, run_after=None
[2024-10-01T13:21:18.485+0000] {logging_mixin.py:188} INFO - [2024-10-01T13:21:18.485+0000] {dag.py:3823} INFO - Setting next_dagrun for dataset_consumes_1_never_scheduled to None, run_after=None
[2024-10-01T13:21:18.490+0000] {logging_mixin.py:188} INFO - [2024-10-01T13:21:18.489+0000] {dag.py:3823} INFO - Setting next_dagrun for dataset_consumes_unknown_never_scheduled to None, run_after=None
[2024-10-01T13:21:18.495+0000] {logging_mixin.py:188} INFO - [2024-10-01T13:21:18.494+0000] {dag.py:3823} INFO - Setting next_dagrun for dataset_produces_1 to 2024-09-30 00:00:00+00:00, run_after=2024-10-01 00:00:00+00:00
[2024-10-01T13:21:18.497+0000] {logging_mixin.py:188} INFO - [2024-10-01T13:21:18.497+0000] {dag.py:3823} INFO - Setting next_dagrun for dataset_produces_2 to None, run_after=None
[2024-10-01T13:21:18.602+0000] {processor.py:183} INFO - Processing /home/airflow/.local/lib/python3.8/site-packages/airflow/example_dags/example_datasets.py took 0.236 seconds
[2024-10-01T13:21:49.074+0000] {processor.py:161} INFO - Started process (PID=870) to work on /home/airflow/.local/lib/python3.8/site-packages/airflow/example_dags/example_datasets.py
[2024-10-01T13:21:49.075+0000] {processor.py:830} INFO - Processing file /home/airflow/.local/lib/python3.8/site-packages/airflow/example_dags/example_datasets.py for tasks to queue
[2024-10-01T13:21:49.077+0000] {logging_mixin.py:188} INFO - [2024-10-01T13:21:49.077+0000] {dagbag.py:538} INFO - Filling up the DagBag from /home/airflow/.local/lib/python3.8/site-packages/airflow/example_dags/example_datasets.py
[2024-10-01T13:21:49.093+0000] {processor.py:840} INFO - DAG(s) 'dataset_consumes_unknown_never_scheduled', 'dataset_consumes_1_and_2', 'dataset_produces_2', 'dataset_produces_1', 'dataset_consumes_1_never_scheduled', 'dataset_consumes_1' retrieved from /home/airflow/.local/lib/python3.8/site-packages/airflow/example_dags/example_datasets.py
[2024-10-01T13:21:49.143+0000] {logging_mixin.py:188} INFO - [2024-10-01T13:21:49.142+0000] {dag.py:3036} INFO - Sync 6 DAGs
[2024-10-01T13:21:49.175+0000] {logging_mixin.py:188} INFO - [2024-10-01T13:21:49.175+0000] {dag.py:3823} INFO - Setting next_dagrun for dataset_consumes_1 to None, run_after=None
[2024-10-01T13:21:49.179+0000] {logging_mixin.py:188} INFO - [2024-10-01T13:21:49.179+0000] {dag.py:3823} INFO - Setting next_dagrun for dataset_consumes_1_and_2 to None, run_after=None
[2024-10-01T13:21:49.182+0000] {logging_mixin.py:188} INFO - [2024-10-01T13:21:49.182+0000] {dag.py:3823} INFO - Setting next_dagrun for dataset_consumes_1_never_scheduled to None, run_after=None
[2024-10-01T13:21:49.185+0000] {logging_mixin.py:188} INFO - [2024-10-01T13:21:49.184+0000] {dag.py:3823} INFO - Setting next_dagrun for dataset_consumes_unknown_never_scheduled to None, run_after=None
[2024-10-01T13:21:49.192+0000] {logging_mixin.py:188} INFO - [2024-10-01T13:21:49.192+0000] {dag.py:3823} INFO - Setting next_dagrun for dataset_produces_1 to 2024-09-30 00:00:00+00:00, run_after=2024-10-01 00:00:00+00:00
[2024-10-01T13:21:49.194+0000] {logging_mixin.py:188} INFO - [2024-10-01T13:21:49.194+0000] {dag.py:3823} INFO - Setting next_dagrun for dataset_produces_2 to None, run_after=None
[2024-10-01T13:21:49.504+0000] {processor.py:183} INFO - Processing /home/airflow/.local/lib/python3.8/site-packages/airflow/example_dags/example_datasets.py took 0.434 seconds
[2024-10-01T13:22:19.785+0000] {processor.py:161} INFO - Started process (PID=926) to work on /home/airflow/.local/lib/python3.8/site-packages/airflow/example_dags/example_datasets.py
[2024-10-01T13:22:19.787+0000] {processor.py:830} INFO - Processing file /home/airflow/.local/lib/python3.8/site-packages/airflow/example_dags/example_datasets.py for tasks to queue
[2024-10-01T13:22:19.790+0000] {logging_mixin.py:188} INFO - [2024-10-01T13:22:19.789+0000] {dagbag.py:538} INFO - Filling up the DagBag from /home/airflow/.local/lib/python3.8/site-packages/airflow/example_dags/example_datasets.py
[2024-10-01T13:22:19.801+0000] {processor.py:840} INFO - DAG(s) 'dataset_produces_2', 'dataset_consumes_1', 'dataset_consumes_1_and_2', 'dataset_produces_1', 'dataset_consumes_1_never_scheduled', 'dataset_consumes_unknown_never_scheduled' retrieved from /home/airflow/.local/lib/python3.8/site-packages/airflow/example_dags/example_datasets.py
[2024-10-01T13:22:19.972+0000] {logging_mixin.py:188} INFO - [2024-10-01T13:22:19.971+0000] {dag.py:3036} INFO - Sync 6 DAGs
[2024-10-01T13:22:20.006+0000] {logging_mixin.py:188} INFO - [2024-10-01T13:22:20.006+0000] {dag.py:3823} INFO - Setting next_dagrun for dataset_consumes_1 to None, run_after=None
[2024-10-01T13:22:20.011+0000] {logging_mixin.py:188} INFO - [2024-10-01T13:22:20.011+0000] {dag.py:3823} INFO - Setting next_dagrun for dataset_consumes_1_and_2 to None, run_after=None
[2024-10-01T13:22:20.013+0000] {logging_mixin.py:188} INFO - [2024-10-01T13:22:20.013+0000] {dag.py:3823} INFO - Setting next_dagrun for dataset_consumes_1_never_scheduled to None, run_after=None
[2024-10-01T13:22:20.016+0000] {logging_mixin.py:188} INFO - [2024-10-01T13:22:20.016+0000] {dag.py:3823} INFO - Setting next_dagrun for dataset_consumes_unknown_never_scheduled to None, run_after=None
[2024-10-01T13:22:20.023+0000] {logging_mixin.py:188} INFO - [2024-10-01T13:22:20.023+0000] {dag.py:3823} INFO - Setting next_dagrun for dataset_produces_1 to 2024-09-30 00:00:00+00:00, run_after=2024-10-01 00:00:00+00:00
[2024-10-01T13:22:20.026+0000] {logging_mixin.py:188} INFO - [2024-10-01T13:22:20.026+0000] {dag.py:3823} INFO - Setting next_dagrun for dataset_produces_2 to None, run_after=None
[2024-10-01T13:22:20.071+0000] {processor.py:183} INFO - Processing /home/airflow/.local/lib/python3.8/site-packages/airflow/example_dags/example_datasets.py took 0.290 seconds
[2024-10-01T13:22:50.605+0000] {processor.py:161} INFO - Started process (PID=983) to work on /home/airflow/.local/lib/python3.8/site-packages/airflow/example_dags/example_datasets.py
[2024-10-01T13:22:50.608+0000] {processor.py:830} INFO - Processing file /home/airflow/.local/lib/python3.8/site-packages/airflow/example_dags/example_datasets.py for tasks to queue
[2024-10-01T13:22:50.614+0000] {logging_mixin.py:188} INFO - [2024-10-01T13:22:50.613+0000] {dagbag.py:538} INFO - Filling up the DagBag from /home/airflow/.local/lib/python3.8/site-packages/airflow/example_dags/example_datasets.py
[2024-10-01T13:22:50.649+0000] {processor.py:840} INFO - DAG(s) 'dataset_consumes_1_and_2', 'dataset_consumes_unknown_never_scheduled', 'dataset_produces_2', 'dataset_consumes_1', 'dataset_consumes_1_never_scheduled', 'dataset_produces_1' retrieved from /home/airflow/.local/lib/python3.8/site-packages/airflow/example_dags/example_datasets.py
[2024-10-01T13:22:50.817+0000] {logging_mixin.py:188} INFO - [2024-10-01T13:22:50.816+0000] {dag.py:3036} INFO - Sync 6 DAGs
[2024-10-01T13:22:50.896+0000] {logging_mixin.py:188} INFO - [2024-10-01T13:22:50.895+0000] {dag.py:3823} INFO - Setting next_dagrun for dataset_consumes_1 to None, run_after=None
[2024-10-01T13:22:50.905+0000] {logging_mixin.py:188} INFO - [2024-10-01T13:22:50.904+0000] {dag.py:3823} INFO - Setting next_dagrun for dataset_consumes_1_and_2 to None, run_after=None
[2024-10-01T13:22:50.908+0000] {logging_mixin.py:188} INFO - [2024-10-01T13:22:50.908+0000] {dag.py:3823} INFO - Setting next_dagrun for dataset_consumes_1_never_scheduled to None, run_after=None
[2024-10-01T13:22:50.912+0000] {logging_mixin.py:188} INFO - [2024-10-01T13:22:50.911+0000] {dag.py:3823} INFO - Setting next_dagrun for dataset_consumes_unknown_never_scheduled to None, run_after=None
[2024-10-01T13:22:50.923+0000] {logging_mixin.py:188} INFO - [2024-10-01T13:22:50.922+0000] {dag.py:3823} INFO - Setting next_dagrun for dataset_produces_1 to 2024-09-30 00:00:00+00:00, run_after=2024-10-01 00:00:00+00:00
[2024-10-01T13:22:50.926+0000] {logging_mixin.py:188} INFO - [2024-10-01T13:22:50.926+0000] {dag.py:3823} INFO - Setting next_dagrun for dataset_produces_2 to None, run_after=None
[2024-10-01T13:22:51.464+0000] {processor.py:183} INFO - Processing /home/airflow/.local/lib/python3.8/site-packages/airflow/example_dags/example_datasets.py took 0.873 seconds
[2024-10-01T13:23:21.797+0000] {processor.py:161} INFO - Started process (PID=1039) to work on /home/airflow/.local/lib/python3.8/site-packages/airflow/example_dags/example_datasets.py
[2024-10-01T13:23:21.799+0000] {processor.py:830} INFO - Processing file /home/airflow/.local/lib/python3.8/site-packages/airflow/example_dags/example_datasets.py for tasks to queue
[2024-10-01T13:23:21.801+0000] {logging_mixin.py:188} INFO - [2024-10-01T13:23:21.800+0000] {dagbag.py:538} INFO - Filling up the DagBag from /home/airflow/.local/lib/python3.8/site-packages/airflow/example_dags/example_datasets.py
[2024-10-01T13:23:21.816+0000] {processor.py:840} INFO - DAG(s) 'dataset_consumes_1_never_scheduled', 'dataset_consumes_1', 'dataset_consumes_1_and_2', 'dataset_produces_2', 'dataset_produces_1', 'dataset_consumes_unknown_never_scheduled' retrieved from /home/airflow/.local/lib/python3.8/site-packages/airflow/example_dags/example_datasets.py
[2024-10-01T13:23:21.869+0000] {logging_mixin.py:188} INFO - [2024-10-01T13:23:21.868+0000] {dag.py:3036} INFO - Sync 6 DAGs
[2024-10-01T13:23:21.904+0000] {logging_mixin.py:188} INFO - [2024-10-01T13:23:21.904+0000] {dag.py:3823} INFO - Setting next_dagrun for dataset_consumes_1 to None, run_after=None
[2024-10-01T13:23:21.910+0000] {logging_mixin.py:188} INFO - [2024-10-01T13:23:21.909+0000] {dag.py:3823} INFO - Setting next_dagrun for dataset_consumes_1_and_2 to None, run_after=None
[2024-10-01T13:23:21.913+0000] {logging_mixin.py:188} INFO - [2024-10-01T13:23:21.912+0000] {dag.py:3823} INFO - Setting next_dagrun for dataset_consumes_1_never_scheduled to None, run_after=None
[2024-10-01T13:23:21.917+0000] {logging_mixin.py:188} INFO - [2024-10-01T13:23:21.917+0000] {dag.py:3823} INFO - Setting next_dagrun for dataset_consumes_unknown_never_scheduled to None, run_after=None
[2024-10-01T13:23:21.922+0000] {logging_mixin.py:188} INFO - [2024-10-01T13:23:21.922+0000] {dag.py:3823} INFO - Setting next_dagrun for dataset_produces_1 to 2024-09-30 00:00:00+00:00, run_after=2024-10-01 00:00:00+00:00
[2024-10-01T13:23:21.924+0000] {logging_mixin.py:188} INFO - [2024-10-01T13:23:21.924+0000] {dag.py:3823} INFO - Setting next_dagrun for dataset_produces_2 to None, run_after=None
[2024-10-01T13:23:22.096+0000] {processor.py:183} INFO - Processing /home/airflow/.local/lib/python3.8/site-packages/airflow/example_dags/example_datasets.py took 0.303 seconds
[2024-10-01T13:23:52.608+0000] {processor.py:161} INFO - Started process (PID=1095) to work on /home/airflow/.local/lib/python3.8/site-packages/airflow/example_dags/example_datasets.py
[2024-10-01T13:23:52.611+0000] {processor.py:830} INFO - Processing file /home/airflow/.local/lib/python3.8/site-packages/airflow/example_dags/example_datasets.py for tasks to queue
[2024-10-01T13:23:52.615+0000] {logging_mixin.py:188} INFO - [2024-10-01T13:23:52.614+0000] {dagbag.py:538} INFO - Filling up the DagBag from /home/airflow/.local/lib/python3.8/site-packages/airflow/example_dags/example_datasets.py
[2024-10-01T13:23:52.640+0000] {processor.py:840} INFO - DAG(s) 'dataset_produces_2', 'dataset_consumes_1_and_2', 'dataset_consumes_unknown_never_scheduled', 'dataset_produces_1', 'dataset_consumes_1', 'dataset_consumes_1_never_scheduled' retrieved from /home/airflow/.local/lib/python3.8/site-packages/airflow/example_dags/example_datasets.py
[2024-10-01T13:23:52.735+0000] {logging_mixin.py:188} INFO - [2024-10-01T13:23:52.735+0000] {dag.py:3036} INFO - Sync 6 DAGs
[2024-10-01T13:23:52.805+0000] {logging_mixin.py:188} INFO - [2024-10-01T13:23:52.805+0000] {dag.py:3823} INFO - Setting next_dagrun for dataset_consumes_1 to None, run_after=None
[2024-10-01T13:23:52.813+0000] {logging_mixin.py:188} INFO - [2024-10-01T13:23:52.813+0000] {dag.py:3823} INFO - Setting next_dagrun for dataset_consumes_1_and_2 to None, run_after=None
[2024-10-01T13:23:52.816+0000] {logging_mixin.py:188} INFO - [2024-10-01T13:23:52.815+0000] {dag.py:3823} INFO - Setting next_dagrun for dataset_consumes_1_never_scheduled to None, run_after=None
[2024-10-01T13:23:52.820+0000] {logging_mixin.py:188} INFO - [2024-10-01T13:23:52.819+0000] {dag.py:3823} INFO - Setting next_dagrun for dataset_consumes_unknown_never_scheduled to None, run_after=None
[2024-10-01T13:23:52.830+0000] {logging_mixin.py:188} INFO - [2024-10-01T13:23:52.830+0000] {dag.py:3823} INFO - Setting next_dagrun for dataset_produces_1 to 2024-09-30 00:00:00+00:00, run_after=2024-10-01 00:00:00+00:00
[2024-10-01T13:23:52.833+0000] {logging_mixin.py:188} INFO - [2024-10-01T13:23:52.833+0000] {dag.py:3823} INFO - Setting next_dagrun for dataset_produces_2 to None, run_after=None
[2024-10-01T13:23:52.938+0000] {processor.py:183} INFO - Processing /home/airflow/.local/lib/python3.8/site-packages/airflow/example_dags/example_datasets.py took 0.342 seconds
[2024-10-01T13:24:23.534+0000] {processor.py:161} INFO - Started process (PID=1151) to work on /home/airflow/.local/lib/python3.8/site-packages/airflow/example_dags/example_datasets.py
[2024-10-01T13:24:23.536+0000] {processor.py:830} INFO - Processing file /home/airflow/.local/lib/python3.8/site-packages/airflow/example_dags/example_datasets.py for tasks to queue
[2024-10-01T13:24:23.539+0000] {logging_mixin.py:188} INFO - [2024-10-01T13:24:23.538+0000] {dagbag.py:538} INFO - Filling up the DagBag from /home/airflow/.local/lib/python3.8/site-packages/airflow/example_dags/example_datasets.py
[2024-10-01T13:24:23.555+0000] {processor.py:840} INFO - DAG(s) 'dataset_consumes_1_and_2', 'dataset_produces_1', 'dataset_produces_2', 'dataset_consumes_unknown_never_scheduled', 'dataset_consumes_1', 'dataset_consumes_1_never_scheduled' retrieved from /home/airflow/.local/lib/python3.8/site-packages/airflow/example_dags/example_datasets.py
[2024-10-01T13:24:23.613+0000] {logging_mixin.py:188} INFO - [2024-10-01T13:24:23.613+0000] {dag.py:3036} INFO - Sync 6 DAGs
[2024-10-01T13:24:23.651+0000] {logging_mixin.py:188} INFO - [2024-10-01T13:24:23.651+0000] {dag.py:3823} INFO - Setting next_dagrun for dataset_consumes_1 to None, run_after=None
[2024-10-01T13:24:23.659+0000] {logging_mixin.py:188} INFO - [2024-10-01T13:24:23.659+0000] {dag.py:3823} INFO - Setting next_dagrun for dataset_consumes_1_and_2 to None, run_after=None
[2024-10-01T13:24:23.662+0000] {logging_mixin.py:188} INFO - [2024-10-01T13:24:23.661+0000] {dag.py:3823} INFO - Setting next_dagrun for dataset_consumes_1_never_scheduled to None, run_after=None
[2024-10-01T13:24:23.664+0000] {logging_mixin.py:188} INFO - [2024-10-01T13:24:23.663+0000] {dag.py:3823} INFO - Setting next_dagrun for dataset_consumes_unknown_never_scheduled to None, run_after=None
[2024-10-01T13:24:23.668+0000] {logging_mixin.py:188} INFO - [2024-10-01T13:24:23.668+0000] {dag.py:3823} INFO - Setting next_dagrun for dataset_produces_1 to 2024-09-30 00:00:00+00:00, run_after=2024-10-01 00:00:00+00:00
[2024-10-01T13:24:23.670+0000] {logging_mixin.py:188} INFO - [2024-10-01T13:24:23.670+0000] {dag.py:3823} INFO - Setting next_dagrun for dataset_produces_2 to None, run_after=None
[2024-10-01T13:24:24.679+0000] {processor.py:183} INFO - Processing /home/airflow/.local/lib/python3.8/site-packages/airflow/example_dags/example_datasets.py took 1.151 seconds
[2024-10-01T13:24:54.850+0000] {processor.py:161} INFO - Started process (PID=1207) to work on /home/airflow/.local/lib/python3.8/site-packages/airflow/example_dags/example_datasets.py
[2024-10-01T13:24:54.853+0000] {processor.py:830} INFO - Processing file /home/airflow/.local/lib/python3.8/site-packages/airflow/example_dags/example_datasets.py for tasks to queue
[2024-10-01T13:24:54.869+0000] {logging_mixin.py:188} INFO - [2024-10-01T13:24:54.868+0000] {dagbag.py:538} INFO - Filling up the DagBag from /home/airflow/.local/lib/python3.8/site-packages/airflow/example_dags/example_datasets.py
[2024-10-01T13:24:54.914+0000] {processor.py:840} INFO - DAG(s) 'dataset_consumes_unknown_never_scheduled', 'dataset_produces_1', 'dataset_consumes_1', 'dataset_consumes_1_never_scheduled', 'dataset_produces_2', 'dataset_consumes_1_and_2' retrieved from /home/airflow/.local/lib/python3.8/site-packages/airflow/example_dags/example_datasets.py
[2024-10-01T13:24:55.075+0000] {logging_mixin.py:188} INFO - [2024-10-01T13:24:55.074+0000] {dag.py:3036} INFO - Sync 6 DAGs
[2024-10-01T13:24:55.127+0000] {logging_mixin.py:188} INFO - [2024-10-01T13:24:55.127+0000] {dag.py:3823} INFO - Setting next_dagrun for dataset_consumes_1 to None, run_after=None
[2024-10-01T13:24:55.138+0000] {logging_mixin.py:188} INFO - [2024-10-01T13:24:55.138+0000] {dag.py:3823} INFO - Setting next_dagrun for dataset_consumes_1_and_2 to None, run_after=None
[2024-10-01T13:24:55.142+0000] {logging_mixin.py:188} INFO - [2024-10-01T13:24:55.141+0000] {dag.py:3823} INFO - Setting next_dagrun for dataset_consumes_1_never_scheduled to None, run_after=None
[2024-10-01T13:24:55.145+0000] {logging_mixin.py:188} INFO - [2024-10-01T13:24:55.145+0000] {dag.py:3823} INFO - Setting next_dagrun for dataset_consumes_unknown_never_scheduled to None, run_after=None
[2024-10-01T13:24:55.152+0000] {logging_mixin.py:188} INFO - [2024-10-01T13:24:55.151+0000] {dag.py:3823} INFO - Setting next_dagrun for dataset_produces_1 to 2024-09-30 00:00:00+00:00, run_after=2024-10-01 00:00:00+00:00
[2024-10-01T13:24:55.155+0000] {logging_mixin.py:188} INFO - [2024-10-01T13:24:55.155+0000] {dag.py:3823} INFO - Setting next_dagrun for dataset_produces_2 to None, run_after=None
[2024-10-01T13:24:55.361+0000] {processor.py:183} INFO - Processing /home/airflow/.local/lib/python3.8/site-packages/airflow/example_dags/example_datasets.py took 0.519 seconds
[2024-10-01T13:25:25.792+0000] {processor.py:161} INFO - Started process (PID=1262) to work on /home/airflow/.local/lib/python3.8/site-packages/airflow/example_dags/example_datasets.py
[2024-10-01T13:25:25.795+0000] {processor.py:830} INFO - Processing file /home/airflow/.local/lib/python3.8/site-packages/airflow/example_dags/example_datasets.py for tasks to queue
[2024-10-01T13:25:25.807+0000] {logging_mixin.py:188} INFO - [2024-10-01T13:25:25.806+0000] {dagbag.py:538} INFO - Filling up the DagBag from /home/airflow/.local/lib/python3.8/site-packages/airflow/example_dags/example_datasets.py
[2024-10-01T13:25:25.877+0000] {processor.py:840} INFO - DAG(s) 'dataset_consumes_1_and_2', 'dataset_consumes_1', 'dataset_consumes_1_never_scheduled', 'dataset_consumes_unknown_never_scheduled', 'dataset_produces_1', 'dataset_produces_2' retrieved from /home/airflow/.local/lib/python3.8/site-packages/airflow/example_dags/example_datasets.py
[2024-10-01T13:25:26.098+0000] {logging_mixin.py:188} INFO - [2024-10-01T13:25:26.097+0000] {dag.py:3036} INFO - Sync 6 DAGs
[2024-10-01T13:25:26.207+0000] {logging_mixin.py:188} INFO - [2024-10-01T13:25:26.206+0000] {dag.py:3823} INFO - Setting next_dagrun for dataset_consumes_1 to None, run_after=None
[2024-10-01T13:25:26.228+0000] {logging_mixin.py:188} INFO - [2024-10-01T13:25:26.227+0000] {dag.py:3823} INFO - Setting next_dagrun for dataset_consumes_1_and_2 to None, run_after=None
[2024-10-01T13:25:26.243+0000] {logging_mixin.py:188} INFO - [2024-10-01T13:25:26.236+0000] {dag.py:3823} INFO - Setting next_dagrun for dataset_consumes_1_never_scheduled to None, run_after=None
[2024-10-01T13:25:26.250+0000] {logging_mixin.py:188} INFO - [2024-10-01T13:25:26.248+0000] {dag.py:3823} INFO - Setting next_dagrun for dataset_consumes_unknown_never_scheduled to None, run_after=None
[2024-10-01T13:25:26.263+0000] {logging_mixin.py:188} INFO - [2024-10-01T13:25:26.262+0000] {dag.py:3823} INFO - Setting next_dagrun for dataset_produces_1 to 2024-09-30 00:00:00+00:00, run_after=2024-10-01 00:00:00+00:00
[2024-10-01T13:25:26.267+0000] {logging_mixin.py:188} INFO - [2024-10-01T13:25:26.267+0000] {dag.py:3823} INFO - Setting next_dagrun for dataset_produces_2 to None, run_after=None
[2024-10-01T13:25:26.425+0000] {processor.py:183} INFO - Processing /home/airflow/.local/lib/python3.8/site-packages/airflow/example_dags/example_datasets.py took 0.642 seconds
[2024-10-01T13:25:57.107+0000] {processor.py:161} INFO - Started process (PID=1318) to work on /home/airflow/.local/lib/python3.8/site-packages/airflow/example_dags/example_datasets.py
[2024-10-01T13:25:57.109+0000] {processor.py:830} INFO - Processing file /home/airflow/.local/lib/python3.8/site-packages/airflow/example_dags/example_datasets.py for tasks to queue
[2024-10-01T13:25:57.111+0000] {logging_mixin.py:188} INFO - [2024-10-01T13:25:57.111+0000] {dagbag.py:538} INFO - Filling up the DagBag from /home/airflow/.local/lib/python3.8/site-packages/airflow/example_dags/example_datasets.py
[2024-10-01T13:25:57.121+0000] {processor.py:840} INFO - DAG(s) 'dataset_consumes_1_and_2', 'dataset_consumes_unknown_never_scheduled', 'dataset_produces_1', 'dataset_consumes_1', 'dataset_produces_2', 'dataset_consumes_1_never_scheduled' retrieved from /home/airflow/.local/lib/python3.8/site-packages/airflow/example_dags/example_datasets.py
[2024-10-01T13:25:57.167+0000] {logging_mixin.py:188} INFO - [2024-10-01T13:25:57.167+0000] {dag.py:3036} INFO - Sync 6 DAGs
[2024-10-01T13:25:57.196+0000] {logging_mixin.py:188} INFO - [2024-10-01T13:25:57.196+0000] {dag.py:3823} INFO - Setting next_dagrun for dataset_consumes_1 to None, run_after=None
[2024-10-01T13:25:57.201+0000] {logging_mixin.py:188} INFO - [2024-10-01T13:25:57.201+0000] {dag.py:3823} INFO - Setting next_dagrun for dataset_consumes_1_and_2 to None, run_after=None
[2024-10-01T13:25:57.206+0000] {logging_mixin.py:188} INFO - [2024-10-01T13:25:57.205+0000] {dag.py:3823} INFO - Setting next_dagrun for dataset_consumes_1_never_scheduled to None, run_after=None
[2024-10-01T13:25:57.209+0000] {logging_mixin.py:188} INFO - [2024-10-01T13:25:57.208+0000] {dag.py:3823} INFO - Setting next_dagrun for dataset_consumes_unknown_never_scheduled to None, run_after=None
[2024-10-01T13:25:57.213+0000] {logging_mixin.py:188} INFO - [2024-10-01T13:25:57.213+0000] {dag.py:3823} INFO - Setting next_dagrun for dataset_produces_1 to 2024-09-30 00:00:00+00:00, run_after=2024-10-01 00:00:00+00:00
[2024-10-01T13:25:57.215+0000] {logging_mixin.py:188} INFO - [2024-10-01T13:25:57.215+0000] {dag.py:3823} INFO - Setting next_dagrun for dataset_produces_2 to None, run_after=None
[2024-10-01T13:25:57.356+0000] {processor.py:183} INFO - Processing /home/airflow/.local/lib/python3.8/site-packages/airflow/example_dags/example_datasets.py took 0.254 seconds
