[2024-10-01T13:14:40.796+0000] {processor.py:161} INFO - Started process (PID=87) to work on /home/airflow/.local/lib/python3.8/site-packages/airflow/example_dags/example_branch_python_dop_operator_3.py
[2024-10-01T13:14:41.038+0000] {processor.py:830} INFO - Processing file /home/airflow/.local/lib/python3.8/site-packages/airflow/example_dags/example_branch_python_dop_operator_3.py for tasks to queue
[2024-10-01T13:14:41.041+0000] {logging_mixin.py:188} INFO - [2024-10-01T13:14:41.040+0000] {dagbag.py:538} INFO - Filling up the DagBag from /home/airflow/.local/lib/python3.8/site-packages/airflow/example_dags/example_branch_python_dop_operator_3.py
[2024-10-01T13:14:41.365+0000] {processor.py:840} INFO - DAG(s) 'example_branch_dop_operator_v3' retrieved from /home/airflow/.local/lib/python3.8/site-packages/airflow/example_dags/example_branch_python_dop_operator_3.py
[2024-10-01T13:14:43.406+0000] {logging_mixin.py:188} INFO - [2024-10-01T13:14:43.405+0000] {dag.py:3036} INFO - Sync 1 DAGs
[2024-10-01T13:14:43.731+0000] {logging_mixin.py:188} INFO - [2024-10-01T13:14:43.730+0000] {dag.py:3823} INFO - Setting next_dagrun for example_branch_dop_operator_v3 to 2024-10-01 13:13:00+00:00, run_after=2024-10-01 13:14:00+00:00
[2024-10-01T13:14:44.077+0000] {processor.py:183} INFO - Processing /home/airflow/.local/lib/python3.8/site-packages/airflow/example_dags/example_branch_python_dop_operator_3.py took 3.786 seconds
[2024-10-01T13:15:14.956+0000] {processor.py:161} INFO - Started process (PID=143) to work on /home/airflow/.local/lib/python3.8/site-packages/airflow/example_dags/example_branch_python_dop_operator_3.py
[2024-10-01T13:15:14.957+0000] {processor.py:830} INFO - Processing file /home/airflow/.local/lib/python3.8/site-packages/airflow/example_dags/example_branch_python_dop_operator_3.py for tasks to queue
[2024-10-01T13:15:14.960+0000] {logging_mixin.py:188} INFO - [2024-10-01T13:15:14.959+0000] {dagbag.py:538} INFO - Filling up the DagBag from /home/airflow/.local/lib/python3.8/site-packages/airflow/example_dags/example_branch_python_dop_operator_3.py
[2024-10-01T13:15:15.007+0000] {processor.py:840} INFO - DAG(s) 'example_branch_dop_operator_v3' retrieved from /home/airflow/.local/lib/python3.8/site-packages/airflow/example_dags/example_branch_python_dop_operator_3.py
[2024-10-01T13:15:15.040+0000] {logging_mixin.py:188} INFO - [2024-10-01T13:15:15.040+0000] {dag.py:3036} INFO - Sync 1 DAGs
[2024-10-01T13:15:15.166+0000] {logging_mixin.py:188} INFO - [2024-10-01T13:15:15.166+0000] {dag.py:3823} INFO - Setting next_dagrun for example_branch_dop_operator_v3 to 2024-10-01 13:14:00+00:00, run_after=2024-10-01 13:15:00+00:00
[2024-10-01T13:15:15.350+0000] {processor.py:183} INFO - Processing /home/airflow/.local/lib/python3.8/site-packages/airflow/example_dags/example_branch_python_dop_operator_3.py took 0.409 seconds
[2024-10-01T13:15:45.512+0000] {processor.py:161} INFO - Started process (PID=199) to work on /home/airflow/.local/lib/python3.8/site-packages/airflow/example_dags/example_branch_python_dop_operator_3.py
[2024-10-01T13:15:45.514+0000] {processor.py:830} INFO - Processing file /home/airflow/.local/lib/python3.8/site-packages/airflow/example_dags/example_branch_python_dop_operator_3.py for tasks to queue
[2024-10-01T13:15:45.516+0000] {logging_mixin.py:188} INFO - [2024-10-01T13:15:45.516+0000] {dagbag.py:538} INFO - Filling up the DagBag from /home/airflow/.local/lib/python3.8/site-packages/airflow/example_dags/example_branch_python_dop_operator_3.py
[2024-10-01T13:15:45.527+0000] {processor.py:840} INFO - DAG(s) 'example_branch_dop_operator_v3' retrieved from /home/airflow/.local/lib/python3.8/site-packages/airflow/example_dags/example_branch_python_dop_operator_3.py
[2024-10-01T13:15:45.550+0000] {logging_mixin.py:188} INFO - [2024-10-01T13:15:45.549+0000] {dag.py:3036} INFO - Sync 1 DAGs
[2024-10-01T13:15:45.578+0000] {logging_mixin.py:188} INFO - [2024-10-01T13:15:45.578+0000] {dag.py:3823} INFO - Setting next_dagrun for example_branch_dop_operator_v3 to 2024-10-01 13:14:00+00:00, run_after=2024-10-01 13:15:00+00:00
[2024-10-01T13:15:45.612+0000] {processor.py:183} INFO - Processing /home/airflow/.local/lib/python3.8/site-packages/airflow/example_dags/example_branch_python_dop_operator_3.py took 0.103 seconds
[2024-10-01T13:16:15.759+0000] {processor.py:161} INFO - Started process (PID=255) to work on /home/airflow/.local/lib/python3.8/site-packages/airflow/example_dags/example_branch_python_dop_operator_3.py
[2024-10-01T13:16:15.761+0000] {processor.py:830} INFO - Processing file /home/airflow/.local/lib/python3.8/site-packages/airflow/example_dags/example_branch_python_dop_operator_3.py for tasks to queue
[2024-10-01T13:16:15.762+0000] {logging_mixin.py:188} INFO - [2024-10-01T13:16:15.762+0000] {dagbag.py:538} INFO - Filling up the DagBag from /home/airflow/.local/lib/python3.8/site-packages/airflow/example_dags/example_branch_python_dop_operator_3.py
[2024-10-01T13:16:15.772+0000] {processor.py:840} INFO - DAG(s) 'example_branch_dop_operator_v3' retrieved from /home/airflow/.local/lib/python3.8/site-packages/airflow/example_dags/example_branch_python_dop_operator_3.py
[2024-10-01T13:16:15.792+0000] {logging_mixin.py:188} INFO - [2024-10-01T13:16:15.792+0000] {dag.py:3036} INFO - Sync 1 DAGs
[2024-10-01T13:16:15.821+0000] {logging_mixin.py:188} INFO - [2024-10-01T13:16:15.821+0000] {dag.py:3823} INFO - Setting next_dagrun for example_branch_dop_operator_v3 to 2024-10-01 13:15:00+00:00, run_after=2024-10-01 13:16:00+00:00
[2024-10-01T13:16:15.888+0000] {processor.py:183} INFO - Processing /home/airflow/.local/lib/python3.8/site-packages/airflow/example_dags/example_branch_python_dop_operator_3.py took 0.131 seconds
[2024-10-01T13:16:45.987+0000] {processor.py:161} INFO - Started process (PID=311) to work on /home/airflow/.local/lib/python3.8/site-packages/airflow/example_dags/example_branch_python_dop_operator_3.py
[2024-10-01T13:16:45.988+0000] {processor.py:830} INFO - Processing file /home/airflow/.local/lib/python3.8/site-packages/airflow/example_dags/example_branch_python_dop_operator_3.py for tasks to queue
[2024-10-01T13:16:45.990+0000] {logging_mixin.py:188} INFO - [2024-10-01T13:16:45.989+0000] {dagbag.py:538} INFO - Filling up the DagBag from /home/airflow/.local/lib/python3.8/site-packages/airflow/example_dags/example_branch_python_dop_operator_3.py
[2024-10-01T13:16:45.999+0000] {processor.py:840} INFO - DAG(s) 'example_branch_dop_operator_v3' retrieved from /home/airflow/.local/lib/python3.8/site-packages/airflow/example_dags/example_branch_python_dop_operator_3.py
[2024-10-01T13:16:46.021+0000] {logging_mixin.py:188} INFO - [2024-10-01T13:16:46.021+0000] {dag.py:3036} INFO - Sync 1 DAGs
[2024-10-01T13:16:46.050+0000] {logging_mixin.py:188} INFO - [2024-10-01T13:16:46.050+0000] {dag.py:3823} INFO - Setting next_dagrun for example_branch_dop_operator_v3 to 2024-10-01 13:15:00+00:00, run_after=2024-10-01 13:16:00+00:00
[2024-10-01T13:16:46.149+0000] {processor.py:183} INFO - Processing /home/airflow/.local/lib/python3.8/site-packages/airflow/example_dags/example_branch_python_dop_operator_3.py took 0.166 seconds
[2024-10-01T13:17:16.693+0000] {processor.py:161} INFO - Started process (PID=367) to work on /home/airflow/.local/lib/python3.8/site-packages/airflow/example_dags/example_branch_python_dop_operator_3.py
[2024-10-01T13:17:16.695+0000] {processor.py:830} INFO - Processing file /home/airflow/.local/lib/python3.8/site-packages/airflow/example_dags/example_branch_python_dop_operator_3.py for tasks to queue
[2024-10-01T13:17:16.698+0000] {logging_mixin.py:188} INFO - [2024-10-01T13:17:16.698+0000] {dagbag.py:538} INFO - Filling up the DagBag from /home/airflow/.local/lib/python3.8/site-packages/airflow/example_dags/example_branch_python_dop_operator_3.py
[2024-10-01T13:17:16.711+0000] {processor.py:840} INFO - DAG(s) 'example_branch_dop_operator_v3' retrieved from /home/airflow/.local/lib/python3.8/site-packages/airflow/example_dags/example_branch_python_dop_operator_3.py
[2024-10-01T13:17:16.743+0000] {logging_mixin.py:188} INFO - [2024-10-01T13:17:16.743+0000] {dag.py:3036} INFO - Sync 1 DAGs
[2024-10-01T13:17:16.792+0000] {logging_mixin.py:188} INFO - [2024-10-01T13:17:16.791+0000] {dag.py:3823} INFO - Setting next_dagrun for example_branch_dop_operator_v3 to 2024-10-01 13:16:00+00:00, run_after=2024-10-01 13:17:00+00:00
[2024-10-01T13:17:16.844+0000] {processor.py:183} INFO - Processing /home/airflow/.local/lib/python3.8/site-packages/airflow/example_dags/example_branch_python_dop_operator_3.py took 0.158 seconds
[2024-10-01T13:17:47.004+0000] {processor.py:161} INFO - Started process (PID=423) to work on /home/airflow/.local/lib/python3.8/site-packages/airflow/example_dags/example_branch_python_dop_operator_3.py
[2024-10-01T13:17:47.005+0000] {processor.py:830} INFO - Processing file /home/airflow/.local/lib/python3.8/site-packages/airflow/example_dags/example_branch_python_dop_operator_3.py for tasks to queue
[2024-10-01T13:17:47.007+0000] {logging_mixin.py:188} INFO - [2024-10-01T13:17:47.007+0000] {dagbag.py:538} INFO - Filling up the DagBag from /home/airflow/.local/lib/python3.8/site-packages/airflow/example_dags/example_branch_python_dop_operator_3.py
[2024-10-01T13:17:47.016+0000] {processor.py:840} INFO - DAG(s) 'example_branch_dop_operator_v3' retrieved from /home/airflow/.local/lib/python3.8/site-packages/airflow/example_dags/example_branch_python_dop_operator_3.py
[2024-10-01T13:17:47.040+0000] {logging_mixin.py:188} INFO - [2024-10-01T13:17:47.039+0000] {dag.py:3036} INFO - Sync 1 DAGs
[2024-10-01T13:17:47.074+0000] {logging_mixin.py:188} INFO - [2024-10-01T13:17:47.074+0000] {dag.py:3823} INFO - Setting next_dagrun for example_branch_dop_operator_v3 to 2024-10-01 13:16:00+00:00, run_after=2024-10-01 13:17:00+00:00
[2024-10-01T13:17:47.112+0000] {processor.py:183} INFO - Processing /home/airflow/.local/lib/python3.8/site-packages/airflow/example_dags/example_branch_python_dop_operator_3.py took 0.112 seconds
[2024-10-01T13:18:18.112+0000] {processor.py:161} INFO - Started process (PID=479) to work on /home/airflow/.local/lib/python3.8/site-packages/airflow/example_dags/example_branch_python_dop_operator_3.py
[2024-10-01T13:18:18.113+0000] {processor.py:830} INFO - Processing file /home/airflow/.local/lib/python3.8/site-packages/airflow/example_dags/example_branch_python_dop_operator_3.py for tasks to queue
[2024-10-01T13:18:18.115+0000] {logging_mixin.py:188} INFO - [2024-10-01T13:18:18.115+0000] {dagbag.py:538} INFO - Filling up the DagBag from /home/airflow/.local/lib/python3.8/site-packages/airflow/example_dags/example_branch_python_dop_operator_3.py
[2024-10-01T13:18:18.127+0000] {processor.py:840} INFO - DAG(s) 'example_branch_dop_operator_v3' retrieved from /home/airflow/.local/lib/python3.8/site-packages/airflow/example_dags/example_branch_python_dop_operator_3.py
[2024-10-01T13:18:18.148+0000] {logging_mixin.py:188} INFO - [2024-10-01T13:18:18.148+0000] {dag.py:3036} INFO - Sync 1 DAGs
[2024-10-01T13:18:18.179+0000] {logging_mixin.py:188} INFO - [2024-10-01T13:18:18.179+0000] {dag.py:3823} INFO - Setting next_dagrun for example_branch_dop_operator_v3 to 2024-10-01 13:17:00+00:00, run_after=2024-10-01 13:18:00+00:00
[2024-10-01T13:18:18.233+0000] {processor.py:183} INFO - Processing /home/airflow/.local/lib/python3.8/site-packages/airflow/example_dags/example_branch_python_dop_operator_3.py took 0.124 seconds
[2024-10-01T13:18:48.797+0000] {processor.py:161} INFO - Started process (PID=535) to work on /home/airflow/.local/lib/python3.8/site-packages/airflow/example_dags/example_branch_python_dop_operator_3.py
[2024-10-01T13:18:48.799+0000] {processor.py:830} INFO - Processing file /home/airflow/.local/lib/python3.8/site-packages/airflow/example_dags/example_branch_python_dop_operator_3.py for tasks to queue
[2024-10-01T13:18:48.801+0000] {logging_mixin.py:188} INFO - [2024-10-01T13:18:48.800+0000] {dagbag.py:538} INFO - Filling up the DagBag from /home/airflow/.local/lib/python3.8/site-packages/airflow/example_dags/example_branch_python_dop_operator_3.py
[2024-10-01T13:18:48.810+0000] {processor.py:840} INFO - DAG(s) 'example_branch_dop_operator_v3' retrieved from /home/airflow/.local/lib/python3.8/site-packages/airflow/example_dags/example_branch_python_dop_operator_3.py
[2024-10-01T13:18:48.834+0000] {logging_mixin.py:188} INFO - [2024-10-01T13:18:48.834+0000] {dag.py:3036} INFO - Sync 1 DAGs
[2024-10-01T13:18:48.865+0000] {logging_mixin.py:188} INFO - [2024-10-01T13:18:48.865+0000] {dag.py:3823} INFO - Setting next_dagrun for example_branch_dop_operator_v3 to 2024-10-01 13:17:00+00:00, run_after=2024-10-01 13:18:00+00:00
[2024-10-01T13:18:49.139+0000] {processor.py:183} INFO - Processing /home/airflow/.local/lib/python3.8/site-packages/airflow/example_dags/example_branch_python_dop_operator_3.py took 0.345 seconds
[2024-10-01T13:19:19.534+0000] {processor.py:161} INFO - Started process (PID=591) to work on /home/airflow/.local/lib/python3.8/site-packages/airflow/example_dags/example_branch_python_dop_operator_3.py
[2024-10-01T13:19:19.535+0000] {processor.py:830} INFO - Processing file /home/airflow/.local/lib/python3.8/site-packages/airflow/example_dags/example_branch_python_dop_operator_3.py for tasks to queue
[2024-10-01T13:19:19.537+0000] {logging_mixin.py:188} INFO - [2024-10-01T13:19:19.537+0000] {dagbag.py:538} INFO - Filling up the DagBag from /home/airflow/.local/lib/python3.8/site-packages/airflow/example_dags/example_branch_python_dop_operator_3.py
[2024-10-01T13:19:19.547+0000] {processor.py:840} INFO - DAG(s) 'example_branch_dop_operator_v3' retrieved from /home/airflow/.local/lib/python3.8/site-packages/airflow/example_dags/example_branch_python_dop_operator_3.py
[2024-10-01T13:19:19.574+0000] {logging_mixin.py:188} INFO - [2024-10-01T13:19:19.574+0000] {dag.py:3036} INFO - Sync 1 DAGs
[2024-10-01T13:19:19.612+0000] {logging_mixin.py:188} INFO - [2024-10-01T13:19:19.611+0000] {dag.py:3823} INFO - Setting next_dagrun for example_branch_dop_operator_v3 to 2024-10-01 13:18:00+00:00, run_after=2024-10-01 13:19:00+00:00
[2024-10-01T13:19:19.649+0000] {processor.py:183} INFO - Processing /home/airflow/.local/lib/python3.8/site-packages/airflow/example_dags/example_branch_python_dop_operator_3.py took 0.118 seconds
[2024-10-01T13:19:50.118+0000] {processor.py:161} INFO - Started process (PID=647) to work on /home/airflow/.local/lib/python3.8/site-packages/airflow/example_dags/example_branch_python_dop_operator_3.py
[2024-10-01T13:19:50.119+0000] {processor.py:830} INFO - Processing file /home/airflow/.local/lib/python3.8/site-packages/airflow/example_dags/example_branch_python_dop_operator_3.py for tasks to queue
[2024-10-01T13:19:50.122+0000] {logging_mixin.py:188} INFO - [2024-10-01T13:19:50.121+0000] {dagbag.py:538} INFO - Filling up the DagBag from /home/airflow/.local/lib/python3.8/site-packages/airflow/example_dags/example_branch_python_dop_operator_3.py
[2024-10-01T13:19:50.212+0000] {processor.py:840} INFO - DAG(s) 'example_branch_dop_operator_v3' retrieved from /home/airflow/.local/lib/python3.8/site-packages/airflow/example_dags/example_branch_python_dop_operator_3.py
[2024-10-01T13:19:50.236+0000] {logging_mixin.py:188} INFO - [2024-10-01T13:19:50.236+0000] {dag.py:3036} INFO - Sync 1 DAGs
[2024-10-01T13:19:50.270+0000] {logging_mixin.py:188} INFO - [2024-10-01T13:19:50.269+0000] {dag.py:3823} INFO - Setting next_dagrun for example_branch_dop_operator_v3 to 2024-10-01 13:18:00+00:00, run_after=2024-10-01 13:19:00+00:00
[2024-10-01T13:19:51.175+0000] {processor.py:183} INFO - Processing /home/airflow/.local/lib/python3.8/site-packages/airflow/example_dags/example_branch_python_dop_operator_3.py took 1.061 seconds
[2024-10-01T13:20:21.586+0000] {processor.py:161} INFO - Started process (PID=703) to work on /home/airflow/.local/lib/python3.8/site-packages/airflow/example_dags/example_branch_python_dop_operator_3.py
[2024-10-01T13:20:21.588+0000] {processor.py:830} INFO - Processing file /home/airflow/.local/lib/python3.8/site-packages/airflow/example_dags/example_branch_python_dop_operator_3.py for tasks to queue
[2024-10-01T13:20:21.592+0000] {logging_mixin.py:188} INFO - [2024-10-01T13:20:21.591+0000] {dagbag.py:538} INFO - Filling up the DagBag from /home/airflow/.local/lib/python3.8/site-packages/airflow/example_dags/example_branch_python_dop_operator_3.py
[2024-10-01T13:20:21.612+0000] {processor.py:840} INFO - DAG(s) 'example_branch_dop_operator_v3' retrieved from /home/airflow/.local/lib/python3.8/site-packages/airflow/example_dags/example_branch_python_dop_operator_3.py
[2024-10-01T13:20:21.645+0000] {logging_mixin.py:188} INFO - [2024-10-01T13:20:21.645+0000] {dag.py:3036} INFO - Sync 1 DAGs
[2024-10-01T13:20:21.705+0000] {logging_mixin.py:188} INFO - [2024-10-01T13:20:21.705+0000] {dag.py:3823} INFO - Setting next_dagrun for example_branch_dop_operator_v3 to 2024-10-01 13:19:00+00:00, run_after=2024-10-01 13:20:00+00:00
[2024-10-01T13:20:21.799+0000] {processor.py:183} INFO - Processing /home/airflow/.local/lib/python3.8/site-packages/airflow/example_dags/example_branch_python_dop_operator_3.py took 0.217 seconds
[2024-10-01T13:20:52.011+0000] {processor.py:161} INFO - Started process (PID=759) to work on /home/airflow/.local/lib/python3.8/site-packages/airflow/example_dags/example_branch_python_dop_operator_3.py
[2024-10-01T13:20:52.013+0000] {processor.py:830} INFO - Processing file /home/airflow/.local/lib/python3.8/site-packages/airflow/example_dags/example_branch_python_dop_operator_3.py for tasks to queue
[2024-10-01T13:20:52.017+0000] {logging_mixin.py:188} INFO - [2024-10-01T13:20:52.016+0000] {dagbag.py:538} INFO - Filling up the DagBag from /home/airflow/.local/lib/python3.8/site-packages/airflow/example_dags/example_branch_python_dop_operator_3.py
[2024-10-01T13:20:52.035+0000] {processor.py:840} INFO - DAG(s) 'example_branch_dop_operator_v3' retrieved from /home/airflow/.local/lib/python3.8/site-packages/airflow/example_dags/example_branch_python_dop_operator_3.py
[2024-10-01T13:20:52.067+0000] {logging_mixin.py:188} INFO - [2024-10-01T13:20:52.067+0000] {dag.py:3036} INFO - Sync 1 DAGs
[2024-10-01T13:20:52.115+0000] {logging_mixin.py:188} INFO - [2024-10-01T13:20:52.115+0000] {dag.py:3823} INFO - Setting next_dagrun for example_branch_dop_operator_v3 to 2024-10-01 13:19:00+00:00, run_after=2024-10-01 13:20:00+00:00
[2024-10-01T13:20:52.198+0000] {processor.py:183} INFO - Processing /home/airflow/.local/lib/python3.8/site-packages/airflow/example_dags/example_branch_python_dop_operator_3.py took 0.194 seconds
[2024-10-01T13:21:22.577+0000] {processor.py:161} INFO - Started process (PID=815) to work on /home/airflow/.local/lib/python3.8/site-packages/airflow/example_dags/example_branch_python_dop_operator_3.py
[2024-10-01T13:21:22.578+0000] {processor.py:830} INFO - Processing file /home/airflow/.local/lib/python3.8/site-packages/airflow/example_dags/example_branch_python_dop_operator_3.py for tasks to queue
[2024-10-01T13:21:22.581+0000] {logging_mixin.py:188} INFO - [2024-10-01T13:21:22.580+0000] {dagbag.py:538} INFO - Filling up the DagBag from /home/airflow/.local/lib/python3.8/site-packages/airflow/example_dags/example_branch_python_dop_operator_3.py
[2024-10-01T13:21:22.594+0000] {processor.py:840} INFO - DAG(s) 'example_branch_dop_operator_v3' retrieved from /home/airflow/.local/lib/python3.8/site-packages/airflow/example_dags/example_branch_python_dop_operator_3.py
[2024-10-01T13:21:22.618+0000] {logging_mixin.py:188} INFO - [2024-10-01T13:21:22.617+0000] {dag.py:3036} INFO - Sync 1 DAGs
[2024-10-01T13:21:22.657+0000] {logging_mixin.py:188} INFO - [2024-10-01T13:21:22.657+0000] {dag.py:3823} INFO - Setting next_dagrun for example_branch_dop_operator_v3 to 2024-10-01 13:20:00+00:00, run_after=2024-10-01 13:21:00+00:00
[2024-10-01T13:21:22.840+0000] {processor.py:183} INFO - Processing /home/airflow/.local/lib/python3.8/site-packages/airflow/example_dags/example_branch_python_dop_operator_3.py took 0.267 seconds
[2024-10-01T13:21:54.080+0000] {processor.py:161} INFO - Started process (PID=871) to work on /home/airflow/.local/lib/python3.8/site-packages/airflow/example_dags/example_branch_python_dop_operator_3.py
[2024-10-01T13:21:54.082+0000] {processor.py:830} INFO - Processing file /home/airflow/.local/lib/python3.8/site-packages/airflow/example_dags/example_branch_python_dop_operator_3.py for tasks to queue
[2024-10-01T13:21:54.086+0000] {logging_mixin.py:188} INFO - [2024-10-01T13:21:54.086+0000] {dagbag.py:538} INFO - Filling up the DagBag from /home/airflow/.local/lib/python3.8/site-packages/airflow/example_dags/example_branch_python_dop_operator_3.py
[2024-10-01T13:21:54.130+0000] {processor.py:840} INFO - DAG(s) 'example_branch_dop_operator_v3' retrieved from /home/airflow/.local/lib/python3.8/site-packages/airflow/example_dags/example_branch_python_dop_operator_3.py
[2024-10-01T13:21:54.210+0000] {logging_mixin.py:188} INFO - [2024-10-01T13:21:54.209+0000] {dag.py:3036} INFO - Sync 1 DAGs
[2024-10-01T13:21:54.283+0000] {logging_mixin.py:188} INFO - [2024-10-01T13:21:54.282+0000] {dag.py:3823} INFO - Setting next_dagrun for example_branch_dop_operator_v3 to 2024-10-01 13:20:00+00:00, run_after=2024-10-01 13:21:00+00:00
[2024-10-01T13:21:54.482+0000] {processor.py:183} INFO - Processing /home/airflow/.local/lib/python3.8/site-packages/airflow/example_dags/example_branch_python_dop_operator_3.py took 0.414 seconds
[2024-10-01T13:22:25.196+0000] {processor.py:161} INFO - Started process (PID=927) to work on /home/airflow/.local/lib/python3.8/site-packages/airflow/example_dags/example_branch_python_dop_operator_3.py
[2024-10-01T13:22:25.198+0000] {processor.py:830} INFO - Processing file /home/airflow/.local/lib/python3.8/site-packages/airflow/example_dags/example_branch_python_dop_operator_3.py for tasks to queue
[2024-10-01T13:22:25.200+0000] {logging_mixin.py:188} INFO - [2024-10-01T13:22:25.200+0000] {dagbag.py:538} INFO - Filling up the DagBag from /home/airflow/.local/lib/python3.8/site-packages/airflow/example_dags/example_branch_python_dop_operator_3.py
[2024-10-01T13:22:25.213+0000] {processor.py:840} INFO - DAG(s) 'example_branch_dop_operator_v3' retrieved from /home/airflow/.local/lib/python3.8/site-packages/airflow/example_dags/example_branch_python_dop_operator_3.py
[2024-10-01T13:22:25.243+0000] {logging_mixin.py:188} INFO - [2024-10-01T13:22:25.243+0000] {dag.py:3036} INFO - Sync 1 DAGs
[2024-10-01T13:22:25.283+0000] {logging_mixin.py:188} INFO - [2024-10-01T13:22:25.282+0000] {dag.py:3823} INFO - Setting next_dagrun for example_branch_dop_operator_v3 to 2024-10-01 13:21:00+00:00, run_after=2024-10-01 13:22:00+00:00
[2024-10-01T13:22:25.337+0000] {processor.py:183} INFO - Processing /home/airflow/.local/lib/python3.8/site-packages/airflow/example_dags/example_branch_python_dop_operator_3.py took 0.145 seconds
[2024-10-01T13:22:55.894+0000] {processor.py:161} INFO - Started process (PID=984) to work on /home/airflow/.local/lib/python3.8/site-packages/airflow/example_dags/example_branch_python_dop_operator_3.py
[2024-10-01T13:22:55.903+0000] {processor.py:830} INFO - Processing file /home/airflow/.local/lib/python3.8/site-packages/airflow/example_dags/example_branch_python_dop_operator_3.py for tasks to queue
[2024-10-01T13:22:55.914+0000] {logging_mixin.py:188} INFO - [2024-10-01T13:22:55.913+0000] {dagbag.py:538} INFO - Filling up the DagBag from /home/airflow/.local/lib/python3.8/site-packages/airflow/example_dags/example_branch_python_dop_operator_3.py
[2024-10-01T13:22:55.982+0000] {processor.py:840} INFO - DAG(s) 'example_branch_dop_operator_v3' retrieved from /home/airflow/.local/lib/python3.8/site-packages/airflow/example_dags/example_branch_python_dop_operator_3.py
[2024-10-01T13:22:56.120+0000] {logging_mixin.py:188} INFO - [2024-10-01T13:22:56.119+0000] {dag.py:3036} INFO - Sync 1 DAGs
[2024-10-01T13:22:56.349+0000] {logging_mixin.py:188} INFO - [2024-10-01T13:22:56.348+0000] {dag.py:3823} INFO - Setting next_dagrun for example_branch_dop_operator_v3 to 2024-10-01 13:21:00+00:00, run_after=2024-10-01 13:22:00+00:00
[2024-10-01T13:22:56.455+0000] {processor.py:183} INFO - Processing /home/airflow/.local/lib/python3.8/site-packages/airflow/example_dags/example_branch_python_dop_operator_3.py took 0.579 seconds
[2024-10-01T13:23:27.200+0000] {processor.py:161} INFO - Started process (PID=1040) to work on /home/airflow/.local/lib/python3.8/site-packages/airflow/example_dags/example_branch_python_dop_operator_3.py
[2024-10-01T13:23:27.202+0000] {processor.py:830} INFO - Processing file /home/airflow/.local/lib/python3.8/site-packages/airflow/example_dags/example_branch_python_dop_operator_3.py for tasks to queue
[2024-10-01T13:23:27.205+0000] {logging_mixin.py:188} INFO - [2024-10-01T13:23:27.205+0000] {dagbag.py:538} INFO - Filling up the DagBag from /home/airflow/.local/lib/python3.8/site-packages/airflow/example_dags/example_branch_python_dop_operator_3.py
[2024-10-01T13:23:27.225+0000] {processor.py:840} INFO - DAG(s) 'example_branch_dop_operator_v3' retrieved from /home/airflow/.local/lib/python3.8/site-packages/airflow/example_dags/example_branch_python_dop_operator_3.py
[2024-10-01T13:23:27.267+0000] {logging_mixin.py:188} INFO - [2024-10-01T13:23:27.267+0000] {dag.py:3036} INFO - Sync 1 DAGs
[2024-10-01T13:23:27.323+0000] {logging_mixin.py:188} INFO - [2024-10-01T13:23:27.323+0000] {dag.py:3823} INFO - Setting next_dagrun for example_branch_dop_operator_v3 to 2024-10-01 13:22:00+00:00, run_after=2024-10-01 13:23:00+00:00
[2024-10-01T13:23:27.439+0000] {processor.py:183} INFO - Processing /home/airflow/.local/lib/python3.8/site-packages/airflow/example_dags/example_branch_python_dop_operator_3.py took 0.244 seconds
[2024-10-01T13:23:58.004+0000] {processor.py:161} INFO - Started process (PID=1096) to work on /home/airflow/.local/lib/python3.8/site-packages/airflow/example_dags/example_branch_python_dop_operator_3.py
[2024-10-01T13:23:58.006+0000] {processor.py:830} INFO - Processing file /home/airflow/.local/lib/python3.8/site-packages/airflow/example_dags/example_branch_python_dop_operator_3.py for tasks to queue
[2024-10-01T13:23:58.011+0000] {logging_mixin.py:188} INFO - [2024-10-01T13:23:58.009+0000] {dagbag.py:538} INFO - Filling up the DagBag from /home/airflow/.local/lib/python3.8/site-packages/airflow/example_dags/example_branch_python_dop_operator_3.py
[2024-10-01T13:23:58.037+0000] {processor.py:840} INFO - DAG(s) 'example_branch_dop_operator_v3' retrieved from /home/airflow/.local/lib/python3.8/site-packages/airflow/example_dags/example_branch_python_dop_operator_3.py
[2024-10-01T13:23:58.073+0000] {logging_mixin.py:188} INFO - [2024-10-01T13:23:58.073+0000] {dag.py:3036} INFO - Sync 1 DAGs
[2024-10-01T13:23:58.122+0000] {logging_mixin.py:188} INFO - [2024-10-01T13:23:58.122+0000] {dag.py:3823} INFO - Setting next_dagrun for example_branch_dop_operator_v3 to 2024-10-01 13:22:00+00:00, run_after=2024-10-01 13:23:00+00:00
[2024-10-01T13:23:58.242+0000] {processor.py:183} INFO - Processing /home/airflow/.local/lib/python3.8/site-packages/airflow/example_dags/example_branch_python_dop_operator_3.py took 0.247 seconds
[2024-10-01T13:24:28.301+0000] {processor.py:161} INFO - Started process (PID=1152) to work on /home/airflow/.local/lib/python3.8/site-packages/airflow/example_dags/example_branch_python_dop_operator_3.py
[2024-10-01T13:24:28.303+0000] {processor.py:830} INFO - Processing file /home/airflow/.local/lib/python3.8/site-packages/airflow/example_dags/example_branch_python_dop_operator_3.py for tasks to queue
[2024-10-01T13:24:28.305+0000] {logging_mixin.py:188} INFO - [2024-10-01T13:24:28.305+0000] {dagbag.py:538} INFO - Filling up the DagBag from /home/airflow/.local/lib/python3.8/site-packages/airflow/example_dags/example_branch_python_dop_operator_3.py
[2024-10-01T13:24:28.322+0000] {processor.py:840} INFO - DAG(s) 'example_branch_dop_operator_v3' retrieved from /home/airflow/.local/lib/python3.8/site-packages/airflow/example_dags/example_branch_python_dop_operator_3.py
[2024-10-01T13:24:28.360+0000] {logging_mixin.py:188} INFO - [2024-10-01T13:24:28.359+0000] {dag.py:3036} INFO - Sync 1 DAGs
[2024-10-01T13:24:28.402+0000] {logging_mixin.py:188} INFO - [2024-10-01T13:24:28.401+0000] {dag.py:3823} INFO - Setting next_dagrun for example_branch_dop_operator_v3 to 2024-10-01 13:23:00+00:00, run_after=2024-10-01 13:24:00+00:00
[2024-10-01T13:24:28.444+0000] {processor.py:183} INFO - Processing /home/airflow/.local/lib/python3.8/site-packages/airflow/example_dags/example_branch_python_dop_operator_3.py took 0.148 seconds
[2024-10-01T13:24:59.416+0000] {processor.py:161} INFO - Started process (PID=1208) to work on /home/airflow/.local/lib/python3.8/site-packages/airflow/example_dags/example_branch_python_dop_operator_3.py
[2024-10-01T13:24:59.418+0000] {processor.py:830} INFO - Processing file /home/airflow/.local/lib/python3.8/site-packages/airflow/example_dags/example_branch_python_dop_operator_3.py for tasks to queue
[2024-10-01T13:24:59.421+0000] {logging_mixin.py:188} INFO - [2024-10-01T13:24:59.420+0000] {dagbag.py:538} INFO - Filling up the DagBag from /home/airflow/.local/lib/python3.8/site-packages/airflow/example_dags/example_branch_python_dop_operator_3.py
[2024-10-01T13:24:59.434+0000] {processor.py:840} INFO - DAG(s) 'example_branch_dop_operator_v3' retrieved from /home/airflow/.local/lib/python3.8/site-packages/airflow/example_dags/example_branch_python_dop_operator_3.py
[2024-10-01T13:24:59.461+0000] {logging_mixin.py:188} INFO - [2024-10-01T13:24:59.461+0000] {dag.py:3036} INFO - Sync 1 DAGs
[2024-10-01T13:24:59.683+0000] {logging_mixin.py:188} INFO - [2024-10-01T13:24:59.682+0000] {dag.py:3823} INFO - Setting next_dagrun for example_branch_dop_operator_v3 to 2024-10-01 13:23:00+00:00, run_after=2024-10-01 13:24:00+00:00
[2024-10-01T13:24:59.846+0000] {processor.py:183} INFO - Processing /home/airflow/.local/lib/python3.8/site-packages/airflow/example_dags/example_branch_python_dop_operator_3.py took 0.434 seconds
[2024-10-01T13:25:30.203+0000] {processor.py:161} INFO - Started process (PID=1264) to work on /home/airflow/.local/lib/python3.8/site-packages/airflow/example_dags/example_branch_python_dop_operator_3.py
[2024-10-01T13:25:30.206+0000] {processor.py:830} INFO - Processing file /home/airflow/.local/lib/python3.8/site-packages/airflow/example_dags/example_branch_python_dop_operator_3.py for tasks to queue
[2024-10-01T13:25:30.210+0000] {logging_mixin.py:188} INFO - [2024-10-01T13:25:30.209+0000] {dagbag.py:538} INFO - Filling up the DagBag from /home/airflow/.local/lib/python3.8/site-packages/airflow/example_dags/example_branch_python_dop_operator_3.py
[2024-10-01T13:25:30.229+0000] {processor.py:840} INFO - DAG(s) 'example_branch_dop_operator_v3' retrieved from /home/airflow/.local/lib/python3.8/site-packages/airflow/example_dags/example_branch_python_dop_operator_3.py
[2024-10-01T13:25:30.276+0000] {logging_mixin.py:188} INFO - [2024-10-01T13:25:30.275+0000] {dag.py:3036} INFO - Sync 1 DAGs
[2024-10-01T13:25:30.345+0000] {logging_mixin.py:188} INFO - [2024-10-01T13:25:30.344+0000] {dag.py:3823} INFO - Setting next_dagrun for example_branch_dop_operator_v3 to 2024-10-01 13:24:00+00:00, run_after=2024-10-01 13:25:00+00:00
[2024-10-01T13:25:30.491+0000] {processor.py:183} INFO - Processing /home/airflow/.local/lib/python3.8/site-packages/airflow/example_dags/example_branch_python_dop_operator_3.py took 0.294 seconds
