[2024-10-01T13:14:56.865+0000] {processor.py:161} INFO - Started process (PID=115) to work on /home/airflow/.local/lib/python3.8/site-packages/airflow/example_dags/example_sensor_decorator.py
[2024-10-01T13:14:56.867+0000] {processor.py:830} INFO - Processing file /home/airflow/.local/lib/python3.8/site-packages/airflow/example_dags/example_sensor_decorator.py for tasks to queue
[2024-10-01T13:14:56.871+0000] {logging_mixin.py:188} INFO - [2024-10-01T13:14:56.871+0000] {dagbag.py:538} INFO - Filling up the DagBag from /home/airflow/.local/lib/python3.8/site-packages/airflow/example_dags/example_sensor_decorator.py
[2024-10-01T13:14:56.893+0000] {processor.py:840} INFO - DAG(s) 'example_sensor_decorator' retrieved from /home/airflow/.local/lib/python3.8/site-packages/airflow/example_dags/example_sensor_decorator.py
[2024-10-01T13:14:57.267+0000] {logging_mixin.py:188} INFO - [2024-10-01T13:14:57.266+0000] {dag.py:3036} INFO - Sync 1 DAGs
[2024-10-01T13:14:57.296+0000] {logging_mixin.py:188} INFO - [2024-10-01T13:14:57.296+0000] {dag.py:3823} INFO - Setting next_dagrun for example_sensor_decorator to None, run_after=None
[2024-10-01T13:14:57.361+0000] {processor.py:183} INFO - Processing /home/airflow/.local/lib/python3.8/site-packages/airflow/example_dags/example_sensor_decorator.py took 0.503 seconds
[2024-10-01T13:15:27.827+0000] {processor.py:161} INFO - Started process (PID=171) to work on /home/airflow/.local/lib/python3.8/site-packages/airflow/example_dags/example_sensor_decorator.py
[2024-10-01T13:15:27.828+0000] {processor.py:830} INFO - Processing file /home/airflow/.local/lib/python3.8/site-packages/airflow/example_dags/example_sensor_decorator.py for tasks to queue
[2024-10-01T13:15:27.830+0000] {logging_mixin.py:188} INFO - [2024-10-01T13:15:27.829+0000] {dagbag.py:538} INFO - Filling up the DagBag from /home/airflow/.local/lib/python3.8/site-packages/airflow/example_dags/example_sensor_decorator.py
[2024-10-01T13:15:27.836+0000] {processor.py:840} INFO - DAG(s) 'example_sensor_decorator' retrieved from /home/airflow/.local/lib/python3.8/site-packages/airflow/example_dags/example_sensor_decorator.py
[2024-10-01T13:15:27.857+0000] {logging_mixin.py:188} INFO - [2024-10-01T13:15:27.857+0000] {dag.py:3036} INFO - Sync 1 DAGs
[2024-10-01T13:15:27.871+0000] {logging_mixin.py:188} INFO - [2024-10-01T13:15:27.870+0000] {dag.py:3823} INFO - Setting next_dagrun for example_sensor_decorator to None, run_after=None
[2024-10-01T13:15:27.900+0000] {processor.py:183} INFO - Processing /home/airflow/.local/lib/python3.8/site-packages/airflow/example_dags/example_sensor_decorator.py took 0.076 seconds
[2024-10-01T13:15:58.875+0000] {processor.py:161} INFO - Started process (PID=227) to work on /home/airflow/.local/lib/python3.8/site-packages/airflow/example_dags/example_sensor_decorator.py
[2024-10-01T13:15:58.877+0000] {processor.py:830} INFO - Processing file /home/airflow/.local/lib/python3.8/site-packages/airflow/example_dags/example_sensor_decorator.py for tasks to queue
[2024-10-01T13:15:58.880+0000] {logging_mixin.py:188} INFO - [2024-10-01T13:15:58.879+0000] {dagbag.py:538} INFO - Filling up the DagBag from /home/airflow/.local/lib/python3.8/site-packages/airflow/example_dags/example_sensor_decorator.py
[2024-10-01T13:15:58.892+0000] {processor.py:840} INFO - DAG(s) 'example_sensor_decorator' retrieved from /home/airflow/.local/lib/python3.8/site-packages/airflow/example_dags/example_sensor_decorator.py
[2024-10-01T13:15:58.917+0000] {logging_mixin.py:188} INFO - [2024-10-01T13:15:58.917+0000] {dag.py:3036} INFO - Sync 1 DAGs
[2024-10-01T13:15:58.932+0000] {logging_mixin.py:188} INFO - [2024-10-01T13:15:58.932+0000] {dag.py:3823} INFO - Setting next_dagrun for example_sensor_decorator to None, run_after=None
[2024-10-01T13:15:58.971+0000] {processor.py:183} INFO - Processing /home/airflow/.local/lib/python3.8/site-packages/airflow/example_dags/example_sensor_decorator.py took 0.101 seconds
[2024-10-01T13:16:29.517+0000] {processor.py:161} INFO - Started process (PID=284) to work on /home/airflow/.local/lib/python3.8/site-packages/airflow/example_dags/example_sensor_decorator.py
[2024-10-01T13:16:29.519+0000] {processor.py:830} INFO - Processing file /home/airflow/.local/lib/python3.8/site-packages/airflow/example_dags/example_sensor_decorator.py for tasks to queue
[2024-10-01T13:16:29.522+0000] {logging_mixin.py:188} INFO - [2024-10-01T13:16:29.521+0000] {dagbag.py:538} INFO - Filling up the DagBag from /home/airflow/.local/lib/python3.8/site-packages/airflow/example_dags/example_sensor_decorator.py
[2024-10-01T13:16:29.528+0000] {processor.py:840} INFO - DAG(s) 'example_sensor_decorator' retrieved from /home/airflow/.local/lib/python3.8/site-packages/airflow/example_dags/example_sensor_decorator.py
[2024-10-01T13:16:29.555+0000] {logging_mixin.py:188} INFO - [2024-10-01T13:16:29.554+0000] {dag.py:3036} INFO - Sync 1 DAGs
[2024-10-01T13:16:29.574+0000] {logging_mixin.py:188} INFO - [2024-10-01T13:16:29.574+0000] {dag.py:3823} INFO - Setting next_dagrun for example_sensor_decorator to None, run_after=None
[2024-10-01T13:16:30.471+0000] {processor.py:183} INFO - Processing /home/airflow/.local/lib/python3.8/site-packages/airflow/example_dags/example_sensor_decorator.py took 0.959 seconds
[2024-10-01T13:17:03.225+0000] {processor.py:161} INFO - Started process (PID=345) to work on /home/airflow/.local/lib/python3.8/site-packages/airflow/example_dags/example_sensor_decorator.py
[2024-10-01T13:17:03.227+0000] {processor.py:830} INFO - Processing file /home/airflow/.local/lib/python3.8/site-packages/airflow/example_dags/example_sensor_decorator.py for tasks to queue
[2024-10-01T13:17:03.229+0000] {logging_mixin.py:188} INFO - [2024-10-01T13:17:03.229+0000] {dagbag.py:538} INFO - Filling up the DagBag from /home/airflow/.local/lib/python3.8/site-packages/airflow/example_dags/example_sensor_decorator.py
[2024-10-01T13:17:03.237+0000] {processor.py:840} INFO - DAG(s) 'example_sensor_decorator' retrieved from /home/airflow/.local/lib/python3.8/site-packages/airflow/example_dags/example_sensor_decorator.py
[2024-10-01T13:17:03.266+0000] {logging_mixin.py:188} INFO - [2024-10-01T13:17:03.266+0000] {dag.py:3036} INFO - Sync 1 DAGs
[2024-10-01T13:17:03.282+0000] {logging_mixin.py:188} INFO - [2024-10-01T13:17:03.281+0000] {dag.py:3823} INFO - Setting next_dagrun for example_sensor_decorator to None, run_after=None
[2024-10-01T13:17:03.317+0000] {processor.py:183} INFO - Processing /home/airflow/.local/lib/python3.8/site-packages/airflow/example_dags/example_sensor_decorator.py took 0.096 seconds
[2024-10-01T13:17:33.696+0000] {processor.py:161} INFO - Started process (PID=401) to work on /home/airflow/.local/lib/python3.8/site-packages/airflow/example_dags/example_sensor_decorator.py
[2024-10-01T13:17:33.698+0000] {processor.py:830} INFO - Processing file /home/airflow/.local/lib/python3.8/site-packages/airflow/example_dags/example_sensor_decorator.py for tasks to queue
[2024-10-01T13:17:33.700+0000] {logging_mixin.py:188} INFO - [2024-10-01T13:17:33.700+0000] {dagbag.py:538} INFO - Filling up the DagBag from /home/airflow/.local/lib/python3.8/site-packages/airflow/example_dags/example_sensor_decorator.py
[2024-10-01T13:17:33.707+0000] {processor.py:840} INFO - DAG(s) 'example_sensor_decorator' retrieved from /home/airflow/.local/lib/python3.8/site-packages/airflow/example_dags/example_sensor_decorator.py
[2024-10-01T13:17:33.731+0000] {logging_mixin.py:188} INFO - [2024-10-01T13:17:33.730+0000] {dag.py:3036} INFO - Sync 1 DAGs
[2024-10-01T13:17:33.745+0000] {logging_mixin.py:188} INFO - [2024-10-01T13:17:33.745+0000] {dag.py:3823} INFO - Setting next_dagrun for example_sensor_decorator to None, run_after=None
[2024-10-01T13:17:33.781+0000] {processor.py:183} INFO - Processing /home/airflow/.local/lib/python3.8/site-packages/airflow/example_dags/example_sensor_decorator.py took 0.087 seconds
[2024-10-01T13:18:04.210+0000] {processor.py:161} INFO - Started process (PID=457) to work on /home/airflow/.local/lib/python3.8/site-packages/airflow/example_dags/example_sensor_decorator.py
[2024-10-01T13:18:04.211+0000] {processor.py:830} INFO - Processing file /home/airflow/.local/lib/python3.8/site-packages/airflow/example_dags/example_sensor_decorator.py for tasks to queue
[2024-10-01T13:18:04.213+0000] {logging_mixin.py:188} INFO - [2024-10-01T13:18:04.213+0000] {dagbag.py:538} INFO - Filling up the DagBag from /home/airflow/.local/lib/python3.8/site-packages/airflow/example_dags/example_sensor_decorator.py
[2024-10-01T13:18:04.223+0000] {processor.py:840} INFO - DAG(s) 'example_sensor_decorator' retrieved from /home/airflow/.local/lib/python3.8/site-packages/airflow/example_dags/example_sensor_decorator.py
[2024-10-01T13:18:04.246+0000] {logging_mixin.py:188} INFO - [2024-10-01T13:18:04.246+0000] {dag.py:3036} INFO - Sync 1 DAGs
[2024-10-01T13:18:04.264+0000] {logging_mixin.py:188} INFO - [2024-10-01T13:18:04.264+0000] {dag.py:3823} INFO - Setting next_dagrun for example_sensor_decorator to None, run_after=None
[2024-10-01T13:18:04.295+0000] {processor.py:183} INFO - Processing /home/airflow/.local/lib/python3.8/site-packages/airflow/example_dags/example_sensor_decorator.py took 0.088 seconds
[2024-10-01T13:18:34.938+0000] {processor.py:161} INFO - Started process (PID=513) to work on /home/airflow/.local/lib/python3.8/site-packages/airflow/example_dags/example_sensor_decorator.py
[2024-10-01T13:18:34.940+0000] {processor.py:830} INFO - Processing file /home/airflow/.local/lib/python3.8/site-packages/airflow/example_dags/example_sensor_decorator.py for tasks to queue
[2024-10-01T13:18:34.943+0000] {logging_mixin.py:188} INFO - [2024-10-01T13:18:34.943+0000] {dagbag.py:538} INFO - Filling up the DagBag from /home/airflow/.local/lib/python3.8/site-packages/airflow/example_dags/example_sensor_decorator.py
[2024-10-01T13:18:34.957+0000] {processor.py:840} INFO - DAG(s) 'example_sensor_decorator' retrieved from /home/airflow/.local/lib/python3.8/site-packages/airflow/example_dags/example_sensor_decorator.py
[2024-10-01T13:18:35.000+0000] {logging_mixin.py:188} INFO - [2024-10-01T13:18:35.000+0000] {dag.py:3036} INFO - Sync 1 DAGs
[2024-10-01T13:18:35.022+0000] {logging_mixin.py:188} INFO - [2024-10-01T13:18:35.022+0000] {dag.py:3823} INFO - Setting next_dagrun for example_sensor_decorator to None, run_after=None
[2024-10-01T13:18:35.067+0000] {processor.py:183} INFO - Processing /home/airflow/.local/lib/python3.8/site-packages/airflow/example_dags/example_sensor_decorator.py took 0.135 seconds
[2024-10-01T13:19:05.412+0000] {processor.py:161} INFO - Started process (PID=575) to work on /home/airflow/.local/lib/python3.8/site-packages/airflow/example_dags/example_sensor_decorator.py
[2024-10-01T13:19:05.413+0000] {processor.py:830} INFO - Processing file /home/airflow/.local/lib/python3.8/site-packages/airflow/example_dags/example_sensor_decorator.py for tasks to queue
[2024-10-01T13:19:05.416+0000] {logging_mixin.py:188} INFO - [2024-10-01T13:19:05.416+0000] {dagbag.py:538} INFO - Filling up the DagBag from /home/airflow/.local/lib/python3.8/site-packages/airflow/example_dags/example_sensor_decorator.py
[2024-10-01T13:19:05.429+0000] {processor.py:840} INFO - DAG(s) 'example_sensor_decorator' retrieved from /home/airflow/.local/lib/python3.8/site-packages/airflow/example_dags/example_sensor_decorator.py
[2024-10-01T13:19:05.464+0000] {logging_mixin.py:188} INFO - [2024-10-01T13:19:05.463+0000] {dag.py:3036} INFO - Sync 1 DAGs
[2024-10-01T13:19:05.488+0000] {logging_mixin.py:188} INFO - [2024-10-01T13:19:05.487+0000] {dag.py:3823} INFO - Setting next_dagrun for example_sensor_decorator to None, run_after=None
[2024-10-01T13:19:05.529+0000] {processor.py:183} INFO - Processing /home/airflow/.local/lib/python3.8/site-packages/airflow/example_dags/example_sensor_decorator.py took 0.121 seconds
[2024-10-01T13:19:36.289+0000] {processor.py:161} INFO - Started process (PID=632) to work on /home/airflow/.local/lib/python3.8/site-packages/airflow/example_dags/example_sensor_decorator.py
[2024-10-01T13:19:36.291+0000] {processor.py:830} INFO - Processing file /home/airflow/.local/lib/python3.8/site-packages/airflow/example_dags/example_sensor_decorator.py for tasks to queue
[2024-10-01T13:19:36.294+0000] {logging_mixin.py:188} INFO - [2024-10-01T13:19:36.293+0000] {dagbag.py:538} INFO - Filling up the DagBag from /home/airflow/.local/lib/python3.8/site-packages/airflow/example_dags/example_sensor_decorator.py
[2024-10-01T13:19:36.301+0000] {processor.py:840} INFO - DAG(s) 'example_sensor_decorator' retrieved from /home/airflow/.local/lib/python3.8/site-packages/airflow/example_dags/example_sensor_decorator.py
[2024-10-01T13:19:36.325+0000] {logging_mixin.py:188} INFO - [2024-10-01T13:19:36.325+0000] {dag.py:3036} INFO - Sync 1 DAGs
[2024-10-01T13:19:36.340+0000] {logging_mixin.py:188} INFO - [2024-10-01T13:19:36.340+0000] {dag.py:3823} INFO - Setting next_dagrun for example_sensor_decorator to None, run_after=None
[2024-10-01T13:19:36.392+0000] {processor.py:183} INFO - Processing /home/airflow/.local/lib/python3.8/site-packages/airflow/example_dags/example_sensor_decorator.py took 0.108 seconds
[2024-10-01T13:20:07.380+0000] {processor.py:161} INFO - Started process (PID=689) to work on /home/airflow/.local/lib/python3.8/site-packages/airflow/example_dags/example_sensor_decorator.py
[2024-10-01T13:20:07.381+0000] {processor.py:830} INFO - Processing file /home/airflow/.local/lib/python3.8/site-packages/airflow/example_dags/example_sensor_decorator.py for tasks to queue
[2024-10-01T13:20:07.384+0000] {logging_mixin.py:188} INFO - [2024-10-01T13:20:07.383+0000] {dagbag.py:538} INFO - Filling up the DagBag from /home/airflow/.local/lib/python3.8/site-packages/airflow/example_dags/example_sensor_decorator.py
[2024-10-01T13:20:07.390+0000] {processor.py:840} INFO - DAG(s) 'example_sensor_decorator' retrieved from /home/airflow/.local/lib/python3.8/site-packages/airflow/example_dags/example_sensor_decorator.py
[2024-10-01T13:20:07.414+0000] {logging_mixin.py:188} INFO - [2024-10-01T13:20:07.414+0000] {dag.py:3036} INFO - Sync 1 DAGs
[2024-10-01T13:20:07.429+0000] {logging_mixin.py:188} INFO - [2024-10-01T13:20:07.429+0000] {dag.py:3823} INFO - Setting next_dagrun for example_sensor_decorator to None, run_after=None
[2024-10-01T13:20:07.465+0000] {processor.py:183} INFO - Processing /home/airflow/.local/lib/python3.8/site-packages/airflow/example_dags/example_sensor_decorator.py took 0.089 seconds
[2024-10-01T13:20:38.008+0000] {processor.py:161} INFO - Started process (PID=745) to work on /home/airflow/.local/lib/python3.8/site-packages/airflow/example_dags/example_sensor_decorator.py
[2024-10-01T13:20:38.009+0000] {processor.py:830} INFO - Processing file /home/airflow/.local/lib/python3.8/site-packages/airflow/example_dags/example_sensor_decorator.py for tasks to queue
[2024-10-01T13:20:38.011+0000] {logging_mixin.py:188} INFO - [2024-10-01T13:20:38.011+0000] {dagbag.py:538} INFO - Filling up the DagBag from /home/airflow/.local/lib/python3.8/site-packages/airflow/example_dags/example_sensor_decorator.py
[2024-10-01T13:20:38.021+0000] {processor.py:840} INFO - DAG(s) 'example_sensor_decorator' retrieved from /home/airflow/.local/lib/python3.8/site-packages/airflow/example_dags/example_sensor_decorator.py
[2024-10-01T13:20:38.047+0000] {logging_mixin.py:188} INFO - [2024-10-01T13:20:38.046+0000] {dag.py:3036} INFO - Sync 1 DAGs
[2024-10-01T13:20:38.067+0000] {logging_mixin.py:188} INFO - [2024-10-01T13:20:38.067+0000] {dag.py:3823} INFO - Setting next_dagrun for example_sensor_decorator to None, run_after=None
[2024-10-01T13:20:38.101+0000] {processor.py:183} INFO - Processing /home/airflow/.local/lib/python3.8/site-packages/airflow/example_dags/example_sensor_decorator.py took 0.097 seconds
[2024-10-01T13:21:08.148+0000] {processor.py:161} INFO - Started process (PID=801) to work on /home/airflow/.local/lib/python3.8/site-packages/airflow/example_dags/example_sensor_decorator.py
[2024-10-01T13:21:08.149+0000] {processor.py:830} INFO - Processing file /home/airflow/.local/lib/python3.8/site-packages/airflow/example_dags/example_sensor_decorator.py for tasks to queue
[2024-10-01T13:21:08.151+0000] {logging_mixin.py:188} INFO - [2024-10-01T13:21:08.150+0000] {dagbag.py:538} INFO - Filling up the DagBag from /home/airflow/.local/lib/python3.8/site-packages/airflow/example_dags/example_sensor_decorator.py
[2024-10-01T13:21:08.157+0000] {processor.py:840} INFO - DAG(s) 'example_sensor_decorator' retrieved from /home/airflow/.local/lib/python3.8/site-packages/airflow/example_dags/example_sensor_decorator.py
[2024-10-01T13:21:08.178+0000] {logging_mixin.py:188} INFO - [2024-10-01T13:21:08.178+0000] {dag.py:3036} INFO - Sync 1 DAGs
[2024-10-01T13:21:08.191+0000] {logging_mixin.py:188} INFO - [2024-10-01T13:21:08.191+0000] {dag.py:3823} INFO - Setting next_dagrun for example_sensor_decorator to None, run_after=None
[2024-10-01T13:21:08.227+0000] {processor.py:183} INFO - Processing /home/airflow/.local/lib/python3.8/site-packages/airflow/example_dags/example_sensor_decorator.py took 0.082 seconds
[2024-10-01T13:21:38.963+0000] {processor.py:161} INFO - Started process (PID=857) to work on /home/airflow/.local/lib/python3.8/site-packages/airflow/example_dags/example_sensor_decorator.py
[2024-10-01T13:21:38.964+0000] {processor.py:830} INFO - Processing file /home/airflow/.local/lib/python3.8/site-packages/airflow/example_dags/example_sensor_decorator.py for tasks to queue
[2024-10-01T13:21:38.967+0000] {logging_mixin.py:188} INFO - [2024-10-01T13:21:38.966+0000] {dagbag.py:538} INFO - Filling up the DagBag from /home/airflow/.local/lib/python3.8/site-packages/airflow/example_dags/example_sensor_decorator.py
[2024-10-01T13:21:38.974+0000] {processor.py:840} INFO - DAG(s) 'example_sensor_decorator' retrieved from /home/airflow/.local/lib/python3.8/site-packages/airflow/example_dags/example_sensor_decorator.py
[2024-10-01T13:21:39.000+0000] {logging_mixin.py:188} INFO - [2024-10-01T13:21:39.000+0000] {dag.py:3036} INFO - Sync 1 DAGs
[2024-10-01T13:21:39.017+0000] {logging_mixin.py:188} INFO - [2024-10-01T13:21:39.016+0000] {dag.py:3823} INFO - Setting next_dagrun for example_sensor_decorator to None, run_after=None
[2024-10-01T13:21:39.060+0000] {processor.py:183} INFO - Processing /home/airflow/.local/lib/python3.8/site-packages/airflow/example_dags/example_sensor_decorator.py took 0.101 seconds
[2024-10-01T13:22:10.139+0000] {processor.py:161} INFO - Started process (PID=913) to work on /home/airflow/.local/lib/python3.8/site-packages/airflow/example_dags/example_sensor_decorator.py
[2024-10-01T13:22:10.141+0000] {processor.py:830} INFO - Processing file /home/airflow/.local/lib/python3.8/site-packages/airflow/example_dags/example_sensor_decorator.py for tasks to queue
[2024-10-01T13:22:10.146+0000] {logging_mixin.py:188} INFO - [2024-10-01T13:22:10.145+0000] {dagbag.py:538} INFO - Filling up the DagBag from /home/airflow/.local/lib/python3.8/site-packages/airflow/example_dags/example_sensor_decorator.py
[2024-10-01T13:22:10.163+0000] {processor.py:840} INFO - DAG(s) 'example_sensor_decorator' retrieved from /home/airflow/.local/lib/python3.8/site-packages/airflow/example_dags/example_sensor_decorator.py
[2024-10-01T13:22:10.204+0000] {logging_mixin.py:188} INFO - [2024-10-01T13:22:10.203+0000] {dag.py:3036} INFO - Sync 1 DAGs
[2024-10-01T13:22:10.231+0000] {logging_mixin.py:188} INFO - [2024-10-01T13:22:10.230+0000] {dag.py:3823} INFO - Setting next_dagrun for example_sensor_decorator to None, run_after=None
[2024-10-01T13:22:10.336+0000] {processor.py:183} INFO - Processing /home/airflow/.local/lib/python3.8/site-packages/airflow/example_dags/example_sensor_decorator.py took 0.204 seconds
[2024-10-01T13:22:44.351+0000] {processor.py:161} INFO - Started process (PID=970) to work on /home/airflow/.local/lib/python3.8/site-packages/airflow/example_dags/example_sensor_decorator.py
[2024-10-01T13:22:44.354+0000] {processor.py:830} INFO - Processing file /home/airflow/.local/lib/python3.8/site-packages/airflow/example_dags/example_sensor_decorator.py for tasks to queue
[2024-10-01T13:22:44.358+0000] {logging_mixin.py:188} INFO - [2024-10-01T13:22:44.358+0000] {dagbag.py:538} INFO - Filling up the DagBag from /home/airflow/.local/lib/python3.8/site-packages/airflow/example_dags/example_sensor_decorator.py
[2024-10-01T13:22:44.368+0000] {processor.py:840} INFO - DAG(s) 'example_sensor_decorator' retrieved from /home/airflow/.local/lib/python3.8/site-packages/airflow/example_dags/example_sensor_decorator.py
[2024-10-01T13:22:44.432+0000] {logging_mixin.py:188} INFO - [2024-10-01T13:22:44.431+0000] {dag.py:3036} INFO - Sync 1 DAGs
[2024-10-01T13:22:44.469+0000] {logging_mixin.py:188} INFO - [2024-10-01T13:22:44.469+0000] {dag.py:3823} INFO - Setting next_dagrun for example_sensor_decorator to None, run_after=None
[2024-10-01T13:22:44.701+0000] {processor.py:183} INFO - Processing /home/airflow/.local/lib/python3.8/site-packages/airflow/example_dags/example_sensor_decorator.py took 0.357 seconds
[2024-10-01T13:23:14.933+0000] {processor.py:161} INFO - Started process (PID=1026) to work on /home/airflow/.local/lib/python3.8/site-packages/airflow/example_dags/example_sensor_decorator.py
[2024-10-01T13:23:14.935+0000] {processor.py:830} INFO - Processing file /home/airflow/.local/lib/python3.8/site-packages/airflow/example_dags/example_sensor_decorator.py for tasks to queue
[2024-10-01T13:23:14.939+0000] {logging_mixin.py:188} INFO - [2024-10-01T13:23:14.938+0000] {dagbag.py:538} INFO - Filling up the DagBag from /home/airflow/.local/lib/python3.8/site-packages/airflow/example_dags/example_sensor_decorator.py
[2024-10-01T13:23:14.952+0000] {processor.py:840} INFO - DAG(s) 'example_sensor_decorator' retrieved from /home/airflow/.local/lib/python3.8/site-packages/airflow/example_dags/example_sensor_decorator.py
[2024-10-01T13:23:14.990+0000] {logging_mixin.py:188} INFO - [2024-10-01T13:23:14.990+0000] {dag.py:3036} INFO - Sync 1 DAGs
[2024-10-01T13:23:15.015+0000] {logging_mixin.py:188} INFO - [2024-10-01T13:23:15.014+0000] {dag.py:3823} INFO - Setting next_dagrun for example_sensor_decorator to None, run_after=None
[2024-10-01T13:23:15.069+0000] {processor.py:183} INFO - Processing /home/airflow/.local/lib/python3.8/site-packages/airflow/example_dags/example_sensor_decorator.py took 0.142 seconds
[2024-10-01T13:23:46.291+0000] {processor.py:161} INFO - Started process (PID=1082) to work on /home/airflow/.local/lib/python3.8/site-packages/airflow/example_dags/example_sensor_decorator.py
[2024-10-01T13:23:46.295+0000] {processor.py:830} INFO - Processing file /home/airflow/.local/lib/python3.8/site-packages/airflow/example_dags/example_sensor_decorator.py for tasks to queue
[2024-10-01T13:23:46.298+0000] {logging_mixin.py:188} INFO - [2024-10-01T13:23:46.298+0000] {dagbag.py:538} INFO - Filling up the DagBag from /home/airflow/.local/lib/python3.8/site-packages/airflow/example_dags/example_sensor_decorator.py
[2024-10-01T13:23:46.318+0000] {processor.py:840} INFO - DAG(s) 'example_sensor_decorator' retrieved from /home/airflow/.local/lib/python3.8/site-packages/airflow/example_dags/example_sensor_decorator.py
[2024-10-01T13:23:46.362+0000] {logging_mixin.py:188} INFO - [2024-10-01T13:23:46.362+0000] {dag.py:3036} INFO - Sync 1 DAGs
[2024-10-01T13:23:46.389+0000] {logging_mixin.py:188} INFO - [2024-10-01T13:23:46.387+0000] {dag.py:3823} INFO - Setting next_dagrun for example_sensor_decorator to None, run_after=None
[2024-10-01T13:23:46.702+0000] {processor.py:183} INFO - Processing /home/airflow/.local/lib/python3.8/site-packages/airflow/example_dags/example_sensor_decorator.py took 0.417 seconds
[2024-10-01T13:24:17.033+0000] {processor.py:161} INFO - Started process (PID=1138) to work on /home/airflow/.local/lib/python3.8/site-packages/airflow/example_dags/example_sensor_decorator.py
[2024-10-01T13:24:17.035+0000] {processor.py:830} INFO - Processing file /home/airflow/.local/lib/python3.8/site-packages/airflow/example_dags/example_sensor_decorator.py for tasks to queue
[2024-10-01T13:24:17.037+0000] {logging_mixin.py:188} INFO - [2024-10-01T13:24:17.037+0000] {dagbag.py:538} INFO - Filling up the DagBag from /home/airflow/.local/lib/python3.8/site-packages/airflow/example_dags/example_sensor_decorator.py
[2024-10-01T13:24:17.044+0000] {processor.py:840} INFO - DAG(s) 'example_sensor_decorator' retrieved from /home/airflow/.local/lib/python3.8/site-packages/airflow/example_dags/example_sensor_decorator.py
[2024-10-01T13:24:17.069+0000] {logging_mixin.py:188} INFO - [2024-10-01T13:24:17.069+0000] {dag.py:3036} INFO - Sync 1 DAGs
[2024-10-01T13:24:17.090+0000] {logging_mixin.py:188} INFO - [2024-10-01T13:24:17.090+0000] {dag.py:3823} INFO - Setting next_dagrun for example_sensor_decorator to None, run_after=None
[2024-10-01T13:24:17.127+0000] {processor.py:183} INFO - Processing /home/airflow/.local/lib/python3.8/site-packages/airflow/example_dags/example_sensor_decorator.py took 0.098 seconds
[2024-10-01T13:24:48.545+0000] {processor.py:161} INFO - Started process (PID=1194) to work on /home/airflow/.local/lib/python3.8/site-packages/airflow/example_dags/example_sensor_decorator.py
[2024-10-01T13:24:48.548+0000] {processor.py:830} INFO - Processing file /home/airflow/.local/lib/python3.8/site-packages/airflow/example_dags/example_sensor_decorator.py for tasks to queue
[2024-10-01T13:24:48.554+0000] {logging_mixin.py:188} INFO - [2024-10-01T13:24:48.553+0000] {dagbag.py:538} INFO - Filling up the DagBag from /home/airflow/.local/lib/python3.8/site-packages/airflow/example_dags/example_sensor_decorator.py
[2024-10-01T13:24:48.581+0000] {processor.py:840} INFO - DAG(s) 'example_sensor_decorator' retrieved from /home/airflow/.local/lib/python3.8/site-packages/airflow/example_dags/example_sensor_decorator.py
[2024-10-01T13:24:48.644+0000] {logging_mixin.py:188} INFO - [2024-10-01T13:24:48.644+0000] {dag.py:3036} INFO - Sync 1 DAGs
[2024-10-01T13:24:48.685+0000] {logging_mixin.py:188} INFO - [2024-10-01T13:24:48.684+0000] {dag.py:3823} INFO - Setting next_dagrun for example_sensor_decorator to None, run_after=None
[2024-10-01T13:24:48.755+0000] {processor.py:183} INFO - Processing /home/airflow/.local/lib/python3.8/site-packages/airflow/example_dags/example_sensor_decorator.py took 0.226 seconds
[2024-10-01T13:25:19.743+0000] {processor.py:161} INFO - Started process (PID=1249) to work on /home/airflow/.local/lib/python3.8/site-packages/airflow/example_dags/example_sensor_decorator.py
[2024-10-01T13:25:19.745+0000] {processor.py:830} INFO - Processing file /home/airflow/.local/lib/python3.8/site-packages/airflow/example_dags/example_sensor_decorator.py for tasks to queue
[2024-10-01T13:25:19.748+0000] {logging_mixin.py:188} INFO - [2024-10-01T13:25:19.747+0000] {dagbag.py:538} INFO - Filling up the DagBag from /home/airflow/.local/lib/python3.8/site-packages/airflow/example_dags/example_sensor_decorator.py
[2024-10-01T13:25:19.765+0000] {processor.py:840} INFO - DAG(s) 'example_sensor_decorator' retrieved from /home/airflow/.local/lib/python3.8/site-packages/airflow/example_dags/example_sensor_decorator.py
[2024-10-01T13:25:19.832+0000] {logging_mixin.py:188} INFO - [2024-10-01T13:25:19.832+0000] {dag.py:3036} INFO - Sync 1 DAGs
[2024-10-01T13:25:19.866+0000] {logging_mixin.py:188} INFO - [2024-10-01T13:25:19.865+0000] {dag.py:3823} INFO - Setting next_dagrun for example_sensor_decorator to None, run_after=None
[2024-10-01T13:25:20.081+0000] {processor.py:183} INFO - Processing /home/airflow/.local/lib/python3.8/site-packages/airflow/example_dags/example_sensor_decorator.py took 0.342 seconds
[2024-10-01T13:25:50.598+0000] {processor.py:161} INFO - Started process (PID=1305) to work on /home/airflow/.local/lib/python3.8/site-packages/airflow/example_dags/example_sensor_decorator.py
[2024-10-01T13:25:50.600+0000] {processor.py:830} INFO - Processing file /home/airflow/.local/lib/python3.8/site-packages/airflow/example_dags/example_sensor_decorator.py for tasks to queue
[2024-10-01T13:25:50.606+0000] {logging_mixin.py:188} INFO - [2024-10-01T13:25:50.605+0000] {dagbag.py:538} INFO - Filling up the DagBag from /home/airflow/.local/lib/python3.8/site-packages/airflow/example_dags/example_sensor_decorator.py
[2024-10-01T13:25:50.618+0000] {processor.py:840} INFO - DAG(s) 'example_sensor_decorator' retrieved from /home/airflow/.local/lib/python3.8/site-packages/airflow/example_dags/example_sensor_decorator.py
[2024-10-01T13:25:50.648+0000] {logging_mixin.py:188} INFO - [2024-10-01T13:25:50.648+0000] {dag.py:3036} INFO - Sync 1 DAGs
[2024-10-01T13:25:50.666+0000] {logging_mixin.py:188} INFO - [2024-10-01T13:25:50.666+0000] {dag.py:3823} INFO - Setting next_dagrun for example_sensor_decorator to None, run_after=None
[2024-10-01T13:25:50.733+0000] {processor.py:183} INFO - Processing /home/airflow/.local/lib/python3.8/site-packages/airflow/example_dags/example_sensor_decorator.py took 0.139 seconds
