[2024-10-01T13:14:50.554+0000] {processor.py:161} INFO - Started process (PID=95) to work on /home/airflow/.local/lib/python3.8/site-packages/airflow/example_dags/example_external_task_marker_dag.py
[2024-10-01T13:14:50.558+0000] {processor.py:830} INFO - Processing file /home/airflow/.local/lib/python3.8/site-packages/airflow/example_dags/example_external_task_marker_dag.py for tasks to queue
[2024-10-01T13:14:50.563+0000] {logging_mixin.py:188} INFO - [2024-10-01T13:14:50.563+0000] {dagbag.py:538} INFO - Filling up the DagBag from /home/airflow/.local/lib/python3.8/site-packages/airflow/example_dags/example_external_task_marker_dag.py
[2024-10-01T13:14:50.594+0000] {processor.py:840} INFO - DAG(s) 'example_external_task_marker_parent', 'example_external_task_marker_child' retrieved from /home/airflow/.local/lib/python3.8/site-packages/airflow/example_dags/example_external_task_marker_dag.py
[2024-10-01T13:14:50.907+0000] {logging_mixin.py:188} INFO - [2024-10-01T13:14:50.906+0000] {dag.py:3036} INFO - Sync 2 DAGs
[2024-10-01T13:14:50.934+0000] {logging_mixin.py:188} INFO - [2024-10-01T13:14:50.934+0000] {dag.py:3823} INFO - Setting next_dagrun for example_external_task_marker_child to None, run_after=None
[2024-10-01T13:14:50.940+0000] {logging_mixin.py:188} INFO - [2024-10-01T13:14:50.940+0000] {dag.py:3823} INFO - Setting next_dagrun for example_external_task_marker_parent to None, run_after=None
[2024-10-01T13:14:51.154+0000] {processor.py:183} INFO - Processing /home/airflow/.local/lib/python3.8/site-packages/airflow/example_dags/example_external_task_marker_dag.py took 0.607 seconds
[2024-10-01T13:15:22.038+0000] {processor.py:161} INFO - Started process (PID=151) to work on /home/airflow/.local/lib/python3.8/site-packages/airflow/example_dags/example_external_task_marker_dag.py
[2024-10-01T13:15:22.039+0000] {processor.py:830} INFO - Processing file /home/airflow/.local/lib/python3.8/site-packages/airflow/example_dags/example_external_task_marker_dag.py for tasks to queue
[2024-10-01T13:15:22.041+0000] {logging_mixin.py:188} INFO - [2024-10-01T13:15:22.040+0000] {dagbag.py:538} INFO - Filling up the DagBag from /home/airflow/.local/lib/python3.8/site-packages/airflow/example_dags/example_external_task_marker_dag.py
[2024-10-01T13:15:22.048+0000] {processor.py:840} INFO - DAG(s) 'example_external_task_marker_child', 'example_external_task_marker_parent' retrieved from /home/airflow/.local/lib/python3.8/site-packages/airflow/example_dags/example_external_task_marker_dag.py
[2024-10-01T13:15:22.129+0000] {logging_mixin.py:188} INFO - [2024-10-01T13:15:22.128+0000] {dag.py:3036} INFO - Sync 2 DAGs
[2024-10-01T13:15:22.179+0000] {logging_mixin.py:188} INFO - [2024-10-01T13:15:22.179+0000] {dag.py:3823} INFO - Setting next_dagrun for example_external_task_marker_child to None, run_after=None
[2024-10-01T13:15:22.186+0000] {logging_mixin.py:188} INFO - [2024-10-01T13:15:22.186+0000] {dag.py:3823} INFO - Setting next_dagrun for example_external_task_marker_parent to None, run_after=None
[2024-10-01T13:15:22.227+0000] {processor.py:183} INFO - Processing /home/airflow/.local/lib/python3.8/site-packages/airflow/example_dags/example_external_task_marker_dag.py took 0.192 seconds
[2024-10-01T13:15:52.376+0000] {processor.py:161} INFO - Started process (PID=207) to work on /home/airflow/.local/lib/python3.8/site-packages/airflow/example_dags/example_external_task_marker_dag.py
[2024-10-01T13:15:52.377+0000] {processor.py:830} INFO - Processing file /home/airflow/.local/lib/python3.8/site-packages/airflow/example_dags/example_external_task_marker_dag.py for tasks to queue
[2024-10-01T13:15:52.379+0000] {logging_mixin.py:188} INFO - [2024-10-01T13:15:52.379+0000] {dagbag.py:538} INFO - Filling up the DagBag from /home/airflow/.local/lib/python3.8/site-packages/airflow/example_dags/example_external_task_marker_dag.py
[2024-10-01T13:15:52.385+0000] {processor.py:840} INFO - DAG(s) 'example_external_task_marker_parent', 'example_external_task_marker_child' retrieved from /home/airflow/.local/lib/python3.8/site-packages/airflow/example_dags/example_external_task_marker_dag.py
[2024-10-01T13:15:52.411+0000] {logging_mixin.py:188} INFO - [2024-10-01T13:15:52.410+0000] {dag.py:3036} INFO - Sync 2 DAGs
[2024-10-01T13:15:52.425+0000] {logging_mixin.py:188} INFO - [2024-10-01T13:15:52.424+0000] {dag.py:3823} INFO - Setting next_dagrun for example_external_task_marker_child to None, run_after=None
[2024-10-01T13:15:52.429+0000] {logging_mixin.py:188} INFO - [2024-10-01T13:15:52.429+0000] {dag.py:3823} INFO - Setting next_dagrun for example_external_task_marker_parent to None, run_after=None
[2024-10-01T13:15:52.521+0000] {processor.py:183} INFO - Processing /home/airflow/.local/lib/python3.8/site-packages/airflow/example_dags/example_external_task_marker_dag.py took 0.149 seconds
[2024-10-01T13:16:22.733+0000] {processor.py:161} INFO - Started process (PID=263) to work on /home/airflow/.local/lib/python3.8/site-packages/airflow/example_dags/example_external_task_marker_dag.py
[2024-10-01T13:16:22.734+0000] {processor.py:830} INFO - Processing file /home/airflow/.local/lib/python3.8/site-packages/airflow/example_dags/example_external_task_marker_dag.py for tasks to queue
[2024-10-01T13:16:22.736+0000] {logging_mixin.py:188} INFO - [2024-10-01T13:16:22.736+0000] {dagbag.py:538} INFO - Filling up the DagBag from /home/airflow/.local/lib/python3.8/site-packages/airflow/example_dags/example_external_task_marker_dag.py
[2024-10-01T13:16:22.742+0000] {processor.py:840} INFO - DAG(s) 'example_external_task_marker_child', 'example_external_task_marker_parent' retrieved from /home/airflow/.local/lib/python3.8/site-packages/airflow/example_dags/example_external_task_marker_dag.py
[2024-10-01T13:16:22.767+0000] {logging_mixin.py:188} INFO - [2024-10-01T13:16:22.766+0000] {dag.py:3036} INFO - Sync 2 DAGs
[2024-10-01T13:16:22.780+0000] {logging_mixin.py:188} INFO - [2024-10-01T13:16:22.780+0000] {dag.py:3823} INFO - Setting next_dagrun for example_external_task_marker_child to None, run_after=None
[2024-10-01T13:16:22.785+0000] {logging_mixin.py:188} INFO - [2024-10-01T13:16:22.784+0000] {dag.py:3823} INFO - Setting next_dagrun for example_external_task_marker_parent to None, run_after=None
[2024-10-01T13:16:22.849+0000] {processor.py:183} INFO - Processing /home/airflow/.local/lib/python3.8/site-packages/airflow/example_dags/example_external_task_marker_dag.py took 0.120 seconds
[2024-10-01T13:16:52.889+0000] {processor.py:161} INFO - Started process (PID=319) to work on /home/airflow/.local/lib/python3.8/site-packages/airflow/example_dags/example_external_task_marker_dag.py
[2024-10-01T13:16:52.891+0000] {processor.py:830} INFO - Processing file /home/airflow/.local/lib/python3.8/site-packages/airflow/example_dags/example_external_task_marker_dag.py for tasks to queue
[2024-10-01T13:16:52.893+0000] {logging_mixin.py:188} INFO - [2024-10-01T13:16:52.893+0000] {dagbag.py:538} INFO - Filling up the DagBag from /home/airflow/.local/lib/python3.8/site-packages/airflow/example_dags/example_external_task_marker_dag.py
[2024-10-01T13:16:52.900+0000] {processor.py:840} INFO - DAG(s) 'example_external_task_marker_parent', 'example_external_task_marker_child' retrieved from /home/airflow/.local/lib/python3.8/site-packages/airflow/example_dags/example_external_task_marker_dag.py
[2024-10-01T13:16:52.929+0000] {logging_mixin.py:188} INFO - [2024-10-01T13:16:52.928+0000] {dag.py:3036} INFO - Sync 2 DAGs
[2024-10-01T13:16:52.945+0000] {logging_mixin.py:188} INFO - [2024-10-01T13:16:52.944+0000] {dag.py:3823} INFO - Setting next_dagrun for example_external_task_marker_child to None, run_after=None
[2024-10-01T13:16:52.949+0000] {logging_mixin.py:188} INFO - [2024-10-01T13:16:52.949+0000] {dag.py:3823} INFO - Setting next_dagrun for example_external_task_marker_parent to None, run_after=None
[2024-10-01T13:16:53.154+0000] {processor.py:183} INFO - Processing /home/airflow/.local/lib/python3.8/site-packages/airflow/example_dags/example_external_task_marker_dag.py took 0.268 seconds
[2024-10-01T13:17:23.384+0000] {processor.py:161} INFO - Started process (PID=375) to work on /home/airflow/.local/lib/python3.8/site-packages/airflow/example_dags/example_external_task_marker_dag.py
[2024-10-01T13:17:23.385+0000] {processor.py:830} INFO - Processing file /home/airflow/.local/lib/python3.8/site-packages/airflow/example_dags/example_external_task_marker_dag.py for tasks to queue
[2024-10-01T13:17:23.388+0000] {logging_mixin.py:188} INFO - [2024-10-01T13:17:23.388+0000] {dagbag.py:538} INFO - Filling up the DagBag from /home/airflow/.local/lib/python3.8/site-packages/airflow/example_dags/example_external_task_marker_dag.py
[2024-10-01T13:17:23.397+0000] {processor.py:840} INFO - DAG(s) 'example_external_task_marker_parent', 'example_external_task_marker_child' retrieved from /home/airflow/.local/lib/python3.8/site-packages/airflow/example_dags/example_external_task_marker_dag.py
[2024-10-01T13:17:23.425+0000] {logging_mixin.py:188} INFO - [2024-10-01T13:17:23.425+0000] {dag.py:3036} INFO - Sync 2 DAGs
[2024-10-01T13:17:23.440+0000] {logging_mixin.py:188} INFO - [2024-10-01T13:17:23.440+0000] {dag.py:3823} INFO - Setting next_dagrun for example_external_task_marker_child to None, run_after=None
[2024-10-01T13:17:23.446+0000] {logging_mixin.py:188} INFO - [2024-10-01T13:17:23.445+0000] {dag.py:3823} INFO - Setting next_dagrun for example_external_task_marker_parent to None, run_after=None
[2024-10-01T13:17:23.482+0000] {processor.py:183} INFO - Processing /home/airflow/.local/lib/python3.8/site-packages/airflow/example_dags/example_external_task_marker_dag.py took 0.102 seconds
[2024-10-01T13:17:54.496+0000] {processor.py:161} INFO - Started process (PID=431) to work on /home/airflow/.local/lib/python3.8/site-packages/airflow/example_dags/example_external_task_marker_dag.py
[2024-10-01T13:17:54.497+0000] {processor.py:830} INFO - Processing file /home/airflow/.local/lib/python3.8/site-packages/airflow/example_dags/example_external_task_marker_dag.py for tasks to queue
[2024-10-01T13:17:54.499+0000] {logging_mixin.py:188} INFO - [2024-10-01T13:17:54.499+0000] {dagbag.py:538} INFO - Filling up the DagBag from /home/airflow/.local/lib/python3.8/site-packages/airflow/example_dags/example_external_task_marker_dag.py
[2024-10-01T13:17:54.506+0000] {processor.py:840} INFO - DAG(s) 'example_external_task_marker_parent', 'example_external_task_marker_child' retrieved from /home/airflow/.local/lib/python3.8/site-packages/airflow/example_dags/example_external_task_marker_dag.py
[2024-10-01T13:17:54.534+0000] {logging_mixin.py:188} INFO - [2024-10-01T13:17:54.533+0000] {dag.py:3036} INFO - Sync 2 DAGs
[2024-10-01T13:17:54.549+0000] {logging_mixin.py:188} INFO - [2024-10-01T13:17:54.548+0000] {dag.py:3823} INFO - Setting next_dagrun for example_external_task_marker_child to None, run_after=None
[2024-10-01T13:17:54.555+0000] {logging_mixin.py:188} INFO - [2024-10-01T13:17:54.554+0000] {dag.py:3823} INFO - Setting next_dagrun for example_external_task_marker_parent to None, run_after=None
[2024-10-01T13:17:54.600+0000] {processor.py:183} INFO - Processing /home/airflow/.local/lib/python3.8/site-packages/airflow/example_dags/example_external_task_marker_dag.py took 0.108 seconds
[2024-10-01T13:18:24.777+0000] {processor.py:161} INFO - Started process (PID=486) to work on /home/airflow/.local/lib/python3.8/site-packages/airflow/example_dags/example_external_task_marker_dag.py
[2024-10-01T13:18:24.778+0000] {processor.py:830} INFO - Processing file /home/airflow/.local/lib/python3.8/site-packages/airflow/example_dags/example_external_task_marker_dag.py for tasks to queue
[2024-10-01T13:18:24.780+0000] {logging_mixin.py:188} INFO - [2024-10-01T13:18:24.780+0000] {dagbag.py:538} INFO - Filling up the DagBag from /home/airflow/.local/lib/python3.8/site-packages/airflow/example_dags/example_external_task_marker_dag.py
[2024-10-01T13:18:24.788+0000] {processor.py:840} INFO - DAG(s) 'example_external_task_marker_child', 'example_external_task_marker_parent' retrieved from /home/airflow/.local/lib/python3.8/site-packages/airflow/example_dags/example_external_task_marker_dag.py
[2024-10-01T13:18:24.815+0000] {logging_mixin.py:188} INFO - [2024-10-01T13:18:24.815+0000] {dag.py:3036} INFO - Sync 2 DAGs
[2024-10-01T13:18:24.832+0000] {logging_mixin.py:188} INFO - [2024-10-01T13:18:24.832+0000] {dag.py:3823} INFO - Setting next_dagrun for example_external_task_marker_child to None, run_after=None
[2024-10-01T13:18:24.837+0000] {logging_mixin.py:188} INFO - [2024-10-01T13:18:24.836+0000] {dag.py:3823} INFO - Setting next_dagrun for example_external_task_marker_parent to None, run_after=None
[2024-10-01T13:18:24.918+0000] {processor.py:183} INFO - Processing /home/airflow/.local/lib/python3.8/site-packages/airflow/example_dags/example_external_task_marker_dag.py took 0.145 seconds
[2024-10-01T13:18:55.167+0000] {processor.py:161} INFO - Started process (PID=542) to work on /home/airflow/.local/lib/python3.8/site-packages/airflow/example_dags/example_external_task_marker_dag.py
[2024-10-01T13:18:55.168+0000] {processor.py:830} INFO - Processing file /home/airflow/.local/lib/python3.8/site-packages/airflow/example_dags/example_external_task_marker_dag.py for tasks to queue
[2024-10-01T13:18:55.170+0000] {logging_mixin.py:188} INFO - [2024-10-01T13:18:55.169+0000] {dagbag.py:538} INFO - Filling up the DagBag from /home/airflow/.local/lib/python3.8/site-packages/airflow/example_dags/example_external_task_marker_dag.py
[2024-10-01T13:18:55.176+0000] {processor.py:840} INFO - DAG(s) 'example_external_task_marker_parent', 'example_external_task_marker_child' retrieved from /home/airflow/.local/lib/python3.8/site-packages/airflow/example_dags/example_external_task_marker_dag.py
[2024-10-01T13:18:55.205+0000] {logging_mixin.py:188} INFO - [2024-10-01T13:18:55.205+0000] {dag.py:3036} INFO - Sync 2 DAGs
[2024-10-01T13:18:55.220+0000] {logging_mixin.py:188} INFO - [2024-10-01T13:18:55.219+0000] {dag.py:3823} INFO - Setting next_dagrun for example_external_task_marker_child to None, run_after=None
[2024-10-01T13:18:55.227+0000] {logging_mixin.py:188} INFO - [2024-10-01T13:18:55.227+0000] {dag.py:3823} INFO - Setting next_dagrun for example_external_task_marker_parent to None, run_after=None
[2024-10-01T13:18:55.288+0000] {processor.py:183} INFO - Processing /home/airflow/.local/lib/python3.8/site-packages/airflow/example_dags/example_external_task_marker_dag.py took 0.125 seconds
[2024-10-01T13:19:26.070+0000] {processor.py:161} INFO - Started process (PID=599) to work on /home/airflow/.local/lib/python3.8/site-packages/airflow/example_dags/example_external_task_marker_dag.py
[2024-10-01T13:19:26.071+0000] {processor.py:830} INFO - Processing file /home/airflow/.local/lib/python3.8/site-packages/airflow/example_dags/example_external_task_marker_dag.py for tasks to queue
[2024-10-01T13:19:26.073+0000] {logging_mixin.py:188} INFO - [2024-10-01T13:19:26.072+0000] {dagbag.py:538} INFO - Filling up the DagBag from /home/airflow/.local/lib/python3.8/site-packages/airflow/example_dags/example_external_task_marker_dag.py
[2024-10-01T13:19:26.079+0000] {processor.py:840} INFO - DAG(s) 'example_external_task_marker_child', 'example_external_task_marker_parent' retrieved from /home/airflow/.local/lib/python3.8/site-packages/airflow/example_dags/example_external_task_marker_dag.py
[2024-10-01T13:19:26.108+0000] {logging_mixin.py:188} INFO - [2024-10-01T13:19:26.108+0000] {dag.py:3036} INFO - Sync 2 DAGs
[2024-10-01T13:19:26.125+0000] {logging_mixin.py:188} INFO - [2024-10-01T13:19:26.124+0000] {dag.py:3823} INFO - Setting next_dagrun for example_external_task_marker_child to None, run_after=None
[2024-10-01T13:19:26.130+0000] {logging_mixin.py:188} INFO - [2024-10-01T13:19:26.130+0000] {dag.py:3823} INFO - Setting next_dagrun for example_external_task_marker_parent to None, run_after=None
[2024-10-01T13:19:26.167+0000] {processor.py:183} INFO - Processing /home/airflow/.local/lib/python3.8/site-packages/airflow/example_dags/example_external_task_marker_dag.py took 0.101 seconds
[2024-10-01T13:19:56.361+0000] {processor.py:161} INFO - Started process (PID=654) to work on /home/airflow/.local/lib/python3.8/site-packages/airflow/example_dags/example_external_task_marker_dag.py
[2024-10-01T13:19:56.362+0000] {processor.py:830} INFO - Processing file /home/airflow/.local/lib/python3.8/site-packages/airflow/example_dags/example_external_task_marker_dag.py for tasks to queue
[2024-10-01T13:19:56.364+0000] {logging_mixin.py:188} INFO - [2024-10-01T13:19:56.364+0000] {dagbag.py:538} INFO - Filling up the DagBag from /home/airflow/.local/lib/python3.8/site-packages/airflow/example_dags/example_external_task_marker_dag.py
[2024-10-01T13:19:56.370+0000] {processor.py:840} INFO - DAG(s) 'example_external_task_marker_child', 'example_external_task_marker_parent' retrieved from /home/airflow/.local/lib/python3.8/site-packages/airflow/example_dags/example_external_task_marker_dag.py
[2024-10-01T13:19:56.397+0000] {logging_mixin.py:188} INFO - [2024-10-01T13:19:56.397+0000] {dag.py:3036} INFO - Sync 2 DAGs
[2024-10-01T13:19:56.411+0000] {logging_mixin.py:188} INFO - [2024-10-01T13:19:56.410+0000] {dag.py:3823} INFO - Setting next_dagrun for example_external_task_marker_child to None, run_after=None
[2024-10-01T13:19:56.415+0000] {logging_mixin.py:188} INFO - [2024-10-01T13:19:56.415+0000] {dag.py:3823} INFO - Setting next_dagrun for example_external_task_marker_parent to None, run_after=None
[2024-10-01T13:19:56.440+0000] {processor.py:183} INFO - Processing /home/airflow/.local/lib/python3.8/site-packages/airflow/example_dags/example_external_task_marker_dag.py took 0.082 seconds
[2024-10-01T13:20:27.117+0000] {processor.py:161} INFO - Started process (PID=711) to work on /home/airflow/.local/lib/python3.8/site-packages/airflow/example_dags/example_external_task_marker_dag.py
[2024-10-01T13:20:27.118+0000] {processor.py:830} INFO - Processing file /home/airflow/.local/lib/python3.8/site-packages/airflow/example_dags/example_external_task_marker_dag.py for tasks to queue
[2024-10-01T13:20:27.121+0000] {logging_mixin.py:188} INFO - [2024-10-01T13:20:27.120+0000] {dagbag.py:538} INFO - Filling up the DagBag from /home/airflow/.local/lib/python3.8/site-packages/airflow/example_dags/example_external_task_marker_dag.py
[2024-10-01T13:20:27.131+0000] {processor.py:840} INFO - DAG(s) 'example_external_task_marker_parent', 'example_external_task_marker_child' retrieved from /home/airflow/.local/lib/python3.8/site-packages/airflow/example_dags/example_external_task_marker_dag.py
[2024-10-01T13:20:27.160+0000] {logging_mixin.py:188} INFO - [2024-10-01T13:20:27.159+0000] {dag.py:3036} INFO - Sync 2 DAGs
[2024-10-01T13:20:27.175+0000] {logging_mixin.py:188} INFO - [2024-10-01T13:20:27.174+0000] {dag.py:3823} INFO - Setting next_dagrun for example_external_task_marker_child to None, run_after=None
[2024-10-01T13:20:27.179+0000] {logging_mixin.py:188} INFO - [2024-10-01T13:20:27.179+0000] {dag.py:3823} INFO - Setting next_dagrun for example_external_task_marker_parent to None, run_after=None
[2024-10-01T13:20:27.579+0000] {processor.py:183} INFO - Processing /home/airflow/.local/lib/python3.8/site-packages/airflow/example_dags/example_external_task_marker_dag.py took 0.466 seconds
[2024-10-01T13:20:58.574+0000] {processor.py:161} INFO - Started process (PID=767) to work on /home/airflow/.local/lib/python3.8/site-packages/airflow/example_dags/example_external_task_marker_dag.py
[2024-10-01T13:20:58.575+0000] {processor.py:830} INFO - Processing file /home/airflow/.local/lib/python3.8/site-packages/airflow/example_dags/example_external_task_marker_dag.py for tasks to queue
[2024-10-01T13:20:58.577+0000] {logging_mixin.py:188} INFO - [2024-10-01T13:20:58.577+0000] {dagbag.py:538} INFO - Filling up the DagBag from /home/airflow/.local/lib/python3.8/site-packages/airflow/example_dags/example_external_task_marker_dag.py
[2024-10-01T13:20:58.583+0000] {processor.py:840} INFO - DAG(s) 'example_external_task_marker_parent', 'example_external_task_marker_child' retrieved from /home/airflow/.local/lib/python3.8/site-packages/airflow/example_dags/example_external_task_marker_dag.py
[2024-10-01T13:20:58.614+0000] {logging_mixin.py:188} INFO - [2024-10-01T13:20:58.613+0000] {dag.py:3036} INFO - Sync 2 DAGs
[2024-10-01T13:20:58.633+0000] {logging_mixin.py:188} INFO - [2024-10-01T13:20:58.633+0000] {dag.py:3823} INFO - Setting next_dagrun for example_external_task_marker_child to None, run_after=None
[2024-10-01T13:20:58.639+0000] {logging_mixin.py:188} INFO - [2024-10-01T13:20:58.638+0000] {dag.py:3823} INFO - Setting next_dagrun for example_external_task_marker_parent to None, run_after=None
[2024-10-01T13:20:58.672+0000] {processor.py:183} INFO - Processing /home/airflow/.local/lib/python3.8/site-packages/airflow/example_dags/example_external_task_marker_dag.py took 0.102 seconds
[2024-10-01T13:21:29.265+0000] {processor.py:161} INFO - Started process (PID=823) to work on /home/airflow/.local/lib/python3.8/site-packages/airflow/example_dags/example_external_task_marker_dag.py
[2024-10-01T13:21:29.267+0000] {processor.py:830} INFO - Processing file /home/airflow/.local/lib/python3.8/site-packages/airflow/example_dags/example_external_task_marker_dag.py for tasks to queue
[2024-10-01T13:21:29.270+0000] {logging_mixin.py:188} INFO - [2024-10-01T13:21:29.269+0000] {dagbag.py:538} INFO - Filling up the DagBag from /home/airflow/.local/lib/python3.8/site-packages/airflow/example_dags/example_external_task_marker_dag.py
[2024-10-01T13:21:29.279+0000] {processor.py:840} INFO - DAG(s) 'example_external_task_marker_parent', 'example_external_task_marker_child' retrieved from /home/airflow/.local/lib/python3.8/site-packages/airflow/example_dags/example_external_task_marker_dag.py
[2024-10-01T13:21:29.318+0000] {logging_mixin.py:188} INFO - [2024-10-01T13:21:29.318+0000] {dag.py:3036} INFO - Sync 2 DAGs
[2024-10-01T13:21:29.423+0000] {logging_mixin.py:188} INFO - [2024-10-01T13:21:29.422+0000] {dag.py:3823} INFO - Setting next_dagrun for example_external_task_marker_child to None, run_after=None
[2024-10-01T13:21:29.433+0000] {logging_mixin.py:188} INFO - [2024-10-01T13:21:29.432+0000] {dag.py:3823} INFO - Setting next_dagrun for example_external_task_marker_parent to None, run_after=None
[2024-10-01T13:21:29.497+0000] {processor.py:183} INFO - Processing /home/airflow/.local/lib/python3.8/site-packages/airflow/example_dags/example_external_task_marker_dag.py took 0.237 seconds
[2024-10-01T13:22:00.224+0000] {processor.py:161} INFO - Started process (PID=879) to work on /home/airflow/.local/lib/python3.8/site-packages/airflow/example_dags/example_external_task_marker_dag.py
[2024-10-01T13:22:00.225+0000] {processor.py:830} INFO - Processing file /home/airflow/.local/lib/python3.8/site-packages/airflow/example_dags/example_external_task_marker_dag.py for tasks to queue
[2024-10-01T13:22:00.228+0000] {logging_mixin.py:188} INFO - [2024-10-01T13:22:00.227+0000] {dagbag.py:538} INFO - Filling up the DagBag from /home/airflow/.local/lib/python3.8/site-packages/airflow/example_dags/example_external_task_marker_dag.py
[2024-10-01T13:22:00.237+0000] {processor.py:840} INFO - DAG(s) 'example_external_task_marker_parent', 'example_external_task_marker_child' retrieved from /home/airflow/.local/lib/python3.8/site-packages/airflow/example_dags/example_external_task_marker_dag.py
[2024-10-01T13:22:00.272+0000] {logging_mixin.py:188} INFO - [2024-10-01T13:22:00.272+0000] {dag.py:3036} INFO - Sync 2 DAGs
[2024-10-01T13:22:00.291+0000] {logging_mixin.py:188} INFO - [2024-10-01T13:22:00.291+0000] {dag.py:3823} INFO - Setting next_dagrun for example_external_task_marker_child to None, run_after=None
[2024-10-01T13:22:00.296+0000] {logging_mixin.py:188} INFO - [2024-10-01T13:22:00.296+0000] {dag.py:3823} INFO - Setting next_dagrun for example_external_task_marker_parent to None, run_after=None
[2024-10-01T13:22:00.443+0000] {processor.py:183} INFO - Processing /home/airflow/.local/lib/python3.8/site-packages/airflow/example_dags/example_external_task_marker_dag.py took 0.225 seconds
[2024-10-01T13:22:30.557+0000] {processor.py:161} INFO - Started process (PID=934) to work on /home/airflow/.local/lib/python3.8/site-packages/airflow/example_dags/example_external_task_marker_dag.py
[2024-10-01T13:22:30.559+0000] {processor.py:830} INFO - Processing file /home/airflow/.local/lib/python3.8/site-packages/airflow/example_dags/example_external_task_marker_dag.py for tasks to queue
[2024-10-01T13:22:30.562+0000] {logging_mixin.py:188} INFO - [2024-10-01T13:22:30.561+0000] {dagbag.py:538} INFO - Filling up the DagBag from /home/airflow/.local/lib/python3.8/site-packages/airflow/example_dags/example_external_task_marker_dag.py
[2024-10-01T13:22:30.574+0000] {processor.py:840} INFO - DAG(s) 'example_external_task_marker_child', 'example_external_task_marker_parent' retrieved from /home/airflow/.local/lib/python3.8/site-packages/airflow/example_dags/example_external_task_marker_dag.py
[2024-10-01T13:22:30.616+0000] {logging_mixin.py:188} INFO - [2024-10-01T13:22:30.616+0000] {dag.py:3036} INFO - Sync 2 DAGs
[2024-10-01T13:22:30.638+0000] {logging_mixin.py:188} INFO - [2024-10-01T13:22:30.638+0000] {dag.py:3823} INFO - Setting next_dagrun for example_external_task_marker_child to None, run_after=None
[2024-10-01T13:22:30.646+0000] {logging_mixin.py:188} INFO - [2024-10-01T13:22:30.645+0000] {dag.py:3823} INFO - Setting next_dagrun for example_external_task_marker_parent to None, run_after=None
[2024-10-01T13:22:31.061+0000] {processor.py:183} INFO - Processing /home/airflow/.local/lib/python3.8/site-packages/airflow/example_dags/example_external_task_marker_dag.py took 0.510 seconds
[2024-10-01T13:23:01.853+0000] {processor.py:161} INFO - Started process (PID=991) to work on /home/airflow/.local/lib/python3.8/site-packages/airflow/example_dags/example_external_task_marker_dag.py
[2024-10-01T13:23:01.855+0000] {processor.py:830} INFO - Processing file /home/airflow/.local/lib/python3.8/site-packages/airflow/example_dags/example_external_task_marker_dag.py for tasks to queue
[2024-10-01T13:23:01.858+0000] {logging_mixin.py:188} INFO - [2024-10-01T13:23:01.857+0000] {dagbag.py:538} INFO - Filling up the DagBag from /home/airflow/.local/lib/python3.8/site-packages/airflow/example_dags/example_external_task_marker_dag.py
[2024-10-01T13:23:01.867+0000] {processor.py:840} INFO - DAG(s) 'example_external_task_marker_child', 'example_external_task_marker_parent' retrieved from /home/airflow/.local/lib/python3.8/site-packages/airflow/example_dags/example_external_task_marker_dag.py
[2024-10-01T13:23:01.908+0000] {logging_mixin.py:188} INFO - [2024-10-01T13:23:01.907+0000] {dag.py:3036} INFO - Sync 2 DAGs
[2024-10-01T13:23:01.932+0000] {logging_mixin.py:188} INFO - [2024-10-01T13:23:01.932+0000] {dag.py:3823} INFO - Setting next_dagrun for example_external_task_marker_child to None, run_after=None
[2024-10-01T13:23:01.939+0000] {logging_mixin.py:188} INFO - [2024-10-01T13:23:01.938+0000] {dag.py:3823} INFO - Setting next_dagrun for example_external_task_marker_parent to None, run_after=None
[2024-10-01T13:23:02.039+0000] {processor.py:183} INFO - Processing /home/airflow/.local/lib/python3.8/site-packages/airflow/example_dags/example_external_task_marker_dag.py took 0.194 seconds
[2024-10-01T13:23:32.100+0000] {processor.py:161} INFO - Started process (PID=1047) to work on /home/airflow/.local/lib/python3.8/site-packages/airflow/example_dags/example_external_task_marker_dag.py
[2024-10-01T13:23:32.102+0000] {processor.py:830} INFO - Processing file /home/airflow/.local/lib/python3.8/site-packages/airflow/example_dags/example_external_task_marker_dag.py for tasks to queue
[2024-10-01T13:23:32.106+0000] {logging_mixin.py:188} INFO - [2024-10-01T13:23:32.106+0000] {dagbag.py:538} INFO - Filling up the DagBag from /home/airflow/.local/lib/python3.8/site-packages/airflow/example_dags/example_external_task_marker_dag.py
[2024-10-01T13:23:32.124+0000] {processor.py:840} INFO - DAG(s) 'example_external_task_marker_parent', 'example_external_task_marker_child' retrieved from /home/airflow/.local/lib/python3.8/site-packages/airflow/example_dags/example_external_task_marker_dag.py
[2024-10-01T13:23:32.170+0000] {logging_mixin.py:188} INFO - [2024-10-01T13:23:32.170+0000] {dag.py:3036} INFO - Sync 2 DAGs
[2024-10-01T13:23:32.204+0000] {logging_mixin.py:188} INFO - [2024-10-01T13:23:32.203+0000] {dag.py:3823} INFO - Setting next_dagrun for example_external_task_marker_child to None, run_after=None
[2024-10-01T13:23:32.216+0000] {logging_mixin.py:188} INFO - [2024-10-01T13:23:32.216+0000] {dag.py:3823} INFO - Setting next_dagrun for example_external_task_marker_parent to None, run_after=None
[2024-10-01T13:23:32.276+0000] {processor.py:183} INFO - Processing /home/airflow/.local/lib/python3.8/site-packages/airflow/example_dags/example_external_task_marker_dag.py took 0.180 seconds
[2024-10-01T13:24:02.755+0000] {processor.py:161} INFO - Started process (PID=1103) to work on /home/airflow/.local/lib/python3.8/site-packages/airflow/example_dags/example_external_task_marker_dag.py
[2024-10-01T13:24:02.756+0000] {processor.py:830} INFO - Processing file /home/airflow/.local/lib/python3.8/site-packages/airflow/example_dags/example_external_task_marker_dag.py for tasks to queue
[2024-10-01T13:24:02.759+0000] {logging_mixin.py:188} INFO - [2024-10-01T13:24:02.758+0000] {dagbag.py:538} INFO - Filling up the DagBag from /home/airflow/.local/lib/python3.8/site-packages/airflow/example_dags/example_external_task_marker_dag.py
[2024-10-01T13:24:02.765+0000] {processor.py:840} INFO - DAG(s) 'example_external_task_marker_parent', 'example_external_task_marker_child' retrieved from /home/airflow/.local/lib/python3.8/site-packages/airflow/example_dags/example_external_task_marker_dag.py
[2024-10-01T13:24:02.794+0000] {logging_mixin.py:188} INFO - [2024-10-01T13:24:02.794+0000] {dag.py:3036} INFO - Sync 2 DAGs
[2024-10-01T13:24:02.808+0000] {logging_mixin.py:188} INFO - [2024-10-01T13:24:02.808+0000] {dag.py:3823} INFO - Setting next_dagrun for example_external_task_marker_child to None, run_after=None
[2024-10-01T13:24:02.813+0000] {logging_mixin.py:188} INFO - [2024-10-01T13:24:02.813+0000] {dag.py:3823} INFO - Setting next_dagrun for example_external_task_marker_parent to None, run_after=None
[2024-10-01T13:24:02.844+0000] {processor.py:183} INFO - Processing /home/airflow/.local/lib/python3.8/site-packages/airflow/example_dags/example_external_task_marker_dag.py took 0.093 seconds
[2024-10-01T13:24:33.210+0000] {processor.py:161} INFO - Started process (PID=1159) to work on /home/airflow/.local/lib/python3.8/site-packages/airflow/example_dags/example_external_task_marker_dag.py
[2024-10-01T13:24:33.212+0000] {processor.py:830} INFO - Processing file /home/airflow/.local/lib/python3.8/site-packages/airflow/example_dags/example_external_task_marker_dag.py for tasks to queue
[2024-10-01T13:24:33.215+0000] {logging_mixin.py:188} INFO - [2024-10-01T13:24:33.214+0000] {dagbag.py:538} INFO - Filling up the DagBag from /home/airflow/.local/lib/python3.8/site-packages/airflow/example_dags/example_external_task_marker_dag.py
[2024-10-01T13:24:33.226+0000] {processor.py:840} INFO - DAG(s) 'example_external_task_marker_child', 'example_external_task_marker_parent' retrieved from /home/airflow/.local/lib/python3.8/site-packages/airflow/example_dags/example_external_task_marker_dag.py
[2024-10-01T13:24:33.262+0000] {logging_mixin.py:188} INFO - [2024-10-01T13:24:33.261+0000] {dag.py:3036} INFO - Sync 2 DAGs
[2024-10-01T13:24:33.280+0000] {logging_mixin.py:188} INFO - [2024-10-01T13:24:33.280+0000] {dag.py:3823} INFO - Setting next_dagrun for example_external_task_marker_child to None, run_after=None
[2024-10-01T13:24:33.290+0000] {logging_mixin.py:188} INFO - [2024-10-01T13:24:33.290+0000] {dag.py:3823} INFO - Setting next_dagrun for example_external_task_marker_parent to None, run_after=None
[2024-10-01T13:24:33.358+0000] {processor.py:183} INFO - Processing /home/airflow/.local/lib/python3.8/site-packages/airflow/example_dags/example_external_task_marker_dag.py took 0.151 seconds
[2024-10-01T13:25:03.446+0000] {processor.py:161} INFO - Started process (PID=1215) to work on /home/airflow/.local/lib/python3.8/site-packages/airflow/example_dags/example_external_task_marker_dag.py
[2024-10-01T13:25:03.448+0000] {processor.py:830} INFO - Processing file /home/airflow/.local/lib/python3.8/site-packages/airflow/example_dags/example_external_task_marker_dag.py for tasks to queue
[2024-10-01T13:25:03.450+0000] {logging_mixin.py:188} INFO - [2024-10-01T13:25:03.450+0000] {dagbag.py:538} INFO - Filling up the DagBag from /home/airflow/.local/lib/python3.8/site-packages/airflow/example_dags/example_external_task_marker_dag.py
[2024-10-01T13:25:03.458+0000] {processor.py:840} INFO - DAG(s) 'example_external_task_marker_child', 'example_external_task_marker_parent' retrieved from /home/airflow/.local/lib/python3.8/site-packages/airflow/example_dags/example_external_task_marker_dag.py
[2024-10-01T13:25:03.494+0000] {logging_mixin.py:188} INFO - [2024-10-01T13:25:03.494+0000] {dag.py:3036} INFO - Sync 2 DAGs
[2024-10-01T13:25:03.520+0000] {logging_mixin.py:188} INFO - [2024-10-01T13:25:03.520+0000] {dag.py:3823} INFO - Setting next_dagrun for example_external_task_marker_child to None, run_after=None
[2024-10-01T13:25:03.527+0000] {logging_mixin.py:188} INFO - [2024-10-01T13:25:03.527+0000] {dag.py:3823} INFO - Setting next_dagrun for example_external_task_marker_parent to None, run_after=None
[2024-10-01T13:25:03.602+0000] {processor.py:183} INFO - Processing /home/airflow/.local/lib/python3.8/site-packages/airflow/example_dags/example_external_task_marker_dag.py took 0.159 seconds
[2024-10-01T13:25:34.215+0000] {processor.py:161} INFO - Started process (PID=1270) to work on /home/airflow/.local/lib/python3.8/site-packages/airflow/example_dags/example_external_task_marker_dag.py
[2024-10-01T13:25:34.217+0000] {processor.py:830} INFO - Processing file /home/airflow/.local/lib/python3.8/site-packages/airflow/example_dags/example_external_task_marker_dag.py for tasks to queue
[2024-10-01T13:25:34.228+0000] {logging_mixin.py:188} INFO - [2024-10-01T13:25:34.227+0000] {dagbag.py:538} INFO - Filling up the DagBag from /home/airflow/.local/lib/python3.8/site-packages/airflow/example_dags/example_external_task_marker_dag.py
[2024-10-01T13:25:34.248+0000] {processor.py:840} INFO - DAG(s) 'example_external_task_marker_child', 'example_external_task_marker_parent' retrieved from /home/airflow/.local/lib/python3.8/site-packages/airflow/example_dags/example_external_task_marker_dag.py
[2024-10-01T13:25:34.330+0000] {logging_mixin.py:188} INFO - [2024-10-01T13:25:34.330+0000] {dag.py:3036} INFO - Sync 2 DAGs
[2024-10-01T13:25:34.382+0000] {logging_mixin.py:188} INFO - [2024-10-01T13:25:34.382+0000] {dag.py:3823} INFO - Setting next_dagrun for example_external_task_marker_child to None, run_after=None
[2024-10-01T13:25:34.402+0000] {logging_mixin.py:188} INFO - [2024-10-01T13:25:34.401+0000] {dag.py:3823} INFO - Setting next_dagrun for example_external_task_marker_parent to None, run_after=None
[2024-10-01T13:25:34.475+0000] {processor.py:183} INFO - Processing /home/airflow/.local/lib/python3.8/site-packages/airflow/example_dags/example_external_task_marker_dag.py took 0.269 seconds
