[2024-10-01T13:14:52.624+0000] {processor.py:161} INFO - Started process (PID=101) to work on /home/airflow/.local/lib/python3.8/site-packages/airflow/example_dags/example_branch_day_of_week_operator.py
[2024-10-01T13:14:52.626+0000] {processor.py:830} INFO - Processing file /home/airflow/.local/lib/python3.8/site-packages/airflow/example_dags/example_branch_day_of_week_operator.py for tasks to queue
[2024-10-01T13:14:52.643+0000] {logging_mixin.py:188} INFO - [2024-10-01T13:14:52.642+0000] {dagbag.py:538} INFO - Filling up the DagBag from /home/airflow/.local/lib/python3.8/site-packages/airflow/example_dags/example_branch_day_of_week_operator.py
[2024-10-01T13:14:52.710+0000] {processor.py:840} INFO - DAG(s) 'example_weekday_branch_operator' retrieved from /home/airflow/.local/lib/python3.8/site-packages/airflow/example_dags/example_branch_day_of_week_operator.py
[2024-10-01T13:14:53.126+0000] {logging_mixin.py:188} INFO - [2024-10-01T13:14:53.125+0000] {dag.py:3036} INFO - Sync 1 DAGs
[2024-10-01T13:14:53.235+0000] {logging_mixin.py:188} INFO - [2024-10-01T13:14:53.234+0000] {dag.py:3823} INFO - Setting next_dagrun for example_weekday_branch_operator to 2024-09-30 00:00:00+00:00, run_after=2024-10-01 00:00:00+00:00
[2024-10-01T13:14:53.294+0000] {processor.py:183} INFO - Processing /home/airflow/.local/lib/python3.8/site-packages/airflow/example_dags/example_branch_day_of_week_operator.py took 0.694 seconds
[2024-10-01T13:15:23.594+0000] {processor.py:161} INFO - Started process (PID=157) to work on /home/airflow/.local/lib/python3.8/site-packages/airflow/example_dags/example_branch_day_of_week_operator.py
[2024-10-01T13:15:23.596+0000] {processor.py:830} INFO - Processing file /home/airflow/.local/lib/python3.8/site-packages/airflow/example_dags/example_branch_day_of_week_operator.py for tasks to queue
[2024-10-01T13:15:23.599+0000] {logging_mixin.py:188} INFO - [2024-10-01T13:15:23.598+0000] {dagbag.py:538} INFO - Filling up the DagBag from /home/airflow/.local/lib/python3.8/site-packages/airflow/example_dags/example_branch_day_of_week_operator.py
[2024-10-01T13:15:23.612+0000] {processor.py:840} INFO - DAG(s) 'example_weekday_branch_operator' retrieved from /home/airflow/.local/lib/python3.8/site-packages/airflow/example_dags/example_branch_day_of_week_operator.py
[2024-10-01T13:15:23.641+0000] {logging_mixin.py:188} INFO - [2024-10-01T13:15:23.640+0000] {dag.py:3036} INFO - Sync 1 DAGs
[2024-10-01T13:15:23.675+0000] {logging_mixin.py:188} INFO - [2024-10-01T13:15:23.675+0000] {dag.py:3823} INFO - Setting next_dagrun for example_weekday_branch_operator to 2024-09-30 00:00:00+00:00, run_after=2024-10-01 00:00:00+00:00
[2024-10-01T13:15:23.711+0000] {processor.py:183} INFO - Processing /home/airflow/.local/lib/python3.8/site-packages/airflow/example_dags/example_branch_day_of_week_operator.py took 0.121 seconds
[2024-10-01T13:15:53.834+0000] {processor.py:161} INFO - Started process (PID=213) to work on /home/airflow/.local/lib/python3.8/site-packages/airflow/example_dags/example_branch_day_of_week_operator.py
[2024-10-01T13:15:53.835+0000] {processor.py:830} INFO - Processing file /home/airflow/.local/lib/python3.8/site-packages/airflow/example_dags/example_branch_day_of_week_operator.py for tasks to queue
[2024-10-01T13:15:53.837+0000] {logging_mixin.py:188} INFO - [2024-10-01T13:15:53.837+0000] {dagbag.py:538} INFO - Filling up the DagBag from /home/airflow/.local/lib/python3.8/site-packages/airflow/example_dags/example_branch_day_of_week_operator.py
[2024-10-01T13:15:53.845+0000] {processor.py:840} INFO - DAG(s) 'example_weekday_branch_operator' retrieved from /home/airflow/.local/lib/python3.8/site-packages/airflow/example_dags/example_branch_day_of_week_operator.py
[2024-10-01T13:15:53.866+0000] {logging_mixin.py:188} INFO - [2024-10-01T13:15:53.866+0000] {dag.py:3036} INFO - Sync 1 DAGs
[2024-10-01T13:15:53.889+0000] {logging_mixin.py:188} INFO - [2024-10-01T13:15:53.889+0000] {dag.py:3823} INFO - Setting next_dagrun for example_weekday_branch_operator to 2024-09-30 00:00:00+00:00, run_after=2024-10-01 00:00:00+00:00
[2024-10-01T13:15:53.938+0000] {processor.py:183} INFO - Processing /home/airflow/.local/lib/python3.8/site-packages/airflow/example_dags/example_branch_day_of_week_operator.py took 0.108 seconds
[2024-10-01T13:16:24.199+0000] {processor.py:161} INFO - Started process (PID=269) to work on /home/airflow/.local/lib/python3.8/site-packages/airflow/example_dags/example_branch_day_of_week_operator.py
[2024-10-01T13:16:24.200+0000] {processor.py:830} INFO - Processing file /home/airflow/.local/lib/python3.8/site-packages/airflow/example_dags/example_branch_day_of_week_operator.py for tasks to queue
[2024-10-01T13:16:24.202+0000] {logging_mixin.py:188} INFO - [2024-10-01T13:16:24.202+0000] {dagbag.py:538} INFO - Filling up the DagBag from /home/airflow/.local/lib/python3.8/site-packages/airflow/example_dags/example_branch_day_of_week_operator.py
[2024-10-01T13:16:24.210+0000] {processor.py:840} INFO - DAG(s) 'example_weekday_branch_operator' retrieved from /home/airflow/.local/lib/python3.8/site-packages/airflow/example_dags/example_branch_day_of_week_operator.py
[2024-10-01T13:16:24.231+0000] {logging_mixin.py:188} INFO - [2024-10-01T13:16:24.231+0000] {dag.py:3036} INFO - Sync 1 DAGs
[2024-10-01T13:16:24.256+0000] {logging_mixin.py:188} INFO - [2024-10-01T13:16:24.256+0000] {dag.py:3823} INFO - Setting next_dagrun for example_weekday_branch_operator to 2024-09-30 00:00:00+00:00, run_after=2024-10-01 00:00:00+00:00
[2024-10-01T13:16:24.286+0000] {processor.py:183} INFO - Processing /home/airflow/.local/lib/python3.8/site-packages/airflow/example_dags/example_branch_day_of_week_operator.py took 0.090 seconds
[2024-10-01T13:16:54.633+0000] {processor.py:161} INFO - Started process (PID=325) to work on /home/airflow/.local/lib/python3.8/site-packages/airflow/example_dags/example_branch_day_of_week_operator.py
[2024-10-01T13:16:54.634+0000] {processor.py:830} INFO - Processing file /home/airflow/.local/lib/python3.8/site-packages/airflow/example_dags/example_branch_day_of_week_operator.py for tasks to queue
[2024-10-01T13:16:54.636+0000] {logging_mixin.py:188} INFO - [2024-10-01T13:16:54.636+0000] {dagbag.py:538} INFO - Filling up the DagBag from /home/airflow/.local/lib/python3.8/site-packages/airflow/example_dags/example_branch_day_of_week_operator.py
[2024-10-01T13:16:54.645+0000] {processor.py:840} INFO - DAG(s) 'example_weekday_branch_operator' retrieved from /home/airflow/.local/lib/python3.8/site-packages/airflow/example_dags/example_branch_day_of_week_operator.py
[2024-10-01T13:16:54.670+0000] {logging_mixin.py:188} INFO - [2024-10-01T13:16:54.670+0000] {dag.py:3036} INFO - Sync 1 DAGs
[2024-10-01T13:16:54.702+0000] {logging_mixin.py:188} INFO - [2024-10-01T13:16:54.702+0000] {dag.py:3823} INFO - Setting next_dagrun for example_weekday_branch_operator to 2024-09-30 00:00:00+00:00, run_after=2024-10-01 00:00:00+00:00
[2024-10-01T13:16:54.789+0000] {processor.py:183} INFO - Processing /home/airflow/.local/lib/python3.8/site-packages/airflow/example_dags/example_branch_day_of_week_operator.py took 0.160 seconds
[2024-10-01T13:17:25.023+0000] {processor.py:161} INFO - Started process (PID=381) to work on /home/airflow/.local/lib/python3.8/site-packages/airflow/example_dags/example_branch_day_of_week_operator.py
[2024-10-01T13:17:25.025+0000] {processor.py:830} INFO - Processing file /home/airflow/.local/lib/python3.8/site-packages/airflow/example_dags/example_branch_day_of_week_operator.py for tasks to queue
[2024-10-01T13:17:25.027+0000] {logging_mixin.py:188} INFO - [2024-10-01T13:17:25.027+0000] {dagbag.py:538} INFO - Filling up the DagBag from /home/airflow/.local/lib/python3.8/site-packages/airflow/example_dags/example_branch_day_of_week_operator.py
[2024-10-01T13:17:25.037+0000] {processor.py:840} INFO - DAG(s) 'example_weekday_branch_operator' retrieved from /home/airflow/.local/lib/python3.8/site-packages/airflow/example_dags/example_branch_day_of_week_operator.py
[2024-10-01T13:17:25.067+0000] {logging_mixin.py:188} INFO - [2024-10-01T13:17:25.067+0000] {dag.py:3036} INFO - Sync 1 DAGs
[2024-10-01T13:17:25.104+0000] {logging_mixin.py:188} INFO - [2024-10-01T13:17:25.103+0000] {dag.py:3823} INFO - Setting next_dagrun for example_weekday_branch_operator to 2024-09-30 00:00:00+00:00, run_after=2024-10-01 00:00:00+00:00
[2024-10-01T13:17:25.144+0000] {processor.py:183} INFO - Processing /home/airflow/.local/lib/python3.8/site-packages/airflow/example_dags/example_branch_day_of_week_operator.py took 0.127 seconds
[2024-10-01T13:17:56.163+0000] {processor.py:161} INFO - Started process (PID=437) to work on /home/airflow/.local/lib/python3.8/site-packages/airflow/example_dags/example_branch_day_of_week_operator.py
[2024-10-01T13:17:56.164+0000] {processor.py:830} INFO - Processing file /home/airflow/.local/lib/python3.8/site-packages/airflow/example_dags/example_branch_day_of_week_operator.py for tasks to queue
[2024-10-01T13:17:56.167+0000] {logging_mixin.py:188} INFO - [2024-10-01T13:17:56.167+0000] {dagbag.py:538} INFO - Filling up the DagBag from /home/airflow/.local/lib/python3.8/site-packages/airflow/example_dags/example_branch_day_of_week_operator.py
[2024-10-01T13:17:56.176+0000] {processor.py:840} INFO - DAG(s) 'example_weekday_branch_operator' retrieved from /home/airflow/.local/lib/python3.8/site-packages/airflow/example_dags/example_branch_day_of_week_operator.py
[2024-10-01T13:17:56.203+0000] {logging_mixin.py:188} INFO - [2024-10-01T13:17:56.203+0000] {dag.py:3036} INFO - Sync 1 DAGs
[2024-10-01T13:17:56.235+0000] {logging_mixin.py:188} INFO - [2024-10-01T13:17:56.235+0000] {dag.py:3823} INFO - Setting next_dagrun for example_weekday_branch_operator to 2024-09-30 00:00:00+00:00, run_after=2024-10-01 00:00:00+00:00
[2024-10-01T13:17:56.266+0000] {processor.py:183} INFO - Processing /home/airflow/.local/lib/python3.8/site-packages/airflow/example_dags/example_branch_day_of_week_operator.py took 0.107 seconds
[2024-10-01T13:18:26.364+0000] {processor.py:161} INFO - Started process (PID=493) to work on /home/airflow/.local/lib/python3.8/site-packages/airflow/example_dags/example_branch_day_of_week_operator.py
[2024-10-01T13:18:26.365+0000] {processor.py:830} INFO - Processing file /home/airflow/.local/lib/python3.8/site-packages/airflow/example_dags/example_branch_day_of_week_operator.py for tasks to queue
[2024-10-01T13:18:26.368+0000] {logging_mixin.py:188} INFO - [2024-10-01T13:18:26.367+0000] {dagbag.py:538} INFO - Filling up the DagBag from /home/airflow/.local/lib/python3.8/site-packages/airflow/example_dags/example_branch_day_of_week_operator.py
[2024-10-01T13:18:26.376+0000] {processor.py:840} INFO - DAG(s) 'example_weekday_branch_operator' retrieved from /home/airflow/.local/lib/python3.8/site-packages/airflow/example_dags/example_branch_day_of_week_operator.py
[2024-10-01T13:18:26.400+0000] {logging_mixin.py:188} INFO - [2024-10-01T13:18:26.400+0000] {dag.py:3036} INFO - Sync 1 DAGs
[2024-10-01T13:18:26.428+0000] {logging_mixin.py:188} INFO - [2024-10-01T13:18:26.428+0000] {dag.py:3823} INFO - Setting next_dagrun for example_weekday_branch_operator to 2024-09-30 00:00:00+00:00, run_after=2024-10-01 00:00:00+00:00
[2024-10-01T13:18:26.458+0000] {processor.py:183} INFO - Processing /home/airflow/.local/lib/python3.8/site-packages/airflow/example_dags/example_branch_day_of_week_operator.py took 0.097 seconds
[2024-10-01T13:18:56.791+0000] {processor.py:161} INFO - Started process (PID=549) to work on /home/airflow/.local/lib/python3.8/site-packages/airflow/example_dags/example_branch_day_of_week_operator.py
[2024-10-01T13:18:56.793+0000] {processor.py:830} INFO - Processing file /home/airflow/.local/lib/python3.8/site-packages/airflow/example_dags/example_branch_day_of_week_operator.py for tasks to queue
[2024-10-01T13:18:56.797+0000] {logging_mixin.py:188} INFO - [2024-10-01T13:18:56.796+0000] {dagbag.py:538} INFO - Filling up the DagBag from /home/airflow/.local/lib/python3.8/site-packages/airflow/example_dags/example_branch_day_of_week_operator.py
[2024-10-01T13:18:56.806+0000] {processor.py:840} INFO - DAG(s) 'example_weekday_branch_operator' retrieved from /home/airflow/.local/lib/python3.8/site-packages/airflow/example_dags/example_branch_day_of_week_operator.py
[2024-10-01T13:18:56.835+0000] {logging_mixin.py:188} INFO - [2024-10-01T13:18:56.834+0000] {dag.py:3036} INFO - Sync 1 DAGs
[2024-10-01T13:18:56.865+0000] {logging_mixin.py:188} INFO - [2024-10-01T13:18:56.865+0000] {dag.py:3823} INFO - Setting next_dagrun for example_weekday_branch_operator to 2024-09-30 00:00:00+00:00, run_after=2024-10-01 00:00:00+00:00
[2024-10-01T13:18:56.900+0000] {processor.py:183} INFO - Processing /home/airflow/.local/lib/python3.8/site-packages/airflow/example_dags/example_branch_day_of_week_operator.py took 0.115 seconds
[2024-10-01T13:19:27.952+0000] {processor.py:161} INFO - Started process (PID=605) to work on /home/airflow/.local/lib/python3.8/site-packages/airflow/example_dags/example_branch_day_of_week_operator.py
[2024-10-01T13:19:27.953+0000] {processor.py:830} INFO - Processing file /home/airflow/.local/lib/python3.8/site-packages/airflow/example_dags/example_branch_day_of_week_operator.py for tasks to queue
[2024-10-01T13:19:27.957+0000] {logging_mixin.py:188} INFO - [2024-10-01T13:19:27.957+0000] {dagbag.py:538} INFO - Filling up the DagBag from /home/airflow/.local/lib/python3.8/site-packages/airflow/example_dags/example_branch_day_of_week_operator.py
[2024-10-01T13:19:27.965+0000] {processor.py:840} INFO - DAG(s) 'example_weekday_branch_operator' retrieved from /home/airflow/.local/lib/python3.8/site-packages/airflow/example_dags/example_branch_day_of_week_operator.py
[2024-10-01T13:19:27.993+0000] {logging_mixin.py:188} INFO - [2024-10-01T13:19:27.992+0000] {dag.py:3036} INFO - Sync 1 DAGs
[2024-10-01T13:19:28.027+0000] {logging_mixin.py:188} INFO - [2024-10-01T13:19:28.026+0000] {dag.py:3823} INFO - Setting next_dagrun for example_weekday_branch_operator to 2024-09-30 00:00:00+00:00, run_after=2024-10-01 00:00:00+00:00
[2024-10-01T13:19:28.059+0000] {processor.py:183} INFO - Processing /home/airflow/.local/lib/python3.8/site-packages/airflow/example_dags/example_branch_day_of_week_operator.py took 0.111 seconds
[2024-10-01T13:19:58.936+0000] {processor.py:161} INFO - Started process (PID=661) to work on /home/airflow/.local/lib/python3.8/site-packages/airflow/example_dags/example_branch_day_of_week_operator.py
[2024-10-01T13:19:58.937+0000] {processor.py:830} INFO - Processing file /home/airflow/.local/lib/python3.8/site-packages/airflow/example_dags/example_branch_day_of_week_operator.py for tasks to queue
[2024-10-01T13:19:58.940+0000] {logging_mixin.py:188} INFO - [2024-10-01T13:19:58.940+0000] {dagbag.py:538} INFO - Filling up the DagBag from /home/airflow/.local/lib/python3.8/site-packages/airflow/example_dags/example_branch_day_of_week_operator.py
[2024-10-01T13:19:58.948+0000] {processor.py:840} INFO - DAG(s) 'example_weekday_branch_operator' retrieved from /home/airflow/.local/lib/python3.8/site-packages/airflow/example_dags/example_branch_day_of_week_operator.py
[2024-10-01T13:19:58.970+0000] {logging_mixin.py:188} INFO - [2024-10-01T13:19:58.970+0000] {dag.py:3036} INFO - Sync 1 DAGs
[2024-10-01T13:19:58.997+0000] {logging_mixin.py:188} INFO - [2024-10-01T13:19:58.996+0000] {dag.py:3823} INFO - Setting next_dagrun for example_weekday_branch_operator to 2024-09-30 00:00:00+00:00, run_after=2024-10-01 00:00:00+00:00
[2024-10-01T13:19:59.024+0000] {processor.py:183} INFO - Processing /home/airflow/.local/lib/python3.8/site-packages/airflow/example_dags/example_branch_day_of_week_operator.py took 0.092 seconds
[2024-10-01T13:20:29.969+0000] {processor.py:161} INFO - Started process (PID=717) to work on /home/airflow/.local/lib/python3.8/site-packages/airflow/example_dags/example_branch_day_of_week_operator.py
[2024-10-01T13:20:29.970+0000] {processor.py:830} INFO - Processing file /home/airflow/.local/lib/python3.8/site-packages/airflow/example_dags/example_branch_day_of_week_operator.py for tasks to queue
[2024-10-01T13:20:29.973+0000] {logging_mixin.py:188} INFO - [2024-10-01T13:20:29.972+0000] {dagbag.py:538} INFO - Filling up the DagBag from /home/airflow/.local/lib/python3.8/site-packages/airflow/example_dags/example_branch_day_of_week_operator.py
[2024-10-01T13:20:29.997+0000] {processor.py:840} INFO - DAG(s) 'example_weekday_branch_operator' retrieved from /home/airflow/.local/lib/python3.8/site-packages/airflow/example_dags/example_branch_day_of_week_operator.py
[2024-10-01T13:20:30.037+0000] {logging_mixin.py:188} INFO - [2024-10-01T13:20:30.037+0000] {dag.py:3036} INFO - Sync 1 DAGs
[2024-10-01T13:20:30.075+0000] {logging_mixin.py:188} INFO - [2024-10-01T13:20:30.075+0000] {dag.py:3823} INFO - Setting next_dagrun for example_weekday_branch_operator to 2024-09-30 00:00:00+00:00, run_after=2024-10-01 00:00:00+00:00
[2024-10-01T13:20:30.107+0000] {processor.py:183} INFO - Processing /home/airflow/.local/lib/python3.8/site-packages/airflow/example_dags/example_branch_day_of_week_operator.py took 0.142 seconds
[2024-10-01T13:21:00.252+0000] {processor.py:161} INFO - Started process (PID=774) to work on /home/airflow/.local/lib/python3.8/site-packages/airflow/example_dags/example_branch_day_of_week_operator.py
[2024-10-01T13:21:00.253+0000] {processor.py:830} INFO - Processing file /home/airflow/.local/lib/python3.8/site-packages/airflow/example_dags/example_branch_day_of_week_operator.py for tasks to queue
[2024-10-01T13:21:00.256+0000] {logging_mixin.py:188} INFO - [2024-10-01T13:21:00.256+0000] {dagbag.py:538} INFO - Filling up the DagBag from /home/airflow/.local/lib/python3.8/site-packages/airflow/example_dags/example_branch_day_of_week_operator.py
[2024-10-01T13:21:00.267+0000] {processor.py:840} INFO - DAG(s) 'example_weekday_branch_operator' retrieved from /home/airflow/.local/lib/python3.8/site-packages/airflow/example_dags/example_branch_day_of_week_operator.py
[2024-10-01T13:21:00.294+0000] {logging_mixin.py:188} INFO - [2024-10-01T13:21:00.294+0000] {dag.py:3036} INFO - Sync 1 DAGs
[2024-10-01T13:21:00.325+0000] {logging_mixin.py:188} INFO - [2024-10-01T13:21:00.325+0000] {dag.py:3823} INFO - Setting next_dagrun for example_weekday_branch_operator to 2024-09-30 00:00:00+00:00, run_after=2024-10-01 00:00:00+00:00
[2024-10-01T13:21:00.356+0000] {processor.py:183} INFO - Processing /home/airflow/.local/lib/python3.8/site-packages/airflow/example_dags/example_branch_day_of_week_operator.py took 0.108 seconds
[2024-10-01T13:21:30.422+0000] {processor.py:161} INFO - Started process (PID=829) to work on /home/airflow/.local/lib/python3.8/site-packages/airflow/example_dags/example_branch_day_of_week_operator.py
[2024-10-01T13:21:30.424+0000] {processor.py:830} INFO - Processing file /home/airflow/.local/lib/python3.8/site-packages/airflow/example_dags/example_branch_day_of_week_operator.py for tasks to queue
[2024-10-01T13:21:30.429+0000] {logging_mixin.py:188} INFO - [2024-10-01T13:21:30.428+0000] {dagbag.py:538} INFO - Filling up the DagBag from /home/airflow/.local/lib/python3.8/site-packages/airflow/example_dags/example_branch_day_of_week_operator.py
[2024-10-01T13:21:30.443+0000] {processor.py:840} INFO - DAG(s) 'example_weekday_branch_operator' retrieved from /home/airflow/.local/lib/python3.8/site-packages/airflow/example_dags/example_branch_day_of_week_operator.py
[2024-10-01T13:21:30.493+0000] {logging_mixin.py:188} INFO - [2024-10-01T13:21:30.492+0000] {dag.py:3036} INFO - Sync 1 DAGs
[2024-10-01T13:21:30.543+0000] {logging_mixin.py:188} INFO - [2024-10-01T13:21:30.542+0000] {dag.py:3823} INFO - Setting next_dagrun for example_weekday_branch_operator to 2024-09-30 00:00:00+00:00, run_after=2024-10-01 00:00:00+00:00
[2024-10-01T13:21:30.586+0000] {processor.py:183} INFO - Processing /home/airflow/.local/lib/python3.8/site-packages/airflow/example_dags/example_branch_day_of_week_operator.py took 0.170 seconds
[2024-10-01T13:22:01.330+0000] {processor.py:161} INFO - Started process (PID=885) to work on /home/airflow/.local/lib/python3.8/site-packages/airflow/example_dags/example_branch_day_of_week_operator.py
[2024-10-01T13:22:01.331+0000] {processor.py:830} INFO - Processing file /home/airflow/.local/lib/python3.8/site-packages/airflow/example_dags/example_branch_day_of_week_operator.py for tasks to queue
[2024-10-01T13:22:01.334+0000] {logging_mixin.py:188} INFO - [2024-10-01T13:22:01.334+0000] {dagbag.py:538} INFO - Filling up the DagBag from /home/airflow/.local/lib/python3.8/site-packages/airflow/example_dags/example_branch_day_of_week_operator.py
[2024-10-01T13:22:01.348+0000] {processor.py:840} INFO - DAG(s) 'example_weekday_branch_operator' retrieved from /home/airflow/.local/lib/python3.8/site-packages/airflow/example_dags/example_branch_day_of_week_operator.py
[2024-10-01T13:22:01.380+0000] {logging_mixin.py:188} INFO - [2024-10-01T13:22:01.380+0000] {dag.py:3036} INFO - Sync 1 DAGs
[2024-10-01T13:22:01.423+0000] {logging_mixin.py:188} INFO - [2024-10-01T13:22:01.421+0000] {dag.py:3823} INFO - Setting next_dagrun for example_weekday_branch_operator to 2024-09-30 00:00:00+00:00, run_after=2024-10-01 00:00:00+00:00
[2024-10-01T13:22:01.616+0000] {processor.py:183} INFO - Processing /home/airflow/.local/lib/python3.8/site-packages/airflow/example_dags/example_branch_day_of_week_operator.py took 0.291 seconds
[2024-10-01T13:22:32.297+0000] {processor.py:161} INFO - Started process (PID=941) to work on /home/airflow/.local/lib/python3.8/site-packages/airflow/example_dags/example_branch_day_of_week_operator.py
[2024-10-01T13:22:32.300+0000] {processor.py:830} INFO - Processing file /home/airflow/.local/lib/python3.8/site-packages/airflow/example_dags/example_branch_day_of_week_operator.py for tasks to queue
[2024-10-01T13:22:32.303+0000] {logging_mixin.py:188} INFO - [2024-10-01T13:22:32.303+0000] {dagbag.py:538} INFO - Filling up the DagBag from /home/airflow/.local/lib/python3.8/site-packages/airflow/example_dags/example_branch_day_of_week_operator.py
[2024-10-01T13:22:32.328+0000] {processor.py:840} INFO - DAG(s) 'example_weekday_branch_operator' retrieved from /home/airflow/.local/lib/python3.8/site-packages/airflow/example_dags/example_branch_day_of_week_operator.py
[2024-10-01T13:22:32.378+0000] {logging_mixin.py:188} INFO - [2024-10-01T13:22:32.378+0000] {dag.py:3036} INFO - Sync 1 DAGs
[2024-10-01T13:22:32.474+0000] {logging_mixin.py:188} INFO - [2024-10-01T13:22:32.473+0000] {dag.py:3823} INFO - Setting next_dagrun for example_weekday_branch_operator to 2024-09-30 00:00:00+00:00, run_after=2024-10-01 00:00:00+00:00
[2024-10-01T13:22:32.571+0000] {processor.py:183} INFO - Processing /home/airflow/.local/lib/python3.8/site-packages/airflow/example_dags/example_branch_day_of_week_operator.py took 0.285 seconds
[2024-10-01T13:23:02.760+0000] {processor.py:161} INFO - Started process (PID=998) to work on /home/airflow/.local/lib/python3.8/site-packages/airflow/example_dags/example_branch_day_of_week_operator.py
[2024-10-01T13:23:02.762+0000] {processor.py:830} INFO - Processing file /home/airflow/.local/lib/python3.8/site-packages/airflow/example_dags/example_branch_day_of_week_operator.py for tasks to queue
[2024-10-01T13:23:02.765+0000] {logging_mixin.py:188} INFO - [2024-10-01T13:23:02.764+0000] {dagbag.py:538} INFO - Filling up the DagBag from /home/airflow/.local/lib/python3.8/site-packages/airflow/example_dags/example_branch_day_of_week_operator.py
[2024-10-01T13:23:02.780+0000] {processor.py:840} INFO - DAG(s) 'example_weekday_branch_operator' retrieved from /home/airflow/.local/lib/python3.8/site-packages/airflow/example_dags/example_branch_day_of_week_operator.py
[2024-10-01T13:23:02.815+0000] {logging_mixin.py:188} INFO - [2024-10-01T13:23:02.815+0000] {dag.py:3036} INFO - Sync 1 DAGs
[2024-10-01T13:23:02.856+0000] {logging_mixin.py:188} INFO - [2024-10-01T13:23:02.856+0000] {dag.py:3823} INFO - Setting next_dagrun for example_weekday_branch_operator to 2024-09-30 00:00:00+00:00, run_after=2024-10-01 00:00:00+00:00
[2024-10-01T13:23:02.901+0000] {processor.py:183} INFO - Processing /home/airflow/.local/lib/python3.8/site-packages/airflow/example_dags/example_branch_day_of_week_operator.py took 0.146 seconds
[2024-10-01T13:23:35.065+0000] {processor.py:161} INFO - Started process (PID=1054) to work on /home/airflow/.local/lib/python3.8/site-packages/airflow/example_dags/example_branch_day_of_week_operator.py
[2024-10-01T13:23:35.067+0000] {processor.py:830} INFO - Processing file /home/airflow/.local/lib/python3.8/site-packages/airflow/example_dags/example_branch_day_of_week_operator.py for tasks to queue
[2024-10-01T13:23:35.102+0000] {logging_mixin.py:188} INFO - [2024-10-01T13:23:35.101+0000] {dagbag.py:538} INFO - Filling up the DagBag from /home/airflow/.local/lib/python3.8/site-packages/airflow/example_dags/example_branch_day_of_week_operator.py
[2024-10-01T13:23:35.120+0000] {processor.py:840} INFO - DAG(s) 'example_weekday_branch_operator' retrieved from /home/airflow/.local/lib/python3.8/site-packages/airflow/example_dags/example_branch_day_of_week_operator.py
[2024-10-01T13:23:35.187+0000] {logging_mixin.py:188} INFO - [2024-10-01T13:23:35.186+0000] {dag.py:3036} INFO - Sync 1 DAGs
[2024-10-01T13:23:35.268+0000] {logging_mixin.py:188} INFO - [2024-10-01T13:23:35.267+0000] {dag.py:3823} INFO - Setting next_dagrun for example_weekday_branch_operator to 2024-09-30 00:00:00+00:00, run_after=2024-10-01 00:00:00+00:00
[2024-10-01T13:23:35.336+0000] {processor.py:183} INFO - Processing /home/airflow/.local/lib/python3.8/site-packages/airflow/example_dags/example_branch_day_of_week_operator.py took 0.279 seconds
[2024-10-01T13:24:06.277+0000] {processor.py:161} INFO - Started process (PID=1116) to work on /home/airflow/.local/lib/python3.8/site-packages/airflow/example_dags/example_branch_day_of_week_operator.py
[2024-10-01T13:24:06.280+0000] {processor.py:830} INFO - Processing file /home/airflow/.local/lib/python3.8/site-packages/airflow/example_dags/example_branch_day_of_week_operator.py for tasks to queue
[2024-10-01T13:24:06.314+0000] {logging_mixin.py:188} INFO - [2024-10-01T13:24:06.311+0000] {dagbag.py:538} INFO - Filling up the DagBag from /home/airflow/.local/lib/python3.8/site-packages/airflow/example_dags/example_branch_day_of_week_operator.py
[2024-10-01T13:24:06.397+0000] {processor.py:840} INFO - DAG(s) 'example_weekday_branch_operator' retrieved from /home/airflow/.local/lib/python3.8/site-packages/airflow/example_dags/example_branch_day_of_week_operator.py
[2024-10-01T13:24:06.584+0000] {logging_mixin.py:188} INFO - [2024-10-01T13:24:06.583+0000] {dag.py:3036} INFO - Sync 1 DAGs
[2024-10-01T13:24:06.785+0000] {logging_mixin.py:188} INFO - [2024-10-01T13:24:06.785+0000] {dag.py:3823} INFO - Setting next_dagrun for example_weekday_branch_operator to 2024-09-30 00:00:00+00:00, run_after=2024-10-01 00:00:00+00:00
[2024-10-01T13:24:06.918+0000] {processor.py:183} INFO - Processing /home/airflow/.local/lib/python3.8/site-packages/airflow/example_dags/example_branch_day_of_week_operator.py took 0.658 seconds
[2024-10-01T13:24:37.791+0000] {processor.py:161} INFO - Started process (PID=1172) to work on /home/airflow/.local/lib/python3.8/site-packages/airflow/example_dags/example_branch_day_of_week_operator.py
[2024-10-01T13:24:37.792+0000] {processor.py:830} INFO - Processing file /home/airflow/.local/lib/python3.8/site-packages/airflow/example_dags/example_branch_day_of_week_operator.py for tasks to queue
[2024-10-01T13:24:37.796+0000] {logging_mixin.py:188} INFO - [2024-10-01T13:24:37.795+0000] {dagbag.py:538} INFO - Filling up the DagBag from /home/airflow/.local/lib/python3.8/site-packages/airflow/example_dags/example_branch_day_of_week_operator.py
[2024-10-01T13:24:37.810+0000] {processor.py:840} INFO - DAG(s) 'example_weekday_branch_operator' retrieved from /home/airflow/.local/lib/python3.8/site-packages/airflow/example_dags/example_branch_day_of_week_operator.py
[2024-10-01T13:24:37.841+0000] {logging_mixin.py:188} INFO - [2024-10-01T13:24:37.840+0000] {dag.py:3036} INFO - Sync 1 DAGs
[2024-10-01T13:24:37.876+0000] {logging_mixin.py:188} INFO - [2024-10-01T13:24:37.875+0000] {dag.py:3823} INFO - Setting next_dagrun for example_weekday_branch_operator to 2024-09-30 00:00:00+00:00, run_after=2024-10-01 00:00:00+00:00
[2024-10-01T13:24:37.929+0000] {processor.py:183} INFO - Processing /home/airflow/.local/lib/python3.8/site-packages/airflow/example_dags/example_branch_day_of_week_operator.py took 0.145 seconds
[2024-10-01T13:25:08.326+0000] {processor.py:161} INFO - Started process (PID=1228) to work on /home/airflow/.local/lib/python3.8/site-packages/airflow/example_dags/example_branch_day_of_week_operator.py
[2024-10-01T13:25:08.327+0000] {processor.py:830} INFO - Processing file /home/airflow/.local/lib/python3.8/site-packages/airflow/example_dags/example_branch_day_of_week_operator.py for tasks to queue
[2024-10-01T13:25:08.331+0000] {logging_mixin.py:188} INFO - [2024-10-01T13:25:08.330+0000] {dagbag.py:538} INFO - Filling up the DagBag from /home/airflow/.local/lib/python3.8/site-packages/airflow/example_dags/example_branch_day_of_week_operator.py
[2024-10-01T13:25:08.356+0000] {processor.py:840} INFO - DAG(s) 'example_weekday_branch_operator' retrieved from /home/airflow/.local/lib/python3.8/site-packages/airflow/example_dags/example_branch_day_of_week_operator.py
[2024-10-01T13:25:08.407+0000] {logging_mixin.py:188} INFO - [2024-10-01T13:25:08.407+0000] {dag.py:3036} INFO - Sync 1 DAGs
[2024-10-01T13:25:08.480+0000] {logging_mixin.py:188} INFO - [2024-10-01T13:25:08.479+0000] {dag.py:3823} INFO - Setting next_dagrun for example_weekday_branch_operator to 2024-09-30 00:00:00+00:00, run_after=2024-10-01 00:00:00+00:00
[2024-10-01T13:25:08.718+0000] {processor.py:183} INFO - Processing /home/airflow/.local/lib/python3.8/site-packages/airflow/example_dags/example_branch_day_of_week_operator.py took 0.397 seconds
[2024-10-01T13:25:39.346+0000] {processor.py:161} INFO - Started process (PID=1284) to work on /home/airflow/.local/lib/python3.8/site-packages/airflow/example_dags/example_branch_day_of_week_operator.py
[2024-10-01T13:25:39.350+0000] {processor.py:830} INFO - Processing file /home/airflow/.local/lib/python3.8/site-packages/airflow/example_dags/example_branch_day_of_week_operator.py for tasks to queue
[2024-10-01T13:25:39.355+0000] {logging_mixin.py:188} INFO - [2024-10-01T13:25:39.354+0000] {dagbag.py:538} INFO - Filling up the DagBag from /home/airflow/.local/lib/python3.8/site-packages/airflow/example_dags/example_branch_day_of_week_operator.py
[2024-10-01T13:25:39.373+0000] {processor.py:840} INFO - DAG(s) 'example_weekday_branch_operator' retrieved from /home/airflow/.local/lib/python3.8/site-packages/airflow/example_dags/example_branch_day_of_week_operator.py
[2024-10-01T13:25:39.411+0000] {logging_mixin.py:188} INFO - [2024-10-01T13:25:39.410+0000] {dag.py:3036} INFO - Sync 1 DAGs
[2024-10-01T13:25:39.517+0000] {logging_mixin.py:188} INFO - [2024-10-01T13:25:39.516+0000] {dag.py:3823} INFO - Setting next_dagrun for example_weekday_branch_operator to 2024-09-30 00:00:00+00:00, run_after=2024-10-01 00:00:00+00:00
[2024-10-01T13:25:39.671+0000] {processor.py:183} INFO - Processing /home/airflow/.local/lib/python3.8/site-packages/airflow/example_dags/example_branch_day_of_week_operator.py took 0.330 seconds
