[2024-10-01T13:14:41.431+0000] {processor.py:161} INFO - Started process (PID=88) to work on /home/airflow/.local/lib/python3.8/site-packages/airflow/example_dags/example_local_kubernetes_executor.py
[2024-10-01T13:14:41.433+0000] {processor.py:830} INFO - Processing file /home/airflow/.local/lib/python3.8/site-packages/airflow/example_dags/example_local_kubernetes_executor.py for tasks to queue
[2024-10-01T13:14:41.436+0000] {logging_mixin.py:188} INFO - [2024-10-01T13:14:41.435+0000] {dagbag.py:538} INFO - Filling up the DagBag from /home/airflow/.local/lib/python3.8/site-packages/airflow/example_dags/example_local_kubernetes_executor.py
[2024-10-01T13:14:41.531+0000] {processor.py:840} INFO - DAG(s) 'example_local_kubernetes_executor' retrieved from /home/airflow/.local/lib/python3.8/site-packages/airflow/example_dags/example_local_kubernetes_executor.py
[2024-10-01T13:14:44.207+0000] {logging_mixin.py:188} INFO - [2024-10-01T13:14:44.206+0000] {dag.py:3036} INFO - Sync 1 DAGs
[2024-10-01T13:14:44.297+0000] {logging_mixin.py:188} INFO - [2024-10-01T13:14:44.297+0000] {dag.py:3823} INFO - Setting next_dagrun for example_local_kubernetes_executor to None, run_after=None
[2024-10-01T13:14:44.545+0000] {processor.py:183} INFO - Processing /home/airflow/.local/lib/python3.8/site-packages/airflow/example_dags/example_local_kubernetes_executor.py took 3.135 seconds
[2024-10-01T13:15:14.958+0000] {processor.py:161} INFO - Started process (PID=144) to work on /home/airflow/.local/lib/python3.8/site-packages/airflow/example_dags/example_local_kubernetes_executor.py
[2024-10-01T13:15:14.959+0000] {processor.py:830} INFO - Processing file /home/airflow/.local/lib/python3.8/site-packages/airflow/example_dags/example_local_kubernetes_executor.py for tasks to queue
[2024-10-01T13:15:14.965+0000] {logging_mixin.py:188} INFO - [2024-10-01T13:15:14.964+0000] {dagbag.py:538} INFO - Filling up the DagBag from /home/airflow/.local/lib/python3.8/site-packages/airflow/example_dags/example_local_kubernetes_executor.py
[2024-10-01T13:15:15.001+0000] {processor.py:840} INFO - DAG(s) 'example_local_kubernetes_executor' retrieved from /home/airflow/.local/lib/python3.8/site-packages/airflow/example_dags/example_local_kubernetes_executor.py
[2024-10-01T13:15:15.063+0000] {logging_mixin.py:188} INFO - [2024-10-01T13:15:15.062+0000] {dag.py:3036} INFO - Sync 1 DAGs
[2024-10-01T13:15:15.367+0000] {logging_mixin.py:188} INFO - [2024-10-01T13:15:15.367+0000] {dag.py:3823} INFO - Setting next_dagrun for example_local_kubernetes_executor to None, run_after=None
[2024-10-01T13:15:15.529+0000] {processor.py:183} INFO - Processing /home/airflow/.local/lib/python3.8/site-packages/airflow/example_dags/example_local_kubernetes_executor.py took 0.576 seconds
[2024-10-01T13:15:45.641+0000] {processor.py:161} INFO - Started process (PID=200) to work on /home/airflow/.local/lib/python3.8/site-packages/airflow/example_dags/example_local_kubernetes_executor.py
[2024-10-01T13:15:45.643+0000] {processor.py:830} INFO - Processing file /home/airflow/.local/lib/python3.8/site-packages/airflow/example_dags/example_local_kubernetes_executor.py for tasks to queue
[2024-10-01T13:15:45.645+0000] {logging_mixin.py:188} INFO - [2024-10-01T13:15:45.644+0000] {dagbag.py:538} INFO - Filling up the DagBag from /home/airflow/.local/lib/python3.8/site-packages/airflow/example_dags/example_local_kubernetes_executor.py
[2024-10-01T13:15:45.653+0000] {processor.py:840} INFO - DAG(s) 'example_local_kubernetes_executor' retrieved from /home/airflow/.local/lib/python3.8/site-packages/airflow/example_dags/example_local_kubernetes_executor.py
[2024-10-01T13:15:45.690+0000] {logging_mixin.py:188} INFO - [2024-10-01T13:15:45.690+0000] {dag.py:3036} INFO - Sync 1 DAGs
[2024-10-01T13:15:45.706+0000] {logging_mixin.py:188} INFO - [2024-10-01T13:15:45.706+0000] {dag.py:3823} INFO - Setting next_dagrun for example_local_kubernetes_executor to None, run_after=None
[2024-10-01T13:15:45.746+0000] {processor.py:183} INFO - Processing /home/airflow/.local/lib/python3.8/site-packages/airflow/example_dags/example_local_kubernetes_executor.py took 0.108 seconds
[2024-10-01T13:16:15.917+0000] {processor.py:161} INFO - Started process (PID=256) to work on /home/airflow/.local/lib/python3.8/site-packages/airflow/example_dags/example_local_kubernetes_executor.py
[2024-10-01T13:16:15.918+0000] {processor.py:830} INFO - Processing file /home/airflow/.local/lib/python3.8/site-packages/airflow/example_dags/example_local_kubernetes_executor.py for tasks to queue
[2024-10-01T13:16:15.920+0000] {logging_mixin.py:188} INFO - [2024-10-01T13:16:15.920+0000] {dagbag.py:538} INFO - Filling up the DagBag from /home/airflow/.local/lib/python3.8/site-packages/airflow/example_dags/example_local_kubernetes_executor.py
[2024-10-01T13:16:15.928+0000] {processor.py:840} INFO - DAG(s) 'example_local_kubernetes_executor' retrieved from /home/airflow/.local/lib/python3.8/site-packages/airflow/example_dags/example_local_kubernetes_executor.py
[2024-10-01T13:16:15.963+0000] {logging_mixin.py:188} INFO - [2024-10-01T13:16:15.962+0000] {dag.py:3036} INFO - Sync 1 DAGs
[2024-10-01T13:16:15.976+0000] {logging_mixin.py:188} INFO - [2024-10-01T13:16:15.976+0000] {dag.py:3823} INFO - Setting next_dagrun for example_local_kubernetes_executor to None, run_after=None
[2024-10-01T13:16:16.076+0000] {processor.py:183} INFO - Processing /home/airflow/.local/lib/python3.8/site-packages/airflow/example_dags/example_local_kubernetes_executor.py took 0.163 seconds
[2024-10-01T13:16:46.180+0000] {processor.py:161} INFO - Started process (PID=312) to work on /home/airflow/.local/lib/python3.8/site-packages/airflow/example_dags/example_local_kubernetes_executor.py
[2024-10-01T13:16:46.181+0000] {processor.py:830} INFO - Processing file /home/airflow/.local/lib/python3.8/site-packages/airflow/example_dags/example_local_kubernetes_executor.py for tasks to queue
[2024-10-01T13:16:46.183+0000] {logging_mixin.py:188} INFO - [2024-10-01T13:16:46.183+0000] {dagbag.py:538} INFO - Filling up the DagBag from /home/airflow/.local/lib/python3.8/site-packages/airflow/example_dags/example_local_kubernetes_executor.py
[2024-10-01T13:16:46.191+0000] {processor.py:840} INFO - DAG(s) 'example_local_kubernetes_executor' retrieved from /home/airflow/.local/lib/python3.8/site-packages/airflow/example_dags/example_local_kubernetes_executor.py
[2024-10-01T13:16:46.226+0000] {logging_mixin.py:188} INFO - [2024-10-01T13:16:46.226+0000] {dag.py:3036} INFO - Sync 1 DAGs
[2024-10-01T13:16:46.240+0000] {logging_mixin.py:188} INFO - [2024-10-01T13:16:46.240+0000] {dag.py:3823} INFO - Setting next_dagrun for example_local_kubernetes_executor to None, run_after=None
[2024-10-01T13:16:46.549+0000] {processor.py:183} INFO - Processing /home/airflow/.local/lib/python3.8/site-packages/airflow/example_dags/example_local_kubernetes_executor.py took 0.373 seconds
[2024-10-01T13:17:16.693+0000] {processor.py:161} INFO - Started process (PID=368) to work on /home/airflow/.local/lib/python3.8/site-packages/airflow/example_dags/example_local_kubernetes_executor.py
[2024-10-01T13:17:16.695+0000] {processor.py:830} INFO - Processing file /home/airflow/.local/lib/python3.8/site-packages/airflow/example_dags/example_local_kubernetes_executor.py for tasks to queue
[2024-10-01T13:17:16.698+0000] {logging_mixin.py:188} INFO - [2024-10-01T13:17:16.698+0000] {dagbag.py:538} INFO - Filling up the DagBag from /home/airflow/.local/lib/python3.8/site-packages/airflow/example_dags/example_local_kubernetes_executor.py
[2024-10-01T13:17:16.708+0000] {processor.py:840} INFO - DAG(s) 'example_local_kubernetes_executor' retrieved from /home/airflow/.local/lib/python3.8/site-packages/airflow/example_dags/example_local_kubernetes_executor.py
[2024-10-01T13:17:16.769+0000] {logging_mixin.py:188} INFO - [2024-10-01T13:17:16.769+0000] {dag.py:3036} INFO - Sync 1 DAGs
[2024-10-01T13:17:16.792+0000] {logging_mixin.py:188} INFO - [2024-10-01T13:17:16.792+0000] {dag.py:3823} INFO - Setting next_dagrun for example_local_kubernetes_executor to None, run_after=None
[2024-10-01T13:17:16.860+0000] {processor.py:183} INFO - Processing /home/airflow/.local/lib/python3.8/site-packages/airflow/example_dags/example_local_kubernetes_executor.py took 0.172 seconds
[2024-10-01T13:17:47.004+0000] {processor.py:161} INFO - Started process (PID=424) to work on /home/airflow/.local/lib/python3.8/site-packages/airflow/example_dags/example_local_kubernetes_executor.py
[2024-10-01T13:17:47.005+0000] {processor.py:830} INFO - Processing file /home/airflow/.local/lib/python3.8/site-packages/airflow/example_dags/example_local_kubernetes_executor.py for tasks to queue
[2024-10-01T13:17:47.007+0000] {logging_mixin.py:188} INFO - [2024-10-01T13:17:47.007+0000] {dagbag.py:538} INFO - Filling up the DagBag from /home/airflow/.local/lib/python3.8/site-packages/airflow/example_dags/example_local_kubernetes_executor.py
[2024-10-01T13:17:47.015+0000] {processor.py:840} INFO - DAG(s) 'example_local_kubernetes_executor' retrieved from /home/airflow/.local/lib/python3.8/site-packages/airflow/example_dags/example_local_kubernetes_executor.py
[2024-10-01T13:17:47.055+0000] {logging_mixin.py:188} INFO - [2024-10-01T13:17:47.055+0000] {dag.py:3036} INFO - Sync 1 DAGs
[2024-10-01T13:17:47.071+0000] {logging_mixin.py:188} INFO - [2024-10-01T13:17:47.071+0000] {dag.py:3823} INFO - Setting next_dagrun for example_local_kubernetes_executor to None, run_after=None
[2024-10-01T13:17:47.099+0000] {processor.py:183} INFO - Processing /home/airflow/.local/lib/python3.8/site-packages/airflow/example_dags/example_local_kubernetes_executor.py took 0.098 seconds
[2024-10-01T13:18:18.112+0000] {processor.py:161} INFO - Started process (PID=480) to work on /home/airflow/.local/lib/python3.8/site-packages/airflow/example_dags/example_local_kubernetes_executor.py
[2024-10-01T13:18:18.113+0000] {processor.py:830} INFO - Processing file /home/airflow/.local/lib/python3.8/site-packages/airflow/example_dags/example_local_kubernetes_executor.py for tasks to queue
[2024-10-01T13:18:18.115+0000] {logging_mixin.py:188} INFO - [2024-10-01T13:18:18.115+0000] {dagbag.py:538} INFO - Filling up the DagBag from /home/airflow/.local/lib/python3.8/site-packages/airflow/example_dags/example_local_kubernetes_executor.py
[2024-10-01T13:18:18.125+0000] {processor.py:840} INFO - DAG(s) 'example_local_kubernetes_executor' retrieved from /home/airflow/.local/lib/python3.8/site-packages/airflow/example_dags/example_local_kubernetes_executor.py
[2024-10-01T13:18:18.164+0000] {logging_mixin.py:188} INFO - [2024-10-01T13:18:18.164+0000] {dag.py:3036} INFO - Sync 1 DAGs
[2024-10-01T13:18:18.177+0000] {logging_mixin.py:188} INFO - [2024-10-01T13:18:18.177+0000] {dag.py:3823} INFO - Setting next_dagrun for example_local_kubernetes_executor to None, run_after=None
[2024-10-01T13:18:18.217+0000] {processor.py:183} INFO - Processing /home/airflow/.local/lib/python3.8/site-packages/airflow/example_dags/example_local_kubernetes_executor.py took 0.108 seconds
[2024-10-01T13:18:48.797+0000] {processor.py:161} INFO - Started process (PID=536) to work on /home/airflow/.local/lib/python3.8/site-packages/airflow/example_dags/example_local_kubernetes_executor.py
[2024-10-01T13:18:48.799+0000] {processor.py:830} INFO - Processing file /home/airflow/.local/lib/python3.8/site-packages/airflow/example_dags/example_local_kubernetes_executor.py for tasks to queue
[2024-10-01T13:18:48.801+0000] {logging_mixin.py:188} INFO - [2024-10-01T13:18:48.800+0000] {dagbag.py:538} INFO - Filling up the DagBag from /home/airflow/.local/lib/python3.8/site-packages/airflow/example_dags/example_local_kubernetes_executor.py
[2024-10-01T13:18:48.809+0000] {processor.py:840} INFO - DAG(s) 'example_local_kubernetes_executor' retrieved from /home/airflow/.local/lib/python3.8/site-packages/airflow/example_dags/example_local_kubernetes_executor.py
[2024-10-01T13:18:48.847+0000] {logging_mixin.py:188} INFO - [2024-10-01T13:18:48.847+0000] {dag.py:3036} INFO - Sync 1 DAGs
[2024-10-01T13:18:48.863+0000] {logging_mixin.py:188} INFO - [2024-10-01T13:18:48.863+0000] {dag.py:3823} INFO - Setting next_dagrun for example_local_kubernetes_executor to None, run_after=None
[2024-10-01T13:18:49.139+0000] {processor.py:183} INFO - Processing /home/airflow/.local/lib/python3.8/site-packages/airflow/example_dags/example_local_kubernetes_executor.py took 0.345 seconds
[2024-10-01T13:19:19.535+0000] {processor.py:161} INFO - Started process (PID=592) to work on /home/airflow/.local/lib/python3.8/site-packages/airflow/example_dags/example_local_kubernetes_executor.py
[2024-10-01T13:19:19.536+0000] {processor.py:830} INFO - Processing file /home/airflow/.local/lib/python3.8/site-packages/airflow/example_dags/example_local_kubernetes_executor.py for tasks to queue
[2024-10-01T13:19:19.538+0000] {logging_mixin.py:188} INFO - [2024-10-01T13:19:19.538+0000] {dagbag.py:538} INFO - Filling up the DagBag from /home/airflow/.local/lib/python3.8/site-packages/airflow/example_dags/example_local_kubernetes_executor.py
[2024-10-01T13:19:19.547+0000] {processor.py:840} INFO - DAG(s) 'example_local_kubernetes_executor' retrieved from /home/airflow/.local/lib/python3.8/site-packages/airflow/example_dags/example_local_kubernetes_executor.py
[2024-10-01T13:19:19.593+0000] {logging_mixin.py:188} INFO - [2024-10-01T13:19:19.593+0000] {dag.py:3036} INFO - Sync 1 DAGs
[2024-10-01T13:19:19.611+0000] {logging_mixin.py:188} INFO - [2024-10-01T13:19:19.610+0000] {dag.py:3823} INFO - Setting next_dagrun for example_local_kubernetes_executor to None, run_after=None
[2024-10-01T13:19:19.664+0000] {processor.py:183} INFO - Processing /home/airflow/.local/lib/python3.8/site-packages/airflow/example_dags/example_local_kubernetes_executor.py took 0.132 seconds
[2024-10-01T13:19:50.118+0000] {processor.py:161} INFO - Started process (PID=648) to work on /home/airflow/.local/lib/python3.8/site-packages/airflow/example_dags/example_local_kubernetes_executor.py
[2024-10-01T13:19:50.119+0000] {processor.py:830} INFO - Processing file /home/airflow/.local/lib/python3.8/site-packages/airflow/example_dags/example_local_kubernetes_executor.py for tasks to queue
[2024-10-01T13:19:50.122+0000] {logging_mixin.py:188} INFO - [2024-10-01T13:19:50.121+0000] {dagbag.py:538} INFO - Filling up the DagBag from /home/airflow/.local/lib/python3.8/site-packages/airflow/example_dags/example_local_kubernetes_executor.py
[2024-10-01T13:19:50.132+0000] {processor.py:840} INFO - DAG(s) 'example_local_kubernetes_executor' retrieved from /home/airflow/.local/lib/python3.8/site-packages/airflow/example_dags/example_local_kubernetes_executor.py
[2024-10-01T13:19:50.241+0000] {logging_mixin.py:188} INFO - [2024-10-01T13:19:50.240+0000] {dag.py:3036} INFO - Sync 1 DAGs
[2024-10-01T13:19:50.257+0000] {logging_mixin.py:188} INFO - [2024-10-01T13:19:50.257+0000] {dag.py:3823} INFO - Setting next_dagrun for example_local_kubernetes_executor to None, run_after=None
[2024-10-01T13:19:51.164+0000] {processor.py:183} INFO - Processing /home/airflow/.local/lib/python3.8/site-packages/airflow/example_dags/example_local_kubernetes_executor.py took 1.050 seconds
[2024-10-01T13:20:21.586+0000] {processor.py:161} INFO - Started process (PID=704) to work on /home/airflow/.local/lib/python3.8/site-packages/airflow/example_dags/example_local_kubernetes_executor.py
[2024-10-01T13:20:21.588+0000] {processor.py:830} INFO - Processing file /home/airflow/.local/lib/python3.8/site-packages/airflow/example_dags/example_local_kubernetes_executor.py for tasks to queue
[2024-10-01T13:20:21.595+0000] {logging_mixin.py:188} INFO - [2024-10-01T13:20:21.595+0000] {dagbag.py:538} INFO - Filling up the DagBag from /home/airflow/.local/lib/python3.8/site-packages/airflow/example_dags/example_local_kubernetes_executor.py
[2024-10-01T13:20:21.609+0000] {processor.py:840} INFO - DAG(s) 'example_local_kubernetes_executor' retrieved from /home/airflow/.local/lib/python3.8/site-packages/airflow/example_dags/example_local_kubernetes_executor.py
[2024-10-01T13:20:21.667+0000] {logging_mixin.py:188} INFO - [2024-10-01T13:20:21.666+0000] {dag.py:3036} INFO - Sync 1 DAGs
[2024-10-01T13:20:21.695+0000] {logging_mixin.py:188} INFO - [2024-10-01T13:20:21.695+0000] {dag.py:3823} INFO - Setting next_dagrun for example_local_kubernetes_executor to None, run_after=None
[2024-10-01T13:20:21.746+0000] {processor.py:183} INFO - Processing /home/airflow/.local/lib/python3.8/site-packages/airflow/example_dags/example_local_kubernetes_executor.py took 0.164 seconds
[2024-10-01T13:20:52.012+0000] {processor.py:161} INFO - Started process (PID=760) to work on /home/airflow/.local/lib/python3.8/site-packages/airflow/example_dags/example_local_kubernetes_executor.py
[2024-10-01T13:20:52.014+0000] {processor.py:830} INFO - Processing file /home/airflow/.local/lib/python3.8/site-packages/airflow/example_dags/example_local_kubernetes_executor.py for tasks to queue
[2024-10-01T13:20:52.018+0000] {logging_mixin.py:188} INFO - [2024-10-01T13:20:52.017+0000] {dagbag.py:538} INFO - Filling up the DagBag from /home/airflow/.local/lib/python3.8/site-packages/airflow/example_dags/example_local_kubernetes_executor.py
[2024-10-01T13:20:52.035+0000] {processor.py:840} INFO - DAG(s) 'example_local_kubernetes_executor' retrieved from /home/airflow/.local/lib/python3.8/site-packages/airflow/example_dags/example_local_kubernetes_executor.py
[2024-10-01T13:20:52.096+0000] {logging_mixin.py:188} INFO - [2024-10-01T13:20:52.096+0000] {dag.py:3036} INFO - Sync 1 DAGs
[2024-10-01T13:20:52.115+0000] {logging_mixin.py:188} INFO - [2024-10-01T13:20:52.115+0000] {dag.py:3823} INFO - Setting next_dagrun for example_local_kubernetes_executor to None, run_after=None
[2024-10-01T13:20:52.206+0000] {processor.py:183} INFO - Processing /home/airflow/.local/lib/python3.8/site-packages/airflow/example_dags/example_local_kubernetes_executor.py took 0.202 seconds
[2024-10-01T13:21:22.577+0000] {processor.py:161} INFO - Started process (PID=816) to work on /home/airflow/.local/lib/python3.8/site-packages/airflow/example_dags/example_local_kubernetes_executor.py
[2024-10-01T13:21:22.579+0000] {processor.py:830} INFO - Processing file /home/airflow/.local/lib/python3.8/site-packages/airflow/example_dags/example_local_kubernetes_executor.py for tasks to queue
[2024-10-01T13:21:22.581+0000] {logging_mixin.py:188} INFO - [2024-10-01T13:21:22.580+0000] {dagbag.py:538} INFO - Filling up the DagBag from /home/airflow/.local/lib/python3.8/site-packages/airflow/example_dags/example_local_kubernetes_executor.py
[2024-10-01T13:21:22.591+0000] {processor.py:840} INFO - DAG(s) 'example_local_kubernetes_executor' retrieved from /home/airflow/.local/lib/python3.8/site-packages/airflow/example_dags/example_local_kubernetes_executor.py
[2024-10-01T13:21:22.635+0000] {logging_mixin.py:188} INFO - [2024-10-01T13:21:22.635+0000] {dag.py:3036} INFO - Sync 1 DAGs
[2024-10-01T13:21:22.652+0000] {logging_mixin.py:188} INFO - [2024-10-01T13:21:22.651+0000] {dag.py:3823} INFO - Setting next_dagrun for example_local_kubernetes_executor to None, run_after=None
[2024-10-01T13:21:22.833+0000] {processor.py:183} INFO - Processing /home/airflow/.local/lib/python3.8/site-packages/airflow/example_dags/example_local_kubernetes_executor.py took 0.259 seconds
[2024-10-01T13:21:54.078+0000] {processor.py:161} INFO - Started process (PID=872) to work on /home/airflow/.local/lib/python3.8/site-packages/airflow/example_dags/example_local_kubernetes_executor.py
[2024-10-01T13:21:54.085+0000] {processor.py:830} INFO - Processing file /home/airflow/.local/lib/python3.8/site-packages/airflow/example_dags/example_local_kubernetes_executor.py for tasks to queue
[2024-10-01T13:21:54.090+0000] {logging_mixin.py:188} INFO - [2024-10-01T13:21:54.089+0000] {dagbag.py:538} INFO - Filling up the DagBag from /home/airflow/.local/lib/python3.8/site-packages/airflow/example_dags/example_local_kubernetes_executor.py
[2024-10-01T13:21:54.124+0000] {processor.py:840} INFO - DAG(s) 'example_local_kubernetes_executor' retrieved from /home/airflow/.local/lib/python3.8/site-packages/airflow/example_dags/example_local_kubernetes_executor.py
[2024-10-01T13:21:54.246+0000] {logging_mixin.py:188} INFO - [2024-10-01T13:21:54.246+0000] {dag.py:3036} INFO - Sync 1 DAGs
[2024-10-01T13:21:54.278+0000] {logging_mixin.py:188} INFO - [2024-10-01T13:21:54.278+0000] {dag.py:3823} INFO - Setting next_dagrun for example_local_kubernetes_executor to None, run_after=None
[2024-10-01T13:21:54.375+0000] {processor.py:183} INFO - Processing /home/airflow/.local/lib/python3.8/site-packages/airflow/example_dags/example_local_kubernetes_executor.py took 0.307 seconds
[2024-10-01T13:22:25.196+0000] {processor.py:161} INFO - Started process (PID=928) to work on /home/airflow/.local/lib/python3.8/site-packages/airflow/example_dags/example_local_kubernetes_executor.py
[2024-10-01T13:22:25.198+0000] {processor.py:830} INFO - Processing file /home/airflow/.local/lib/python3.8/site-packages/airflow/example_dags/example_local_kubernetes_executor.py for tasks to queue
[2024-10-01T13:22:25.200+0000] {logging_mixin.py:188} INFO - [2024-10-01T13:22:25.200+0000] {dagbag.py:538} INFO - Filling up the DagBag from /home/airflow/.local/lib/python3.8/site-packages/airflow/example_dags/example_local_kubernetes_executor.py
[2024-10-01T13:22:25.211+0000] {processor.py:840} INFO - DAG(s) 'example_local_kubernetes_executor' retrieved from /home/airflow/.local/lib/python3.8/site-packages/airflow/example_dags/example_local_kubernetes_executor.py
[2024-10-01T13:22:25.263+0000] {logging_mixin.py:188} INFO - [2024-10-01T13:22:25.263+0000] {dag.py:3036} INFO - Sync 1 DAGs
[2024-10-01T13:22:25.281+0000] {logging_mixin.py:188} INFO - [2024-10-01T13:22:25.280+0000] {dag.py:3823} INFO - Setting next_dagrun for example_local_kubernetes_executor to None, run_after=None
[2024-10-01T13:22:25.329+0000] {processor.py:183} INFO - Processing /home/airflow/.local/lib/python3.8/site-packages/airflow/example_dags/example_local_kubernetes_executor.py took 0.137 seconds
[2024-10-01T13:22:55.933+0000] {processor.py:161} INFO - Started process (PID=985) to work on /home/airflow/.local/lib/python3.8/site-packages/airflow/example_dags/example_local_kubernetes_executor.py
[2024-10-01T13:22:55.947+0000] {processor.py:830} INFO - Processing file /home/airflow/.local/lib/python3.8/site-packages/airflow/example_dags/example_local_kubernetes_executor.py for tasks to queue
[2024-10-01T13:22:55.963+0000] {logging_mixin.py:188} INFO - [2024-10-01T13:22:55.956+0000] {dagbag.py:538} INFO - Filling up the DagBag from /home/airflow/.local/lib/python3.8/site-packages/airflow/example_dags/example_local_kubernetes_executor.py
[2024-10-01T13:22:56.039+0000] {processor.py:840} INFO - DAG(s) 'example_local_kubernetes_executor' retrieved from /home/airflow/.local/lib/python3.8/site-packages/airflow/example_dags/example_local_kubernetes_executor.py
[2024-10-01T13:22:56.267+0000] {logging_mixin.py:188} INFO - [2024-10-01T13:22:56.266+0000] {dag.py:3036} INFO - Sync 1 DAGs
[2024-10-01T13:22:56.365+0000] {logging_mixin.py:188} INFO - [2024-10-01T13:22:56.364+0000] {dag.py:3823} INFO - Setting next_dagrun for example_local_kubernetes_executor to None, run_after=None
[2024-10-01T13:22:56.467+0000] {processor.py:183} INFO - Processing /home/airflow/.local/lib/python3.8/site-packages/airflow/example_dags/example_local_kubernetes_executor.py took 0.554 seconds
[2024-10-01T13:23:27.200+0000] {processor.py:161} INFO - Started process (PID=1041) to work on /home/airflow/.local/lib/python3.8/site-packages/airflow/example_dags/example_local_kubernetes_executor.py
[2024-10-01T13:23:27.202+0000] {processor.py:830} INFO - Processing file /home/airflow/.local/lib/python3.8/site-packages/airflow/example_dags/example_local_kubernetes_executor.py for tasks to queue
[2024-10-01T13:23:27.205+0000] {logging_mixin.py:188} INFO - [2024-10-01T13:23:27.205+0000] {dagbag.py:538} INFO - Filling up the DagBag from /home/airflow/.local/lib/python3.8/site-packages/airflow/example_dags/example_local_kubernetes_executor.py
[2024-10-01T13:23:27.223+0000] {processor.py:840} INFO - DAG(s) 'example_local_kubernetes_executor' retrieved from /home/airflow/.local/lib/python3.8/site-packages/airflow/example_dags/example_local_kubernetes_executor.py
[2024-10-01T13:23:27.288+0000] {logging_mixin.py:188} INFO - [2024-10-01T13:23:27.288+0000] {dag.py:3036} INFO - Sync 1 DAGs
[2024-10-01T13:23:27.313+0000] {logging_mixin.py:188} INFO - [2024-10-01T13:23:27.312+0000] {dag.py:3823} INFO - Setting next_dagrun for example_local_kubernetes_executor to None, run_after=None
[2024-10-01T13:23:27.428+0000] {processor.py:183} INFO - Processing /home/airflow/.local/lib/python3.8/site-packages/airflow/example_dags/example_local_kubernetes_executor.py took 0.233 seconds
[2024-10-01T13:23:58.013+0000] {processor.py:161} INFO - Started process (PID=1097) to work on /home/airflow/.local/lib/python3.8/site-packages/airflow/example_dags/example_local_kubernetes_executor.py
[2024-10-01T13:23:58.015+0000] {processor.py:830} INFO - Processing file /home/airflow/.local/lib/python3.8/site-packages/airflow/example_dags/example_local_kubernetes_executor.py for tasks to queue
[2024-10-01T13:23:58.021+0000] {logging_mixin.py:188} INFO - [2024-10-01T13:23:58.020+0000] {dagbag.py:538} INFO - Filling up the DagBag from /home/airflow/.local/lib/python3.8/site-packages/airflow/example_dags/example_local_kubernetes_executor.py
[2024-10-01T13:23:58.040+0000] {processor.py:840} INFO - DAG(s) 'example_local_kubernetes_executor' retrieved from /home/airflow/.local/lib/python3.8/site-packages/airflow/example_dags/example_local_kubernetes_executor.py
[2024-10-01T13:23:58.100+0000] {logging_mixin.py:188} INFO - [2024-10-01T13:23:58.099+0000] {dag.py:3036} INFO - Sync 1 DAGs
[2024-10-01T13:23:58.123+0000] {logging_mixin.py:188} INFO - [2024-10-01T13:23:58.122+0000] {dag.py:3823} INFO - Setting next_dagrun for example_local_kubernetes_executor to None, run_after=None
[2024-10-01T13:23:58.243+0000] {processor.py:183} INFO - Processing /home/airflow/.local/lib/python3.8/site-packages/airflow/example_dags/example_local_kubernetes_executor.py took 0.237 seconds
[2024-10-01T13:24:28.489+0000] {processor.py:161} INFO - Started process (PID=1153) to work on /home/airflow/.local/lib/python3.8/site-packages/airflow/example_dags/example_local_kubernetes_executor.py
[2024-10-01T13:24:28.490+0000] {processor.py:830} INFO - Processing file /home/airflow/.local/lib/python3.8/site-packages/airflow/example_dags/example_local_kubernetes_executor.py for tasks to queue
[2024-10-01T13:24:28.493+0000] {logging_mixin.py:188} INFO - [2024-10-01T13:24:28.492+0000] {dagbag.py:538} INFO - Filling up the DagBag from /home/airflow/.local/lib/python3.8/site-packages/airflow/example_dags/example_local_kubernetes_executor.py
[2024-10-01T13:24:28.504+0000] {processor.py:840} INFO - DAG(s) 'example_local_kubernetes_executor' retrieved from /home/airflow/.local/lib/python3.8/site-packages/airflow/example_dags/example_local_kubernetes_executor.py
[2024-10-01T13:24:28.561+0000] {logging_mixin.py:188} INFO - [2024-10-01T13:24:28.561+0000] {dag.py:3036} INFO - Sync 1 DAGs
[2024-10-01T13:24:28.588+0000] {logging_mixin.py:188} INFO - [2024-10-01T13:24:28.587+0000] {dag.py:3823} INFO - Setting next_dagrun for example_local_kubernetes_executor to None, run_after=None
[2024-10-01T13:24:28.651+0000] {processor.py:183} INFO - Processing /home/airflow/.local/lib/python3.8/site-packages/airflow/example_dags/example_local_kubernetes_executor.py took 0.168 seconds
[2024-10-01T13:24:59.416+0000] {processor.py:161} INFO - Started process (PID=1209) to work on /home/airflow/.local/lib/python3.8/site-packages/airflow/example_dags/example_local_kubernetes_executor.py
[2024-10-01T13:24:59.418+0000] {processor.py:830} INFO - Processing file /home/airflow/.local/lib/python3.8/site-packages/airflow/example_dags/example_local_kubernetes_executor.py for tasks to queue
[2024-10-01T13:24:59.421+0000] {logging_mixin.py:188} INFO - [2024-10-01T13:24:59.420+0000] {dagbag.py:538} INFO - Filling up the DagBag from /home/airflow/.local/lib/python3.8/site-packages/airflow/example_dags/example_local_kubernetes_executor.py
[2024-10-01T13:24:59.431+0000] {processor.py:840} INFO - DAG(s) 'example_local_kubernetes_executor' retrieved from /home/airflow/.local/lib/python3.8/site-packages/airflow/example_dags/example_local_kubernetes_executor.py
[2024-10-01T13:24:59.483+0000] {logging_mixin.py:188} INFO - [2024-10-01T13:24:59.482+0000] {dag.py:3036} INFO - Sync 1 DAGs
[2024-10-01T13:24:59.503+0000] {logging_mixin.py:188} INFO - [2024-10-01T13:24:59.503+0000] {dag.py:3823} INFO - Setting next_dagrun for example_local_kubernetes_executor to None, run_after=None
[2024-10-01T13:24:59.661+0000] {processor.py:183} INFO - Processing /home/airflow/.local/lib/python3.8/site-packages/airflow/example_dags/example_local_kubernetes_executor.py took 0.248 seconds
[2024-10-01T13:25:29.857+0000] {processor.py:161} INFO - Started process (PID=1263) to work on /home/airflow/.local/lib/python3.8/site-packages/airflow/example_dags/example_local_kubernetes_executor.py
[2024-10-01T13:25:29.859+0000] {processor.py:830} INFO - Processing file /home/airflow/.local/lib/python3.8/site-packages/airflow/example_dags/example_local_kubernetes_executor.py for tasks to queue
[2024-10-01T13:25:29.862+0000] {logging_mixin.py:188} INFO - [2024-10-01T13:25:29.861+0000] {dagbag.py:538} INFO - Filling up the DagBag from /home/airflow/.local/lib/python3.8/site-packages/airflow/example_dags/example_local_kubernetes_executor.py
[2024-10-01T13:25:29.876+0000] {processor.py:840} INFO - DAG(s) 'example_local_kubernetes_executor' retrieved from /home/airflow/.local/lib/python3.8/site-packages/airflow/example_dags/example_local_kubernetes_executor.py
[2024-10-01T13:25:29.940+0000] {logging_mixin.py:188} INFO - [2024-10-01T13:25:29.939+0000] {dag.py:3036} INFO - Sync 1 DAGs
[2024-10-01T13:25:29.961+0000] {logging_mixin.py:188} INFO - [2024-10-01T13:25:29.960+0000] {dag.py:3823} INFO - Setting next_dagrun for example_local_kubernetes_executor to None, run_after=None
[2024-10-01T13:25:30.151+0000] {processor.py:183} INFO - Processing /home/airflow/.local/lib/python3.8/site-packages/airflow/example_dags/example_local_kubernetes_executor.py took 0.298 seconds
