[2024-10-01T13:14:18.006+0000] {processor.py:161} INFO - Started process (PID=76) to work on /home/airflow/.local/lib/python3.8/site-packages/airflow/example_dags/example_task_group_decorator.py
[2024-10-01T13:14:18.010+0000] {processor.py:830} INFO - Processing file /home/airflow/.local/lib/python3.8/site-packages/airflow/example_dags/example_task_group_decorator.py for tasks to queue
[2024-10-01T13:14:18.016+0000] {logging_mixin.py:188} INFO - [2024-10-01T13:14:18.015+0000] {dagbag.py:538} INFO - Filling up the DagBag from /home/airflow/.local/lib/python3.8/site-packages/airflow/example_dags/example_task_group_decorator.py
[2024-10-01T13:14:23.461+0000] {processor.py:840} INFO - DAG(s) 'example_task_group_decorator' retrieved from /home/airflow/.local/lib/python3.8/site-packages/airflow/example_dags/example_task_group_decorator.py
[2024-10-01T13:14:24.743+0000] {logging_mixin.py:188} INFO - [2024-10-01T13:14:24.742+0000] {dag.py:3036} INFO - Sync 1 DAGs
[2024-10-01T13:14:25.747+0000] {logging_mixin.py:188} INFO - [2024-10-01T13:14:25.746+0000] {dag.py:3823} INFO - Setting next_dagrun for example_task_group_decorator to 2024-09-30 00:00:00+00:00, run_after=2024-10-01 00:00:00+00:00
[2024-10-01T13:14:26.135+0000] {processor.py:183} INFO - Processing /home/airflow/.local/lib/python3.8/site-packages/airflow/example_dags/example_task_group_decorator.py took 8.142 seconds
[2024-10-01T13:14:59.803+0000] {processor.py:161} INFO - Started process (PID=132) to work on /home/airflow/.local/lib/python3.8/site-packages/airflow/example_dags/example_task_group_decorator.py
[2024-10-01T13:14:59.807+0000] {processor.py:830} INFO - Processing file /home/airflow/.local/lib/python3.8/site-packages/airflow/example_dags/example_task_group_decorator.py for tasks to queue
[2024-10-01T13:14:59.811+0000] {logging_mixin.py:188} INFO - [2024-10-01T13:14:59.811+0000] {dagbag.py:538} INFO - Filling up the DagBag from /home/airflow/.local/lib/python3.8/site-packages/airflow/example_dags/example_task_group_decorator.py
[2024-10-01T13:14:59.843+0000] {processor.py:840} INFO - DAG(s) 'example_task_group_decorator' retrieved from /home/airflow/.local/lib/python3.8/site-packages/airflow/example_dags/example_task_group_decorator.py
[2024-10-01T13:14:59.897+0000] {logging_mixin.py:188} INFO - [2024-10-01T13:14:59.896+0000] {dag.py:3036} INFO - Sync 1 DAGs
[2024-10-01T13:14:59.939+0000] {logging_mixin.py:188} INFO - [2024-10-01T13:14:59.939+0000] {dag.py:3823} INFO - Setting next_dagrun for example_task_group_decorator to 2024-09-30 00:00:00+00:00, run_after=2024-10-01 00:00:00+00:00
[2024-10-01T13:15:00.017+0000] {processor.py:183} INFO - Processing /home/airflow/.local/lib/python3.8/site-packages/airflow/example_dags/example_task_group_decorator.py took 0.223 seconds
[2024-10-01T13:15:30.805+0000] {processor.py:161} INFO - Started process (PID=186) to work on /home/airflow/.local/lib/python3.8/site-packages/airflow/example_dags/example_task_group_decorator.py
[2024-10-01T13:15:30.806+0000] {processor.py:830} INFO - Processing file /home/airflow/.local/lib/python3.8/site-packages/airflow/example_dags/example_task_group_decorator.py for tasks to queue
[2024-10-01T13:15:30.808+0000] {logging_mixin.py:188} INFO - [2024-10-01T13:15:30.808+0000] {dagbag.py:538} INFO - Filling up the DagBag from /home/airflow/.local/lib/python3.8/site-packages/airflow/example_dags/example_task_group_decorator.py
[2024-10-01T13:15:30.825+0000] {processor.py:840} INFO - DAG(s) 'example_task_group_decorator' retrieved from /home/airflow/.local/lib/python3.8/site-packages/airflow/example_dags/example_task_group_decorator.py
[2024-10-01T13:15:30.854+0000] {logging_mixin.py:188} INFO - [2024-10-01T13:15:30.854+0000] {dag.py:3036} INFO - Sync 1 DAGs
[2024-10-01T13:15:30.884+0000] {logging_mixin.py:188} INFO - [2024-10-01T13:15:30.883+0000] {dag.py:3823} INFO - Setting next_dagrun for example_task_group_decorator to 2024-09-30 00:00:00+00:00, run_after=2024-10-01 00:00:00+00:00
[2024-10-01T13:15:30.916+0000] {processor.py:183} INFO - Processing /home/airflow/.local/lib/python3.8/site-packages/airflow/example_dags/example_task_group_decorator.py took 0.115 seconds
[2024-10-01T13:16:00.951+0000] {processor.py:161} INFO - Started process (PID=242) to work on /home/airflow/.local/lib/python3.8/site-packages/airflow/example_dags/example_task_group_decorator.py
[2024-10-01T13:16:00.952+0000] {processor.py:830} INFO - Processing file /home/airflow/.local/lib/python3.8/site-packages/airflow/example_dags/example_task_group_decorator.py for tasks to queue
[2024-10-01T13:16:00.955+0000] {logging_mixin.py:188} INFO - [2024-10-01T13:16:00.954+0000] {dagbag.py:538} INFO - Filling up the DagBag from /home/airflow/.local/lib/python3.8/site-packages/airflow/example_dags/example_task_group_decorator.py
[2024-10-01T13:16:00.971+0000] {processor.py:840} INFO - DAG(s) 'example_task_group_decorator' retrieved from /home/airflow/.local/lib/python3.8/site-packages/airflow/example_dags/example_task_group_decorator.py
[2024-10-01T13:16:00.998+0000] {logging_mixin.py:188} INFO - [2024-10-01T13:16:00.998+0000] {dag.py:3036} INFO - Sync 1 DAGs
[2024-10-01T13:16:01.022+0000] {logging_mixin.py:188} INFO - [2024-10-01T13:16:01.021+0000] {dag.py:3823} INFO - Setting next_dagrun for example_task_group_decorator to 2024-09-30 00:00:00+00:00, run_after=2024-10-01 00:00:00+00:00
[2024-10-01T13:16:01.058+0000] {processor.py:183} INFO - Processing /home/airflow/.local/lib/python3.8/site-packages/airflow/example_dags/example_task_group_decorator.py took 0.111 seconds
[2024-10-01T13:16:31.482+0000] {processor.py:161} INFO - Started process (PID=298) to work on /home/airflow/.local/lib/python3.8/site-packages/airflow/example_dags/example_task_group_decorator.py
[2024-10-01T13:16:31.484+0000] {processor.py:830} INFO - Processing file /home/airflow/.local/lib/python3.8/site-packages/airflow/example_dags/example_task_group_decorator.py for tasks to queue
[2024-10-01T13:16:31.486+0000] {logging_mixin.py:188} INFO - [2024-10-01T13:16:31.486+0000] {dagbag.py:538} INFO - Filling up the DagBag from /home/airflow/.local/lib/python3.8/site-packages/airflow/example_dags/example_task_group_decorator.py
[2024-10-01T13:16:31.504+0000] {processor.py:840} INFO - DAG(s) 'example_task_group_decorator' retrieved from /home/airflow/.local/lib/python3.8/site-packages/airflow/example_dags/example_task_group_decorator.py
[2024-10-01T13:16:31.532+0000] {logging_mixin.py:188} INFO - [2024-10-01T13:16:31.531+0000] {dag.py:3036} INFO - Sync 1 DAGs
[2024-10-01T13:16:31.558+0000] {logging_mixin.py:188} INFO - [2024-10-01T13:16:31.557+0000] {dag.py:3823} INFO - Setting next_dagrun for example_task_group_decorator to 2024-09-30 00:00:00+00:00, run_after=2024-10-01 00:00:00+00:00
[2024-10-01T13:16:31.585+0000] {processor.py:183} INFO - Processing /home/airflow/.local/lib/python3.8/site-packages/airflow/example_dags/example_task_group_decorator.py took 0.106 seconds
[2024-10-01T13:17:03.807+0000] {processor.py:161} INFO - Started process (PID=351) to work on /home/airflow/.local/lib/python3.8/site-packages/airflow/example_dags/example_task_group_decorator.py
[2024-10-01T13:17:03.808+0000] {processor.py:830} INFO - Processing file /home/airflow/.local/lib/python3.8/site-packages/airflow/example_dags/example_task_group_decorator.py for tasks to queue
[2024-10-01T13:17:03.812+0000] {logging_mixin.py:188} INFO - [2024-10-01T13:17:03.811+0000] {dagbag.py:538} INFO - Filling up the DagBag from /home/airflow/.local/lib/python3.8/site-packages/airflow/example_dags/example_task_group_decorator.py
[2024-10-01T13:17:03.837+0000] {processor.py:840} INFO - DAG(s) 'example_task_group_decorator' retrieved from /home/airflow/.local/lib/python3.8/site-packages/airflow/example_dags/example_task_group_decorator.py
[2024-10-01T13:17:03.872+0000] {logging_mixin.py:188} INFO - [2024-10-01T13:17:03.872+0000] {dag.py:3036} INFO - Sync 1 DAGs
[2024-10-01T13:17:03.897+0000] {logging_mixin.py:188} INFO - [2024-10-01T13:17:03.897+0000] {dag.py:3823} INFO - Setting next_dagrun for example_task_group_decorator to 2024-09-30 00:00:00+00:00, run_after=2024-10-01 00:00:00+00:00
[2024-10-01T13:17:03.987+0000] {processor.py:183} INFO - Processing /home/airflow/.local/lib/python3.8/site-packages/airflow/example_dags/example_task_group_decorator.py took 0.185 seconds
[2024-10-01T13:17:34.130+0000] {processor.py:161} INFO - Started process (PID=407) to work on /home/airflow/.local/lib/python3.8/site-packages/airflow/example_dags/example_task_group_decorator.py
[2024-10-01T13:17:34.131+0000] {processor.py:830} INFO - Processing file /home/airflow/.local/lib/python3.8/site-packages/airflow/example_dags/example_task_group_decorator.py for tasks to queue
[2024-10-01T13:17:34.134+0000] {logging_mixin.py:188} INFO - [2024-10-01T13:17:34.133+0000] {dagbag.py:538} INFO - Filling up the DagBag from /home/airflow/.local/lib/python3.8/site-packages/airflow/example_dags/example_task_group_decorator.py
[2024-10-01T13:17:34.173+0000] {processor.py:840} INFO - DAG(s) 'example_task_group_decorator' retrieved from /home/airflow/.local/lib/python3.8/site-packages/airflow/example_dags/example_task_group_decorator.py
[2024-10-01T13:17:34.218+0000] {logging_mixin.py:188} INFO - [2024-10-01T13:17:34.217+0000] {dag.py:3036} INFO - Sync 1 DAGs
[2024-10-01T13:17:34.257+0000] {logging_mixin.py:188} INFO - [2024-10-01T13:17:34.257+0000] {dag.py:3823} INFO - Setting next_dagrun for example_task_group_decorator to 2024-09-30 00:00:00+00:00, run_after=2024-10-01 00:00:00+00:00
[2024-10-01T13:17:34.324+0000] {processor.py:183} INFO - Processing /home/airflow/.local/lib/python3.8/site-packages/airflow/example_dags/example_task_group_decorator.py took 0.198 seconds
[2024-10-01T13:18:05.339+0000] {processor.py:161} INFO - Started process (PID=469) to work on /home/airflow/.local/lib/python3.8/site-packages/airflow/example_dags/example_task_group_decorator.py
[2024-10-01T13:18:05.340+0000] {processor.py:830} INFO - Processing file /home/airflow/.local/lib/python3.8/site-packages/airflow/example_dags/example_task_group_decorator.py for tasks to queue
[2024-10-01T13:18:05.342+0000] {logging_mixin.py:188} INFO - [2024-10-01T13:18:05.342+0000] {dagbag.py:538} INFO - Filling up the DagBag from /home/airflow/.local/lib/python3.8/site-packages/airflow/example_dags/example_task_group_decorator.py
[2024-10-01T13:18:05.362+0000] {processor.py:840} INFO - DAG(s) 'example_task_group_decorator' retrieved from /home/airflow/.local/lib/python3.8/site-packages/airflow/example_dags/example_task_group_decorator.py
[2024-10-01T13:18:05.396+0000] {logging_mixin.py:188} INFO - [2024-10-01T13:18:05.396+0000] {dag.py:3036} INFO - Sync 1 DAGs
[2024-10-01T13:18:05.430+0000] {logging_mixin.py:188} INFO - [2024-10-01T13:18:05.430+0000] {dag.py:3823} INFO - Setting next_dagrun for example_task_group_decorator to 2024-09-30 00:00:00+00:00, run_after=2024-10-01 00:00:00+00:00
[2024-10-01T13:18:05.540+0000] {processor.py:183} INFO - Processing /home/airflow/.local/lib/python3.8/site-packages/airflow/example_dags/example_task_group_decorator.py took 0.204 seconds
[2024-10-01T13:18:35.584+0000] {processor.py:161} INFO - Started process (PID=525) to work on /home/airflow/.local/lib/python3.8/site-packages/airflow/example_dags/example_task_group_decorator.py
[2024-10-01T13:18:35.586+0000] {processor.py:830} INFO - Processing file /home/airflow/.local/lib/python3.8/site-packages/airflow/example_dags/example_task_group_decorator.py for tasks to queue
[2024-10-01T13:18:35.590+0000] {logging_mixin.py:188} INFO - [2024-10-01T13:18:35.590+0000] {dagbag.py:538} INFO - Filling up the DagBag from /home/airflow/.local/lib/python3.8/site-packages/airflow/example_dags/example_task_group_decorator.py
[2024-10-01T13:18:35.612+0000] {processor.py:840} INFO - DAG(s) 'example_task_group_decorator' retrieved from /home/airflow/.local/lib/python3.8/site-packages/airflow/example_dags/example_task_group_decorator.py
[2024-10-01T13:18:35.652+0000] {logging_mixin.py:188} INFO - [2024-10-01T13:18:35.651+0000] {dag.py:3036} INFO - Sync 1 DAGs
[2024-10-01T13:18:35.693+0000] {logging_mixin.py:188} INFO - [2024-10-01T13:18:35.692+0000] {dag.py:3823} INFO - Setting next_dagrun for example_task_group_decorator to 2024-09-30 00:00:00+00:00, run_after=2024-10-01 00:00:00+00:00
[2024-10-01T13:18:35.729+0000] {processor.py:183} INFO - Processing /home/airflow/.local/lib/python3.8/site-packages/airflow/example_dags/example_task_group_decorator.py took 0.150 seconds
[2024-10-01T13:19:05.819+0000] {processor.py:161} INFO - Started process (PID=579) to work on /home/airflow/.local/lib/python3.8/site-packages/airflow/example_dags/example_task_group_decorator.py
[2024-10-01T13:19:05.821+0000] {processor.py:830} INFO - Processing file /home/airflow/.local/lib/python3.8/site-packages/airflow/example_dags/example_task_group_decorator.py for tasks to queue
[2024-10-01T13:19:05.825+0000] {logging_mixin.py:188} INFO - [2024-10-01T13:19:05.825+0000] {dagbag.py:538} INFO - Filling up the DagBag from /home/airflow/.local/lib/python3.8/site-packages/airflow/example_dags/example_task_group_decorator.py
[2024-10-01T13:19:05.853+0000] {processor.py:840} INFO - DAG(s) 'example_task_group_decorator' retrieved from /home/airflow/.local/lib/python3.8/site-packages/airflow/example_dags/example_task_group_decorator.py
[2024-10-01T13:19:05.894+0000] {logging_mixin.py:188} INFO - [2024-10-01T13:19:05.893+0000] {dag.py:3036} INFO - Sync 1 DAGs
[2024-10-01T13:19:05.931+0000] {logging_mixin.py:188} INFO - [2024-10-01T13:19:05.930+0000] {dag.py:3823} INFO - Setting next_dagrun for example_task_group_decorator to 2024-09-30 00:00:00+00:00, run_after=2024-10-01 00:00:00+00:00
[2024-10-01T13:19:06.071+0000] {processor.py:183} INFO - Processing /home/airflow/.local/lib/python3.8/site-packages/airflow/example_dags/example_task_group_decorator.py took 0.258 seconds
[2024-10-01T13:19:36.262+0000] {processor.py:161} INFO - Started process (PID=631) to work on /home/airflow/.local/lib/python3.8/site-packages/airflow/example_dags/example_task_group_decorator.py
[2024-10-01T13:19:36.263+0000] {processor.py:830} INFO - Processing file /home/airflow/.local/lib/python3.8/site-packages/airflow/example_dags/example_task_group_decorator.py for tasks to queue
[2024-10-01T13:19:36.266+0000] {logging_mixin.py:188} INFO - [2024-10-01T13:19:36.265+0000] {dagbag.py:538} INFO - Filling up the DagBag from /home/airflow/.local/lib/python3.8/site-packages/airflow/example_dags/example_task_group_decorator.py
[2024-10-01T13:19:36.283+0000] {processor.py:840} INFO - DAG(s) 'example_task_group_decorator' retrieved from /home/airflow/.local/lib/python3.8/site-packages/airflow/example_dags/example_task_group_decorator.py
[2024-10-01T13:19:36.313+0000] {logging_mixin.py:188} INFO - [2024-10-01T13:19:36.313+0000] {dag.py:3036} INFO - Sync 1 DAGs
[2024-10-01T13:19:36.342+0000] {logging_mixin.py:188} INFO - [2024-10-01T13:19:36.341+0000] {dag.py:3823} INFO - Setting next_dagrun for example_task_group_decorator to 2024-09-30 00:00:00+00:00, run_after=2024-10-01 00:00:00+00:00
[2024-10-01T13:19:36.401+0000] {processor.py:183} INFO - Processing /home/airflow/.local/lib/python3.8/site-packages/airflow/example_dags/example_task_group_decorator.py took 0.143 seconds
[2024-10-01T13:20:07.247+0000] {processor.py:161} INFO - Started process (PID=687) to work on /home/airflow/.local/lib/python3.8/site-packages/airflow/example_dags/example_task_group_decorator.py
[2024-10-01T13:20:07.248+0000] {processor.py:830} INFO - Processing file /home/airflow/.local/lib/python3.8/site-packages/airflow/example_dags/example_task_group_decorator.py for tasks to queue
[2024-10-01T13:20:07.250+0000] {logging_mixin.py:188} INFO - [2024-10-01T13:20:07.249+0000] {dagbag.py:538} INFO - Filling up the DagBag from /home/airflow/.local/lib/python3.8/site-packages/airflow/example_dags/example_task_group_decorator.py
[2024-10-01T13:20:07.266+0000] {processor.py:840} INFO - DAG(s) 'example_task_group_decorator' retrieved from /home/airflow/.local/lib/python3.8/site-packages/airflow/example_dags/example_task_group_decorator.py
[2024-10-01T13:20:07.294+0000] {logging_mixin.py:188} INFO - [2024-10-01T13:20:07.294+0000] {dag.py:3036} INFO - Sync 1 DAGs
[2024-10-01T13:20:07.319+0000] {logging_mixin.py:188} INFO - [2024-10-01T13:20:07.319+0000] {dag.py:3823} INFO - Setting next_dagrun for example_task_group_decorator to 2024-09-30 00:00:00+00:00, run_after=2024-10-01 00:00:00+00:00
[2024-10-01T13:20:07.354+0000] {processor.py:183} INFO - Processing /home/airflow/.local/lib/python3.8/site-packages/airflow/example_dags/example_task_group_decorator.py took 0.111 seconds
[2024-10-01T13:20:37.762+0000] {processor.py:161} INFO - Started process (PID=743) to work on /home/airflow/.local/lib/python3.8/site-packages/airflow/example_dags/example_task_group_decorator.py
[2024-10-01T13:20:37.764+0000] {processor.py:830} INFO - Processing file /home/airflow/.local/lib/python3.8/site-packages/airflow/example_dags/example_task_group_decorator.py for tasks to queue
[2024-10-01T13:20:37.767+0000] {logging_mixin.py:188} INFO - [2024-10-01T13:20:37.767+0000] {dagbag.py:538} INFO - Filling up the DagBag from /home/airflow/.local/lib/python3.8/site-packages/airflow/example_dags/example_task_group_decorator.py
[2024-10-01T13:20:37.836+0000] {processor.py:840} INFO - DAG(s) 'example_task_group_decorator' retrieved from /home/airflow/.local/lib/python3.8/site-packages/airflow/example_dags/example_task_group_decorator.py
[2024-10-01T13:20:37.901+0000] {logging_mixin.py:188} INFO - [2024-10-01T13:20:37.900+0000] {dag.py:3036} INFO - Sync 1 DAGs
[2024-10-01T13:20:37.939+0000] {logging_mixin.py:188} INFO - [2024-10-01T13:20:37.939+0000] {dag.py:3823} INFO - Setting next_dagrun for example_task_group_decorator to 2024-09-30 00:00:00+00:00, run_after=2024-10-01 00:00:00+00:00
[2024-10-01T13:20:37.986+0000] {processor.py:183} INFO - Processing /home/airflow/.local/lib/python3.8/site-packages/airflow/example_dags/example_task_group_decorator.py took 0.241 seconds
[2024-10-01T13:21:08.028+0000] {processor.py:161} INFO - Started process (PID=799) to work on /home/airflow/.local/lib/python3.8/site-packages/airflow/example_dags/example_task_group_decorator.py
[2024-10-01T13:21:08.029+0000] {processor.py:830} INFO - Processing file /home/airflow/.local/lib/python3.8/site-packages/airflow/example_dags/example_task_group_decorator.py for tasks to queue
[2024-10-01T13:21:08.031+0000] {logging_mixin.py:188} INFO - [2024-10-01T13:21:08.031+0000] {dagbag.py:538} INFO - Filling up the DagBag from /home/airflow/.local/lib/python3.8/site-packages/airflow/example_dags/example_task_group_decorator.py
[2024-10-01T13:21:08.047+0000] {processor.py:840} INFO - DAG(s) 'example_task_group_decorator' retrieved from /home/airflow/.local/lib/python3.8/site-packages/airflow/example_dags/example_task_group_decorator.py
[2024-10-01T13:21:08.074+0000] {logging_mixin.py:188} INFO - [2024-10-01T13:21:08.074+0000] {dag.py:3036} INFO - Sync 1 DAGs
[2024-10-01T13:21:08.098+0000] {logging_mixin.py:188} INFO - [2024-10-01T13:21:08.097+0000] {dag.py:3823} INFO - Setting next_dagrun for example_task_group_decorator to 2024-09-30 00:00:00+00:00, run_after=2024-10-01 00:00:00+00:00
[2024-10-01T13:21:08.136+0000] {processor.py:183} INFO - Processing /home/airflow/.local/lib/python3.8/site-packages/airflow/example_dags/example_task_group_decorator.py took 0.111 seconds
[2024-10-01T13:21:38.807+0000] {processor.py:161} INFO - Started process (PID=855) to work on /home/airflow/.local/lib/python3.8/site-packages/airflow/example_dags/example_task_group_decorator.py
[2024-10-01T13:21:38.808+0000] {processor.py:830} INFO - Processing file /home/airflow/.local/lib/python3.8/site-packages/airflow/example_dags/example_task_group_decorator.py for tasks to queue
[2024-10-01T13:21:38.810+0000] {logging_mixin.py:188} INFO - [2024-10-01T13:21:38.810+0000] {dagbag.py:538} INFO - Filling up the DagBag from /home/airflow/.local/lib/python3.8/site-packages/airflow/example_dags/example_task_group_decorator.py
[2024-10-01T13:21:38.830+0000] {processor.py:840} INFO - DAG(s) 'example_task_group_decorator' retrieved from /home/airflow/.local/lib/python3.8/site-packages/airflow/example_dags/example_task_group_decorator.py
[2024-10-01T13:21:38.862+0000] {logging_mixin.py:188} INFO - [2024-10-01T13:21:38.862+0000] {dag.py:3036} INFO - Sync 1 DAGs
[2024-10-01T13:21:38.896+0000] {logging_mixin.py:188} INFO - [2024-10-01T13:21:38.896+0000] {dag.py:3823} INFO - Setting next_dagrun for example_task_group_decorator to 2024-09-30 00:00:00+00:00, run_after=2024-10-01 00:00:00+00:00
[2024-10-01T13:21:38.936+0000] {processor.py:183} INFO - Processing /home/airflow/.local/lib/python3.8/site-packages/airflow/example_dags/example_task_group_decorator.py took 0.133 seconds
[2024-10-01T13:22:09.781+0000] {processor.py:161} INFO - Started process (PID=911) to work on /home/airflow/.local/lib/python3.8/site-packages/airflow/example_dags/example_task_group_decorator.py
[2024-10-01T13:22:09.784+0000] {processor.py:830} INFO - Processing file /home/airflow/.local/lib/python3.8/site-packages/airflow/example_dags/example_task_group_decorator.py for tasks to queue
[2024-10-01T13:22:09.789+0000] {logging_mixin.py:188} INFO - [2024-10-01T13:22:09.788+0000] {dagbag.py:538} INFO - Filling up the DagBag from /home/airflow/.local/lib/python3.8/site-packages/airflow/example_dags/example_task_group_decorator.py
[2024-10-01T13:22:09.858+0000] {processor.py:840} INFO - DAG(s) 'example_task_group_decorator' retrieved from /home/airflow/.local/lib/python3.8/site-packages/airflow/example_dags/example_task_group_decorator.py
[2024-10-01T13:22:09.911+0000] {logging_mixin.py:188} INFO - [2024-10-01T13:22:09.911+0000] {dag.py:3036} INFO - Sync 1 DAGs
[2024-10-01T13:22:09.965+0000] {logging_mixin.py:188} INFO - [2024-10-01T13:22:09.965+0000] {dag.py:3823} INFO - Setting next_dagrun for example_task_group_decorator to 2024-09-30 00:00:00+00:00, run_after=2024-10-01 00:00:00+00:00
[2024-10-01T13:22:10.073+0000] {processor.py:183} INFO - Processing /home/airflow/.local/lib/python3.8/site-packages/airflow/example_dags/example_task_group_decorator.py took 0.307 seconds
[2024-10-01T13:22:41.850+0000] {processor.py:161} INFO - Started process (PID=966) to work on /home/airflow/.local/lib/python3.8/site-packages/airflow/example_dags/example_task_group_decorator.py
[2024-10-01T13:22:41.859+0000] {processor.py:830} INFO - Processing file /home/airflow/.local/lib/python3.8/site-packages/airflow/example_dags/example_task_group_decorator.py for tasks to queue
[2024-10-01T13:22:41.865+0000] {logging_mixin.py:188} INFO - [2024-10-01T13:22:41.864+0000] {dagbag.py:538} INFO - Filling up the DagBag from /home/airflow/.local/lib/python3.8/site-packages/airflow/example_dags/example_task_group_decorator.py
[2024-10-01T13:22:42.024+0000] {processor.py:840} INFO - DAG(s) 'example_task_group_decorator' retrieved from /home/airflow/.local/lib/python3.8/site-packages/airflow/example_dags/example_task_group_decorator.py
[2024-10-01T13:22:42.184+0000] {logging_mixin.py:188} INFO - [2024-10-01T13:22:42.180+0000] {dag.py:3036} INFO - Sync 1 DAGs
[2024-10-01T13:22:42.261+0000] {logging_mixin.py:188} INFO - [2024-10-01T13:22:42.258+0000] {dag.py:3823} INFO - Setting next_dagrun for example_task_group_decorator to 2024-09-30 00:00:00+00:00, run_after=2024-10-01 00:00:00+00:00
[2024-10-01T13:22:43.295+0000] {processor.py:183} INFO - Processing /home/airflow/.local/lib/python3.8/site-packages/airflow/example_dags/example_task_group_decorator.py took 1.453 seconds
[2024-10-01T13:23:13.532+0000] {processor.py:161} INFO - Started process (PID=1022) to work on /home/airflow/.local/lib/python3.8/site-packages/airflow/example_dags/example_task_group_decorator.py
[2024-10-01T13:23:13.533+0000] {processor.py:830} INFO - Processing file /home/airflow/.local/lib/python3.8/site-packages/airflow/example_dags/example_task_group_decorator.py for tasks to queue
[2024-10-01T13:23:13.536+0000] {logging_mixin.py:188} INFO - [2024-10-01T13:23:13.536+0000] {dagbag.py:538} INFO - Filling up the DagBag from /home/airflow/.local/lib/python3.8/site-packages/airflow/example_dags/example_task_group_decorator.py
[2024-10-01T13:23:13.573+0000] {processor.py:840} INFO - DAG(s) 'example_task_group_decorator' retrieved from /home/airflow/.local/lib/python3.8/site-packages/airflow/example_dags/example_task_group_decorator.py
[2024-10-01T13:23:13.609+0000] {logging_mixin.py:188} INFO - [2024-10-01T13:23:13.609+0000] {dag.py:3036} INFO - Sync 1 DAGs
[2024-10-01T13:23:13.650+0000] {logging_mixin.py:188} INFO - [2024-10-01T13:23:13.649+0000] {dag.py:3823} INFO - Setting next_dagrun for example_task_group_decorator to 2024-09-30 00:00:00+00:00, run_after=2024-10-01 00:00:00+00:00
[2024-10-01T13:23:13.684+0000] {processor.py:183} INFO - Processing /home/airflow/.local/lib/python3.8/site-packages/airflow/example_dags/example_task_group_decorator.py took 0.155 seconds
[2024-10-01T13:23:44.465+0000] {processor.py:161} INFO - Started process (PID=1078) to work on /home/airflow/.local/lib/python3.8/site-packages/airflow/example_dags/example_task_group_decorator.py
[2024-10-01T13:23:44.469+0000] {processor.py:830} INFO - Processing file /home/airflow/.local/lib/python3.8/site-packages/airflow/example_dags/example_task_group_decorator.py for tasks to queue
[2024-10-01T13:23:44.477+0000] {logging_mixin.py:188} INFO - [2024-10-01T13:23:44.477+0000] {dagbag.py:538} INFO - Filling up the DagBag from /home/airflow/.local/lib/python3.8/site-packages/airflow/example_dags/example_task_group_decorator.py
[2024-10-01T13:23:44.520+0000] {processor.py:840} INFO - DAG(s) 'example_task_group_decorator' retrieved from /home/airflow/.local/lib/python3.8/site-packages/airflow/example_dags/example_task_group_decorator.py
[2024-10-01T13:23:44.594+0000] {logging_mixin.py:188} INFO - [2024-10-01T13:23:44.593+0000] {dag.py:3036} INFO - Sync 1 DAGs
[2024-10-01T13:23:44.661+0000] {logging_mixin.py:188} INFO - [2024-10-01T13:23:44.660+0000] {dag.py:3823} INFO - Setting next_dagrun for example_task_group_decorator to 2024-09-30 00:00:00+00:00, run_after=2024-10-01 00:00:00+00:00
[2024-10-01T13:23:44.721+0000] {processor.py:183} INFO - Processing /home/airflow/.local/lib/python3.8/site-packages/airflow/example_dags/example_task_group_decorator.py took 0.260 seconds
[2024-10-01T13:24:15.642+0000] {processor.py:161} INFO - Started process (PID=1134) to work on /home/airflow/.local/lib/python3.8/site-packages/airflow/example_dags/example_task_group_decorator.py
[2024-10-01T13:24:15.644+0000] {processor.py:830} INFO - Processing file /home/airflow/.local/lib/python3.8/site-packages/airflow/example_dags/example_task_group_decorator.py for tasks to queue
[2024-10-01T13:24:15.647+0000] {logging_mixin.py:188} INFO - [2024-10-01T13:24:15.646+0000] {dagbag.py:538} INFO - Filling up the DagBag from /home/airflow/.local/lib/python3.8/site-packages/airflow/example_dags/example_task_group_decorator.py
[2024-10-01T13:24:15.676+0000] {processor.py:840} INFO - DAG(s) 'example_task_group_decorator' retrieved from /home/airflow/.local/lib/python3.8/site-packages/airflow/example_dags/example_task_group_decorator.py
[2024-10-01T13:24:15.733+0000] {logging_mixin.py:188} INFO - [2024-10-01T13:24:15.733+0000] {dag.py:3036} INFO - Sync 1 DAGs
[2024-10-01T13:24:15.784+0000] {logging_mixin.py:188} INFO - [2024-10-01T13:24:15.783+0000] {dag.py:3823} INFO - Setting next_dagrun for example_task_group_decorator to 2024-09-30 00:00:00+00:00, run_after=2024-10-01 00:00:00+00:00
[2024-10-01T13:24:16.555+0000] {processor.py:183} INFO - Processing /home/airflow/.local/lib/python3.8/site-packages/airflow/example_dags/example_task_group_decorator.py took 0.917 seconds
[2024-10-01T13:24:46.811+0000] {processor.py:161} INFO - Started process (PID=1190) to work on /home/airflow/.local/lib/python3.8/site-packages/airflow/example_dags/example_task_group_decorator.py
[2024-10-01T13:24:46.815+0000] {processor.py:830} INFO - Processing file /home/airflow/.local/lib/python3.8/site-packages/airflow/example_dags/example_task_group_decorator.py for tasks to queue
[2024-10-01T13:24:46.821+0000] {logging_mixin.py:188} INFO - [2024-10-01T13:24:46.820+0000] {dagbag.py:538} INFO - Filling up the DagBag from /home/airflow/.local/lib/python3.8/site-packages/airflow/example_dags/example_task_group_decorator.py
[2024-10-01T13:24:46.864+0000] {processor.py:840} INFO - DAG(s) 'example_task_group_decorator' retrieved from /home/airflow/.local/lib/python3.8/site-packages/airflow/example_dags/example_task_group_decorator.py
[2024-10-01T13:24:46.917+0000] {logging_mixin.py:188} INFO - [2024-10-01T13:24:46.916+0000] {dag.py:3036} INFO - Sync 1 DAGs
[2024-10-01T13:24:46.960+0000] {logging_mixin.py:188} INFO - [2024-10-01T13:24:46.960+0000] {dag.py:3823} INFO - Setting next_dagrun for example_task_group_decorator to 2024-09-30 00:00:00+00:00, run_after=2024-10-01 00:00:00+00:00
[2024-10-01T13:24:47.531+0000] {processor.py:183} INFO - Processing /home/airflow/.local/lib/python3.8/site-packages/airflow/example_dags/example_task_group_decorator.py took 0.732 seconds
[2024-10-01T13:25:18.297+0000] {processor.py:161} INFO - Started process (PID=1245) to work on /home/airflow/.local/lib/python3.8/site-packages/airflow/example_dags/example_task_group_decorator.py
[2024-10-01T13:25:18.299+0000] {processor.py:830} INFO - Processing file /home/airflow/.local/lib/python3.8/site-packages/airflow/example_dags/example_task_group_decorator.py for tasks to queue
[2024-10-01T13:25:18.304+0000] {logging_mixin.py:188} INFO - [2024-10-01T13:25:18.303+0000] {dagbag.py:538} INFO - Filling up the DagBag from /home/airflow/.local/lib/python3.8/site-packages/airflow/example_dags/example_task_group_decorator.py
[2024-10-01T13:25:18.332+0000] {processor.py:840} INFO - DAG(s) 'example_task_group_decorator' retrieved from /home/airflow/.local/lib/python3.8/site-packages/airflow/example_dags/example_task_group_decorator.py
[2024-10-01T13:25:18.375+0000] {logging_mixin.py:188} INFO - [2024-10-01T13:25:18.375+0000] {dag.py:3036} INFO - Sync 1 DAGs
[2024-10-01T13:25:18.427+0000] {logging_mixin.py:188} INFO - [2024-10-01T13:25:18.424+0000] {dag.py:3823} INFO - Setting next_dagrun for example_task_group_decorator to 2024-09-30 00:00:00+00:00, run_after=2024-10-01 00:00:00+00:00
[2024-10-01T13:25:18.515+0000] {processor.py:183} INFO - Processing /home/airflow/.local/lib/python3.8/site-packages/airflow/example_dags/example_task_group_decorator.py took 0.223 seconds
[2024-10-01T13:25:48.639+0000] {processor.py:161} INFO - Started process (PID=1301) to work on /home/airflow/.local/lib/python3.8/site-packages/airflow/example_dags/example_task_group_decorator.py
[2024-10-01T13:25:48.642+0000] {processor.py:830} INFO - Processing file /home/airflow/.local/lib/python3.8/site-packages/airflow/example_dags/example_task_group_decorator.py for tasks to queue
[2024-10-01T13:25:48.645+0000] {logging_mixin.py:188} INFO - [2024-10-01T13:25:48.644+0000] {dagbag.py:538} INFO - Filling up the DagBag from /home/airflow/.local/lib/python3.8/site-packages/airflow/example_dags/example_task_group_decorator.py
[2024-10-01T13:25:48.674+0000] {processor.py:840} INFO - DAG(s) 'example_task_group_decorator' retrieved from /home/airflow/.local/lib/python3.8/site-packages/airflow/example_dags/example_task_group_decorator.py
[2024-10-01T13:25:48.788+0000] {logging_mixin.py:188} INFO - [2024-10-01T13:25:48.783+0000] {dag.py:3036} INFO - Sync 1 DAGs
[2024-10-01T13:25:48.884+0000] {logging_mixin.py:188} INFO - [2024-10-01T13:25:48.884+0000] {dag.py:3823} INFO - Setting next_dagrun for example_task_group_decorator to 2024-09-30 00:00:00+00:00, run_after=2024-10-01 00:00:00+00:00
[2024-10-01T13:25:48.967+0000] {processor.py:183} INFO - Processing /home/airflow/.local/lib/python3.8/site-packages/airflow/example_dags/example_task_group_decorator.py took 0.336 seconds
