[2024-10-01T13:14:54.926+0000] {processor.py:161} INFO - Started process (PID=106) to work on /home/airflow/.local/lib/python3.8/site-packages/airflow/example_dags/example_sla_dag.py
[2024-10-01T13:14:54.929+0000] {processor.py:830} INFO - Processing file /home/airflow/.local/lib/python3.8/site-packages/airflow/example_dags/example_sla_dag.py for tasks to queue
[2024-10-01T13:14:54.932+0000] {logging_mixin.py:188} INFO - [2024-10-01T13:14:54.931+0000] {dagbag.py:538} INFO - Filling up the DagBag from /home/airflow/.local/lib/python3.8/site-packages/airflow/example_dags/example_sla_dag.py
[2024-10-01T13:14:54.951+0000] {processor.py:840} INFO - DAG(s) 'example_sla_dag' retrieved from /home/airflow/.local/lib/python3.8/site-packages/airflow/example_dags/example_sla_dag.py
[2024-10-01T13:14:55.159+0000] {logging_mixin.py:188} INFO - [2024-10-01T13:14:55.158+0000] {dag.py:3036} INFO - Sync 1 DAGs
[2024-10-01T13:14:55.214+0000] {logging_mixin.py:188} INFO - [2024-10-01T13:14:55.214+0000] {dag.py:3823} INFO - Setting next_dagrun for example_sla_dag to 2024-10-01 13:12:00+00:00, run_after=2024-10-01 13:14:00+00:00
[2024-10-01T13:14:55.274+0000] {processor.py:183} INFO - Processing /home/airflow/.local/lib/python3.8/site-packages/airflow/example_dags/example_sla_dag.py took 0.358 seconds
[2024-10-01T13:15:26.030+0000] {processor.py:161} INFO - Started process (PID=162) to work on /home/airflow/.local/lib/python3.8/site-packages/airflow/example_dags/example_sla_dag.py
[2024-10-01T13:15:26.031+0000] {processor.py:830} INFO - Processing file /home/airflow/.local/lib/python3.8/site-packages/airflow/example_dags/example_sla_dag.py for tasks to queue
[2024-10-01T13:15:26.034+0000] {logging_mixin.py:188} INFO - [2024-10-01T13:15:26.033+0000] {dagbag.py:538} INFO - Filling up the DagBag from /home/airflow/.local/lib/python3.8/site-packages/airflow/example_dags/example_sla_dag.py
[2024-10-01T13:15:26.044+0000] {processor.py:840} INFO - DAG(s) 'example_sla_dag' retrieved from /home/airflow/.local/lib/python3.8/site-packages/airflow/example_dags/example_sla_dag.py
[2024-10-01T13:15:26.066+0000] {logging_mixin.py:188} INFO - [2024-10-01T13:15:26.066+0000] {dag.py:3036} INFO - Sync 1 DAGs
[2024-10-01T13:15:26.097+0000] {logging_mixin.py:188} INFO - [2024-10-01T13:15:26.097+0000] {dag.py:3823} INFO - Setting next_dagrun for example_sla_dag to 2024-10-01 13:12:00+00:00, run_after=2024-10-01 13:14:00+00:00
[2024-10-01T13:15:26.151+0000] {processor.py:183} INFO - Processing /home/airflow/.local/lib/python3.8/site-packages/airflow/example_dags/example_sla_dag.py took 0.124 seconds
[2024-10-01T13:15:57.165+0000] {processor.py:161} INFO - Started process (PID=218) to work on /home/airflow/.local/lib/python3.8/site-packages/airflow/example_dags/example_sla_dag.py
[2024-10-01T13:15:57.167+0000] {processor.py:830} INFO - Processing file /home/airflow/.local/lib/python3.8/site-packages/airflow/example_dags/example_sla_dag.py for tasks to queue
[2024-10-01T13:15:57.169+0000] {logging_mixin.py:188} INFO - [2024-10-01T13:15:57.169+0000] {dagbag.py:538} INFO - Filling up the DagBag from /home/airflow/.local/lib/python3.8/site-packages/airflow/example_dags/example_sla_dag.py
[2024-10-01T13:15:57.181+0000] {processor.py:840} INFO - DAG(s) 'example_sla_dag' retrieved from /home/airflow/.local/lib/python3.8/site-packages/airflow/example_dags/example_sla_dag.py
[2024-10-01T13:15:57.208+0000] {logging_mixin.py:188} INFO - [2024-10-01T13:15:57.207+0000] {dag.py:3036} INFO - Sync 1 DAGs
[2024-10-01T13:15:57.240+0000] {logging_mixin.py:188} INFO - [2024-10-01T13:15:57.239+0000] {dag.py:3823} INFO - Setting next_dagrun for example_sla_dag to 2024-10-01 13:12:00+00:00, run_after=2024-10-01 13:14:00+00:00
[2024-10-01T13:15:57.275+0000] {processor.py:183} INFO - Processing /home/airflow/.local/lib/python3.8/site-packages/airflow/example_dags/example_sla_dag.py took 0.115 seconds
[2024-10-01T13:16:28.359+0000] {processor.py:161} INFO - Started process (PID=274) to work on /home/airflow/.local/lib/python3.8/site-packages/airflow/example_dags/example_sla_dag.py
[2024-10-01T13:16:28.360+0000] {processor.py:830} INFO - Processing file /home/airflow/.local/lib/python3.8/site-packages/airflow/example_dags/example_sla_dag.py for tasks to queue
[2024-10-01T13:16:28.363+0000] {logging_mixin.py:188} INFO - [2024-10-01T13:16:28.362+0000] {dagbag.py:538} INFO - Filling up the DagBag from /home/airflow/.local/lib/python3.8/site-packages/airflow/example_dags/example_sla_dag.py
[2024-10-01T13:16:28.371+0000] {processor.py:840} INFO - DAG(s) 'example_sla_dag' retrieved from /home/airflow/.local/lib/python3.8/site-packages/airflow/example_dags/example_sla_dag.py
[2024-10-01T13:16:28.395+0000] {logging_mixin.py:188} INFO - [2024-10-01T13:16:28.394+0000] {dag.py:3036} INFO - Sync 1 DAGs
[2024-10-01T13:16:28.428+0000] {logging_mixin.py:188} INFO - [2024-10-01T13:16:28.427+0000] {dag.py:3823} INFO - Setting next_dagrun for example_sla_dag to 2024-10-01 13:14:00+00:00, run_after=2024-10-01 13:16:00+00:00
[2024-10-01T13:16:28.463+0000] {processor.py:183} INFO - Processing /home/airflow/.local/lib/python3.8/site-packages/airflow/example_dags/example_sla_dag.py took 0.107 seconds
[2024-10-01T13:16:59.981+0000] {processor.py:161} INFO - Started process (PID=330) to work on /home/airflow/.local/lib/python3.8/site-packages/airflow/example_dags/example_sla_dag.py
[2024-10-01T13:16:59.982+0000] {processor.py:830} INFO - Processing file /home/airflow/.local/lib/python3.8/site-packages/airflow/example_dags/example_sla_dag.py for tasks to queue
[2024-10-01T13:16:59.984+0000] {logging_mixin.py:188} INFO - [2024-10-01T13:16:59.984+0000] {dagbag.py:538} INFO - Filling up the DagBag from /home/airflow/.local/lib/python3.8/site-packages/airflow/example_dags/example_sla_dag.py
[2024-10-01T13:16:59.993+0000] {processor.py:840} INFO - DAG(s) 'example_sla_dag' retrieved from /home/airflow/.local/lib/python3.8/site-packages/airflow/example_dags/example_sla_dag.py
[2024-10-01T13:17:00.013+0000] {logging_mixin.py:188} INFO - [2024-10-01T13:17:00.013+0000] {dag.py:3036} INFO - Sync 1 DAGs
[2024-10-01T13:17:00.040+0000] {logging_mixin.py:188} INFO - [2024-10-01T13:17:00.040+0000] {dag.py:3823} INFO - Setting next_dagrun for example_sla_dag to 2024-10-01 13:14:00+00:00, run_after=2024-10-01 13:16:00+00:00
[2024-10-01T13:17:00.209+0000] {processor.py:183} INFO - Processing /home/airflow/.local/lib/python3.8/site-packages/airflow/example_dags/example_sla_dag.py took 0.232 seconds
[2024-10-01T13:17:30.486+0000] {processor.py:161} INFO - Started process (PID=386) to work on /home/airflow/.local/lib/python3.8/site-packages/airflow/example_dags/example_sla_dag.py
[2024-10-01T13:17:30.488+0000] {processor.py:830} INFO - Processing file /home/airflow/.local/lib/python3.8/site-packages/airflow/example_dags/example_sla_dag.py for tasks to queue
[2024-10-01T13:17:30.492+0000] {logging_mixin.py:188} INFO - [2024-10-01T13:17:30.491+0000] {dagbag.py:538} INFO - Filling up the DagBag from /home/airflow/.local/lib/python3.8/site-packages/airflow/example_dags/example_sla_dag.py
[2024-10-01T13:17:30.502+0000] {processor.py:840} INFO - DAG(s) 'example_sla_dag' retrieved from /home/airflow/.local/lib/python3.8/site-packages/airflow/example_dags/example_sla_dag.py
[2024-10-01T13:17:30.529+0000] {logging_mixin.py:188} INFO - [2024-10-01T13:17:30.528+0000] {dag.py:3036} INFO - Sync 1 DAGs
[2024-10-01T13:17:30.565+0000] {logging_mixin.py:188} INFO - [2024-10-01T13:17:30.565+0000] {dag.py:3823} INFO - Setting next_dagrun for example_sla_dag to 2024-10-01 13:14:00+00:00, run_after=2024-10-01 13:16:00+00:00
[2024-10-01T13:17:30.599+0000] {processor.py:183} INFO - Processing /home/airflow/.local/lib/python3.8/site-packages/airflow/example_dags/example_sla_dag.py took 0.117 seconds
[2024-10-01T13:18:00.797+0000] {processor.py:161} INFO - Started process (PID=443) to work on /home/airflow/.local/lib/python3.8/site-packages/airflow/example_dags/example_sla_dag.py
[2024-10-01T13:18:00.799+0000] {processor.py:830} INFO - Processing file /home/airflow/.local/lib/python3.8/site-packages/airflow/example_dags/example_sla_dag.py for tasks to queue
[2024-10-01T13:18:00.801+0000] {logging_mixin.py:188} INFO - [2024-10-01T13:18:00.801+0000] {dagbag.py:538} INFO - Filling up the DagBag from /home/airflow/.local/lib/python3.8/site-packages/airflow/example_dags/example_sla_dag.py
[2024-10-01T13:18:00.814+0000] {processor.py:840} INFO - DAG(s) 'example_sla_dag' retrieved from /home/airflow/.local/lib/python3.8/site-packages/airflow/example_dags/example_sla_dag.py
[2024-10-01T13:18:00.843+0000] {logging_mixin.py:188} INFO - [2024-10-01T13:18:00.843+0000] {dag.py:3036} INFO - Sync 1 DAGs
[2024-10-01T13:18:00.888+0000] {logging_mixin.py:188} INFO - [2024-10-01T13:18:00.887+0000] {dag.py:3823} INFO - Setting next_dagrun for example_sla_dag to 2024-10-01 13:16:00+00:00, run_after=2024-10-01 13:18:00+00:00
[2024-10-01T13:18:00.932+0000] {processor.py:183} INFO - Processing /home/airflow/.local/lib/python3.8/site-packages/airflow/example_dags/example_sla_dag.py took 0.140 seconds
[2024-10-01T13:18:31.928+0000] {processor.py:161} INFO - Started process (PID=499) to work on /home/airflow/.local/lib/python3.8/site-packages/airflow/example_dags/example_sla_dag.py
[2024-10-01T13:18:31.930+0000] {processor.py:830} INFO - Processing file /home/airflow/.local/lib/python3.8/site-packages/airflow/example_dags/example_sla_dag.py for tasks to queue
[2024-10-01T13:18:31.934+0000] {logging_mixin.py:188} INFO - [2024-10-01T13:18:31.934+0000] {dagbag.py:538} INFO - Filling up the DagBag from /home/airflow/.local/lib/python3.8/site-packages/airflow/example_dags/example_sla_dag.py
[2024-10-01T13:18:31.949+0000] {processor.py:840} INFO - DAG(s) 'example_sla_dag' retrieved from /home/airflow/.local/lib/python3.8/site-packages/airflow/example_dags/example_sla_dag.py
[2024-10-01T13:18:31.987+0000] {logging_mixin.py:188} INFO - [2024-10-01T13:18:31.986+0000] {dag.py:3036} INFO - Sync 1 DAGs
[2024-10-01T13:18:32.066+0000] {logging_mixin.py:188} INFO - [2024-10-01T13:18:32.065+0000] {dag.py:3823} INFO - Setting next_dagrun for example_sla_dag to 2024-10-01 13:16:00+00:00, run_after=2024-10-01 13:18:00+00:00
[2024-10-01T13:18:32.140+0000] {processor.py:183} INFO - Processing /home/airflow/.local/lib/python3.8/site-packages/airflow/example_dags/example_sla_dag.py took 0.218 seconds
[2024-10-01T13:19:02.235+0000] {processor.py:161} INFO - Started process (PID=555) to work on /home/airflow/.local/lib/python3.8/site-packages/airflow/example_dags/example_sla_dag.py
[2024-10-01T13:19:02.237+0000] {processor.py:830} INFO - Processing file /home/airflow/.local/lib/python3.8/site-packages/airflow/example_dags/example_sla_dag.py for tasks to queue
[2024-10-01T13:19:02.240+0000] {logging_mixin.py:188} INFO - [2024-10-01T13:19:02.240+0000] {dagbag.py:538} INFO - Filling up the DagBag from /home/airflow/.local/lib/python3.8/site-packages/airflow/example_dags/example_sla_dag.py
[2024-10-01T13:19:02.254+0000] {processor.py:840} INFO - DAG(s) 'example_sla_dag' retrieved from /home/airflow/.local/lib/python3.8/site-packages/airflow/example_dags/example_sla_dag.py
[2024-10-01T13:19:02.279+0000] {logging_mixin.py:188} INFO - [2024-10-01T13:19:02.279+0000] {dag.py:3036} INFO - Sync 1 DAGs
[2024-10-01T13:19:02.322+0000] {logging_mixin.py:188} INFO - [2024-10-01T13:19:02.322+0000] {dag.py:3823} INFO - Setting next_dagrun for example_sla_dag to 2024-10-01 13:16:00+00:00, run_after=2024-10-01 13:18:00+00:00
[2024-10-01T13:19:02.362+0000] {processor.py:183} INFO - Processing /home/airflow/.local/lib/python3.8/site-packages/airflow/example_dags/example_sla_dag.py took 0.132 seconds
[2024-10-01T13:19:33.341+0000] {processor.py:161} INFO - Started process (PID=611) to work on /home/airflow/.local/lib/python3.8/site-packages/airflow/example_dags/example_sla_dag.py
[2024-10-01T13:19:33.342+0000] {processor.py:830} INFO - Processing file /home/airflow/.local/lib/python3.8/site-packages/airflow/example_dags/example_sla_dag.py for tasks to queue
[2024-10-01T13:19:33.344+0000] {logging_mixin.py:188} INFO - [2024-10-01T13:19:33.344+0000] {dagbag.py:538} INFO - Filling up the DagBag from /home/airflow/.local/lib/python3.8/site-packages/airflow/example_dags/example_sla_dag.py
[2024-10-01T13:19:33.356+0000] {processor.py:840} INFO - DAG(s) 'example_sla_dag' retrieved from /home/airflow/.local/lib/python3.8/site-packages/airflow/example_dags/example_sla_dag.py
[2024-10-01T13:19:33.379+0000] {logging_mixin.py:188} INFO - [2024-10-01T13:19:33.378+0000] {dag.py:3036} INFO - Sync 1 DAGs
[2024-10-01T13:19:33.411+0000] {logging_mixin.py:188} INFO - [2024-10-01T13:19:33.411+0000] {dag.py:3823} INFO - Setting next_dagrun for example_sla_dag to 2024-10-01 13:16:00+00:00, run_after=2024-10-01 13:18:00+00:00
[2024-10-01T13:19:33.568+0000] {processor.py:183} INFO - Processing /home/airflow/.local/lib/python3.8/site-packages/airflow/example_dags/example_sla_dag.py took 0.230 seconds
[2024-10-01T13:20:04.345+0000] {processor.py:161} INFO - Started process (PID=668) to work on /home/airflow/.local/lib/python3.8/site-packages/airflow/example_dags/example_sla_dag.py
[2024-10-01T13:20:04.346+0000] {processor.py:830} INFO - Processing file /home/airflow/.local/lib/python3.8/site-packages/airflow/example_dags/example_sla_dag.py for tasks to queue
[2024-10-01T13:20:04.348+0000] {logging_mixin.py:188} INFO - [2024-10-01T13:20:04.348+0000] {dagbag.py:538} INFO - Filling up the DagBag from /home/airflow/.local/lib/python3.8/site-packages/airflow/example_dags/example_sla_dag.py
[2024-10-01T13:20:04.357+0000] {processor.py:840} INFO - DAG(s) 'example_sla_dag' retrieved from /home/airflow/.local/lib/python3.8/site-packages/airflow/example_dags/example_sla_dag.py
[2024-10-01T13:20:04.381+0000] {logging_mixin.py:188} INFO - [2024-10-01T13:20:04.380+0000] {dag.py:3036} INFO - Sync 1 DAGs
[2024-10-01T13:20:04.411+0000] {logging_mixin.py:188} INFO - [2024-10-01T13:20:04.411+0000] {dag.py:3823} INFO - Setting next_dagrun for example_sla_dag to 2024-10-01 13:18:00+00:00, run_after=2024-10-01 13:20:00+00:00
[2024-10-01T13:20:04.451+0000] {processor.py:183} INFO - Processing /home/airflow/.local/lib/python3.8/site-packages/airflow/example_dags/example_sla_dag.py took 0.110 seconds
[2024-10-01T13:20:34.570+0000] {processor.py:161} INFO - Started process (PID=724) to work on /home/airflow/.local/lib/python3.8/site-packages/airflow/example_dags/example_sla_dag.py
[2024-10-01T13:20:34.571+0000] {processor.py:830} INFO - Processing file /home/airflow/.local/lib/python3.8/site-packages/airflow/example_dags/example_sla_dag.py for tasks to queue
[2024-10-01T13:20:34.573+0000] {logging_mixin.py:188} INFO - [2024-10-01T13:20:34.573+0000] {dagbag.py:538} INFO - Filling up the DagBag from /home/airflow/.local/lib/python3.8/site-packages/airflow/example_dags/example_sla_dag.py
[2024-10-01T13:20:34.583+0000] {processor.py:840} INFO - DAG(s) 'example_sla_dag' retrieved from /home/airflow/.local/lib/python3.8/site-packages/airflow/example_dags/example_sla_dag.py
[2024-10-01T13:20:34.609+0000] {logging_mixin.py:188} INFO - [2024-10-01T13:20:34.609+0000] {dag.py:3036} INFO - Sync 1 DAGs
[2024-10-01T13:20:34.644+0000] {logging_mixin.py:188} INFO - [2024-10-01T13:20:34.643+0000] {dag.py:3823} INFO - Setting next_dagrun for example_sla_dag to 2024-10-01 13:18:00+00:00, run_after=2024-10-01 13:20:00+00:00
[2024-10-01T13:20:34.682+0000] {processor.py:183} INFO - Processing /home/airflow/.local/lib/python3.8/site-packages/airflow/example_dags/example_sla_dag.py took 0.117 seconds
[2024-10-01T13:21:05.126+0000] {processor.py:161} INFO - Started process (PID=780) to work on /home/airflow/.local/lib/python3.8/site-packages/airflow/example_dags/example_sla_dag.py
[2024-10-01T13:21:05.127+0000] {processor.py:830} INFO - Processing file /home/airflow/.local/lib/python3.8/site-packages/airflow/example_dags/example_sla_dag.py for tasks to queue
[2024-10-01T13:21:05.129+0000] {logging_mixin.py:188} INFO - [2024-10-01T13:21:05.129+0000] {dagbag.py:538} INFO - Filling up the DagBag from /home/airflow/.local/lib/python3.8/site-packages/airflow/example_dags/example_sla_dag.py
[2024-10-01T13:21:05.138+0000] {processor.py:840} INFO - DAG(s) 'example_sla_dag' retrieved from /home/airflow/.local/lib/python3.8/site-packages/airflow/example_dags/example_sla_dag.py
[2024-10-01T13:21:05.164+0000] {logging_mixin.py:188} INFO - [2024-10-01T13:21:05.163+0000] {dag.py:3036} INFO - Sync 1 DAGs
[2024-10-01T13:21:05.200+0000] {logging_mixin.py:188} INFO - [2024-10-01T13:21:05.200+0000] {dag.py:3823} INFO - Setting next_dagrun for example_sla_dag to 2024-10-01 13:18:00+00:00, run_after=2024-10-01 13:20:00+00:00
[2024-10-01T13:21:05.252+0000] {processor.py:183} INFO - Processing /home/airflow/.local/lib/python3.8/site-packages/airflow/example_dags/example_sla_dag.py took 0.129 seconds
[2024-10-01T13:21:35.496+0000] {processor.py:161} INFO - Started process (PID=843) to work on /home/airflow/.local/lib/python3.8/site-packages/airflow/example_dags/example_sla_dag.py
[2024-10-01T13:21:35.498+0000] {processor.py:830} INFO - Processing file /home/airflow/.local/lib/python3.8/site-packages/airflow/example_dags/example_sla_dag.py for tasks to queue
[2024-10-01T13:21:35.501+0000] {logging_mixin.py:188} INFO - [2024-10-01T13:21:35.500+0000] {dagbag.py:538} INFO - Filling up the DagBag from /home/airflow/.local/lib/python3.8/site-packages/airflow/example_dags/example_sla_dag.py
[2024-10-01T13:21:35.516+0000] {processor.py:840} INFO - DAG(s) 'example_sla_dag' retrieved from /home/airflow/.local/lib/python3.8/site-packages/airflow/example_dags/example_sla_dag.py
[2024-10-01T13:21:35.556+0000] {logging_mixin.py:188} INFO - [2024-10-01T13:21:35.555+0000] {dag.py:3036} INFO - Sync 1 DAGs
[2024-10-01T13:21:35.655+0000] {logging_mixin.py:188} INFO - [2024-10-01T13:21:35.645+0000] {dag.py:3823} INFO - Setting next_dagrun for example_sla_dag to 2024-10-01 13:18:00+00:00, run_after=2024-10-01 13:20:00+00:00
[2024-10-01T13:21:35.747+0000] {processor.py:183} INFO - Processing /home/airflow/.local/lib/python3.8/site-packages/airflow/example_dags/example_sla_dag.py took 0.256 seconds
[2024-10-01T13:22:06.268+0000] {processor.py:161} INFO - Started process (PID=900) to work on /home/airflow/.local/lib/python3.8/site-packages/airflow/example_dags/example_sla_dag.py
[2024-10-01T13:22:06.269+0000] {processor.py:830} INFO - Processing file /home/airflow/.local/lib/python3.8/site-packages/airflow/example_dags/example_sla_dag.py for tasks to queue
[2024-10-01T13:22:06.272+0000] {logging_mixin.py:188} INFO - [2024-10-01T13:22:06.271+0000] {dagbag.py:538} INFO - Filling up the DagBag from /home/airflow/.local/lib/python3.8/site-packages/airflow/example_dags/example_sla_dag.py
[2024-10-01T13:22:06.282+0000] {processor.py:840} INFO - DAG(s) 'example_sla_dag' retrieved from /home/airflow/.local/lib/python3.8/site-packages/airflow/example_dags/example_sla_dag.py
[2024-10-01T13:22:06.306+0000] {logging_mixin.py:188} INFO - [2024-10-01T13:22:06.306+0000] {dag.py:3036} INFO - Sync 1 DAGs
[2024-10-01T13:22:06.343+0000] {logging_mixin.py:188} INFO - [2024-10-01T13:22:06.342+0000] {dag.py:3823} INFO - Setting next_dagrun for example_sla_dag to 2024-10-01 13:20:00+00:00, run_after=2024-10-01 13:22:00+00:00
[2024-10-01T13:22:06.522+0000] {processor.py:183} INFO - Processing /home/airflow/.local/lib/python3.8/site-packages/airflow/example_dags/example_sla_dag.py took 0.257 seconds
[2024-10-01T13:22:38.009+0000] {processor.py:161} INFO - Started process (PID=957) to work on /home/airflow/.local/lib/python3.8/site-packages/airflow/example_dags/example_sla_dag.py
[2024-10-01T13:22:38.012+0000] {processor.py:830} INFO - Processing file /home/airflow/.local/lib/python3.8/site-packages/airflow/example_dags/example_sla_dag.py for tasks to queue
[2024-10-01T13:22:38.017+0000] {logging_mixin.py:188} INFO - [2024-10-01T13:22:38.016+0000] {dagbag.py:538} INFO - Filling up the DagBag from /home/airflow/.local/lib/python3.8/site-packages/airflow/example_dags/example_sla_dag.py
[2024-10-01T13:22:38.062+0000] {processor.py:840} INFO - DAG(s) 'example_sla_dag' retrieved from /home/airflow/.local/lib/python3.8/site-packages/airflow/example_dags/example_sla_dag.py
[2024-10-01T13:22:38.110+0000] {logging_mixin.py:188} INFO - [2024-10-01T13:22:38.110+0000] {dag.py:3036} INFO - Sync 1 DAGs
[2024-10-01T13:22:38.241+0000] {logging_mixin.py:188} INFO - [2024-10-01T13:22:38.241+0000] {dag.py:3823} INFO - Setting next_dagrun for example_sla_dag to 2024-10-01 13:20:00+00:00, run_after=2024-10-01 13:22:00+00:00
[2024-10-01T13:22:38.309+0000] {processor.py:183} INFO - Processing /home/airflow/.local/lib/python3.8/site-packages/airflow/example_dags/example_sla_dag.py took 0.320 seconds
[2024-10-01T13:23:08.784+0000] {processor.py:161} INFO - Started process (PID=1013) to work on /home/airflow/.local/lib/python3.8/site-packages/airflow/example_dags/example_sla_dag.py
[2024-10-01T13:23:08.786+0000] {processor.py:830} INFO - Processing file /home/airflow/.local/lib/python3.8/site-packages/airflow/example_dags/example_sla_dag.py for tasks to queue
[2024-10-01T13:23:08.789+0000] {logging_mixin.py:188} INFO - [2024-10-01T13:23:08.788+0000] {dagbag.py:538} INFO - Filling up the DagBag from /home/airflow/.local/lib/python3.8/site-packages/airflow/example_dags/example_sla_dag.py
[2024-10-01T13:23:08.799+0000] {processor.py:840} INFO - DAG(s) 'example_sla_dag' retrieved from /home/airflow/.local/lib/python3.8/site-packages/airflow/example_dags/example_sla_dag.py
[2024-10-01T13:23:08.824+0000] {logging_mixin.py:188} INFO - [2024-10-01T13:23:08.824+0000] {dag.py:3036} INFO - Sync 1 DAGs
[2024-10-01T13:23:08.856+0000] {logging_mixin.py:188} INFO - [2024-10-01T13:23:08.856+0000] {dag.py:3823} INFO - Setting next_dagrun for example_sla_dag to 2024-10-01 13:20:00+00:00, run_after=2024-10-01 13:22:00+00:00
[2024-10-01T13:23:08.894+0000] {processor.py:183} INFO - Processing /home/airflow/.local/lib/python3.8/site-packages/airflow/example_dags/example_sla_dag.py took 0.117 seconds
[2024-10-01T13:23:40.101+0000] {processor.py:161} INFO - Started process (PID=1069) to work on /home/airflow/.local/lib/python3.8/site-packages/airflow/example_dags/example_sla_dag.py
[2024-10-01T13:23:40.231+0000] {processor.py:830} INFO - Processing file /home/airflow/.local/lib/python3.8/site-packages/airflow/example_dags/example_sla_dag.py for tasks to queue
[2024-10-01T13:23:40.237+0000] {logging_mixin.py:188} INFO - [2024-10-01T13:23:40.237+0000] {dagbag.py:538} INFO - Filling up the DagBag from /home/airflow/.local/lib/python3.8/site-packages/airflow/example_dags/example_sla_dag.py
[2024-10-01T13:23:40.302+0000] {processor.py:840} INFO - DAG(s) 'example_sla_dag' retrieved from /home/airflow/.local/lib/python3.8/site-packages/airflow/example_dags/example_sla_dag.py
[2024-10-01T13:23:40.541+0000] {logging_mixin.py:188} INFO - [2024-10-01T13:23:40.531+0000] {dag.py:3036} INFO - Sync 1 DAGs
[2024-10-01T13:23:40.714+0000] {logging_mixin.py:188} INFO - [2024-10-01T13:23:40.714+0000] {dag.py:3823} INFO - Setting next_dagrun for example_sla_dag to 2024-10-01 13:20:00+00:00, run_after=2024-10-01 13:22:00+00:00
[2024-10-01T13:23:41.029+0000] {processor.py:183} INFO - Processing /home/airflow/.local/lib/python3.8/site-packages/airflow/example_dags/example_sla_dag.py took 0.937 seconds
[2024-10-01T13:24:12.122+0000] {processor.py:161} INFO - Started process (PID=1125) to work on /home/airflow/.local/lib/python3.8/site-packages/airflow/example_dags/example_sla_dag.py
[2024-10-01T13:24:12.135+0000] {processor.py:830} INFO - Processing file /home/airflow/.local/lib/python3.8/site-packages/airflow/example_dags/example_sla_dag.py for tasks to queue
[2024-10-01T13:24:12.140+0000] {logging_mixin.py:188} INFO - [2024-10-01T13:24:12.139+0000] {dagbag.py:538} INFO - Filling up the DagBag from /home/airflow/.local/lib/python3.8/site-packages/airflow/example_dags/example_sla_dag.py
[2024-10-01T13:24:12.186+0000] {processor.py:840} INFO - DAG(s) 'example_sla_dag' retrieved from /home/airflow/.local/lib/python3.8/site-packages/airflow/example_dags/example_sla_dag.py
[2024-10-01T13:24:12.278+0000] {logging_mixin.py:188} INFO - [2024-10-01T13:24:12.278+0000] {dag.py:3036} INFO - Sync 1 DAGs
[2024-10-01T13:24:12.409+0000] {logging_mixin.py:188} INFO - [2024-10-01T13:24:12.408+0000] {dag.py:3823} INFO - Setting next_dagrun for example_sla_dag to 2024-10-01 13:22:00+00:00, run_after=2024-10-01 13:24:00+00:00
[2024-10-01T13:24:12.472+0000] {processor.py:183} INFO - Processing /home/airflow/.local/lib/python3.8/site-packages/airflow/example_dags/example_sla_dag.py took 0.362 seconds
[2024-10-01T13:24:43.113+0000] {processor.py:161} INFO - Started process (PID=1181) to work on /home/airflow/.local/lib/python3.8/site-packages/airflow/example_dags/example_sla_dag.py
[2024-10-01T13:24:43.114+0000] {processor.py:830} INFO - Processing file /home/airflow/.local/lib/python3.8/site-packages/airflow/example_dags/example_sla_dag.py for tasks to queue
[2024-10-01T13:24:43.116+0000] {logging_mixin.py:188} INFO - [2024-10-01T13:24:43.116+0000] {dagbag.py:538} INFO - Filling up the DagBag from /home/airflow/.local/lib/python3.8/site-packages/airflow/example_dags/example_sla_dag.py
[2024-10-01T13:24:43.127+0000] {processor.py:840} INFO - DAG(s) 'example_sla_dag' retrieved from /home/airflow/.local/lib/python3.8/site-packages/airflow/example_dags/example_sla_dag.py
[2024-10-01T13:24:43.153+0000] {logging_mixin.py:188} INFO - [2024-10-01T13:24:43.153+0000] {dag.py:3036} INFO - Sync 1 DAGs
[2024-10-01T13:24:43.187+0000] {logging_mixin.py:188} INFO - [2024-10-01T13:24:43.187+0000] {dag.py:3823} INFO - Setting next_dagrun for example_sla_dag to 2024-10-01 13:22:00+00:00, run_after=2024-10-01 13:24:00+00:00
[2024-10-01T13:24:43.216+0000] {processor.py:183} INFO - Processing /home/airflow/.local/lib/python3.8/site-packages/airflow/example_dags/example_sla_dag.py took 0.107 seconds
[2024-10-01T13:25:13.738+0000] {processor.py:161} INFO - Started process (PID=1236) to work on /home/airflow/.local/lib/python3.8/site-packages/airflow/example_dags/example_sla_dag.py
[2024-10-01T13:25:13.740+0000] {processor.py:830} INFO - Processing file /home/airflow/.local/lib/python3.8/site-packages/airflow/example_dags/example_sla_dag.py for tasks to queue
[2024-10-01T13:25:13.743+0000] {logging_mixin.py:188} INFO - [2024-10-01T13:25:13.742+0000] {dagbag.py:538} INFO - Filling up the DagBag from /home/airflow/.local/lib/python3.8/site-packages/airflow/example_dags/example_sla_dag.py
[2024-10-01T13:25:13.756+0000] {processor.py:840} INFO - DAG(s) 'example_sla_dag' retrieved from /home/airflow/.local/lib/python3.8/site-packages/airflow/example_dags/example_sla_dag.py
[2024-10-01T13:25:13.793+0000] {logging_mixin.py:188} INFO - [2024-10-01T13:25:13.792+0000] {dag.py:3036} INFO - Sync 1 DAGs
[2024-10-01T13:25:13.841+0000] {logging_mixin.py:188} INFO - [2024-10-01T13:25:13.840+0000] {dag.py:3823} INFO - Setting next_dagrun for example_sla_dag to 2024-10-01 13:22:00+00:00, run_after=2024-10-01 13:24:00+00:00
[2024-10-01T13:25:13.911+0000] {processor.py:183} INFO - Processing /home/airflow/.local/lib/python3.8/site-packages/airflow/example_dags/example_sla_dag.py took 0.180 seconds
[2024-10-01T13:25:43.998+0000] {processor.py:161} INFO - Started process (PID=1292) to work on /home/airflow/.local/lib/python3.8/site-packages/airflow/example_dags/example_sla_dag.py
[2024-10-01T13:25:43.999+0000] {processor.py:830} INFO - Processing file /home/airflow/.local/lib/python3.8/site-packages/airflow/example_dags/example_sla_dag.py for tasks to queue
[2024-10-01T13:25:44.001+0000] {logging_mixin.py:188} INFO - [2024-10-01T13:25:44.001+0000] {dagbag.py:538} INFO - Filling up the DagBag from /home/airflow/.local/lib/python3.8/site-packages/airflow/example_dags/example_sla_dag.py
[2024-10-01T13:25:44.014+0000] {processor.py:840} INFO - DAG(s) 'example_sla_dag' retrieved from /home/airflow/.local/lib/python3.8/site-packages/airflow/example_dags/example_sla_dag.py
[2024-10-01T13:25:44.042+0000] {logging_mixin.py:188} INFO - [2024-10-01T13:25:44.042+0000] {dag.py:3036} INFO - Sync 1 DAGs
[2024-10-01T13:25:44.080+0000] {logging_mixin.py:188} INFO - [2024-10-01T13:25:44.080+0000] {dag.py:3823} INFO - Setting next_dagrun for example_sla_dag to 2024-10-01 13:22:00+00:00, run_after=2024-10-01 13:24:00+00:00
[2024-10-01T13:25:44.163+0000] {processor.py:183} INFO - Processing /home/airflow/.local/lib/python3.8/site-packages/airflow/example_dags/example_sla_dag.py took 0.169 seconds
