[2024-10-01T13:14:51.558+0000] {processor.py:161} INFO - Started process (PID=98) to work on /home/airflow/.local/lib/python3.8/site-packages/airflow/example_dags/example_short_circuit_decorator.py
[2024-10-01T13:14:51.561+0000] {processor.py:830} INFO - Processing file /home/airflow/.local/lib/python3.8/site-packages/airflow/example_dags/example_short_circuit_decorator.py for tasks to queue
[2024-10-01T13:14:51.566+0000] {logging_mixin.py:188} INFO - [2024-10-01T13:14:51.565+0000] {dagbag.py:538} INFO - Filling up the DagBag from /home/airflow/.local/lib/python3.8/site-packages/airflow/example_dags/example_short_circuit_decorator.py
[2024-10-01T13:14:51.595+0000] {processor.py:840} INFO - DAG(s) 'example_short_circuit_decorator' retrieved from /home/airflow/.local/lib/python3.8/site-packages/airflow/example_dags/example_short_circuit_decorator.py
[2024-10-01T13:14:52.051+0000] {logging_mixin.py:188} INFO - [2024-10-01T13:14:52.050+0000] {dag.py:3036} INFO - Sync 1 DAGs
[2024-10-01T13:14:52.125+0000] {logging_mixin.py:188} INFO - [2024-10-01T13:14:52.125+0000] {dag.py:3823} INFO - Setting next_dagrun for example_short_circuit_decorator to 2024-09-30 00:00:00+00:00, run_after=2024-10-01 00:00:00+00:00
[2024-10-01T13:14:52.211+0000] {processor.py:183} INFO - Processing /home/airflow/.local/lib/python3.8/site-packages/airflow/example_dags/example_short_circuit_decorator.py took 0.663 seconds
[2024-10-01T13:15:22.379+0000] {processor.py:161} INFO - Started process (PID=154) to work on /home/airflow/.local/lib/python3.8/site-packages/airflow/example_dags/example_short_circuit_decorator.py
[2024-10-01T13:15:22.380+0000] {processor.py:830} INFO - Processing file /home/airflow/.local/lib/python3.8/site-packages/airflow/example_dags/example_short_circuit_decorator.py for tasks to queue
[2024-10-01T13:15:22.383+0000] {logging_mixin.py:188} INFO - [2024-10-01T13:15:22.382+0000] {dagbag.py:538} INFO - Filling up the DagBag from /home/airflow/.local/lib/python3.8/site-packages/airflow/example_dags/example_short_circuit_decorator.py
[2024-10-01T13:15:22.394+0000] {processor.py:840} INFO - DAG(s) 'example_short_circuit_decorator' retrieved from /home/airflow/.local/lib/python3.8/site-packages/airflow/example_dags/example_short_circuit_decorator.py
[2024-10-01T13:15:22.423+0000] {logging_mixin.py:188} INFO - [2024-10-01T13:15:22.422+0000] {dag.py:3036} INFO - Sync 1 DAGs
[2024-10-01T13:15:22.450+0000] {logging_mixin.py:188} INFO - [2024-10-01T13:15:22.450+0000] {dag.py:3823} INFO - Setting next_dagrun for example_short_circuit_decorator to 2024-09-30 00:00:00+00:00, run_after=2024-10-01 00:00:00+00:00
[2024-10-01T13:15:22.521+0000] {processor.py:183} INFO - Processing /home/airflow/.local/lib/python3.8/site-packages/airflow/example_dags/example_short_circuit_decorator.py took 0.146 seconds
[2024-10-01T13:15:52.563+0000] {processor.py:161} INFO - Started process (PID=210) to work on /home/airflow/.local/lib/python3.8/site-packages/airflow/example_dags/example_short_circuit_decorator.py
[2024-10-01T13:15:52.564+0000] {processor.py:830} INFO - Processing file /home/airflow/.local/lib/python3.8/site-packages/airflow/example_dags/example_short_circuit_decorator.py for tasks to queue
[2024-10-01T13:15:52.566+0000] {logging_mixin.py:188} INFO - [2024-10-01T13:15:52.566+0000] {dagbag.py:538} INFO - Filling up the DagBag from /home/airflow/.local/lib/python3.8/site-packages/airflow/example_dags/example_short_circuit_decorator.py
[2024-10-01T13:15:52.576+0000] {processor.py:840} INFO - DAG(s) 'example_short_circuit_decorator' retrieved from /home/airflow/.local/lib/python3.8/site-packages/airflow/example_dags/example_short_circuit_decorator.py
[2024-10-01T13:15:52.603+0000] {logging_mixin.py:188} INFO - [2024-10-01T13:15:52.603+0000] {dag.py:3036} INFO - Sync 1 DAGs
[2024-10-01T13:15:52.627+0000] {logging_mixin.py:188} INFO - [2024-10-01T13:15:52.627+0000] {dag.py:3823} INFO - Setting next_dagrun for example_short_circuit_decorator to 2024-09-30 00:00:00+00:00, run_after=2024-10-01 00:00:00+00:00
[2024-10-01T13:15:52.665+0000] {processor.py:183} INFO - Processing /home/airflow/.local/lib/python3.8/site-packages/airflow/example_dags/example_short_circuit_decorator.py took 0.106 seconds
[2024-10-01T13:16:22.930+0000] {processor.py:161} INFO - Started process (PID=266) to work on /home/airflow/.local/lib/python3.8/site-packages/airflow/example_dags/example_short_circuit_decorator.py
[2024-10-01T13:16:22.931+0000] {processor.py:830} INFO - Processing file /home/airflow/.local/lib/python3.8/site-packages/airflow/example_dags/example_short_circuit_decorator.py for tasks to queue
[2024-10-01T13:16:22.934+0000] {logging_mixin.py:188} INFO - [2024-10-01T13:16:22.933+0000] {dagbag.py:538} INFO - Filling up the DagBag from /home/airflow/.local/lib/python3.8/site-packages/airflow/example_dags/example_short_circuit_decorator.py
[2024-10-01T13:16:22.946+0000] {processor.py:840} INFO - DAG(s) 'example_short_circuit_decorator' retrieved from /home/airflow/.local/lib/python3.8/site-packages/airflow/example_dags/example_short_circuit_decorator.py
[2024-10-01T13:16:22.981+0000] {logging_mixin.py:188} INFO - [2024-10-01T13:16:22.980+0000] {dag.py:3036} INFO - Sync 1 DAGs
[2024-10-01T13:16:23.005+0000] {logging_mixin.py:188} INFO - [2024-10-01T13:16:23.004+0000] {dag.py:3823} INFO - Setting next_dagrun for example_short_circuit_decorator to 2024-09-30 00:00:00+00:00, run_after=2024-10-01 00:00:00+00:00
[2024-10-01T13:16:23.040+0000] {processor.py:183} INFO - Processing /home/airflow/.local/lib/python3.8/site-packages/airflow/example_dags/example_short_circuit_decorator.py took 0.115 seconds
[2024-10-01T13:16:53.301+0000] {processor.py:161} INFO - Started process (PID=322) to work on /home/airflow/.local/lib/python3.8/site-packages/airflow/example_dags/example_short_circuit_decorator.py
[2024-10-01T13:16:53.302+0000] {processor.py:830} INFO - Processing file /home/airflow/.local/lib/python3.8/site-packages/airflow/example_dags/example_short_circuit_decorator.py for tasks to queue
[2024-10-01T13:16:53.304+0000] {logging_mixin.py:188} INFO - [2024-10-01T13:16:53.304+0000] {dagbag.py:538} INFO - Filling up the DagBag from /home/airflow/.local/lib/python3.8/site-packages/airflow/example_dags/example_short_circuit_decorator.py
[2024-10-01T13:16:53.316+0000] {processor.py:840} INFO - DAG(s) 'example_short_circuit_decorator' retrieved from /home/airflow/.local/lib/python3.8/site-packages/airflow/example_dags/example_short_circuit_decorator.py
[2024-10-01T13:16:53.343+0000] {logging_mixin.py:188} INFO - [2024-10-01T13:16:53.343+0000] {dag.py:3036} INFO - Sync 1 DAGs
[2024-10-01T13:16:53.370+0000] {logging_mixin.py:188} INFO - [2024-10-01T13:16:53.370+0000] {dag.py:3823} INFO - Setting next_dagrun for example_short_circuit_decorator to 2024-09-30 00:00:00+00:00, run_after=2024-10-01 00:00:00+00:00
[2024-10-01T13:16:53.477+0000] {processor.py:183} INFO - Processing /home/airflow/.local/lib/python3.8/site-packages/airflow/example_dags/example_short_circuit_decorator.py took 0.180 seconds
[2024-10-01T13:17:23.740+0000] {processor.py:161} INFO - Started process (PID=378) to work on /home/airflow/.local/lib/python3.8/site-packages/airflow/example_dags/example_short_circuit_decorator.py
[2024-10-01T13:17:23.741+0000] {processor.py:830} INFO - Processing file /home/airflow/.local/lib/python3.8/site-packages/airflow/example_dags/example_short_circuit_decorator.py for tasks to queue
[2024-10-01T13:17:23.744+0000] {logging_mixin.py:188} INFO - [2024-10-01T13:17:23.743+0000] {dagbag.py:538} INFO - Filling up the DagBag from /home/airflow/.local/lib/python3.8/site-packages/airflow/example_dags/example_short_circuit_decorator.py
[2024-10-01T13:17:23.760+0000] {processor.py:840} INFO - DAG(s) 'example_short_circuit_decorator' retrieved from /home/airflow/.local/lib/python3.8/site-packages/airflow/example_dags/example_short_circuit_decorator.py
[2024-10-01T13:17:23.790+0000] {logging_mixin.py:188} INFO - [2024-10-01T13:17:23.790+0000] {dag.py:3036} INFO - Sync 1 DAGs
[2024-10-01T13:17:23.821+0000] {logging_mixin.py:188} INFO - [2024-10-01T13:17:23.820+0000] {dag.py:3823} INFO - Setting next_dagrun for example_short_circuit_decorator to 2024-09-30 00:00:00+00:00, run_after=2024-10-01 00:00:00+00:00
[2024-10-01T13:17:23.883+0000] {processor.py:183} INFO - Processing /home/airflow/.local/lib/python3.8/site-packages/airflow/example_dags/example_short_circuit_decorator.py took 0.147 seconds
[2024-10-01T13:17:54.849+0000] {processor.py:161} INFO - Started process (PID=434) to work on /home/airflow/.local/lib/python3.8/site-packages/airflow/example_dags/example_short_circuit_decorator.py
[2024-10-01T13:17:54.850+0000] {processor.py:830} INFO - Processing file /home/airflow/.local/lib/python3.8/site-packages/airflow/example_dags/example_short_circuit_decorator.py for tasks to queue
[2024-10-01T13:17:54.854+0000] {logging_mixin.py:188} INFO - [2024-10-01T13:17:54.853+0000] {dagbag.py:538} INFO - Filling up the DagBag from /home/airflow/.local/lib/python3.8/site-packages/airflow/example_dags/example_short_circuit_decorator.py
[2024-10-01T13:17:54.867+0000] {processor.py:840} INFO - DAG(s) 'example_short_circuit_decorator' retrieved from /home/airflow/.local/lib/python3.8/site-packages/airflow/example_dags/example_short_circuit_decorator.py
[2024-10-01T13:17:54.895+0000] {logging_mixin.py:188} INFO - [2024-10-01T13:17:54.895+0000] {dag.py:3036} INFO - Sync 1 DAGs
[2024-10-01T13:17:54.923+0000] {logging_mixin.py:188} INFO - [2024-10-01T13:17:54.923+0000] {dag.py:3823} INFO - Setting next_dagrun for example_short_circuit_decorator to 2024-09-30 00:00:00+00:00, run_after=2024-10-01 00:00:00+00:00
[2024-10-01T13:17:54.962+0000] {processor.py:183} INFO - Processing /home/airflow/.local/lib/python3.8/site-packages/airflow/example_dags/example_short_circuit_decorator.py took 0.117 seconds
[2024-10-01T13:18:25.077+0000] {processor.py:161} INFO - Started process (PID=490) to work on /home/airflow/.local/lib/python3.8/site-packages/airflow/example_dags/example_short_circuit_decorator.py
[2024-10-01T13:18:25.079+0000] {processor.py:830} INFO - Processing file /home/airflow/.local/lib/python3.8/site-packages/airflow/example_dags/example_short_circuit_decorator.py for tasks to queue
[2024-10-01T13:18:25.081+0000] {logging_mixin.py:188} INFO - [2024-10-01T13:18:25.081+0000] {dagbag.py:538} INFO - Filling up the DagBag from /home/airflow/.local/lib/python3.8/site-packages/airflow/example_dags/example_short_circuit_decorator.py
[2024-10-01T13:18:25.095+0000] {processor.py:840} INFO - DAG(s) 'example_short_circuit_decorator' retrieved from /home/airflow/.local/lib/python3.8/site-packages/airflow/example_dags/example_short_circuit_decorator.py
[2024-10-01T13:18:25.126+0000] {logging_mixin.py:188} INFO - [2024-10-01T13:18:25.126+0000] {dag.py:3036} INFO - Sync 1 DAGs
[2024-10-01T13:18:25.160+0000] {logging_mixin.py:188} INFO - [2024-10-01T13:18:25.159+0000] {dag.py:3823} INFO - Setting next_dagrun for example_short_circuit_decorator to 2024-09-30 00:00:00+00:00, run_after=2024-10-01 00:00:00+00:00
[2024-10-01T13:18:25.200+0000] {processor.py:183} INFO - Processing /home/airflow/.local/lib/python3.8/site-packages/airflow/example_dags/example_short_circuit_decorator.py took 0.126 seconds
[2024-10-01T13:18:55.441+0000] {processor.py:161} INFO - Started process (PID=546) to work on /home/airflow/.local/lib/python3.8/site-packages/airflow/example_dags/example_short_circuit_decorator.py
[2024-10-01T13:18:55.443+0000] {processor.py:830} INFO - Processing file /home/airflow/.local/lib/python3.8/site-packages/airflow/example_dags/example_short_circuit_decorator.py for tasks to queue
[2024-10-01T13:18:55.445+0000] {logging_mixin.py:188} INFO - [2024-10-01T13:18:55.444+0000] {dagbag.py:538} INFO - Filling up the DagBag from /home/airflow/.local/lib/python3.8/site-packages/airflow/example_dags/example_short_circuit_decorator.py
[2024-10-01T13:18:55.458+0000] {processor.py:840} INFO - DAG(s) 'example_short_circuit_decorator' retrieved from /home/airflow/.local/lib/python3.8/site-packages/airflow/example_dags/example_short_circuit_decorator.py
[2024-10-01T13:18:55.492+0000] {logging_mixin.py:188} INFO - [2024-10-01T13:18:55.491+0000] {dag.py:3036} INFO - Sync 1 DAGs
[2024-10-01T13:18:55.518+0000] {logging_mixin.py:188} INFO - [2024-10-01T13:18:55.518+0000] {dag.py:3823} INFO - Setting next_dagrun for example_short_circuit_decorator to 2024-09-30 00:00:00+00:00, run_after=2024-10-01 00:00:00+00:00
[2024-10-01T13:18:55.553+0000] {processor.py:183} INFO - Processing /home/airflow/.local/lib/python3.8/site-packages/airflow/example_dags/example_short_circuit_decorator.py took 0.115 seconds
[2024-10-01T13:19:26.398+0000] {processor.py:161} INFO - Started process (PID=602) to work on /home/airflow/.local/lib/python3.8/site-packages/airflow/example_dags/example_short_circuit_decorator.py
[2024-10-01T13:19:26.400+0000] {processor.py:830} INFO - Processing file /home/airflow/.local/lib/python3.8/site-packages/airflow/example_dags/example_short_circuit_decorator.py for tasks to queue
[2024-10-01T13:19:26.402+0000] {logging_mixin.py:188} INFO - [2024-10-01T13:19:26.402+0000] {dagbag.py:538} INFO - Filling up the DagBag from /home/airflow/.local/lib/python3.8/site-packages/airflow/example_dags/example_short_circuit_decorator.py
[2024-10-01T13:19:26.413+0000] {processor.py:840} INFO - DAG(s) 'example_short_circuit_decorator' retrieved from /home/airflow/.local/lib/python3.8/site-packages/airflow/example_dags/example_short_circuit_decorator.py
[2024-10-01T13:19:26.445+0000] {logging_mixin.py:188} INFO - [2024-10-01T13:19:26.444+0000] {dag.py:3036} INFO - Sync 1 DAGs
[2024-10-01T13:19:26.472+0000] {logging_mixin.py:188} INFO - [2024-10-01T13:19:26.472+0000] {dag.py:3823} INFO - Setting next_dagrun for example_short_circuit_decorator to 2024-09-30 00:00:00+00:00, run_after=2024-10-01 00:00:00+00:00
[2024-10-01T13:19:26.498+0000] {processor.py:183} INFO - Processing /home/airflow/.local/lib/python3.8/site-packages/airflow/example_dags/example_short_circuit_decorator.py took 0.103 seconds
[2024-10-01T13:19:56.631+0000] {processor.py:161} INFO - Started process (PID=658) to work on /home/airflow/.local/lib/python3.8/site-packages/airflow/example_dags/example_short_circuit_decorator.py
[2024-10-01T13:19:56.633+0000] {processor.py:830} INFO - Processing file /home/airflow/.local/lib/python3.8/site-packages/airflow/example_dags/example_short_circuit_decorator.py for tasks to queue
[2024-10-01T13:19:56.647+0000] {logging_mixin.py:188} INFO - [2024-10-01T13:19:56.647+0000] {dagbag.py:538} INFO - Filling up the DagBag from /home/airflow/.local/lib/python3.8/site-packages/airflow/example_dags/example_short_circuit_decorator.py
[2024-10-01T13:19:56.669+0000] {processor.py:840} INFO - DAG(s) 'example_short_circuit_decorator' retrieved from /home/airflow/.local/lib/python3.8/site-packages/airflow/example_dags/example_short_circuit_decorator.py
[2024-10-01T13:19:56.711+0000] {logging_mixin.py:188} INFO - [2024-10-01T13:19:56.711+0000] {dag.py:3036} INFO - Sync 1 DAGs
[2024-10-01T13:19:56.746+0000] {logging_mixin.py:188} INFO - [2024-10-01T13:19:56.746+0000] {dag.py:3823} INFO - Setting next_dagrun for example_short_circuit_decorator to 2024-09-30 00:00:00+00:00, run_after=2024-10-01 00:00:00+00:00
[2024-10-01T13:19:56.773+0000] {processor.py:183} INFO - Processing /home/airflow/.local/lib/python3.8/site-packages/airflow/example_dags/example_short_circuit_decorator.py took 0.156 seconds
[2024-10-01T13:20:27.733+0000] {processor.py:161} INFO - Started process (PID=714) to work on /home/airflow/.local/lib/python3.8/site-packages/airflow/example_dags/example_short_circuit_decorator.py
[2024-10-01T13:20:27.734+0000] {processor.py:830} INFO - Processing file /home/airflow/.local/lib/python3.8/site-packages/airflow/example_dags/example_short_circuit_decorator.py for tasks to queue
[2024-10-01T13:20:27.736+0000] {logging_mixin.py:188} INFO - [2024-10-01T13:20:27.736+0000] {dagbag.py:538} INFO - Filling up the DagBag from /home/airflow/.local/lib/python3.8/site-packages/airflow/example_dags/example_short_circuit_decorator.py
[2024-10-01T13:20:27.746+0000] {processor.py:840} INFO - DAG(s) 'example_short_circuit_decorator' retrieved from /home/airflow/.local/lib/python3.8/site-packages/airflow/example_dags/example_short_circuit_decorator.py
[2024-10-01T13:20:27.775+0000] {logging_mixin.py:188} INFO - [2024-10-01T13:20:27.775+0000] {dag.py:3036} INFO - Sync 1 DAGs
[2024-10-01T13:20:27.801+0000] {logging_mixin.py:188} INFO - [2024-10-01T13:20:27.801+0000] {dag.py:3823} INFO - Setting next_dagrun for example_short_circuit_decorator to 2024-09-30 00:00:00+00:00, run_after=2024-10-01 00:00:00+00:00
[2024-10-01T13:20:27.837+0000] {processor.py:183} INFO - Processing /home/airflow/.local/lib/python3.8/site-packages/airflow/example_dags/example_short_circuit_decorator.py took 0.107 seconds
[2024-10-01T13:20:58.917+0000] {processor.py:161} INFO - Started process (PID=770) to work on /home/airflow/.local/lib/python3.8/site-packages/airflow/example_dags/example_short_circuit_decorator.py
[2024-10-01T13:20:58.918+0000] {processor.py:830} INFO - Processing file /home/airflow/.local/lib/python3.8/site-packages/airflow/example_dags/example_short_circuit_decorator.py for tasks to queue
[2024-10-01T13:20:58.922+0000] {logging_mixin.py:188} INFO - [2024-10-01T13:20:58.921+0000] {dagbag.py:538} INFO - Filling up the DagBag from /home/airflow/.local/lib/python3.8/site-packages/airflow/example_dags/example_short_circuit_decorator.py
[2024-10-01T13:20:58.935+0000] {processor.py:840} INFO - DAG(s) 'example_short_circuit_decorator' retrieved from /home/airflow/.local/lib/python3.8/site-packages/airflow/example_dags/example_short_circuit_decorator.py
[2024-10-01T13:20:58.961+0000] {logging_mixin.py:188} INFO - [2024-10-01T13:20:58.961+0000] {dag.py:3036} INFO - Sync 1 DAGs
[2024-10-01T13:20:58.987+0000] {logging_mixin.py:188} INFO - [2024-10-01T13:20:58.987+0000] {dag.py:3823} INFO - Setting next_dagrun for example_short_circuit_decorator to 2024-09-30 00:00:00+00:00, run_after=2024-10-01 00:00:00+00:00
[2024-10-01T13:20:59.016+0000] {processor.py:183} INFO - Processing /home/airflow/.local/lib/python3.8/site-packages/airflow/example_dags/example_short_circuit_decorator.py took 0.103 seconds
[2024-10-01T13:21:30.001+0000] {processor.py:161} INFO - Started process (PID=826) to work on /home/airflow/.local/lib/python3.8/site-packages/airflow/example_dags/example_short_circuit_decorator.py
[2024-10-01T13:21:30.003+0000] {processor.py:830} INFO - Processing file /home/airflow/.local/lib/python3.8/site-packages/airflow/example_dags/example_short_circuit_decorator.py for tasks to queue
[2024-10-01T13:21:30.006+0000] {logging_mixin.py:188} INFO - [2024-10-01T13:21:30.006+0000] {dagbag.py:538} INFO - Filling up the DagBag from /home/airflow/.local/lib/python3.8/site-packages/airflow/example_dags/example_short_circuit_decorator.py
[2024-10-01T13:21:30.025+0000] {processor.py:840} INFO - DAG(s) 'example_short_circuit_decorator' retrieved from /home/airflow/.local/lib/python3.8/site-packages/airflow/example_dags/example_short_circuit_decorator.py
[2024-10-01T13:21:30.066+0000] {logging_mixin.py:188} INFO - [2024-10-01T13:21:30.066+0000] {dag.py:3036} INFO - Sync 1 DAGs
[2024-10-01T13:21:30.108+0000] {logging_mixin.py:188} INFO - [2024-10-01T13:21:30.107+0000] {dag.py:3823} INFO - Setting next_dagrun for example_short_circuit_decorator to 2024-09-30 00:00:00+00:00, run_after=2024-10-01 00:00:00+00:00
[2024-10-01T13:21:30.147+0000] {processor.py:183} INFO - Processing /home/airflow/.local/lib/python3.8/site-packages/airflow/example_dags/example_short_circuit_decorator.py took 0.152 seconds
[2024-10-01T13:22:00.812+0000] {processor.py:161} INFO - Started process (PID=882) to work on /home/airflow/.local/lib/python3.8/site-packages/airflow/example_dags/example_short_circuit_decorator.py
[2024-10-01T13:22:00.814+0000] {processor.py:830} INFO - Processing file /home/airflow/.local/lib/python3.8/site-packages/airflow/example_dags/example_short_circuit_decorator.py for tasks to queue
[2024-10-01T13:22:00.818+0000] {logging_mixin.py:188} INFO - [2024-10-01T13:22:00.817+0000] {dagbag.py:538} INFO - Filling up the DagBag from /home/airflow/.local/lib/python3.8/site-packages/airflow/example_dags/example_short_circuit_decorator.py
[2024-10-01T13:22:00.834+0000] {processor.py:840} INFO - DAG(s) 'example_short_circuit_decorator' retrieved from /home/airflow/.local/lib/python3.8/site-packages/airflow/example_dags/example_short_circuit_decorator.py
[2024-10-01T13:22:00.869+0000] {logging_mixin.py:188} INFO - [2024-10-01T13:22:00.869+0000] {dag.py:3036} INFO - Sync 1 DAGs
[2024-10-01T13:22:00.904+0000] {logging_mixin.py:188} INFO - [2024-10-01T13:22:00.904+0000] {dag.py:3823} INFO - Setting next_dagrun for example_short_circuit_decorator to 2024-09-30 00:00:00+00:00, run_after=2024-10-01 00:00:00+00:00
[2024-10-01T13:22:01.094+0000] {processor.py:183} INFO - Processing /home/airflow/.local/lib/python3.8/site-packages/airflow/example_dags/example_short_circuit_decorator.py took 0.288 seconds
[2024-10-01T13:22:31.840+0000] {processor.py:161} INFO - Started process (PID=938) to work on /home/airflow/.local/lib/python3.8/site-packages/airflow/example_dags/example_short_circuit_decorator.py
[2024-10-01T13:22:31.843+0000] {processor.py:830} INFO - Processing file /home/airflow/.local/lib/python3.8/site-packages/airflow/example_dags/example_short_circuit_decorator.py for tasks to queue
[2024-10-01T13:22:31.847+0000] {logging_mixin.py:188} INFO - [2024-10-01T13:22:31.846+0000] {dagbag.py:538} INFO - Filling up the DagBag from /home/airflow/.local/lib/python3.8/site-packages/airflow/example_dags/example_short_circuit_decorator.py
[2024-10-01T13:22:31.879+0000] {processor.py:840} INFO - DAG(s) 'example_short_circuit_decorator' retrieved from /home/airflow/.local/lib/python3.8/site-packages/airflow/example_dags/example_short_circuit_decorator.py
[2024-10-01T13:22:31.964+0000] {logging_mixin.py:188} INFO - [2024-10-01T13:22:31.963+0000] {dag.py:3036} INFO - Sync 1 DAGs
[2024-10-01T13:22:32.030+0000] {logging_mixin.py:188} INFO - [2024-10-01T13:22:32.030+0000] {dag.py:3823} INFO - Setting next_dagrun for example_short_circuit_decorator to 2024-09-30 00:00:00+00:00, run_after=2024-10-01 00:00:00+00:00
[2024-10-01T13:22:32.211+0000] {processor.py:183} INFO - Processing /home/airflow/.local/lib/python3.8/site-packages/airflow/example_dags/example_short_circuit_decorator.py took 0.378 seconds
[2024-10-01T13:23:02.555+0000] {processor.py:161} INFO - Started process (PID=995) to work on /home/airflow/.local/lib/python3.8/site-packages/airflow/example_dags/example_short_circuit_decorator.py
[2024-10-01T13:23:02.556+0000] {processor.py:830} INFO - Processing file /home/airflow/.local/lib/python3.8/site-packages/airflow/example_dags/example_short_circuit_decorator.py for tasks to queue
[2024-10-01T13:23:02.560+0000] {logging_mixin.py:188} INFO - [2024-10-01T13:23:02.559+0000] {dagbag.py:538} INFO - Filling up the DagBag from /home/airflow/.local/lib/python3.8/site-packages/airflow/example_dags/example_short_circuit_decorator.py
[2024-10-01T13:23:02.574+0000] {processor.py:840} INFO - DAG(s) 'example_short_circuit_decorator' retrieved from /home/airflow/.local/lib/python3.8/site-packages/airflow/example_dags/example_short_circuit_decorator.py
[2024-10-01T13:23:02.612+0000] {logging_mixin.py:188} INFO - [2024-10-01T13:23:02.611+0000] {dag.py:3036} INFO - Sync 1 DAGs
[2024-10-01T13:23:02.652+0000] {logging_mixin.py:188} INFO - [2024-10-01T13:23:02.651+0000] {dag.py:3823} INFO - Setting next_dagrun for example_short_circuit_decorator to 2024-09-30 00:00:00+00:00, run_after=2024-10-01 00:00:00+00:00
[2024-10-01T13:23:02.687+0000] {processor.py:183} INFO - Processing /home/airflow/.local/lib/python3.8/site-packages/airflow/example_dags/example_short_circuit_decorator.py took 0.139 seconds
[2024-10-01T13:23:33.368+0000] {processor.py:161} INFO - Started process (PID=1051) to work on /home/airflow/.local/lib/python3.8/site-packages/airflow/example_dags/example_short_circuit_decorator.py
[2024-10-01T13:23:33.369+0000] {processor.py:830} INFO - Processing file /home/airflow/.local/lib/python3.8/site-packages/airflow/example_dags/example_short_circuit_decorator.py for tasks to queue
[2024-10-01T13:23:33.371+0000] {logging_mixin.py:188} INFO - [2024-10-01T13:23:33.371+0000] {dagbag.py:538} INFO - Filling up the DagBag from /home/airflow/.local/lib/python3.8/site-packages/airflow/example_dags/example_short_circuit_decorator.py
[2024-10-01T13:23:33.397+0000] {processor.py:840} INFO - DAG(s) 'example_short_circuit_decorator' retrieved from /home/airflow/.local/lib/python3.8/site-packages/airflow/example_dags/example_short_circuit_decorator.py
[2024-10-01T13:23:34.478+0000] {logging_mixin.py:188} INFO - [2024-10-01T13:23:34.477+0000] {dag.py:3036} INFO - Sync 1 DAGs
[2024-10-01T13:23:34.568+0000] {logging_mixin.py:188} INFO - [2024-10-01T13:23:34.567+0000] {dag.py:3823} INFO - Setting next_dagrun for example_short_circuit_decorator to 2024-09-30 00:00:00+00:00, run_after=2024-10-01 00:00:00+00:00
[2024-10-01T13:23:34.669+0000] {processor.py:183} INFO - Processing /home/airflow/.local/lib/python3.8/site-packages/airflow/example_dags/example_short_circuit_decorator.py took 1.306 seconds
[2024-10-01T13:24:04.913+0000] {processor.py:161} INFO - Started process (PID=1106) to work on /home/airflow/.local/lib/python3.8/site-packages/airflow/example_dags/example_short_circuit_decorator.py
[2024-10-01T13:24:04.915+0000] {processor.py:830} INFO - Processing file /home/airflow/.local/lib/python3.8/site-packages/airflow/example_dags/example_short_circuit_decorator.py for tasks to queue
[2024-10-01T13:24:04.919+0000] {logging_mixin.py:188} INFO - [2024-10-01T13:24:04.919+0000] {dagbag.py:538} INFO - Filling up the DagBag from /home/airflow/.local/lib/python3.8/site-packages/airflow/example_dags/example_short_circuit_decorator.py
[2024-10-01T13:24:04.941+0000] {processor.py:840} INFO - DAG(s) 'example_short_circuit_decorator' retrieved from /home/airflow/.local/lib/python3.8/site-packages/airflow/example_dags/example_short_circuit_decorator.py
[2024-10-01T13:24:04.992+0000] {logging_mixin.py:188} INFO - [2024-10-01T13:24:04.991+0000] {dag.py:3036} INFO - Sync 1 DAGs
[2024-10-01T13:24:05.056+0000] {logging_mixin.py:188} INFO - [2024-10-01T13:24:05.055+0000] {dag.py:3823} INFO - Setting next_dagrun for example_short_circuit_decorator to 2024-09-30 00:00:00+00:00, run_after=2024-10-01 00:00:00+00:00
[2024-10-01T13:24:05.109+0000] {processor.py:183} INFO - Processing /home/airflow/.local/lib/python3.8/site-packages/airflow/example_dags/example_short_circuit_decorator.py took 0.200 seconds
[2024-10-01T13:24:35.428+0000] {processor.py:161} INFO - Started process (PID=1162) to work on /home/airflow/.local/lib/python3.8/site-packages/airflow/example_dags/example_short_circuit_decorator.py
[2024-10-01T13:24:35.429+0000] {processor.py:830} INFO - Processing file /home/airflow/.local/lib/python3.8/site-packages/airflow/example_dags/example_short_circuit_decorator.py for tasks to queue
[2024-10-01T13:24:35.432+0000] {logging_mixin.py:188} INFO - [2024-10-01T13:24:35.432+0000] {dagbag.py:538} INFO - Filling up the DagBag from /home/airflow/.local/lib/python3.8/site-packages/airflow/example_dags/example_short_circuit_decorator.py
[2024-10-01T13:24:35.446+0000] {processor.py:840} INFO - DAG(s) 'example_short_circuit_decorator' retrieved from /home/airflow/.local/lib/python3.8/site-packages/airflow/example_dags/example_short_circuit_decorator.py
[2024-10-01T13:24:35.482+0000] {logging_mixin.py:188} INFO - [2024-10-01T13:24:35.481+0000] {dag.py:3036} INFO - Sync 1 DAGs
[2024-10-01T13:24:35.520+0000] {logging_mixin.py:188} INFO - [2024-10-01T13:24:35.520+0000] {dag.py:3823} INFO - Setting next_dagrun for example_short_circuit_decorator to 2024-09-30 00:00:00+00:00, run_after=2024-10-01 00:00:00+00:00
[2024-10-01T13:24:35.566+0000] {processor.py:183} INFO - Processing /home/airflow/.local/lib/python3.8/site-packages/airflow/example_dags/example_short_circuit_decorator.py took 0.144 seconds
[2024-10-01T13:25:05.695+0000] {processor.py:161} INFO - Started process (PID=1218) to work on /home/airflow/.local/lib/python3.8/site-packages/airflow/example_dags/example_short_circuit_decorator.py
[2024-10-01T13:25:05.697+0000] {processor.py:830} INFO - Processing file /home/airflow/.local/lib/python3.8/site-packages/airflow/example_dags/example_short_circuit_decorator.py for tasks to queue
[2024-10-01T13:25:05.705+0000] {logging_mixin.py:188} INFO - [2024-10-01T13:25:05.704+0000] {dagbag.py:538} INFO - Filling up the DagBag from /home/airflow/.local/lib/python3.8/site-packages/airflow/example_dags/example_short_circuit_decorator.py
[2024-10-01T13:25:05.724+0000] {processor.py:840} INFO - DAG(s) 'example_short_circuit_decorator' retrieved from /home/airflow/.local/lib/python3.8/site-packages/airflow/example_dags/example_short_circuit_decorator.py
[2024-10-01T13:25:05.766+0000] {logging_mixin.py:188} INFO - [2024-10-01T13:25:05.766+0000] {dag.py:3036} INFO - Sync 1 DAGs
[2024-10-01T13:25:05.863+0000] {logging_mixin.py:188} INFO - [2024-10-01T13:25:05.862+0000] {dag.py:3823} INFO - Setting next_dagrun for example_short_circuit_decorator to 2024-09-30 00:00:00+00:00, run_after=2024-10-01 00:00:00+00:00
[2024-10-01T13:25:05.947+0000] {processor.py:183} INFO - Processing /home/airflow/.local/lib/python3.8/site-packages/airflow/example_dags/example_short_circuit_decorator.py took 0.260 seconds
[2024-10-01T13:25:36.110+0000] {processor.py:161} INFO - Started process (PID=1279) to work on /home/airflow/.local/lib/python3.8/site-packages/airflow/example_dags/example_short_circuit_decorator.py
[2024-10-01T13:25:36.115+0000] {processor.py:830} INFO - Processing file /home/airflow/.local/lib/python3.8/site-packages/airflow/example_dags/example_short_circuit_decorator.py for tasks to queue
[2024-10-01T13:25:36.122+0000] {logging_mixin.py:188} INFO - [2024-10-01T13:25:36.120+0000] {dagbag.py:538} INFO - Filling up the DagBag from /home/airflow/.local/lib/python3.8/site-packages/airflow/example_dags/example_short_circuit_decorator.py
[2024-10-01T13:25:36.160+0000] {processor.py:840} INFO - DAG(s) 'example_short_circuit_decorator' retrieved from /home/airflow/.local/lib/python3.8/site-packages/airflow/example_dags/example_short_circuit_decorator.py
[2024-10-01T13:25:36.321+0000] {logging_mixin.py:188} INFO - [2024-10-01T13:25:36.320+0000] {dag.py:3036} INFO - Sync 1 DAGs
[2024-10-01T13:25:36.492+0000] {logging_mixin.py:188} INFO - [2024-10-01T13:25:36.492+0000] {dag.py:3823} INFO - Setting next_dagrun for example_short_circuit_decorator to 2024-09-30 00:00:00+00:00, run_after=2024-10-01 00:00:00+00:00
[2024-10-01T13:25:36.621+0000] {processor.py:183} INFO - Processing /home/airflow/.local/lib/python3.8/site-packages/airflow/example_dags/example_short_circuit_decorator.py took 0.520 seconds
