[2024-10-01T13:14:49.945+0000] {processor.py:161} INFO - Started process (PID=93) to work on /home/airflow/.local/lib/python3.8/site-packages/airflow/example_dags/example_nested_branch_dag.py
[2024-10-01T13:14:49.947+0000] {processor.py:830} INFO - Processing file /home/airflow/.local/lib/python3.8/site-packages/airflow/example_dags/example_nested_branch_dag.py for tasks to queue
[2024-10-01T13:14:49.951+0000] {logging_mixin.py:188} INFO - [2024-10-01T13:14:49.950+0000] {dagbag.py:538} INFO - Filling up the DagBag from /home/airflow/.local/lib/python3.8/site-packages/airflow/example_dags/example_nested_branch_dag.py
[2024-10-01T13:14:49.980+0000] {processor.py:840} INFO - DAG(s) 'example_nested_branch_dag' retrieved from /home/airflow/.local/lib/python3.8/site-packages/airflow/example_dags/example_nested_branch_dag.py
[2024-10-01T13:14:50.319+0000] {logging_mixin.py:188} INFO - [2024-10-01T13:14:50.318+0000] {dag.py:3036} INFO - Sync 1 DAGs
[2024-10-01T13:14:50.398+0000] {logging_mixin.py:188} INFO - [2024-10-01T13:14:50.398+0000] {dag.py:3823} INFO - Setting next_dagrun for example_nested_branch_dag to 2024-09-30 00:00:00+00:00, run_after=2024-10-01 00:00:00+00:00
[2024-10-01T13:14:50.474+0000] {processor.py:183} INFO - Processing /home/airflow/.local/lib/python3.8/site-packages/airflow/example_dags/example_nested_branch_dag.py took 0.533 seconds
[2024-10-01T13:15:20.904+0000] {processor.py:161} INFO - Started process (PID=149) to work on /home/airflow/.local/lib/python3.8/site-packages/airflow/example_dags/example_nested_branch_dag.py
[2024-10-01T13:15:20.905+0000] {processor.py:830} INFO - Processing file /home/airflow/.local/lib/python3.8/site-packages/airflow/example_dags/example_nested_branch_dag.py for tasks to queue
[2024-10-01T13:15:20.908+0000] {logging_mixin.py:188} INFO - [2024-10-01T13:15:20.907+0000] {dagbag.py:538} INFO - Filling up the DagBag from /home/airflow/.local/lib/python3.8/site-packages/airflow/example_dags/example_nested_branch_dag.py
[2024-10-01T13:15:20.919+0000] {processor.py:840} INFO - DAG(s) 'example_nested_branch_dag' retrieved from /home/airflow/.local/lib/python3.8/site-packages/airflow/example_dags/example_nested_branch_dag.py
[2024-10-01T13:15:20.942+0000] {logging_mixin.py:188} INFO - [2024-10-01T13:15:20.942+0000] {dag.py:3036} INFO - Sync 1 DAGs
[2024-10-01T13:15:20.968+0000] {logging_mixin.py:188} INFO - [2024-10-01T13:15:20.968+0000] {dag.py:3823} INFO - Setting next_dagrun for example_nested_branch_dag to 2024-09-30 00:00:00+00:00, run_after=2024-10-01 00:00:00+00:00
[2024-10-01T13:15:21.001+0000] {processor.py:183} INFO - Processing /home/airflow/.local/lib/python3.8/site-packages/airflow/example_dags/example_nested_branch_dag.py took 0.100 seconds
[2024-10-01T13:15:51.084+0000] {processor.py:161} INFO - Started process (PID=205) to work on /home/airflow/.local/lib/python3.8/site-packages/airflow/example_dags/example_nested_branch_dag.py
[2024-10-01T13:15:51.085+0000] {processor.py:830} INFO - Processing file /home/airflow/.local/lib/python3.8/site-packages/airflow/example_dags/example_nested_branch_dag.py for tasks to queue
[2024-10-01T13:15:51.087+0000] {logging_mixin.py:188} INFO - [2024-10-01T13:15:51.087+0000] {dagbag.py:538} INFO - Filling up the DagBag from /home/airflow/.local/lib/python3.8/site-packages/airflow/example_dags/example_nested_branch_dag.py
[2024-10-01T13:15:51.098+0000] {processor.py:840} INFO - DAG(s) 'example_nested_branch_dag' retrieved from /home/airflow/.local/lib/python3.8/site-packages/airflow/example_dags/example_nested_branch_dag.py
[2024-10-01T13:15:51.123+0000] {logging_mixin.py:188} INFO - [2024-10-01T13:15:51.123+0000] {dag.py:3036} INFO - Sync 1 DAGs
[2024-10-01T13:15:51.156+0000] {logging_mixin.py:188} INFO - [2024-10-01T13:15:51.156+0000] {dag.py:3823} INFO - Setting next_dagrun for example_nested_branch_dag to 2024-09-30 00:00:00+00:00, run_after=2024-10-01 00:00:00+00:00
[2024-10-01T13:15:51.186+0000] {processor.py:183} INFO - Processing /home/airflow/.local/lib/python3.8/site-packages/airflow/example_dags/example_nested_branch_dag.py took 0.106 seconds
[2024-10-01T13:16:21.412+0000] {processor.py:161} INFO - Started process (PID=260) to work on /home/airflow/.local/lib/python3.8/site-packages/airflow/example_dags/example_nested_branch_dag.py
[2024-10-01T13:16:21.414+0000] {processor.py:830} INFO - Processing file /home/airflow/.local/lib/python3.8/site-packages/airflow/example_dags/example_nested_branch_dag.py for tasks to queue
[2024-10-01T13:16:21.417+0000] {logging_mixin.py:188} INFO - [2024-10-01T13:16:21.416+0000] {dagbag.py:538} INFO - Filling up the DagBag from /home/airflow/.local/lib/python3.8/site-packages/airflow/example_dags/example_nested_branch_dag.py
[2024-10-01T13:16:21.434+0000] {processor.py:840} INFO - DAG(s) 'example_nested_branch_dag' retrieved from /home/airflow/.local/lib/python3.8/site-packages/airflow/example_dags/example_nested_branch_dag.py
[2024-10-01T13:16:21.460+0000] {logging_mixin.py:188} INFO - [2024-10-01T13:16:21.459+0000] {dag.py:3036} INFO - Sync 1 DAGs
[2024-10-01T13:16:21.495+0000] {logging_mixin.py:188} INFO - [2024-10-01T13:16:21.495+0000] {dag.py:3823} INFO - Setting next_dagrun for example_nested_branch_dag to 2024-09-30 00:00:00+00:00, run_after=2024-10-01 00:00:00+00:00
[2024-10-01T13:16:21.533+0000] {processor.py:183} INFO - Processing /home/airflow/.local/lib/python3.8/site-packages/airflow/example_dags/example_nested_branch_dag.py took 0.126 seconds
[2024-10-01T13:16:51.620+0000] {processor.py:161} INFO - Started process (PID=316) to work on /home/airflow/.local/lib/python3.8/site-packages/airflow/example_dags/example_nested_branch_dag.py
[2024-10-01T13:16:51.621+0000] {processor.py:830} INFO - Processing file /home/airflow/.local/lib/python3.8/site-packages/airflow/example_dags/example_nested_branch_dag.py for tasks to queue
[2024-10-01T13:16:51.623+0000] {logging_mixin.py:188} INFO - [2024-10-01T13:16:51.623+0000] {dagbag.py:538} INFO - Filling up the DagBag from /home/airflow/.local/lib/python3.8/site-packages/airflow/example_dags/example_nested_branch_dag.py
[2024-10-01T13:16:51.634+0000] {processor.py:840} INFO - DAG(s) 'example_nested_branch_dag' retrieved from /home/airflow/.local/lib/python3.8/site-packages/airflow/example_dags/example_nested_branch_dag.py
[2024-10-01T13:16:51.656+0000] {logging_mixin.py:188} INFO - [2024-10-01T13:16:51.656+0000] {dag.py:3036} INFO - Sync 1 DAGs
[2024-10-01T13:16:51.682+0000] {logging_mixin.py:188} INFO - [2024-10-01T13:16:51.682+0000] {dag.py:3823} INFO - Setting next_dagrun for example_nested_branch_dag to 2024-09-30 00:00:00+00:00, run_after=2024-10-01 00:00:00+00:00
[2024-10-01T13:16:51.716+0000] {processor.py:183} INFO - Processing /home/airflow/.local/lib/python3.8/site-packages/airflow/example_dags/example_nested_branch_dag.py took 0.100 seconds
[2024-10-01T13:17:22.146+0000] {processor.py:161} INFO - Started process (PID=372) to work on /home/airflow/.local/lib/python3.8/site-packages/airflow/example_dags/example_nested_branch_dag.py
[2024-10-01T13:17:22.150+0000] {processor.py:830} INFO - Processing file /home/airflow/.local/lib/python3.8/site-packages/airflow/example_dags/example_nested_branch_dag.py for tasks to queue
[2024-10-01T13:17:22.164+0000] {logging_mixin.py:188} INFO - [2024-10-01T13:17:22.163+0000] {dagbag.py:538} INFO - Filling up the DagBag from /home/airflow/.local/lib/python3.8/site-packages/airflow/example_dags/example_nested_branch_dag.py
[2024-10-01T13:17:22.205+0000] {processor.py:840} INFO - DAG(s) 'example_nested_branch_dag' retrieved from /home/airflow/.local/lib/python3.8/site-packages/airflow/example_dags/example_nested_branch_dag.py
[2024-10-01T13:17:22.245+0000] {logging_mixin.py:188} INFO - [2024-10-01T13:17:22.244+0000] {dag.py:3036} INFO - Sync 1 DAGs
[2024-10-01T13:17:22.293+0000] {logging_mixin.py:188} INFO - [2024-10-01T13:17:22.293+0000] {dag.py:3823} INFO - Setting next_dagrun for example_nested_branch_dag to 2024-09-30 00:00:00+00:00, run_after=2024-10-01 00:00:00+00:00
[2024-10-01T13:17:22.337+0000] {processor.py:183} INFO - Processing /home/airflow/.local/lib/python3.8/site-packages/airflow/example_dags/example_nested_branch_dag.py took 0.199 seconds
[2024-10-01T13:17:53.329+0000] {processor.py:161} INFO - Started process (PID=428) to work on /home/airflow/.local/lib/python3.8/site-packages/airflow/example_dags/example_nested_branch_dag.py
[2024-10-01T13:17:53.330+0000] {processor.py:830} INFO - Processing file /home/airflow/.local/lib/python3.8/site-packages/airflow/example_dags/example_nested_branch_dag.py for tasks to queue
[2024-10-01T13:17:53.332+0000] {logging_mixin.py:188} INFO - [2024-10-01T13:17:53.332+0000] {dagbag.py:538} INFO - Filling up the DagBag from /home/airflow/.local/lib/python3.8/site-packages/airflow/example_dags/example_nested_branch_dag.py
[2024-10-01T13:17:53.342+0000] {processor.py:840} INFO - DAG(s) 'example_nested_branch_dag' retrieved from /home/airflow/.local/lib/python3.8/site-packages/airflow/example_dags/example_nested_branch_dag.py
[2024-10-01T13:17:53.369+0000] {logging_mixin.py:188} INFO - [2024-10-01T13:17:53.368+0000] {dag.py:3036} INFO - Sync 1 DAGs
[2024-10-01T13:17:53.397+0000] {logging_mixin.py:188} INFO - [2024-10-01T13:17:53.397+0000] {dag.py:3823} INFO - Setting next_dagrun for example_nested_branch_dag to 2024-09-30 00:00:00+00:00, run_after=2024-10-01 00:00:00+00:00
[2024-10-01T13:17:53.468+0000] {processor.py:183} INFO - Processing /home/airflow/.local/lib/python3.8/site-packages/airflow/example_dags/example_nested_branch_dag.py took 0.144 seconds
[2024-10-01T13:18:23.642+0000] {processor.py:161} INFO - Started process (PID=484) to work on /home/airflow/.local/lib/python3.8/site-packages/airflow/example_dags/example_nested_branch_dag.py
[2024-10-01T13:18:23.644+0000] {processor.py:830} INFO - Processing file /home/airflow/.local/lib/python3.8/site-packages/airflow/example_dags/example_nested_branch_dag.py for tasks to queue
[2024-10-01T13:18:23.646+0000] {logging_mixin.py:188} INFO - [2024-10-01T13:18:23.645+0000] {dagbag.py:538} INFO - Filling up the DagBag from /home/airflow/.local/lib/python3.8/site-packages/airflow/example_dags/example_nested_branch_dag.py
[2024-10-01T13:18:23.661+0000] {processor.py:840} INFO - DAG(s) 'example_nested_branch_dag' retrieved from /home/airflow/.local/lib/python3.8/site-packages/airflow/example_dags/example_nested_branch_dag.py
[2024-10-01T13:18:23.685+0000] {logging_mixin.py:188} INFO - [2024-10-01T13:18:23.685+0000] {dag.py:3036} INFO - Sync 1 DAGs
[2024-10-01T13:18:23.715+0000] {logging_mixin.py:188} INFO - [2024-10-01T13:18:23.715+0000] {dag.py:3823} INFO - Setting next_dagrun for example_nested_branch_dag to 2024-09-30 00:00:00+00:00, run_after=2024-10-01 00:00:00+00:00
[2024-10-01T13:18:23.753+0000] {processor.py:183} INFO - Processing /home/airflow/.local/lib/python3.8/site-packages/airflow/example_dags/example_nested_branch_dag.py took 0.114 seconds
[2024-10-01T13:18:54.014+0000] {processor.py:161} INFO - Started process (PID=540) to work on /home/airflow/.local/lib/python3.8/site-packages/airflow/example_dags/example_nested_branch_dag.py
[2024-10-01T13:18:54.015+0000] {processor.py:830} INFO - Processing file /home/airflow/.local/lib/python3.8/site-packages/airflow/example_dags/example_nested_branch_dag.py for tasks to queue
[2024-10-01T13:18:54.017+0000] {logging_mixin.py:188} INFO - [2024-10-01T13:18:54.016+0000] {dagbag.py:538} INFO - Filling up the DagBag from /home/airflow/.local/lib/python3.8/site-packages/airflow/example_dags/example_nested_branch_dag.py
[2024-10-01T13:18:54.029+0000] {processor.py:840} INFO - DAG(s) 'example_nested_branch_dag' retrieved from /home/airflow/.local/lib/python3.8/site-packages/airflow/example_dags/example_nested_branch_dag.py
[2024-10-01T13:18:54.056+0000] {logging_mixin.py:188} INFO - [2024-10-01T13:18:54.055+0000] {dag.py:3036} INFO - Sync 1 DAGs
[2024-10-01T13:18:54.081+0000] {logging_mixin.py:188} INFO - [2024-10-01T13:18:54.081+0000] {dag.py:3823} INFO - Setting next_dagrun for example_nested_branch_dag to 2024-09-30 00:00:00+00:00, run_after=2024-10-01 00:00:00+00:00
[2024-10-01T13:18:54.135+0000] {processor.py:183} INFO - Processing /home/airflow/.local/lib/python3.8/site-packages/airflow/example_dags/example_nested_branch_dag.py took 0.124 seconds
[2024-10-01T13:19:24.932+0000] {processor.py:161} INFO - Started process (PID=596) to work on /home/airflow/.local/lib/python3.8/site-packages/airflow/example_dags/example_nested_branch_dag.py
[2024-10-01T13:19:24.933+0000] {processor.py:830} INFO - Processing file /home/airflow/.local/lib/python3.8/site-packages/airflow/example_dags/example_nested_branch_dag.py for tasks to queue
[2024-10-01T13:19:24.935+0000] {logging_mixin.py:188} INFO - [2024-10-01T13:19:24.935+0000] {dagbag.py:538} INFO - Filling up the DagBag from /home/airflow/.local/lib/python3.8/site-packages/airflow/example_dags/example_nested_branch_dag.py
[2024-10-01T13:19:24.947+0000] {processor.py:840} INFO - DAG(s) 'example_nested_branch_dag' retrieved from /home/airflow/.local/lib/python3.8/site-packages/airflow/example_dags/example_nested_branch_dag.py
[2024-10-01T13:19:24.975+0000] {logging_mixin.py:188} INFO - [2024-10-01T13:19:24.975+0000] {dag.py:3036} INFO - Sync 1 DAGs
[2024-10-01T13:19:25.004+0000] {logging_mixin.py:188} INFO - [2024-10-01T13:19:25.004+0000] {dag.py:3823} INFO - Setting next_dagrun for example_nested_branch_dag to 2024-09-30 00:00:00+00:00, run_after=2024-10-01 00:00:00+00:00
[2024-10-01T13:19:25.040+0000] {processor.py:183} INFO - Processing /home/airflow/.local/lib/python3.8/site-packages/airflow/example_dags/example_nested_branch_dag.py took 0.112 seconds
[2024-10-01T13:19:55.339+0000] {processor.py:161} INFO - Started process (PID=652) to work on /home/airflow/.local/lib/python3.8/site-packages/airflow/example_dags/example_nested_branch_dag.py
[2024-10-01T13:19:55.340+0000] {processor.py:830} INFO - Processing file /home/airflow/.local/lib/python3.8/site-packages/airflow/example_dags/example_nested_branch_dag.py for tasks to queue
[2024-10-01T13:19:55.342+0000] {logging_mixin.py:188} INFO - [2024-10-01T13:19:55.342+0000] {dagbag.py:538} INFO - Filling up the DagBag from /home/airflow/.local/lib/python3.8/site-packages/airflow/example_dags/example_nested_branch_dag.py
[2024-10-01T13:19:55.352+0000] {processor.py:840} INFO - DAG(s) 'example_nested_branch_dag' retrieved from /home/airflow/.local/lib/python3.8/site-packages/airflow/example_dags/example_nested_branch_dag.py
[2024-10-01T13:19:55.376+0000] {logging_mixin.py:188} INFO - [2024-10-01T13:19:55.375+0000] {dag.py:3036} INFO - Sync 1 DAGs
[2024-10-01T13:19:55.401+0000] {logging_mixin.py:188} INFO - [2024-10-01T13:19:55.401+0000] {dag.py:3823} INFO - Setting next_dagrun for example_nested_branch_dag to 2024-09-30 00:00:00+00:00, run_after=2024-10-01 00:00:00+00:00
[2024-10-01T13:19:55.459+0000] {processor.py:183} INFO - Processing /home/airflow/.local/lib/python3.8/site-packages/airflow/example_dags/example_nested_branch_dag.py took 0.123 seconds
[2024-10-01T13:20:25.983+0000] {processor.py:161} INFO - Started process (PID=708) to work on /home/airflow/.local/lib/python3.8/site-packages/airflow/example_dags/example_nested_branch_dag.py
[2024-10-01T13:20:25.984+0000] {processor.py:830} INFO - Processing file /home/airflow/.local/lib/python3.8/site-packages/airflow/example_dags/example_nested_branch_dag.py for tasks to queue
[2024-10-01T13:20:25.987+0000] {logging_mixin.py:188} INFO - [2024-10-01T13:20:25.986+0000] {dagbag.py:538} INFO - Filling up the DagBag from /home/airflow/.local/lib/python3.8/site-packages/airflow/example_dags/example_nested_branch_dag.py
[2024-10-01T13:20:26.001+0000] {processor.py:840} INFO - DAG(s) 'example_nested_branch_dag' retrieved from /home/airflow/.local/lib/python3.8/site-packages/airflow/example_dags/example_nested_branch_dag.py
[2024-10-01T13:20:26.026+0000] {logging_mixin.py:188} INFO - [2024-10-01T13:20:26.026+0000] {dag.py:3036} INFO - Sync 1 DAGs
[2024-10-01T13:20:26.056+0000] {logging_mixin.py:188} INFO - [2024-10-01T13:20:26.056+0000] {dag.py:3823} INFO - Setting next_dagrun for example_nested_branch_dag to 2024-09-30 00:00:00+00:00, run_after=2024-10-01 00:00:00+00:00
[2024-10-01T13:20:26.092+0000] {processor.py:183} INFO - Processing /home/airflow/.local/lib/python3.8/site-packages/airflow/example_dags/example_nested_branch_dag.py took 0.112 seconds
[2024-10-01T13:20:56.406+0000] {processor.py:161} INFO - Started process (PID=764) to work on /home/airflow/.local/lib/python3.8/site-packages/airflow/example_dags/example_nested_branch_dag.py
[2024-10-01T13:20:56.407+0000] {processor.py:830} INFO - Processing file /home/airflow/.local/lib/python3.8/site-packages/airflow/example_dags/example_nested_branch_dag.py for tasks to queue
[2024-10-01T13:20:56.409+0000] {logging_mixin.py:188} INFO - [2024-10-01T13:20:56.409+0000] {dagbag.py:538} INFO - Filling up the DagBag from /home/airflow/.local/lib/python3.8/site-packages/airflow/example_dags/example_nested_branch_dag.py
[2024-10-01T13:20:56.425+0000] {processor.py:840} INFO - DAG(s) 'example_nested_branch_dag' retrieved from /home/airflow/.local/lib/python3.8/site-packages/airflow/example_dags/example_nested_branch_dag.py
[2024-10-01T13:20:56.452+0000] {logging_mixin.py:188} INFO - [2024-10-01T13:20:56.452+0000] {dag.py:3036} INFO - Sync 1 DAGs
[2024-10-01T13:20:56.486+0000] {logging_mixin.py:188} INFO - [2024-10-01T13:20:56.486+0000] {dag.py:3823} INFO - Setting next_dagrun for example_nested_branch_dag to 2024-09-30 00:00:00+00:00, run_after=2024-10-01 00:00:00+00:00
[2024-10-01T13:20:56.533+0000] {processor.py:183} INFO - Processing /home/airflow/.local/lib/python3.8/site-packages/airflow/example_dags/example_nested_branch_dag.py took 0.131 seconds
[2024-10-01T13:21:27.078+0000] {processor.py:161} INFO - Started process (PID=820) to work on /home/airflow/.local/lib/python3.8/site-packages/airflow/example_dags/example_nested_branch_dag.py
[2024-10-01T13:21:27.079+0000] {processor.py:830} INFO - Processing file /home/airflow/.local/lib/python3.8/site-packages/airflow/example_dags/example_nested_branch_dag.py for tasks to queue
[2024-10-01T13:21:27.082+0000] {logging_mixin.py:188} INFO - [2024-10-01T13:21:27.082+0000] {dagbag.py:538} INFO - Filling up the DagBag from /home/airflow/.local/lib/python3.8/site-packages/airflow/example_dags/example_nested_branch_dag.py
[2024-10-01T13:21:27.098+0000] {processor.py:840} INFO - DAG(s) 'example_nested_branch_dag' retrieved from /home/airflow/.local/lib/python3.8/site-packages/airflow/example_dags/example_nested_branch_dag.py
[2024-10-01T13:21:27.130+0000] {logging_mixin.py:188} INFO - [2024-10-01T13:21:27.130+0000] {dag.py:3036} INFO - Sync 1 DAGs
[2024-10-01T13:21:27.172+0000] {logging_mixin.py:188} INFO - [2024-10-01T13:21:27.171+0000] {dag.py:3823} INFO - Setting next_dagrun for example_nested_branch_dag to 2024-09-30 00:00:00+00:00, run_after=2024-10-01 00:00:00+00:00
[2024-10-01T13:21:27.219+0000] {processor.py:183} INFO - Processing /home/airflow/.local/lib/python3.8/site-packages/airflow/example_dags/example_nested_branch_dag.py took 0.144 seconds
[2024-10-01T13:21:58.029+0000] {processor.py:161} INFO - Started process (PID=876) to work on /home/airflow/.local/lib/python3.8/site-packages/airflow/example_dags/example_nested_branch_dag.py
[2024-10-01T13:21:58.031+0000] {processor.py:830} INFO - Processing file /home/airflow/.local/lib/python3.8/site-packages/airflow/example_dags/example_nested_branch_dag.py for tasks to queue
[2024-10-01T13:21:58.034+0000] {logging_mixin.py:188} INFO - [2024-10-01T13:21:58.033+0000] {dagbag.py:538} INFO - Filling up the DagBag from /home/airflow/.local/lib/python3.8/site-packages/airflow/example_dags/example_nested_branch_dag.py
[2024-10-01T13:21:58.045+0000] {processor.py:840} INFO - DAG(s) 'example_nested_branch_dag' retrieved from /home/airflow/.local/lib/python3.8/site-packages/airflow/example_dags/example_nested_branch_dag.py
[2024-10-01T13:21:58.075+0000] {logging_mixin.py:188} INFO - [2024-10-01T13:21:58.074+0000] {dag.py:3036} INFO - Sync 1 DAGs
[2024-10-01T13:21:58.122+0000] {logging_mixin.py:188} INFO - [2024-10-01T13:21:58.122+0000] {dag.py:3823} INFO - Setting next_dagrun for example_nested_branch_dag to 2024-09-30 00:00:00+00:00, run_after=2024-10-01 00:00:00+00:00
[2024-10-01T13:21:58.165+0000] {processor.py:183} INFO - Processing /home/airflow/.local/lib/python3.8/site-packages/airflow/example_dags/example_nested_branch_dag.py took 0.139 seconds
[2024-10-01T13:22:29.329+0000] {processor.py:161} INFO - Started process (PID=932) to work on /home/airflow/.local/lib/python3.8/site-packages/airflow/example_dags/example_nested_branch_dag.py
[2024-10-01T13:22:29.330+0000] {processor.py:830} INFO - Processing file /home/airflow/.local/lib/python3.8/site-packages/airflow/example_dags/example_nested_branch_dag.py for tasks to queue
[2024-10-01T13:22:29.333+0000] {logging_mixin.py:188} INFO - [2024-10-01T13:22:29.332+0000] {dagbag.py:538} INFO - Filling up the DagBag from /home/airflow/.local/lib/python3.8/site-packages/airflow/example_dags/example_nested_branch_dag.py
[2024-10-01T13:22:29.349+0000] {processor.py:840} INFO - DAG(s) 'example_nested_branch_dag' retrieved from /home/airflow/.local/lib/python3.8/site-packages/airflow/example_dags/example_nested_branch_dag.py
[2024-10-01T13:22:29.391+0000] {logging_mixin.py:188} INFO - [2024-10-01T13:22:29.391+0000] {dag.py:3036} INFO - Sync 1 DAGs
[2024-10-01T13:22:29.444+0000] {logging_mixin.py:188} INFO - [2024-10-01T13:22:29.444+0000] {dag.py:3823} INFO - Setting next_dagrun for example_nested_branch_dag to 2024-09-30 00:00:00+00:00, run_after=2024-10-01 00:00:00+00:00
[2024-10-01T13:22:29.498+0000] {processor.py:183} INFO - Processing /home/airflow/.local/lib/python3.8/site-packages/airflow/example_dags/example_nested_branch_dag.py took 0.174 seconds
[2024-10-01T13:22:59.793+0000] {processor.py:161} INFO - Started process (PID=989) to work on /home/airflow/.local/lib/python3.8/site-packages/airflow/example_dags/example_nested_branch_dag.py
[2024-10-01T13:22:59.797+0000] {processor.py:830} INFO - Processing file /home/airflow/.local/lib/python3.8/site-packages/airflow/example_dags/example_nested_branch_dag.py for tasks to queue
[2024-10-01T13:22:59.801+0000] {logging_mixin.py:188} INFO - [2024-10-01T13:22:59.800+0000] {dagbag.py:538} INFO - Filling up the DagBag from /home/airflow/.local/lib/python3.8/site-packages/airflow/example_dags/example_nested_branch_dag.py
[2024-10-01T13:22:59.829+0000] {processor.py:840} INFO - DAG(s) 'example_nested_branch_dag' retrieved from /home/airflow/.local/lib/python3.8/site-packages/airflow/example_dags/example_nested_branch_dag.py
[2024-10-01T13:22:59.875+0000] {logging_mixin.py:188} INFO - [2024-10-01T13:22:59.874+0000] {dag.py:3036} INFO - Sync 1 DAGs
[2024-10-01T13:22:59.940+0000] {logging_mixin.py:188} INFO - [2024-10-01T13:22:59.939+0000] {dag.py:3823} INFO - Setting next_dagrun for example_nested_branch_dag to 2024-09-30 00:00:00+00:00, run_after=2024-10-01 00:00:00+00:00
[2024-10-01T13:23:00.026+0000] {processor.py:183} INFO - Processing /home/airflow/.local/lib/python3.8/site-packages/airflow/example_dags/example_nested_branch_dag.py took 0.241 seconds
[2024-10-01T13:23:30.849+0000] {processor.py:161} INFO - Started process (PID=1045) to work on /home/airflow/.local/lib/python3.8/site-packages/airflow/example_dags/example_nested_branch_dag.py
[2024-10-01T13:23:30.851+0000] {processor.py:830} INFO - Processing file /home/airflow/.local/lib/python3.8/site-packages/airflow/example_dags/example_nested_branch_dag.py for tasks to queue
[2024-10-01T13:23:30.854+0000] {logging_mixin.py:188} INFO - [2024-10-01T13:23:30.854+0000] {dagbag.py:538} INFO - Filling up the DagBag from /home/airflow/.local/lib/python3.8/site-packages/airflow/example_dags/example_nested_branch_dag.py
[2024-10-01T13:23:30.868+0000] {processor.py:840} INFO - DAG(s) 'example_nested_branch_dag' retrieved from /home/airflow/.local/lib/python3.8/site-packages/airflow/example_dags/example_nested_branch_dag.py
[2024-10-01T13:23:30.905+0000] {logging_mixin.py:188} INFO - [2024-10-01T13:23:30.905+0000] {dag.py:3036} INFO - Sync 1 DAGs
[2024-10-01T13:23:30.982+0000] {logging_mixin.py:188} INFO - [2024-10-01T13:23:30.981+0000] {dag.py:3823} INFO - Setting next_dagrun for example_nested_branch_dag to 2024-09-30 00:00:00+00:00, run_after=2024-10-01 00:00:00+00:00
[2024-10-01T13:23:31.057+0000] {processor.py:183} INFO - Processing /home/airflow/.local/lib/python3.8/site-packages/airflow/example_dags/example_nested_branch_dag.py took 0.217 seconds
[2024-10-01T13:24:01.467+0000] {processor.py:161} INFO - Started process (PID=1101) to work on /home/airflow/.local/lib/python3.8/site-packages/airflow/example_dags/example_nested_branch_dag.py
[2024-10-01T13:24:01.468+0000] {processor.py:830} INFO - Processing file /home/airflow/.local/lib/python3.8/site-packages/airflow/example_dags/example_nested_branch_dag.py for tasks to queue
[2024-10-01T13:24:01.471+0000] {logging_mixin.py:188} INFO - [2024-10-01T13:24:01.470+0000] {dagbag.py:538} INFO - Filling up the DagBag from /home/airflow/.local/lib/python3.8/site-packages/airflow/example_dags/example_nested_branch_dag.py
[2024-10-01T13:24:01.483+0000] {processor.py:840} INFO - DAG(s) 'example_nested_branch_dag' retrieved from /home/airflow/.local/lib/python3.8/site-packages/airflow/example_dags/example_nested_branch_dag.py
[2024-10-01T13:24:01.509+0000] {logging_mixin.py:188} INFO - [2024-10-01T13:24:01.509+0000] {dag.py:3036} INFO - Sync 1 DAGs
[2024-10-01T13:24:01.560+0000] {logging_mixin.py:188} INFO - [2024-10-01T13:24:01.559+0000] {dag.py:3823} INFO - Setting next_dagrun for example_nested_branch_dag to 2024-09-30 00:00:00+00:00, run_after=2024-10-01 00:00:00+00:00
[2024-10-01T13:24:01.726+0000] {processor.py:183} INFO - Processing /home/airflow/.local/lib/python3.8/site-packages/airflow/example_dags/example_nested_branch_dag.py took 0.262 seconds
[2024-10-01T13:24:31.947+0000] {processor.py:161} INFO - Started process (PID=1157) to work on /home/airflow/.local/lib/python3.8/site-packages/airflow/example_dags/example_nested_branch_dag.py
[2024-10-01T13:24:31.949+0000] {processor.py:830} INFO - Processing file /home/airflow/.local/lib/python3.8/site-packages/airflow/example_dags/example_nested_branch_dag.py for tasks to queue
[2024-10-01T13:24:31.956+0000] {logging_mixin.py:188} INFO - [2024-10-01T13:24:31.953+0000] {dagbag.py:538} INFO - Filling up the DagBag from /home/airflow/.local/lib/python3.8/site-packages/airflow/example_dags/example_nested_branch_dag.py
[2024-10-01T13:24:31.973+0000] {processor.py:840} INFO - DAG(s) 'example_nested_branch_dag' retrieved from /home/airflow/.local/lib/python3.8/site-packages/airflow/example_dags/example_nested_branch_dag.py
[2024-10-01T13:24:32.003+0000] {logging_mixin.py:188} INFO - [2024-10-01T13:24:32.002+0000] {dag.py:3036} INFO - Sync 1 DAGs
[2024-10-01T13:24:32.036+0000] {logging_mixin.py:188} INFO - [2024-10-01T13:24:32.036+0000] {dag.py:3823} INFO - Setting next_dagrun for example_nested_branch_dag to 2024-09-30 00:00:00+00:00, run_after=2024-10-01 00:00:00+00:00
[2024-10-01T13:24:32.172+0000] {processor.py:183} INFO - Processing /home/airflow/.local/lib/python3.8/site-packages/airflow/example_dags/example_nested_branch_dag.py took 0.229 seconds
[2024-10-01T13:25:02.229+0000] {processor.py:161} INFO - Started process (PID=1213) to work on /home/airflow/.local/lib/python3.8/site-packages/airflow/example_dags/example_nested_branch_dag.py
[2024-10-01T13:25:02.230+0000] {processor.py:830} INFO - Processing file /home/airflow/.local/lib/python3.8/site-packages/airflow/example_dags/example_nested_branch_dag.py for tasks to queue
[2024-10-01T13:25:02.234+0000] {logging_mixin.py:188} INFO - [2024-10-01T13:25:02.234+0000] {dagbag.py:538} INFO - Filling up the DagBag from /home/airflow/.local/lib/python3.8/site-packages/airflow/example_dags/example_nested_branch_dag.py
[2024-10-01T13:25:02.246+0000] {processor.py:840} INFO - DAG(s) 'example_nested_branch_dag' retrieved from /home/airflow/.local/lib/python3.8/site-packages/airflow/example_dags/example_nested_branch_dag.py
[2024-10-01T13:25:02.272+0000] {logging_mixin.py:188} INFO - [2024-10-01T13:25:02.272+0000] {dag.py:3036} INFO - Sync 1 DAGs
[2024-10-01T13:25:02.370+0000] {logging_mixin.py:188} INFO - [2024-10-01T13:25:02.370+0000] {dag.py:3823} INFO - Setting next_dagrun for example_nested_branch_dag to 2024-09-30 00:00:00+00:00, run_after=2024-10-01 00:00:00+00:00
[2024-10-01T13:25:02.412+0000] {processor.py:183} INFO - Processing /home/airflow/.local/lib/python3.8/site-packages/airflow/example_dags/example_nested_branch_dag.py took 0.187 seconds
[2024-10-01T13:25:32.724+0000] {processor.py:161} INFO - Started process (PID=1268) to work on /home/airflow/.local/lib/python3.8/site-packages/airflow/example_dags/example_nested_branch_dag.py
[2024-10-01T13:25:32.727+0000] {processor.py:830} INFO - Processing file /home/airflow/.local/lib/python3.8/site-packages/airflow/example_dags/example_nested_branch_dag.py for tasks to queue
[2024-10-01T13:25:32.737+0000] {logging_mixin.py:188} INFO - [2024-10-01T13:25:32.735+0000] {dagbag.py:538} INFO - Filling up the DagBag from /home/airflow/.local/lib/python3.8/site-packages/airflow/example_dags/example_nested_branch_dag.py
[2024-10-01T13:25:32.808+0000] {processor.py:840} INFO - DAG(s) 'example_nested_branch_dag' retrieved from /home/airflow/.local/lib/python3.8/site-packages/airflow/example_dags/example_nested_branch_dag.py
[2024-10-01T13:25:32.882+0000] {logging_mixin.py:188} INFO - [2024-10-01T13:25:32.881+0000] {dag.py:3036} INFO - Sync 1 DAGs
[2024-10-01T13:25:32.977+0000] {logging_mixin.py:188} INFO - [2024-10-01T13:25:32.976+0000] {dag.py:3823} INFO - Setting next_dagrun for example_nested_branch_dag to 2024-09-30 00:00:00+00:00, run_after=2024-10-01 00:00:00+00:00
[2024-10-01T13:25:33.109+0000] {processor.py:183} INFO - Processing /home/airflow/.local/lib/python3.8/site-packages/airflow/example_dags/example_nested_branch_dag.py took 0.394 seconds
