[2024-10-01T13:14:51.803+0000] {processor.py:161} INFO - Started process (PID=99) to work on /home/airflow/.local/lib/python3.8/site-packages/airflow/example_dags/example_subdag_operator.py
[2024-10-01T13:14:51.805+0000] {processor.py:830} INFO - Processing file /home/airflow/.local/lib/python3.8/site-packages/airflow/example_dags/example_subdag_operator.py for tasks to queue
[2024-10-01T13:14:51.810+0000] {logging_mixin.py:188} INFO - [2024-10-01T13:14:51.809+0000] {dagbag.py:538} INFO - Filling up the DagBag from /home/airflow/.local/lib/python3.8/site-packages/airflow/example_dags/example_subdag_operator.py
[2024-10-01T13:14:51.890+0000] {processor.py:840} INFO - DAG(s) 'example_subdag_operator.section-1', 'example_subdag_operator.section-2', 'example_subdag_operator' retrieved from /home/airflow/.local/lib/python3.8/site-packages/airflow/example_dags/example_subdag_operator.py
[2024-10-01T13:14:52.353+0000] {logging_mixin.py:188} INFO - [2024-10-01T13:14:52.352+0000] {dag.py:3036} INFO - Sync 3 DAGs
[2024-10-01T13:14:52.415+0000] {logging_mixin.py:188} INFO - [2024-10-01T13:14:52.414+0000] {dag.py:3823} INFO - Setting next_dagrun for example_subdag_operator to 2022-01-01 00:00:00+00:00, run_after=2022-01-01 00:00:00+00:00
[2024-10-01T13:14:52.426+0000] {logging_mixin.py:188} INFO - [2024-10-01T13:14:52.426+0000] {dag.py:3823} INFO - Setting next_dagrun for example_subdag_operator.section-1 to None, run_after=None
[2024-10-01T13:14:52.431+0000] {logging_mixin.py:188} INFO - [2024-10-01T13:14:52.430+0000] {dag.py:3823} INFO - Setting next_dagrun for example_subdag_operator.section-2 to None, run_after=None
[2024-10-01T13:14:52.464+0000] {logging_mixin.py:188} INFO - [2024-10-01T13:14:52.463+0000] {dag.py:3036} INFO - Sync 2 DAGs
[2024-10-01T13:14:52.476+0000] {logging_mixin.py:188} INFO - [2024-10-01T13:14:52.475+0000] {dag.py:3823} INFO - Setting next_dagrun for example_subdag_operator.section-1 to None, run_after=None
[2024-10-01T13:14:52.477+0000] {logging_mixin.py:188} INFO - [2024-10-01T13:14:52.477+0000] {dag.py:3823} INFO - Setting next_dagrun for example_subdag_operator.section-2 to None, run_after=None
[2024-10-01T13:14:52.516+0000] {processor.py:183} INFO - Processing /home/airflow/.local/lib/python3.8/site-packages/airflow/example_dags/example_subdag_operator.py took 0.720 seconds
[2024-10-01T13:15:23.388+0000] {processor.py:161} INFO - Started process (PID=155) to work on /home/airflow/.local/lib/python3.8/site-packages/airflow/example_dags/example_subdag_operator.py
[2024-10-01T13:15:23.389+0000] {processor.py:830} INFO - Processing file /home/airflow/.local/lib/python3.8/site-packages/airflow/example_dags/example_subdag_operator.py for tasks to queue
[2024-10-01T13:15:23.392+0000] {logging_mixin.py:188} INFO - [2024-10-01T13:15:23.391+0000] {dagbag.py:538} INFO - Filling up the DagBag from /home/airflow/.local/lib/python3.8/site-packages/airflow/example_dags/example_subdag_operator.py
[2024-10-01T13:15:23.466+0000] {processor.py:840} INFO - DAG(s) 'example_subdag_operator.section-1', 'example_subdag_operator.section-2', 'example_subdag_operator' retrieved from /home/airflow/.local/lib/python3.8/site-packages/airflow/example_dags/example_subdag_operator.py
[2024-10-01T13:15:23.501+0000] {logging_mixin.py:188} INFO - [2024-10-01T13:15:23.500+0000] {dag.py:3036} INFO - Sync 3 DAGs
[2024-10-01T13:15:23.536+0000] {logging_mixin.py:188} INFO - [2024-10-01T13:15:23.535+0000] {dag.py:3823} INFO - Setting next_dagrun for example_subdag_operator to 2022-01-01 00:00:00+00:00, run_after=2022-01-01 00:00:00+00:00
[2024-10-01T13:15:23.542+0000] {logging_mixin.py:188} INFO - [2024-10-01T13:15:23.541+0000] {dag.py:3823} INFO - Setting next_dagrun for example_subdag_operator.section-1 to None, run_after=None
[2024-10-01T13:15:23.544+0000] {logging_mixin.py:188} INFO - [2024-10-01T13:15:23.544+0000] {dag.py:3823} INFO - Setting next_dagrun for example_subdag_operator.section-2 to None, run_after=None
[2024-10-01T13:15:23.554+0000] {logging_mixin.py:188} INFO - [2024-10-01T13:15:23.554+0000] {dag.py:3036} INFO - Sync 2 DAGs
[2024-10-01T13:15:23.561+0000] {logging_mixin.py:188} INFO - [2024-10-01T13:15:23.561+0000] {dag.py:3823} INFO - Setting next_dagrun for example_subdag_operator.section-1 to None, run_after=None
[2024-10-01T13:15:23.562+0000] {logging_mixin.py:188} INFO - [2024-10-01T13:15:23.562+0000] {dag.py:3823} INFO - Setting next_dagrun for example_subdag_operator.section-2 to None, run_after=None
[2024-10-01T13:15:23.588+0000] {processor.py:183} INFO - Processing /home/airflow/.local/lib/python3.8/site-packages/airflow/example_dags/example_subdag_operator.py took 0.204 seconds
[2024-10-01T13:15:53.703+0000] {processor.py:161} INFO - Started process (PID=211) to work on /home/airflow/.local/lib/python3.8/site-packages/airflow/example_dags/example_subdag_operator.py
[2024-10-01T13:15:53.705+0000] {processor.py:830} INFO - Processing file /home/airflow/.local/lib/python3.8/site-packages/airflow/example_dags/example_subdag_operator.py for tasks to queue
[2024-10-01T13:15:53.707+0000] {logging_mixin.py:188} INFO - [2024-10-01T13:15:53.707+0000] {dagbag.py:538} INFO - Filling up the DagBag from /home/airflow/.local/lib/python3.8/site-packages/airflow/example_dags/example_subdag_operator.py
[2024-10-01T13:15:53.734+0000] {processor.py:840} INFO - DAG(s) 'example_subdag_operator.section-1', 'example_subdag_operator.section-2', 'example_subdag_operator' retrieved from /home/airflow/.local/lib/python3.8/site-packages/airflow/example_dags/example_subdag_operator.py
[2024-10-01T13:15:53.753+0000] {logging_mixin.py:188} INFO - [2024-10-01T13:15:53.753+0000] {dag.py:3036} INFO - Sync 3 DAGs
[2024-10-01T13:15:53.778+0000] {logging_mixin.py:188} INFO - [2024-10-01T13:15:53.777+0000] {dag.py:3823} INFO - Setting next_dagrun for example_subdag_operator to 2022-01-01 00:00:00+00:00, run_after=2022-01-01 00:00:00+00:00
[2024-10-01T13:15:53.782+0000] {logging_mixin.py:188} INFO - [2024-10-01T13:15:53.782+0000] {dag.py:3823} INFO - Setting next_dagrun for example_subdag_operator.section-1 to None, run_after=None
[2024-10-01T13:15:53.784+0000] {logging_mixin.py:188} INFO - [2024-10-01T13:15:53.784+0000] {dag.py:3823} INFO - Setting next_dagrun for example_subdag_operator.section-2 to None, run_after=None
[2024-10-01T13:15:53.792+0000] {logging_mixin.py:188} INFO - [2024-10-01T13:15:53.792+0000] {dag.py:3036} INFO - Sync 2 DAGs
[2024-10-01T13:15:53.799+0000] {logging_mixin.py:188} INFO - [2024-10-01T13:15:53.799+0000] {dag.py:3823} INFO - Setting next_dagrun for example_subdag_operator.section-1 to None, run_after=None
[2024-10-01T13:15:53.800+0000] {logging_mixin.py:188} INFO - [2024-10-01T13:15:53.800+0000] {dag.py:3823} INFO - Setting next_dagrun for example_subdag_operator.section-2 to None, run_after=None
[2024-10-01T13:15:53.825+0000] {processor.py:183} INFO - Processing /home/airflow/.local/lib/python3.8/site-packages/airflow/example_dags/example_subdag_operator.py took 0.125 seconds
[2024-10-01T13:16:24.004+0000] {processor.py:161} INFO - Started process (PID=267) to work on /home/airflow/.local/lib/python3.8/site-packages/airflow/example_dags/example_subdag_operator.py
[2024-10-01T13:16:24.005+0000] {processor.py:830} INFO - Processing file /home/airflow/.local/lib/python3.8/site-packages/airflow/example_dags/example_subdag_operator.py for tasks to queue
[2024-10-01T13:16:24.007+0000] {logging_mixin.py:188} INFO - [2024-10-01T13:16:24.007+0000] {dagbag.py:538} INFO - Filling up the DagBag from /home/airflow/.local/lib/python3.8/site-packages/airflow/example_dags/example_subdag_operator.py
[2024-10-01T13:16:24.033+0000] {processor.py:840} INFO - DAG(s) 'example_subdag_operator.section-1', 'example_subdag_operator.section-2', 'example_subdag_operator' retrieved from /home/airflow/.local/lib/python3.8/site-packages/airflow/example_dags/example_subdag_operator.py
[2024-10-01T13:16:24.050+0000] {logging_mixin.py:188} INFO - [2024-10-01T13:16:24.050+0000] {dag.py:3036} INFO - Sync 3 DAGs
[2024-10-01T13:16:24.076+0000] {logging_mixin.py:188} INFO - [2024-10-01T13:16:24.075+0000] {dag.py:3823} INFO - Setting next_dagrun for example_subdag_operator to 2022-01-01 00:00:00+00:00, run_after=2022-01-01 00:00:00+00:00
[2024-10-01T13:16:24.080+0000] {logging_mixin.py:188} INFO - [2024-10-01T13:16:24.080+0000] {dag.py:3823} INFO - Setting next_dagrun for example_subdag_operator.section-1 to None, run_after=None
[2024-10-01T13:16:24.082+0000] {logging_mixin.py:188} INFO - [2024-10-01T13:16:24.082+0000] {dag.py:3823} INFO - Setting next_dagrun for example_subdag_operator.section-2 to None, run_after=None
[2024-10-01T13:16:24.091+0000] {logging_mixin.py:188} INFO - [2024-10-01T13:16:24.090+0000] {dag.py:3036} INFO - Sync 2 DAGs
[2024-10-01T13:16:24.096+0000] {logging_mixin.py:188} INFO - [2024-10-01T13:16:24.096+0000] {dag.py:3823} INFO - Setting next_dagrun for example_subdag_operator.section-1 to None, run_after=None
[2024-10-01T13:16:24.097+0000] {logging_mixin.py:188} INFO - [2024-10-01T13:16:24.097+0000] {dag.py:3823} INFO - Setting next_dagrun for example_subdag_operator.section-2 to None, run_after=None
[2024-10-01T13:16:24.186+0000] {processor.py:183} INFO - Processing /home/airflow/.local/lib/python3.8/site-packages/airflow/example_dags/example_subdag_operator.py took 0.186 seconds
[2024-10-01T13:16:54.426+0000] {processor.py:161} INFO - Started process (PID=323) to work on /home/airflow/.local/lib/python3.8/site-packages/airflow/example_dags/example_subdag_operator.py
[2024-10-01T13:16:54.427+0000] {processor.py:830} INFO - Processing file /home/airflow/.local/lib/python3.8/site-packages/airflow/example_dags/example_subdag_operator.py for tasks to queue
[2024-10-01T13:16:54.429+0000] {logging_mixin.py:188} INFO - [2024-10-01T13:16:54.429+0000] {dagbag.py:538} INFO - Filling up the DagBag from /home/airflow/.local/lib/python3.8/site-packages/airflow/example_dags/example_subdag_operator.py
[2024-10-01T13:16:54.463+0000] {processor.py:840} INFO - DAG(s) 'example_subdag_operator.section-1', 'example_subdag_operator.section-2', 'example_subdag_operator' retrieved from /home/airflow/.local/lib/python3.8/site-packages/airflow/example_dags/example_subdag_operator.py
[2024-10-01T13:16:54.486+0000] {logging_mixin.py:188} INFO - [2024-10-01T13:16:54.485+0000] {dag.py:3036} INFO - Sync 3 DAGs
[2024-10-01T13:16:54.526+0000] {logging_mixin.py:188} INFO - [2024-10-01T13:16:54.526+0000] {dag.py:3823} INFO - Setting next_dagrun for example_subdag_operator to 2022-01-01 00:00:00+00:00, run_after=2022-01-01 00:00:00+00:00
[2024-10-01T13:16:54.531+0000] {logging_mixin.py:188} INFO - [2024-10-01T13:16:54.531+0000] {dag.py:3823} INFO - Setting next_dagrun for example_subdag_operator.section-1 to None, run_after=None
[2024-10-01T13:16:54.533+0000] {logging_mixin.py:188} INFO - [2024-10-01T13:16:54.533+0000] {dag.py:3823} INFO - Setting next_dagrun for example_subdag_operator.section-2 to None, run_after=None
[2024-10-01T13:16:54.542+0000] {logging_mixin.py:188} INFO - [2024-10-01T13:16:54.542+0000] {dag.py:3036} INFO - Sync 2 DAGs
[2024-10-01T13:16:54.548+0000] {logging_mixin.py:188} INFO - [2024-10-01T13:16:54.548+0000] {dag.py:3823} INFO - Setting next_dagrun for example_subdag_operator.section-1 to None, run_after=None
[2024-10-01T13:16:54.549+0000] {logging_mixin.py:188} INFO - [2024-10-01T13:16:54.549+0000] {dag.py:3823} INFO - Setting next_dagrun for example_subdag_operator.section-2 to None, run_after=None
[2024-10-01T13:16:54.690+0000] {processor.py:183} INFO - Processing /home/airflow/.local/lib/python3.8/site-packages/airflow/example_dags/example_subdag_operator.py took 0.268 seconds
[2024-10-01T13:17:24.797+0000] {processor.py:161} INFO - Started process (PID=379) to work on /home/airflow/.local/lib/python3.8/site-packages/airflow/example_dags/example_subdag_operator.py
[2024-10-01T13:17:24.798+0000] {processor.py:830} INFO - Processing file /home/airflow/.local/lib/python3.8/site-packages/airflow/example_dags/example_subdag_operator.py for tasks to queue
[2024-10-01T13:17:24.800+0000] {logging_mixin.py:188} INFO - [2024-10-01T13:17:24.800+0000] {dagbag.py:538} INFO - Filling up the DagBag from /home/airflow/.local/lib/python3.8/site-packages/airflow/example_dags/example_subdag_operator.py
[2024-10-01T13:17:24.830+0000] {processor.py:840} INFO - DAG(s) 'example_subdag_operator.section-1', 'example_subdag_operator.section-2', 'example_subdag_operator' retrieved from /home/airflow/.local/lib/python3.8/site-packages/airflow/example_dags/example_subdag_operator.py
[2024-10-01T13:17:24.850+0000] {logging_mixin.py:188} INFO - [2024-10-01T13:17:24.849+0000] {dag.py:3036} INFO - Sync 3 DAGs
[2024-10-01T13:17:24.879+0000] {logging_mixin.py:188} INFO - [2024-10-01T13:17:24.879+0000] {dag.py:3823} INFO - Setting next_dagrun for example_subdag_operator to 2022-01-01 00:00:00+00:00, run_after=2022-01-01 00:00:00+00:00
[2024-10-01T13:17:24.884+0000] {logging_mixin.py:188} INFO - [2024-10-01T13:17:24.883+0000] {dag.py:3823} INFO - Setting next_dagrun for example_subdag_operator.section-1 to None, run_after=None
[2024-10-01T13:17:24.887+0000] {logging_mixin.py:188} INFO - [2024-10-01T13:17:24.886+0000] {dag.py:3823} INFO - Setting next_dagrun for example_subdag_operator.section-2 to None, run_after=None
[2024-10-01T13:17:24.897+0000] {logging_mixin.py:188} INFO - [2024-10-01T13:17:24.897+0000] {dag.py:3036} INFO - Sync 2 DAGs
[2024-10-01T13:17:24.904+0000] {logging_mixin.py:188} INFO - [2024-10-01T13:17:24.904+0000] {dag.py:3823} INFO - Setting next_dagrun for example_subdag_operator.section-1 to None, run_after=None
[2024-10-01T13:17:24.905+0000] {logging_mixin.py:188} INFO - [2024-10-01T13:17:24.905+0000] {dag.py:3823} INFO - Setting next_dagrun for example_subdag_operator.section-2 to None, run_after=None
[2024-10-01T13:17:24.989+0000] {processor.py:183} INFO - Processing /home/airflow/.local/lib/python3.8/site-packages/airflow/example_dags/example_subdag_operator.py took 0.195 seconds
[2024-10-01T13:17:55.904+0000] {processor.py:161} INFO - Started process (PID=435) to work on /home/airflow/.local/lib/python3.8/site-packages/airflow/example_dags/example_subdag_operator.py
[2024-10-01T13:17:55.906+0000] {processor.py:830} INFO - Processing file /home/airflow/.local/lib/python3.8/site-packages/airflow/example_dags/example_subdag_operator.py for tasks to queue
[2024-10-01T13:17:55.913+0000] {logging_mixin.py:188} INFO - [2024-10-01T13:17:55.909+0000] {dagbag.py:538} INFO - Filling up the DagBag from /home/airflow/.local/lib/python3.8/site-packages/airflow/example_dags/example_subdag_operator.py
[2024-10-01T13:17:55.998+0000] {processor.py:840} INFO - DAG(s) 'example_subdag_operator.section-1', 'example_subdag_operator.section-2', 'example_subdag_operator' retrieved from /home/airflow/.local/lib/python3.8/site-packages/airflow/example_dags/example_subdag_operator.py
[2024-10-01T13:17:56.042+0000] {logging_mixin.py:188} INFO - [2024-10-01T13:17:56.042+0000] {dag.py:3036} INFO - Sync 3 DAGs
[2024-10-01T13:17:56.092+0000] {logging_mixin.py:188} INFO - [2024-10-01T13:17:56.091+0000] {dag.py:3823} INFO - Setting next_dagrun for example_subdag_operator to 2022-01-01 00:00:00+00:00, run_after=2022-01-01 00:00:00+00:00
[2024-10-01T13:17:56.097+0000] {logging_mixin.py:188} INFO - [2024-10-01T13:17:56.097+0000] {dag.py:3823} INFO - Setting next_dagrun for example_subdag_operator.section-1 to None, run_after=None
[2024-10-01T13:17:56.100+0000] {logging_mixin.py:188} INFO - [2024-10-01T13:17:56.100+0000] {dag.py:3823} INFO - Setting next_dagrun for example_subdag_operator.section-2 to None, run_after=None
[2024-10-01T13:17:56.110+0000] {logging_mixin.py:188} INFO - [2024-10-01T13:17:56.109+0000] {dag.py:3036} INFO - Sync 2 DAGs
[2024-10-01T13:17:56.116+0000] {logging_mixin.py:188} INFO - [2024-10-01T13:17:56.115+0000] {dag.py:3823} INFO - Setting next_dagrun for example_subdag_operator.section-1 to None, run_after=None
[2024-10-01T13:17:56.116+0000] {logging_mixin.py:188} INFO - [2024-10-01T13:17:56.116+0000] {dag.py:3823} INFO - Setting next_dagrun for example_subdag_operator.section-2 to None, run_after=None
[2024-10-01T13:17:56.139+0000] {processor.py:183} INFO - Processing /home/airflow/.local/lib/python3.8/site-packages/airflow/example_dags/example_subdag_operator.py took 0.239 seconds
[2024-10-01T13:18:26.212+0000] {processor.py:161} INFO - Started process (PID=491) to work on /home/airflow/.local/lib/python3.8/site-packages/airflow/example_dags/example_subdag_operator.py
[2024-10-01T13:18:26.223+0000] {processor.py:830} INFO - Processing file /home/airflow/.local/lib/python3.8/site-packages/airflow/example_dags/example_subdag_operator.py for tasks to queue
[2024-10-01T13:18:26.226+0000] {logging_mixin.py:188} INFO - [2024-10-01T13:18:26.226+0000] {dagbag.py:538} INFO - Filling up the DagBag from /home/airflow/.local/lib/python3.8/site-packages/airflow/example_dags/example_subdag_operator.py
[2024-10-01T13:18:26.255+0000] {processor.py:840} INFO - DAG(s) 'example_subdag_operator.section-1', 'example_subdag_operator.section-2', 'example_subdag_operator' retrieved from /home/airflow/.local/lib/python3.8/site-packages/airflow/example_dags/example_subdag_operator.py
[2024-10-01T13:18:26.273+0000] {logging_mixin.py:188} INFO - [2024-10-01T13:18:26.273+0000] {dag.py:3036} INFO - Sync 3 DAGs
[2024-10-01T13:18:26.301+0000] {logging_mixin.py:188} INFO - [2024-10-01T13:18:26.301+0000] {dag.py:3823} INFO - Setting next_dagrun for example_subdag_operator to 2022-01-01 00:00:00+00:00, run_after=2022-01-01 00:00:00+00:00
[2024-10-01T13:18:26.306+0000] {logging_mixin.py:188} INFO - [2024-10-01T13:18:26.306+0000] {dag.py:3823} INFO - Setting next_dagrun for example_subdag_operator.section-1 to None, run_after=None
[2024-10-01T13:18:26.308+0000] {logging_mixin.py:188} INFO - [2024-10-01T13:18:26.308+0000] {dag.py:3823} INFO - Setting next_dagrun for example_subdag_operator.section-2 to None, run_after=None
[2024-10-01T13:18:26.317+0000] {logging_mixin.py:188} INFO - [2024-10-01T13:18:26.316+0000] {dag.py:3036} INFO - Sync 2 DAGs
[2024-10-01T13:18:26.325+0000] {logging_mixin.py:188} INFO - [2024-10-01T13:18:26.325+0000] {dag.py:3823} INFO - Setting next_dagrun for example_subdag_operator.section-1 to None, run_after=None
[2024-10-01T13:18:26.326+0000] {logging_mixin.py:188} INFO - [2024-10-01T13:18:26.326+0000] {dag.py:3823} INFO - Setting next_dagrun for example_subdag_operator.section-2 to None, run_after=None
[2024-10-01T13:18:26.344+0000] {processor.py:183} INFO - Processing /home/airflow/.local/lib/python3.8/site-packages/airflow/example_dags/example_subdag_operator.py took 0.135 seconds
[2024-10-01T13:18:56.598+0000] {processor.py:161} INFO - Started process (PID=547) to work on /home/airflow/.local/lib/python3.8/site-packages/airflow/example_dags/example_subdag_operator.py
[2024-10-01T13:18:56.599+0000] {processor.py:830} INFO - Processing file /home/airflow/.local/lib/python3.8/site-packages/airflow/example_dags/example_subdag_operator.py for tasks to queue
[2024-10-01T13:18:56.601+0000] {logging_mixin.py:188} INFO - [2024-10-01T13:18:56.600+0000] {dagbag.py:538} INFO - Filling up the DagBag from /home/airflow/.local/lib/python3.8/site-packages/airflow/example_dags/example_subdag_operator.py
[2024-10-01T13:18:56.629+0000] {processor.py:840} INFO - DAG(s) 'example_subdag_operator.section-1', 'example_subdag_operator.section-2', 'example_subdag_operator' retrieved from /home/airflow/.local/lib/python3.8/site-packages/airflow/example_dags/example_subdag_operator.py
[2024-10-01T13:18:56.647+0000] {logging_mixin.py:188} INFO - [2024-10-01T13:18:56.647+0000] {dag.py:3036} INFO - Sync 3 DAGs
[2024-10-01T13:18:56.674+0000] {logging_mixin.py:188} INFO - [2024-10-01T13:18:56.674+0000] {dag.py:3823} INFO - Setting next_dagrun for example_subdag_operator to 2022-01-01 00:00:00+00:00, run_after=2022-01-01 00:00:00+00:00
[2024-10-01T13:18:56.678+0000] {logging_mixin.py:188} INFO - [2024-10-01T13:18:56.678+0000] {dag.py:3823} INFO - Setting next_dagrun for example_subdag_operator.section-1 to None, run_after=None
[2024-10-01T13:18:56.680+0000] {logging_mixin.py:188} INFO - [2024-10-01T13:18:56.680+0000] {dag.py:3823} INFO - Setting next_dagrun for example_subdag_operator.section-2 to None, run_after=None
[2024-10-01T13:18:56.691+0000] {logging_mixin.py:188} INFO - [2024-10-01T13:18:56.690+0000] {dag.py:3036} INFO - Sync 2 DAGs
[2024-10-01T13:18:56.697+0000] {logging_mixin.py:188} INFO - [2024-10-01T13:18:56.697+0000] {dag.py:3823} INFO - Setting next_dagrun for example_subdag_operator.section-1 to None, run_after=None
[2024-10-01T13:18:56.698+0000] {logging_mixin.py:188} INFO - [2024-10-01T13:18:56.698+0000] {dag.py:3823} INFO - Setting next_dagrun for example_subdag_operator.section-2 to None, run_after=None
[2024-10-01T13:18:56.766+0000] {processor.py:183} INFO - Processing /home/airflow/.local/lib/python3.8/site-packages/airflow/example_dags/example_subdag_operator.py took 0.172 seconds
[2024-10-01T13:19:27.464+0000] {processor.py:161} INFO - Started process (PID=603) to work on /home/airflow/.local/lib/python3.8/site-packages/airflow/example_dags/example_subdag_operator.py
[2024-10-01T13:19:27.465+0000] {processor.py:830} INFO - Processing file /home/airflow/.local/lib/python3.8/site-packages/airflow/example_dags/example_subdag_operator.py for tasks to queue
[2024-10-01T13:19:27.468+0000] {logging_mixin.py:188} INFO - [2024-10-01T13:19:27.467+0000] {dagbag.py:538} INFO - Filling up the DagBag from /home/airflow/.local/lib/python3.8/site-packages/airflow/example_dags/example_subdag_operator.py
[2024-10-01T13:19:27.496+0000] {processor.py:840} INFO - DAG(s) 'example_subdag_operator.section-1', 'example_subdag_operator.section-2', 'example_subdag_operator' retrieved from /home/airflow/.local/lib/python3.8/site-packages/airflow/example_dags/example_subdag_operator.py
[2024-10-01T13:19:27.515+0000] {logging_mixin.py:188} INFO - [2024-10-01T13:19:27.514+0000] {dag.py:3036} INFO - Sync 3 DAGs
[2024-10-01T13:19:27.544+0000] {logging_mixin.py:188} INFO - [2024-10-01T13:19:27.544+0000] {dag.py:3823} INFO - Setting next_dagrun for example_subdag_operator to 2022-01-01 00:00:00+00:00, run_after=2022-01-01 00:00:00+00:00
[2024-10-01T13:19:27.550+0000] {logging_mixin.py:188} INFO - [2024-10-01T13:19:27.549+0000] {dag.py:3823} INFO - Setting next_dagrun for example_subdag_operator.section-1 to None, run_after=None
[2024-10-01T13:19:27.552+0000] {logging_mixin.py:188} INFO - [2024-10-01T13:19:27.552+0000] {dag.py:3823} INFO - Setting next_dagrun for example_subdag_operator.section-2 to None, run_after=None
[2024-10-01T13:19:27.563+0000] {logging_mixin.py:188} INFO - [2024-10-01T13:19:27.562+0000] {dag.py:3036} INFO - Sync 2 DAGs
[2024-10-01T13:19:27.570+0000] {logging_mixin.py:188} INFO - [2024-10-01T13:19:27.570+0000] {dag.py:3823} INFO - Setting next_dagrun for example_subdag_operator.section-1 to None, run_after=None
[2024-10-01T13:19:27.571+0000] {logging_mixin.py:188} INFO - [2024-10-01T13:19:27.571+0000] {dag.py:3823} INFO - Setting next_dagrun for example_subdag_operator.section-2 to None, run_after=None
[2024-10-01T13:19:27.934+0000] {processor.py:183} INFO - Processing /home/airflow/.local/lib/python3.8/site-packages/airflow/example_dags/example_subdag_operator.py took 0.473 seconds
[2024-10-01T13:19:58.813+0000] {processor.py:161} INFO - Started process (PID=659) to work on /home/airflow/.local/lib/python3.8/site-packages/airflow/example_dags/example_subdag_operator.py
[2024-10-01T13:19:58.814+0000] {processor.py:830} INFO - Processing file /home/airflow/.local/lib/python3.8/site-packages/airflow/example_dags/example_subdag_operator.py for tasks to queue
[2024-10-01T13:19:58.816+0000] {logging_mixin.py:188} INFO - [2024-10-01T13:19:58.816+0000] {dagbag.py:538} INFO - Filling up the DagBag from /home/airflow/.local/lib/python3.8/site-packages/airflow/example_dags/example_subdag_operator.py
[2024-10-01T13:19:58.842+0000] {processor.py:840} INFO - DAG(s) 'example_subdag_operator.section-1', 'example_subdag_operator.section-2', 'example_subdag_operator' retrieved from /home/airflow/.local/lib/python3.8/site-packages/airflow/example_dags/example_subdag_operator.py
[2024-10-01T13:19:58.860+0000] {logging_mixin.py:188} INFO - [2024-10-01T13:19:58.859+0000] {dag.py:3036} INFO - Sync 3 DAGs
[2024-10-01T13:19:58.885+0000] {logging_mixin.py:188} INFO - [2024-10-01T13:19:58.884+0000] {dag.py:3823} INFO - Setting next_dagrun for example_subdag_operator to 2022-01-01 00:00:00+00:00, run_after=2022-01-01 00:00:00+00:00
[2024-10-01T13:19:58.889+0000] {logging_mixin.py:188} INFO - [2024-10-01T13:19:58.889+0000] {dag.py:3823} INFO - Setting next_dagrun for example_subdag_operator.section-1 to None, run_after=None
[2024-10-01T13:19:58.891+0000] {logging_mixin.py:188} INFO - [2024-10-01T13:19:58.891+0000] {dag.py:3823} INFO - Setting next_dagrun for example_subdag_operator.section-2 to None, run_after=None
[2024-10-01T13:19:58.900+0000] {logging_mixin.py:188} INFO - [2024-10-01T13:19:58.900+0000] {dag.py:3036} INFO - Sync 2 DAGs
[2024-10-01T13:19:58.907+0000] {logging_mixin.py:188} INFO - [2024-10-01T13:19:58.906+0000] {dag.py:3823} INFO - Setting next_dagrun for example_subdag_operator.section-1 to None, run_after=None
[2024-10-01T13:19:58.908+0000] {logging_mixin.py:188} INFO - [2024-10-01T13:19:58.907+0000] {dag.py:3823} INFO - Setting next_dagrun for example_subdag_operator.section-2 to None, run_after=None
[2024-10-01T13:19:58.933+0000] {processor.py:183} INFO - Processing /home/airflow/.local/lib/python3.8/site-packages/airflow/example_dags/example_subdag_operator.py took 0.123 seconds
[2024-10-01T13:20:29.770+0000] {processor.py:161} INFO - Started process (PID=715) to work on /home/airflow/.local/lib/python3.8/site-packages/airflow/example_dags/example_subdag_operator.py
[2024-10-01T13:20:29.772+0000] {processor.py:830} INFO - Processing file /home/airflow/.local/lib/python3.8/site-packages/airflow/example_dags/example_subdag_operator.py for tasks to queue
[2024-10-01T13:20:29.775+0000] {logging_mixin.py:188} INFO - [2024-10-01T13:20:29.775+0000] {dagbag.py:538} INFO - Filling up the DagBag from /home/airflow/.local/lib/python3.8/site-packages/airflow/example_dags/example_subdag_operator.py
[2024-10-01T13:20:29.812+0000] {processor.py:840} INFO - DAG(s) 'example_subdag_operator.section-1', 'example_subdag_operator.section-2', 'example_subdag_operator' retrieved from /home/airflow/.local/lib/python3.8/site-packages/airflow/example_dags/example_subdag_operator.py
[2024-10-01T13:20:29.845+0000] {logging_mixin.py:188} INFO - [2024-10-01T13:20:29.845+0000] {dag.py:3036} INFO - Sync 3 DAGs
[2024-10-01T13:20:29.877+0000] {logging_mixin.py:188} INFO - [2024-10-01T13:20:29.877+0000] {dag.py:3823} INFO - Setting next_dagrun for example_subdag_operator to 2022-01-01 00:00:00+00:00, run_after=2022-01-01 00:00:00+00:00
[2024-10-01T13:20:29.882+0000] {logging_mixin.py:188} INFO - [2024-10-01T13:20:29.882+0000] {dag.py:3823} INFO - Setting next_dagrun for example_subdag_operator.section-1 to None, run_after=None
[2024-10-01T13:20:29.888+0000] {logging_mixin.py:188} INFO - [2024-10-01T13:20:29.888+0000] {dag.py:3823} INFO - Setting next_dagrun for example_subdag_operator.section-2 to None, run_after=None
[2024-10-01T13:20:29.898+0000] {logging_mixin.py:188} INFO - [2024-10-01T13:20:29.898+0000] {dag.py:3036} INFO - Sync 2 DAGs
[2024-10-01T13:20:29.905+0000] {logging_mixin.py:188} INFO - [2024-10-01T13:20:29.904+0000] {dag.py:3823} INFO - Setting next_dagrun for example_subdag_operator.section-1 to None, run_after=None
[2024-10-01T13:20:29.905+0000] {logging_mixin.py:188} INFO - [2024-10-01T13:20:29.905+0000] {dag.py:3823} INFO - Setting next_dagrun for example_subdag_operator.section-2 to None, run_after=None
[2024-10-01T13:20:29.940+0000] {processor.py:183} INFO - Processing /home/airflow/.local/lib/python3.8/site-packages/airflow/example_dags/example_subdag_operator.py took 0.173 seconds
[2024-10-01T13:21:00.056+0000] {processor.py:161} INFO - Started process (PID=772) to work on /home/airflow/.local/lib/python3.8/site-packages/airflow/example_dags/example_subdag_operator.py
[2024-10-01T13:21:00.058+0000] {processor.py:830} INFO - Processing file /home/airflow/.local/lib/python3.8/site-packages/airflow/example_dags/example_subdag_operator.py for tasks to queue
[2024-10-01T13:21:00.061+0000] {logging_mixin.py:188} INFO - [2024-10-01T13:21:00.060+0000] {dagbag.py:538} INFO - Filling up the DagBag from /home/airflow/.local/lib/python3.8/site-packages/airflow/example_dags/example_subdag_operator.py
[2024-10-01T13:21:00.092+0000] {processor.py:840} INFO - DAG(s) 'example_subdag_operator.section-1', 'example_subdag_operator.section-2', 'example_subdag_operator' retrieved from /home/airflow/.local/lib/python3.8/site-packages/airflow/example_dags/example_subdag_operator.py
[2024-10-01T13:21:00.130+0000] {logging_mixin.py:188} INFO - [2024-10-01T13:21:00.129+0000] {dag.py:3036} INFO - Sync 3 DAGs
[2024-10-01T13:21:00.164+0000] {logging_mixin.py:188} INFO - [2024-10-01T13:21:00.164+0000] {dag.py:3823} INFO - Setting next_dagrun for example_subdag_operator to 2022-01-01 00:00:00+00:00, run_after=2022-01-01 00:00:00+00:00
[2024-10-01T13:21:00.169+0000] {logging_mixin.py:188} INFO - [2024-10-01T13:21:00.169+0000] {dag.py:3823} INFO - Setting next_dagrun for example_subdag_operator.section-1 to None, run_after=None
[2024-10-01T13:21:00.172+0000] {logging_mixin.py:188} INFO - [2024-10-01T13:21:00.172+0000] {dag.py:3823} INFO - Setting next_dagrun for example_subdag_operator.section-2 to None, run_after=None
[2024-10-01T13:21:00.184+0000] {logging_mixin.py:188} INFO - [2024-10-01T13:21:00.184+0000] {dag.py:3036} INFO - Sync 2 DAGs
[2024-10-01T13:21:00.196+0000] {logging_mixin.py:188} INFO - [2024-10-01T13:21:00.195+0000] {dag.py:3823} INFO - Setting next_dagrun for example_subdag_operator.section-1 to None, run_after=None
[2024-10-01T13:21:00.196+0000] {logging_mixin.py:188} INFO - [2024-10-01T13:21:00.196+0000] {dag.py:3823} INFO - Setting next_dagrun for example_subdag_operator.section-2 to None, run_after=None
[2024-10-01T13:21:00.220+0000] {processor.py:183} INFO - Processing /home/airflow/.local/lib/python3.8/site-packages/airflow/example_dags/example_subdag_operator.py took 0.168 seconds
[2024-10-01T13:21:30.422+0000] {processor.py:161} INFO - Started process (PID=828) to work on /home/airflow/.local/lib/python3.8/site-packages/airflow/example_dags/example_subdag_operator.py
[2024-10-01T13:21:30.424+0000] {processor.py:830} INFO - Processing file /home/airflow/.local/lib/python3.8/site-packages/airflow/example_dags/example_subdag_operator.py for tasks to queue
[2024-10-01T13:21:30.429+0000] {logging_mixin.py:188} INFO - [2024-10-01T13:21:30.428+0000] {dagbag.py:538} INFO - Filling up the DagBag from /home/airflow/.local/lib/python3.8/site-packages/airflow/example_dags/example_subdag_operator.py
[2024-10-01T13:21:30.478+0000] {processor.py:840} INFO - DAG(s) 'example_subdag_operator.section-1', 'example_subdag_operator.section-2', 'example_subdag_operator' retrieved from /home/airflow/.local/lib/python3.8/site-packages/airflow/example_dags/example_subdag_operator.py
[2024-10-01T13:21:30.512+0000] {logging_mixin.py:188} INFO - [2024-10-01T13:21:30.512+0000] {dag.py:3036} INFO - Sync 3 DAGs
[2024-10-01T13:21:30.556+0000] {logging_mixin.py:188} INFO - [2024-10-01T13:21:30.555+0000] {dag.py:3823} INFO - Setting next_dagrun for example_subdag_operator to 2022-01-01 00:00:00+00:00, run_after=2022-01-01 00:00:00+00:00
[2024-10-01T13:21:30.565+0000] {logging_mixin.py:188} INFO - [2024-10-01T13:21:30.564+0000] {dag.py:3823} INFO - Setting next_dagrun for example_subdag_operator.section-1 to None, run_after=None
[2024-10-01T13:21:30.567+0000] {logging_mixin.py:188} INFO - [2024-10-01T13:21:30.567+0000] {dag.py:3823} INFO - Setting next_dagrun for example_subdag_operator.section-2 to None, run_after=None
[2024-10-01T13:21:30.582+0000] {logging_mixin.py:188} INFO - [2024-10-01T13:21:30.582+0000] {dag.py:3036} INFO - Sync 2 DAGs
[2024-10-01T13:21:30.597+0000] {logging_mixin.py:188} INFO - [2024-10-01T13:21:30.597+0000] {dag.py:3823} INFO - Setting next_dagrun for example_subdag_operator.section-1 to None, run_after=None
[2024-10-01T13:21:30.598+0000] {logging_mixin.py:188} INFO - [2024-10-01T13:21:30.598+0000] {dag.py:3823} INFO - Setting next_dagrun for example_subdag_operator.section-2 to None, run_after=None
[2024-10-01T13:21:30.631+0000] {processor.py:183} INFO - Processing /home/airflow/.local/lib/python3.8/site-packages/airflow/example_dags/example_subdag_operator.py took 0.216 seconds
[2024-10-01T13:22:01.140+0000] {processor.py:161} INFO - Started process (PID=883) to work on /home/airflow/.local/lib/python3.8/site-packages/airflow/example_dags/example_subdag_operator.py
[2024-10-01T13:22:01.141+0000] {processor.py:830} INFO - Processing file /home/airflow/.local/lib/python3.8/site-packages/airflow/example_dags/example_subdag_operator.py for tasks to queue
[2024-10-01T13:22:01.144+0000] {logging_mixin.py:188} INFO - [2024-10-01T13:22:01.144+0000] {dagbag.py:538} INFO - Filling up the DagBag from /home/airflow/.local/lib/python3.8/site-packages/airflow/example_dags/example_subdag_operator.py
[2024-10-01T13:22:01.190+0000] {processor.py:840} INFO - DAG(s) 'example_subdag_operator.section-1', 'example_subdag_operator.section-2', 'example_subdag_operator' retrieved from /home/airflow/.local/lib/python3.8/site-packages/airflow/example_dags/example_subdag_operator.py
[2024-10-01T13:22:01.215+0000] {logging_mixin.py:188} INFO - [2024-10-01T13:22:01.215+0000] {dag.py:3036} INFO - Sync 3 DAGs
[2024-10-01T13:22:01.253+0000] {logging_mixin.py:188} INFO - [2024-10-01T13:22:01.252+0000] {dag.py:3823} INFO - Setting next_dagrun for example_subdag_operator to 2022-01-01 00:00:00+00:00, run_after=2022-01-01 00:00:00+00:00
[2024-10-01T13:22:01.259+0000] {logging_mixin.py:188} INFO - [2024-10-01T13:22:01.259+0000] {dag.py:3823} INFO - Setting next_dagrun for example_subdag_operator.section-1 to None, run_after=None
[2024-10-01T13:22:01.262+0000] {logging_mixin.py:188} INFO - [2024-10-01T13:22:01.262+0000] {dag.py:3823} INFO - Setting next_dagrun for example_subdag_operator.section-2 to None, run_after=None
[2024-10-01T13:22:01.273+0000] {logging_mixin.py:188} INFO - [2024-10-01T13:22:01.273+0000] {dag.py:3036} INFO - Sync 2 DAGs
[2024-10-01T13:22:01.282+0000] {logging_mixin.py:188} INFO - [2024-10-01T13:22:01.282+0000] {dag.py:3823} INFO - Setting next_dagrun for example_subdag_operator.section-1 to None, run_after=None
[2024-10-01T13:22:01.284+0000] {logging_mixin.py:188} INFO - [2024-10-01T13:22:01.283+0000] {dag.py:3823} INFO - Setting next_dagrun for example_subdag_operator.section-2 to None, run_after=None
[2024-10-01T13:22:01.314+0000] {processor.py:183} INFO - Processing /home/airflow/.local/lib/python3.8/site-packages/airflow/example_dags/example_subdag_operator.py took 0.179 seconds
[2024-10-01T13:22:31.881+0000] {processor.py:161} INFO - Started process (PID=939) to work on /home/airflow/.local/lib/python3.8/site-packages/airflow/example_dags/example_subdag_operator.py
[2024-10-01T13:22:31.884+0000] {processor.py:830} INFO - Processing file /home/airflow/.local/lib/python3.8/site-packages/airflow/example_dags/example_subdag_operator.py for tasks to queue
[2024-10-01T13:22:31.897+0000] {logging_mixin.py:188} INFO - [2024-10-01T13:22:31.896+0000] {dagbag.py:538} INFO - Filling up the DagBag from /home/airflow/.local/lib/python3.8/site-packages/airflow/example_dags/example_subdag_operator.py
[2024-10-01T13:22:31.981+0000] {processor.py:840} INFO - DAG(s) 'example_subdag_operator.section-1', 'example_subdag_operator.section-2', 'example_subdag_operator' retrieved from /home/airflow/.local/lib/python3.8/site-packages/airflow/example_dags/example_subdag_operator.py
[2024-10-01T13:22:32.029+0000] {logging_mixin.py:188} INFO - [2024-10-01T13:22:32.028+0000] {dag.py:3036} INFO - Sync 3 DAGs
[2024-10-01T13:22:32.077+0000] {logging_mixin.py:188} INFO - [2024-10-01T13:22:32.077+0000] {dag.py:3823} INFO - Setting next_dagrun for example_subdag_operator to 2022-01-01 00:00:00+00:00, run_after=2022-01-01 00:00:00+00:00
[2024-10-01T13:22:32.087+0000] {logging_mixin.py:188} INFO - [2024-10-01T13:22:32.086+0000] {dag.py:3823} INFO - Setting next_dagrun for example_subdag_operator.section-1 to None, run_after=None
[2024-10-01T13:22:32.092+0000] {logging_mixin.py:188} INFO - [2024-10-01T13:22:32.091+0000] {dag.py:3823} INFO - Setting next_dagrun for example_subdag_operator.section-2 to None, run_after=None
[2024-10-01T13:22:32.104+0000] {logging_mixin.py:188} INFO - [2024-10-01T13:22:32.103+0000] {dag.py:3036} INFO - Sync 2 DAGs
[2024-10-01T13:22:32.115+0000] {logging_mixin.py:188} INFO - [2024-10-01T13:22:32.114+0000] {dag.py:3823} INFO - Setting next_dagrun for example_subdag_operator.section-1 to None, run_after=None
[2024-10-01T13:22:32.184+0000] {logging_mixin.py:188} INFO - [2024-10-01T13:22:32.183+0000] {dag.py:3823} INFO - Setting next_dagrun for example_subdag_operator.section-2 to None, run_after=None
[2024-10-01T13:22:32.236+0000] {processor.py:183} INFO - Processing /home/airflow/.local/lib/python3.8/site-packages/airflow/example_dags/example_subdag_operator.py took 0.362 seconds
[2024-10-01T13:23:02.555+0000] {processor.py:161} INFO - Started process (PID=996) to work on /home/airflow/.local/lib/python3.8/site-packages/airflow/example_dags/example_subdag_operator.py
[2024-10-01T13:23:02.556+0000] {processor.py:830} INFO - Processing file /home/airflow/.local/lib/python3.8/site-packages/airflow/example_dags/example_subdag_operator.py for tasks to queue
[2024-10-01T13:23:02.560+0000] {logging_mixin.py:188} INFO - [2024-10-01T13:23:02.559+0000] {dagbag.py:538} INFO - Filling up the DagBag from /home/airflow/.local/lib/python3.8/site-packages/airflow/example_dags/example_subdag_operator.py
[2024-10-01T13:23:02.597+0000] {processor.py:840} INFO - DAG(s) 'example_subdag_operator.section-1', 'example_subdag_operator.section-2', 'example_subdag_operator' retrieved from /home/airflow/.local/lib/python3.8/site-packages/airflow/example_dags/example_subdag_operator.py
[2024-10-01T13:23:02.624+0000] {logging_mixin.py:188} INFO - [2024-10-01T13:23:02.624+0000] {dag.py:3036} INFO - Sync 3 DAGs
[2024-10-01T13:23:02.660+0000] {logging_mixin.py:188} INFO - [2024-10-01T13:23:02.659+0000] {dag.py:3823} INFO - Setting next_dagrun for example_subdag_operator to 2022-01-01 00:00:00+00:00, run_after=2022-01-01 00:00:00+00:00
[2024-10-01T13:23:02.665+0000] {logging_mixin.py:188} INFO - [2024-10-01T13:23:02.665+0000] {dag.py:3823} INFO - Setting next_dagrun for example_subdag_operator.section-1 to None, run_after=None
[2024-10-01T13:23:02.668+0000] {logging_mixin.py:188} INFO - [2024-10-01T13:23:02.667+0000] {dag.py:3823} INFO - Setting next_dagrun for example_subdag_operator.section-2 to None, run_after=None
[2024-10-01T13:23:02.679+0000] {logging_mixin.py:188} INFO - [2024-10-01T13:23:02.678+0000] {dag.py:3036} INFO - Sync 2 DAGs
[2024-10-01T13:23:02.690+0000] {logging_mixin.py:188} INFO - [2024-10-01T13:23:02.689+0000] {dag.py:3823} INFO - Setting next_dagrun for example_subdag_operator.section-1 to None, run_after=None
[2024-10-01T13:23:02.691+0000] {logging_mixin.py:188} INFO - [2024-10-01T13:23:02.691+0000] {dag.py:3823} INFO - Setting next_dagrun for example_subdag_operator.section-2 to None, run_after=None
[2024-10-01T13:23:02.720+0000] {processor.py:183} INFO - Processing /home/airflow/.local/lib/python3.8/site-packages/airflow/example_dags/example_subdag_operator.py took 0.172 seconds
[2024-10-01T13:23:34.729+0000] {processor.py:161} INFO - Started process (PID=1052) to work on /home/airflow/.local/lib/python3.8/site-packages/airflow/example_dags/example_subdag_operator.py
[2024-10-01T13:23:34.731+0000] {processor.py:830} INFO - Processing file /home/airflow/.local/lib/python3.8/site-packages/airflow/example_dags/example_subdag_operator.py for tasks to queue
[2024-10-01T13:23:34.735+0000] {logging_mixin.py:188} INFO - [2024-10-01T13:23:34.735+0000] {dagbag.py:538} INFO - Filling up the DagBag from /home/airflow/.local/lib/python3.8/site-packages/airflow/example_dags/example_subdag_operator.py
[2024-10-01T13:23:34.802+0000] {processor.py:840} INFO - DAG(s) 'example_subdag_operator.section-1', 'example_subdag_operator.section-2', 'example_subdag_operator' retrieved from /home/airflow/.local/lib/python3.8/site-packages/airflow/example_dags/example_subdag_operator.py
[2024-10-01T13:23:34.839+0000] {logging_mixin.py:188} INFO - [2024-10-01T13:23:34.838+0000] {dag.py:3036} INFO - Sync 3 DAGs
[2024-10-01T13:23:34.901+0000] {logging_mixin.py:188} INFO - [2024-10-01T13:23:34.900+0000] {dag.py:3823} INFO - Setting next_dagrun for example_subdag_operator to 2022-01-01 00:00:00+00:00, run_after=2022-01-01 00:00:00+00:00
[2024-10-01T13:23:34.911+0000] {logging_mixin.py:188} INFO - [2024-10-01T13:23:34.910+0000] {dag.py:3823} INFO - Setting next_dagrun for example_subdag_operator.section-1 to None, run_after=None
[2024-10-01T13:23:34.916+0000] {logging_mixin.py:188} INFO - [2024-10-01T13:23:34.915+0000] {dag.py:3823} INFO - Setting next_dagrun for example_subdag_operator.section-2 to None, run_after=None
[2024-10-01T13:23:34.934+0000] {logging_mixin.py:188} INFO - [2024-10-01T13:23:34.934+0000] {dag.py:3036} INFO - Sync 2 DAGs
[2024-10-01T13:23:34.947+0000] {logging_mixin.py:188} INFO - [2024-10-01T13:23:34.946+0000] {dag.py:3823} INFO - Setting next_dagrun for example_subdag_operator.section-1 to None, run_after=None
[2024-10-01T13:23:34.951+0000] {logging_mixin.py:188} INFO - [2024-10-01T13:23:34.950+0000] {dag.py:3823} INFO - Setting next_dagrun for example_subdag_operator.section-2 to None, run_after=None
[2024-10-01T13:23:34.999+0000] {processor.py:183} INFO - Processing /home/airflow/.local/lib/python3.8/site-packages/airflow/example_dags/example_subdag_operator.py took 0.279 seconds
[2024-10-01T13:24:05.164+0000] {processor.py:161} INFO - Started process (PID=1108) to work on /home/airflow/.local/lib/python3.8/site-packages/airflow/example_dags/example_subdag_operator.py
[2024-10-01T13:24:05.166+0000] {processor.py:830} INFO - Processing file /home/airflow/.local/lib/python3.8/site-packages/airflow/example_dags/example_subdag_operator.py for tasks to queue
[2024-10-01T13:24:05.170+0000] {logging_mixin.py:188} INFO - [2024-10-01T13:24:05.169+0000] {dagbag.py:538} INFO - Filling up the DagBag from /home/airflow/.local/lib/python3.8/site-packages/airflow/example_dags/example_subdag_operator.py
[2024-10-01T13:24:05.212+0000] {processor.py:840} INFO - DAG(s) 'example_subdag_operator.section-1', 'example_subdag_operator.section-2', 'example_subdag_operator' retrieved from /home/airflow/.local/lib/python3.8/site-packages/airflow/example_dags/example_subdag_operator.py
[2024-10-01T13:24:05.242+0000] {logging_mixin.py:188} INFO - [2024-10-01T13:24:05.241+0000] {dag.py:3036} INFO - Sync 3 DAGs
[2024-10-01T13:24:05.291+0000] {logging_mixin.py:188} INFO - [2024-10-01T13:24:05.290+0000] {dag.py:3823} INFO - Setting next_dagrun for example_subdag_operator to 2022-01-01 00:00:00+00:00, run_after=2022-01-01 00:00:00+00:00
[2024-10-01T13:24:05.312+0000] {logging_mixin.py:188} INFO - [2024-10-01T13:24:05.311+0000] {dag.py:3823} INFO - Setting next_dagrun for example_subdag_operator.section-1 to None, run_after=None
[2024-10-01T13:24:05.316+0000] {logging_mixin.py:188} INFO - [2024-10-01T13:24:05.316+0000] {dag.py:3823} INFO - Setting next_dagrun for example_subdag_operator.section-2 to None, run_after=None
[2024-10-01T13:24:05.367+0000] {logging_mixin.py:188} INFO - [2024-10-01T13:24:05.365+0000] {dag.py:3036} INFO - Sync 2 DAGs
[2024-10-01T13:24:05.384+0000] {logging_mixin.py:188} INFO - [2024-10-01T13:24:05.382+0000] {dag.py:3823} INFO - Setting next_dagrun for example_subdag_operator.section-1 to None, run_after=None
[2024-10-01T13:24:05.388+0000] {logging_mixin.py:188} INFO - [2024-10-01T13:24:05.387+0000] {dag.py:3823} INFO - Setting next_dagrun for example_subdag_operator.section-2 to None, run_after=None
[2024-10-01T13:24:05.485+0000] {processor.py:183} INFO - Processing /home/airflow/.local/lib/python3.8/site-packages/airflow/example_dags/example_subdag_operator.py took 0.329 seconds
[2024-10-01T13:24:35.611+0000] {processor.py:161} INFO - Started process (PID=1163) to work on /home/airflow/.local/lib/python3.8/site-packages/airflow/example_dags/example_subdag_operator.py
[2024-10-01T13:24:35.613+0000] {processor.py:830} INFO - Processing file /home/airflow/.local/lib/python3.8/site-packages/airflow/example_dags/example_subdag_operator.py for tasks to queue
[2024-10-01T13:24:35.616+0000] {logging_mixin.py:188} INFO - [2024-10-01T13:24:35.615+0000] {dagbag.py:538} INFO - Filling up the DagBag from /home/airflow/.local/lib/python3.8/site-packages/airflow/example_dags/example_subdag_operator.py
[2024-10-01T13:24:35.654+0000] {processor.py:840} INFO - DAG(s) 'example_subdag_operator.section-1', 'example_subdag_operator.section-2', 'example_subdag_operator' retrieved from /home/airflow/.local/lib/python3.8/site-packages/airflow/example_dags/example_subdag_operator.py
[2024-10-01T13:24:35.677+0000] {logging_mixin.py:188} INFO - [2024-10-01T13:24:35.676+0000] {dag.py:3036} INFO - Sync 3 DAGs
[2024-10-01T13:24:35.710+0000] {logging_mixin.py:188} INFO - [2024-10-01T13:24:35.710+0000] {dag.py:3823} INFO - Setting next_dagrun for example_subdag_operator to 2022-01-01 00:00:00+00:00, run_after=2022-01-01 00:00:00+00:00
[2024-10-01T13:24:35.716+0000] {logging_mixin.py:188} INFO - [2024-10-01T13:24:35.716+0000] {dag.py:3823} INFO - Setting next_dagrun for example_subdag_operator.section-1 to None, run_after=None
[2024-10-01T13:24:35.721+0000] {logging_mixin.py:188} INFO - [2024-10-01T13:24:35.721+0000] {dag.py:3823} INFO - Setting next_dagrun for example_subdag_operator.section-2 to None, run_after=None
[2024-10-01T13:24:35.733+0000] {logging_mixin.py:188} INFO - [2024-10-01T13:24:35.733+0000] {dag.py:3036} INFO - Sync 2 DAGs
[2024-10-01T13:24:35.741+0000] {logging_mixin.py:188} INFO - [2024-10-01T13:24:35.741+0000] {dag.py:3823} INFO - Setting next_dagrun for example_subdag_operator.section-1 to None, run_after=None
[2024-10-01T13:24:35.742+0000] {logging_mixin.py:188} INFO - [2024-10-01T13:24:35.742+0000] {dag.py:3823} INFO - Setting next_dagrun for example_subdag_operator.section-2 to None, run_after=None
[2024-10-01T13:24:35.801+0000] {processor.py:183} INFO - Processing /home/airflow/.local/lib/python3.8/site-packages/airflow/example_dags/example_subdag_operator.py took 0.195 seconds
[2024-10-01T13:25:05.909+0000] {processor.py:161} INFO - Started process (PID=1220) to work on /home/airflow/.local/lib/python3.8/site-packages/airflow/example_dags/example_subdag_operator.py
[2024-10-01T13:25:05.920+0000] {processor.py:830} INFO - Processing file /home/airflow/.local/lib/python3.8/site-packages/airflow/example_dags/example_subdag_operator.py for tasks to queue
[2024-10-01T13:25:05.927+0000] {logging_mixin.py:188} INFO - [2024-10-01T13:25:05.926+0000] {dagbag.py:538} INFO - Filling up the DagBag from /home/airflow/.local/lib/python3.8/site-packages/airflow/example_dags/example_subdag_operator.py
[2024-10-01T13:25:05.992+0000] {processor.py:840} INFO - DAG(s) 'example_subdag_operator.section-1', 'example_subdag_operator.section-2', 'example_subdag_operator' retrieved from /home/airflow/.local/lib/python3.8/site-packages/airflow/example_dags/example_subdag_operator.py
[2024-10-01T13:25:06.041+0000] {logging_mixin.py:188} INFO - [2024-10-01T13:25:06.040+0000] {dag.py:3036} INFO - Sync 3 DAGs
[2024-10-01T13:25:06.092+0000] {logging_mixin.py:188} INFO - [2024-10-01T13:25:06.091+0000] {dag.py:3823} INFO - Setting next_dagrun for example_subdag_operator to 2022-01-01 00:00:00+00:00, run_after=2022-01-01 00:00:00+00:00
[2024-10-01T13:25:06.100+0000] {logging_mixin.py:188} INFO - [2024-10-01T13:25:06.098+0000] {dag.py:3823} INFO - Setting next_dagrun for example_subdag_operator.section-1 to None, run_after=None
[2024-10-01T13:25:06.108+0000] {logging_mixin.py:188} INFO - [2024-10-01T13:25:06.107+0000] {dag.py:3823} INFO - Setting next_dagrun for example_subdag_operator.section-2 to None, run_after=None
[2024-10-01T13:25:06.130+0000] {logging_mixin.py:188} INFO - [2024-10-01T13:25:06.130+0000] {dag.py:3036} INFO - Sync 2 DAGs
[2024-10-01T13:25:06.155+0000] {logging_mixin.py:188} INFO - [2024-10-01T13:25:06.154+0000] {dag.py:3823} INFO - Setting next_dagrun for example_subdag_operator.section-1 to None, run_after=None
[2024-10-01T13:25:06.159+0000] {logging_mixin.py:188} INFO - [2024-10-01T13:25:06.158+0000] {dag.py:3823} INFO - Setting next_dagrun for example_subdag_operator.section-2 to None, run_after=None
[2024-10-01T13:25:06.296+0000] {processor.py:183} INFO - Processing /home/airflow/.local/lib/python3.8/site-packages/airflow/example_dags/example_subdag_operator.py took 0.395 seconds
[2024-10-01T13:25:36.637+0000] {processor.py:161} INFO - Started process (PID=1280) to work on /home/airflow/.local/lib/python3.8/site-packages/airflow/example_dags/example_subdag_operator.py
[2024-10-01T13:25:36.640+0000] {processor.py:830} INFO - Processing file /home/airflow/.local/lib/python3.8/site-packages/airflow/example_dags/example_subdag_operator.py for tasks to queue
[2024-10-01T13:25:36.646+0000] {logging_mixin.py:188} INFO - [2024-10-01T13:25:36.645+0000] {dagbag.py:538} INFO - Filling up the DagBag from /home/airflow/.local/lib/python3.8/site-packages/airflow/example_dags/example_subdag_operator.py
[2024-10-01T13:25:36.760+0000] {processor.py:840} INFO - DAG(s) 'example_subdag_operator.section-1', 'example_subdag_operator.section-2', 'example_subdag_operator' retrieved from /home/airflow/.local/lib/python3.8/site-packages/airflow/example_dags/example_subdag_operator.py
[2024-10-01T13:25:36.886+0000] {logging_mixin.py:188} INFO - [2024-10-01T13:25:36.885+0000] {dag.py:3036} INFO - Sync 3 DAGs
[2024-10-01T13:25:37.019+0000] {logging_mixin.py:188} INFO - [2024-10-01T13:25:37.017+0000] {dag.py:3823} INFO - Setting next_dagrun for example_subdag_operator to 2022-01-01 00:00:00+00:00, run_after=2022-01-01 00:00:00+00:00
[2024-10-01T13:25:37.036+0000] {logging_mixin.py:188} INFO - [2024-10-01T13:25:37.035+0000] {dag.py:3823} INFO - Setting next_dagrun for example_subdag_operator.section-1 to None, run_after=None
[2024-10-01T13:25:37.041+0000] {logging_mixin.py:188} INFO - [2024-10-01T13:25:37.040+0000] {dag.py:3823} INFO - Setting next_dagrun for example_subdag_operator.section-2 to None, run_after=None
[2024-10-01T13:25:37.074+0000] {logging_mixin.py:188} INFO - [2024-10-01T13:25:37.074+0000] {dag.py:3036} INFO - Sync 2 DAGs
[2024-10-01T13:25:37.098+0000] {logging_mixin.py:188} INFO - [2024-10-01T13:25:37.097+0000] {dag.py:3823} INFO - Setting next_dagrun for example_subdag_operator.section-1 to None, run_after=None
[2024-10-01T13:25:37.102+0000] {logging_mixin.py:188} INFO - [2024-10-01T13:25:37.101+0000] {dag.py:3823} INFO - Setting next_dagrun for example_subdag_operator.section-2 to None, run_after=None
[2024-10-01T13:25:37.206+0000] {processor.py:183} INFO - Processing /home/airflow/.local/lib/python3.8/site-packages/airflow/example_dags/example_subdag_operator.py took 0.581 seconds
