[2024-10-01T13:14:55.939+0000] {processor.py:161} INFO - Started process (PID=111) to work on /home/airflow/.local/lib/python3.8/site-packages/airflow/example_dags/example_branch_datetime_operator.py
[2024-10-01T13:14:55.940+0000] {processor.py:830} INFO - Processing file /home/airflow/.local/lib/python3.8/site-packages/airflow/example_dags/example_branch_datetime_operator.py for tasks to queue
[2024-10-01T13:14:55.944+0000] {logging_mixin.py:188} INFO - [2024-10-01T13:14:55.943+0000] {dagbag.py:538} INFO - Filling up the DagBag from /home/airflow/.local/lib/python3.8/site-packages/airflow/example_dags/example_branch_datetime_operator.py
[2024-10-01T13:14:55.969+0000] {processor.py:840} INFO - DAG(s) 'example_branch_datetime_operator_3', 'example_branch_datetime_operator_2', 'example_branch_datetime_operator' retrieved from /home/airflow/.local/lib/python3.8/site-packages/airflow/example_dags/example_branch_datetime_operator.py
[2024-10-01T13:14:56.261+0000] {logging_mixin.py:188} INFO - [2024-10-01T13:14:56.260+0000] {dag.py:3036} INFO - Sync 3 DAGs
[2024-10-01T13:14:56.309+0000] {logging_mixin.py:188} INFO - [2024-10-01T13:14:56.309+0000] {dag.py:3823} INFO - Setting next_dagrun for example_branch_datetime_operator to 2024-09-30 00:00:00+00:00, run_after=2024-10-01 00:00:00+00:00
[2024-10-01T13:14:56.318+0000] {logging_mixin.py:188} INFO - [2024-10-01T13:14:56.317+0000] {dag.py:3823} INFO - Setting next_dagrun for example_branch_datetime_operator_2 to 2024-09-30 00:00:00+00:00, run_after=2024-10-01 00:00:00+00:00
[2024-10-01T13:14:56.325+0000] {logging_mixin.py:188} INFO - [2024-10-01T13:14:56.325+0000] {dag.py:3823} INFO - Setting next_dagrun for example_branch_datetime_operator_3 to 2024-09-30 00:00:00+00:00, run_after=2024-10-01 00:00:00+00:00
[2024-10-01T13:14:56.401+0000] {processor.py:183} INFO - Processing /home/airflow/.local/lib/python3.8/site-packages/airflow/example_dags/example_branch_datetime_operator.py took 0.469 seconds
[2024-10-01T13:15:26.508+0000] {processor.py:161} INFO - Started process (PID=167) to work on /home/airflow/.local/lib/python3.8/site-packages/airflow/example_dags/example_branch_datetime_operator.py
[2024-10-01T13:15:26.510+0000] {processor.py:830} INFO - Processing file /home/airflow/.local/lib/python3.8/site-packages/airflow/example_dags/example_branch_datetime_operator.py for tasks to queue
[2024-10-01T13:15:26.512+0000] {logging_mixin.py:188} INFO - [2024-10-01T13:15:26.511+0000] {dagbag.py:538} INFO - Filling up the DagBag from /home/airflow/.local/lib/python3.8/site-packages/airflow/example_dags/example_branch_datetime_operator.py
[2024-10-01T13:15:26.524+0000] {processor.py:840} INFO - DAG(s) 'example_branch_datetime_operator_3', 'example_branch_datetime_operator_2', 'example_branch_datetime_operator' retrieved from /home/airflow/.local/lib/python3.8/site-packages/airflow/example_dags/example_branch_datetime_operator.py
[2024-10-01T13:15:26.557+0000] {logging_mixin.py:188} INFO - [2024-10-01T13:15:26.557+0000] {dag.py:3036} INFO - Sync 3 DAGs
[2024-10-01T13:15:26.585+0000] {logging_mixin.py:188} INFO - [2024-10-01T13:15:26.584+0000] {dag.py:3823} INFO - Setting next_dagrun for example_branch_datetime_operator to 2024-09-30 00:00:00+00:00, run_after=2024-10-01 00:00:00+00:00
[2024-10-01T13:15:26.591+0000] {logging_mixin.py:188} INFO - [2024-10-01T13:15:26.590+0000] {dag.py:3823} INFO - Setting next_dagrun for example_branch_datetime_operator_2 to 2024-09-30 00:00:00+00:00, run_after=2024-10-01 00:00:00+00:00
[2024-10-01T13:15:26.595+0000] {logging_mixin.py:188} INFO - [2024-10-01T13:15:26.594+0000] {dag.py:3823} INFO - Setting next_dagrun for example_branch_datetime_operator_3 to 2024-09-30 00:00:00+00:00, run_after=2024-10-01 00:00:00+00:00
[2024-10-01T13:15:26.620+0000] {processor.py:183} INFO - Processing /home/airflow/.local/lib/python3.8/site-packages/airflow/example_dags/example_branch_datetime_operator.py took 0.115 seconds
[2024-10-01T13:15:57.509+0000] {processor.py:161} INFO - Started process (PID=223) to work on /home/airflow/.local/lib/python3.8/site-packages/airflow/example_dags/example_branch_datetime_operator.py
[2024-10-01T13:15:57.510+0000] {processor.py:830} INFO - Processing file /home/airflow/.local/lib/python3.8/site-packages/airflow/example_dags/example_branch_datetime_operator.py for tasks to queue
[2024-10-01T13:15:57.513+0000] {logging_mixin.py:188} INFO - [2024-10-01T13:15:57.513+0000] {dagbag.py:538} INFO - Filling up the DagBag from /home/airflow/.local/lib/python3.8/site-packages/airflow/example_dags/example_branch_datetime_operator.py
[2024-10-01T13:15:57.535+0000] {processor.py:840} INFO - DAG(s) 'example_branch_datetime_operator', 'example_branch_datetime_operator_2', 'example_branch_datetime_operator_3' retrieved from /home/airflow/.local/lib/python3.8/site-packages/airflow/example_dags/example_branch_datetime_operator.py
[2024-10-01T13:15:57.593+0000] {logging_mixin.py:188} INFO - [2024-10-01T13:15:57.593+0000] {dag.py:3036} INFO - Sync 3 DAGs
[2024-10-01T13:15:57.634+0000] {logging_mixin.py:188} INFO - [2024-10-01T13:15:57.633+0000] {dag.py:3823} INFO - Setting next_dagrun for example_branch_datetime_operator to 2024-09-30 00:00:00+00:00, run_after=2024-10-01 00:00:00+00:00
[2024-10-01T13:15:57.641+0000] {logging_mixin.py:188} INFO - [2024-10-01T13:15:57.641+0000] {dag.py:3823} INFO - Setting next_dagrun for example_branch_datetime_operator_2 to 2024-09-30 00:00:00+00:00, run_after=2024-10-01 00:00:00+00:00
[2024-10-01T13:15:57.645+0000] {logging_mixin.py:188} INFO - [2024-10-01T13:15:57.645+0000] {dag.py:3823} INFO - Setting next_dagrun for example_branch_datetime_operator_3 to 2024-09-30 00:00:00+00:00, run_after=2024-10-01 00:00:00+00:00
[2024-10-01T13:15:57.674+0000] {processor.py:183} INFO - Processing /home/airflow/.local/lib/python3.8/site-packages/airflow/example_dags/example_branch_datetime_operator.py took 0.170 seconds
[2024-10-01T13:16:29.117+0000] {processor.py:161} INFO - Started process (PID=279) to work on /home/airflow/.local/lib/python3.8/site-packages/airflow/example_dags/example_branch_datetime_operator.py
[2024-10-01T13:16:29.118+0000] {processor.py:830} INFO - Processing file /home/airflow/.local/lib/python3.8/site-packages/airflow/example_dags/example_branch_datetime_operator.py for tasks to queue
[2024-10-01T13:16:29.122+0000] {logging_mixin.py:188} INFO - [2024-10-01T13:16:29.121+0000] {dagbag.py:538} INFO - Filling up the DagBag from /home/airflow/.local/lib/python3.8/site-packages/airflow/example_dags/example_branch_datetime_operator.py
[2024-10-01T13:16:29.138+0000] {processor.py:840} INFO - DAG(s) 'example_branch_datetime_operator_3', 'example_branch_datetime_operator_2', 'example_branch_datetime_operator' retrieved from /home/airflow/.local/lib/python3.8/site-packages/airflow/example_dags/example_branch_datetime_operator.py
[2024-10-01T13:16:29.177+0000] {logging_mixin.py:188} INFO - [2024-10-01T13:16:29.176+0000] {dag.py:3036} INFO - Sync 3 DAGs
[2024-10-01T13:16:29.214+0000] {logging_mixin.py:188} INFO - [2024-10-01T13:16:29.213+0000] {dag.py:3823} INFO - Setting next_dagrun for example_branch_datetime_operator to 2024-09-30 00:00:00+00:00, run_after=2024-10-01 00:00:00+00:00
[2024-10-01T13:16:29.223+0000] {logging_mixin.py:188} INFO - [2024-10-01T13:16:29.222+0000] {dag.py:3823} INFO - Setting next_dagrun for example_branch_datetime_operator_2 to 2024-09-30 00:00:00+00:00, run_after=2024-10-01 00:00:00+00:00
[2024-10-01T13:16:29.228+0000] {logging_mixin.py:188} INFO - [2024-10-01T13:16:29.228+0000] {dag.py:3823} INFO - Setting next_dagrun for example_branch_datetime_operator_3 to 2024-09-30 00:00:00+00:00, run_after=2024-10-01 00:00:00+00:00
[2024-10-01T13:16:29.262+0000] {processor.py:183} INFO - Processing /home/airflow/.local/lib/python3.8/site-packages/airflow/example_dags/example_branch_datetime_operator.py took 0.149 seconds
[2024-10-01T13:17:00.764+0000] {processor.py:161} INFO - Started process (PID=336) to work on /home/airflow/.local/lib/python3.8/site-packages/airflow/example_dags/example_branch_datetime_operator.py
[2024-10-01T13:17:00.766+0000] {processor.py:830} INFO - Processing file /home/airflow/.local/lib/python3.8/site-packages/airflow/example_dags/example_branch_datetime_operator.py for tasks to queue
[2024-10-01T13:17:00.767+0000] {logging_mixin.py:188} INFO - [2024-10-01T13:17:00.767+0000] {dagbag.py:538} INFO - Filling up the DagBag from /home/airflow/.local/lib/python3.8/site-packages/airflow/example_dags/example_branch_datetime_operator.py
[2024-10-01T13:17:00.778+0000] {processor.py:840} INFO - DAG(s) 'example_branch_datetime_operator', 'example_branch_datetime_operator_2', 'example_branch_datetime_operator_3' retrieved from /home/airflow/.local/lib/python3.8/site-packages/airflow/example_dags/example_branch_datetime_operator.py
[2024-10-01T13:17:00.813+0000] {logging_mixin.py:188} INFO - [2024-10-01T13:17:00.813+0000] {dag.py:3036} INFO - Sync 3 DAGs
[2024-10-01T13:17:00.844+0000] {logging_mixin.py:188} INFO - [2024-10-01T13:17:00.843+0000] {dag.py:3823} INFO - Setting next_dagrun for example_branch_datetime_operator to 2024-09-30 00:00:00+00:00, run_after=2024-10-01 00:00:00+00:00
[2024-10-01T13:17:00.850+0000] {logging_mixin.py:188} INFO - [2024-10-01T13:17:00.849+0000] {dag.py:3823} INFO - Setting next_dagrun for example_branch_datetime_operator_2 to 2024-09-30 00:00:00+00:00, run_after=2024-10-01 00:00:00+00:00
[2024-10-01T13:17:00.854+0000] {logging_mixin.py:188} INFO - [2024-10-01T13:17:00.854+0000] {dag.py:3823} INFO - Setting next_dagrun for example_branch_datetime_operator_3 to 2024-09-30 00:00:00+00:00, run_after=2024-10-01 00:00:00+00:00
[2024-10-01T13:17:01.011+0000] {processor.py:183} INFO - Processing /home/airflow/.local/lib/python3.8/site-packages/airflow/example_dags/example_branch_datetime_operator.py took 0.250 seconds
[2024-10-01T13:17:32.027+0000] {processor.py:161} INFO - Started process (PID=393) to work on /home/airflow/.local/lib/python3.8/site-packages/airflow/example_dags/example_branch_datetime_operator.py
[2024-10-01T13:17:32.028+0000] {processor.py:830} INFO - Processing file /home/airflow/.local/lib/python3.8/site-packages/airflow/example_dags/example_branch_datetime_operator.py for tasks to queue
[2024-10-01T13:17:32.031+0000] {logging_mixin.py:188} INFO - [2024-10-01T13:17:32.030+0000] {dagbag.py:538} INFO - Filling up the DagBag from /home/airflow/.local/lib/python3.8/site-packages/airflow/example_dags/example_branch_datetime_operator.py
[2024-10-01T13:17:32.046+0000] {processor.py:840} INFO - DAG(s) 'example_branch_datetime_operator', 'example_branch_datetime_operator_3', 'example_branch_datetime_operator_2' retrieved from /home/airflow/.local/lib/python3.8/site-packages/airflow/example_dags/example_branch_datetime_operator.py
[2024-10-01T13:17:32.097+0000] {logging_mixin.py:188} INFO - [2024-10-01T13:17:32.097+0000] {dag.py:3036} INFO - Sync 3 DAGs
[2024-10-01T13:17:32.138+0000] {logging_mixin.py:188} INFO - [2024-10-01T13:17:32.138+0000] {dag.py:3823} INFO - Setting next_dagrun for example_branch_datetime_operator to 2024-09-30 00:00:00+00:00, run_after=2024-10-01 00:00:00+00:00
[2024-10-01T13:17:32.146+0000] {logging_mixin.py:188} INFO - [2024-10-01T13:17:32.145+0000] {dag.py:3823} INFO - Setting next_dagrun for example_branch_datetime_operator_2 to 2024-09-30 00:00:00+00:00, run_after=2024-10-01 00:00:00+00:00
[2024-10-01T13:17:32.149+0000] {logging_mixin.py:188} INFO - [2024-10-01T13:17:32.149+0000] {dag.py:3823} INFO - Setting next_dagrun for example_branch_datetime_operator_3 to 2024-09-30 00:00:00+00:00, run_after=2024-10-01 00:00:00+00:00
[2024-10-01T13:17:32.191+0000] {processor.py:183} INFO - Processing /home/airflow/.local/lib/python3.8/site-packages/airflow/example_dags/example_branch_datetime_operator.py took 0.170 seconds
[2024-10-01T13:18:02.301+0000] {processor.py:161} INFO - Started process (PID=449) to work on /home/airflow/.local/lib/python3.8/site-packages/airflow/example_dags/example_branch_datetime_operator.py
[2024-10-01T13:18:02.302+0000] {processor.py:830} INFO - Processing file /home/airflow/.local/lib/python3.8/site-packages/airflow/example_dags/example_branch_datetime_operator.py for tasks to queue
[2024-10-01T13:18:02.307+0000] {logging_mixin.py:188} INFO - [2024-10-01T13:18:02.306+0000] {dagbag.py:538} INFO - Filling up the DagBag from /home/airflow/.local/lib/python3.8/site-packages/airflow/example_dags/example_branch_datetime_operator.py
[2024-10-01T13:18:02.325+0000] {processor.py:840} INFO - DAG(s) 'example_branch_datetime_operator_3', 'example_branch_datetime_operator_2', 'example_branch_datetime_operator' retrieved from /home/airflow/.local/lib/python3.8/site-packages/airflow/example_dags/example_branch_datetime_operator.py
[2024-10-01T13:18:02.365+0000] {logging_mixin.py:188} INFO - [2024-10-01T13:18:02.365+0000] {dag.py:3036} INFO - Sync 3 DAGs
[2024-10-01T13:18:02.402+0000] {logging_mixin.py:188} INFO - [2024-10-01T13:18:02.401+0000] {dag.py:3823} INFO - Setting next_dagrun for example_branch_datetime_operator to 2024-09-30 00:00:00+00:00, run_after=2024-10-01 00:00:00+00:00
[2024-10-01T13:18:02.409+0000] {logging_mixin.py:188} INFO - [2024-10-01T13:18:02.409+0000] {dag.py:3823} INFO - Setting next_dagrun for example_branch_datetime_operator_2 to 2024-09-30 00:00:00+00:00, run_after=2024-10-01 00:00:00+00:00
[2024-10-01T13:18:02.413+0000] {logging_mixin.py:188} INFO - [2024-10-01T13:18:02.413+0000] {dag.py:3823} INFO - Setting next_dagrun for example_branch_datetime_operator_3 to 2024-09-30 00:00:00+00:00, run_after=2024-10-01 00:00:00+00:00
[2024-10-01T13:18:02.441+0000] {processor.py:183} INFO - Processing /home/airflow/.local/lib/python3.8/site-packages/airflow/example_dags/example_branch_datetime_operator.py took 0.145 seconds
[2024-10-01T13:18:32.982+0000] {processor.py:161} INFO - Started process (PID=505) to work on /home/airflow/.local/lib/python3.8/site-packages/airflow/example_dags/example_branch_datetime_operator.py
[2024-10-01T13:18:32.984+0000] {processor.py:830} INFO - Processing file /home/airflow/.local/lib/python3.8/site-packages/airflow/example_dags/example_branch_datetime_operator.py for tasks to queue
[2024-10-01T13:18:32.988+0000] {logging_mixin.py:188} INFO - [2024-10-01T13:18:32.987+0000] {dagbag.py:538} INFO - Filling up the DagBag from /home/airflow/.local/lib/python3.8/site-packages/airflow/example_dags/example_branch_datetime_operator.py
[2024-10-01T13:18:33.004+0000] {processor.py:840} INFO - DAG(s) 'example_branch_datetime_operator_2', 'example_branch_datetime_operator_3', 'example_branch_datetime_operator' retrieved from /home/airflow/.local/lib/python3.8/site-packages/airflow/example_dags/example_branch_datetime_operator.py
[2024-10-01T13:18:33.047+0000] {logging_mixin.py:188} INFO - [2024-10-01T13:18:33.047+0000] {dag.py:3036} INFO - Sync 3 DAGs
[2024-10-01T13:18:33.085+0000] {logging_mixin.py:188} INFO - [2024-10-01T13:18:33.084+0000] {dag.py:3823} INFO - Setting next_dagrun for example_branch_datetime_operator to 2024-09-30 00:00:00+00:00, run_after=2024-10-01 00:00:00+00:00
[2024-10-01T13:18:33.095+0000] {logging_mixin.py:188} INFO - [2024-10-01T13:18:33.095+0000] {dag.py:3823} INFO - Setting next_dagrun for example_branch_datetime_operator_2 to 2024-09-30 00:00:00+00:00, run_after=2024-10-01 00:00:00+00:00
[2024-10-01T13:18:33.100+0000] {logging_mixin.py:188} INFO - [2024-10-01T13:18:33.100+0000] {dag.py:3823} INFO - Setting next_dagrun for example_branch_datetime_operator_3 to 2024-09-30 00:00:00+00:00, run_after=2024-10-01 00:00:00+00:00
[2024-10-01T13:18:33.198+0000] {processor.py:183} INFO - Processing /home/airflow/.local/lib/python3.8/site-packages/airflow/example_dags/example_branch_datetime_operator.py took 0.221 seconds
[2024-10-01T13:19:03.637+0000] {processor.py:161} INFO - Started process (PID=561) to work on /home/airflow/.local/lib/python3.8/site-packages/airflow/example_dags/example_branch_datetime_operator.py
[2024-10-01T13:19:03.638+0000] {processor.py:830} INFO - Processing file /home/airflow/.local/lib/python3.8/site-packages/airflow/example_dags/example_branch_datetime_operator.py for tasks to queue
[2024-10-01T13:19:03.640+0000] {logging_mixin.py:188} INFO - [2024-10-01T13:19:03.640+0000] {dagbag.py:538} INFO - Filling up the DagBag from /home/airflow/.local/lib/python3.8/site-packages/airflow/example_dags/example_branch_datetime_operator.py
[2024-10-01T13:19:03.655+0000] {processor.py:840} INFO - DAG(s) 'example_branch_datetime_operator_3', 'example_branch_datetime_operator', 'example_branch_datetime_operator_2' retrieved from /home/airflow/.local/lib/python3.8/site-packages/airflow/example_dags/example_branch_datetime_operator.py
[2024-10-01T13:19:03.693+0000] {logging_mixin.py:188} INFO - [2024-10-01T13:19:03.692+0000] {dag.py:3036} INFO - Sync 3 DAGs
[2024-10-01T13:19:03.724+0000] {logging_mixin.py:188} INFO - [2024-10-01T13:19:03.724+0000] {dag.py:3823} INFO - Setting next_dagrun for example_branch_datetime_operator to 2024-09-30 00:00:00+00:00, run_after=2024-10-01 00:00:00+00:00
[2024-10-01T13:19:03.731+0000] {logging_mixin.py:188} INFO - [2024-10-01T13:19:03.731+0000] {dag.py:3823} INFO - Setting next_dagrun for example_branch_datetime_operator_2 to 2024-09-30 00:00:00+00:00, run_after=2024-10-01 00:00:00+00:00
[2024-10-01T13:19:03.735+0000] {logging_mixin.py:188} INFO - [2024-10-01T13:19:03.735+0000] {dag.py:3823} INFO - Setting next_dagrun for example_branch_datetime_operator_3 to 2024-09-30 00:00:00+00:00, run_after=2024-10-01 00:00:00+00:00
[2024-10-01T13:19:03.771+0000] {processor.py:183} INFO - Processing /home/airflow/.local/lib/python3.8/site-packages/airflow/example_dags/example_branch_datetime_operator.py took 0.138 seconds
[2024-10-01T13:19:34.329+0000] {processor.py:161} INFO - Started process (PID=617) to work on /home/airflow/.local/lib/python3.8/site-packages/airflow/example_dags/example_branch_datetime_operator.py
[2024-10-01T13:19:34.330+0000] {processor.py:830} INFO - Processing file /home/airflow/.local/lib/python3.8/site-packages/airflow/example_dags/example_branch_datetime_operator.py for tasks to queue
[2024-10-01T13:19:34.332+0000] {logging_mixin.py:188} INFO - [2024-10-01T13:19:34.332+0000] {dagbag.py:538} INFO - Filling up the DagBag from /home/airflow/.local/lib/python3.8/site-packages/airflow/example_dags/example_branch_datetime_operator.py
[2024-10-01T13:19:34.344+0000] {processor.py:840} INFO - DAG(s) 'example_branch_datetime_operator', 'example_branch_datetime_operator_3', 'example_branch_datetime_operator_2' retrieved from /home/airflow/.local/lib/python3.8/site-packages/airflow/example_dags/example_branch_datetime_operator.py
[2024-10-01T13:19:34.377+0000] {logging_mixin.py:188} INFO - [2024-10-01T13:19:34.377+0000] {dag.py:3036} INFO - Sync 3 DAGs
[2024-10-01T13:19:34.405+0000] {logging_mixin.py:188} INFO - [2024-10-01T13:19:34.405+0000] {dag.py:3823} INFO - Setting next_dagrun for example_branch_datetime_operator to 2024-09-30 00:00:00+00:00, run_after=2024-10-01 00:00:00+00:00
[2024-10-01T13:19:34.411+0000] {logging_mixin.py:188} INFO - [2024-10-01T13:19:34.411+0000] {dag.py:3823} INFO - Setting next_dagrun for example_branch_datetime_operator_2 to 2024-09-30 00:00:00+00:00, run_after=2024-10-01 00:00:00+00:00
[2024-10-01T13:19:34.415+0000] {logging_mixin.py:188} INFO - [2024-10-01T13:19:34.415+0000] {dag.py:3823} INFO - Setting next_dagrun for example_branch_datetime_operator_3 to 2024-09-30 00:00:00+00:00, run_after=2024-10-01 00:00:00+00:00
[2024-10-01T13:19:34.604+0000] {processor.py:183} INFO - Processing /home/airflow/.local/lib/python3.8/site-packages/airflow/example_dags/example_branch_datetime_operator.py took 0.279 seconds
[2024-10-01T13:20:04.706+0000] {processor.py:161} INFO - Started process (PID=673) to work on /home/airflow/.local/lib/python3.8/site-packages/airflow/example_dags/example_branch_datetime_operator.py
[2024-10-01T13:20:04.707+0000] {processor.py:830} INFO - Processing file /home/airflow/.local/lib/python3.8/site-packages/airflow/example_dags/example_branch_datetime_operator.py for tasks to queue
[2024-10-01T13:20:04.709+0000] {logging_mixin.py:188} INFO - [2024-10-01T13:20:04.709+0000] {dagbag.py:538} INFO - Filling up the DagBag from /home/airflow/.local/lib/python3.8/site-packages/airflow/example_dags/example_branch_datetime_operator.py
[2024-10-01T13:20:04.720+0000] {processor.py:840} INFO - DAG(s) 'example_branch_datetime_operator_2', 'example_branch_datetime_operator_3', 'example_branch_datetime_operator' retrieved from /home/airflow/.local/lib/python3.8/site-packages/airflow/example_dags/example_branch_datetime_operator.py
[2024-10-01T13:20:04.751+0000] {logging_mixin.py:188} INFO - [2024-10-01T13:20:04.751+0000] {dag.py:3036} INFO - Sync 3 DAGs
[2024-10-01T13:20:04.776+0000] {logging_mixin.py:188} INFO - [2024-10-01T13:20:04.776+0000] {dag.py:3823} INFO - Setting next_dagrun for example_branch_datetime_operator to 2024-09-30 00:00:00+00:00, run_after=2024-10-01 00:00:00+00:00
[2024-10-01T13:20:04.782+0000] {logging_mixin.py:188} INFO - [2024-10-01T13:20:04.782+0000] {dag.py:3823} INFO - Setting next_dagrun for example_branch_datetime_operator_2 to 2024-09-30 00:00:00+00:00, run_after=2024-10-01 00:00:00+00:00
[2024-10-01T13:20:04.786+0000] {logging_mixin.py:188} INFO - [2024-10-01T13:20:04.786+0000] {dag.py:3823} INFO - Setting next_dagrun for example_branch_datetime_operator_3 to 2024-09-30 00:00:00+00:00, run_after=2024-10-01 00:00:00+00:00
[2024-10-01T13:20:04.808+0000] {processor.py:183} INFO - Processing /home/airflow/.local/lib/python3.8/site-packages/airflow/example_dags/example_branch_datetime_operator.py took 0.106 seconds
[2024-10-01T13:20:35.037+0000] {processor.py:161} INFO - Started process (PID=730) to work on /home/airflow/.local/lib/python3.8/site-packages/airflow/example_dags/example_branch_datetime_operator.py
[2024-10-01T13:20:35.038+0000] {processor.py:830} INFO - Processing file /home/airflow/.local/lib/python3.8/site-packages/airflow/example_dags/example_branch_datetime_operator.py for tasks to queue
[2024-10-01T13:20:35.041+0000] {logging_mixin.py:188} INFO - [2024-10-01T13:20:35.041+0000] {dagbag.py:538} INFO - Filling up the DagBag from /home/airflow/.local/lib/python3.8/site-packages/airflow/example_dags/example_branch_datetime_operator.py
[2024-10-01T13:20:35.063+0000] {processor.py:840} INFO - DAG(s) 'example_branch_datetime_operator', 'example_branch_datetime_operator_2', 'example_branch_datetime_operator_3' retrieved from /home/airflow/.local/lib/python3.8/site-packages/airflow/example_dags/example_branch_datetime_operator.py
[2024-10-01T13:20:35.139+0000] {logging_mixin.py:188} INFO - [2024-10-01T13:20:35.138+0000] {dag.py:3036} INFO - Sync 3 DAGs
[2024-10-01T13:20:35.247+0000] {logging_mixin.py:188} INFO - [2024-10-01T13:20:35.247+0000] {dag.py:3823} INFO - Setting next_dagrun for example_branch_datetime_operator to 2024-09-30 00:00:00+00:00, run_after=2024-10-01 00:00:00+00:00
[2024-10-01T13:20:35.262+0000] {logging_mixin.py:188} INFO - [2024-10-01T13:20:35.261+0000] {dag.py:3823} INFO - Setting next_dagrun for example_branch_datetime_operator_2 to 2024-09-30 00:00:00+00:00, run_after=2024-10-01 00:00:00+00:00
[2024-10-01T13:20:35.267+0000] {logging_mixin.py:188} INFO - [2024-10-01T13:20:35.267+0000] {dag.py:3823} INFO - Setting next_dagrun for example_branch_datetime_operator_3 to 2024-09-30 00:00:00+00:00, run_after=2024-10-01 00:00:00+00:00
[2024-10-01T13:20:35.298+0000] {processor.py:183} INFO - Processing /home/airflow/.local/lib/python3.8/site-packages/airflow/example_dags/example_branch_datetime_operator.py took 0.266 seconds
[2024-10-01T13:21:05.633+0000] {processor.py:161} INFO - Started process (PID=793) to work on /home/airflow/.local/lib/python3.8/site-packages/airflow/example_dags/example_branch_datetime_operator.py
[2024-10-01T13:21:05.634+0000] {processor.py:830} INFO - Processing file /home/airflow/.local/lib/python3.8/site-packages/airflow/example_dags/example_branch_datetime_operator.py for tasks to queue
[2024-10-01T13:21:05.636+0000] {logging_mixin.py:188} INFO - [2024-10-01T13:21:05.636+0000] {dagbag.py:538} INFO - Filling up the DagBag from /home/airflow/.local/lib/python3.8/site-packages/airflow/example_dags/example_branch_datetime_operator.py
[2024-10-01T13:21:05.647+0000] {processor.py:840} INFO - DAG(s) 'example_branch_datetime_operator_3', 'example_branch_datetime_operator', 'example_branch_datetime_operator_2' retrieved from /home/airflow/.local/lib/python3.8/site-packages/airflow/example_dags/example_branch_datetime_operator.py
[2024-10-01T13:21:05.686+0000] {logging_mixin.py:188} INFO - [2024-10-01T13:21:05.686+0000] {dag.py:3036} INFO - Sync 3 DAGs
[2024-10-01T13:21:05.715+0000] {logging_mixin.py:188} INFO - [2024-10-01T13:21:05.715+0000] {dag.py:3823} INFO - Setting next_dagrun for example_branch_datetime_operator to 2024-09-30 00:00:00+00:00, run_after=2024-10-01 00:00:00+00:00
[2024-10-01T13:21:05.721+0000] {logging_mixin.py:188} INFO - [2024-10-01T13:21:05.721+0000] {dag.py:3823} INFO - Setting next_dagrun for example_branch_datetime_operator_2 to 2024-09-30 00:00:00+00:00, run_after=2024-10-01 00:00:00+00:00
[2024-10-01T13:21:05.725+0000] {logging_mixin.py:188} INFO - [2024-10-01T13:21:05.725+0000] {dag.py:3823} INFO - Setting next_dagrun for example_branch_datetime_operator_3 to 2024-09-30 00:00:00+00:00, run_after=2024-10-01 00:00:00+00:00
[2024-10-01T13:21:05.764+0000] {processor.py:183} INFO - Processing /home/airflow/.local/lib/python3.8/site-packages/airflow/example_dags/example_branch_datetime_operator.py took 0.135 seconds
[2024-10-01T13:21:36.216+0000] {processor.py:161} INFO - Started process (PID=849) to work on /home/airflow/.local/lib/python3.8/site-packages/airflow/example_dags/example_branch_datetime_operator.py
[2024-10-01T13:21:36.218+0000] {processor.py:830} INFO - Processing file /home/airflow/.local/lib/python3.8/site-packages/airflow/example_dags/example_branch_datetime_operator.py for tasks to queue
[2024-10-01T13:21:36.224+0000] {logging_mixin.py:188} INFO - [2024-10-01T13:21:36.224+0000] {dagbag.py:538} INFO - Filling up the DagBag from /home/airflow/.local/lib/python3.8/site-packages/airflow/example_dags/example_branch_datetime_operator.py
[2024-10-01T13:21:36.241+0000] {processor.py:840} INFO - DAG(s) 'example_branch_datetime_operator', 'example_branch_datetime_operator_3', 'example_branch_datetime_operator_2' retrieved from /home/airflow/.local/lib/python3.8/site-packages/airflow/example_dags/example_branch_datetime_operator.py
[2024-10-01T13:21:36.288+0000] {logging_mixin.py:188} INFO - [2024-10-01T13:21:36.287+0000] {dag.py:3036} INFO - Sync 3 DAGs
[2024-10-01T13:21:36.335+0000] {logging_mixin.py:188} INFO - [2024-10-01T13:21:36.335+0000] {dag.py:3823} INFO - Setting next_dagrun for example_branch_datetime_operator to 2024-09-30 00:00:00+00:00, run_after=2024-10-01 00:00:00+00:00
[2024-10-01T13:21:36.344+0000] {logging_mixin.py:188} INFO - [2024-10-01T13:21:36.344+0000] {dag.py:3823} INFO - Setting next_dagrun for example_branch_datetime_operator_2 to 2024-09-30 00:00:00+00:00, run_after=2024-10-01 00:00:00+00:00
[2024-10-01T13:21:36.349+0000] {logging_mixin.py:188} INFO - [2024-10-01T13:21:36.348+0000] {dag.py:3823} INFO - Setting next_dagrun for example_branch_datetime_operator_3 to 2024-09-30 00:00:00+00:00, run_after=2024-10-01 00:00:00+00:00
[2024-10-01T13:21:36.398+0000] {processor.py:183} INFO - Processing /home/airflow/.local/lib/python3.8/site-packages/airflow/example_dags/example_branch_datetime_operator.py took 0.187 seconds
[2024-10-01T13:22:06.994+0000] {processor.py:161} INFO - Started process (PID=905) to work on /home/airflow/.local/lib/python3.8/site-packages/airflow/example_dags/example_branch_datetime_operator.py
[2024-10-01T13:22:06.995+0000] {processor.py:830} INFO - Processing file /home/airflow/.local/lib/python3.8/site-packages/airflow/example_dags/example_branch_datetime_operator.py for tasks to queue
[2024-10-01T13:22:06.997+0000] {logging_mixin.py:188} INFO - [2024-10-01T13:22:06.996+0000] {dagbag.py:538} INFO - Filling up the DagBag from /home/airflow/.local/lib/python3.8/site-packages/airflow/example_dags/example_branch_datetime_operator.py
[2024-10-01T13:22:07.009+0000] {processor.py:840} INFO - DAG(s) 'example_branch_datetime_operator', 'example_branch_datetime_operator_2', 'example_branch_datetime_operator_3' retrieved from /home/airflow/.local/lib/python3.8/site-packages/airflow/example_dags/example_branch_datetime_operator.py
[2024-10-01T13:22:07.047+0000] {logging_mixin.py:188} INFO - [2024-10-01T13:22:07.046+0000] {dag.py:3036} INFO - Sync 3 DAGs
[2024-10-01T13:22:07.080+0000] {logging_mixin.py:188} INFO - [2024-10-01T13:22:07.080+0000] {dag.py:3823} INFO - Setting next_dagrun for example_branch_datetime_operator to 2024-09-30 00:00:00+00:00, run_after=2024-10-01 00:00:00+00:00
[2024-10-01T13:22:07.090+0000] {logging_mixin.py:188} INFO - [2024-10-01T13:22:07.090+0000] {dag.py:3823} INFO - Setting next_dagrun for example_branch_datetime_operator_2 to 2024-09-30 00:00:00+00:00, run_after=2024-10-01 00:00:00+00:00
[2024-10-01T13:22:07.094+0000] {logging_mixin.py:188} INFO - [2024-10-01T13:22:07.094+0000] {dag.py:3823} INFO - Setting next_dagrun for example_branch_datetime_operator_3 to 2024-09-30 00:00:00+00:00, run_after=2024-10-01 00:00:00+00:00
[2024-10-01T13:22:07.125+0000] {processor.py:183} INFO - Processing /home/airflow/.local/lib/python3.8/site-packages/airflow/example_dags/example_branch_datetime_operator.py took 0.135 seconds
[2024-10-01T13:22:39.773+0000] {processor.py:161} INFO - Started process (PID=962) to work on /home/airflow/.local/lib/python3.8/site-packages/airflow/example_dags/example_branch_datetime_operator.py
[2024-10-01T13:22:39.791+0000] {processor.py:830} INFO - Processing file /home/airflow/.local/lib/python3.8/site-packages/airflow/example_dags/example_branch_datetime_operator.py for tasks to queue
[2024-10-01T13:22:39.799+0000] {logging_mixin.py:188} INFO - [2024-10-01T13:22:39.798+0000] {dagbag.py:538} INFO - Filling up the DagBag from /home/airflow/.local/lib/python3.8/site-packages/airflow/example_dags/example_branch_datetime_operator.py
[2024-10-01T13:22:39.896+0000] {processor.py:840} INFO - DAG(s) 'example_branch_datetime_operator_2', 'example_branch_datetime_operator_3', 'example_branch_datetime_operator' retrieved from /home/airflow/.local/lib/python3.8/site-packages/airflow/example_dags/example_branch_datetime_operator.py
[2024-10-01T13:22:40.095+0000] {logging_mixin.py:188} INFO - [2024-10-01T13:22:40.095+0000] {dag.py:3036} INFO - Sync 3 DAGs
[2024-10-01T13:22:40.284+0000] {logging_mixin.py:188} INFO - [2024-10-01T13:22:40.283+0000] {dag.py:3823} INFO - Setting next_dagrun for example_branch_datetime_operator to 2024-09-30 00:00:00+00:00, run_after=2024-10-01 00:00:00+00:00
[2024-10-01T13:22:40.525+0000] {logging_mixin.py:188} INFO - [2024-10-01T13:22:40.524+0000] {dag.py:3823} INFO - Setting next_dagrun for example_branch_datetime_operator_2 to 2024-09-30 00:00:00+00:00, run_after=2024-10-01 00:00:00+00:00
[2024-10-01T13:22:40.719+0000] {logging_mixin.py:188} INFO - [2024-10-01T13:22:40.719+0000] {dag.py:3823} INFO - Setting next_dagrun for example_branch_datetime_operator_3 to 2024-09-30 00:00:00+00:00, run_after=2024-10-01 00:00:00+00:00
[2024-10-01T13:22:40.933+0000] {processor.py:183} INFO - Processing /home/airflow/.local/lib/python3.8/site-packages/airflow/example_dags/example_branch_datetime_operator.py took 1.168 seconds
[2024-10-01T13:23:11.125+0000] {processor.py:161} INFO - Started process (PID=1018) to work on /home/airflow/.local/lib/python3.8/site-packages/airflow/example_dags/example_branch_datetime_operator.py
[2024-10-01T13:23:11.126+0000] {processor.py:830} INFO - Processing file /home/airflow/.local/lib/python3.8/site-packages/airflow/example_dags/example_branch_datetime_operator.py for tasks to queue
[2024-10-01T13:23:11.128+0000] {logging_mixin.py:188} INFO - [2024-10-01T13:23:11.127+0000] {dagbag.py:538} INFO - Filling up the DagBag from /home/airflow/.local/lib/python3.8/site-packages/airflow/example_dags/example_branch_datetime_operator.py
[2024-10-01T13:23:11.139+0000] {processor.py:840} INFO - DAG(s) 'example_branch_datetime_operator_2', 'example_branch_datetime_operator', 'example_branch_datetime_operator_3' retrieved from /home/airflow/.local/lib/python3.8/site-packages/airflow/example_dags/example_branch_datetime_operator.py
[2024-10-01T13:23:11.175+0000] {logging_mixin.py:188} INFO - [2024-10-01T13:23:11.175+0000] {dag.py:3036} INFO - Sync 3 DAGs
[2024-10-01T13:23:11.207+0000] {logging_mixin.py:188} INFO - [2024-10-01T13:23:11.206+0000] {dag.py:3823} INFO - Setting next_dagrun for example_branch_datetime_operator to 2024-09-30 00:00:00+00:00, run_after=2024-10-01 00:00:00+00:00
[2024-10-01T13:23:11.215+0000] {logging_mixin.py:188} INFO - [2024-10-01T13:23:11.214+0000] {dag.py:3823} INFO - Setting next_dagrun for example_branch_datetime_operator_2 to 2024-09-30 00:00:00+00:00, run_after=2024-10-01 00:00:00+00:00
[2024-10-01T13:23:11.220+0000] {logging_mixin.py:188} INFO - [2024-10-01T13:23:11.219+0000] {dag.py:3823} INFO - Setting next_dagrun for example_branch_datetime_operator_3 to 2024-09-30 00:00:00+00:00, run_after=2024-10-01 00:00:00+00:00
[2024-10-01T13:23:11.292+0000] {processor.py:183} INFO - Processing /home/airflow/.local/lib/python3.8/site-packages/airflow/example_dags/example_branch_datetime_operator.py took 0.170 seconds
[2024-10-01T13:23:42.058+0000] {processor.py:161} INFO - Started process (PID=1074) to work on /home/airflow/.local/lib/python3.8/site-packages/airflow/example_dags/example_branch_datetime_operator.py
[2024-10-01T13:23:42.060+0000] {processor.py:830} INFO - Processing file /home/airflow/.local/lib/python3.8/site-packages/airflow/example_dags/example_branch_datetime_operator.py for tasks to queue
[2024-10-01T13:23:42.063+0000] {logging_mixin.py:188} INFO - [2024-10-01T13:23:42.063+0000] {dagbag.py:538} INFO - Filling up the DagBag from /home/airflow/.local/lib/python3.8/site-packages/airflow/example_dags/example_branch_datetime_operator.py
[2024-10-01T13:23:42.091+0000] {processor.py:840} INFO - DAG(s) 'example_branch_datetime_operator', 'example_branch_datetime_operator_3', 'example_branch_datetime_operator_2' retrieved from /home/airflow/.local/lib/python3.8/site-packages/airflow/example_dags/example_branch_datetime_operator.py
[2024-10-01T13:23:42.161+0000] {logging_mixin.py:188} INFO - [2024-10-01T13:23:42.160+0000] {dag.py:3036} INFO - Sync 3 DAGs
[2024-10-01T13:23:42.239+0000] {logging_mixin.py:188} INFO - [2024-10-01T13:23:42.238+0000] {dag.py:3823} INFO - Setting next_dagrun for example_branch_datetime_operator to 2024-09-30 00:00:00+00:00, run_after=2024-10-01 00:00:00+00:00
[2024-10-01T13:23:42.257+0000] {logging_mixin.py:188} INFO - [2024-10-01T13:23:42.256+0000] {dag.py:3823} INFO - Setting next_dagrun for example_branch_datetime_operator_2 to 2024-09-30 00:00:00+00:00, run_after=2024-10-01 00:00:00+00:00
[2024-10-01T13:23:42.262+0000] {logging_mixin.py:188} INFO - [2024-10-01T13:23:42.261+0000] {dag.py:3823} INFO - Setting next_dagrun for example_branch_datetime_operator_3 to 2024-09-30 00:00:00+00:00, run_after=2024-10-01 00:00:00+00:00
[2024-10-01T13:23:42.364+0000] {processor.py:183} INFO - Processing /home/airflow/.local/lib/python3.8/site-packages/airflow/example_dags/example_branch_datetime_operator.py took 0.313 seconds
[2024-10-01T13:24:13.039+0000] {processor.py:161} INFO - Started process (PID=1130) to work on /home/airflow/.local/lib/python3.8/site-packages/airflow/example_dags/example_branch_datetime_operator.py
[2024-10-01T13:24:13.041+0000] {processor.py:830} INFO - Processing file /home/airflow/.local/lib/python3.8/site-packages/airflow/example_dags/example_branch_datetime_operator.py for tasks to queue
[2024-10-01T13:24:13.045+0000] {logging_mixin.py:188} INFO - [2024-10-01T13:24:13.044+0000] {dagbag.py:538} INFO - Filling up the DagBag from /home/airflow/.local/lib/python3.8/site-packages/airflow/example_dags/example_branch_datetime_operator.py
[2024-10-01T13:24:13.072+0000] {processor.py:840} INFO - DAG(s) 'example_branch_datetime_operator_2', 'example_branch_datetime_operator', 'example_branch_datetime_operator_3' retrieved from /home/airflow/.local/lib/python3.8/site-packages/airflow/example_dags/example_branch_datetime_operator.py
[2024-10-01T13:24:13.137+0000] {logging_mixin.py:188} INFO - [2024-10-01T13:24:13.136+0000] {dag.py:3036} INFO - Sync 3 DAGs
[2024-10-01T13:24:13.192+0000] {logging_mixin.py:188} INFO - [2024-10-01T13:24:13.191+0000] {dag.py:3823} INFO - Setting next_dagrun for example_branch_datetime_operator to 2024-09-30 00:00:00+00:00, run_after=2024-10-01 00:00:00+00:00
[2024-10-01T13:24:13.203+0000] {logging_mixin.py:188} INFO - [2024-10-01T13:24:13.203+0000] {dag.py:3823} INFO - Setting next_dagrun for example_branch_datetime_operator_2 to 2024-09-30 00:00:00+00:00, run_after=2024-10-01 00:00:00+00:00
[2024-10-01T13:24:13.208+0000] {logging_mixin.py:188} INFO - [2024-10-01T13:24:13.208+0000] {dag.py:3823} INFO - Setting next_dagrun for example_branch_datetime_operator_3 to 2024-09-30 00:00:00+00:00, run_after=2024-10-01 00:00:00+00:00
[2024-10-01T13:24:13.244+0000] {processor.py:183} INFO - Processing /home/airflow/.local/lib/python3.8/site-packages/airflow/example_dags/example_branch_datetime_operator.py took 0.212 seconds
[2024-10-01T13:24:43.485+0000] {processor.py:161} INFO - Started process (PID=1186) to work on /home/airflow/.local/lib/python3.8/site-packages/airflow/example_dags/example_branch_datetime_operator.py
[2024-10-01T13:24:43.486+0000] {processor.py:830} INFO - Processing file /home/airflow/.local/lib/python3.8/site-packages/airflow/example_dags/example_branch_datetime_operator.py for tasks to queue
[2024-10-01T13:24:43.489+0000] {logging_mixin.py:188} INFO - [2024-10-01T13:24:43.489+0000] {dagbag.py:538} INFO - Filling up the DagBag from /home/airflow/.local/lib/python3.8/site-packages/airflow/example_dags/example_branch_datetime_operator.py
[2024-10-01T13:24:43.507+0000] {processor.py:840} INFO - DAG(s) 'example_branch_datetime_operator_2', 'example_branch_datetime_operator', 'example_branch_datetime_operator_3' retrieved from /home/airflow/.local/lib/python3.8/site-packages/airflow/example_dags/example_branch_datetime_operator.py
[2024-10-01T13:24:43.549+0000] {logging_mixin.py:188} INFO - [2024-10-01T13:24:43.548+0000] {dag.py:3036} INFO - Sync 3 DAGs
[2024-10-01T13:24:43.585+0000] {logging_mixin.py:188} INFO - [2024-10-01T13:24:43.584+0000] {dag.py:3823} INFO - Setting next_dagrun for example_branch_datetime_operator to 2024-09-30 00:00:00+00:00, run_after=2024-10-01 00:00:00+00:00
[2024-10-01T13:24:43.592+0000] {logging_mixin.py:188} INFO - [2024-10-01T13:24:43.591+0000] {dag.py:3823} INFO - Setting next_dagrun for example_branch_datetime_operator_2 to 2024-09-30 00:00:00+00:00, run_after=2024-10-01 00:00:00+00:00
[2024-10-01T13:24:43.596+0000] {logging_mixin.py:188} INFO - [2024-10-01T13:24:43.596+0000] {dag.py:3823} INFO - Setting next_dagrun for example_branch_datetime_operator_3 to 2024-09-30 00:00:00+00:00, run_after=2024-10-01 00:00:00+00:00
[2024-10-01T13:24:43.628+0000] {processor.py:183} INFO - Processing /home/airflow/.local/lib/python3.8/site-packages/airflow/example_dags/example_branch_datetime_operator.py took 0.148 seconds
[2024-10-01T13:25:14.669+0000] {processor.py:161} INFO - Started process (PID=1241) to work on /home/airflow/.local/lib/python3.8/site-packages/airflow/example_dags/example_branch_datetime_operator.py
[2024-10-01T13:25:14.671+0000] {processor.py:830} INFO - Processing file /home/airflow/.local/lib/python3.8/site-packages/airflow/example_dags/example_branch_datetime_operator.py for tasks to queue
[2024-10-01T13:25:14.675+0000] {logging_mixin.py:188} INFO - [2024-10-01T13:25:14.674+0000] {dagbag.py:538} INFO - Filling up the DagBag from /home/airflow/.local/lib/python3.8/site-packages/airflow/example_dags/example_branch_datetime_operator.py
[2024-10-01T13:25:14.695+0000] {processor.py:840} INFO - DAG(s) 'example_branch_datetime_operator', 'example_branch_datetime_operator_3', 'example_branch_datetime_operator_2' retrieved from /home/airflow/.local/lib/python3.8/site-packages/airflow/example_dags/example_branch_datetime_operator.py
[2024-10-01T13:25:14.745+0000] {logging_mixin.py:188} INFO - [2024-10-01T13:25:14.745+0000] {dag.py:3036} INFO - Sync 3 DAGs
[2024-10-01T13:25:14.795+0000] {logging_mixin.py:188} INFO - [2024-10-01T13:25:14.794+0000] {dag.py:3823} INFO - Setting next_dagrun for example_branch_datetime_operator to 2024-09-30 00:00:00+00:00, run_after=2024-10-01 00:00:00+00:00
[2024-10-01T13:25:14.805+0000] {logging_mixin.py:188} INFO - [2024-10-01T13:25:14.805+0000] {dag.py:3823} INFO - Setting next_dagrun for example_branch_datetime_operator_2 to 2024-09-30 00:00:00+00:00, run_after=2024-10-01 00:00:00+00:00
[2024-10-01T13:25:14.810+0000] {logging_mixin.py:188} INFO - [2024-10-01T13:25:14.809+0000] {dag.py:3823} INFO - Setting next_dagrun for example_branch_datetime_operator_3 to 2024-09-30 00:00:00+00:00, run_after=2024-10-01 00:00:00+00:00
[2024-10-01T13:25:14.858+0000] {processor.py:183} INFO - Processing /home/airflow/.local/lib/python3.8/site-packages/airflow/example_dags/example_branch_datetime_operator.py took 0.196 seconds
[2024-10-01T13:25:44.974+0000] {processor.py:161} INFO - Started process (PID=1297) to work on /home/airflow/.local/lib/python3.8/site-packages/airflow/example_dags/example_branch_datetime_operator.py
[2024-10-01T13:25:44.975+0000] {processor.py:830} INFO - Processing file /home/airflow/.local/lib/python3.8/site-packages/airflow/example_dags/example_branch_datetime_operator.py for tasks to queue
[2024-10-01T13:25:44.977+0000] {logging_mixin.py:188} INFO - [2024-10-01T13:25:44.977+0000] {dagbag.py:538} INFO - Filling up the DagBag from /home/airflow/.local/lib/python3.8/site-packages/airflow/example_dags/example_branch_datetime_operator.py
[2024-10-01T13:25:44.993+0000] {processor.py:840} INFO - DAG(s) 'example_branch_datetime_operator_2', 'example_branch_datetime_operator_3', 'example_branch_datetime_operator' retrieved from /home/airflow/.local/lib/python3.8/site-packages/airflow/example_dags/example_branch_datetime_operator.py
[2024-10-01T13:25:45.035+0000] {logging_mixin.py:188} INFO - [2024-10-01T13:25:45.035+0000] {dag.py:3036} INFO - Sync 3 DAGs
[2024-10-01T13:25:45.069+0000] {logging_mixin.py:188} INFO - [2024-10-01T13:25:45.068+0000] {dag.py:3823} INFO - Setting next_dagrun for example_branch_datetime_operator to 2024-09-30 00:00:00+00:00, run_after=2024-10-01 00:00:00+00:00
[2024-10-01T13:25:45.077+0000] {logging_mixin.py:188} INFO - [2024-10-01T13:25:45.077+0000] {dag.py:3823} INFO - Setting next_dagrun for example_branch_datetime_operator_2 to 2024-09-30 00:00:00+00:00, run_after=2024-10-01 00:00:00+00:00
[2024-10-01T13:25:45.081+0000] {logging_mixin.py:188} INFO - [2024-10-01T13:25:45.081+0000] {dag.py:3823} INFO - Setting next_dagrun for example_branch_datetime_operator_3 to 2024-09-30 00:00:00+00:00, run_after=2024-10-01 00:00:00+00:00
[2024-10-01T13:25:45.328+0000] {processor.py:183} INFO - Processing /home/airflow/.local/lib/python3.8/site-packages/airflow/example_dags/example_branch_datetime_operator.py took 0.358 seconds
