[2024-10-01T13:14:17.263+0000] {processor.py:161} INFO - Started process (PID=74) to work on /home/airflow/.local/lib/python3.8/site-packages/airflow/example_dags/example_short_circuit_operator.py
[2024-10-01T13:14:17.265+0000] {processor.py:830} INFO - Processing file /home/airflow/.local/lib/python3.8/site-packages/airflow/example_dags/example_short_circuit_operator.py for tasks to queue
[2024-10-01T13:14:17.268+0000] {logging_mixin.py:188} INFO - [2024-10-01T13:14:17.268+0000] {dagbag.py:538} INFO - Filling up the DagBag from /home/airflow/.local/lib/python3.8/site-packages/airflow/example_dags/example_short_circuit_operator.py
[2024-10-01T13:14:17.312+0000] {processor.py:840} INFO - DAG(s) 'example_short_circuit_operator' retrieved from /home/airflow/.local/lib/python3.8/site-packages/airflow/example_dags/example_short_circuit_operator.py
[2024-10-01T13:14:17.712+0000] {logging_mixin.py:188} INFO - [2024-10-01T13:14:17.710+0000] {dag.py:3036} INFO - Sync 1 DAGs
[2024-10-01T13:14:17.813+0000] {logging_mixin.py:188} INFO - [2024-10-01T13:14:17.813+0000] {dag.py:3823} INFO - Setting next_dagrun for example_short_circuit_operator to 2024-09-30 00:00:00+00:00, run_after=2024-10-01 00:00:00+00:00
[2024-10-01T13:14:17.921+0000] {processor.py:183} INFO - Processing /home/airflow/.local/lib/python3.8/site-packages/airflow/example_dags/example_short_circuit_operator.py took 0.667 seconds
[2024-10-01T13:14:59.387+0000] {processor.py:161} INFO - Started process (PID=130) to work on /home/airflow/.local/lib/python3.8/site-packages/airflow/example_dags/example_short_circuit_operator.py
[2024-10-01T13:14:59.402+0000] {processor.py:830} INFO - Processing file /home/airflow/.local/lib/python3.8/site-packages/airflow/example_dags/example_short_circuit_operator.py for tasks to queue
[2024-10-01T13:14:59.405+0000] {logging_mixin.py:188} INFO - [2024-10-01T13:14:59.404+0000] {dagbag.py:538} INFO - Filling up the DagBag from /home/airflow/.local/lib/python3.8/site-packages/airflow/example_dags/example_short_circuit_operator.py
[2024-10-01T13:14:59.418+0000] {processor.py:840} INFO - DAG(s) 'example_short_circuit_operator' retrieved from /home/airflow/.local/lib/python3.8/site-packages/airflow/example_dags/example_short_circuit_operator.py
[2024-10-01T13:14:59.465+0000] {logging_mixin.py:188} INFO - [2024-10-01T13:14:59.464+0000] {dag.py:3036} INFO - Sync 1 DAGs
[2024-10-01T13:14:59.510+0000] {logging_mixin.py:188} INFO - [2024-10-01T13:14:59.510+0000] {dag.py:3823} INFO - Setting next_dagrun for example_short_circuit_operator to 2024-09-30 00:00:00+00:00, run_after=2024-10-01 00:00:00+00:00
[2024-10-01T13:14:59.558+0000] {processor.py:183} INFO - Processing /home/airflow/.local/lib/python3.8/site-packages/airflow/example_dags/example_short_circuit_operator.py took 0.177 seconds
[2024-10-01T13:15:29.656+0000] {processor.py:161} INFO - Started process (PID=184) to work on /home/airflow/.local/lib/python3.8/site-packages/airflow/example_dags/example_short_circuit_operator.py
[2024-10-01T13:15:29.658+0000] {processor.py:830} INFO - Processing file /home/airflow/.local/lib/python3.8/site-packages/airflow/example_dags/example_short_circuit_operator.py for tasks to queue
[2024-10-01T13:15:29.659+0000] {logging_mixin.py:188} INFO - [2024-10-01T13:15:29.659+0000] {dagbag.py:538} INFO - Filling up the DagBag from /home/airflow/.local/lib/python3.8/site-packages/airflow/example_dags/example_short_circuit_operator.py
[2024-10-01T13:15:29.668+0000] {processor.py:840} INFO - DAG(s) 'example_short_circuit_operator' retrieved from /home/airflow/.local/lib/python3.8/site-packages/airflow/example_dags/example_short_circuit_operator.py
[2024-10-01T13:15:29.691+0000] {logging_mixin.py:188} INFO - [2024-10-01T13:15:29.691+0000] {dag.py:3036} INFO - Sync 1 DAGs
[2024-10-01T13:15:29.714+0000] {logging_mixin.py:188} INFO - [2024-10-01T13:15:29.714+0000] {dag.py:3823} INFO - Setting next_dagrun for example_short_circuit_operator to 2024-09-30 00:00:00+00:00, run_after=2024-10-01 00:00:00+00:00
[2024-10-01T13:15:29.758+0000] {processor.py:183} INFO - Processing /home/airflow/.local/lib/python3.8/site-packages/airflow/example_dags/example_short_circuit_operator.py took 0.105 seconds
[2024-10-01T13:15:59.797+0000] {processor.py:161} INFO - Started process (PID=240) to work on /home/airflow/.local/lib/python3.8/site-packages/airflow/example_dags/example_short_circuit_operator.py
[2024-10-01T13:15:59.798+0000] {processor.py:830} INFO - Processing file /home/airflow/.local/lib/python3.8/site-packages/airflow/example_dags/example_short_circuit_operator.py for tasks to queue
[2024-10-01T13:15:59.800+0000] {logging_mixin.py:188} INFO - [2024-10-01T13:15:59.799+0000] {dagbag.py:538} INFO - Filling up the DagBag from /home/airflow/.local/lib/python3.8/site-packages/airflow/example_dags/example_short_circuit_operator.py
[2024-10-01T13:15:59.807+0000] {processor.py:840} INFO - DAG(s) 'example_short_circuit_operator' retrieved from /home/airflow/.local/lib/python3.8/site-packages/airflow/example_dags/example_short_circuit_operator.py
[2024-10-01T13:15:59.839+0000] {logging_mixin.py:188} INFO - [2024-10-01T13:15:59.839+0000] {dag.py:3036} INFO - Sync 1 DAGs
[2024-10-01T13:15:59.872+0000] {logging_mixin.py:188} INFO - [2024-10-01T13:15:59.871+0000] {dag.py:3823} INFO - Setting next_dagrun for example_short_circuit_operator to 2024-09-30 00:00:00+00:00, run_after=2024-10-01 00:00:00+00:00
[2024-10-01T13:15:59.912+0000] {processor.py:183} INFO - Processing /home/airflow/.local/lib/python3.8/site-packages/airflow/example_dags/example_short_circuit_operator.py took 0.119 seconds
[2024-10-01T13:16:31.136+0000] {processor.py:161} INFO - Started process (PID=291) to work on /home/airflow/.local/lib/python3.8/site-packages/airflow/example_dags/example_short_circuit_operator.py
[2024-10-01T13:16:31.137+0000] {processor.py:830} INFO - Processing file /home/airflow/.local/lib/python3.8/site-packages/airflow/example_dags/example_short_circuit_operator.py for tasks to queue
[2024-10-01T13:16:31.139+0000] {logging_mixin.py:188} INFO - [2024-10-01T13:16:31.139+0000] {dagbag.py:538} INFO - Filling up the DagBag from /home/airflow/.local/lib/python3.8/site-packages/airflow/example_dags/example_short_circuit_operator.py
[2024-10-01T13:16:31.150+0000] {processor.py:840} INFO - DAG(s) 'example_short_circuit_operator' retrieved from /home/airflow/.local/lib/python3.8/site-packages/airflow/example_dags/example_short_circuit_operator.py
[2024-10-01T13:16:31.183+0000] {logging_mixin.py:188} INFO - [2024-10-01T13:16:31.183+0000] {dag.py:3036} INFO - Sync 1 DAGs
[2024-10-01T13:16:31.215+0000] {logging_mixin.py:188} INFO - [2024-10-01T13:16:31.215+0000] {dag.py:3823} INFO - Setting next_dagrun for example_short_circuit_operator to 2024-09-30 00:00:00+00:00, run_after=2024-10-01 00:00:00+00:00
[2024-10-01T13:16:31.266+0000] {processor.py:183} INFO - Processing /home/airflow/.local/lib/python3.8/site-packages/airflow/example_dags/example_short_circuit_operator.py took 0.134 seconds
[2024-10-01T13:17:02.036+0000] {processor.py:161} INFO - Started process (PID=343) to work on /home/airflow/.local/lib/python3.8/site-packages/airflow/example_dags/example_short_circuit_operator.py
[2024-10-01T13:17:02.037+0000] {processor.py:830} INFO - Processing file /home/airflow/.local/lib/python3.8/site-packages/airflow/example_dags/example_short_circuit_operator.py for tasks to queue
[2024-10-01T13:17:02.040+0000] {logging_mixin.py:188} INFO - [2024-10-01T13:17:02.039+0000] {dagbag.py:538} INFO - Filling up the DagBag from /home/airflow/.local/lib/python3.8/site-packages/airflow/example_dags/example_short_circuit_operator.py
[2024-10-01T13:17:02.053+0000] {processor.py:840} INFO - DAG(s) 'example_short_circuit_operator' retrieved from /home/airflow/.local/lib/python3.8/site-packages/airflow/example_dags/example_short_circuit_operator.py
[2024-10-01T13:17:02.084+0000] {logging_mixin.py:188} INFO - [2024-10-01T13:17:02.084+0000] {dag.py:3036} INFO - Sync 1 DAGs
[2024-10-01T13:17:02.115+0000] {logging_mixin.py:188} INFO - [2024-10-01T13:17:02.114+0000] {dag.py:3823} INFO - Setting next_dagrun for example_short_circuit_operator to 2024-09-30 00:00:00+00:00, run_after=2024-10-01 00:00:00+00:00
[2024-10-01T13:17:03.191+0000] {processor.py:183} INFO - Processing /home/airflow/.local/lib/python3.8/site-packages/airflow/example_dags/example_short_circuit_operator.py took 1.160 seconds
[2024-10-01T13:17:33.534+0000] {processor.py:161} INFO - Started process (PID=399) to work on /home/airflow/.local/lib/python3.8/site-packages/airflow/example_dags/example_short_circuit_operator.py
[2024-10-01T13:17:33.536+0000] {processor.py:830} INFO - Processing file /home/airflow/.local/lib/python3.8/site-packages/airflow/example_dags/example_short_circuit_operator.py for tasks to queue
[2024-10-01T13:17:33.537+0000] {logging_mixin.py:188} INFO - [2024-10-01T13:17:33.537+0000] {dagbag.py:538} INFO - Filling up the DagBag from /home/airflow/.local/lib/python3.8/site-packages/airflow/example_dags/example_short_circuit_operator.py
[2024-10-01T13:17:33.545+0000] {processor.py:840} INFO - DAG(s) 'example_short_circuit_operator' retrieved from /home/airflow/.local/lib/python3.8/site-packages/airflow/example_dags/example_short_circuit_operator.py
[2024-10-01T13:17:33.572+0000] {logging_mixin.py:188} INFO - [2024-10-01T13:17:33.572+0000] {dag.py:3036} INFO - Sync 1 DAGs
[2024-10-01T13:17:33.602+0000] {logging_mixin.py:188} INFO - [2024-10-01T13:17:33.602+0000] {dag.py:3823} INFO - Setting next_dagrun for example_short_circuit_operator to 2024-09-30 00:00:00+00:00, run_after=2024-10-01 00:00:00+00:00
[2024-10-01T13:17:33.681+0000] {processor.py:183} INFO - Processing /home/airflow/.local/lib/python3.8/site-packages/airflow/example_dags/example_short_circuit_operator.py took 0.150 seconds
[2024-10-01T13:18:04.097+0000] {processor.py:161} INFO - Started process (PID=455) to work on /home/airflow/.local/lib/python3.8/site-packages/airflow/example_dags/example_short_circuit_operator.py
[2024-10-01T13:18:04.099+0000] {processor.py:830} INFO - Processing file /home/airflow/.local/lib/python3.8/site-packages/airflow/example_dags/example_short_circuit_operator.py for tasks to queue
[2024-10-01T13:18:04.101+0000] {logging_mixin.py:188} INFO - [2024-10-01T13:18:04.101+0000] {dagbag.py:538} INFO - Filling up the DagBag from /home/airflow/.local/lib/python3.8/site-packages/airflow/example_dags/example_short_circuit_operator.py
[2024-10-01T13:18:04.110+0000] {processor.py:840} INFO - DAG(s) 'example_short_circuit_operator' retrieved from /home/airflow/.local/lib/python3.8/site-packages/airflow/example_dags/example_short_circuit_operator.py
[2024-10-01T13:18:04.136+0000] {logging_mixin.py:188} INFO - [2024-10-01T13:18:04.136+0000] {dag.py:3036} INFO - Sync 1 DAGs
[2024-10-01T13:18:04.165+0000] {logging_mixin.py:188} INFO - [2024-10-01T13:18:04.165+0000] {dag.py:3823} INFO - Setting next_dagrun for example_short_circuit_operator to 2024-09-30 00:00:00+00:00, run_after=2024-10-01 00:00:00+00:00
[2024-10-01T13:18:04.196+0000] {processor.py:183} INFO - Processing /home/airflow/.local/lib/python3.8/site-packages/airflow/example_dags/example_short_circuit_operator.py took 0.101 seconds
[2024-10-01T13:18:34.751+0000] {processor.py:161} INFO - Started process (PID=511) to work on /home/airflow/.local/lib/python3.8/site-packages/airflow/example_dags/example_short_circuit_operator.py
[2024-10-01T13:18:34.754+0000] {processor.py:830} INFO - Processing file /home/airflow/.local/lib/python3.8/site-packages/airflow/example_dags/example_short_circuit_operator.py for tasks to queue
[2024-10-01T13:18:34.757+0000] {logging_mixin.py:188} INFO - [2024-10-01T13:18:34.757+0000] {dagbag.py:538} INFO - Filling up the DagBag from /home/airflow/.local/lib/python3.8/site-packages/airflow/example_dags/example_short_circuit_operator.py
[2024-10-01T13:18:34.765+0000] {processor.py:840} INFO - DAG(s) 'example_short_circuit_operator' retrieved from /home/airflow/.local/lib/python3.8/site-packages/airflow/example_dags/example_short_circuit_operator.py
[2024-10-01T13:18:34.792+0000] {logging_mixin.py:188} INFO - [2024-10-01T13:18:34.792+0000] {dag.py:3036} INFO - Sync 1 DAGs
[2024-10-01T13:18:34.820+0000] {logging_mixin.py:188} INFO - [2024-10-01T13:18:34.820+0000] {dag.py:3823} INFO - Setting next_dagrun for example_short_circuit_operator to 2024-09-30 00:00:00+00:00, run_after=2024-10-01 00:00:00+00:00
[2024-10-01T13:18:34.865+0000] {processor.py:183} INFO - Processing /home/airflow/.local/lib/python3.8/site-packages/airflow/example_dags/example_short_circuit_operator.py took 0.118 seconds
[2024-10-01T13:19:05.124+0000] {processor.py:161} INFO - Started process (PID=573) to work on /home/airflow/.local/lib/python3.8/site-packages/airflow/example_dags/example_short_circuit_operator.py
[2024-10-01T13:19:05.125+0000] {processor.py:830} INFO - Processing file /home/airflow/.local/lib/python3.8/site-packages/airflow/example_dags/example_short_circuit_operator.py for tasks to queue
[2024-10-01T13:19:05.128+0000] {logging_mixin.py:188} INFO - [2024-10-01T13:19:05.128+0000] {dagbag.py:538} INFO - Filling up the DagBag from /home/airflow/.local/lib/python3.8/site-packages/airflow/example_dags/example_short_circuit_operator.py
[2024-10-01T13:19:05.141+0000] {processor.py:840} INFO - DAG(s) 'example_short_circuit_operator' retrieved from /home/airflow/.local/lib/python3.8/site-packages/airflow/example_dags/example_short_circuit_operator.py
[2024-10-01T13:19:05.177+0000] {logging_mixin.py:188} INFO - [2024-10-01T13:19:05.177+0000] {dag.py:3036} INFO - Sync 1 DAGs
[2024-10-01T13:19:05.211+0000] {logging_mixin.py:188} INFO - [2024-10-01T13:19:05.211+0000] {dag.py:3823} INFO - Setting next_dagrun for example_short_circuit_operator to 2024-09-30 00:00:00+00:00, run_after=2024-10-01 00:00:00+00:00
[2024-10-01T13:19:05.360+0000] {processor.py:183} INFO - Processing /home/airflow/.local/lib/python3.8/site-packages/airflow/example_dags/example_short_circuit_operator.py took 0.243 seconds
[2024-10-01T13:19:36.152+0000] {processor.py:161} INFO - Started process (PID=629) to work on /home/airflow/.local/lib/python3.8/site-packages/airflow/example_dags/example_short_circuit_operator.py
[2024-10-01T13:19:36.154+0000] {processor.py:830} INFO - Processing file /home/airflow/.local/lib/python3.8/site-packages/airflow/example_dags/example_short_circuit_operator.py for tasks to queue
[2024-10-01T13:19:36.157+0000] {logging_mixin.py:188} INFO - [2024-10-01T13:19:36.156+0000] {dagbag.py:538} INFO - Filling up the DagBag from /home/airflow/.local/lib/python3.8/site-packages/airflow/example_dags/example_short_circuit_operator.py
[2024-10-01T13:19:36.164+0000] {processor.py:840} INFO - DAG(s) 'example_short_circuit_operator' retrieved from /home/airflow/.local/lib/python3.8/site-packages/airflow/example_dags/example_short_circuit_operator.py
[2024-10-01T13:19:36.191+0000] {logging_mixin.py:188} INFO - [2024-10-01T13:19:36.190+0000] {dag.py:3036} INFO - Sync 1 DAGs
[2024-10-01T13:19:36.217+0000] {logging_mixin.py:188} INFO - [2024-10-01T13:19:36.216+0000] {dag.py:3823} INFO - Setting next_dagrun for example_short_circuit_operator to 2024-09-30 00:00:00+00:00, run_after=2024-10-01 00:00:00+00:00
[2024-10-01T13:19:36.258+0000] {processor.py:183} INFO - Processing /home/airflow/.local/lib/python3.8/site-packages/airflow/example_dags/example_short_circuit_operator.py took 0.110 seconds
[2024-10-01T13:20:07.136+0000] {processor.py:161} INFO - Started process (PID=685) to work on /home/airflow/.local/lib/python3.8/site-packages/airflow/example_dags/example_short_circuit_operator.py
[2024-10-01T13:20:07.137+0000] {processor.py:830} INFO - Processing file /home/airflow/.local/lib/python3.8/site-packages/airflow/example_dags/example_short_circuit_operator.py for tasks to queue
[2024-10-01T13:20:07.139+0000] {logging_mixin.py:188} INFO - [2024-10-01T13:20:07.138+0000] {dagbag.py:538} INFO - Filling up the DagBag from /home/airflow/.local/lib/python3.8/site-packages/airflow/example_dags/example_short_circuit_operator.py
[2024-10-01T13:20:07.146+0000] {processor.py:840} INFO - DAG(s) 'example_short_circuit_operator' retrieved from /home/airflow/.local/lib/python3.8/site-packages/airflow/example_dags/example_short_circuit_operator.py
[2024-10-01T13:20:07.172+0000] {logging_mixin.py:188} INFO - [2024-10-01T13:20:07.172+0000] {dag.py:3036} INFO - Sync 1 DAGs
[2024-10-01T13:20:07.197+0000] {logging_mixin.py:188} INFO - [2024-10-01T13:20:07.197+0000] {dag.py:3823} INFO - Setting next_dagrun for example_short_circuit_operator to 2024-09-30 00:00:00+00:00, run_after=2024-10-01 00:00:00+00:00
[2024-10-01T13:20:07.264+0000] {processor.py:183} INFO - Processing /home/airflow/.local/lib/python3.8/site-packages/airflow/example_dags/example_short_circuit_operator.py took 0.131 seconds
[2024-10-01T13:20:37.592+0000] {processor.py:161} INFO - Started process (PID=741) to work on /home/airflow/.local/lib/python3.8/site-packages/airflow/example_dags/example_short_circuit_operator.py
[2024-10-01T13:20:37.594+0000] {processor.py:830} INFO - Processing file /home/airflow/.local/lib/python3.8/site-packages/airflow/example_dags/example_short_circuit_operator.py for tasks to queue
[2024-10-01T13:20:37.596+0000] {logging_mixin.py:188} INFO - [2024-10-01T13:20:37.596+0000] {dagbag.py:538} INFO - Filling up the DagBag from /home/airflow/.local/lib/python3.8/site-packages/airflow/example_dags/example_short_circuit_operator.py
[2024-10-01T13:20:37.606+0000] {processor.py:840} INFO - DAG(s) 'example_short_circuit_operator' retrieved from /home/airflow/.local/lib/python3.8/site-packages/airflow/example_dags/example_short_circuit_operator.py
[2024-10-01T13:20:37.632+0000] {logging_mixin.py:188} INFO - [2024-10-01T13:20:37.632+0000] {dag.py:3036} INFO - Sync 1 DAGs
[2024-10-01T13:20:37.660+0000] {logging_mixin.py:188} INFO - [2024-10-01T13:20:37.659+0000] {dag.py:3823} INFO - Setting next_dagrun for example_short_circuit_operator to 2024-09-30 00:00:00+00:00, run_after=2024-10-01 00:00:00+00:00
[2024-10-01T13:20:37.699+0000] {processor.py:183} INFO - Processing /home/airflow/.local/lib/python3.8/site-packages/airflow/example_dags/example_short_circuit_operator.py took 0.113 seconds
[2024-10-01T13:21:07.925+0000] {processor.py:161} INFO - Started process (PID=797) to work on /home/airflow/.local/lib/python3.8/site-packages/airflow/example_dags/example_short_circuit_operator.py
[2024-10-01T13:21:07.926+0000] {processor.py:830} INFO - Processing file /home/airflow/.local/lib/python3.8/site-packages/airflow/example_dags/example_short_circuit_operator.py for tasks to queue
[2024-10-01T13:21:07.928+0000] {logging_mixin.py:188} INFO - [2024-10-01T13:21:07.928+0000] {dagbag.py:538} INFO - Filling up the DagBag from /home/airflow/.local/lib/python3.8/site-packages/airflow/example_dags/example_short_circuit_operator.py
[2024-10-01T13:21:07.936+0000] {processor.py:840} INFO - DAG(s) 'example_short_circuit_operator' retrieved from /home/airflow/.local/lib/python3.8/site-packages/airflow/example_dags/example_short_circuit_operator.py
[2024-10-01T13:21:07.958+0000] {logging_mixin.py:188} INFO - [2024-10-01T13:21:07.958+0000] {dag.py:3036} INFO - Sync 1 DAGs
[2024-10-01T13:21:07.983+0000] {logging_mixin.py:188} INFO - [2024-10-01T13:21:07.983+0000] {dag.py:3823} INFO - Setting next_dagrun for example_short_circuit_operator to 2024-09-30 00:00:00+00:00, run_after=2024-10-01 00:00:00+00:00
[2024-10-01T13:21:08.014+0000] {processor.py:183} INFO - Processing /home/airflow/.local/lib/python3.8/site-packages/airflow/example_dags/example_short_circuit_operator.py took 0.093 seconds
[2024-10-01T13:21:38.629+0000] {processor.py:161} INFO - Started process (PID=853) to work on /home/airflow/.local/lib/python3.8/site-packages/airflow/example_dags/example_short_circuit_operator.py
[2024-10-01T13:21:38.630+0000] {processor.py:830} INFO - Processing file /home/airflow/.local/lib/python3.8/site-packages/airflow/example_dags/example_short_circuit_operator.py for tasks to queue
[2024-10-01T13:21:38.632+0000] {logging_mixin.py:188} INFO - [2024-10-01T13:21:38.632+0000] {dagbag.py:538} INFO - Filling up the DagBag from /home/airflow/.local/lib/python3.8/site-packages/airflow/example_dags/example_short_circuit_operator.py
[2024-10-01T13:21:38.640+0000] {processor.py:840} INFO - DAG(s) 'example_short_circuit_operator' retrieved from /home/airflow/.local/lib/python3.8/site-packages/airflow/example_dags/example_short_circuit_operator.py
[2024-10-01T13:21:38.671+0000] {logging_mixin.py:188} INFO - [2024-10-01T13:21:38.670+0000] {dag.py:3036} INFO - Sync 1 DAGs
[2024-10-01T13:21:38.704+0000] {logging_mixin.py:188} INFO - [2024-10-01T13:21:38.703+0000] {dag.py:3823} INFO - Setting next_dagrun for example_short_circuit_operator to 2024-09-30 00:00:00+00:00, run_after=2024-10-01 00:00:00+00:00
[2024-10-01T13:21:38.792+0000] {processor.py:183} INFO - Processing /home/airflow/.local/lib/python3.8/site-packages/airflow/example_dags/example_short_circuit_operator.py took 0.167 seconds
[2024-10-01T13:22:09.402+0000] {processor.py:161} INFO - Started process (PID=909) to work on /home/airflow/.local/lib/python3.8/site-packages/airflow/example_dags/example_short_circuit_operator.py
[2024-10-01T13:22:09.404+0000] {processor.py:830} INFO - Processing file /home/airflow/.local/lib/python3.8/site-packages/airflow/example_dags/example_short_circuit_operator.py for tasks to queue
[2024-10-01T13:22:09.407+0000] {logging_mixin.py:188} INFO - [2024-10-01T13:22:09.406+0000] {dagbag.py:538} INFO - Filling up the DagBag from /home/airflow/.local/lib/python3.8/site-packages/airflow/example_dags/example_short_circuit_operator.py
[2024-10-01T13:22:09.427+0000] {processor.py:840} INFO - DAG(s) 'example_short_circuit_operator' retrieved from /home/airflow/.local/lib/python3.8/site-packages/airflow/example_dags/example_short_circuit_operator.py
[2024-10-01T13:22:09.487+0000] {logging_mixin.py:188} INFO - [2024-10-01T13:22:09.486+0000] {dag.py:3036} INFO - Sync 1 DAGs
[2024-10-01T13:22:09.571+0000] {logging_mixin.py:188} INFO - [2024-10-01T13:22:09.571+0000] {dag.py:3823} INFO - Setting next_dagrun for example_short_circuit_operator to 2024-09-30 00:00:00+00:00, run_after=2024-10-01 00:00:00+00:00
[2024-10-01T13:22:09.747+0000] {processor.py:183} INFO - Processing /home/airflow/.local/lib/python3.8/site-packages/airflow/example_dags/example_short_circuit_operator.py took 0.351 seconds
[2024-10-01T13:22:41.125+0000] {processor.py:161} INFO - Started process (PID=964) to work on /home/airflow/.local/lib/python3.8/site-packages/airflow/example_dags/example_short_circuit_operator.py
[2024-10-01T13:22:41.127+0000] {processor.py:830} INFO - Processing file /home/airflow/.local/lib/python3.8/site-packages/airflow/example_dags/example_short_circuit_operator.py for tasks to queue
[2024-10-01T13:22:41.143+0000] {logging_mixin.py:188} INFO - [2024-10-01T13:22:41.142+0000] {dagbag.py:538} INFO - Filling up the DagBag from /home/airflow/.local/lib/python3.8/site-packages/airflow/example_dags/example_short_circuit_operator.py
[2024-10-01T13:22:41.195+0000] {processor.py:840} INFO - DAG(s) 'example_short_circuit_operator' retrieved from /home/airflow/.local/lib/python3.8/site-packages/airflow/example_dags/example_short_circuit_operator.py
[2024-10-01T13:22:41.321+0000] {logging_mixin.py:188} INFO - [2024-10-01T13:22:41.320+0000] {dag.py:3036} INFO - Sync 1 DAGs
[2024-10-01T13:22:41.440+0000] {logging_mixin.py:188} INFO - [2024-10-01T13:22:41.439+0000] {dag.py:3823} INFO - Setting next_dagrun for example_short_circuit_operator to 2024-09-30 00:00:00+00:00, run_after=2024-10-01 00:00:00+00:00
[2024-10-01T13:22:41.666+0000] {processor.py:183} INFO - Processing /home/airflow/.local/lib/python3.8/site-packages/airflow/example_dags/example_short_circuit_operator.py took 0.563 seconds
[2024-10-01T13:23:12.331+0000] {processor.py:161} INFO - Started process (PID=1019) to work on /home/airflow/.local/lib/python3.8/site-packages/airflow/example_dags/example_short_circuit_operator.py
[2024-10-01T13:23:12.333+0000] {processor.py:830} INFO - Processing file /home/airflow/.local/lib/python3.8/site-packages/airflow/example_dags/example_short_circuit_operator.py for tasks to queue
[2024-10-01T13:23:12.335+0000] {logging_mixin.py:188} INFO - [2024-10-01T13:23:12.334+0000] {dagbag.py:538} INFO - Filling up the DagBag from /home/airflow/.local/lib/python3.8/site-packages/airflow/example_dags/example_short_circuit_operator.py
[2024-10-01T13:23:12.342+0000] {processor.py:840} INFO - DAG(s) 'example_short_circuit_operator' retrieved from /home/airflow/.local/lib/python3.8/site-packages/airflow/example_dags/example_short_circuit_operator.py
[2024-10-01T13:23:12.370+0000] {logging_mixin.py:188} INFO - [2024-10-01T13:23:12.370+0000] {dag.py:3036} INFO - Sync 1 DAGs
[2024-10-01T13:23:12.399+0000] {logging_mixin.py:188} INFO - [2024-10-01T13:23:12.399+0000] {dag.py:3823} INFO - Setting next_dagrun for example_short_circuit_operator to 2024-09-30 00:00:00+00:00, run_after=2024-10-01 00:00:00+00:00
[2024-10-01T13:23:12.491+0000] {processor.py:183} INFO - Processing /home/airflow/.local/lib/python3.8/site-packages/airflow/example_dags/example_short_circuit_operator.py took 0.163 seconds
[2024-10-01T13:23:43.083+0000] {processor.py:161} INFO - Started process (PID=1075) to work on /home/airflow/.local/lib/python3.8/site-packages/airflow/example_dags/example_short_circuit_operator.py
[2024-10-01T13:23:43.085+0000] {processor.py:830} INFO - Processing file /home/airflow/.local/lib/python3.8/site-packages/airflow/example_dags/example_short_circuit_operator.py for tasks to queue
[2024-10-01T13:23:43.090+0000] {logging_mixin.py:188} INFO - [2024-10-01T13:23:43.088+0000] {dagbag.py:538} INFO - Filling up the DagBag from /home/airflow/.local/lib/python3.8/site-packages/airflow/example_dags/example_short_circuit_operator.py
[2024-10-01T13:23:43.114+0000] {processor.py:840} INFO - DAG(s) 'example_short_circuit_operator' retrieved from /home/airflow/.local/lib/python3.8/site-packages/airflow/example_dags/example_short_circuit_operator.py
[2024-10-01T13:23:43.198+0000] {logging_mixin.py:188} INFO - [2024-10-01T13:23:43.197+0000] {dag.py:3036} INFO - Sync 1 DAGs
[2024-10-01T13:23:43.285+0000] {logging_mixin.py:188} INFO - [2024-10-01T13:23:43.284+0000] {dag.py:3823} INFO - Setting next_dagrun for example_short_circuit_operator to 2024-09-30 00:00:00+00:00, run_after=2024-10-01 00:00:00+00:00
[2024-10-01T13:23:43.412+0000] {processor.py:183} INFO - Processing /home/airflow/.local/lib/python3.8/site-packages/airflow/example_dags/example_short_circuit_operator.py took 0.342 seconds
[2024-10-01T13:24:14.089+0000] {processor.py:161} INFO - Started process (PID=1131) to work on /home/airflow/.local/lib/python3.8/site-packages/airflow/example_dags/example_short_circuit_operator.py
[2024-10-01T13:24:14.091+0000] {processor.py:830} INFO - Processing file /home/airflow/.local/lib/python3.8/site-packages/airflow/example_dags/example_short_circuit_operator.py for tasks to queue
[2024-10-01T13:24:14.095+0000] {logging_mixin.py:188} INFO - [2024-10-01T13:24:14.094+0000] {dagbag.py:538} INFO - Filling up the DagBag from /home/airflow/.local/lib/python3.8/site-packages/airflow/example_dags/example_short_circuit_operator.py
[2024-10-01T13:24:14.106+0000] {processor.py:840} INFO - DAG(s) 'example_short_circuit_operator' retrieved from /home/airflow/.local/lib/python3.8/site-packages/airflow/example_dags/example_short_circuit_operator.py
[2024-10-01T13:24:14.146+0000] {logging_mixin.py:188} INFO - [2024-10-01T13:24:14.145+0000] {dag.py:3036} INFO - Sync 1 DAGs
[2024-10-01T13:24:14.192+0000] {logging_mixin.py:188} INFO - [2024-10-01T13:24:14.191+0000] {dag.py:3823} INFO - Setting next_dagrun for example_short_circuit_operator to 2024-09-30 00:00:00+00:00, run_after=2024-10-01 00:00:00+00:00
[2024-10-01T13:24:14.237+0000] {processor.py:183} INFO - Processing /home/airflow/.local/lib/python3.8/site-packages/airflow/example_dags/example_short_circuit_operator.py took 0.157 seconds
[2024-10-01T13:24:44.592+0000] {processor.py:161} INFO - Started process (PID=1187) to work on /home/airflow/.local/lib/python3.8/site-packages/airflow/example_dags/example_short_circuit_operator.py
[2024-10-01T13:24:44.593+0000] {processor.py:830} INFO - Processing file /home/airflow/.local/lib/python3.8/site-packages/airflow/example_dags/example_short_circuit_operator.py for tasks to queue
[2024-10-01T13:24:44.595+0000] {logging_mixin.py:188} INFO - [2024-10-01T13:24:44.595+0000] {dagbag.py:538} INFO - Filling up the DagBag from /home/airflow/.local/lib/python3.8/site-packages/airflow/example_dags/example_short_circuit_operator.py
[2024-10-01T13:24:44.604+0000] {processor.py:840} INFO - DAG(s) 'example_short_circuit_operator' retrieved from /home/airflow/.local/lib/python3.8/site-packages/airflow/example_dags/example_short_circuit_operator.py
[2024-10-01T13:24:44.632+0000] {logging_mixin.py:188} INFO - [2024-10-01T13:24:44.631+0000] {dag.py:3036} INFO - Sync 1 DAGs
[2024-10-01T13:24:44.661+0000] {logging_mixin.py:188} INFO - [2024-10-01T13:24:44.660+0000] {dag.py:3823} INFO - Setting next_dagrun for example_short_circuit_operator to 2024-09-30 00:00:00+00:00, run_after=2024-10-01 00:00:00+00:00
[2024-10-01T13:24:44.719+0000] {processor.py:183} INFO - Processing /home/airflow/.local/lib/python3.8/site-packages/airflow/example_dags/example_short_circuit_operator.py took 0.131 seconds
[2024-10-01T13:25:14.914+0000] {processor.py:161} INFO - Started process (PID=1242) to work on /home/airflow/.local/lib/python3.8/site-packages/airflow/example_dags/example_short_circuit_operator.py
[2024-10-01T13:25:14.916+0000] {processor.py:830} INFO - Processing file /home/airflow/.local/lib/python3.8/site-packages/airflow/example_dags/example_short_circuit_operator.py for tasks to queue
[2024-10-01T13:25:14.919+0000] {logging_mixin.py:188} INFO - [2024-10-01T13:25:14.919+0000] {dagbag.py:538} INFO - Filling up the DagBag from /home/airflow/.local/lib/python3.8/site-packages/airflow/example_dags/example_short_circuit_operator.py
[2024-10-01T13:25:14.937+0000] {processor.py:840} INFO - DAG(s) 'example_short_circuit_operator' retrieved from /home/airflow/.local/lib/python3.8/site-packages/airflow/example_dags/example_short_circuit_operator.py
[2024-10-01T13:25:14.983+0000] {logging_mixin.py:188} INFO - [2024-10-01T13:25:14.982+0000] {dag.py:3036} INFO - Sync 1 DAGs
[2024-10-01T13:25:15.035+0000] {logging_mixin.py:188} INFO - [2024-10-01T13:25:15.033+0000] {dag.py:3823} INFO - Setting next_dagrun for example_short_circuit_operator to 2024-09-30 00:00:00+00:00, run_after=2024-10-01 00:00:00+00:00
[2024-10-01T13:25:15.260+0000] {processor.py:183} INFO - Processing /home/airflow/.local/lib/python3.8/site-packages/airflow/example_dags/example_short_circuit_operator.py took 0.351 seconds
[2024-10-01T13:25:45.365+0000] {processor.py:161} INFO - Started process (PID=1298) to work on /home/airflow/.local/lib/python3.8/site-packages/airflow/example_dags/example_short_circuit_operator.py
[2024-10-01T13:25:45.366+0000] {processor.py:830} INFO - Processing file /home/airflow/.local/lib/python3.8/site-packages/airflow/example_dags/example_short_circuit_operator.py for tasks to queue
[2024-10-01T13:25:45.368+0000] {logging_mixin.py:188} INFO - [2024-10-01T13:25:45.368+0000] {dagbag.py:538} INFO - Filling up the DagBag from /home/airflow/.local/lib/python3.8/site-packages/airflow/example_dags/example_short_circuit_operator.py
[2024-10-01T13:25:45.377+0000] {processor.py:840} INFO - DAG(s) 'example_short_circuit_operator' retrieved from /home/airflow/.local/lib/python3.8/site-packages/airflow/example_dags/example_short_circuit_operator.py
[2024-10-01T13:25:45.407+0000] {logging_mixin.py:188} INFO - [2024-10-01T13:25:45.407+0000] {dag.py:3036} INFO - Sync 1 DAGs
[2024-10-01T13:25:45.437+0000] {logging_mixin.py:188} INFO - [2024-10-01T13:25:45.437+0000] {dag.py:3823} INFO - Setting next_dagrun for example_short_circuit_operator to 2024-09-30 00:00:00+00:00, run_after=2024-10-01 00:00:00+00:00
[2024-10-01T13:25:45.715+0000] {processor.py:183} INFO - Processing /home/airflow/.local/lib/python3.8/site-packages/airflow/example_dags/example_short_circuit_operator.py took 0.353 seconds
