[2024-10-01T13:14:53.341+0000] {processor.py:161} INFO - Started process (PID=103) to work on /home/airflow/.local/lib/python3.8/site-packages/airflow/example_dags/example_latest_only_with_trigger.py
[2024-10-01T13:14:53.343+0000] {processor.py:830} INFO - Processing file /home/airflow/.local/lib/python3.8/site-packages/airflow/example_dags/example_latest_only_with_trigger.py for tasks to queue
[2024-10-01T13:14:53.346+0000] {logging_mixin.py:188} INFO - [2024-10-01T13:14:53.346+0000] {dagbag.py:538} INFO - Filling up the DagBag from /home/airflow/.local/lib/python3.8/site-packages/airflow/example_dags/example_latest_only_with_trigger.py
[2024-10-01T13:14:53.366+0000] {processor.py:840} INFO - DAG(s) 'latest_only_with_trigger' retrieved from /home/airflow/.local/lib/python3.8/site-packages/airflow/example_dags/example_latest_only_with_trigger.py
[2024-10-01T13:14:54.214+0000] {logging_mixin.py:188} INFO - [2024-10-01T13:14:54.214+0000] {dag.py:3036} INFO - Sync 1 DAGs
[2024-10-01T13:14:54.274+0000] {logging_mixin.py:188} INFO - [2024-10-01T13:14:54.274+0000] {dag.py:3823} INFO - Setting next_dagrun for latest_only_with_trigger to 2024-10-01 08:00:00+00:00, run_after=2024-10-01 12:00:00+00:00
[2024-10-01T13:14:54.338+0000] {processor.py:183} INFO - Processing /home/airflow/.local/lib/python3.8/site-packages/airflow/example_dags/example_latest_only_with_trigger.py took 1.002 seconds
[2024-10-01T13:15:24.638+0000] {processor.py:161} INFO - Started process (PID=159) to work on /home/airflow/.local/lib/python3.8/site-packages/airflow/example_dags/example_latest_only_with_trigger.py
[2024-10-01T13:15:24.639+0000] {processor.py:830} INFO - Processing file /home/airflow/.local/lib/python3.8/site-packages/airflow/example_dags/example_latest_only_with_trigger.py for tasks to queue
[2024-10-01T13:15:24.641+0000] {logging_mixin.py:188} INFO - [2024-10-01T13:15:24.641+0000] {dagbag.py:538} INFO - Filling up the DagBag from /home/airflow/.local/lib/python3.8/site-packages/airflow/example_dags/example_latest_only_with_trigger.py
[2024-10-01T13:15:24.659+0000] {processor.py:840} INFO - DAG(s) 'latest_only_with_trigger' retrieved from /home/airflow/.local/lib/python3.8/site-packages/airflow/example_dags/example_latest_only_with_trigger.py
[2024-10-01T13:15:24.702+0000] {logging_mixin.py:188} INFO - [2024-10-01T13:15:24.701+0000] {dag.py:3036} INFO - Sync 1 DAGs
[2024-10-01T13:15:24.767+0000] {logging_mixin.py:188} INFO - [2024-10-01T13:15:24.766+0000] {dag.py:3823} INFO - Setting next_dagrun for latest_only_with_trigger to 2024-10-01 08:00:00+00:00, run_after=2024-10-01 12:00:00+00:00
[2024-10-01T13:15:24.830+0000] {processor.py:183} INFO - Processing /home/airflow/.local/lib/python3.8/site-packages/airflow/example_dags/example_latest_only_with_trigger.py took 0.196 seconds
[2024-10-01T13:15:54.863+0000] {processor.py:161} INFO - Started process (PID=215) to work on /home/airflow/.local/lib/python3.8/site-packages/airflow/example_dags/example_latest_only_with_trigger.py
[2024-10-01T13:15:54.865+0000] {processor.py:830} INFO - Processing file /home/airflow/.local/lib/python3.8/site-packages/airflow/example_dags/example_latest_only_with_trigger.py for tasks to queue
[2024-10-01T13:15:54.866+0000] {logging_mixin.py:188} INFO - [2024-10-01T13:15:54.866+0000] {dagbag.py:538} INFO - Filling up the DagBag from /home/airflow/.local/lib/python3.8/site-packages/airflow/example_dags/example_latest_only_with_trigger.py
[2024-10-01T13:15:54.872+0000] {processor.py:840} INFO - DAG(s) 'latest_only_with_trigger' retrieved from /home/airflow/.local/lib/python3.8/site-packages/airflow/example_dags/example_latest_only_with_trigger.py
[2024-10-01T13:15:54.893+0000] {logging_mixin.py:188} INFO - [2024-10-01T13:15:54.893+0000] {dag.py:3036} INFO - Sync 1 DAGs
[2024-10-01T13:15:54.918+0000] {logging_mixin.py:188} INFO - [2024-10-01T13:15:54.917+0000] {dag.py:3823} INFO - Setting next_dagrun for latest_only_with_trigger to 2024-10-01 08:00:00+00:00, run_after=2024-10-01 12:00:00+00:00
[2024-10-01T13:15:54.972+0000] {processor.py:183} INFO - Processing /home/airflow/.local/lib/python3.8/site-packages/airflow/example_dags/example_latest_only_with_trigger.py took 0.112 seconds
[2024-10-01T13:16:25.226+0000] {processor.py:161} INFO - Started process (PID=271) to work on /home/airflow/.local/lib/python3.8/site-packages/airflow/example_dags/example_latest_only_with_trigger.py
[2024-10-01T13:16:25.227+0000] {processor.py:830} INFO - Processing file /home/airflow/.local/lib/python3.8/site-packages/airflow/example_dags/example_latest_only_with_trigger.py for tasks to queue
[2024-10-01T13:16:25.229+0000] {logging_mixin.py:188} INFO - [2024-10-01T13:16:25.229+0000] {dagbag.py:538} INFO - Filling up the DagBag from /home/airflow/.local/lib/python3.8/site-packages/airflow/example_dags/example_latest_only_with_trigger.py
[2024-10-01T13:16:25.235+0000] {processor.py:840} INFO - DAG(s) 'latest_only_with_trigger' retrieved from /home/airflow/.local/lib/python3.8/site-packages/airflow/example_dags/example_latest_only_with_trigger.py
[2024-10-01T13:16:25.257+0000] {logging_mixin.py:188} INFO - [2024-10-01T13:16:25.257+0000] {dag.py:3036} INFO - Sync 1 DAGs
[2024-10-01T13:16:25.281+0000] {logging_mixin.py:188} INFO - [2024-10-01T13:16:25.280+0000] {dag.py:3823} INFO - Setting next_dagrun for latest_only_with_trigger to 2024-10-01 08:00:00+00:00, run_after=2024-10-01 12:00:00+00:00
[2024-10-01T13:16:25.334+0000] {processor.py:183} INFO - Processing /home/airflow/.local/lib/python3.8/site-packages/airflow/example_dags/example_latest_only_with_trigger.py took 0.111 seconds
[2024-10-01T13:16:55.731+0000] {processor.py:161} INFO - Started process (PID=327) to work on /home/airflow/.local/lib/python3.8/site-packages/airflow/example_dags/example_latest_only_with_trigger.py
[2024-10-01T13:16:55.732+0000] {processor.py:830} INFO - Processing file /home/airflow/.local/lib/python3.8/site-packages/airflow/example_dags/example_latest_only_with_trigger.py for tasks to queue
[2024-10-01T13:16:55.734+0000] {logging_mixin.py:188} INFO - [2024-10-01T13:16:55.734+0000] {dagbag.py:538} INFO - Filling up the DagBag from /home/airflow/.local/lib/python3.8/site-packages/airflow/example_dags/example_latest_only_with_trigger.py
[2024-10-01T13:16:55.740+0000] {processor.py:840} INFO - DAG(s) 'latest_only_with_trigger' retrieved from /home/airflow/.local/lib/python3.8/site-packages/airflow/example_dags/example_latest_only_with_trigger.py
[2024-10-01T13:16:55.763+0000] {logging_mixin.py:188} INFO - [2024-10-01T13:16:55.763+0000] {dag.py:3036} INFO - Sync 1 DAGs
[2024-10-01T13:16:55.787+0000] {logging_mixin.py:188} INFO - [2024-10-01T13:16:55.787+0000] {dag.py:3823} INFO - Setting next_dagrun for latest_only_with_trigger to 2024-10-01 08:00:00+00:00, run_after=2024-10-01 12:00:00+00:00
[2024-10-01T13:16:55.890+0000] {processor.py:183} INFO - Processing /home/airflow/.local/lib/python3.8/site-packages/airflow/example_dags/example_latest_only_with_trigger.py took 0.162 seconds
[2024-10-01T13:17:26.033+0000] {processor.py:161} INFO - Started process (PID=383) to work on /home/airflow/.local/lib/python3.8/site-packages/airflow/example_dags/example_latest_only_with_trigger.py
[2024-10-01T13:17:26.034+0000] {processor.py:830} INFO - Processing file /home/airflow/.local/lib/python3.8/site-packages/airflow/example_dags/example_latest_only_with_trigger.py for tasks to queue
[2024-10-01T13:17:26.036+0000] {logging_mixin.py:188} INFO - [2024-10-01T13:17:26.036+0000] {dagbag.py:538} INFO - Filling up the DagBag from /home/airflow/.local/lib/python3.8/site-packages/airflow/example_dags/example_latest_only_with_trigger.py
[2024-10-01T13:17:26.043+0000] {processor.py:840} INFO - DAG(s) 'latest_only_with_trigger' retrieved from /home/airflow/.local/lib/python3.8/site-packages/airflow/example_dags/example_latest_only_with_trigger.py
[2024-10-01T13:17:26.075+0000] {logging_mixin.py:188} INFO - [2024-10-01T13:17:26.075+0000] {dag.py:3036} INFO - Sync 1 DAGs
[2024-10-01T13:17:26.108+0000] {logging_mixin.py:188} INFO - [2024-10-01T13:17:26.108+0000] {dag.py:3823} INFO - Setting next_dagrun for latest_only_with_trigger to 2024-10-01 08:00:00+00:00, run_after=2024-10-01 12:00:00+00:00
[2024-10-01T13:17:26.213+0000] {processor.py:183} INFO - Processing /home/airflow/.local/lib/python3.8/site-packages/airflow/example_dags/example_latest_only_with_trigger.py took 0.184 seconds
[2024-10-01T13:17:56.303+0000] {processor.py:161} INFO - Started process (PID=439) to work on /home/airflow/.local/lib/python3.8/site-packages/airflow/example_dags/example_latest_only_with_trigger.py
[2024-10-01T13:17:56.304+0000] {processor.py:830} INFO - Processing file /home/airflow/.local/lib/python3.8/site-packages/airflow/example_dags/example_latest_only_with_trigger.py for tasks to queue
[2024-10-01T13:17:56.307+0000] {logging_mixin.py:188} INFO - [2024-10-01T13:17:56.306+0000] {dagbag.py:538} INFO - Filling up the DagBag from /home/airflow/.local/lib/python3.8/site-packages/airflow/example_dags/example_latest_only_with_trigger.py
[2024-10-01T13:17:56.313+0000] {processor.py:840} INFO - DAG(s) 'latest_only_with_trigger' retrieved from /home/airflow/.local/lib/python3.8/site-packages/airflow/example_dags/example_latest_only_with_trigger.py
[2024-10-01T13:17:56.343+0000] {logging_mixin.py:188} INFO - [2024-10-01T13:17:56.342+0000] {dag.py:3036} INFO - Sync 1 DAGs
[2024-10-01T13:17:56.375+0000] {logging_mixin.py:188} INFO - [2024-10-01T13:17:56.375+0000] {dag.py:3823} INFO - Setting next_dagrun for latest_only_with_trigger to 2024-10-01 08:00:00+00:00, run_after=2024-10-01 12:00:00+00:00
[2024-10-01T13:17:56.435+0000] {processor.py:183} INFO - Processing /home/airflow/.local/lib/python3.8/site-packages/airflow/example_dags/example_latest_only_with_trigger.py took 0.136 seconds
[2024-10-01T13:18:26.494+0000] {processor.py:161} INFO - Started process (PID=495) to work on /home/airflow/.local/lib/python3.8/site-packages/airflow/example_dags/example_latest_only_with_trigger.py
[2024-10-01T13:18:26.495+0000] {processor.py:830} INFO - Processing file /home/airflow/.local/lib/python3.8/site-packages/airflow/example_dags/example_latest_only_with_trigger.py for tasks to queue
[2024-10-01T13:18:26.497+0000] {logging_mixin.py:188} INFO - [2024-10-01T13:18:26.497+0000] {dagbag.py:538} INFO - Filling up the DagBag from /home/airflow/.local/lib/python3.8/site-packages/airflow/example_dags/example_latest_only_with_trigger.py
[2024-10-01T13:18:26.504+0000] {processor.py:840} INFO - DAG(s) 'latest_only_with_trigger' retrieved from /home/airflow/.local/lib/python3.8/site-packages/airflow/example_dags/example_latest_only_with_trigger.py
[2024-10-01T13:18:26.532+0000] {logging_mixin.py:188} INFO - [2024-10-01T13:18:26.532+0000] {dag.py:3036} INFO - Sync 1 DAGs
[2024-10-01T13:18:26.561+0000] {logging_mixin.py:188} INFO - [2024-10-01T13:18:26.561+0000] {dag.py:3823} INFO - Setting next_dagrun for latest_only_with_trigger to 2024-10-01 08:00:00+00:00, run_after=2024-10-01 12:00:00+00:00
[2024-10-01T13:18:26.602+0000] {processor.py:183} INFO - Processing /home/airflow/.local/lib/python3.8/site-packages/airflow/example_dags/example_latest_only_with_trigger.py took 0.112 seconds
[2024-10-01T13:18:56.931+0000] {processor.py:161} INFO - Started process (PID=551) to work on /home/airflow/.local/lib/python3.8/site-packages/airflow/example_dags/example_latest_only_with_trigger.py
[2024-10-01T13:18:56.932+0000] {processor.py:830} INFO - Processing file /home/airflow/.local/lib/python3.8/site-packages/airflow/example_dags/example_latest_only_with_trigger.py for tasks to queue
[2024-10-01T13:18:56.935+0000] {logging_mixin.py:188} INFO - [2024-10-01T13:18:56.934+0000] {dagbag.py:538} INFO - Filling up the DagBag from /home/airflow/.local/lib/python3.8/site-packages/airflow/example_dags/example_latest_only_with_trigger.py
[2024-10-01T13:18:56.941+0000] {processor.py:840} INFO - DAG(s) 'latest_only_with_trigger' retrieved from /home/airflow/.local/lib/python3.8/site-packages/airflow/example_dags/example_latest_only_with_trigger.py
[2024-10-01T13:18:56.967+0000] {logging_mixin.py:188} INFO - [2024-10-01T13:18:56.967+0000] {dag.py:3036} INFO - Sync 1 DAGs
[2024-10-01T13:18:56.996+0000] {logging_mixin.py:188} INFO - [2024-10-01T13:18:56.995+0000] {dag.py:3823} INFO - Setting next_dagrun for latest_only_with_trigger to 2024-10-01 08:00:00+00:00, run_after=2024-10-01 12:00:00+00:00
[2024-10-01T13:18:57.035+0000] {processor.py:183} INFO - Processing /home/airflow/.local/lib/python3.8/site-packages/airflow/example_dags/example_latest_only_with_trigger.py took 0.107 seconds
[2024-10-01T13:19:28.089+0000] {processor.py:161} INFO - Started process (PID=607) to work on /home/airflow/.local/lib/python3.8/site-packages/airflow/example_dags/example_latest_only_with_trigger.py
[2024-10-01T13:19:28.090+0000] {processor.py:830} INFO - Processing file /home/airflow/.local/lib/python3.8/site-packages/airflow/example_dags/example_latest_only_with_trigger.py for tasks to queue
[2024-10-01T13:19:28.093+0000] {logging_mixin.py:188} INFO - [2024-10-01T13:19:28.092+0000] {dagbag.py:538} INFO - Filling up the DagBag from /home/airflow/.local/lib/python3.8/site-packages/airflow/example_dags/example_latest_only_with_trigger.py
[2024-10-01T13:19:28.100+0000] {processor.py:840} INFO - DAG(s) 'latest_only_with_trigger' retrieved from /home/airflow/.local/lib/python3.8/site-packages/airflow/example_dags/example_latest_only_with_trigger.py
[2024-10-01T13:19:28.125+0000] {logging_mixin.py:188} INFO - [2024-10-01T13:19:28.125+0000] {dag.py:3036} INFO - Sync 1 DAGs
[2024-10-01T13:19:28.152+0000] {logging_mixin.py:188} INFO - [2024-10-01T13:19:28.151+0000] {dag.py:3823} INFO - Setting next_dagrun for latest_only_with_trigger to 2024-10-01 08:00:00+00:00, run_after=2024-10-01 12:00:00+00:00
[2024-10-01T13:19:28.194+0000] {processor.py:183} INFO - Processing /home/airflow/.local/lib/python3.8/site-packages/airflow/example_dags/example_latest_only_with_trigger.py took 0.110 seconds
[2024-10-01T13:19:59.050+0000] {processor.py:161} INFO - Started process (PID=663) to work on /home/airflow/.local/lib/python3.8/site-packages/airflow/example_dags/example_latest_only_with_trigger.py
[2024-10-01T13:19:59.052+0000] {processor.py:830} INFO - Processing file /home/airflow/.local/lib/python3.8/site-packages/airflow/example_dags/example_latest_only_with_trigger.py for tasks to queue
[2024-10-01T13:19:59.054+0000] {logging_mixin.py:188} INFO - [2024-10-01T13:19:59.053+0000] {dagbag.py:538} INFO - Filling up the DagBag from /home/airflow/.local/lib/python3.8/site-packages/airflow/example_dags/example_latest_only_with_trigger.py
[2024-10-01T13:19:59.060+0000] {processor.py:840} INFO - DAG(s) 'latest_only_with_trigger' retrieved from /home/airflow/.local/lib/python3.8/site-packages/airflow/example_dags/example_latest_only_with_trigger.py
[2024-10-01T13:19:59.082+0000] {logging_mixin.py:188} INFO - [2024-10-01T13:19:59.082+0000] {dag.py:3036} INFO - Sync 1 DAGs
[2024-10-01T13:19:59.107+0000] {logging_mixin.py:188} INFO - [2024-10-01T13:19:59.107+0000] {dag.py:3823} INFO - Setting next_dagrun for latest_only_with_trigger to 2024-10-01 08:00:00+00:00, run_after=2024-10-01 12:00:00+00:00
[2024-10-01T13:19:59.135+0000] {processor.py:183} INFO - Processing /home/airflow/.local/lib/python3.8/site-packages/airflow/example_dags/example_latest_only_with_trigger.py took 0.089 seconds
[2024-10-01T13:20:30.122+0000] {processor.py:161} INFO - Started process (PID=719) to work on /home/airflow/.local/lib/python3.8/site-packages/airflow/example_dags/example_latest_only_with_trigger.py
[2024-10-01T13:20:30.124+0000] {processor.py:830} INFO - Processing file /home/airflow/.local/lib/python3.8/site-packages/airflow/example_dags/example_latest_only_with_trigger.py for tasks to queue
[2024-10-01T13:20:30.126+0000] {logging_mixin.py:188} INFO - [2024-10-01T13:20:30.126+0000] {dagbag.py:538} INFO - Filling up the DagBag from /home/airflow/.local/lib/python3.8/site-packages/airflow/example_dags/example_latest_only_with_trigger.py
[2024-10-01T13:20:30.132+0000] {processor.py:840} INFO - DAG(s) 'latest_only_with_trigger' retrieved from /home/airflow/.local/lib/python3.8/site-packages/airflow/example_dags/example_latest_only_with_trigger.py
[2024-10-01T13:20:30.156+0000] {logging_mixin.py:188} INFO - [2024-10-01T13:20:30.156+0000] {dag.py:3036} INFO - Sync 1 DAGs
[2024-10-01T13:20:30.184+0000] {logging_mixin.py:188} INFO - [2024-10-01T13:20:30.183+0000] {dag.py:3823} INFO - Setting next_dagrun for latest_only_with_trigger to 2024-10-01 08:00:00+00:00, run_after=2024-10-01 12:00:00+00:00
[2024-10-01T13:20:30.222+0000] {processor.py:183} INFO - Processing /home/airflow/.local/lib/python3.8/site-packages/airflow/example_dags/example_latest_only_with_trigger.py took 0.105 seconds
[2024-10-01T13:21:00.278+0000] {processor.py:161} INFO - Started process (PID=775) to work on /home/airflow/.local/lib/python3.8/site-packages/airflow/example_dags/example_latest_only_with_trigger.py
[2024-10-01T13:21:00.279+0000] {processor.py:830} INFO - Processing file /home/airflow/.local/lib/python3.8/site-packages/airflow/example_dags/example_latest_only_with_trigger.py for tasks to queue
[2024-10-01T13:21:00.282+0000] {logging_mixin.py:188} INFO - [2024-10-01T13:21:00.282+0000] {dagbag.py:538} INFO - Filling up the DagBag from /home/airflow/.local/lib/python3.8/site-packages/airflow/example_dags/example_latest_only_with_trigger.py
[2024-10-01T13:21:00.290+0000] {processor.py:840} INFO - DAG(s) 'latest_only_with_trigger' retrieved from /home/airflow/.local/lib/python3.8/site-packages/airflow/example_dags/example_latest_only_with_trigger.py
[2024-10-01T13:21:00.318+0000] {logging_mixin.py:188} INFO - [2024-10-01T13:21:00.318+0000] {dag.py:3036} INFO - Sync 1 DAGs
[2024-10-01T13:21:00.349+0000] {logging_mixin.py:188} INFO - [2024-10-01T13:21:00.349+0000] {dag.py:3823} INFO - Setting next_dagrun for latest_only_with_trigger to 2024-10-01 08:00:00+00:00, run_after=2024-10-01 12:00:00+00:00
[2024-10-01T13:21:00.390+0000] {processor.py:183} INFO - Processing /home/airflow/.local/lib/python3.8/site-packages/airflow/example_dags/example_latest_only_with_trigger.py took 0.117 seconds
[2024-10-01T13:21:30.677+0000] {processor.py:161} INFO - Started process (PID=831) to work on /home/airflow/.local/lib/python3.8/site-packages/airflow/example_dags/example_latest_only_with_trigger.py
[2024-10-01T13:21:30.677+0000] {processor.py:830} INFO - Processing file /home/airflow/.local/lib/python3.8/site-packages/airflow/example_dags/example_latest_only_with_trigger.py for tasks to queue
[2024-10-01T13:21:30.682+0000] {logging_mixin.py:188} INFO - [2024-10-01T13:21:30.681+0000] {dagbag.py:538} INFO - Filling up the DagBag from /home/airflow/.local/lib/python3.8/site-packages/airflow/example_dags/example_latest_only_with_trigger.py
[2024-10-01T13:21:30.698+0000] {processor.py:840} INFO - DAG(s) 'latest_only_with_trigger' retrieved from /home/airflow/.local/lib/python3.8/site-packages/airflow/example_dags/example_latest_only_with_trigger.py
[2024-10-01T13:21:30.735+0000] {logging_mixin.py:188} INFO - [2024-10-01T13:21:30.735+0000] {dag.py:3036} INFO - Sync 1 DAGs
[2024-10-01T13:21:30.773+0000] {logging_mixin.py:188} INFO - [2024-10-01T13:21:30.772+0000] {dag.py:3823} INFO - Setting next_dagrun for latest_only_with_trigger to 2024-10-01 08:00:00+00:00, run_after=2024-10-01 12:00:00+00:00
[2024-10-01T13:21:30.816+0000] {processor.py:183} INFO - Processing /home/airflow/.local/lib/python3.8/site-packages/airflow/example_dags/example_latest_only_with_trigger.py took 0.149 seconds
[2024-10-01T13:22:01.667+0000] {processor.py:161} INFO - Started process (PID=887) to work on /home/airflow/.local/lib/python3.8/site-packages/airflow/example_dags/example_latest_only_with_trigger.py
[2024-10-01T13:22:01.669+0000] {processor.py:830} INFO - Processing file /home/airflow/.local/lib/python3.8/site-packages/airflow/example_dags/example_latest_only_with_trigger.py for tasks to queue
[2024-10-01T13:22:01.673+0000] {logging_mixin.py:188} INFO - [2024-10-01T13:22:01.672+0000] {dagbag.py:538} INFO - Filling up the DagBag from /home/airflow/.local/lib/python3.8/site-packages/airflow/example_dags/example_latest_only_with_trigger.py
[2024-10-01T13:22:01.682+0000] {processor.py:840} INFO - DAG(s) 'latest_only_with_trigger' retrieved from /home/airflow/.local/lib/python3.8/site-packages/airflow/example_dags/example_latest_only_with_trigger.py
[2024-10-01T13:22:01.716+0000] {logging_mixin.py:188} INFO - [2024-10-01T13:22:01.715+0000] {dag.py:3036} INFO - Sync 1 DAGs
[2024-10-01T13:22:01.759+0000] {logging_mixin.py:188} INFO - [2024-10-01T13:22:01.759+0000] {dag.py:3823} INFO - Setting next_dagrun for latest_only_with_trigger to 2024-10-01 08:00:00+00:00, run_after=2024-10-01 12:00:00+00:00
[2024-10-01T13:22:01.820+0000] {processor.py:183} INFO - Processing /home/airflow/.local/lib/python3.8/site-packages/airflow/example_dags/example_latest_only_with_trigger.py took 0.159 seconds
[2024-10-01T13:22:33.241+0000] {processor.py:161} INFO - Started process (PID=943) to work on /home/airflow/.local/lib/python3.8/site-packages/airflow/example_dags/example_latest_only_with_trigger.py
[2024-10-01T13:22:33.243+0000] {processor.py:830} INFO - Processing file /home/airflow/.local/lib/python3.8/site-packages/airflow/example_dags/example_latest_only_with_trigger.py for tasks to queue
[2024-10-01T13:22:33.247+0000] {logging_mixin.py:188} INFO - [2024-10-01T13:22:33.246+0000] {dagbag.py:538} INFO - Filling up the DagBag from /home/airflow/.local/lib/python3.8/site-packages/airflow/example_dags/example_latest_only_with_trigger.py
[2024-10-01T13:22:33.265+0000] {processor.py:840} INFO - DAG(s) 'latest_only_with_trigger' retrieved from /home/airflow/.local/lib/python3.8/site-packages/airflow/example_dags/example_latest_only_with_trigger.py
[2024-10-01T13:22:33.340+0000] {logging_mixin.py:188} INFO - [2024-10-01T13:22:33.338+0000] {dag.py:3036} INFO - Sync 1 DAGs
[2024-10-01T13:22:33.408+0000] {logging_mixin.py:188} INFO - [2024-10-01T13:22:33.407+0000] {dag.py:3823} INFO - Setting next_dagrun for latest_only_with_trigger to 2024-10-01 08:00:00+00:00, run_after=2024-10-01 12:00:00+00:00
[2024-10-01T13:22:33.536+0000] {processor.py:183} INFO - Processing /home/airflow/.local/lib/python3.8/site-packages/airflow/example_dags/example_latest_only_with_trigger.py took 0.303 seconds
[2024-10-01T13:23:03.922+0000] {processor.py:161} INFO - Started process (PID=1000) to work on /home/airflow/.local/lib/python3.8/site-packages/airflow/example_dags/example_latest_only_with_trigger.py
[2024-10-01T13:23:03.923+0000] {processor.py:830} INFO - Processing file /home/airflow/.local/lib/python3.8/site-packages/airflow/example_dags/example_latest_only_with_trigger.py for tasks to queue
[2024-10-01T13:23:03.926+0000] {logging_mixin.py:188} INFO - [2024-10-01T13:23:03.926+0000] {dagbag.py:538} INFO - Filling up the DagBag from /home/airflow/.local/lib/python3.8/site-packages/airflow/example_dags/example_latest_only_with_trigger.py
[2024-10-01T13:23:03.933+0000] {processor.py:840} INFO - DAG(s) 'latest_only_with_trigger' retrieved from /home/airflow/.local/lib/python3.8/site-packages/airflow/example_dags/example_latest_only_with_trigger.py
[2024-10-01T13:23:03.961+0000] {logging_mixin.py:188} INFO - [2024-10-01T13:23:03.960+0000] {dag.py:3036} INFO - Sync 1 DAGs
[2024-10-01T13:23:03.989+0000] {logging_mixin.py:188} INFO - [2024-10-01T13:23:03.988+0000] {dag.py:3823} INFO - Setting next_dagrun for latest_only_with_trigger to 2024-10-01 08:00:00+00:00, run_after=2024-10-01 12:00:00+00:00
[2024-10-01T13:23:04.078+0000] {processor.py:183} INFO - Processing /home/airflow/.local/lib/python3.8/site-packages/airflow/example_dags/example_latest_only_with_trigger.py took 0.159 seconds
[2024-10-01T13:23:35.396+0000] {processor.py:161} INFO - Started process (PID=1056) to work on /home/airflow/.local/lib/python3.8/site-packages/airflow/example_dags/example_latest_only_with_trigger.py
[2024-10-01T13:23:35.398+0000] {processor.py:830} INFO - Processing file /home/airflow/.local/lib/python3.8/site-packages/airflow/example_dags/example_latest_only_with_trigger.py for tasks to queue
[2024-10-01T13:23:35.402+0000] {logging_mixin.py:188} INFO - [2024-10-01T13:23:35.401+0000] {dagbag.py:538} INFO - Filling up the DagBag from /home/airflow/.local/lib/python3.8/site-packages/airflow/example_dags/example_latest_only_with_trigger.py
[2024-10-01T13:23:35.416+0000] {processor.py:840} INFO - DAG(s) 'latest_only_with_trigger' retrieved from /home/airflow/.local/lib/python3.8/site-packages/airflow/example_dags/example_latest_only_with_trigger.py
[2024-10-01T13:23:35.465+0000] {logging_mixin.py:188} INFO - [2024-10-01T13:23:35.465+0000] {dag.py:3036} INFO - Sync 1 DAGs
[2024-10-01T13:23:35.538+0000] {logging_mixin.py:188} INFO - [2024-10-01T13:23:35.537+0000] {dag.py:3823} INFO - Setting next_dagrun for latest_only_with_trigger to 2024-10-01 08:00:00+00:00, run_after=2024-10-01 12:00:00+00:00
[2024-10-01T13:23:35.696+0000] {processor.py:183} INFO - Processing /home/airflow/.local/lib/python3.8/site-packages/airflow/example_dags/example_latest_only_with_trigger.py took 0.307 seconds
[2024-10-01T13:24:07.029+0000] {processor.py:161} INFO - Started process (PID=1118) to work on /home/airflow/.local/lib/python3.8/site-packages/airflow/example_dags/example_latest_only_with_trigger.py
[2024-10-01T13:24:07.042+0000] {processor.py:830} INFO - Processing file /home/airflow/.local/lib/python3.8/site-packages/airflow/example_dags/example_latest_only_with_trigger.py for tasks to queue
[2024-10-01T13:24:07.048+0000] {logging_mixin.py:188} INFO - [2024-10-01T13:24:07.047+0000] {dagbag.py:538} INFO - Filling up the DagBag from /home/airflow/.local/lib/python3.8/site-packages/airflow/example_dags/example_latest_only_with_trigger.py
[2024-10-01T13:24:07.093+0000] {processor.py:840} INFO - DAG(s) 'latest_only_with_trigger' retrieved from /home/airflow/.local/lib/python3.8/site-packages/airflow/example_dags/example_latest_only_with_trigger.py
[2024-10-01T13:24:07.211+0000] {logging_mixin.py:188} INFO - [2024-10-01T13:24:07.210+0000] {dag.py:3036} INFO - Sync 1 DAGs
[2024-10-01T13:24:07.456+0000] {logging_mixin.py:188} INFO - [2024-10-01T13:24:07.455+0000] {dag.py:3823} INFO - Setting next_dagrun for latest_only_with_trigger to 2024-10-01 08:00:00+00:00, run_after=2024-10-01 12:00:00+00:00
[2024-10-01T13:24:07.630+0000] {processor.py:183} INFO - Processing /home/airflow/.local/lib/python3.8/site-packages/airflow/example_dags/example_latest_only_with_trigger.py took 0.618 seconds
[2024-10-01T13:24:37.946+0000] {processor.py:161} INFO - Started process (PID=1174) to work on /home/airflow/.local/lib/python3.8/site-packages/airflow/example_dags/example_latest_only_with_trigger.py
[2024-10-01T13:24:37.948+0000] {processor.py:830} INFO - Processing file /home/airflow/.local/lib/python3.8/site-packages/airflow/example_dags/example_latest_only_with_trigger.py for tasks to queue
[2024-10-01T13:24:37.953+0000] {logging_mixin.py:188} INFO - [2024-10-01T13:24:37.952+0000] {dagbag.py:538} INFO - Filling up the DagBag from /home/airflow/.local/lib/python3.8/site-packages/airflow/example_dags/example_latest_only_with_trigger.py
[2024-10-01T13:24:37.962+0000] {processor.py:840} INFO - DAG(s) 'latest_only_with_trigger' retrieved from /home/airflow/.local/lib/python3.8/site-packages/airflow/example_dags/example_latest_only_with_trigger.py
[2024-10-01T13:24:37.992+0000] {logging_mixin.py:188} INFO - [2024-10-01T13:24:37.992+0000] {dag.py:3036} INFO - Sync 1 DAGs
[2024-10-01T13:24:38.027+0000] {logging_mixin.py:188} INFO - [2024-10-01T13:24:38.027+0000] {dag.py:3823} INFO - Setting next_dagrun for latest_only_with_trigger to 2024-10-01 08:00:00+00:00, run_after=2024-10-01 12:00:00+00:00
[2024-10-01T13:24:38.068+0000] {processor.py:183} INFO - Processing /home/airflow/.local/lib/python3.8/site-packages/airflow/example_dags/example_latest_only_with_trigger.py took 0.125 seconds
[2024-10-01T13:25:08.781+0000] {processor.py:161} INFO - Started process (PID=1230) to work on /home/airflow/.local/lib/python3.8/site-packages/airflow/example_dags/example_latest_only_with_trigger.py
[2024-10-01T13:25:08.783+0000] {processor.py:830} INFO - Processing file /home/airflow/.local/lib/python3.8/site-packages/airflow/example_dags/example_latest_only_with_trigger.py for tasks to queue
[2024-10-01T13:25:08.787+0000] {logging_mixin.py:188} INFO - [2024-10-01T13:25:08.787+0000] {dagbag.py:538} INFO - Filling up the DagBag from /home/airflow/.local/lib/python3.8/site-packages/airflow/example_dags/example_latest_only_with_trigger.py
[2024-10-01T13:25:08.800+0000] {processor.py:840} INFO - DAG(s) 'latest_only_with_trigger' retrieved from /home/airflow/.local/lib/python3.8/site-packages/airflow/example_dags/example_latest_only_with_trigger.py
[2024-10-01T13:25:08.849+0000] {logging_mixin.py:188} INFO - [2024-10-01T13:25:08.849+0000] {dag.py:3036} INFO - Sync 1 DAGs
[2024-10-01T13:25:08.905+0000] {logging_mixin.py:188} INFO - [2024-10-01T13:25:08.904+0000] {dag.py:3823} INFO - Setting next_dagrun for latest_only_with_trigger to 2024-10-01 08:00:00+00:00, run_after=2024-10-01 12:00:00+00:00
[2024-10-01T13:25:09.160+0000] {processor.py:183} INFO - Processing /home/airflow/.local/lib/python3.8/site-packages/airflow/example_dags/example_latest_only_with_trigger.py took 0.387 seconds
[2024-10-01T13:25:39.855+0000] {processor.py:161} INFO - Started process (PID=1286) to work on /home/airflow/.local/lib/python3.8/site-packages/airflow/example_dags/example_latest_only_with_trigger.py
[2024-10-01T13:25:39.866+0000] {processor.py:830} INFO - Processing file /home/airflow/.local/lib/python3.8/site-packages/airflow/example_dags/example_latest_only_with_trigger.py for tasks to queue
[2024-10-01T13:25:39.876+0000] {logging_mixin.py:188} INFO - [2024-10-01T13:25:39.876+0000] {dagbag.py:538} INFO - Filling up the DagBag from /home/airflow/.local/lib/python3.8/site-packages/airflow/example_dags/example_latest_only_with_trigger.py
[2024-10-01T13:25:39.948+0000] {processor.py:840} INFO - DAG(s) 'latest_only_with_trigger' retrieved from /home/airflow/.local/lib/python3.8/site-packages/airflow/example_dags/example_latest_only_with_trigger.py
[2024-10-01T13:25:40.046+0000] {logging_mixin.py:188} INFO - [2024-10-01T13:25:40.045+0000] {dag.py:3036} INFO - Sync 1 DAGs
[2024-10-01T13:25:40.152+0000] {logging_mixin.py:188} INFO - [2024-10-01T13:25:40.151+0000] {dag.py:3823} INFO - Setting next_dagrun for latest_only_with_trigger to 2024-10-01 08:00:00+00:00, run_after=2024-10-01 12:00:00+00:00
[2024-10-01T13:25:40.307+0000] {processor.py:183} INFO - Processing /home/airflow/.local/lib/python3.8/site-packages/airflow/example_dags/example_latest_only_with_trigger.py took 0.470 seconds
