[2024-10-01T13:14:53.209+0000] {processor.py:161} INFO - Started process (PID=102) to work on /home/airflow/.local/lib/python3.8/site-packages/airflow/example_dags/example_python_decorator.py
[2024-10-01T13:14:53.212+0000] {processor.py:830} INFO - Processing file /home/airflow/.local/lib/python3.8/site-packages/airflow/example_dags/example_python_decorator.py for tasks to queue
[2024-10-01T13:14:53.215+0000] {logging_mixin.py:188} INFO - [2024-10-01T13:14:53.214+0000] {dagbag.py:538} INFO - Filling up the DagBag from /home/airflow/.local/lib/python3.8/site-packages/airflow/example_dags/example_python_decorator.py
[2024-10-01T13:14:53.262+0000] {processor.py:840} INFO - DAG(s) 'example_python_decorator' retrieved from /home/airflow/.local/lib/python3.8/site-packages/airflow/example_dags/example_python_decorator.py
[2024-10-01T13:14:54.020+0000] {logging_mixin.py:188} INFO - [2024-10-01T13:14:54.019+0000] {dag.py:3036} INFO - Sync 1 DAGs
[2024-10-01T13:14:54.059+0000] {logging_mixin.py:188} INFO - [2024-10-01T13:14:54.058+0000] {dag.py:3823} INFO - Setting next_dagrun for example_python_decorator to None, run_after=None
[2024-10-01T13:14:54.198+0000] {processor.py:183} INFO - Processing /home/airflow/.local/lib/python3.8/site-packages/airflow/example_dags/example_python_decorator.py took 0.996 seconds
[2024-10-01T13:15:24.638+0000] {processor.py:161} INFO - Started process (PID=158) to work on /home/airflow/.local/lib/python3.8/site-packages/airflow/example_dags/example_python_decorator.py
[2024-10-01T13:15:24.639+0000] {processor.py:830} INFO - Processing file /home/airflow/.local/lib/python3.8/site-packages/airflow/example_dags/example_python_decorator.py for tasks to queue
[2024-10-01T13:15:24.641+0000] {logging_mixin.py:188} INFO - [2024-10-01T13:15:24.641+0000] {dagbag.py:538} INFO - Filling up the DagBag from /home/airflow/.local/lib/python3.8/site-packages/airflow/example_dags/example_python_decorator.py
[2024-10-01T13:15:24.671+0000] {processor.py:840} INFO - DAG(s) 'example_python_decorator' retrieved from /home/airflow/.local/lib/python3.8/site-packages/airflow/example_dags/example_python_decorator.py
[2024-10-01T13:15:24.716+0000] {logging_mixin.py:188} INFO - [2024-10-01T13:15:24.716+0000] {dag.py:3036} INFO - Sync 1 DAGs
[2024-10-01T13:15:24.760+0000] {logging_mixin.py:188} INFO - [2024-10-01T13:15:24.760+0000] {dag.py:3823} INFO - Setting next_dagrun for example_python_decorator to None, run_after=None
[2024-10-01T13:15:24.818+0000] {processor.py:183} INFO - Processing /home/airflow/.local/lib/python3.8/site-packages/airflow/example_dags/example_python_decorator.py took 0.183 seconds
[2024-10-01T13:15:54.863+0000] {processor.py:161} INFO - Started process (PID=214) to work on /home/airflow/.local/lib/python3.8/site-packages/airflow/example_dags/example_python_decorator.py
[2024-10-01T13:15:54.865+0000] {processor.py:830} INFO - Processing file /home/airflow/.local/lib/python3.8/site-packages/airflow/example_dags/example_python_decorator.py for tasks to queue
[2024-10-01T13:15:54.867+0000] {logging_mixin.py:188} INFO - [2024-10-01T13:15:54.866+0000] {dagbag.py:538} INFO - Filling up the DagBag from /home/airflow/.local/lib/python3.8/site-packages/airflow/example_dags/example_python_decorator.py
[2024-10-01T13:15:54.880+0000] {processor.py:840} INFO - DAG(s) 'example_python_decorator' retrieved from /home/airflow/.local/lib/python3.8/site-packages/airflow/example_dags/example_python_decorator.py
[2024-10-01T13:15:54.902+0000] {logging_mixin.py:188} INFO - [2024-10-01T13:15:54.902+0000] {dag.py:3036} INFO - Sync 1 DAGs
[2024-10-01T13:15:54.916+0000] {logging_mixin.py:188} INFO - [2024-10-01T13:15:54.916+0000] {dag.py:3823} INFO - Setting next_dagrun for example_python_decorator to None, run_after=None
[2024-10-01T13:15:54.961+0000] {processor.py:183} INFO - Processing /home/airflow/.local/lib/python3.8/site-packages/airflow/example_dags/example_python_decorator.py took 0.101 seconds
[2024-10-01T13:16:25.226+0000] {processor.py:161} INFO - Started process (PID=270) to work on /home/airflow/.local/lib/python3.8/site-packages/airflow/example_dags/example_python_decorator.py
[2024-10-01T13:16:25.227+0000] {processor.py:830} INFO - Processing file /home/airflow/.local/lib/python3.8/site-packages/airflow/example_dags/example_python_decorator.py for tasks to queue
[2024-10-01T13:16:25.229+0000] {logging_mixin.py:188} INFO - [2024-10-01T13:16:25.228+0000] {dagbag.py:538} INFO - Filling up the DagBag from /home/airflow/.local/lib/python3.8/site-packages/airflow/example_dags/example_python_decorator.py
[2024-10-01T13:16:25.243+0000] {processor.py:840} INFO - DAG(s) 'example_python_decorator' retrieved from /home/airflow/.local/lib/python3.8/site-packages/airflow/example_dags/example_python_decorator.py
[2024-10-01T13:16:25.265+0000] {logging_mixin.py:188} INFO - [2024-10-01T13:16:25.265+0000] {dag.py:3036} INFO - Sync 1 DAGs
[2024-10-01T13:16:25.278+0000] {logging_mixin.py:188} INFO - [2024-10-01T13:16:25.278+0000] {dag.py:3823} INFO - Setting next_dagrun for example_python_decorator to None, run_after=None
[2024-10-01T13:16:25.322+0000] {processor.py:183} INFO - Processing /home/airflow/.local/lib/python3.8/site-packages/airflow/example_dags/example_python_decorator.py took 0.100 seconds
[2024-10-01T13:16:55.730+0000] {processor.py:161} INFO - Started process (PID=326) to work on /home/airflow/.local/lib/python3.8/site-packages/airflow/example_dags/example_python_decorator.py
[2024-10-01T13:16:55.731+0000] {processor.py:830} INFO - Processing file /home/airflow/.local/lib/python3.8/site-packages/airflow/example_dags/example_python_decorator.py for tasks to queue
[2024-10-01T13:16:55.733+0000] {logging_mixin.py:188} INFO - [2024-10-01T13:16:55.733+0000] {dagbag.py:538} INFO - Filling up the DagBag from /home/airflow/.local/lib/python3.8/site-packages/airflow/example_dags/example_python_decorator.py
[2024-10-01T13:16:55.750+0000] {processor.py:840} INFO - DAG(s) 'example_python_decorator' retrieved from /home/airflow/.local/lib/python3.8/site-packages/airflow/example_dags/example_python_decorator.py
[2024-10-01T13:16:55.776+0000] {logging_mixin.py:188} INFO - [2024-10-01T13:16:55.775+0000] {dag.py:3036} INFO - Sync 1 DAGs
[2024-10-01T13:16:55.790+0000] {logging_mixin.py:188} INFO - [2024-10-01T13:16:55.790+0000] {dag.py:3823} INFO - Setting next_dagrun for example_python_decorator to None, run_after=None
[2024-10-01T13:16:55.935+0000] {processor.py:183} INFO - Processing /home/airflow/.local/lib/python3.8/site-packages/airflow/example_dags/example_python_decorator.py took 0.208 seconds
[2024-10-01T13:17:26.033+0000] {processor.py:161} INFO - Started process (PID=382) to work on /home/airflow/.local/lib/python3.8/site-packages/airflow/example_dags/example_python_decorator.py
[2024-10-01T13:17:26.034+0000] {processor.py:830} INFO - Processing file /home/airflow/.local/lib/python3.8/site-packages/airflow/example_dags/example_python_decorator.py for tasks to queue
[2024-10-01T13:17:26.037+0000] {logging_mixin.py:188} INFO - [2024-10-01T13:17:26.036+0000] {dagbag.py:538} INFO - Filling up the DagBag from /home/airflow/.local/lib/python3.8/site-packages/airflow/example_dags/example_python_decorator.py
[2024-10-01T13:17:26.055+0000] {processor.py:840} INFO - DAG(s) 'example_python_decorator' retrieved from /home/airflow/.local/lib/python3.8/site-packages/airflow/example_dags/example_python_decorator.py
[2024-10-01T13:17:26.091+0000] {logging_mixin.py:188} INFO - [2024-10-01T13:17:26.090+0000] {dag.py:3036} INFO - Sync 1 DAGs
[2024-10-01T13:17:26.110+0000] {logging_mixin.py:188} INFO - [2024-10-01T13:17:26.110+0000] {dag.py:3823} INFO - Setting next_dagrun for example_python_decorator to None, run_after=None
[2024-10-01T13:17:26.227+0000] {processor.py:183} INFO - Processing /home/airflow/.local/lib/python3.8/site-packages/airflow/example_dags/example_python_decorator.py took 0.198 seconds
[2024-10-01T13:17:56.302+0000] {processor.py:161} INFO - Started process (PID=438) to work on /home/airflow/.local/lib/python3.8/site-packages/airflow/example_dags/example_python_decorator.py
[2024-10-01T13:17:56.304+0000] {processor.py:830} INFO - Processing file /home/airflow/.local/lib/python3.8/site-packages/airflow/example_dags/example_python_decorator.py for tasks to queue
[2024-10-01T13:17:56.306+0000] {logging_mixin.py:188} INFO - [2024-10-01T13:17:56.306+0000] {dagbag.py:538} INFO - Filling up the DagBag from /home/airflow/.local/lib/python3.8/site-packages/airflow/example_dags/example_python_decorator.py
[2024-10-01T13:17:56.326+0000] {processor.py:840} INFO - DAG(s) 'example_python_decorator' retrieved from /home/airflow/.local/lib/python3.8/site-packages/airflow/example_dags/example_python_decorator.py
[2024-10-01T13:17:56.357+0000] {logging_mixin.py:188} INFO - [2024-10-01T13:17:56.356+0000] {dag.py:3036} INFO - Sync 1 DAGs
[2024-10-01T13:17:56.374+0000] {logging_mixin.py:188} INFO - [2024-10-01T13:17:56.374+0000] {dag.py:3823} INFO - Setting next_dagrun for example_python_decorator to None, run_after=None
[2024-10-01T13:17:56.421+0000] {processor.py:183} INFO - Processing /home/airflow/.local/lib/python3.8/site-packages/airflow/example_dags/example_python_decorator.py took 0.123 seconds
[2024-10-01T13:18:26.493+0000] {processor.py:161} INFO - Started process (PID=494) to work on /home/airflow/.local/lib/python3.8/site-packages/airflow/example_dags/example_python_decorator.py
[2024-10-01T13:18:26.495+0000] {processor.py:830} INFO - Processing file /home/airflow/.local/lib/python3.8/site-packages/airflow/example_dags/example_python_decorator.py for tasks to queue
[2024-10-01T13:18:26.497+0000] {logging_mixin.py:188} INFO - [2024-10-01T13:18:26.497+0000] {dagbag.py:538} INFO - Filling up the DagBag from /home/airflow/.local/lib/python3.8/site-packages/airflow/example_dags/example_python_decorator.py
[2024-10-01T13:18:26.513+0000] {processor.py:840} INFO - DAG(s) 'example_python_decorator' retrieved from /home/airflow/.local/lib/python3.8/site-packages/airflow/example_dags/example_python_decorator.py
[2024-10-01T13:18:26.542+0000] {logging_mixin.py:188} INFO - [2024-10-01T13:18:26.542+0000] {dag.py:3036} INFO - Sync 1 DAGs
[2024-10-01T13:18:26.559+0000] {logging_mixin.py:188} INFO - [2024-10-01T13:18:26.559+0000] {dag.py:3823} INFO - Setting next_dagrun for example_python_decorator to None, run_after=None
[2024-10-01T13:18:26.592+0000] {processor.py:183} INFO - Processing /home/airflow/.local/lib/python3.8/site-packages/airflow/example_dags/example_python_decorator.py took 0.103 seconds
[2024-10-01T13:18:56.801+0000] {processor.py:161} INFO - Started process (PID=550) to work on /home/airflow/.local/lib/python3.8/site-packages/airflow/example_dags/example_python_decorator.py
[2024-10-01T13:18:56.802+0000] {processor.py:830} INFO - Processing file /home/airflow/.local/lib/python3.8/site-packages/airflow/example_dags/example_python_decorator.py for tasks to queue
[2024-10-01T13:18:56.805+0000] {logging_mixin.py:188} INFO - [2024-10-01T13:18:56.805+0000] {dagbag.py:538} INFO - Filling up the DagBag from /home/airflow/.local/lib/python3.8/site-packages/airflow/example_dags/example_python_decorator.py
[2024-10-01T13:18:56.825+0000] {processor.py:840} INFO - DAG(s) 'example_python_decorator' retrieved from /home/airflow/.local/lib/python3.8/site-packages/airflow/example_dags/example_python_decorator.py
[2024-10-01T13:18:56.852+0000] {logging_mixin.py:188} INFO - [2024-10-01T13:18:56.851+0000] {dag.py:3036} INFO - Sync 1 DAGs
[2024-10-01T13:18:56.870+0000] {logging_mixin.py:188} INFO - [2024-10-01T13:18:56.869+0000] {dag.py:3823} INFO - Setting next_dagrun for example_python_decorator to None, run_after=None
[2024-10-01T13:18:56.912+0000] {processor.py:183} INFO - Processing /home/airflow/.local/lib/python3.8/site-packages/airflow/example_dags/example_python_decorator.py took 0.114 seconds
[2024-10-01T13:19:27.966+0000] {processor.py:161} INFO - Started process (PID=606) to work on /home/airflow/.local/lib/python3.8/site-packages/airflow/example_dags/example_python_decorator.py
[2024-10-01T13:19:27.967+0000] {processor.py:830} INFO - Processing file /home/airflow/.local/lib/python3.8/site-packages/airflow/example_dags/example_python_decorator.py for tasks to queue
[2024-10-01T13:19:27.969+0000] {logging_mixin.py:188} INFO - [2024-10-01T13:19:27.969+0000] {dagbag.py:538} INFO - Filling up the DagBag from /home/airflow/.local/lib/python3.8/site-packages/airflow/example_dags/example_python_decorator.py
[2024-10-01T13:19:27.985+0000] {processor.py:840} INFO - DAG(s) 'example_python_decorator' retrieved from /home/airflow/.local/lib/python3.8/site-packages/airflow/example_dags/example_python_decorator.py
[2024-10-01T13:19:28.013+0000] {logging_mixin.py:188} INFO - [2024-10-01T13:19:28.013+0000] {dag.py:3036} INFO - Sync 1 DAGs
[2024-10-01T13:19:28.036+0000] {logging_mixin.py:188} INFO - [2024-10-01T13:19:28.035+0000] {dag.py:3823} INFO - Setting next_dagrun for example_python_decorator to None, run_after=None
[2024-10-01T13:19:28.080+0000] {processor.py:183} INFO - Processing /home/airflow/.local/lib/python3.8/site-packages/airflow/example_dags/example_python_decorator.py took 0.118 seconds
[2024-10-01T13:19:58.961+0000] {processor.py:161} INFO - Started process (PID=662) to work on /home/airflow/.local/lib/python3.8/site-packages/airflow/example_dags/example_python_decorator.py
[2024-10-01T13:19:58.962+0000] {processor.py:830} INFO - Processing file /home/airflow/.local/lib/python3.8/site-packages/airflow/example_dags/example_python_decorator.py for tasks to queue
[2024-10-01T13:19:58.965+0000] {logging_mixin.py:188} INFO - [2024-10-01T13:19:58.964+0000] {dagbag.py:538} INFO - Filling up the DagBag from /home/airflow/.local/lib/python3.8/site-packages/airflow/example_dags/example_python_decorator.py
[2024-10-01T13:19:58.979+0000] {processor.py:840} INFO - DAG(s) 'example_python_decorator' retrieved from /home/airflow/.local/lib/python3.8/site-packages/airflow/example_dags/example_python_decorator.py
[2024-10-01T13:19:59.003+0000] {logging_mixin.py:188} INFO - [2024-10-01T13:19:59.003+0000] {dag.py:3036} INFO - Sync 1 DAGs
[2024-10-01T13:19:59.017+0000] {logging_mixin.py:188} INFO - [2024-10-01T13:19:59.017+0000] {dag.py:3823} INFO - Setting next_dagrun for example_python_decorator to None, run_after=None
[2024-10-01T13:19:59.046+0000] {processor.py:183} INFO - Processing /home/airflow/.local/lib/python3.8/site-packages/airflow/example_dags/example_python_decorator.py took 0.088 seconds
[2024-10-01T13:20:29.978+0000] {processor.py:161} INFO - Started process (PID=718) to work on /home/airflow/.local/lib/python3.8/site-packages/airflow/example_dags/example_python_decorator.py
[2024-10-01T13:20:29.979+0000] {processor.py:830} INFO - Processing file /home/airflow/.local/lib/python3.8/site-packages/airflow/example_dags/example_python_decorator.py for tasks to queue
[2024-10-01T13:20:29.982+0000] {logging_mixin.py:188} INFO - [2024-10-01T13:20:29.982+0000] {dagbag.py:538} INFO - Filling up the DagBag from /home/airflow/.local/lib/python3.8/site-packages/airflow/example_dags/example_python_decorator.py
[2024-10-01T13:20:30.007+0000] {processor.py:840} INFO - DAG(s) 'example_python_decorator' retrieved from /home/airflow/.local/lib/python3.8/site-packages/airflow/example_dags/example_python_decorator.py
[2024-10-01T13:20:30.050+0000] {logging_mixin.py:188} INFO - [2024-10-01T13:20:30.049+0000] {dag.py:3036} INFO - Sync 1 DAGs
[2024-10-01T13:20:30.070+0000] {logging_mixin.py:188} INFO - [2024-10-01T13:20:30.070+0000] {dag.py:3823} INFO - Setting next_dagrun for example_python_decorator to None, run_after=None
[2024-10-01T13:20:30.097+0000] {processor.py:183} INFO - Processing /home/airflow/.local/lib/python3.8/site-packages/airflow/example_dags/example_python_decorator.py took 0.123 seconds
[2024-10-01T13:21:00.136+0000] {processor.py:161} INFO - Started process (PID=773) to work on /home/airflow/.local/lib/python3.8/site-packages/airflow/example_dags/example_python_decorator.py
[2024-10-01T13:21:00.137+0000] {processor.py:830} INFO - Processing file /home/airflow/.local/lib/python3.8/site-packages/airflow/example_dags/example_python_decorator.py for tasks to queue
[2024-10-01T13:21:00.140+0000] {logging_mixin.py:188} INFO - [2024-10-01T13:21:00.140+0000] {dagbag.py:538} INFO - Filling up the DagBag from /home/airflow/.local/lib/python3.8/site-packages/airflow/example_dags/example_python_decorator.py
[2024-10-01T13:21:00.159+0000] {processor.py:840} INFO - DAG(s) 'example_python_decorator' retrieved from /home/airflow/.local/lib/python3.8/site-packages/airflow/example_dags/example_python_decorator.py
[2024-10-01T13:21:00.193+0000] {logging_mixin.py:188} INFO - [2024-10-01T13:21:00.193+0000] {dag.py:3036} INFO - Sync 1 DAGs
[2024-10-01T13:21:00.210+0000] {logging_mixin.py:188} INFO - [2024-10-01T13:21:00.210+0000] {dag.py:3823} INFO - Setting next_dagrun for example_python_decorator to None, run_after=None
[2024-10-01T13:21:00.244+0000] {processor.py:183} INFO - Processing /home/airflow/.local/lib/python3.8/site-packages/airflow/example_dags/example_python_decorator.py took 0.115 seconds
[2024-10-01T13:21:30.628+0000] {processor.py:161} INFO - Started process (PID=830) to work on /home/airflow/.local/lib/python3.8/site-packages/airflow/example_dags/example_python_decorator.py
[2024-10-01T13:21:30.630+0000] {processor.py:830} INFO - Processing file /home/airflow/.local/lib/python3.8/site-packages/airflow/example_dags/example_python_decorator.py for tasks to queue
[2024-10-01T13:21:30.634+0000] {logging_mixin.py:188} INFO - [2024-10-01T13:21:30.633+0000] {dagbag.py:538} INFO - Filling up the DagBag from /home/airflow/.local/lib/python3.8/site-packages/airflow/example_dags/example_python_decorator.py
[2024-10-01T13:21:30.658+0000] {processor.py:840} INFO - DAG(s) 'example_python_decorator' retrieved from /home/airflow/.local/lib/python3.8/site-packages/airflow/example_dags/example_python_decorator.py
[2024-10-01T13:21:30.707+0000] {logging_mixin.py:188} INFO - [2024-10-01T13:21:30.707+0000] {dag.py:3036} INFO - Sync 1 DAGs
[2024-10-01T13:21:30.732+0000] {logging_mixin.py:188} INFO - [2024-10-01T13:21:30.732+0000] {dag.py:3823} INFO - Setting next_dagrun for example_python_decorator to None, run_after=None
[2024-10-01T13:21:30.770+0000] {processor.py:183} INFO - Processing /home/airflow/.local/lib/python3.8/site-packages/airflow/example_dags/example_python_decorator.py took 0.154 seconds
[2024-10-01T13:22:01.357+0000] {processor.py:161} INFO - Started process (PID=886) to work on /home/airflow/.local/lib/python3.8/site-packages/airflow/example_dags/example_python_decorator.py
[2024-10-01T13:22:01.358+0000] {processor.py:830} INFO - Processing file /home/airflow/.local/lib/python3.8/site-packages/airflow/example_dags/example_python_decorator.py for tasks to queue
[2024-10-01T13:22:01.362+0000] {logging_mixin.py:188} INFO - [2024-10-01T13:22:01.361+0000] {dagbag.py:538} INFO - Filling up the DagBag from /home/airflow/.local/lib/python3.8/site-packages/airflow/example_dags/example_python_decorator.py
[2024-10-01T13:22:01.382+0000] {processor.py:840} INFO - DAG(s) 'example_python_decorator' retrieved from /home/airflow/.local/lib/python3.8/site-packages/airflow/example_dags/example_python_decorator.py
[2024-10-01T13:22:01.424+0000] {logging_mixin.py:188} INFO - [2024-10-01T13:22:01.424+0000] {dag.py:3036} INFO - Sync 1 DAGs
[2024-10-01T13:22:01.444+0000] {logging_mixin.py:188} INFO - [2024-10-01T13:22:01.443+0000] {dag.py:3823} INFO - Setting next_dagrun for example_python_decorator to None, run_after=None
[2024-10-01T13:22:01.618+0000] {processor.py:183} INFO - Processing /home/airflow/.local/lib/python3.8/site-packages/airflow/example_dags/example_python_decorator.py took 0.268 seconds
[2024-10-01T13:22:32.670+0000] {processor.py:161} INFO - Started process (PID=942) to work on /home/airflow/.local/lib/python3.8/site-packages/airflow/example_dags/example_python_decorator.py
[2024-10-01T13:22:32.682+0000] {processor.py:830} INFO - Processing file /home/airflow/.local/lib/python3.8/site-packages/airflow/example_dags/example_python_decorator.py for tasks to queue
[2024-10-01T13:22:32.697+0000] {logging_mixin.py:188} INFO - [2024-10-01T13:22:32.688+0000] {dagbag.py:538} INFO - Filling up the DagBag from /home/airflow/.local/lib/python3.8/site-packages/airflow/example_dags/example_python_decorator.py
[2024-10-01T13:22:32.778+0000] {processor.py:840} INFO - DAG(s) 'example_python_decorator' retrieved from /home/airflow/.local/lib/python3.8/site-packages/airflow/example_dags/example_python_decorator.py
[2024-10-01T13:22:33.096+0000] {logging_mixin.py:188} INFO - [2024-10-01T13:22:33.096+0000] {dag.py:3036} INFO - Sync 1 DAGs
[2024-10-01T13:22:33.129+0000] {logging_mixin.py:188} INFO - [2024-10-01T13:22:33.128+0000] {dag.py:3823} INFO - Setting next_dagrun for example_python_decorator to None, run_after=None
[2024-10-01T13:22:33.178+0000] {processor.py:183} INFO - Processing /home/airflow/.local/lib/python3.8/site-packages/airflow/example_dags/example_python_decorator.py took 0.526 seconds
[2024-10-01T13:23:03.922+0000] {processor.py:161} INFO - Started process (PID=999) to work on /home/airflow/.local/lib/python3.8/site-packages/airflow/example_dags/example_python_decorator.py
[2024-10-01T13:23:03.923+0000] {processor.py:830} INFO - Processing file /home/airflow/.local/lib/python3.8/site-packages/airflow/example_dags/example_python_decorator.py for tasks to queue
[2024-10-01T13:23:03.926+0000] {logging_mixin.py:188} INFO - [2024-10-01T13:23:03.926+0000] {dagbag.py:538} INFO - Filling up the DagBag from /home/airflow/.local/lib/python3.8/site-packages/airflow/example_dags/example_python_decorator.py
[2024-10-01T13:23:03.943+0000] {processor.py:840} INFO - DAG(s) 'example_python_decorator' retrieved from /home/airflow/.local/lib/python3.8/site-packages/airflow/example_dags/example_python_decorator.py
[2024-10-01T13:23:03.970+0000] {logging_mixin.py:188} INFO - [2024-10-01T13:23:03.970+0000] {dag.py:3036} INFO - Sync 1 DAGs
[2024-10-01T13:23:03.987+0000] {logging_mixin.py:188} INFO - [2024-10-01T13:23:03.987+0000] {dag.py:3823} INFO - Setting next_dagrun for example_python_decorator to None, run_after=None
[2024-10-01T13:23:04.065+0000] {processor.py:183} INFO - Processing /home/airflow/.local/lib/python3.8/site-packages/airflow/example_dags/example_python_decorator.py took 0.147 seconds
[2024-10-01T13:23:35.295+0000] {processor.py:161} INFO - Started process (PID=1055) to work on /home/airflow/.local/lib/python3.8/site-packages/airflow/example_dags/example_python_decorator.py
[2024-10-01T13:23:35.297+0000] {processor.py:830} INFO - Processing file /home/airflow/.local/lib/python3.8/site-packages/airflow/example_dags/example_python_decorator.py for tasks to queue
[2024-10-01T13:23:35.300+0000] {logging_mixin.py:188} INFO - [2024-10-01T13:23:35.300+0000] {dagbag.py:538} INFO - Filling up the DagBag from /home/airflow/.local/lib/python3.8/site-packages/airflow/example_dags/example_python_decorator.py
[2024-10-01T13:23:35.337+0000] {processor.py:840} INFO - DAG(s) 'example_python_decorator' retrieved from /home/airflow/.local/lib/python3.8/site-packages/airflow/example_dags/example_python_decorator.py
[2024-10-01T13:23:35.398+0000] {logging_mixin.py:188} INFO - [2024-10-01T13:23:35.397+0000] {dag.py:3036} INFO - Sync 1 DAGs
[2024-10-01T13:23:35.430+0000] {logging_mixin.py:188} INFO - [2024-10-01T13:23:35.430+0000] {dag.py:3823} INFO - Setting next_dagrun for example_python_decorator to None, run_after=None
[2024-10-01T13:23:35.653+0000] {processor.py:183} INFO - Processing /home/airflow/.local/lib/python3.8/site-packages/airflow/example_dags/example_python_decorator.py took 0.369 seconds
[2024-10-01T13:24:06.614+0000] {processor.py:161} INFO - Started process (PID=1117) to work on /home/airflow/.local/lib/python3.8/site-packages/airflow/example_dags/example_python_decorator.py
[2024-10-01T13:24:06.631+0000] {processor.py:830} INFO - Processing file /home/airflow/.local/lib/python3.8/site-packages/airflow/example_dags/example_python_decorator.py for tasks to queue
[2024-10-01T13:24:06.652+0000] {logging_mixin.py:188} INFO - [2024-10-01T13:24:06.650+0000] {dagbag.py:538} INFO - Filling up the DagBag from /home/airflow/.local/lib/python3.8/site-packages/airflow/example_dags/example_python_decorator.py
[2024-10-01T13:24:06.762+0000] {processor.py:840} INFO - DAG(s) 'example_python_decorator' retrieved from /home/airflow/.local/lib/python3.8/site-packages/airflow/example_dags/example_python_decorator.py
[2024-10-01T13:24:06.895+0000] {logging_mixin.py:188} INFO - [2024-10-01T13:24:06.894+0000] {dag.py:3036} INFO - Sync 1 DAGs
[2024-10-01T13:24:06.989+0000] {logging_mixin.py:188} INFO - [2024-10-01T13:24:06.987+0000] {dag.py:3823} INFO - Setting next_dagrun for example_python_decorator to None, run_after=None
[2024-10-01T13:24:07.290+0000] {processor.py:183} INFO - Processing /home/airflow/.local/lib/python3.8/site-packages/airflow/example_dags/example_python_decorator.py took 0.699 seconds
[2024-10-01T13:24:37.792+0000] {processor.py:161} INFO - Started process (PID=1173) to work on /home/airflow/.local/lib/python3.8/site-packages/airflow/example_dags/example_python_decorator.py
[2024-10-01T13:24:37.794+0000] {processor.py:830} INFO - Processing file /home/airflow/.local/lib/python3.8/site-packages/airflow/example_dags/example_python_decorator.py for tasks to queue
[2024-10-01T13:24:37.797+0000] {logging_mixin.py:188} INFO - [2024-10-01T13:24:37.796+0000] {dagbag.py:538} INFO - Filling up the DagBag from /home/airflow/.local/lib/python3.8/site-packages/airflow/example_dags/example_python_decorator.py
[2024-10-01T13:24:37.820+0000] {processor.py:840} INFO - DAG(s) 'example_python_decorator' retrieved from /home/airflow/.local/lib/python3.8/site-packages/airflow/example_dags/example_python_decorator.py
[2024-10-01T13:24:37.849+0000] {logging_mixin.py:188} INFO - [2024-10-01T13:24:37.848+0000] {dag.py:3036} INFO - Sync 1 DAGs
[2024-10-01T13:24:37.871+0000] {logging_mixin.py:188} INFO - [2024-10-01T13:24:37.871+0000] {dag.py:3823} INFO - Setting next_dagrun for example_python_decorator to None, run_after=None
[2024-10-01T13:24:37.911+0000] {processor.py:183} INFO - Processing /home/airflow/.local/lib/python3.8/site-packages/airflow/example_dags/example_python_decorator.py took 0.125 seconds
[2024-10-01T13:25:08.493+0000] {processor.py:161} INFO - Started process (PID=1229) to work on /home/airflow/.local/lib/python3.8/site-packages/airflow/example_dags/example_python_decorator.py
[2024-10-01T13:25:08.495+0000] {processor.py:830} INFO - Processing file /home/airflow/.local/lib/python3.8/site-packages/airflow/example_dags/example_python_decorator.py for tasks to queue
[2024-10-01T13:25:08.500+0000] {logging_mixin.py:188} INFO - [2024-10-01T13:25:08.498+0000] {dagbag.py:538} INFO - Filling up the DagBag from /home/airflow/.local/lib/python3.8/site-packages/airflow/example_dags/example_python_decorator.py
[2024-10-01T13:25:08.536+0000] {processor.py:840} INFO - DAG(s) 'example_python_decorator' retrieved from /home/airflow/.local/lib/python3.8/site-packages/airflow/example_dags/example_python_decorator.py
[2024-10-01T13:25:08.584+0000] {logging_mixin.py:188} INFO - [2024-10-01T13:25:08.583+0000] {dag.py:3036} INFO - Sync 1 DAGs
[2024-10-01T13:25:08.613+0000] {logging_mixin.py:188} INFO - [2024-10-01T13:25:08.613+0000] {dag.py:3823} INFO - Setting next_dagrun for example_python_decorator to None, run_after=None
[2024-10-01T13:25:08.755+0000] {processor.py:183} INFO - Processing /home/airflow/.local/lib/python3.8/site-packages/airflow/example_dags/example_python_decorator.py took 0.270 seconds
[2024-10-01T13:25:39.471+0000] {processor.py:161} INFO - Started process (PID=1285) to work on /home/airflow/.local/lib/python3.8/site-packages/airflow/example_dags/example_python_decorator.py
[2024-10-01T13:25:39.473+0000] {processor.py:830} INFO - Processing file /home/airflow/.local/lib/python3.8/site-packages/airflow/example_dags/example_python_decorator.py for tasks to queue
[2024-10-01T13:25:39.476+0000] {logging_mixin.py:188} INFO - [2024-10-01T13:25:39.476+0000] {dagbag.py:538} INFO - Filling up the DagBag from /home/airflow/.local/lib/python3.8/site-packages/airflow/example_dags/example_python_decorator.py
[2024-10-01T13:25:39.498+0000] {processor.py:840} INFO - DAG(s) 'example_python_decorator' retrieved from /home/airflow/.local/lib/python3.8/site-packages/airflow/example_dags/example_python_decorator.py
[2024-10-01T13:25:39.616+0000] {logging_mixin.py:188} INFO - [2024-10-01T13:25:39.615+0000] {dag.py:3036} INFO - Sync 1 DAGs
[2024-10-01T13:25:39.708+0000] {logging_mixin.py:188} INFO - [2024-10-01T13:25:39.708+0000] {dag.py:3823} INFO - Setting next_dagrun for example_python_decorator to None, run_after=None
[2024-10-01T13:25:40.126+0000] {processor.py:183} INFO - Processing /home/airflow/.local/lib/python3.8/site-packages/airflow/example_dags/example_python_decorator.py took 0.660 seconds
