[2024-10-01T13:14:44.606+0000] {processor.py:161} INFO - Started process (PID=90) to work on /home/airflow/.local/lib/python3.8/site-packages/airflow/example_dags/example_dag_decorator.py
[2024-10-01T13:14:44.608+0000] {processor.py:830} INFO - Processing file /home/airflow/.local/lib/python3.8/site-packages/airflow/example_dags/example_dag_decorator.py for tasks to queue
[2024-10-01T13:14:44.612+0000] {logging_mixin.py:188} INFO - [2024-10-01T13:14:44.611+0000] {dagbag.py:538} INFO - Filling up the DagBag from /home/airflow/.local/lib/python3.8/site-packages/airflow/example_dags/example_dag_decorator.py
[2024-10-01T13:14:46.808+0000] {processor.py:840} INFO - DAG(s) 'example_dag_decorator' retrieved from /home/airflow/.local/lib/python3.8/site-packages/airflow/example_dags/example_dag_decorator.py
[2024-10-01T13:14:49.138+0000] {logging_mixin.py:188} INFO - [2024-10-01T13:14:49.138+0000] {dag.py:3036} INFO - Sync 1 DAGs
[2024-10-01T13:14:49.198+0000] {logging_mixin.py:188} INFO - [2024-10-01T13:14:49.198+0000] {dag.py:3823} INFO - Setting next_dagrun for example_dag_decorator to None, run_after=None
[2024-10-01T13:14:49.595+0000] {processor.py:183} INFO - Processing /home/airflow/.local/lib/python3.8/site-packages/airflow/example_dags/example_dag_decorator.py took 4.995 seconds
[2024-10-01T13:15:20.608+0000] {processor.py:161} INFO - Started process (PID=146) to work on /home/airflow/.local/lib/python3.8/site-packages/airflow/example_dags/example_dag_decorator.py
[2024-10-01T13:15:20.609+0000] {processor.py:830} INFO - Processing file /home/airflow/.local/lib/python3.8/site-packages/airflow/example_dags/example_dag_decorator.py for tasks to queue
[2024-10-01T13:15:20.611+0000] {logging_mixin.py:188} INFO - [2024-10-01T13:15:20.611+0000] {dagbag.py:538} INFO - Filling up the DagBag from /home/airflow/.local/lib/python3.8/site-packages/airflow/example_dags/example_dag_decorator.py
[2024-10-01T13:15:20.803+0000] {processor.py:840} INFO - DAG(s) 'example_dag_decorator' retrieved from /home/airflow/.local/lib/python3.8/site-packages/airflow/example_dags/example_dag_decorator.py
[2024-10-01T13:15:20.930+0000] {logging_mixin.py:188} INFO - [2024-10-01T13:15:20.930+0000] {dag.py:3036} INFO - Sync 1 DAGs
[2024-10-01T13:15:20.942+0000] {logging_mixin.py:188} INFO - [2024-10-01T13:15:20.942+0000] {dag.py:3823} INFO - Setting next_dagrun for example_dag_decorator to None, run_after=None
[2024-10-01T13:15:20.978+0000] {processor.py:183} INFO - Processing /home/airflow/.local/lib/python3.8/site-packages/airflow/example_dags/example_dag_decorator.py took 0.373 seconds
[2024-10-01T13:15:51.084+0000] {processor.py:161} INFO - Started process (PID=204) to work on /home/airflow/.local/lib/python3.8/site-packages/airflow/example_dags/example_dag_decorator.py
[2024-10-01T13:15:51.085+0000] {processor.py:830} INFO - Processing file /home/airflow/.local/lib/python3.8/site-packages/airflow/example_dags/example_dag_decorator.py for tasks to queue
[2024-10-01T13:15:51.087+0000] {logging_mixin.py:188} INFO - [2024-10-01T13:15:51.087+0000] {dagbag.py:538} INFO - Filling up the DagBag from /home/airflow/.local/lib/python3.8/site-packages/airflow/example_dags/example_dag_decorator.py
[2024-10-01T13:15:51.207+0000] {processor.py:840} INFO - DAG(s) 'example_dag_decorator' retrieved from /home/airflow/.local/lib/python3.8/site-packages/airflow/example_dags/example_dag_decorator.py
[2024-10-01T13:15:51.342+0000] {logging_mixin.py:188} INFO - [2024-10-01T13:15:51.342+0000] {dag.py:3036} INFO - Sync 1 DAGs
[2024-10-01T13:15:51.356+0000] {logging_mixin.py:188} INFO - [2024-10-01T13:15:51.356+0000] {dag.py:3823} INFO - Setting next_dagrun for example_dag_decorator to None, run_after=None
[2024-10-01T13:15:51.385+0000] {processor.py:183} INFO - Processing /home/airflow/.local/lib/python3.8/site-packages/airflow/example_dags/example_dag_decorator.py took 0.305 seconds
[2024-10-01T13:16:21.722+0000] {processor.py:161} INFO - Started process (PID=262) to work on /home/airflow/.local/lib/python3.8/site-packages/airflow/example_dags/example_dag_decorator.py
[2024-10-01T13:16:21.723+0000] {processor.py:830} INFO - Processing file /home/airflow/.local/lib/python3.8/site-packages/airflow/example_dags/example_dag_decorator.py for tasks to queue
[2024-10-01T13:16:21.726+0000] {logging_mixin.py:188} INFO - [2024-10-01T13:16:21.725+0000] {dagbag.py:538} INFO - Filling up the DagBag from /home/airflow/.local/lib/python3.8/site-packages/airflow/example_dags/example_dag_decorator.py
[2024-10-01T13:16:21.865+0000] {processor.py:840} INFO - DAG(s) 'example_dag_decorator' retrieved from /home/airflow/.local/lib/python3.8/site-packages/airflow/example_dags/example_dag_decorator.py
[2024-10-01T13:16:22.068+0000] {logging_mixin.py:188} INFO - [2024-10-01T13:16:22.068+0000] {dag.py:3036} INFO - Sync 1 DAGs
[2024-10-01T13:16:22.081+0000] {logging_mixin.py:188} INFO - [2024-10-01T13:16:22.080+0000] {dag.py:3823} INFO - Setting next_dagrun for example_dag_decorator to None, run_after=None
[2024-10-01T13:16:22.133+0000] {processor.py:183} INFO - Processing /home/airflow/.local/lib/python3.8/site-packages/airflow/example_dags/example_dag_decorator.py took 0.414 seconds
[2024-10-01T13:16:52.762+0000] {processor.py:161} INFO - Started process (PID=318) to work on /home/airflow/.local/lib/python3.8/site-packages/airflow/example_dags/example_dag_decorator.py
[2024-10-01T13:16:52.764+0000] {processor.py:830} INFO - Processing file /home/airflow/.local/lib/python3.8/site-packages/airflow/example_dags/example_dag_decorator.py for tasks to queue
[2024-10-01T13:16:52.766+0000] {logging_mixin.py:188} INFO - [2024-10-01T13:16:52.766+0000] {dagbag.py:538} INFO - Filling up the DagBag from /home/airflow/.local/lib/python3.8/site-packages/airflow/example_dags/example_dag_decorator.py
[2024-10-01T13:16:52.875+0000] {processor.py:840} INFO - DAG(s) 'example_dag_decorator' retrieved from /home/airflow/.local/lib/python3.8/site-packages/airflow/example_dags/example_dag_decorator.py
[2024-10-01T13:16:52.905+0000] {logging_mixin.py:188} INFO - [2024-10-01T13:16:52.904+0000] {dag.py:3036} INFO - Sync 1 DAGs
[2024-10-01T13:16:52.922+0000] {logging_mixin.py:188} INFO - [2024-10-01T13:16:52.922+0000] {dag.py:3823} INFO - Setting next_dagrun for example_dag_decorator to None, run_after=None
[2024-10-01T13:16:53.053+0000] {processor.py:183} INFO - Processing /home/airflow/.local/lib/python3.8/site-packages/airflow/example_dags/example_dag_decorator.py took 0.294 seconds
[2024-10-01T13:17:23.384+0000] {processor.py:161} INFO - Started process (PID=374) to work on /home/airflow/.local/lib/python3.8/site-packages/airflow/example_dags/example_dag_decorator.py
[2024-10-01T13:17:23.385+0000] {processor.py:830} INFO - Processing file /home/airflow/.local/lib/python3.8/site-packages/airflow/example_dags/example_dag_decorator.py for tasks to queue
[2024-10-01T13:17:23.389+0000] {logging_mixin.py:188} INFO - [2024-10-01T13:17:23.388+0000] {dagbag.py:538} INFO - Filling up the DagBag from /home/airflow/.local/lib/python3.8/site-packages/airflow/example_dags/example_dag_decorator.py
[2024-10-01T13:17:23.506+0000] {processor.py:840} INFO - DAG(s) 'example_dag_decorator' retrieved from /home/airflow/.local/lib/python3.8/site-packages/airflow/example_dags/example_dag_decorator.py
[2024-10-01T13:17:23.648+0000] {logging_mixin.py:188} INFO - [2024-10-01T13:17:23.648+0000] {dag.py:3036} INFO - Sync 1 DAGs
[2024-10-01T13:17:23.669+0000] {logging_mixin.py:188} INFO - [2024-10-01T13:17:23.668+0000] {dag.py:3823} INFO - Setting next_dagrun for example_dag_decorator to None, run_after=None
[2024-10-01T13:17:23.706+0000] {processor.py:183} INFO - Processing /home/airflow/.local/lib/python3.8/site-packages/airflow/example_dags/example_dag_decorator.py took 0.326 seconds
[2024-10-01T13:17:54.496+0000] {processor.py:161} INFO - Started process (PID=430) to work on /home/airflow/.local/lib/python3.8/site-packages/airflow/example_dags/example_dag_decorator.py
[2024-10-01T13:17:54.497+0000] {processor.py:830} INFO - Processing file /home/airflow/.local/lib/python3.8/site-packages/airflow/example_dags/example_dag_decorator.py for tasks to queue
[2024-10-01T13:17:54.499+0000] {logging_mixin.py:188} INFO - [2024-10-01T13:17:54.499+0000] {dagbag.py:538} INFO - Filling up the DagBag from /home/airflow/.local/lib/python3.8/site-packages/airflow/example_dags/example_dag_decorator.py
[2024-10-01T13:17:54.612+0000] {processor.py:840} INFO - DAG(s) 'example_dag_decorator' retrieved from /home/airflow/.local/lib/python3.8/site-packages/airflow/example_dags/example_dag_decorator.py
[2024-10-01T13:17:54.762+0000] {logging_mixin.py:188} INFO - [2024-10-01T13:17:54.762+0000] {dag.py:3036} INFO - Sync 1 DAGs
[2024-10-01T13:17:54.777+0000] {logging_mixin.py:188} INFO - [2024-10-01T13:17:54.777+0000] {dag.py:3823} INFO - Setting next_dagrun for example_dag_decorator to None, run_after=None
[2024-10-01T13:17:54.814+0000] {processor.py:183} INFO - Processing /home/airflow/.local/lib/python3.8/site-packages/airflow/example_dags/example_dag_decorator.py took 0.322 seconds
[2024-10-01T13:18:24.955+0000] {processor.py:161} INFO - Started process (PID=488) to work on /home/airflow/.local/lib/python3.8/site-packages/airflow/example_dags/example_dag_decorator.py
[2024-10-01T13:18:24.957+0000] {processor.py:830} INFO - Processing file /home/airflow/.local/lib/python3.8/site-packages/airflow/example_dags/example_dag_decorator.py for tasks to queue
[2024-10-01T13:18:24.959+0000] {logging_mixin.py:188} INFO - [2024-10-01T13:18:24.959+0000] {dagbag.py:538} INFO - Filling up the DagBag from /home/airflow/.local/lib/python3.8/site-packages/airflow/example_dags/example_dag_decorator.py
[2024-10-01T13:18:25.079+0000] {processor.py:840} INFO - DAG(s) 'example_dag_decorator' retrieved from /home/airflow/.local/lib/python3.8/site-packages/airflow/example_dags/example_dag_decorator.py
[2024-10-01T13:18:25.112+0000] {logging_mixin.py:188} INFO - [2024-10-01T13:18:25.112+0000] {dag.py:3036} INFO - Sync 1 DAGs
[2024-10-01T13:18:25.130+0000] {logging_mixin.py:188} INFO - [2024-10-01T13:18:25.130+0000] {dag.py:3823} INFO - Setting next_dagrun for example_dag_decorator to None, run_after=None
[2024-10-01T13:18:25.168+0000] {processor.py:183} INFO - Processing /home/airflow/.local/lib/python3.8/site-packages/airflow/example_dags/example_dag_decorator.py took 0.218 seconds
[2024-10-01T13:18:55.441+0000] {processor.py:161} INFO - Started process (PID=545) to work on /home/airflow/.local/lib/python3.8/site-packages/airflow/example_dags/example_dag_decorator.py
[2024-10-01T13:18:55.443+0000] {processor.py:830} INFO - Processing file /home/airflow/.local/lib/python3.8/site-packages/airflow/example_dags/example_dag_decorator.py for tasks to queue
[2024-10-01T13:18:55.445+0000] {logging_mixin.py:188} INFO - [2024-10-01T13:18:55.444+0000] {dagbag.py:538} INFO - Filling up the DagBag from /home/airflow/.local/lib/python3.8/site-packages/airflow/example_dags/example_dag_decorator.py
[2024-10-01T13:18:55.572+0000] {processor.py:840} INFO - DAG(s) 'example_dag_decorator' retrieved from /home/airflow/.local/lib/python3.8/site-packages/airflow/example_dags/example_dag_decorator.py
[2024-10-01T13:18:55.707+0000] {logging_mixin.py:188} INFO - [2024-10-01T13:18:55.706+0000] {dag.py:3036} INFO - Sync 1 DAGs
[2024-10-01T13:18:55.720+0000] {logging_mixin.py:188} INFO - [2024-10-01T13:18:55.720+0000] {dag.py:3823} INFO - Setting next_dagrun for example_dag_decorator to None, run_after=None
[2024-10-01T13:18:55.775+0000] {processor.py:183} INFO - Processing /home/airflow/.local/lib/python3.8/site-packages/airflow/example_dags/example_dag_decorator.py took 0.338 seconds
[2024-10-01T13:19:26.070+0000] {processor.py:161} INFO - Started process (PID=598) to work on /home/airflow/.local/lib/python3.8/site-packages/airflow/example_dags/example_dag_decorator.py
[2024-10-01T13:19:26.071+0000] {processor.py:830} INFO - Processing file /home/airflow/.local/lib/python3.8/site-packages/airflow/example_dags/example_dag_decorator.py for tasks to queue
[2024-10-01T13:19:26.073+0000] {logging_mixin.py:188} INFO - [2024-10-01T13:19:26.072+0000] {dagbag.py:538} INFO - Filling up the DagBag from /home/airflow/.local/lib/python3.8/site-packages/airflow/example_dags/example_dag_decorator.py
[2024-10-01T13:19:26.184+0000] {processor.py:840} INFO - DAG(s) 'example_dag_decorator' retrieved from /home/airflow/.local/lib/python3.8/site-packages/airflow/example_dags/example_dag_decorator.py
[2024-10-01T13:19:26.318+0000] {logging_mixin.py:188} INFO - [2024-10-01T13:19:26.318+0000] {dag.py:3036} INFO - Sync 1 DAGs
[2024-10-01T13:19:26.335+0000] {logging_mixin.py:188} INFO - [2024-10-01T13:19:26.335+0000] {dag.py:3823} INFO - Setting next_dagrun for example_dag_decorator to None, run_after=None
[2024-10-01T13:19:26.366+0000] {processor.py:183} INFO - Processing /home/airflow/.local/lib/python3.8/site-packages/airflow/example_dags/example_dag_decorator.py took 0.299 seconds
[2024-10-01T13:19:56.473+0000] {processor.py:161} INFO - Started process (PID=656) to work on /home/airflow/.local/lib/python3.8/site-packages/airflow/example_dags/example_dag_decorator.py
[2024-10-01T13:19:56.474+0000] {processor.py:830} INFO - Processing file /home/airflow/.local/lib/python3.8/site-packages/airflow/example_dags/example_dag_decorator.py for tasks to queue
[2024-10-01T13:19:56.476+0000] {logging_mixin.py:188} INFO - [2024-10-01T13:19:56.476+0000] {dagbag.py:538} INFO - Filling up the DagBag from /home/airflow/.local/lib/python3.8/site-packages/airflow/example_dags/example_dag_decorator.py
[2024-10-01T13:19:56.628+0000] {processor.py:840} INFO - DAG(s) 'example_dag_decorator' retrieved from /home/airflow/.local/lib/python3.8/site-packages/airflow/example_dags/example_dag_decorator.py
[2024-10-01T13:19:56.801+0000] {logging_mixin.py:188} INFO - [2024-10-01T13:19:56.801+0000] {dag.py:3036} INFO - Sync 1 DAGs
[2024-10-01T13:19:56.814+0000] {logging_mixin.py:188} INFO - [2024-10-01T13:19:56.814+0000] {dag.py:3823} INFO - Setting next_dagrun for example_dag_decorator to None, run_after=None
[2024-10-01T13:19:56.838+0000] {processor.py:183} INFO - Processing /home/airflow/.local/lib/python3.8/site-packages/airflow/example_dags/example_dag_decorator.py took 0.368 seconds
[2024-10-01T13:20:27.117+0000] {processor.py:161} INFO - Started process (PID=710) to work on /home/airflow/.local/lib/python3.8/site-packages/airflow/example_dags/example_dag_decorator.py
[2024-10-01T13:20:27.118+0000] {processor.py:830} INFO - Processing file /home/airflow/.local/lib/python3.8/site-packages/airflow/example_dags/example_dag_decorator.py for tasks to queue
[2024-10-01T13:20:27.121+0000] {logging_mixin.py:188} INFO - [2024-10-01T13:20:27.120+0000] {dagbag.py:538} INFO - Filling up the DagBag from /home/airflow/.local/lib/python3.8/site-packages/airflow/example_dags/example_dag_decorator.py
[2024-10-01T13:20:27.232+0000] {processor.py:840} INFO - DAG(s) 'example_dag_decorator' retrieved from /home/airflow/.local/lib/python3.8/site-packages/airflow/example_dags/example_dag_decorator.py
[2024-10-01T13:20:27.343+0000] {logging_mixin.py:188} INFO - [2024-10-01T13:20:27.342+0000] {dag.py:3036} INFO - Sync 1 DAGs
[2024-10-01T13:20:27.356+0000] {logging_mixin.py:188} INFO - [2024-10-01T13:20:27.356+0000] {dag.py:3823} INFO - Setting next_dagrun for example_dag_decorator to None, run_after=None
[2024-10-01T13:20:27.594+0000] {processor.py:183} INFO - Processing /home/airflow/.local/lib/python3.8/site-packages/airflow/example_dags/example_dag_decorator.py took 0.480 seconds
[2024-10-01T13:20:58.574+0000] {processor.py:161} INFO - Started process (PID=766) to work on /home/airflow/.local/lib/python3.8/site-packages/airflow/example_dags/example_dag_decorator.py
[2024-10-01T13:20:58.575+0000] {processor.py:830} INFO - Processing file /home/airflow/.local/lib/python3.8/site-packages/airflow/example_dags/example_dag_decorator.py for tasks to queue
[2024-10-01T13:20:58.577+0000] {logging_mixin.py:188} INFO - [2024-10-01T13:20:58.577+0000] {dagbag.py:538} INFO - Filling up the DagBag from /home/airflow/.local/lib/python3.8/site-packages/airflow/example_dags/example_dag_decorator.py
[2024-10-01T13:20:58.695+0000] {processor.py:840} INFO - DAG(s) 'example_dag_decorator' retrieved from /home/airflow/.local/lib/python3.8/site-packages/airflow/example_dags/example_dag_decorator.py
[2024-10-01T13:20:58.832+0000] {logging_mixin.py:188} INFO - [2024-10-01T13:20:58.832+0000] {dag.py:3036} INFO - Sync 1 DAGs
[2024-10-01T13:20:58.847+0000] {logging_mixin.py:188} INFO - [2024-10-01T13:20:58.847+0000] {dag.py:3823} INFO - Setting next_dagrun for example_dag_decorator to None, run_after=None
[2024-10-01T13:20:58.883+0000] {processor.py:183} INFO - Processing /home/airflow/.local/lib/python3.8/site-packages/airflow/example_dags/example_dag_decorator.py took 0.313 seconds
[2024-10-01T13:21:29.266+0000] {processor.py:161} INFO - Started process (PID=822) to work on /home/airflow/.local/lib/python3.8/site-packages/airflow/example_dags/example_dag_decorator.py
[2024-10-01T13:21:29.267+0000] {processor.py:830} INFO - Processing file /home/airflow/.local/lib/python3.8/site-packages/airflow/example_dags/example_dag_decorator.py for tasks to queue
[2024-10-01T13:21:29.270+0000] {logging_mixin.py:188} INFO - [2024-10-01T13:21:29.269+0000] {dagbag.py:538} INFO - Filling up the DagBag from /home/airflow/.local/lib/python3.8/site-packages/airflow/example_dags/example_dag_decorator.py
[2024-10-01T13:21:29.528+0000] {processor.py:840} INFO - DAG(s) 'example_dag_decorator' retrieved from /home/airflow/.local/lib/python3.8/site-packages/airflow/example_dags/example_dag_decorator.py
[2024-10-01T13:21:29.800+0000] {logging_mixin.py:188} INFO - [2024-10-01T13:21:29.800+0000] {dag.py:3036} INFO - Sync 1 DAGs
[2024-10-01T13:21:29.903+0000] {logging_mixin.py:188} INFO - [2024-10-01T13:21:29.902+0000] {dag.py:3823} INFO - Setting next_dagrun for example_dag_decorator to None, run_after=None
[2024-10-01T13:21:29.961+0000] {processor.py:183} INFO - Processing /home/airflow/.local/lib/python3.8/site-packages/airflow/example_dags/example_dag_decorator.py took 0.701 seconds
[2024-10-01T13:22:00.223+0000] {processor.py:161} INFO - Started process (PID=878) to work on /home/airflow/.local/lib/python3.8/site-packages/airflow/example_dags/example_dag_decorator.py
[2024-10-01T13:22:00.225+0000] {processor.py:830} INFO - Processing file /home/airflow/.local/lib/python3.8/site-packages/airflow/example_dags/example_dag_decorator.py for tasks to queue
[2024-10-01T13:22:00.227+0000] {logging_mixin.py:188} INFO - [2024-10-01T13:22:00.227+0000] {dagbag.py:538} INFO - Filling up the DagBag from /home/airflow/.local/lib/python3.8/site-packages/airflow/example_dags/example_dag_decorator.py
[2024-10-01T13:22:00.390+0000] {processor.py:840} INFO - DAG(s) 'example_dag_decorator' retrieved from /home/airflow/.local/lib/python3.8/site-packages/airflow/example_dags/example_dag_decorator.py
[2024-10-01T13:22:00.565+0000] {logging_mixin.py:188} INFO - [2024-10-01T13:22:00.565+0000] {dag.py:3036} INFO - Sync 1 DAGs
[2024-10-01T13:22:00.582+0000] {logging_mixin.py:188} INFO - [2024-10-01T13:22:00.582+0000] {dag.py:3823} INFO - Setting next_dagrun for example_dag_decorator to None, run_after=None
[2024-10-01T13:22:00.624+0000] {processor.py:183} INFO - Processing /home/airflow/.local/lib/python3.8/site-packages/airflow/example_dags/example_dag_decorator.py took 0.407 seconds
[2024-10-01T13:22:31.107+0000] {processor.py:161} INFO - Started process (PID=935) to work on /home/airflow/.local/lib/python3.8/site-packages/airflow/example_dags/example_dag_decorator.py
[2024-10-01T13:22:31.109+0000] {processor.py:830} INFO - Processing file /home/airflow/.local/lib/python3.8/site-packages/airflow/example_dags/example_dag_decorator.py for tasks to queue
[2024-10-01T13:22:31.111+0000] {logging_mixin.py:188} INFO - [2024-10-01T13:22:31.111+0000] {dagbag.py:538} INFO - Filling up the DagBag from /home/airflow/.local/lib/python3.8/site-packages/airflow/example_dags/example_dag_decorator.py
[2024-10-01T13:22:31.297+0000] {processor.py:840} INFO - DAG(s) 'example_dag_decorator' retrieved from /home/airflow/.local/lib/python3.8/site-packages/airflow/example_dags/example_dag_decorator.py
[2024-10-01T13:22:31.717+0000] {logging_mixin.py:188} INFO - [2024-10-01T13:22:31.716+0000] {dag.py:3036} INFO - Sync 1 DAGs
[2024-10-01T13:22:31.743+0000] {logging_mixin.py:188} INFO - [2024-10-01T13:22:31.743+0000] {dag.py:3823} INFO - Setting next_dagrun for example_dag_decorator to None, run_after=None
[2024-10-01T13:22:31.811+0000] {processor.py:183} INFO - Processing /home/airflow/.local/lib/python3.8/site-packages/airflow/example_dags/example_dag_decorator.py took 0.709 seconds
[2024-10-01T13:23:02.104+0000] {processor.py:161} INFO - Started process (PID=994) to work on /home/airflow/.local/lib/python3.8/site-packages/airflow/example_dags/example_dag_decorator.py
[2024-10-01T13:23:02.106+0000] {processor.py:830} INFO - Processing file /home/airflow/.local/lib/python3.8/site-packages/airflow/example_dags/example_dag_decorator.py for tasks to queue
[2024-10-01T13:23:02.109+0000] {logging_mixin.py:188} INFO - [2024-10-01T13:23:02.109+0000] {dagbag.py:538} INFO - Filling up the DagBag from /home/airflow/.local/lib/python3.8/site-packages/airflow/example_dags/example_dag_decorator.py
[2024-10-01T13:23:02.268+0000] {processor.py:840} INFO - DAG(s) 'example_dag_decorator' retrieved from /home/airflow/.local/lib/python3.8/site-packages/airflow/example_dags/example_dag_decorator.py
[2024-10-01T13:23:02.453+0000] {logging_mixin.py:188} INFO - [2024-10-01T13:23:02.452+0000] {dag.py:3036} INFO - Sync 1 DAGs
[2024-10-01T13:23:02.468+0000] {logging_mixin.py:188} INFO - [2024-10-01T13:23:02.467+0000] {dag.py:3823} INFO - Setting next_dagrun for example_dag_decorator to None, run_after=None
[2024-10-01T13:23:02.504+0000] {processor.py:183} INFO - Processing /home/airflow/.local/lib/python3.8/site-packages/airflow/example_dags/example_dag_decorator.py took 0.406 seconds
[2024-10-01T13:23:33.365+0000] {processor.py:161} INFO - Started process (PID=1050) to work on /home/airflow/.local/lib/python3.8/site-packages/airflow/example_dags/example_dag_decorator.py
[2024-10-01T13:23:33.367+0000] {processor.py:830} INFO - Processing file /home/airflow/.local/lib/python3.8/site-packages/airflow/example_dags/example_dag_decorator.py for tasks to queue
[2024-10-01T13:23:33.369+0000] {logging_mixin.py:188} INFO - [2024-10-01T13:23:33.369+0000] {dagbag.py:538} INFO - Filling up the DagBag from /home/airflow/.local/lib/python3.8/site-packages/airflow/example_dags/example_dag_decorator.py
[2024-10-01T13:23:33.556+0000] {processor.py:840} INFO - DAG(s) 'example_dag_decorator' retrieved from /home/airflow/.local/lib/python3.8/site-packages/airflow/example_dags/example_dag_decorator.py
[2024-10-01T13:23:34.765+0000] {logging_mixin.py:188} INFO - [2024-10-01T13:23:34.764+0000] {dag.py:3036} INFO - Sync 1 DAGs
[2024-10-01T13:23:34.797+0000] {logging_mixin.py:188} INFO - [2024-10-01T13:23:34.797+0000] {dag.py:3823} INFO - Setting next_dagrun for example_dag_decorator to None, run_after=None
[2024-10-01T13:23:34.870+0000] {processor.py:183} INFO - Processing /home/airflow/.local/lib/python3.8/site-packages/airflow/example_dags/example_dag_decorator.py took 1.509 seconds
[2024-10-01T13:24:05.002+0000] {processor.py:161} INFO - Started process (PID=1107) to work on /home/airflow/.local/lib/python3.8/site-packages/airflow/example_dags/example_dag_decorator.py
[2024-10-01T13:24:05.004+0000] {processor.py:830} INFO - Processing file /home/airflow/.local/lib/python3.8/site-packages/airflow/example_dags/example_dag_decorator.py for tasks to queue
[2024-10-01T13:24:05.007+0000] {logging_mixin.py:188} INFO - [2024-10-01T13:24:05.007+0000] {dagbag.py:538} INFO - Filling up the DagBag from /home/airflow/.local/lib/python3.8/site-packages/airflow/example_dags/example_dag_decorator.py
[2024-10-01T13:24:05.230+0000] {processor.py:840} INFO - DAG(s) 'example_dag_decorator' retrieved from /home/airflow/.local/lib/python3.8/site-packages/airflow/example_dags/example_dag_decorator.py
[2024-10-01T13:24:05.777+0000] {logging_mixin.py:188} INFO - [2024-10-01T13:24:05.776+0000] {dag.py:3036} INFO - Sync 1 DAGs
[2024-10-01T13:24:05.863+0000] {logging_mixin.py:188} INFO - [2024-10-01T13:24:05.862+0000] {dag.py:3823} INFO - Setting next_dagrun for example_dag_decorator to None, run_after=None
[2024-10-01T13:24:06.118+0000] {processor.py:183} INFO - Processing /home/airflow/.local/lib/python3.8/site-packages/airflow/example_dags/example_dag_decorator.py took 1.122 seconds
[2024-10-01T13:24:36.616+0000] {processor.py:161} INFO - Started process (PID=1170) to work on /home/airflow/.local/lib/python3.8/site-packages/airflow/example_dags/example_dag_decorator.py
[2024-10-01T13:24:36.619+0000] {processor.py:830} INFO - Processing file /home/airflow/.local/lib/python3.8/site-packages/airflow/example_dags/example_dag_decorator.py for tasks to queue
[2024-10-01T13:24:36.622+0000] {logging_mixin.py:188} INFO - [2024-10-01T13:24:36.622+0000] {dagbag.py:538} INFO - Filling up the DagBag from /home/airflow/.local/lib/python3.8/site-packages/airflow/example_dags/example_dag_decorator.py
[2024-10-01T13:24:36.745+0000] {processor.py:840} INFO - DAG(s) 'example_dag_decorator' retrieved from /home/airflow/.local/lib/python3.8/site-packages/airflow/example_dags/example_dag_decorator.py
[2024-10-01T13:24:36.879+0000] {logging_mixin.py:188} INFO - [2024-10-01T13:24:36.879+0000] {dag.py:3036} INFO - Sync 1 DAGs
[2024-10-01T13:24:36.894+0000] {logging_mixin.py:188} INFO - [2024-10-01T13:24:36.894+0000] {dag.py:3823} INFO - Setting next_dagrun for example_dag_decorator to None, run_after=None
[2024-10-01T13:24:36.930+0000] {processor.py:183} INFO - Processing /home/airflow/.local/lib/python3.8/site-packages/airflow/example_dags/example_dag_decorator.py took 0.318 seconds
[2024-10-01T13:25:07.023+0000] {processor.py:161} INFO - Started process (PID=1225) to work on /home/airflow/.local/lib/python3.8/site-packages/airflow/example_dags/example_dag_decorator.py
[2024-10-01T13:25:07.025+0000] {processor.py:830} INFO - Processing file /home/airflow/.local/lib/python3.8/site-packages/airflow/example_dags/example_dag_decorator.py for tasks to queue
[2024-10-01T13:25:07.028+0000] {logging_mixin.py:188} INFO - [2024-10-01T13:25:07.028+0000] {dagbag.py:538} INFO - Filling up the DagBag from /home/airflow/.local/lib/python3.8/site-packages/airflow/example_dags/example_dag_decorator.py
[2024-10-01T13:25:07.270+0000] {processor.py:840} INFO - DAG(s) 'example_dag_decorator' retrieved from /home/airflow/.local/lib/python3.8/site-packages/airflow/example_dags/example_dag_decorator.py
[2024-10-01T13:25:07.511+0000] {logging_mixin.py:188} INFO - [2024-10-01T13:25:07.511+0000] {dag.py:3036} INFO - Sync 1 DAGs
[2024-10-01T13:25:07.530+0000] {logging_mixin.py:188} INFO - [2024-10-01T13:25:07.530+0000] {dag.py:3823} INFO - Setting next_dagrun for example_dag_decorator to None, run_after=None
[2024-10-01T13:25:07.586+0000] {processor.py:183} INFO - Processing /home/airflow/.local/lib/python3.8/site-packages/airflow/example_dags/example_dag_decorator.py took 0.570 seconds
[2024-10-01T13:25:37.773+0000] {processor.py:161} INFO - Started process (PID=1281) to work on /home/airflow/.local/lib/python3.8/site-packages/airflow/example_dags/example_dag_decorator.py
[2024-10-01T13:25:37.776+0000] {processor.py:830} INFO - Processing file /home/airflow/.local/lib/python3.8/site-packages/airflow/example_dags/example_dag_decorator.py for tasks to queue
[2024-10-01T13:25:37.794+0000] {logging_mixin.py:188} INFO - [2024-10-01T13:25:37.792+0000] {dagbag.py:538} INFO - Filling up the DagBag from /home/airflow/.local/lib/python3.8/site-packages/airflow/example_dags/example_dag_decorator.py
[2024-10-01T13:25:38.372+0000] {processor.py:840} INFO - DAG(s) 'example_dag_decorator' retrieved from /home/airflow/.local/lib/python3.8/site-packages/airflow/example_dags/example_dag_decorator.py
[2024-10-01T13:25:38.935+0000] {logging_mixin.py:188} INFO - [2024-10-01T13:25:38.934+0000] {dag.py:3036} INFO - Sync 1 DAGs
[2024-10-01T13:25:38.958+0000] {logging_mixin.py:188} INFO - [2024-10-01T13:25:38.957+0000] {dag.py:3823} INFO - Setting next_dagrun for example_dag_decorator to None, run_after=None
[2024-10-01T13:25:39.202+0000] {processor.py:183} INFO - Processing /home/airflow/.local/lib/python3.8/site-packages/airflow/example_dags/example_dag_decorator.py took 1.454 seconds
