[2024-10-01T13:14:34.164+0000] {processor.py:161} INFO - Started process (PID=85) to work on /home/airflow/.local/lib/python3.8/site-packages/airflow/example_dags/example_branch_operator.py
[2024-10-01T13:14:34.173+0000] {processor.py:830} INFO - Processing file /home/airflow/.local/lib/python3.8/site-packages/airflow/example_dags/example_branch_operator.py for tasks to queue
[2024-10-01T13:14:34.802+0000] {logging_mixin.py:188} INFO - [2024-10-01T13:14:34.800+0000] {dagbag.py:538} INFO - Filling up the DagBag from /home/airflow/.local/lib/python3.8/site-packages/airflow/example_dags/example_branch_operator.py
[2024-10-01T13:14:35.230+0000] {processor.py:840} INFO - DAG(s) 'example_branch_operator' retrieved from /home/airflow/.local/lib/python3.8/site-packages/airflow/example_dags/example_branch_operator.py
[2024-10-01T13:14:38.409+0000] {logging_mixin.py:188} INFO - [2024-10-01T13:14:38.409+0000] {dag.py:3036} INFO - Sync 1 DAGs
[2024-10-01T13:14:38.865+0000] {logging_mixin.py:188} INFO - [2024-10-01T13:14:38.864+0000] {dag.py:3823} INFO - Setting next_dagrun for example_branch_operator to 2024-09-30 00:00:00+00:00, run_after=2024-10-01 00:00:00+00:00
[2024-10-01T13:14:39.129+0000] {processor.py:183} INFO - Processing /home/airflow/.local/lib/python3.8/site-packages/airflow/example_dags/example_branch_operator.py took 4.983 seconds
[2024-10-01T13:15:09.755+0000] {processor.py:161} INFO - Started process (PID=141) to work on /home/airflow/.local/lib/python3.8/site-packages/airflow/example_dags/example_branch_operator.py
[2024-10-01T13:15:09.756+0000] {processor.py:830} INFO - Processing file /home/airflow/.local/lib/python3.8/site-packages/airflow/example_dags/example_branch_operator.py for tasks to queue
[2024-10-01T13:15:09.758+0000] {logging_mixin.py:188} INFO - [2024-10-01T13:15:09.758+0000] {dagbag.py:538} INFO - Filling up the DagBag from /home/airflow/.local/lib/python3.8/site-packages/airflow/example_dags/example_branch_operator.py
[2024-10-01T13:15:09.776+0000] {processor.py:840} INFO - DAG(s) 'example_branch_operator' retrieved from /home/airflow/.local/lib/python3.8/site-packages/airflow/example_dags/example_branch_operator.py
[2024-10-01T13:15:09.807+0000] {logging_mixin.py:188} INFO - [2024-10-01T13:15:09.807+0000] {dag.py:3036} INFO - Sync 1 DAGs
[2024-10-01T13:15:09.834+0000] {logging_mixin.py:188} INFO - [2024-10-01T13:15:09.834+0000] {dag.py:3823} INFO - Setting next_dagrun for example_branch_operator to 2024-09-30 00:00:00+00:00, run_after=2024-10-01 00:00:00+00:00
[2024-10-01T13:15:09.866+0000] {processor.py:183} INFO - Processing /home/airflow/.local/lib/python3.8/site-packages/airflow/example_dags/example_branch_operator.py took 0.116 seconds
[2024-10-01T13:15:40.131+0000] {processor.py:161} INFO - Started process (PID=197) to work on /home/airflow/.local/lib/python3.8/site-packages/airflow/example_dags/example_branch_operator.py
[2024-10-01T13:15:40.304+0000] {processor.py:830} INFO - Processing file /home/airflow/.local/lib/python3.8/site-packages/airflow/example_dags/example_branch_operator.py for tasks to queue
[2024-10-01T13:15:40.306+0000] {logging_mixin.py:188} INFO - [2024-10-01T13:15:40.306+0000] {dagbag.py:538} INFO - Filling up the DagBag from /home/airflow/.local/lib/python3.8/site-packages/airflow/example_dags/example_branch_operator.py
[2024-10-01T13:15:40.325+0000] {processor.py:840} INFO - DAG(s) 'example_branch_operator' retrieved from /home/airflow/.local/lib/python3.8/site-packages/airflow/example_dags/example_branch_operator.py
[2024-10-01T13:15:40.353+0000] {logging_mixin.py:188} INFO - [2024-10-01T13:15:40.353+0000] {dag.py:3036} INFO - Sync 1 DAGs
[2024-10-01T13:15:40.379+0000] {logging_mixin.py:188} INFO - [2024-10-01T13:15:40.379+0000] {dag.py:3823} INFO - Setting next_dagrun for example_branch_operator to 2024-09-30 00:00:00+00:00, run_after=2024-10-01 00:00:00+00:00
[2024-10-01T13:15:40.447+0000] {processor.py:183} INFO - Processing /home/airflow/.local/lib/python3.8/site-packages/airflow/example_dags/example_branch_operator.py took 0.320 seconds
[2024-10-01T13:16:11.159+0000] {processor.py:161} INFO - Started process (PID=253) to work on /home/airflow/.local/lib/python3.8/site-packages/airflow/example_dags/example_branch_operator.py
[2024-10-01T13:16:11.160+0000] {processor.py:830} INFO - Processing file /home/airflow/.local/lib/python3.8/site-packages/airflow/example_dags/example_branch_operator.py for tasks to queue
[2024-10-01T13:16:11.162+0000] {logging_mixin.py:188} INFO - [2024-10-01T13:16:11.161+0000] {dagbag.py:538} INFO - Filling up the DagBag from /home/airflow/.local/lib/python3.8/site-packages/airflow/example_dags/example_branch_operator.py
[2024-10-01T13:16:11.179+0000] {processor.py:840} INFO - DAG(s) 'example_branch_operator' retrieved from /home/airflow/.local/lib/python3.8/site-packages/airflow/example_dags/example_branch_operator.py
[2024-10-01T13:16:11.209+0000] {logging_mixin.py:188} INFO - [2024-10-01T13:16:11.209+0000] {dag.py:3036} INFO - Sync 1 DAGs
[2024-10-01T13:16:11.241+0000] {logging_mixin.py:188} INFO - [2024-10-01T13:16:11.241+0000] {dag.py:3823} INFO - Setting next_dagrun for example_branch_operator to 2024-09-30 00:00:00+00:00, run_after=2024-10-01 00:00:00+00:00
[2024-10-01T13:16:12.703+0000] {processor.py:183} INFO - Processing /home/airflow/.local/lib/python3.8/site-packages/airflow/example_dags/example_branch_operator.py took 1.548 seconds
[2024-10-01T13:16:42.807+0000] {processor.py:161} INFO - Started process (PID=309) to work on /home/airflow/.local/lib/python3.8/site-packages/airflow/example_dags/example_branch_operator.py
[2024-10-01T13:16:42.808+0000] {processor.py:830} INFO - Processing file /home/airflow/.local/lib/python3.8/site-packages/airflow/example_dags/example_branch_operator.py for tasks to queue
[2024-10-01T13:16:42.810+0000] {logging_mixin.py:188} INFO - [2024-10-01T13:16:42.810+0000] {dagbag.py:538} INFO - Filling up the DagBag from /home/airflow/.local/lib/python3.8/site-packages/airflow/example_dags/example_branch_operator.py
[2024-10-01T13:16:42.827+0000] {processor.py:840} INFO - DAG(s) 'example_branch_operator' retrieved from /home/airflow/.local/lib/python3.8/site-packages/airflow/example_dags/example_branch_operator.py
[2024-10-01T13:16:42.856+0000] {logging_mixin.py:188} INFO - [2024-10-01T13:16:42.856+0000] {dag.py:3036} INFO - Sync 1 DAGs
[2024-10-01T13:16:42.881+0000] {logging_mixin.py:188} INFO - [2024-10-01T13:16:42.881+0000] {dag.py:3823} INFO - Setting next_dagrun for example_branch_operator to 2024-09-30 00:00:00+00:00, run_after=2024-10-01 00:00:00+00:00
[2024-10-01T13:16:42.932+0000] {processor.py:183} INFO - Processing /home/airflow/.local/lib/python3.8/site-packages/airflow/example_dags/example_branch_operator.py took 0.128 seconds
[2024-10-01T13:17:13.436+0000] {processor.py:161} INFO - Started process (PID=365) to work on /home/airflow/.local/lib/python3.8/site-packages/airflow/example_dags/example_branch_operator.py
[2024-10-01T13:17:13.438+0000] {processor.py:830} INFO - Processing file /home/airflow/.local/lib/python3.8/site-packages/airflow/example_dags/example_branch_operator.py for tasks to queue
[2024-10-01T13:17:13.442+0000] {logging_mixin.py:188} INFO - [2024-10-01T13:17:13.441+0000] {dagbag.py:538} INFO - Filling up the DagBag from /home/airflow/.local/lib/python3.8/site-packages/airflow/example_dags/example_branch_operator.py
[2024-10-01T13:17:13.498+0000] {processor.py:840} INFO - DAG(s) 'example_branch_operator' retrieved from /home/airflow/.local/lib/python3.8/site-packages/airflow/example_dags/example_branch_operator.py
[2024-10-01T13:17:13.537+0000] {logging_mixin.py:188} INFO - [2024-10-01T13:17:13.537+0000] {dag.py:3036} INFO - Sync 1 DAGs
[2024-10-01T13:17:13.576+0000] {logging_mixin.py:188} INFO - [2024-10-01T13:17:13.576+0000] {dag.py:3823} INFO - Setting next_dagrun for example_branch_operator to 2024-09-30 00:00:00+00:00, run_after=2024-10-01 00:00:00+00:00
[2024-10-01T13:17:13.629+0000] {processor.py:183} INFO - Processing /home/airflow/.local/lib/python3.8/site-packages/airflow/example_dags/example_branch_operator.py took 0.198 seconds
[2024-10-01T13:17:43.801+0000] {processor.py:161} INFO - Started process (PID=421) to work on /home/airflow/.local/lib/python3.8/site-packages/airflow/example_dags/example_branch_operator.py
[2024-10-01T13:17:43.802+0000] {processor.py:830} INFO - Processing file /home/airflow/.local/lib/python3.8/site-packages/airflow/example_dags/example_branch_operator.py for tasks to queue
[2024-10-01T13:17:43.805+0000] {logging_mixin.py:188} INFO - [2024-10-01T13:17:43.804+0000] {dagbag.py:538} INFO - Filling up the DagBag from /home/airflow/.local/lib/python3.8/site-packages/airflow/example_dags/example_branch_operator.py
[2024-10-01T13:17:43.831+0000] {processor.py:840} INFO - DAG(s) 'example_branch_operator' retrieved from /home/airflow/.local/lib/python3.8/site-packages/airflow/example_dags/example_branch_operator.py
[2024-10-01T13:17:43.867+0000] {logging_mixin.py:188} INFO - [2024-10-01T13:17:43.866+0000] {dag.py:3036} INFO - Sync 1 DAGs
[2024-10-01T13:17:43.901+0000] {logging_mixin.py:188} INFO - [2024-10-01T13:17:43.901+0000] {dag.py:3823} INFO - Setting next_dagrun for example_branch_operator to 2024-09-30 00:00:00+00:00, run_after=2024-10-01 00:00:00+00:00
[2024-10-01T13:17:43.948+0000] {processor.py:183} INFO - Processing /home/airflow/.local/lib/python3.8/site-packages/airflow/example_dags/example_branch_operator.py took 0.151 seconds
[2024-10-01T13:18:14.145+0000] {processor.py:161} INFO - Started process (PID=477) to work on /home/airflow/.local/lib/python3.8/site-packages/airflow/example_dags/example_branch_operator.py
[2024-10-01T13:18:14.146+0000] {processor.py:830} INFO - Processing file /home/airflow/.local/lib/python3.8/site-packages/airflow/example_dags/example_branch_operator.py for tasks to queue
[2024-10-01T13:18:14.148+0000] {logging_mixin.py:188} INFO - [2024-10-01T13:18:14.148+0000] {dagbag.py:538} INFO - Filling up the DagBag from /home/airflow/.local/lib/python3.8/site-packages/airflow/example_dags/example_branch_operator.py
[2024-10-01T13:18:14.176+0000] {processor.py:840} INFO - DAG(s) 'example_branch_operator' retrieved from /home/airflow/.local/lib/python3.8/site-packages/airflow/example_dags/example_branch_operator.py
[2024-10-01T13:18:14.214+0000] {logging_mixin.py:188} INFO - [2024-10-01T13:18:14.214+0000] {dag.py:3036} INFO - Sync 1 DAGs
[2024-10-01T13:18:14.245+0000] {logging_mixin.py:188} INFO - [2024-10-01T13:18:14.244+0000] {dag.py:3823} INFO - Setting next_dagrun for example_branch_operator to 2024-09-30 00:00:00+00:00, run_after=2024-10-01 00:00:00+00:00
[2024-10-01T13:18:15.043+0000] {processor.py:183} INFO - Processing /home/airflow/.local/lib/python3.8/site-packages/airflow/example_dags/example_branch_operator.py took 0.901 seconds
[2024-10-01T13:18:45.616+0000] {processor.py:161} INFO - Started process (PID=533) to work on /home/airflow/.local/lib/python3.8/site-packages/airflow/example_dags/example_branch_operator.py
[2024-10-01T13:18:45.618+0000] {processor.py:830} INFO - Processing file /home/airflow/.local/lib/python3.8/site-packages/airflow/example_dags/example_branch_operator.py for tasks to queue
[2024-10-01T13:18:45.621+0000] {logging_mixin.py:188} INFO - [2024-10-01T13:18:45.620+0000] {dagbag.py:538} INFO - Filling up the DagBag from /home/airflow/.local/lib/python3.8/site-packages/airflow/example_dags/example_branch_operator.py
[2024-10-01T13:18:45.641+0000] {processor.py:840} INFO - DAG(s) 'example_branch_operator' retrieved from /home/airflow/.local/lib/python3.8/site-packages/airflow/example_dags/example_branch_operator.py
[2024-10-01T13:18:45.677+0000] {logging_mixin.py:188} INFO - [2024-10-01T13:18:45.677+0000] {dag.py:3036} INFO - Sync 1 DAGs
[2024-10-01T13:18:45.710+0000] {logging_mixin.py:188} INFO - [2024-10-01T13:18:45.710+0000] {dag.py:3823} INFO - Setting next_dagrun for example_branch_operator to 2024-09-30 00:00:00+00:00, run_after=2024-10-01 00:00:00+00:00
[2024-10-01T13:18:45.744+0000] {processor.py:183} INFO - Processing /home/airflow/.local/lib/python3.8/site-packages/airflow/example_dags/example_branch_operator.py took 0.131 seconds
[2024-10-01T13:19:16.329+0000] {processor.py:161} INFO - Started process (PID=589) to work on /home/airflow/.local/lib/python3.8/site-packages/airflow/example_dags/example_branch_operator.py
[2024-10-01T13:19:16.330+0000] {processor.py:830} INFO - Processing file /home/airflow/.local/lib/python3.8/site-packages/airflow/example_dags/example_branch_operator.py for tasks to queue
[2024-10-01T13:19:16.333+0000] {logging_mixin.py:188} INFO - [2024-10-01T13:19:16.333+0000] {dagbag.py:538} INFO - Filling up the DagBag from /home/airflow/.local/lib/python3.8/site-packages/airflow/example_dags/example_branch_operator.py
[2024-10-01T13:19:16.359+0000] {processor.py:840} INFO - DAG(s) 'example_branch_operator' retrieved from /home/airflow/.local/lib/python3.8/site-packages/airflow/example_dags/example_branch_operator.py
[2024-10-01T13:19:16.399+0000] {logging_mixin.py:188} INFO - [2024-10-01T13:19:16.399+0000] {dag.py:3036} INFO - Sync 1 DAGs
[2024-10-01T13:19:16.438+0000] {logging_mixin.py:188} INFO - [2024-10-01T13:19:16.437+0000] {dag.py:3823} INFO - Setting next_dagrun for example_branch_operator to 2024-09-30 00:00:00+00:00, run_after=2024-10-01 00:00:00+00:00
[2024-10-01T13:19:16.478+0000] {processor.py:183} INFO - Processing /home/airflow/.local/lib/python3.8/site-packages/airflow/example_dags/example_branch_operator.py took 0.154 seconds
[2024-10-01T13:19:46.960+0000] {processor.py:161} INFO - Started process (PID=645) to work on /home/airflow/.local/lib/python3.8/site-packages/airflow/example_dags/example_branch_operator.py
[2024-10-01T13:19:46.961+0000] {processor.py:830} INFO - Processing file /home/airflow/.local/lib/python3.8/site-packages/airflow/example_dags/example_branch_operator.py for tasks to queue
[2024-10-01T13:19:46.963+0000] {logging_mixin.py:188} INFO - [2024-10-01T13:19:46.963+0000] {dagbag.py:538} INFO - Filling up the DagBag from /home/airflow/.local/lib/python3.8/site-packages/airflow/example_dags/example_branch_operator.py
[2024-10-01T13:19:46.981+0000] {processor.py:840} INFO - DAG(s) 'example_branch_operator' retrieved from /home/airflow/.local/lib/python3.8/site-packages/airflow/example_dags/example_branch_operator.py
[2024-10-01T13:19:47.012+0000] {logging_mixin.py:188} INFO - [2024-10-01T13:19:47.012+0000] {dag.py:3036} INFO - Sync 1 DAGs
[2024-10-01T13:19:47.040+0000] {logging_mixin.py:188} INFO - [2024-10-01T13:19:47.039+0000] {dag.py:3823} INFO - Setting next_dagrun for example_branch_operator to 2024-09-30 00:00:00+00:00, run_after=2024-10-01 00:00:00+00:00
[2024-10-01T13:19:47.067+0000] {processor.py:183} INFO - Processing /home/airflow/.local/lib/python3.8/site-packages/airflow/example_dags/example_branch_operator.py took 0.110 seconds
[2024-10-01T13:20:17.405+0000] {processor.py:161} INFO - Started process (PID=701) to work on /home/airflow/.local/lib/python3.8/site-packages/airflow/example_dags/example_branch_operator.py
[2024-10-01T13:20:17.406+0000] {processor.py:830} INFO - Processing file /home/airflow/.local/lib/python3.8/site-packages/airflow/example_dags/example_branch_operator.py for tasks to queue
[2024-10-01T13:20:17.408+0000] {logging_mixin.py:188} INFO - [2024-10-01T13:20:17.407+0000] {dagbag.py:538} INFO - Filling up the DagBag from /home/airflow/.local/lib/python3.8/site-packages/airflow/example_dags/example_branch_operator.py
[2024-10-01T13:20:17.426+0000] {processor.py:840} INFO - DAG(s) 'example_branch_operator' retrieved from /home/airflow/.local/lib/python3.8/site-packages/airflow/example_dags/example_branch_operator.py
[2024-10-01T13:20:17.457+0000] {logging_mixin.py:188} INFO - [2024-10-01T13:20:17.456+0000] {dag.py:3036} INFO - Sync 1 DAGs
[2024-10-01T13:20:17.482+0000] {logging_mixin.py:188} INFO - [2024-10-01T13:20:17.482+0000] {dag.py:3823} INFO - Setting next_dagrun for example_branch_operator to 2024-09-30 00:00:00+00:00, run_after=2024-10-01 00:00:00+00:00
[2024-10-01T13:20:17.530+0000] {processor.py:183} INFO - Processing /home/airflow/.local/lib/python3.8/site-packages/airflow/example_dags/example_branch_operator.py took 0.129 seconds
[2024-10-01T13:20:47.767+0000] {processor.py:161} INFO - Started process (PID=757) to work on /home/airflow/.local/lib/python3.8/site-packages/airflow/example_dags/example_branch_operator.py
[2024-10-01T13:20:47.768+0000] {processor.py:830} INFO - Processing file /home/airflow/.local/lib/python3.8/site-packages/airflow/example_dags/example_branch_operator.py for tasks to queue
[2024-10-01T13:20:47.770+0000] {logging_mixin.py:188} INFO - [2024-10-01T13:20:47.769+0000] {dagbag.py:538} INFO - Filling up the DagBag from /home/airflow/.local/lib/python3.8/site-packages/airflow/example_dags/example_branch_operator.py
[2024-10-01T13:20:47.791+0000] {processor.py:840} INFO - DAG(s) 'example_branch_operator' retrieved from /home/airflow/.local/lib/python3.8/site-packages/airflow/example_dags/example_branch_operator.py
[2024-10-01T13:20:47.826+0000] {logging_mixin.py:188} INFO - [2024-10-01T13:20:47.826+0000] {dag.py:3036} INFO - Sync 1 DAGs
[2024-10-01T13:20:47.856+0000] {logging_mixin.py:188} INFO - [2024-10-01T13:20:47.855+0000] {dag.py:3823} INFO - Setting next_dagrun for example_branch_operator to 2024-09-30 00:00:00+00:00, run_after=2024-10-01 00:00:00+00:00
[2024-10-01T13:20:47.939+0000] {processor.py:183} INFO - Processing /home/airflow/.local/lib/python3.8/site-packages/airflow/example_dags/example_branch_operator.py took 0.176 seconds
[2024-10-01T13:21:18.369+0000] {processor.py:161} INFO - Started process (PID=813) to work on /home/airflow/.local/lib/python3.8/site-packages/airflow/example_dags/example_branch_operator.py
[2024-10-01T13:21:18.370+0000] {processor.py:830} INFO - Processing file /home/airflow/.local/lib/python3.8/site-packages/airflow/example_dags/example_branch_operator.py for tasks to queue
[2024-10-01T13:21:18.373+0000] {logging_mixin.py:188} INFO - [2024-10-01T13:21:18.373+0000] {dagbag.py:538} INFO - Filling up the DagBag from /home/airflow/.local/lib/python3.8/site-packages/airflow/example_dags/example_branch_operator.py
[2024-10-01T13:21:18.399+0000] {processor.py:840} INFO - DAG(s) 'example_branch_operator' retrieved from /home/airflow/.local/lib/python3.8/site-packages/airflow/example_dags/example_branch_operator.py
[2024-10-01T13:21:18.438+0000] {logging_mixin.py:188} INFO - [2024-10-01T13:21:18.437+0000] {dag.py:3036} INFO - Sync 1 DAGs
[2024-10-01T13:21:18.473+0000] {logging_mixin.py:188} INFO - [2024-10-01T13:21:18.473+0000] {dag.py:3823} INFO - Setting next_dagrun for example_branch_operator to 2024-09-30 00:00:00+00:00, run_after=2024-10-01 00:00:00+00:00
[2024-10-01T13:21:18.515+0000] {processor.py:183} INFO - Processing /home/airflow/.local/lib/python3.8/site-packages/airflow/example_dags/example_branch_operator.py took 0.149 seconds
[2024-10-01T13:21:49.074+0000] {processor.py:161} INFO - Started process (PID=869) to work on /home/airflow/.local/lib/python3.8/site-packages/airflow/example_dags/example_branch_operator.py
[2024-10-01T13:21:49.075+0000] {processor.py:830} INFO - Processing file /home/airflow/.local/lib/python3.8/site-packages/airflow/example_dags/example_branch_operator.py for tasks to queue
[2024-10-01T13:21:49.077+0000] {logging_mixin.py:188} INFO - [2024-10-01T13:21:49.077+0000] {dagbag.py:538} INFO - Filling up the DagBag from /home/airflow/.local/lib/python3.8/site-packages/airflow/example_dags/example_branch_operator.py
[2024-10-01T13:21:49.102+0000] {processor.py:840} INFO - DAG(s) 'example_branch_operator' retrieved from /home/airflow/.local/lib/python3.8/site-packages/airflow/example_dags/example_branch_operator.py
[2024-10-01T13:21:49.140+0000] {logging_mixin.py:188} INFO - [2024-10-01T13:21:49.140+0000] {dag.py:3036} INFO - Sync 1 DAGs
[2024-10-01T13:21:49.174+0000] {logging_mixin.py:188} INFO - [2024-10-01T13:21:49.173+0000] {dag.py:3823} INFO - Setting next_dagrun for example_branch_operator to 2024-09-30 00:00:00+00:00, run_after=2024-10-01 00:00:00+00:00
[2024-10-01T13:21:49.409+0000] {processor.py:183} INFO - Processing /home/airflow/.local/lib/python3.8/site-packages/airflow/example_dags/example_branch_operator.py took 0.339 seconds
[2024-10-01T13:22:19.791+0000] {processor.py:161} INFO - Started process (PID=925) to work on /home/airflow/.local/lib/python3.8/site-packages/airflow/example_dags/example_branch_operator.py
[2024-10-01T13:22:19.913+0000] {processor.py:830} INFO - Processing file /home/airflow/.local/lib/python3.8/site-packages/airflow/example_dags/example_branch_operator.py for tasks to queue
[2024-10-01T13:22:19.915+0000] {logging_mixin.py:188} INFO - [2024-10-01T13:22:19.915+0000] {dagbag.py:538} INFO - Filling up the DagBag from /home/airflow/.local/lib/python3.8/site-packages/airflow/example_dags/example_branch_operator.py
[2024-10-01T13:22:19.943+0000] {processor.py:840} INFO - DAG(s) 'example_branch_operator' retrieved from /home/airflow/.local/lib/python3.8/site-packages/airflow/example_dags/example_branch_operator.py
[2024-10-01T13:22:19.983+0000] {logging_mixin.py:188} INFO - [2024-10-01T13:22:19.983+0000] {dag.py:3036} INFO - Sync 1 DAGs
[2024-10-01T13:22:20.016+0000] {logging_mixin.py:188} INFO - [2024-10-01T13:22:20.016+0000] {dag.py:3823} INFO - Setting next_dagrun for example_branch_operator to 2024-09-30 00:00:00+00:00, run_after=2024-10-01 00:00:00+00:00
[2024-10-01T13:22:20.063+0000] {processor.py:183} INFO - Processing /home/airflow/.local/lib/python3.8/site-packages/airflow/example_dags/example_branch_operator.py took 0.283 seconds
[2024-10-01T13:22:50.131+0000] {processor.py:161} INFO - Started process (PID=982) to work on /home/airflow/.local/lib/python3.8/site-packages/airflow/example_dags/example_branch_operator.py
[2024-10-01T13:22:50.133+0000] {processor.py:830} INFO - Processing file /home/airflow/.local/lib/python3.8/site-packages/airflow/example_dags/example_branch_operator.py for tasks to queue
[2024-10-01T13:22:50.143+0000] {logging_mixin.py:188} INFO - [2024-10-01T13:22:50.142+0000] {dagbag.py:538} INFO - Filling up the DagBag from /home/airflow/.local/lib/python3.8/site-packages/airflow/example_dags/example_branch_operator.py
[2024-10-01T13:22:50.230+0000] {processor.py:840} INFO - DAG(s) 'example_branch_operator' retrieved from /home/airflow/.local/lib/python3.8/site-packages/airflow/example_dags/example_branch_operator.py
[2024-10-01T13:22:50.343+0000] {logging_mixin.py:188} INFO - [2024-10-01T13:22:50.342+0000] {dag.py:3036} INFO - Sync 1 DAGs
[2024-10-01T13:22:50.429+0000] {logging_mixin.py:188} INFO - [2024-10-01T13:22:50.428+0000] {dag.py:3823} INFO - Setting next_dagrun for example_branch_operator to 2024-09-30 00:00:00+00:00, run_after=2024-10-01 00:00:00+00:00
[2024-10-01T13:22:50.507+0000] {processor.py:183} INFO - Processing /home/airflow/.local/lib/python3.8/site-packages/airflow/example_dags/example_branch_operator.py took 0.392 seconds
[2024-10-01T13:23:20.775+0000] {processor.py:161} INFO - Started process (PID=1038) to work on /home/airflow/.local/lib/python3.8/site-packages/airflow/example_dags/example_branch_operator.py
[2024-10-01T13:23:20.777+0000] {processor.py:830} INFO - Processing file /home/airflow/.local/lib/python3.8/site-packages/airflow/example_dags/example_branch_operator.py for tasks to queue
[2024-10-01T13:23:20.779+0000] {logging_mixin.py:188} INFO - [2024-10-01T13:23:20.779+0000] {dagbag.py:538} INFO - Filling up the DagBag from /home/airflow/.local/lib/python3.8/site-packages/airflow/example_dags/example_branch_operator.py
[2024-10-01T13:23:20.805+0000] {processor.py:840} INFO - DAG(s) 'example_branch_operator' retrieved from /home/airflow/.local/lib/python3.8/site-packages/airflow/example_dags/example_branch_operator.py
[2024-10-01T13:23:20.844+0000] {logging_mixin.py:188} INFO - [2024-10-01T13:23:20.844+0000] {dag.py:3036} INFO - Sync 1 DAGs
[2024-10-01T13:23:20.876+0000] {logging_mixin.py:188} INFO - [2024-10-01T13:23:20.875+0000] {dag.py:3823} INFO - Setting next_dagrun for example_branch_operator to 2024-09-30 00:00:00+00:00, run_after=2024-10-01 00:00:00+00:00
[2024-10-01T13:23:21.023+0000] {processor.py:183} INFO - Processing /home/airflow/.local/lib/python3.8/site-packages/airflow/example_dags/example_branch_operator.py took 0.252 seconds
[2024-10-01T13:23:51.575+0000] {processor.py:161} INFO - Started process (PID=1094) to work on /home/airflow/.local/lib/python3.8/site-packages/airflow/example_dags/example_branch_operator.py
[2024-10-01T13:23:51.577+0000] {processor.py:830} INFO - Processing file /home/airflow/.local/lib/python3.8/site-packages/airflow/example_dags/example_branch_operator.py for tasks to queue
[2024-10-01T13:23:51.580+0000] {logging_mixin.py:188} INFO - [2024-10-01T13:23:51.579+0000] {dagbag.py:538} INFO - Filling up the DagBag from /home/airflow/.local/lib/python3.8/site-packages/airflow/example_dags/example_branch_operator.py
[2024-10-01T13:23:51.622+0000] {processor.py:840} INFO - DAG(s) 'example_branch_operator' retrieved from /home/airflow/.local/lib/python3.8/site-packages/airflow/example_dags/example_branch_operator.py
[2024-10-01T13:23:51.701+0000] {logging_mixin.py:188} INFO - [2024-10-01T13:23:51.700+0000] {dag.py:3036} INFO - Sync 1 DAGs
[2024-10-01T13:23:51.780+0000] {logging_mixin.py:188} INFO - [2024-10-01T13:23:51.779+0000] {dag.py:3823} INFO - Setting next_dagrun for example_branch_operator to 2024-09-30 00:00:00+00:00, run_after=2024-10-01 00:00:00+00:00
[2024-10-01T13:23:51.847+0000] {processor.py:183} INFO - Processing /home/airflow/.local/lib/python3.8/site-packages/airflow/example_dags/example_branch_operator.py took 0.280 seconds
[2024-10-01T13:24:21.957+0000] {processor.py:161} INFO - Started process (PID=1150) to work on /home/airflow/.local/lib/python3.8/site-packages/airflow/example_dags/example_branch_operator.py
[2024-10-01T13:24:21.958+0000] {processor.py:830} INFO - Processing file /home/airflow/.local/lib/python3.8/site-packages/airflow/example_dags/example_branch_operator.py for tasks to queue
[2024-10-01T13:24:21.960+0000] {logging_mixin.py:188} INFO - [2024-10-01T13:24:21.960+0000] {dagbag.py:538} INFO - Filling up the DagBag from /home/airflow/.local/lib/python3.8/site-packages/airflow/example_dags/example_branch_operator.py
[2024-10-01T13:24:21.981+0000] {processor.py:840} INFO - DAG(s) 'example_branch_operator' retrieved from /home/airflow/.local/lib/python3.8/site-packages/airflow/example_dags/example_branch_operator.py
[2024-10-01T13:24:22.018+0000] {logging_mixin.py:188} INFO - [2024-10-01T13:24:22.017+0000] {dag.py:3036} INFO - Sync 1 DAGs
[2024-10-01T13:24:22.048+0000] {logging_mixin.py:188} INFO - [2024-10-01T13:24:22.048+0000] {dag.py:3823} INFO - Setting next_dagrun for example_branch_operator to 2024-09-30 00:00:00+00:00, run_after=2024-10-01 00:00:00+00:00
[2024-10-01T13:24:24.131+0000] {processor.py:183} INFO - Processing /home/airflow/.local/lib/python3.8/site-packages/airflow/example_dags/example_branch_operator.py took 2.178 seconds
[2024-10-01T13:24:54.354+0000] {processor.py:161} INFO - Started process (PID=1206) to work on /home/airflow/.local/lib/python3.8/site-packages/airflow/example_dags/example_branch_operator.py
[2024-10-01T13:24:54.356+0000] {processor.py:830} INFO - Processing file /home/airflow/.local/lib/python3.8/site-packages/airflow/example_dags/example_branch_operator.py for tasks to queue
[2024-10-01T13:24:54.359+0000] {logging_mixin.py:188} INFO - [2024-10-01T13:24:54.358+0000] {dagbag.py:538} INFO - Filling up the DagBag from /home/airflow/.local/lib/python3.8/site-packages/airflow/example_dags/example_branch_operator.py
[2024-10-01T13:24:54.395+0000] {processor.py:840} INFO - DAG(s) 'example_branch_operator' retrieved from /home/airflow/.local/lib/python3.8/site-packages/airflow/example_dags/example_branch_operator.py
[2024-10-01T13:24:54.440+0000] {logging_mixin.py:188} INFO - [2024-10-01T13:24:54.440+0000] {dag.py:3036} INFO - Sync 1 DAGs
[2024-10-01T13:24:54.478+0000] {logging_mixin.py:188} INFO - [2024-10-01T13:24:54.478+0000] {dag.py:3823} INFO - Setting next_dagrun for example_branch_operator to 2024-09-30 00:00:00+00:00, run_after=2024-10-01 00:00:00+00:00
[2024-10-01T13:24:54.643+0000] {processor.py:183} INFO - Processing /home/airflow/.local/lib/python3.8/site-packages/airflow/example_dags/example_branch_operator.py took 0.294 seconds
[2024-10-01T13:25:25.057+0000] {processor.py:161} INFO - Started process (PID=1261) to work on /home/airflow/.local/lib/python3.8/site-packages/airflow/example_dags/example_branch_operator.py
[2024-10-01T13:25:25.060+0000] {processor.py:830} INFO - Processing file /home/airflow/.local/lib/python3.8/site-packages/airflow/example_dags/example_branch_operator.py for tasks to queue
[2024-10-01T13:25:25.072+0000] {logging_mixin.py:188} INFO - [2024-10-01T13:25:25.071+0000] {dagbag.py:538} INFO - Filling up the DagBag from /home/airflow/.local/lib/python3.8/site-packages/airflow/example_dags/example_branch_operator.py
[2024-10-01T13:25:25.177+0000] {processor.py:840} INFO - DAG(s) 'example_branch_operator' retrieved from /home/airflow/.local/lib/python3.8/site-packages/airflow/example_dags/example_branch_operator.py
[2024-10-01T13:25:25.359+0000] {logging_mixin.py:188} INFO - [2024-10-01T13:25:25.359+0000] {dag.py:3036} INFO - Sync 1 DAGs
[2024-10-01T13:25:25.558+0000] {logging_mixin.py:188} INFO - [2024-10-01T13:25:25.558+0000] {dag.py:3823} INFO - Setting next_dagrun for example_branch_operator to 2024-09-30 00:00:00+00:00, run_after=2024-10-01 00:00:00+00:00
[2024-10-01T13:25:25.738+0000] {processor.py:183} INFO - Processing /home/airflow/.local/lib/python3.8/site-packages/airflow/example_dags/example_branch_operator.py took 0.695 seconds
[2024-10-01T13:25:56.098+0000] {processor.py:161} INFO - Started process (PID=1317) to work on /home/airflow/.local/lib/python3.8/site-packages/airflow/example_dags/example_branch_operator.py
[2024-10-01T13:25:56.100+0000] {processor.py:830} INFO - Processing file /home/airflow/.local/lib/python3.8/site-packages/airflow/example_dags/example_branch_operator.py for tasks to queue
[2024-10-01T13:25:56.102+0000] {logging_mixin.py:188} INFO - [2024-10-01T13:25:56.102+0000] {dagbag.py:538} INFO - Filling up the DagBag from /home/airflow/.local/lib/python3.8/site-packages/airflow/example_dags/example_branch_operator.py
[2024-10-01T13:25:56.126+0000] {processor.py:840} INFO - DAG(s) 'example_branch_operator' retrieved from /home/airflow/.local/lib/python3.8/site-packages/airflow/example_dags/example_branch_operator.py
[2024-10-01T13:25:56.160+0000] {logging_mixin.py:188} INFO - [2024-10-01T13:25:56.159+0000] {dag.py:3036} INFO - Sync 1 DAGs
[2024-10-01T13:25:56.187+0000] {logging_mixin.py:188} INFO - [2024-10-01T13:25:56.187+0000] {dag.py:3823} INFO - Setting next_dagrun for example_branch_operator to 2024-09-30 00:00:00+00:00, run_after=2024-10-01 00:00:00+00:00
[2024-10-01T13:25:56.279+0000] {processor.py:183} INFO - Processing /home/airflow/.local/lib/python3.8/site-packages/airflow/example_dags/example_branch_operator.py took 0.184 seconds
