[2024-10-01T13:14:57.523+0000] {processor.py:161} INFO - Started process (PID=118) to work on /home/airflow/.local/lib/python3.8/site-packages/airflow/example_dags/example_setup_teardown.py
[2024-10-01T13:14:57.525+0000] {processor.py:830} INFO - Processing file /home/airflow/.local/lib/python3.8/site-packages/airflow/example_dags/example_setup_teardown.py for tasks to queue
[2024-10-01T13:14:57.529+0000] {logging_mixin.py:188} INFO - [2024-10-01T13:14:57.528+0000] {dagbag.py:538} INFO - Filling up the DagBag from /home/airflow/.local/lib/python3.8/site-packages/airflow/example_dags/example_setup_teardown.py
[2024-10-01T13:14:57.541+0000] {processor.py:840} INFO - DAG(s) 'example_setup_teardown' retrieved from /home/airflow/.local/lib/python3.8/site-packages/airflow/example_dags/example_setup_teardown.py
[2024-10-01T13:14:57.753+0000] {logging_mixin.py:188} INFO - [2024-10-01T13:14:57.753+0000] {dag.py:3036} INFO - Sync 1 DAGs
[2024-10-01T13:14:57.797+0000] {logging_mixin.py:188} INFO - [2024-10-01T13:14:57.797+0000] {dag.py:3823} INFO - Setting next_dagrun for example_setup_teardown to 2024-09-30 00:00:00+00:00, run_after=2024-10-01 00:00:00+00:00
[2024-10-01T13:14:57.848+0000] {processor.py:183} INFO - Processing /home/airflow/.local/lib/python3.8/site-packages/airflow/example_dags/example_setup_teardown.py took 0.333 seconds
[2024-10-01T13:15:27.962+0000] {processor.py:161} INFO - Started process (PID=174) to work on /home/airflow/.local/lib/python3.8/site-packages/airflow/example_dags/example_setup_teardown.py
[2024-10-01T13:15:27.963+0000] {processor.py:830} INFO - Processing file /home/airflow/.local/lib/python3.8/site-packages/airflow/example_dags/example_setup_teardown.py for tasks to queue
[2024-10-01T13:15:27.966+0000] {logging_mixin.py:188} INFO - [2024-10-01T13:15:27.965+0000] {dagbag.py:538} INFO - Filling up the DagBag from /home/airflow/.local/lib/python3.8/site-packages/airflow/example_dags/example_setup_teardown.py
[2024-10-01T13:15:27.973+0000] {processor.py:840} INFO - DAG(s) 'example_setup_teardown' retrieved from /home/airflow/.local/lib/python3.8/site-packages/airflow/example_dags/example_setup_teardown.py
[2024-10-01T13:15:27.999+0000] {logging_mixin.py:188} INFO - [2024-10-01T13:15:27.999+0000] {dag.py:3036} INFO - Sync 1 DAGs
[2024-10-01T13:15:28.030+0000] {logging_mixin.py:188} INFO - [2024-10-01T13:15:28.030+0000] {dag.py:3823} INFO - Setting next_dagrun for example_setup_teardown to 2024-09-30 00:00:00+00:00, run_after=2024-10-01 00:00:00+00:00
[2024-10-01T13:15:28.090+0000] {processor.py:183} INFO - Processing /home/airflow/.local/lib/python3.8/site-packages/airflow/example_dags/example_setup_teardown.py took 0.131 seconds
[2024-10-01T13:15:59.022+0000] {processor.py:161} INFO - Started process (PID=230) to work on /home/airflow/.local/lib/python3.8/site-packages/airflow/example_dags/example_setup_teardown.py
[2024-10-01T13:15:59.023+0000] {processor.py:830} INFO - Processing file /home/airflow/.local/lib/python3.8/site-packages/airflow/example_dags/example_setup_teardown.py for tasks to queue
[2024-10-01T13:15:59.025+0000] {logging_mixin.py:188} INFO - [2024-10-01T13:15:59.025+0000] {dagbag.py:538} INFO - Filling up the DagBag from /home/airflow/.local/lib/python3.8/site-packages/airflow/example_dags/example_setup_teardown.py
[2024-10-01T13:15:59.032+0000] {processor.py:840} INFO - DAG(s) 'example_setup_teardown' retrieved from /home/airflow/.local/lib/python3.8/site-packages/airflow/example_dags/example_setup_teardown.py
[2024-10-01T13:15:59.054+0000] {logging_mixin.py:188} INFO - [2024-10-01T13:15:59.053+0000] {dag.py:3036} INFO - Sync 1 DAGs
[2024-10-01T13:15:59.085+0000] {logging_mixin.py:188} INFO - [2024-10-01T13:15:59.084+0000] {dag.py:3823} INFO - Setting next_dagrun for example_setup_teardown to 2024-09-30 00:00:00+00:00, run_after=2024-10-01 00:00:00+00:00
[2024-10-01T13:15:59.130+0000] {processor.py:183} INFO - Processing /home/airflow/.local/lib/python3.8/site-packages/airflow/example_dags/example_setup_teardown.py took 0.111 seconds
[2024-10-01T13:16:30.553+0000] {processor.py:161} INFO - Started process (PID=287) to work on /home/airflow/.local/lib/python3.8/site-packages/airflow/example_dags/example_setup_teardown.py
[2024-10-01T13:16:30.555+0000] {processor.py:830} INFO - Processing file /home/airflow/.local/lib/python3.8/site-packages/airflow/example_dags/example_setup_teardown.py for tasks to queue
[2024-10-01T13:16:30.558+0000] {logging_mixin.py:188} INFO - [2024-10-01T13:16:30.557+0000] {dagbag.py:538} INFO - Filling up the DagBag from /home/airflow/.local/lib/python3.8/site-packages/airflow/example_dags/example_setup_teardown.py
[2024-10-01T13:16:30.566+0000] {processor.py:840} INFO - DAG(s) 'example_setup_teardown' retrieved from /home/airflow/.local/lib/python3.8/site-packages/airflow/example_dags/example_setup_teardown.py
[2024-10-01T13:16:30.594+0000] {logging_mixin.py:188} INFO - [2024-10-01T13:16:30.593+0000] {dag.py:3036} INFO - Sync 1 DAGs
[2024-10-01T13:16:30.627+0000] {logging_mixin.py:188} INFO - [2024-10-01T13:16:30.626+0000] {dag.py:3823} INFO - Setting next_dagrun for example_setup_teardown to 2024-09-30 00:00:00+00:00, run_after=2024-10-01 00:00:00+00:00
[2024-10-01T13:16:30.840+0000] {processor.py:183} INFO - Processing /home/airflow/.local/lib/python3.8/site-packages/airflow/example_dags/example_setup_teardown.py took 0.291 seconds
[2024-10-01T13:17:03.399+0000] {processor.py:161} INFO - Started process (PID=348) to work on /home/airflow/.local/lib/python3.8/site-packages/airflow/example_dags/example_setup_teardown.py
[2024-10-01T13:17:03.401+0000] {processor.py:830} INFO - Processing file /home/airflow/.local/lib/python3.8/site-packages/airflow/example_dags/example_setup_teardown.py for tasks to queue
[2024-10-01T13:17:03.403+0000] {logging_mixin.py:188} INFO - [2024-10-01T13:17:03.403+0000] {dagbag.py:538} INFO - Filling up the DagBag from /home/airflow/.local/lib/python3.8/site-packages/airflow/example_dags/example_setup_teardown.py
[2024-10-01T13:17:03.410+0000] {processor.py:840} INFO - DAG(s) 'example_setup_teardown' retrieved from /home/airflow/.local/lib/python3.8/site-packages/airflow/example_dags/example_setup_teardown.py
[2024-10-01T13:17:03.435+0000] {logging_mixin.py:188} INFO - [2024-10-01T13:17:03.434+0000] {dag.py:3036} INFO - Sync 1 DAGs
[2024-10-01T13:17:03.461+0000] {logging_mixin.py:188} INFO - [2024-10-01T13:17:03.461+0000] {dag.py:3823} INFO - Setting next_dagrun for example_setup_teardown to 2024-09-30 00:00:00+00:00, run_after=2024-10-01 00:00:00+00:00
[2024-10-01T13:17:03.588+0000] {processor.py:183} INFO - Processing /home/airflow/.local/lib/python3.8/site-packages/airflow/example_dags/example_setup_teardown.py took 0.192 seconds
[2024-10-01T13:17:33.846+0000] {processor.py:161} INFO - Started process (PID=404) to work on /home/airflow/.local/lib/python3.8/site-packages/airflow/example_dags/example_setup_teardown.py
[2024-10-01T13:17:33.848+0000] {processor.py:830} INFO - Processing file /home/airflow/.local/lib/python3.8/site-packages/airflow/example_dags/example_setup_teardown.py for tasks to queue
[2024-10-01T13:17:33.850+0000] {logging_mixin.py:188} INFO - [2024-10-01T13:17:33.850+0000] {dagbag.py:538} INFO - Filling up the DagBag from /home/airflow/.local/lib/python3.8/site-packages/airflow/example_dags/example_setup_teardown.py
[2024-10-01T13:17:33.863+0000] {processor.py:840} INFO - DAG(s) 'example_setup_teardown' retrieved from /home/airflow/.local/lib/python3.8/site-packages/airflow/example_dags/example_setup_teardown.py
[2024-10-01T13:17:33.889+0000] {logging_mixin.py:188} INFO - [2024-10-01T13:17:33.889+0000] {dag.py:3036} INFO - Sync 1 DAGs
[2024-10-01T13:17:33.918+0000] {logging_mixin.py:188} INFO - [2024-10-01T13:17:33.918+0000] {dag.py:3823} INFO - Setting next_dagrun for example_setup_teardown to 2024-09-30 00:00:00+00:00, run_after=2024-10-01 00:00:00+00:00
[2024-10-01T13:17:33.951+0000] {processor.py:183} INFO - Processing /home/airflow/.local/lib/python3.8/site-packages/airflow/example_dags/example_setup_teardown.py took 0.109 seconds
[2024-10-01T13:18:04.365+0000] {processor.py:161} INFO - Started process (PID=460) to work on /home/airflow/.local/lib/python3.8/site-packages/airflow/example_dags/example_setup_teardown.py
[2024-10-01T13:18:04.367+0000] {processor.py:830} INFO - Processing file /home/airflow/.local/lib/python3.8/site-packages/airflow/example_dags/example_setup_teardown.py for tasks to queue
[2024-10-01T13:18:04.370+0000] {logging_mixin.py:188} INFO - [2024-10-01T13:18:04.369+0000] {dagbag.py:538} INFO - Filling up the DagBag from /home/airflow/.local/lib/python3.8/site-packages/airflow/example_dags/example_setup_teardown.py
[2024-10-01T13:18:04.377+0000] {processor.py:840} INFO - DAG(s) 'example_setup_teardown' retrieved from /home/airflow/.local/lib/python3.8/site-packages/airflow/example_dags/example_setup_teardown.py
[2024-10-01T13:18:04.409+0000] {logging_mixin.py:188} INFO - [2024-10-01T13:18:04.409+0000] {dag.py:3036} INFO - Sync 1 DAGs
[2024-10-01T13:18:04.438+0000] {logging_mixin.py:188} INFO - [2024-10-01T13:18:04.438+0000] {dag.py:3823} INFO - Setting next_dagrun for example_setup_teardown to 2024-09-30 00:00:00+00:00, run_after=2024-10-01 00:00:00+00:00
[2024-10-01T13:18:04.563+0000] {processor.py:183} INFO - Processing /home/airflow/.local/lib/python3.8/site-packages/airflow/example_dags/example_setup_teardown.py took 0.202 seconds
[2024-10-01T13:18:35.114+0000] {processor.py:161} INFO - Started process (PID=522) to work on /home/airflow/.local/lib/python3.8/site-packages/airflow/example_dags/example_setup_teardown.py
[2024-10-01T13:18:35.115+0000] {processor.py:830} INFO - Processing file /home/airflow/.local/lib/python3.8/site-packages/airflow/example_dags/example_setup_teardown.py for tasks to queue
[2024-10-01T13:18:35.118+0000] {logging_mixin.py:188} INFO - [2024-10-01T13:18:35.117+0000] {dagbag.py:538} INFO - Filling up the DagBag from /home/airflow/.local/lib/python3.8/site-packages/airflow/example_dags/example_setup_teardown.py
[2024-10-01T13:18:35.131+0000] {processor.py:840} INFO - DAG(s) 'example_setup_teardown' retrieved from /home/airflow/.local/lib/python3.8/site-packages/airflow/example_dags/example_setup_teardown.py
[2024-10-01T13:18:35.161+0000] {logging_mixin.py:188} INFO - [2024-10-01T13:18:35.161+0000] {dag.py:3036} INFO - Sync 1 DAGs
[2024-10-01T13:18:35.195+0000] {logging_mixin.py:188} INFO - [2024-10-01T13:18:35.195+0000] {dag.py:3823} INFO - Setting next_dagrun for example_setup_teardown to 2024-09-30 00:00:00+00:00, run_after=2024-10-01 00:00:00+00:00
[2024-10-01T13:18:35.296+0000] {processor.py:183} INFO - Processing /home/airflow/.local/lib/python3.8/site-packages/airflow/example_dags/example_setup_teardown.py took 0.187 seconds
[2024-10-01T13:19:05.604+0000] {processor.py:161} INFO - Started process (PID=578) to work on /home/airflow/.local/lib/python3.8/site-packages/airflow/example_dags/example_setup_teardown.py
[2024-10-01T13:19:05.606+0000] {processor.py:830} INFO - Processing file /home/airflow/.local/lib/python3.8/site-packages/airflow/example_dags/example_setup_teardown.py for tasks to queue
[2024-10-01T13:19:05.608+0000] {logging_mixin.py:188} INFO - [2024-10-01T13:19:05.608+0000] {dagbag.py:538} INFO - Filling up the DagBag from /home/airflow/.local/lib/python3.8/site-packages/airflow/example_dags/example_setup_teardown.py
[2024-10-01T13:19:05.619+0000] {processor.py:840} INFO - DAG(s) 'example_setup_teardown' retrieved from /home/airflow/.local/lib/python3.8/site-packages/airflow/example_dags/example_setup_teardown.py
[2024-10-01T13:19:05.653+0000] {logging_mixin.py:188} INFO - [2024-10-01T13:19:05.652+0000] {dag.py:3036} INFO - Sync 1 DAGs
[2024-10-01T13:19:05.701+0000] {logging_mixin.py:188} INFO - [2024-10-01T13:19:05.700+0000] {dag.py:3823} INFO - Setting next_dagrun for example_setup_teardown to 2024-09-30 00:00:00+00:00, run_after=2024-10-01 00:00:00+00:00
[2024-10-01T13:19:05.772+0000] {processor.py:183} INFO - Processing /home/airflow/.local/lib/python3.8/site-packages/airflow/example_dags/example_setup_teardown.py took 0.173 seconds
[2024-10-01T13:19:36.569+0000] {processor.py:161} INFO - Started process (PID=635) to work on /home/airflow/.local/lib/python3.8/site-packages/airflow/example_dags/example_setup_teardown.py
[2024-10-01T13:19:36.571+0000] {processor.py:830} INFO - Processing file /home/airflow/.local/lib/python3.8/site-packages/airflow/example_dags/example_setup_teardown.py for tasks to queue
[2024-10-01T13:19:36.574+0000] {logging_mixin.py:188} INFO - [2024-10-01T13:19:36.573+0000] {dagbag.py:538} INFO - Filling up the DagBag from /home/airflow/.local/lib/python3.8/site-packages/airflow/example_dags/example_setup_teardown.py
[2024-10-01T13:19:36.583+0000] {processor.py:840} INFO - DAG(s) 'example_setup_teardown' retrieved from /home/airflow/.local/lib/python3.8/site-packages/airflow/example_dags/example_setup_teardown.py
[2024-10-01T13:19:36.612+0000] {logging_mixin.py:188} INFO - [2024-10-01T13:19:36.612+0000] {dag.py:3036} INFO - Sync 1 DAGs
[2024-10-01T13:19:36.647+0000] {logging_mixin.py:188} INFO - [2024-10-01T13:19:36.646+0000] {dag.py:3823} INFO - Setting next_dagrun for example_setup_teardown to 2024-09-30 00:00:00+00:00, run_after=2024-10-01 00:00:00+00:00
[2024-10-01T13:19:36.681+0000] {processor.py:183} INFO - Processing /home/airflow/.local/lib/python3.8/site-packages/airflow/example_dags/example_setup_teardown.py took 0.116 seconds
[2024-10-01T13:20:07.526+0000] {processor.py:161} INFO - Started process (PID=692) to work on /home/airflow/.local/lib/python3.8/site-packages/airflow/example_dags/example_setup_teardown.py
[2024-10-01T13:20:07.528+0000] {processor.py:830} INFO - Processing file /home/airflow/.local/lib/python3.8/site-packages/airflow/example_dags/example_setup_teardown.py for tasks to queue
[2024-10-01T13:20:07.530+0000] {logging_mixin.py:188} INFO - [2024-10-01T13:20:07.530+0000] {dagbag.py:538} INFO - Filling up the DagBag from /home/airflow/.local/lib/python3.8/site-packages/airflow/example_dags/example_setup_teardown.py
[2024-10-01T13:20:07.539+0000] {processor.py:840} INFO - DAG(s) 'example_setup_teardown' retrieved from /home/airflow/.local/lib/python3.8/site-packages/airflow/example_dags/example_setup_teardown.py
[2024-10-01T13:20:07.565+0000] {logging_mixin.py:188} INFO - [2024-10-01T13:20:07.565+0000] {dag.py:3036} INFO - Sync 1 DAGs
[2024-10-01T13:20:07.593+0000] {logging_mixin.py:188} INFO - [2024-10-01T13:20:07.593+0000] {dag.py:3823} INFO - Setting next_dagrun for example_setup_teardown to 2024-09-30 00:00:00+00:00, run_after=2024-10-01 00:00:00+00:00
[2024-10-01T13:20:07.621+0000] {processor.py:183} INFO - Processing /home/airflow/.local/lib/python3.8/site-packages/airflow/example_dags/example_setup_teardown.py took 0.098 seconds
[2024-10-01T13:20:38.179+0000] {processor.py:161} INFO - Started process (PID=748) to work on /home/airflow/.local/lib/python3.8/site-packages/airflow/example_dags/example_setup_teardown.py
[2024-10-01T13:20:38.180+0000] {processor.py:830} INFO - Processing file /home/airflow/.local/lib/python3.8/site-packages/airflow/example_dags/example_setup_teardown.py for tasks to queue
[2024-10-01T13:20:38.183+0000] {logging_mixin.py:188} INFO - [2024-10-01T13:20:38.183+0000] {dagbag.py:538} INFO - Filling up the DagBag from /home/airflow/.local/lib/python3.8/site-packages/airflow/example_dags/example_setup_teardown.py
[2024-10-01T13:20:38.195+0000] {processor.py:840} INFO - DAG(s) 'example_setup_teardown' retrieved from /home/airflow/.local/lib/python3.8/site-packages/airflow/example_dags/example_setup_teardown.py
[2024-10-01T13:20:38.226+0000] {logging_mixin.py:188} INFO - [2024-10-01T13:20:38.226+0000] {dag.py:3036} INFO - Sync 1 DAGs
[2024-10-01T13:20:38.264+0000] {logging_mixin.py:188} INFO - [2024-10-01T13:20:38.264+0000] {dag.py:3823} INFO - Setting next_dagrun for example_setup_teardown to 2024-09-30 00:00:00+00:00, run_after=2024-10-01 00:00:00+00:00
[2024-10-01T13:20:38.392+0000] {processor.py:183} INFO - Processing /home/airflow/.local/lib/python3.8/site-packages/airflow/example_dags/example_setup_teardown.py took 0.218 seconds
[2024-10-01T13:21:09.273+0000] {processor.py:161} INFO - Started process (PID=804) to work on /home/airflow/.local/lib/python3.8/site-packages/airflow/example_dags/example_setup_teardown.py
[2024-10-01T13:21:09.274+0000] {processor.py:830} INFO - Processing file /home/airflow/.local/lib/python3.8/site-packages/airflow/example_dags/example_setup_teardown.py for tasks to queue
[2024-10-01T13:21:09.276+0000] {logging_mixin.py:188} INFO - [2024-10-01T13:21:09.275+0000] {dagbag.py:538} INFO - Filling up the DagBag from /home/airflow/.local/lib/python3.8/site-packages/airflow/example_dags/example_setup_teardown.py
[2024-10-01T13:21:09.282+0000] {processor.py:840} INFO - DAG(s) 'example_setup_teardown' retrieved from /home/airflow/.local/lib/python3.8/site-packages/airflow/example_dags/example_setup_teardown.py
[2024-10-01T13:21:09.311+0000] {logging_mixin.py:188} INFO - [2024-10-01T13:21:09.310+0000] {dag.py:3036} INFO - Sync 1 DAGs
[2024-10-01T13:21:09.340+0000] {logging_mixin.py:188} INFO - [2024-10-01T13:21:09.340+0000] {dag.py:3823} INFO - Setting next_dagrun for example_setup_teardown to 2024-09-30 00:00:00+00:00, run_after=2024-10-01 00:00:00+00:00
[2024-10-01T13:21:09.403+0000] {processor.py:183} INFO - Processing /home/airflow/.local/lib/python3.8/site-packages/airflow/example_dags/example_setup_teardown.py took 0.134 seconds
[2024-10-01T13:21:40.104+0000] {processor.py:161} INFO - Started process (PID=860) to work on /home/airflow/.local/lib/python3.8/site-packages/airflow/example_dags/example_setup_teardown.py
[2024-10-01T13:21:40.105+0000] {processor.py:830} INFO - Processing file /home/airflow/.local/lib/python3.8/site-packages/airflow/example_dags/example_setup_teardown.py for tasks to queue
[2024-10-01T13:21:40.108+0000] {logging_mixin.py:188} INFO - [2024-10-01T13:21:40.107+0000] {dagbag.py:538} INFO - Filling up the DagBag from /home/airflow/.local/lib/python3.8/site-packages/airflow/example_dags/example_setup_teardown.py
[2024-10-01T13:21:40.116+0000] {processor.py:840} INFO - DAG(s) 'example_setup_teardown' retrieved from /home/airflow/.local/lib/python3.8/site-packages/airflow/example_dags/example_setup_teardown.py
[2024-10-01T13:21:40.151+0000] {logging_mixin.py:188} INFO - [2024-10-01T13:21:40.151+0000] {dag.py:3036} INFO - Sync 1 DAGs
[2024-10-01T13:21:40.190+0000] {logging_mixin.py:188} INFO - [2024-10-01T13:21:40.190+0000] {dag.py:3823} INFO - Setting next_dagrun for example_setup_teardown to 2024-09-30 00:00:00+00:00, run_after=2024-10-01 00:00:00+00:00
[2024-10-01T13:21:40.441+0000] {processor.py:183} INFO - Processing /home/airflow/.local/lib/python3.8/site-packages/airflow/example_dags/example_setup_teardown.py took 0.341 seconds
[2024-10-01T13:22:10.672+0000] {processor.py:161} INFO - Started process (PID=916) to work on /home/airflow/.local/lib/python3.8/site-packages/airflow/example_dags/example_setup_teardown.py
[2024-10-01T13:22:10.674+0000] {processor.py:830} INFO - Processing file /home/airflow/.local/lib/python3.8/site-packages/airflow/example_dags/example_setup_teardown.py for tasks to queue
[2024-10-01T13:22:10.676+0000] {logging_mixin.py:188} INFO - [2024-10-01T13:22:10.676+0000] {dagbag.py:538} INFO - Filling up the DagBag from /home/airflow/.local/lib/python3.8/site-packages/airflow/example_dags/example_setup_teardown.py
[2024-10-01T13:22:10.687+0000] {processor.py:840} INFO - DAG(s) 'example_setup_teardown' retrieved from /home/airflow/.local/lib/python3.8/site-packages/airflow/example_dags/example_setup_teardown.py
[2024-10-01T13:22:10.722+0000] {logging_mixin.py:188} INFO - [2024-10-01T13:22:10.722+0000] {dag.py:3036} INFO - Sync 1 DAGs
[2024-10-01T13:22:10.762+0000] {logging_mixin.py:188} INFO - [2024-10-01T13:22:10.761+0000] {dag.py:3823} INFO - Setting next_dagrun for example_setup_teardown to 2024-09-30 00:00:00+00:00, run_after=2024-10-01 00:00:00+00:00
[2024-10-01T13:22:10.802+0000] {processor.py:183} INFO - Processing /home/airflow/.local/lib/python3.8/site-packages/airflow/example_dags/example_setup_teardown.py took 0.135 seconds
[2024-10-01T13:22:44.761+0000] {processor.py:161} INFO - Started process (PID=973) to work on /home/airflow/.local/lib/python3.8/site-packages/airflow/example_dags/example_setup_teardown.py
[2024-10-01T13:22:44.763+0000] {processor.py:830} INFO - Processing file /home/airflow/.local/lib/python3.8/site-packages/airflow/example_dags/example_setup_teardown.py for tasks to queue
[2024-10-01T13:22:44.767+0000] {logging_mixin.py:188} INFO - [2024-10-01T13:22:44.767+0000] {dagbag.py:538} INFO - Filling up the DagBag from /home/airflow/.local/lib/python3.8/site-packages/airflow/example_dags/example_setup_teardown.py
[2024-10-01T13:22:44.779+0000] {processor.py:840} INFO - DAG(s) 'example_setup_teardown' retrieved from /home/airflow/.local/lib/python3.8/site-packages/airflow/example_dags/example_setup_teardown.py
[2024-10-01T13:22:44.839+0000] {logging_mixin.py:188} INFO - [2024-10-01T13:22:44.838+0000] {dag.py:3036} INFO - Sync 1 DAGs
[2024-10-01T13:22:44.895+0000] {logging_mixin.py:188} INFO - [2024-10-01T13:22:44.895+0000] {dag.py:3823} INFO - Setting next_dagrun for example_setup_teardown to 2024-09-30 00:00:00+00:00, run_after=2024-10-01 00:00:00+00:00
[2024-10-01T13:22:44.965+0000] {processor.py:183} INFO - Processing /home/airflow/.local/lib/python3.8/site-packages/airflow/example_dags/example_setup_teardown.py took 0.213 seconds
[2024-10-01T13:23:15.234+0000] {processor.py:161} INFO - Started process (PID=1029) to work on /home/airflow/.local/lib/python3.8/site-packages/airflow/example_dags/example_setup_teardown.py
[2024-10-01T13:23:15.236+0000] {processor.py:830} INFO - Processing file /home/airflow/.local/lib/python3.8/site-packages/airflow/example_dags/example_setup_teardown.py for tasks to queue
[2024-10-01T13:23:15.240+0000] {logging_mixin.py:188} INFO - [2024-10-01T13:23:15.239+0000] {dagbag.py:538} INFO - Filling up the DagBag from /home/airflow/.local/lib/python3.8/site-packages/airflow/example_dags/example_setup_teardown.py
[2024-10-01T13:23:15.253+0000] {processor.py:840} INFO - DAG(s) 'example_setup_teardown' retrieved from /home/airflow/.local/lib/python3.8/site-packages/airflow/example_dags/example_setup_teardown.py
[2024-10-01T13:23:15.285+0000] {logging_mixin.py:188} INFO - [2024-10-01T13:23:15.285+0000] {dag.py:3036} INFO - Sync 1 DAGs
[2024-10-01T13:23:15.326+0000] {logging_mixin.py:188} INFO - [2024-10-01T13:23:15.326+0000] {dag.py:3823} INFO - Setting next_dagrun for example_setup_teardown to 2024-09-30 00:00:00+00:00, run_after=2024-10-01 00:00:00+00:00
[2024-10-01T13:23:15.367+0000] {processor.py:183} INFO - Processing /home/airflow/.local/lib/python3.8/site-packages/airflow/example_dags/example_setup_teardown.py took 0.138 seconds
[2024-10-01T13:23:47.257+0000] {processor.py:161} INFO - Started process (PID=1085) to work on /home/airflow/.local/lib/python3.8/site-packages/airflow/example_dags/example_setup_teardown.py
[2024-10-01T13:23:47.260+0000] {processor.py:830} INFO - Processing file /home/airflow/.local/lib/python3.8/site-packages/airflow/example_dags/example_setup_teardown.py for tasks to queue
[2024-10-01T13:23:47.263+0000] {logging_mixin.py:188} INFO - [2024-10-01T13:23:47.263+0000] {dagbag.py:538} INFO - Filling up the DagBag from /home/airflow/.local/lib/python3.8/site-packages/airflow/example_dags/example_setup_teardown.py
[2024-10-01T13:23:47.279+0000] {processor.py:840} INFO - DAG(s) 'example_setup_teardown' retrieved from /home/airflow/.local/lib/python3.8/site-packages/airflow/example_dags/example_setup_teardown.py
[2024-10-01T13:23:47.341+0000] {logging_mixin.py:188} INFO - [2024-10-01T13:23:47.341+0000] {dag.py:3036} INFO - Sync 1 DAGs
[2024-10-01T13:23:47.405+0000] {logging_mixin.py:188} INFO - [2024-10-01T13:23:47.405+0000] {dag.py:3823} INFO - Setting next_dagrun for example_setup_teardown to 2024-09-30 00:00:00+00:00, run_after=2024-10-01 00:00:00+00:00
[2024-10-01T13:23:47.686+0000] {processor.py:183} INFO - Processing /home/airflow/.local/lib/python3.8/site-packages/airflow/example_dags/example_setup_teardown.py took 0.441 seconds
[2024-10-01T13:24:18.171+0000] {processor.py:161} INFO - Started process (PID=1141) to work on /home/airflow/.local/lib/python3.8/site-packages/airflow/example_dags/example_setup_teardown.py
[2024-10-01T13:24:18.173+0000] {processor.py:830} INFO - Processing file /home/airflow/.local/lib/python3.8/site-packages/airflow/example_dags/example_setup_teardown.py for tasks to queue
[2024-10-01T13:24:18.175+0000] {logging_mixin.py:188} INFO - [2024-10-01T13:24:18.175+0000] {dagbag.py:538} INFO - Filling up the DagBag from /home/airflow/.local/lib/python3.8/site-packages/airflow/example_dags/example_setup_teardown.py
[2024-10-01T13:24:18.182+0000] {processor.py:840} INFO - DAG(s) 'example_setup_teardown' retrieved from /home/airflow/.local/lib/python3.8/site-packages/airflow/example_dags/example_setup_teardown.py
[2024-10-01T13:24:18.213+0000] {logging_mixin.py:188} INFO - [2024-10-01T13:24:18.213+0000] {dag.py:3036} INFO - Sync 1 DAGs
[2024-10-01T13:24:18.245+0000] {logging_mixin.py:188} INFO - [2024-10-01T13:24:18.245+0000] {dag.py:3823} INFO - Setting next_dagrun for example_setup_teardown to 2024-09-30 00:00:00+00:00, run_after=2024-10-01 00:00:00+00:00
[2024-10-01T13:24:18.856+0000] {processor.py:183} INFO - Processing /home/airflow/.local/lib/python3.8/site-packages/airflow/example_dags/example_setup_teardown.py took 0.688 seconds
[2024-10-01T13:24:49.124+0000] {processor.py:161} INFO - Started process (PID=1197) to work on /home/airflow/.local/lib/python3.8/site-packages/airflow/example_dags/example_setup_teardown.py
[2024-10-01T13:24:49.125+0000] {processor.py:830} INFO - Processing file /home/airflow/.local/lib/python3.8/site-packages/airflow/example_dags/example_setup_teardown.py for tasks to queue
[2024-10-01T13:24:49.128+0000] {logging_mixin.py:188} INFO - [2024-10-01T13:24:49.128+0000] {dagbag.py:538} INFO - Filling up the DagBag from /home/airflow/.local/lib/python3.8/site-packages/airflow/example_dags/example_setup_teardown.py
[2024-10-01T13:24:49.157+0000] {processor.py:840} INFO - DAG(s) 'example_setup_teardown' retrieved from /home/airflow/.local/lib/python3.8/site-packages/airflow/example_dags/example_setup_teardown.py
[2024-10-01T13:24:49.227+0000] {logging_mixin.py:188} INFO - [2024-10-01T13:24:49.221+0000] {dag.py:3036} INFO - Sync 1 DAGs
[2024-10-01T13:24:49.313+0000] {logging_mixin.py:188} INFO - [2024-10-01T13:24:49.313+0000] {dag.py:3823} INFO - Setting next_dagrun for example_setup_teardown to 2024-09-30 00:00:00+00:00, run_after=2024-10-01 00:00:00+00:00
[2024-10-01T13:24:49.414+0000] {processor.py:183} INFO - Processing /home/airflow/.local/lib/python3.8/site-packages/airflow/example_dags/example_setup_teardown.py took 0.299 seconds
[2024-10-01T13:25:20.487+0000] {processor.py:161} INFO - Started process (PID=1252) to work on /home/airflow/.local/lib/python3.8/site-packages/airflow/example_dags/example_setup_teardown.py
[2024-10-01T13:25:20.489+0000] {processor.py:830} INFO - Processing file /home/airflow/.local/lib/python3.8/site-packages/airflow/example_dags/example_setup_teardown.py for tasks to queue
[2024-10-01T13:25:20.495+0000] {logging_mixin.py:188} INFO - [2024-10-01T13:25:20.494+0000] {dagbag.py:538} INFO - Filling up the DagBag from /home/airflow/.local/lib/python3.8/site-packages/airflow/example_dags/example_setup_teardown.py
[2024-10-01T13:25:20.508+0000] {processor.py:840} INFO - DAG(s) 'example_setup_teardown' retrieved from /home/airflow/.local/lib/python3.8/site-packages/airflow/example_dags/example_setup_teardown.py
[2024-10-01T13:25:20.548+0000] {logging_mixin.py:188} INFO - [2024-10-01T13:25:20.547+0000] {dag.py:3036} INFO - Sync 1 DAGs
[2024-10-01T13:25:20.602+0000] {logging_mixin.py:188} INFO - [2024-10-01T13:25:20.602+0000] {dag.py:3823} INFO - Setting next_dagrun for example_setup_teardown to 2024-09-30 00:00:00+00:00, run_after=2024-10-01 00:00:00+00:00
[2024-10-01T13:25:20.655+0000] {processor.py:183} INFO - Processing /home/airflow/.local/lib/python3.8/site-packages/airflow/example_dags/example_setup_teardown.py took 0.174 seconds
[2024-10-01T13:25:51.087+0000] {processor.py:161} INFO - Started process (PID=1309) to work on /home/airflow/.local/lib/python3.8/site-packages/airflow/example_dags/example_setup_teardown.py
[2024-10-01T13:25:51.088+0000] {processor.py:830} INFO - Processing file /home/airflow/.local/lib/python3.8/site-packages/airflow/example_dags/example_setup_teardown.py for tasks to queue
[2024-10-01T13:25:51.091+0000] {logging_mixin.py:188} INFO - [2024-10-01T13:25:51.090+0000] {dagbag.py:538} INFO - Filling up the DagBag from /home/airflow/.local/lib/python3.8/site-packages/airflow/example_dags/example_setup_teardown.py
[2024-10-01T13:25:51.102+0000] {processor.py:840} INFO - DAG(s) 'example_setup_teardown' retrieved from /home/airflow/.local/lib/python3.8/site-packages/airflow/example_dags/example_setup_teardown.py
[2024-10-01T13:25:51.145+0000] {logging_mixin.py:188} INFO - [2024-10-01T13:25:51.143+0000] {dag.py:3036} INFO - Sync 1 DAGs
[2024-10-01T13:25:51.193+0000] {logging_mixin.py:188} INFO - [2024-10-01T13:25:51.192+0000] {dag.py:3823} INFO - Setting next_dagrun for example_setup_teardown to 2024-09-30 00:00:00+00:00, run_after=2024-10-01 00:00:00+00:00
[2024-10-01T13:25:51.237+0000] {processor.py:183} INFO - Processing /home/airflow/.local/lib/python3.8/site-packages/airflow/example_dags/example_setup_teardown.py took 0.155 seconds
