[2024-10-01T13:14:46.610+0000] {processor.py:161} INFO - Started process (PID=91) to work on /home/airflow/.local/lib/python3.8/site-packages/airflow/example_dags/tutorial_objectstorage.py
[2024-10-01T13:14:46.612+0000] {processor.py:830} INFO - Processing file /home/airflow/.local/lib/python3.8/site-packages/airflow/example_dags/tutorial_objectstorage.py for tasks to queue
[2024-10-01T13:14:46.846+0000] {logging_mixin.py:188} INFO - [2024-10-01T13:14:46.844+0000] {dagbag.py:538} INFO - Filling up the DagBag from /home/airflow/.local/lib/python3.8/site-packages/airflow/example_dags/tutorial_objectstorage.py
[2024-10-01T13:14:48.130+0000] {processor.py:840} INFO - DAG(s) 'tutorial_objectstorage' retrieved from /home/airflow/.local/lib/python3.8/site-packages/airflow/example_dags/tutorial_objectstorage.py
[2024-10-01T13:14:49.778+0000] {logging_mixin.py:188} INFO - [2024-10-01T13:14:49.766+0000] {dag.py:3036} INFO - Sync 1 DAGs
[2024-10-01T13:14:49.822+0000] {logging_mixin.py:188} INFO - [2024-10-01T13:14:49.822+0000] {dag.py:3823} INFO - Setting next_dagrun for tutorial_objectstorage to None, run_after=None
[2024-10-01T13:14:49.906+0000] {processor.py:183} INFO - Processing /home/airflow/.local/lib/python3.8/site-packages/airflow/example_dags/tutorial_objectstorage.py took 3.691 seconds
[2024-10-01T13:15:20.609+0000] {processor.py:161} INFO - Started process (PID=147) to work on /home/airflow/.local/lib/python3.8/site-packages/airflow/example_dags/tutorial_objectstorage.py
[2024-10-01T13:15:20.610+0000] {processor.py:830} INFO - Processing file /home/airflow/.local/lib/python3.8/site-packages/airflow/example_dags/tutorial_objectstorage.py for tasks to queue
[2024-10-01T13:15:20.612+0000] {logging_mixin.py:188} INFO - [2024-10-01T13:15:20.612+0000] {dagbag.py:538} INFO - Filling up the DagBag from /home/airflow/.local/lib/python3.8/site-packages/airflow/example_dags/tutorial_objectstorage.py
[2024-10-01T13:15:20.675+0000] {processor.py:840} INFO - DAG(s) 'tutorial_objectstorage' retrieved from /home/airflow/.local/lib/python3.8/site-packages/airflow/example_dags/tutorial_objectstorage.py
[2024-10-01T13:15:20.705+0000] {logging_mixin.py:188} INFO - [2024-10-01T13:15:20.705+0000] {dag.py:3036} INFO - Sync 1 DAGs
[2024-10-01T13:15:20.723+0000] {logging_mixin.py:188} INFO - [2024-10-01T13:15:20.723+0000] {dag.py:3823} INFO - Setting next_dagrun for tutorial_objectstorage to None, run_after=None
[2024-10-01T13:15:20.765+0000] {processor.py:183} INFO - Processing /home/airflow/.local/lib/python3.8/site-packages/airflow/example_dags/tutorial_objectstorage.py took 0.159 seconds
[2024-10-01T13:15:50.804+0000] {processor.py:161} INFO - Started process (PID=202) to work on /home/airflow/.local/lib/python3.8/site-packages/airflow/example_dags/tutorial_objectstorage.py
[2024-10-01T13:15:50.805+0000] {processor.py:830} INFO - Processing file /home/airflow/.local/lib/python3.8/site-packages/airflow/example_dags/tutorial_objectstorage.py for tasks to queue
[2024-10-01T13:15:50.807+0000] {logging_mixin.py:188} INFO - [2024-10-01T13:15:50.807+0000] {dagbag.py:538} INFO - Filling up the DagBag from /home/airflow/.local/lib/python3.8/site-packages/airflow/example_dags/tutorial_objectstorage.py
[2024-10-01T13:15:50.813+0000] {processor.py:840} INFO - DAG(s) 'tutorial_objectstorage' retrieved from /home/airflow/.local/lib/python3.8/site-packages/airflow/example_dags/tutorial_objectstorage.py
[2024-10-01T13:15:50.832+0000] {logging_mixin.py:188} INFO - [2024-10-01T13:15:50.832+0000] {dag.py:3036} INFO - Sync 1 DAGs
[2024-10-01T13:15:50.845+0000] {logging_mixin.py:188} INFO - [2024-10-01T13:15:50.845+0000] {dag.py:3823} INFO - Setting next_dagrun for tutorial_objectstorage to None, run_after=None
[2024-10-01T13:15:50.927+0000] {processor.py:183} INFO - Processing /home/airflow/.local/lib/python3.8/site-packages/airflow/example_dags/tutorial_objectstorage.py took 0.126 seconds
[2024-10-01T13:16:21.192+0000] {processor.py:161} INFO - Started process (PID=258) to work on /home/airflow/.local/lib/python3.8/site-packages/airflow/example_dags/tutorial_objectstorage.py
[2024-10-01T13:16:21.196+0000] {processor.py:830} INFO - Processing file /home/airflow/.local/lib/python3.8/site-packages/airflow/example_dags/tutorial_objectstorage.py for tasks to queue
[2024-10-01T13:16:21.205+0000] {logging_mixin.py:188} INFO - [2024-10-01T13:16:21.204+0000] {dagbag.py:538} INFO - Filling up the DagBag from /home/airflow/.local/lib/python3.8/site-packages/airflow/example_dags/tutorial_objectstorage.py
[2024-10-01T13:16:21.234+0000] {processor.py:840} INFO - DAG(s) 'tutorial_objectstorage' retrieved from /home/airflow/.local/lib/python3.8/site-packages/airflow/example_dags/tutorial_objectstorage.py
[2024-10-01T13:16:21.297+0000] {logging_mixin.py:188} INFO - [2024-10-01T13:16:21.297+0000] {dag.py:3036} INFO - Sync 1 DAGs
[2024-10-01T13:16:21.329+0000] {logging_mixin.py:188} INFO - [2024-10-01T13:16:21.329+0000] {dag.py:3823} INFO - Setting next_dagrun for tutorial_objectstorage to None, run_after=None
[2024-10-01T13:16:21.383+0000] {processor.py:183} INFO - Processing /home/airflow/.local/lib/python3.8/site-packages/airflow/example_dags/tutorial_objectstorage.py took 0.229 seconds
[2024-10-01T13:16:51.505+0000] {processor.py:161} INFO - Started process (PID=314) to work on /home/airflow/.local/lib/python3.8/site-packages/airflow/example_dags/tutorial_objectstorage.py
[2024-10-01T13:16:51.506+0000] {processor.py:830} INFO - Processing file /home/airflow/.local/lib/python3.8/site-packages/airflow/example_dags/tutorial_objectstorage.py for tasks to queue
[2024-10-01T13:16:51.508+0000] {logging_mixin.py:188} INFO - [2024-10-01T13:16:51.508+0000] {dagbag.py:538} INFO - Filling up the DagBag from /home/airflow/.local/lib/python3.8/site-packages/airflow/example_dags/tutorial_objectstorage.py
[2024-10-01T13:16:51.515+0000] {processor.py:840} INFO - DAG(s) 'tutorial_objectstorage' retrieved from /home/airflow/.local/lib/python3.8/site-packages/airflow/example_dags/tutorial_objectstorage.py
[2024-10-01T13:16:51.536+0000] {logging_mixin.py:188} INFO - [2024-10-01T13:16:51.536+0000] {dag.py:3036} INFO - Sync 1 DAGs
[2024-10-01T13:16:51.550+0000] {logging_mixin.py:188} INFO - [2024-10-01T13:16:51.549+0000] {dag.py:3823} INFO - Setting next_dagrun for tutorial_objectstorage to None, run_after=None
[2024-10-01T13:16:51.616+0000] {processor.py:183} INFO - Processing /home/airflow/.local/lib/python3.8/site-packages/airflow/example_dags/tutorial_objectstorage.py took 0.115 seconds
[2024-10-01T13:17:21.944+0000] {processor.py:161} INFO - Started process (PID=370) to work on /home/airflow/.local/lib/python3.8/site-packages/airflow/example_dags/tutorial_objectstorage.py
[2024-10-01T13:17:21.946+0000] {processor.py:830} INFO - Processing file /home/airflow/.local/lib/python3.8/site-packages/airflow/example_dags/tutorial_objectstorage.py for tasks to queue
[2024-10-01T13:17:21.948+0000] {logging_mixin.py:188} INFO - [2024-10-01T13:17:21.948+0000] {dagbag.py:538} INFO - Filling up the DagBag from /home/airflow/.local/lib/python3.8/site-packages/airflow/example_dags/tutorial_objectstorage.py
[2024-10-01T13:17:21.963+0000] {processor.py:840} INFO - DAG(s) 'tutorial_objectstorage' retrieved from /home/airflow/.local/lib/python3.8/site-packages/airflow/example_dags/tutorial_objectstorage.py
[2024-10-01T13:17:22.008+0000] {logging_mixin.py:188} INFO - [2024-10-01T13:17:22.008+0000] {dag.py:3036} INFO - Sync 1 DAGs
[2024-10-01T13:17:22.039+0000] {logging_mixin.py:188} INFO - [2024-10-01T13:17:22.039+0000] {dag.py:3823} INFO - Setting next_dagrun for tutorial_objectstorage to None, run_after=None
[2024-10-01T13:17:22.098+0000] {processor.py:183} INFO - Processing /home/airflow/.local/lib/python3.8/site-packages/airflow/example_dags/tutorial_objectstorage.py took 0.160 seconds
[2024-10-01T13:17:52.196+0000] {processor.py:161} INFO - Started process (PID=426) to work on /home/airflow/.local/lib/python3.8/site-packages/airflow/example_dags/tutorial_objectstorage.py
[2024-10-01T13:17:52.197+0000] {processor.py:830} INFO - Processing file /home/airflow/.local/lib/python3.8/site-packages/airflow/example_dags/tutorial_objectstorage.py for tasks to queue
[2024-10-01T13:17:52.199+0000] {logging_mixin.py:188} INFO - [2024-10-01T13:17:52.199+0000] {dagbag.py:538} INFO - Filling up the DagBag from /home/airflow/.local/lib/python3.8/site-packages/airflow/example_dags/tutorial_objectstorage.py
[2024-10-01T13:17:52.211+0000] {processor.py:840} INFO - DAG(s) 'tutorial_objectstorage' retrieved from /home/airflow/.local/lib/python3.8/site-packages/airflow/example_dags/tutorial_objectstorage.py
[2024-10-01T13:17:52.240+0000] {logging_mixin.py:188} INFO - [2024-10-01T13:17:52.239+0000] {dag.py:3036} INFO - Sync 1 DAGs
[2024-10-01T13:17:52.258+0000] {logging_mixin.py:188} INFO - [2024-10-01T13:17:52.258+0000] {dag.py:3823} INFO - Setting next_dagrun for tutorial_objectstorage to None, run_after=None
[2024-10-01T13:17:52.301+0000] {processor.py:183} INFO - Processing /home/airflow/.local/lib/python3.8/site-packages/airflow/example_dags/tutorial_objectstorage.py took 0.111 seconds
[2024-10-01T13:18:22.477+0000] {processor.py:161} INFO - Started process (PID=482) to work on /home/airflow/.local/lib/python3.8/site-packages/airflow/example_dags/tutorial_objectstorage.py
[2024-10-01T13:18:22.478+0000] {processor.py:830} INFO - Processing file /home/airflow/.local/lib/python3.8/site-packages/airflow/example_dags/tutorial_objectstorage.py for tasks to queue
[2024-10-01T13:18:22.481+0000] {logging_mixin.py:188} INFO - [2024-10-01T13:18:22.481+0000] {dagbag.py:538} INFO - Filling up the DagBag from /home/airflow/.local/lib/python3.8/site-packages/airflow/example_dags/tutorial_objectstorage.py
[2024-10-01T13:18:22.492+0000] {processor.py:840} INFO - DAG(s) 'tutorial_objectstorage' retrieved from /home/airflow/.local/lib/python3.8/site-packages/airflow/example_dags/tutorial_objectstorage.py
[2024-10-01T13:18:22.515+0000] {logging_mixin.py:188} INFO - [2024-10-01T13:18:22.515+0000] {dag.py:3036} INFO - Sync 1 DAGs
[2024-10-01T13:18:22.536+0000] {logging_mixin.py:188} INFO - [2024-10-01T13:18:22.536+0000] {dag.py:3823} INFO - Setting next_dagrun for tutorial_objectstorage to None, run_after=None
[2024-10-01T13:18:22.615+0000] {processor.py:183} INFO - Processing /home/airflow/.local/lib/python3.8/site-packages/airflow/example_dags/tutorial_objectstorage.py took 0.141 seconds
[2024-10-01T13:18:52.892+0000] {processor.py:161} INFO - Started process (PID=538) to work on /home/airflow/.local/lib/python3.8/site-packages/airflow/example_dags/tutorial_objectstorage.py
[2024-10-01T13:18:52.893+0000] {processor.py:830} INFO - Processing file /home/airflow/.local/lib/python3.8/site-packages/airflow/example_dags/tutorial_objectstorage.py for tasks to queue
[2024-10-01T13:18:52.895+0000] {logging_mixin.py:188} INFO - [2024-10-01T13:18:52.894+0000] {dagbag.py:538} INFO - Filling up the DagBag from /home/airflow/.local/lib/python3.8/site-packages/airflow/example_dags/tutorial_objectstorage.py
[2024-10-01T13:18:52.902+0000] {processor.py:840} INFO - DAG(s) 'tutorial_objectstorage' retrieved from /home/airflow/.local/lib/python3.8/site-packages/airflow/example_dags/tutorial_objectstorage.py
[2024-10-01T13:18:52.926+0000] {logging_mixin.py:188} INFO - [2024-10-01T13:18:52.926+0000] {dag.py:3036} INFO - Sync 1 DAGs
[2024-10-01T13:18:52.941+0000] {logging_mixin.py:188} INFO - [2024-10-01T13:18:52.940+0000] {dag.py:3823} INFO - Setting next_dagrun for tutorial_objectstorage to None, run_after=None
[2024-10-01T13:18:52.977+0000] {processor.py:183} INFO - Processing /home/airflow/.local/lib/python3.8/site-packages/airflow/example_dags/tutorial_objectstorage.py took 0.089 seconds
[2024-10-01T13:19:23.733+0000] {processor.py:161} INFO - Started process (PID=594) to work on /home/airflow/.local/lib/python3.8/site-packages/airflow/example_dags/tutorial_objectstorage.py
[2024-10-01T13:19:23.734+0000] {processor.py:830} INFO - Processing file /home/airflow/.local/lib/python3.8/site-packages/airflow/example_dags/tutorial_objectstorage.py for tasks to queue
[2024-10-01T13:19:23.736+0000] {logging_mixin.py:188} INFO - [2024-10-01T13:19:23.736+0000] {dagbag.py:538} INFO - Filling up the DagBag from /home/airflow/.local/lib/python3.8/site-packages/airflow/example_dags/tutorial_objectstorage.py
[2024-10-01T13:19:23.743+0000] {processor.py:840} INFO - DAG(s) 'tutorial_objectstorage' retrieved from /home/airflow/.local/lib/python3.8/site-packages/airflow/example_dags/tutorial_objectstorage.py
[2024-10-01T13:19:23.766+0000] {logging_mixin.py:188} INFO - [2024-10-01T13:19:23.766+0000] {dag.py:3036} INFO - Sync 1 DAGs
[2024-10-01T13:19:23.780+0000] {logging_mixin.py:188} INFO - [2024-10-01T13:19:23.780+0000] {dag.py:3823} INFO - Setting next_dagrun for tutorial_objectstorage to None, run_after=None
[2024-10-01T13:19:23.901+0000] {processor.py:183} INFO - Processing /home/airflow/.local/lib/python3.8/site-packages/airflow/example_dags/tutorial_objectstorage.py took 0.171 seconds
[2024-10-01T13:19:54.225+0000] {processor.py:161} INFO - Started process (PID=650) to work on /home/airflow/.local/lib/python3.8/site-packages/airflow/example_dags/tutorial_objectstorage.py
[2024-10-01T13:19:54.226+0000] {processor.py:830} INFO - Processing file /home/airflow/.local/lib/python3.8/site-packages/airflow/example_dags/tutorial_objectstorage.py for tasks to queue
[2024-10-01T13:19:54.228+0000] {logging_mixin.py:188} INFO - [2024-10-01T13:19:54.228+0000] {dagbag.py:538} INFO - Filling up the DagBag from /home/airflow/.local/lib/python3.8/site-packages/airflow/example_dags/tutorial_objectstorage.py
[2024-10-01T13:19:54.235+0000] {processor.py:840} INFO - DAG(s) 'tutorial_objectstorage' retrieved from /home/airflow/.local/lib/python3.8/site-packages/airflow/example_dags/tutorial_objectstorage.py
[2024-10-01T13:19:54.256+0000] {logging_mixin.py:188} INFO - [2024-10-01T13:19:54.256+0000] {dag.py:3036} INFO - Sync 1 DAGs
[2024-10-01T13:19:54.270+0000] {logging_mixin.py:188} INFO - [2024-10-01T13:19:54.269+0000] {dag.py:3823} INFO - Setting next_dagrun for tutorial_objectstorage to None, run_after=None
[2024-10-01T13:19:54.311+0000] {processor.py:183} INFO - Processing /home/airflow/.local/lib/python3.8/site-packages/airflow/example_dags/tutorial_objectstorage.py took 0.089 seconds
[2024-10-01T13:20:24.857+0000] {processor.py:161} INFO - Started process (PID=706) to work on /home/airflow/.local/lib/python3.8/site-packages/airflow/example_dags/tutorial_objectstorage.py
[2024-10-01T13:20:24.858+0000] {processor.py:830} INFO - Processing file /home/airflow/.local/lib/python3.8/site-packages/airflow/example_dags/tutorial_objectstorage.py for tasks to queue
[2024-10-01T13:20:24.860+0000] {logging_mixin.py:188} INFO - [2024-10-01T13:20:24.859+0000] {dagbag.py:538} INFO - Filling up the DagBag from /home/airflow/.local/lib/python3.8/site-packages/airflow/example_dags/tutorial_objectstorage.py
[2024-10-01T13:20:24.867+0000] {processor.py:840} INFO - DAG(s) 'tutorial_objectstorage' retrieved from /home/airflow/.local/lib/python3.8/site-packages/airflow/example_dags/tutorial_objectstorage.py
[2024-10-01T13:20:24.890+0000] {logging_mixin.py:188} INFO - [2024-10-01T13:20:24.889+0000] {dag.py:3036} INFO - Sync 1 DAGs
[2024-10-01T13:20:24.904+0000] {logging_mixin.py:188} INFO - [2024-10-01T13:20:24.904+0000] {dag.py:3823} INFO - Setting next_dagrun for tutorial_objectstorage to None, run_after=None
[2024-10-01T13:20:24.954+0000] {processor.py:183} INFO - Processing /home/airflow/.local/lib/python3.8/site-packages/airflow/example_dags/tutorial_objectstorage.py took 0.102 seconds
[2024-10-01T13:20:55.270+0000] {processor.py:161} INFO - Started process (PID=762) to work on /home/airflow/.local/lib/python3.8/site-packages/airflow/example_dags/tutorial_objectstorage.py
[2024-10-01T13:20:55.272+0000] {processor.py:830} INFO - Processing file /home/airflow/.local/lib/python3.8/site-packages/airflow/example_dags/tutorial_objectstorage.py for tasks to queue
[2024-10-01T13:20:55.274+0000] {logging_mixin.py:188} INFO - [2024-10-01T13:20:55.274+0000] {dagbag.py:538} INFO - Filling up the DagBag from /home/airflow/.local/lib/python3.8/site-packages/airflow/example_dags/tutorial_objectstorage.py
[2024-10-01T13:20:55.324+0000] {processor.py:840} INFO - DAG(s) 'tutorial_objectstorage' retrieved from /home/airflow/.local/lib/python3.8/site-packages/airflow/example_dags/tutorial_objectstorage.py
[2024-10-01T13:20:55.561+0000] {logging_mixin.py:188} INFO - [2024-10-01T13:20:55.560+0000] {dag.py:3036} INFO - Sync 1 DAGs
[2024-10-01T13:20:55.576+0000] {logging_mixin.py:188} INFO - [2024-10-01T13:20:55.575+0000] {dag.py:3823} INFO - Setting next_dagrun for tutorial_objectstorage to None, run_after=None
[2024-10-01T13:20:55.642+0000] {processor.py:183} INFO - Processing /home/airflow/.local/lib/python3.8/site-packages/airflow/example_dags/tutorial_objectstorage.py took 0.375 seconds
[2024-10-01T13:21:25.894+0000] {processor.py:161} INFO - Started process (PID=818) to work on /home/airflow/.local/lib/python3.8/site-packages/airflow/example_dags/tutorial_objectstorage.py
[2024-10-01T13:21:25.895+0000] {processor.py:830} INFO - Processing file /home/airflow/.local/lib/python3.8/site-packages/airflow/example_dags/tutorial_objectstorage.py for tasks to queue
[2024-10-01T13:21:25.897+0000] {logging_mixin.py:188} INFO - [2024-10-01T13:21:25.897+0000] {dagbag.py:538} INFO - Filling up the DagBag from /home/airflow/.local/lib/python3.8/site-packages/airflow/example_dags/tutorial_objectstorage.py
[2024-10-01T13:21:25.904+0000] {processor.py:840} INFO - DAG(s) 'tutorial_objectstorage' retrieved from /home/airflow/.local/lib/python3.8/site-packages/airflow/example_dags/tutorial_objectstorage.py
[2024-10-01T13:21:25.927+0000] {logging_mixin.py:188} INFO - [2024-10-01T13:21:25.926+0000] {dag.py:3036} INFO - Sync 1 DAGs
[2024-10-01T13:21:25.941+0000] {logging_mixin.py:188} INFO - [2024-10-01T13:21:25.941+0000] {dag.py:3823} INFO - Setting next_dagrun for tutorial_objectstorage to None, run_after=None
[2024-10-01T13:21:26.046+0000] {processor.py:183} INFO - Processing /home/airflow/.local/lib/python3.8/site-packages/airflow/example_dags/tutorial_objectstorage.py took 0.155 seconds
[2024-10-01T13:21:56.622+0000] {processor.py:161} INFO - Started process (PID=874) to work on /home/airflow/.local/lib/python3.8/site-packages/airflow/example_dags/tutorial_objectstorage.py
[2024-10-01T13:21:56.624+0000] {processor.py:830} INFO - Processing file /home/airflow/.local/lib/python3.8/site-packages/airflow/example_dags/tutorial_objectstorage.py for tasks to queue
[2024-10-01T13:21:56.627+0000] {logging_mixin.py:188} INFO - [2024-10-01T13:21:56.627+0000] {dagbag.py:538} INFO - Filling up the DagBag from /home/airflow/.local/lib/python3.8/site-packages/airflow/example_dags/tutorial_objectstorage.py
[2024-10-01T13:21:56.637+0000] {processor.py:840} INFO - DAG(s) 'tutorial_objectstorage' retrieved from /home/airflow/.local/lib/python3.8/site-packages/airflow/example_dags/tutorial_objectstorage.py
[2024-10-01T13:21:56.669+0000] {logging_mixin.py:188} INFO - [2024-10-01T13:21:56.668+0000] {dag.py:3036} INFO - Sync 1 DAGs
[2024-10-01T13:21:56.703+0000] {logging_mixin.py:188} INFO - [2024-10-01T13:21:56.703+0000] {dag.py:3823} INFO - Setting next_dagrun for tutorial_objectstorage to None, run_after=None
[2024-10-01T13:21:58.088+0000] {processor.py:183} INFO - Processing /home/airflow/.local/lib/python3.8/site-packages/airflow/example_dags/tutorial_objectstorage.py took 1.477 seconds
[2024-10-01T13:22:28.395+0000] {processor.py:161} INFO - Started process (PID=930) to work on /home/airflow/.local/lib/python3.8/site-packages/airflow/example_dags/tutorial_objectstorage.py
[2024-10-01T13:22:28.396+0000] {processor.py:830} INFO - Processing file /home/airflow/.local/lib/python3.8/site-packages/airflow/example_dags/tutorial_objectstorage.py for tasks to queue
[2024-10-01T13:22:28.399+0000] {logging_mixin.py:188} INFO - [2024-10-01T13:22:28.398+0000] {dagbag.py:538} INFO - Filling up the DagBag from /home/airflow/.local/lib/python3.8/site-packages/airflow/example_dags/tutorial_objectstorage.py
[2024-10-01T13:22:28.409+0000] {processor.py:840} INFO - DAG(s) 'tutorial_objectstorage' retrieved from /home/airflow/.local/lib/python3.8/site-packages/airflow/example_dags/tutorial_objectstorage.py
[2024-10-01T13:22:28.437+0000] {logging_mixin.py:188} INFO - [2024-10-01T13:22:28.437+0000] {dag.py:3036} INFO - Sync 1 DAGs
[2024-10-01T13:22:29.196+0000] {logging_mixin.py:188} INFO - [2024-10-01T13:22:29.196+0000] {dag.py:3823} INFO - Setting next_dagrun for tutorial_objectstorage to None, run_after=None
[2024-10-01T13:22:29.327+0000] {processor.py:183} INFO - Processing /home/airflow/.local/lib/python3.8/site-packages/airflow/example_dags/tutorial_objectstorage.py took 0.936 seconds
[2024-10-01T13:22:59.561+0000] {processor.py:161} INFO - Started process (PID=987) to work on /home/airflow/.local/lib/python3.8/site-packages/airflow/example_dags/tutorial_objectstorage.py
[2024-10-01T13:22:59.563+0000] {processor.py:830} INFO - Processing file /home/airflow/.local/lib/python3.8/site-packages/airflow/example_dags/tutorial_objectstorage.py for tasks to queue
[2024-10-01T13:22:59.568+0000] {logging_mixin.py:188} INFO - [2024-10-01T13:22:59.567+0000] {dagbag.py:538} INFO - Filling up the DagBag from /home/airflow/.local/lib/python3.8/site-packages/airflow/example_dags/tutorial_objectstorage.py
[2024-10-01T13:22:59.581+0000] {processor.py:840} INFO - DAG(s) 'tutorial_objectstorage' retrieved from /home/airflow/.local/lib/python3.8/site-packages/airflow/example_dags/tutorial_objectstorage.py
[2024-10-01T13:22:59.617+0000] {logging_mixin.py:188} INFO - [2024-10-01T13:22:59.615+0000] {dag.py:3036} INFO - Sync 1 DAGs
[2024-10-01T13:22:59.653+0000] {logging_mixin.py:188} INFO - [2024-10-01T13:22:59.652+0000] {dag.py:3823} INFO - Setting next_dagrun for tutorial_objectstorage to None, run_after=None
[2024-10-01T13:22:59.731+0000] {processor.py:183} INFO - Processing /home/airflow/.local/lib/python3.8/site-packages/airflow/example_dags/tutorial_objectstorage.py took 0.179 seconds
[2024-10-01T13:23:29.830+0000] {processor.py:161} INFO - Started process (PID=1043) to work on /home/airflow/.local/lib/python3.8/site-packages/airflow/example_dags/tutorial_objectstorage.py
[2024-10-01T13:23:29.832+0000] {processor.py:830} INFO - Processing file /home/airflow/.local/lib/python3.8/site-packages/airflow/example_dags/tutorial_objectstorage.py for tasks to queue
[2024-10-01T13:23:29.835+0000] {logging_mixin.py:188} INFO - [2024-10-01T13:23:29.835+0000] {dagbag.py:538} INFO - Filling up the DagBag from /home/airflow/.local/lib/python3.8/site-packages/airflow/example_dags/tutorial_objectstorage.py
[2024-10-01T13:23:29.849+0000] {processor.py:840} INFO - DAG(s) 'tutorial_objectstorage' retrieved from /home/airflow/.local/lib/python3.8/site-packages/airflow/example_dags/tutorial_objectstorage.py
[2024-10-01T13:23:29.884+0000] {logging_mixin.py:188} INFO - [2024-10-01T13:23:29.883+0000] {dag.py:3036} INFO - Sync 1 DAGs
[2024-10-01T13:23:29.904+0000] {logging_mixin.py:188} INFO - [2024-10-01T13:23:29.904+0000] {dag.py:3823} INFO - Setting next_dagrun for tutorial_objectstorage to None, run_after=None
[2024-10-01T13:23:29.954+0000] {processor.py:183} INFO - Processing /home/airflow/.local/lib/python3.8/site-packages/airflow/example_dags/tutorial_objectstorage.py took 0.128 seconds
[2024-10-01T13:24:00.303+0000] {processor.py:161} INFO - Started process (PID=1099) to work on /home/airflow/.local/lib/python3.8/site-packages/airflow/example_dags/tutorial_objectstorage.py
[2024-10-01T13:24:00.305+0000] {processor.py:830} INFO - Processing file /home/airflow/.local/lib/python3.8/site-packages/airflow/example_dags/tutorial_objectstorage.py for tasks to queue
[2024-10-01T13:24:00.307+0000] {logging_mixin.py:188} INFO - [2024-10-01T13:24:00.307+0000] {dagbag.py:538} INFO - Filling up the DagBag from /home/airflow/.local/lib/python3.8/site-packages/airflow/example_dags/tutorial_objectstorage.py
[2024-10-01T13:24:00.322+0000] {processor.py:840} INFO - DAG(s) 'tutorial_objectstorage' retrieved from /home/airflow/.local/lib/python3.8/site-packages/airflow/example_dags/tutorial_objectstorage.py
[2024-10-01T13:24:00.359+0000] {logging_mixin.py:188} INFO - [2024-10-01T13:24:00.358+0000] {dag.py:3036} INFO - Sync 1 DAGs
[2024-10-01T13:24:00.375+0000] {logging_mixin.py:188} INFO - [2024-10-01T13:24:00.374+0000] {dag.py:3823} INFO - Setting next_dagrun for tutorial_objectstorage to None, run_after=None
[2024-10-01T13:24:00.434+0000] {processor.py:183} INFO - Processing /home/airflow/.local/lib/python3.8/site-packages/airflow/example_dags/tutorial_objectstorage.py took 0.135 seconds
[2024-10-01T13:24:30.710+0000] {processor.py:161} INFO - Started process (PID=1155) to work on /home/airflow/.local/lib/python3.8/site-packages/airflow/example_dags/tutorial_objectstorage.py
[2024-10-01T13:24:30.712+0000] {processor.py:830} INFO - Processing file /home/airflow/.local/lib/python3.8/site-packages/airflow/example_dags/tutorial_objectstorage.py for tasks to queue
[2024-10-01T13:24:30.714+0000] {logging_mixin.py:188} INFO - [2024-10-01T13:24:30.714+0000] {dagbag.py:538} INFO - Filling up the DagBag from /home/airflow/.local/lib/python3.8/site-packages/airflow/example_dags/tutorial_objectstorage.py
[2024-10-01T13:24:30.726+0000] {processor.py:840} INFO - DAG(s) 'tutorial_objectstorage' retrieved from /home/airflow/.local/lib/python3.8/site-packages/airflow/example_dags/tutorial_objectstorage.py
[2024-10-01T13:24:30.751+0000] {logging_mixin.py:188} INFO - [2024-10-01T13:24:30.750+0000] {dag.py:3036} INFO - Sync 1 DAGs
[2024-10-01T13:24:30.767+0000] {logging_mixin.py:188} INFO - [2024-10-01T13:24:30.766+0000] {dag.py:3823} INFO - Setting next_dagrun for tutorial_objectstorage to None, run_after=None
[2024-10-01T13:24:30.921+0000] {processor.py:183} INFO - Processing /home/airflow/.local/lib/python3.8/site-packages/airflow/example_dags/tutorial_objectstorage.py took 0.214 seconds
[2024-10-01T13:25:00.956+0000] {processor.py:161} INFO - Started process (PID=1211) to work on /home/airflow/.local/lib/python3.8/site-packages/airflow/example_dags/tutorial_objectstorage.py
[2024-10-01T13:25:00.957+0000] {processor.py:830} INFO - Processing file /home/airflow/.local/lib/python3.8/site-packages/airflow/example_dags/tutorial_objectstorage.py for tasks to queue
[2024-10-01T13:25:00.959+0000] {logging_mixin.py:188} INFO - [2024-10-01T13:25:00.959+0000] {dagbag.py:538} INFO - Filling up the DagBag from /home/airflow/.local/lib/python3.8/site-packages/airflow/example_dags/tutorial_objectstorage.py
[2024-10-01T13:25:00.968+0000] {processor.py:840} INFO - DAG(s) 'tutorial_objectstorage' retrieved from /home/airflow/.local/lib/python3.8/site-packages/airflow/example_dags/tutorial_objectstorage.py
[2024-10-01T13:25:00.989+0000] {logging_mixin.py:188} INFO - [2024-10-01T13:25:00.988+0000] {dag.py:3036} INFO - Sync 1 DAGs
[2024-10-01T13:25:01.147+0000] {logging_mixin.py:188} INFO - [2024-10-01T13:25:01.146+0000] {dag.py:3823} INFO - Setting next_dagrun for tutorial_objectstorage to None, run_after=None
[2024-10-01T13:25:01.186+0000] {processor.py:183} INFO - Processing /home/airflow/.local/lib/python3.8/site-packages/airflow/example_dags/tutorial_objectstorage.py took 0.233 seconds
[2024-10-01T13:25:31.260+0000] {processor.py:161} INFO - Started process (PID=1266) to work on /home/airflow/.local/lib/python3.8/site-packages/airflow/example_dags/tutorial_objectstorage.py
[2024-10-01T13:25:31.266+0000] {processor.py:830} INFO - Processing file /home/airflow/.local/lib/python3.8/site-packages/airflow/example_dags/tutorial_objectstorage.py for tasks to queue
[2024-10-01T13:25:31.278+0000] {logging_mixin.py:188} INFO - [2024-10-01T13:25:31.277+0000] {dagbag.py:538} INFO - Filling up the DagBag from /home/airflow/.local/lib/python3.8/site-packages/airflow/example_dags/tutorial_objectstorage.py
[2024-10-01T13:25:31.299+0000] {processor.py:840} INFO - DAG(s) 'tutorial_objectstorage' retrieved from /home/airflow/.local/lib/python3.8/site-packages/airflow/example_dags/tutorial_objectstorage.py
[2024-10-01T13:25:31.355+0000] {logging_mixin.py:188} INFO - [2024-10-01T13:25:31.354+0000] {dag.py:3036} INFO - Sync 1 DAGs
[2024-10-01T13:25:31.456+0000] {logging_mixin.py:188} INFO - [2024-10-01T13:25:31.456+0000] {dag.py:3823} INFO - Setting next_dagrun for tutorial_objectstorage to None, run_after=None
[2024-10-01T13:25:31.620+0000] {processor.py:183} INFO - Processing /home/airflow/.local/lib/python3.8/site-packages/airflow/example_dags/tutorial_objectstorage.py took 0.367 seconds
