[2024-10-01T13:14:56.448+0000] {processor.py:161} INFO - Started process (PID=113) to work on /home/airflow/.local/lib/python3.8/site-packages/airflow/example_dags/tutorial_taskflow_api.py
[2024-10-01T13:14:56.450+0000] {processor.py:830} INFO - Processing file /home/airflow/.local/lib/python3.8/site-packages/airflow/example_dags/tutorial_taskflow_api.py for tasks to queue
[2024-10-01T13:14:56.456+0000] {logging_mixin.py:188} INFO - [2024-10-01T13:14:56.455+0000] {dagbag.py:538} INFO - Filling up the DagBag from /home/airflow/.local/lib/python3.8/site-packages/airflow/example_dags/tutorial_taskflow_api.py
[2024-10-01T13:14:56.474+0000] {processor.py:840} INFO - DAG(s) 'tutorial_taskflow_api' retrieved from /home/airflow/.local/lib/python3.8/site-packages/airflow/example_dags/tutorial_taskflow_api.py
[2024-10-01T13:14:56.708+0000] {logging_mixin.py:188} INFO - [2024-10-01T13:14:56.707+0000] {dag.py:3036} INFO - Sync 1 DAGs
[2024-10-01T13:14:56.739+0000] {logging_mixin.py:188} INFO - [2024-10-01T13:14:56.739+0000] {dag.py:3823} INFO - Setting next_dagrun for tutorial_taskflow_api to None, run_after=None
[2024-10-01T13:14:56.807+0000] {processor.py:183} INFO - Processing /home/airflow/.local/lib/python3.8/site-packages/airflow/example_dags/tutorial_taskflow_api.py took 0.366 seconds
[2024-10-01T13:15:27.664+0000] {processor.py:161} INFO - Started process (PID=169) to work on /home/airflow/.local/lib/python3.8/site-packages/airflow/example_dags/tutorial_taskflow_api.py
[2024-10-01T13:15:27.665+0000] {processor.py:830} INFO - Processing file /home/airflow/.local/lib/python3.8/site-packages/airflow/example_dags/tutorial_taskflow_api.py for tasks to queue
[2024-10-01T13:15:27.667+0000] {logging_mixin.py:188} INFO - [2024-10-01T13:15:27.667+0000] {dagbag.py:538} INFO - Filling up the DagBag from /home/airflow/.local/lib/python3.8/site-packages/airflow/example_dags/tutorial_taskflow_api.py
[2024-10-01T13:15:27.673+0000] {processor.py:840} INFO - DAG(s) 'tutorial_taskflow_api' retrieved from /home/airflow/.local/lib/python3.8/site-packages/airflow/example_dags/tutorial_taskflow_api.py
[2024-10-01T13:15:27.697+0000] {logging_mixin.py:188} INFO - [2024-10-01T13:15:27.697+0000] {dag.py:3036} INFO - Sync 1 DAGs
[2024-10-01T13:15:27.710+0000] {logging_mixin.py:188} INFO - [2024-10-01T13:15:27.710+0000] {dag.py:3823} INFO - Setting next_dagrun for tutorial_taskflow_api to None, run_after=None
[2024-10-01T13:15:27.800+0000] {processor.py:183} INFO - Processing /home/airflow/.local/lib/python3.8/site-packages/airflow/example_dags/tutorial_taskflow_api.py took 0.140 seconds
[2024-10-01T13:15:58.714+0000] {processor.py:161} INFO - Started process (PID=225) to work on /home/airflow/.local/lib/python3.8/site-packages/airflow/example_dags/tutorial_taskflow_api.py
[2024-10-01T13:15:58.715+0000] {processor.py:830} INFO - Processing file /home/airflow/.local/lib/python3.8/site-packages/airflow/example_dags/tutorial_taskflow_api.py for tasks to queue
[2024-10-01T13:15:58.717+0000] {logging_mixin.py:188} INFO - [2024-10-01T13:15:58.717+0000] {dagbag.py:538} INFO - Filling up the DagBag from /home/airflow/.local/lib/python3.8/site-packages/airflow/example_dags/tutorial_taskflow_api.py
[2024-10-01T13:15:58.724+0000] {processor.py:840} INFO - DAG(s) 'tutorial_taskflow_api' retrieved from /home/airflow/.local/lib/python3.8/site-packages/airflow/example_dags/tutorial_taskflow_api.py
[2024-10-01T13:15:58.744+0000] {logging_mixin.py:188} INFO - [2024-10-01T13:15:58.744+0000] {dag.py:3036} INFO - Sync 1 DAGs
[2024-10-01T13:15:58.759+0000] {logging_mixin.py:188} INFO - [2024-10-01T13:15:58.759+0000] {dag.py:3823} INFO - Setting next_dagrun for tutorial_taskflow_api to None, run_after=None
[2024-10-01T13:15:58.837+0000] {processor.py:183} INFO - Processing /home/airflow/.local/lib/python3.8/site-packages/airflow/example_dags/tutorial_taskflow_api.py took 0.126 seconds
[2024-10-01T13:16:29.377+0000] {processor.py:161} INFO - Started process (PID=282) to work on /home/airflow/.local/lib/python3.8/site-packages/airflow/example_dags/tutorial_taskflow_api.py
[2024-10-01T13:16:29.378+0000] {processor.py:830} INFO - Processing file /home/airflow/.local/lib/python3.8/site-packages/airflow/example_dags/tutorial_taskflow_api.py for tasks to queue
[2024-10-01T13:16:29.392+0000] {logging_mixin.py:188} INFO - [2024-10-01T13:16:29.391+0000] {dagbag.py:538} INFO - Filling up the DagBag from /home/airflow/.local/lib/python3.8/site-packages/airflow/example_dags/tutorial_taskflow_api.py
[2024-10-01T13:16:29.400+0000] {processor.py:840} INFO - DAG(s) 'tutorial_taskflow_api' retrieved from /home/airflow/.local/lib/python3.8/site-packages/airflow/example_dags/tutorial_taskflow_api.py
[2024-10-01T13:16:29.429+0000] {logging_mixin.py:188} INFO - [2024-10-01T13:16:29.429+0000] {dag.py:3036} INFO - Sync 1 DAGs
[2024-10-01T13:16:29.449+0000] {logging_mixin.py:188} INFO - [2024-10-01T13:16:29.448+0000] {dag.py:3823} INFO - Setting next_dagrun for tutorial_taskflow_api to None, run_after=None
[2024-10-01T13:16:29.490+0000] {processor.py:183} INFO - Processing /home/airflow/.local/lib/python3.8/site-packages/airflow/example_dags/tutorial_taskflow_api.py took 0.117 seconds
[2024-10-01T13:17:01.295+0000] {processor.py:161} INFO - Started process (PID=338) to work on /home/airflow/.local/lib/python3.8/site-packages/airflow/example_dags/tutorial_taskflow_api.py
[2024-10-01T13:17:01.296+0000] {processor.py:830} INFO - Processing file /home/airflow/.local/lib/python3.8/site-packages/airflow/example_dags/tutorial_taskflow_api.py for tasks to queue
[2024-10-01T13:17:01.298+0000] {logging_mixin.py:188} INFO - [2024-10-01T13:17:01.298+0000] {dagbag.py:538} INFO - Filling up the DagBag from /home/airflow/.local/lib/python3.8/site-packages/airflow/example_dags/tutorial_taskflow_api.py
[2024-10-01T13:17:01.310+0000] {processor.py:840} INFO - DAG(s) 'tutorial_taskflow_api' retrieved from /home/airflow/.local/lib/python3.8/site-packages/airflow/example_dags/tutorial_taskflow_api.py
[2024-10-01T13:17:01.339+0000] {logging_mixin.py:188} INFO - [2024-10-01T13:17:01.338+0000] {dag.py:3036} INFO - Sync 1 DAGs
[2024-10-01T13:17:01.359+0000] {logging_mixin.py:188} INFO - [2024-10-01T13:17:01.358+0000] {dag.py:3823} INFO - Setting next_dagrun for tutorial_taskflow_api to None, run_after=None
[2024-10-01T13:17:01.433+0000] {processor.py:183} INFO - Processing /home/airflow/.local/lib/python3.8/site-packages/airflow/example_dags/tutorial_taskflow_api.py took 0.141 seconds
[2024-10-01T13:17:32.198+0000] {processor.py:161} INFO - Started process (PID=395) to work on /home/airflow/.local/lib/python3.8/site-packages/airflow/example_dags/tutorial_taskflow_api.py
[2024-10-01T13:17:32.200+0000] {processor.py:830} INFO - Processing file /home/airflow/.local/lib/python3.8/site-packages/airflow/example_dags/tutorial_taskflow_api.py for tasks to queue
[2024-10-01T13:17:32.202+0000] {logging_mixin.py:188} INFO - [2024-10-01T13:17:32.202+0000] {dagbag.py:538} INFO - Filling up the DagBag from /home/airflow/.local/lib/python3.8/site-packages/airflow/example_dags/tutorial_taskflow_api.py
[2024-10-01T13:17:32.212+0000] {processor.py:840} INFO - DAG(s) 'tutorial_taskflow_api' retrieved from /home/airflow/.local/lib/python3.8/site-packages/airflow/example_dags/tutorial_taskflow_api.py
[2024-10-01T13:17:32.241+0000] {logging_mixin.py:188} INFO - [2024-10-01T13:17:32.241+0000] {dag.py:3036} INFO - Sync 1 DAGs
[2024-10-01T13:17:32.262+0000] {logging_mixin.py:188} INFO - [2024-10-01T13:17:32.262+0000] {dag.py:3823} INFO - Setting next_dagrun for tutorial_taskflow_api to None, run_after=None
[2024-10-01T13:17:32.300+0000] {processor.py:183} INFO - Processing /home/airflow/.local/lib/python3.8/site-packages/airflow/example_dags/tutorial_taskflow_api.py took 0.107 seconds
[2024-10-01T13:18:02.478+0000] {processor.py:161} INFO - Started process (PID=451) to work on /home/airflow/.local/lib/python3.8/site-packages/airflow/example_dags/tutorial_taskflow_api.py
[2024-10-01T13:18:02.480+0000] {processor.py:830} INFO - Processing file /home/airflow/.local/lib/python3.8/site-packages/airflow/example_dags/tutorial_taskflow_api.py for tasks to queue
[2024-10-01T13:18:02.482+0000] {logging_mixin.py:188} INFO - [2024-10-01T13:18:02.482+0000] {dagbag.py:538} INFO - Filling up the DagBag from /home/airflow/.local/lib/python3.8/site-packages/airflow/example_dags/tutorial_taskflow_api.py
[2024-10-01T13:18:02.493+0000] {processor.py:840} INFO - DAG(s) 'tutorial_taskflow_api' retrieved from /home/airflow/.local/lib/python3.8/site-packages/airflow/example_dags/tutorial_taskflow_api.py
[2024-10-01T13:18:02.520+0000] {logging_mixin.py:188} INFO - [2024-10-01T13:18:02.519+0000] {dag.py:3036} INFO - Sync 1 DAGs
[2024-10-01T13:18:02.538+0000] {logging_mixin.py:188} INFO - [2024-10-01T13:18:02.538+0000] {dag.py:3823} INFO - Setting next_dagrun for tutorial_taskflow_api to None, run_after=None
[2024-10-01T13:18:02.575+0000] {processor.py:183} INFO - Processing /home/airflow/.local/lib/python3.8/site-packages/airflow/example_dags/tutorial_taskflow_api.py took 0.100 seconds
[2024-10-01T13:18:33.598+0000] {processor.py:161} INFO - Started process (PID=509) to work on /home/airflow/.local/lib/python3.8/site-packages/airflow/example_dags/tutorial_taskflow_api.py
[2024-10-01T13:18:33.599+0000] {processor.py:830} INFO - Processing file /home/airflow/.local/lib/python3.8/site-packages/airflow/example_dags/tutorial_taskflow_api.py for tasks to queue
[2024-10-01T13:18:33.602+0000] {logging_mixin.py:188} INFO - [2024-10-01T13:18:33.602+0000] {dagbag.py:538} INFO - Filling up the DagBag from /home/airflow/.local/lib/python3.8/site-packages/airflow/example_dags/tutorial_taskflow_api.py
[2024-10-01T13:18:33.612+0000] {processor.py:840} INFO - DAG(s) 'tutorial_taskflow_api' retrieved from /home/airflow/.local/lib/python3.8/site-packages/airflow/example_dags/tutorial_taskflow_api.py
[2024-10-01T13:18:33.644+0000] {logging_mixin.py:188} INFO - [2024-10-01T13:18:33.644+0000] {dag.py:3036} INFO - Sync 1 DAGs
[2024-10-01T13:18:33.669+0000] {logging_mixin.py:188} INFO - [2024-10-01T13:18:33.668+0000] {dag.py:3823} INFO - Setting next_dagrun for tutorial_taskflow_api to None, run_after=None
[2024-10-01T13:18:33.707+0000] {processor.py:183} INFO - Processing /home/airflow/.local/lib/python3.8/site-packages/airflow/example_dags/tutorial_taskflow_api.py took 0.114 seconds
[2024-10-01T13:19:03.977+0000] {processor.py:161} INFO - Started process (PID=565) to work on /home/airflow/.local/lib/python3.8/site-packages/airflow/example_dags/tutorial_taskflow_api.py
[2024-10-01T13:19:03.978+0000] {processor.py:830} INFO - Processing file /home/airflow/.local/lib/python3.8/site-packages/airflow/example_dags/tutorial_taskflow_api.py for tasks to queue
[2024-10-01T13:19:03.981+0000] {logging_mixin.py:188} INFO - [2024-10-01T13:19:03.980+0000] {dagbag.py:538} INFO - Filling up the DagBag from /home/airflow/.local/lib/python3.8/site-packages/airflow/example_dags/tutorial_taskflow_api.py
[2024-10-01T13:19:03.991+0000] {processor.py:840} INFO - DAG(s) 'tutorial_taskflow_api' retrieved from /home/airflow/.local/lib/python3.8/site-packages/airflow/example_dags/tutorial_taskflow_api.py
[2024-10-01T13:19:04.017+0000] {logging_mixin.py:188} INFO - [2024-10-01T13:19:04.017+0000] {dag.py:3036} INFO - Sync 1 DAGs
[2024-10-01T13:19:04.036+0000] {logging_mixin.py:188} INFO - [2024-10-01T13:19:04.036+0000] {dag.py:3823} INFO - Setting next_dagrun for tutorial_taskflow_api to None, run_after=None
[2024-10-01T13:19:04.074+0000] {processor.py:183} INFO - Processing /home/airflow/.local/lib/python3.8/site-packages/airflow/example_dags/tutorial_taskflow_api.py took 0.101 seconds
[2024-10-01T13:19:34.933+0000] {processor.py:161} INFO - Started process (PID=621) to work on /home/airflow/.local/lib/python3.8/site-packages/airflow/example_dags/tutorial_taskflow_api.py
[2024-10-01T13:19:34.935+0000] {processor.py:830} INFO - Processing file /home/airflow/.local/lib/python3.8/site-packages/airflow/example_dags/tutorial_taskflow_api.py for tasks to queue
[2024-10-01T13:19:34.937+0000] {logging_mixin.py:188} INFO - [2024-10-01T13:19:34.937+0000] {dagbag.py:538} INFO - Filling up the DagBag from /home/airflow/.local/lib/python3.8/site-packages/airflow/example_dags/tutorial_taskflow_api.py
[2024-10-01T13:19:34.944+0000] {processor.py:840} INFO - DAG(s) 'tutorial_taskflow_api' retrieved from /home/airflow/.local/lib/python3.8/site-packages/airflow/example_dags/tutorial_taskflow_api.py
[2024-10-01T13:19:34.980+0000] {logging_mixin.py:188} INFO - [2024-10-01T13:19:34.980+0000] {dag.py:3036} INFO - Sync 1 DAGs
[2024-10-01T13:19:35.006+0000] {logging_mixin.py:188} INFO - [2024-10-01T13:19:35.006+0000] {dag.py:3823} INFO - Setting next_dagrun for tutorial_taskflow_api to None, run_after=None
[2024-10-01T13:19:35.098+0000] {processor.py:183} INFO - Processing /home/airflow/.local/lib/python3.8/site-packages/airflow/example_dags/tutorial_taskflow_api.py took 0.169 seconds
[2024-10-01T13:20:05.985+0000] {processor.py:161} INFO - Started process (PID=683) to work on /home/airflow/.local/lib/python3.8/site-packages/airflow/example_dags/tutorial_taskflow_api.py
[2024-10-01T13:20:05.986+0000] {processor.py:830} INFO - Processing file /home/airflow/.local/lib/python3.8/site-packages/airflow/example_dags/tutorial_taskflow_api.py for tasks to queue
[2024-10-01T13:20:05.988+0000] {logging_mixin.py:188} INFO - [2024-10-01T13:20:05.988+0000] {dagbag.py:538} INFO - Filling up the DagBag from /home/airflow/.local/lib/python3.8/site-packages/airflow/example_dags/tutorial_taskflow_api.py
[2024-10-01T13:20:05.994+0000] {processor.py:840} INFO - DAG(s) 'tutorial_taskflow_api' retrieved from /home/airflow/.local/lib/python3.8/site-packages/airflow/example_dags/tutorial_taskflow_api.py
[2024-10-01T13:20:06.118+0000] {logging_mixin.py:188} INFO - [2024-10-01T13:20:06.117+0000] {dag.py:3036} INFO - Sync 1 DAGs
[2024-10-01T13:20:06.133+0000] {logging_mixin.py:188} INFO - [2024-10-01T13:20:06.132+0000] {dag.py:3823} INFO - Setting next_dagrun for tutorial_taskflow_api to None, run_after=None
[2024-10-01T13:20:06.172+0000] {processor.py:183} INFO - Processing /home/airflow/.local/lib/python3.8/site-packages/airflow/example_dags/tutorial_taskflow_api.py took 0.190 seconds
[2024-10-01T13:20:36.412+0000] {processor.py:161} INFO - Started process (PID=739) to work on /home/airflow/.local/lib/python3.8/site-packages/airflow/example_dags/tutorial_taskflow_api.py
[2024-10-01T13:20:36.414+0000] {processor.py:830} INFO - Processing file /home/airflow/.local/lib/python3.8/site-packages/airflow/example_dags/tutorial_taskflow_api.py for tasks to queue
[2024-10-01T13:20:36.416+0000] {logging_mixin.py:188} INFO - [2024-10-01T13:20:36.416+0000] {dagbag.py:538} INFO - Filling up the DagBag from /home/airflow/.local/lib/python3.8/site-packages/airflow/example_dags/tutorial_taskflow_api.py
[2024-10-01T13:20:36.426+0000] {processor.py:840} INFO - DAG(s) 'tutorial_taskflow_api' retrieved from /home/airflow/.local/lib/python3.8/site-packages/airflow/example_dags/tutorial_taskflow_api.py
[2024-10-01T13:20:36.454+0000] {logging_mixin.py:188} INFO - [2024-10-01T13:20:36.454+0000] {dag.py:3036} INFO - Sync 1 DAGs
[2024-10-01T13:20:36.477+0000] {logging_mixin.py:188} INFO - [2024-10-01T13:20:36.476+0000] {dag.py:3823} INFO - Setting next_dagrun for tutorial_taskflow_api to None, run_after=None
[2024-10-01T13:20:36.547+0000] {processor.py:183} INFO - Processing /home/airflow/.local/lib/python3.8/site-packages/airflow/example_dags/tutorial_taskflow_api.py took 0.139 seconds
[2024-10-01T13:21:06.806+0000] {processor.py:161} INFO - Started process (PID=795) to work on /home/airflow/.local/lib/python3.8/site-packages/airflow/example_dags/tutorial_taskflow_api.py
[2024-10-01T13:21:06.807+0000] {processor.py:830} INFO - Processing file /home/airflow/.local/lib/python3.8/site-packages/airflow/example_dags/tutorial_taskflow_api.py for tasks to queue
[2024-10-01T13:21:06.810+0000] {logging_mixin.py:188} INFO - [2024-10-01T13:21:06.809+0000] {dagbag.py:538} INFO - Filling up the DagBag from /home/airflow/.local/lib/python3.8/site-packages/airflow/example_dags/tutorial_taskflow_api.py
[2024-10-01T13:21:06.817+0000] {processor.py:840} INFO - DAG(s) 'tutorial_taskflow_api' retrieved from /home/airflow/.local/lib/python3.8/site-packages/airflow/example_dags/tutorial_taskflow_api.py
[2024-10-01T13:21:06.841+0000] {logging_mixin.py:188} INFO - [2024-10-01T13:21:06.841+0000] {dag.py:3036} INFO - Sync 1 DAGs
[2024-10-01T13:21:06.855+0000] {logging_mixin.py:188} INFO - [2024-10-01T13:21:06.855+0000] {dag.py:3823} INFO - Setting next_dagrun for tutorial_taskflow_api to None, run_after=None
[2024-10-01T13:21:06.889+0000] {processor.py:183} INFO - Processing /home/airflow/.local/lib/python3.8/site-packages/airflow/example_dags/tutorial_taskflow_api.py took 0.087 seconds
[2024-10-01T13:21:37.444+0000] {processor.py:161} INFO - Started process (PID=851) to work on /home/airflow/.local/lib/python3.8/site-packages/airflow/example_dags/tutorial_taskflow_api.py
[2024-10-01T13:21:37.445+0000] {processor.py:830} INFO - Processing file /home/airflow/.local/lib/python3.8/site-packages/airflow/example_dags/tutorial_taskflow_api.py for tasks to queue
[2024-10-01T13:21:37.447+0000] {logging_mixin.py:188} INFO - [2024-10-01T13:21:37.447+0000] {dagbag.py:538} INFO - Filling up the DagBag from /home/airflow/.local/lib/python3.8/site-packages/airflow/example_dags/tutorial_taskflow_api.py
[2024-10-01T13:21:37.458+0000] {processor.py:840} INFO - DAG(s) 'tutorial_taskflow_api' retrieved from /home/airflow/.local/lib/python3.8/site-packages/airflow/example_dags/tutorial_taskflow_api.py
[2024-10-01T13:21:37.483+0000] {logging_mixin.py:188} INFO - [2024-10-01T13:21:37.483+0000] {dag.py:3036} INFO - Sync 1 DAGs
[2024-10-01T13:21:37.502+0000] {logging_mixin.py:188} INFO - [2024-10-01T13:21:37.502+0000] {dag.py:3823} INFO - Setting next_dagrun for tutorial_taskflow_api to None, run_after=None
[2024-10-01T13:21:37.584+0000] {processor.py:183} INFO - Processing /home/airflow/.local/lib/python3.8/site-packages/airflow/example_dags/tutorial_taskflow_api.py took 0.145 seconds
[2024-10-01T13:22:08.143+0000] {processor.py:161} INFO - Started process (PID=907) to work on /home/airflow/.local/lib/python3.8/site-packages/airflow/example_dags/tutorial_taskflow_api.py
[2024-10-01T13:22:08.145+0000] {processor.py:830} INFO - Processing file /home/airflow/.local/lib/python3.8/site-packages/airflow/example_dags/tutorial_taskflow_api.py for tasks to queue
[2024-10-01T13:22:08.147+0000] {logging_mixin.py:188} INFO - [2024-10-01T13:22:08.146+0000] {dagbag.py:538} INFO - Filling up the DagBag from /home/airflow/.local/lib/python3.8/site-packages/airflow/example_dags/tutorial_taskflow_api.py
[2024-10-01T13:22:08.155+0000] {processor.py:840} INFO - DAG(s) 'tutorial_taskflow_api' retrieved from /home/airflow/.local/lib/python3.8/site-packages/airflow/example_dags/tutorial_taskflow_api.py
[2024-10-01T13:22:08.177+0000] {logging_mixin.py:188} INFO - [2024-10-01T13:22:08.176+0000] {dag.py:3036} INFO - Sync 1 DAGs
[2024-10-01T13:22:08.192+0000] {logging_mixin.py:188} INFO - [2024-10-01T13:22:08.192+0000] {dag.py:3823} INFO - Setting next_dagrun for tutorial_taskflow_api to None, run_after=None
[2024-10-01T13:22:08.345+0000] {processor.py:183} INFO - Processing /home/airflow/.local/lib/python3.8/site-packages/airflow/example_dags/tutorial_taskflow_api.py took 0.205 seconds
[2024-10-01T13:22:43.758+0000] {processor.py:161} INFO - Started process (PID=968) to work on /home/airflow/.local/lib/python3.8/site-packages/airflow/example_dags/tutorial_taskflow_api.py
[2024-10-01T13:22:43.760+0000] {processor.py:830} INFO - Processing file /home/airflow/.local/lib/python3.8/site-packages/airflow/example_dags/tutorial_taskflow_api.py for tasks to queue
[2024-10-01T13:22:43.767+0000] {logging_mixin.py:188} INFO - [2024-10-01T13:22:43.766+0000] {dagbag.py:538} INFO - Filling up the DagBag from /home/airflow/.local/lib/python3.8/site-packages/airflow/example_dags/tutorial_taskflow_api.py
[2024-10-01T13:22:43.805+0000] {processor.py:840} INFO - DAG(s) 'tutorial_taskflow_api' retrieved from /home/airflow/.local/lib/python3.8/site-packages/airflow/example_dags/tutorial_taskflow_api.py
[2024-10-01T13:22:43.909+0000] {logging_mixin.py:188} INFO - [2024-10-01T13:22:43.909+0000] {dag.py:3036} INFO - Sync 1 DAGs
[2024-10-01T13:22:43.959+0000] {logging_mixin.py:188} INFO - [2024-10-01T13:22:43.957+0000] {dag.py:3823} INFO - Setting next_dagrun for tutorial_taskflow_api to None, run_after=None
[2024-10-01T13:22:44.307+0000] {processor.py:183} INFO - Processing /home/airflow/.local/lib/python3.8/site-packages/airflow/example_dags/tutorial_taskflow_api.py took 0.561 seconds
[2024-10-01T13:23:14.695+0000] {processor.py:161} INFO - Started process (PID=1024) to work on /home/airflow/.local/lib/python3.8/site-packages/airflow/example_dags/tutorial_taskflow_api.py
[2024-10-01T13:23:14.697+0000] {processor.py:830} INFO - Processing file /home/airflow/.local/lib/python3.8/site-packages/airflow/example_dags/tutorial_taskflow_api.py for tasks to queue
[2024-10-01T13:23:14.699+0000] {logging_mixin.py:188} INFO - [2024-10-01T13:23:14.699+0000] {dagbag.py:538} INFO - Filling up the DagBag from /home/airflow/.local/lib/python3.8/site-packages/airflow/example_dags/tutorial_taskflow_api.py
[2024-10-01T13:23:14.707+0000] {processor.py:840} INFO - DAG(s) 'tutorial_taskflow_api' retrieved from /home/airflow/.local/lib/python3.8/site-packages/airflow/example_dags/tutorial_taskflow_api.py
[2024-10-01T13:23:14.734+0000] {logging_mixin.py:188} INFO - [2024-10-01T13:23:14.734+0000] {dag.py:3036} INFO - Sync 1 DAGs
[2024-10-01T13:23:14.753+0000] {logging_mixin.py:188} INFO - [2024-10-01T13:23:14.753+0000] {dag.py:3823} INFO - Setting next_dagrun for tutorial_taskflow_api to None, run_after=None
[2024-10-01T13:23:14.842+0000] {processor.py:183} INFO - Processing /home/airflow/.local/lib/python3.8/site-packages/airflow/example_dags/tutorial_taskflow_api.py took 0.150 seconds
[2024-10-01T13:23:45.738+0000] {processor.py:161} INFO - Started process (PID=1080) to work on /home/airflow/.local/lib/python3.8/site-packages/airflow/example_dags/tutorial_taskflow_api.py
[2024-10-01T13:23:45.743+0000] {processor.py:830} INFO - Processing file /home/airflow/.local/lib/python3.8/site-packages/airflow/example_dags/tutorial_taskflow_api.py for tasks to queue
[2024-10-01T13:23:45.747+0000] {logging_mixin.py:188} INFO - [2024-10-01T13:23:45.746+0000] {dagbag.py:538} INFO - Filling up the DagBag from /home/airflow/.local/lib/python3.8/site-packages/airflow/example_dags/tutorial_taskflow_api.py
[2024-10-01T13:23:45.757+0000] {processor.py:840} INFO - DAG(s) 'tutorial_taskflow_api' retrieved from /home/airflow/.local/lib/python3.8/site-packages/airflow/example_dags/tutorial_taskflow_api.py
[2024-10-01T13:23:45.801+0000] {logging_mixin.py:188} INFO - [2024-10-01T13:23:45.800+0000] {dag.py:3036} INFO - Sync 1 DAGs
[2024-10-01T13:23:45.828+0000] {logging_mixin.py:188} INFO - [2024-10-01T13:23:45.828+0000] {dag.py:3823} INFO - Setting next_dagrun for tutorial_taskflow_api to None, run_after=None
[2024-10-01T13:23:45.987+0000] {processor.py:183} INFO - Processing /home/airflow/.local/lib/python3.8/site-packages/airflow/example_dags/tutorial_taskflow_api.py took 0.258 seconds
[2024-10-01T13:24:16.595+0000] {processor.py:161} INFO - Started process (PID=1136) to work on /home/airflow/.local/lib/python3.8/site-packages/airflow/example_dags/tutorial_taskflow_api.py
[2024-10-01T13:24:16.597+0000] {processor.py:830} INFO - Processing file /home/airflow/.local/lib/python3.8/site-packages/airflow/example_dags/tutorial_taskflow_api.py for tasks to queue
[2024-10-01T13:24:16.600+0000] {logging_mixin.py:188} INFO - [2024-10-01T13:24:16.599+0000] {dagbag.py:538} INFO - Filling up the DagBag from /home/airflow/.local/lib/python3.8/site-packages/airflow/example_dags/tutorial_taskflow_api.py
[2024-10-01T13:24:16.608+0000] {processor.py:840} INFO - DAG(s) 'tutorial_taskflow_api' retrieved from /home/airflow/.local/lib/python3.8/site-packages/airflow/example_dags/tutorial_taskflow_api.py
[2024-10-01T13:24:16.639+0000] {logging_mixin.py:188} INFO - [2024-10-01T13:24:16.639+0000] {dag.py:3036} INFO - Sync 1 DAGs
[2024-10-01T13:24:16.659+0000] {logging_mixin.py:188} INFO - [2024-10-01T13:24:16.658+0000] {dag.py:3823} INFO - Setting next_dagrun for tutorial_taskflow_api to None, run_after=None
[2024-10-01T13:24:16.697+0000] {processor.py:183} INFO - Processing /home/airflow/.local/lib/python3.8/site-packages/airflow/example_dags/tutorial_taskflow_api.py took 0.109 seconds
[2024-10-01T13:24:47.929+0000] {processor.py:161} INFO - Started process (PID=1192) to work on /home/airflow/.local/lib/python3.8/site-packages/airflow/example_dags/tutorial_taskflow_api.py
[2024-10-01T13:24:47.931+0000] {processor.py:830} INFO - Processing file /home/airflow/.local/lib/python3.8/site-packages/airflow/example_dags/tutorial_taskflow_api.py for tasks to queue
[2024-10-01T13:24:47.937+0000] {logging_mixin.py:188} INFO - [2024-10-01T13:24:47.935+0000] {dagbag.py:538} INFO - Filling up the DagBag from /home/airflow/.local/lib/python3.8/site-packages/airflow/example_dags/tutorial_taskflow_api.py
[2024-10-01T13:24:47.956+0000] {processor.py:840} INFO - DAG(s) 'tutorial_taskflow_api' retrieved from /home/airflow/.local/lib/python3.8/site-packages/airflow/example_dags/tutorial_taskflow_api.py
[2024-10-01T13:24:48.022+0000] {logging_mixin.py:188} INFO - [2024-10-01T13:24:48.022+0000] {dag.py:3036} INFO - Sync 1 DAGs
[2024-10-01T13:24:48.099+0000] {logging_mixin.py:188} INFO - [2024-10-01T13:24:48.098+0000] {dag.py:3823} INFO - Setting next_dagrun for tutorial_taskflow_api to None, run_after=None
[2024-10-01T13:24:48.421+0000] {processor.py:183} INFO - Processing /home/airflow/.local/lib/python3.8/site-packages/airflow/example_dags/tutorial_taskflow_api.py took 0.503 seconds
[2024-10-01T13:25:18.565+0000] {processor.py:161} INFO - Started process (PID=1247) to work on /home/airflow/.local/lib/python3.8/site-packages/airflow/example_dags/tutorial_taskflow_api.py
[2024-10-01T13:25:18.568+0000] {processor.py:830} INFO - Processing file /home/airflow/.local/lib/python3.8/site-packages/airflow/example_dags/tutorial_taskflow_api.py for tasks to queue
[2024-10-01T13:25:18.572+0000] {logging_mixin.py:188} INFO - [2024-10-01T13:25:18.572+0000] {dagbag.py:538} INFO - Filling up the DagBag from /home/airflow/.local/lib/python3.8/site-packages/airflow/example_dags/tutorial_taskflow_api.py
[2024-10-01T13:25:18.582+0000] {processor.py:840} INFO - DAG(s) 'tutorial_taskflow_api' retrieved from /home/airflow/.local/lib/python3.8/site-packages/airflow/example_dags/tutorial_taskflow_api.py
[2024-10-01T13:25:18.620+0000] {logging_mixin.py:188} INFO - [2024-10-01T13:25:18.619+0000] {dag.py:3036} INFO - Sync 1 DAGs
[2024-10-01T13:25:18.645+0000] {logging_mixin.py:188} INFO - [2024-10-01T13:25:18.644+0000] {dag.py:3823} INFO - Setting next_dagrun for tutorial_taskflow_api to None, run_after=None
[2024-10-01T13:25:18.728+0000] {processor.py:183} INFO - Processing /home/airflow/.local/lib/python3.8/site-packages/airflow/example_dags/tutorial_taskflow_api.py took 0.170 seconds
[2024-10-01T13:25:49.076+0000] {processor.py:161} INFO - Started process (PID=1303) to work on /home/airflow/.local/lib/python3.8/site-packages/airflow/example_dags/tutorial_taskflow_api.py
[2024-10-01T13:25:49.084+0000] {processor.py:830} INFO - Processing file /home/airflow/.local/lib/python3.8/site-packages/airflow/example_dags/tutorial_taskflow_api.py for tasks to queue
[2024-10-01T13:25:49.097+0000] {logging_mixin.py:188} INFO - [2024-10-01T13:25:49.097+0000] {dagbag.py:538} INFO - Filling up the DagBag from /home/airflow/.local/lib/python3.8/site-packages/airflow/example_dags/tutorial_taskflow_api.py
[2024-10-01T13:25:49.123+0000] {processor.py:840} INFO - DAG(s) 'tutorial_taskflow_api' retrieved from /home/airflow/.local/lib/python3.8/site-packages/airflow/example_dags/tutorial_taskflow_api.py
[2024-10-01T13:25:49.242+0000] {logging_mixin.py:188} INFO - [2024-10-01T13:25:49.241+0000] {dag.py:3036} INFO - Sync 1 DAGs
[2024-10-01T13:25:49.391+0000] {logging_mixin.py:188} INFO - [2024-10-01T13:25:49.390+0000] {dag.py:3823} INFO - Setting next_dagrun for tutorial_taskflow_api to None, run_after=None
[2024-10-01T13:25:49.597+0000] {processor.py:183} INFO - Processing /home/airflow/.local/lib/python3.8/site-packages/airflow/example_dags/tutorial_taskflow_api.py took 0.536 seconds
