[2024-10-03T13:10:22.404+0000] {processor.py:186} INFO - Started process (PID=122) to work on /home/airflow/.local/lib/python3.12/site-packages/airflow/example_dags/example_dataset_alias.py
[2024-10-03T13:10:22.405+0000] {processor.py:914} INFO - Processing file /home/airflow/.local/lib/python3.12/site-packages/airflow/example_dags/example_dataset_alias.py for tasks to queue
[2024-10-03T13:10:22.408+0000] {logging_mixin.py:190} INFO - [2024-10-03T13:10:22.407+0000] {dagbag.py:587} INFO - Filling up the DagBag from /home/airflow/.local/lib/python3.12/site-packages/airflow/example_dags/example_dataset_alias.py
[2024-10-03T13:10:22.900+0000] {processor.py:925} INFO - DAG(s) 'dataset_alias_example_alias_consumer', 'dataset_s3_bucket_producer', 'dataset_s3_bucket_consumer', 'dataset_alias_example_alias_producer' retrieved from /home/airflow/.local/lib/python3.12/site-packages/airflow/example_dags/example_dataset_alias.py
[2024-10-03T13:10:22.947+0000] {logging_mixin.py:190} INFO - [2024-10-03T13:10:22.946+0000] {dag.py:3229} INFO - Sync 4 DAGs
[2024-10-03T13:10:22.996+0000] {logging_mixin.py:190} INFO - [2024-10-03T13:10:22.995+0000] {dag.py:4156} INFO - Setting next_dagrun for dataset_alias_example_alias_consumer to None, run_after=None
[2024-10-03T13:10:23.001+0000] {logging_mixin.py:190} INFO - [2024-10-03T13:10:23.000+0000] {dag.py:4156} INFO - Setting next_dagrun for dataset_alias_example_alias_producer to None, run_after=None
[2024-10-03T13:10:23.003+0000] {logging_mixin.py:190} INFO - [2024-10-03T13:10:23.003+0000] {dag.py:4156} INFO - Setting next_dagrun for dataset_s3_bucket_consumer to None, run_after=None
[2024-10-03T13:10:23.005+0000] {logging_mixin.py:190} INFO - [2024-10-03T13:10:23.005+0000] {dag.py:4156} INFO - Setting next_dagrun for dataset_s3_bucket_producer to None, run_after=None
[2024-10-03T13:10:23.151+0000] {processor.py:208} INFO - Processing /home/airflow/.local/lib/python3.12/site-packages/airflow/example_dags/example_dataset_alias.py took 0.754 seconds
[2024-10-03T13:10:53.248+0000] {processor.py:186} INFO - Started process (PID=185) to work on /home/airflow/.local/lib/python3.12/site-packages/airflow/example_dags/example_dataset_alias.py
[2024-10-03T13:10:53.303+0000] {processor.py:914} INFO - Processing file /home/airflow/.local/lib/python3.12/site-packages/airflow/example_dags/example_dataset_alias.py for tasks to queue
[2024-10-03T13:10:53.306+0000] {logging_mixin.py:190} INFO - [2024-10-03T13:10:53.305+0000] {dagbag.py:587} INFO - Filling up the DagBag from /home/airflow/.local/lib/python3.12/site-packages/airflow/example_dags/example_dataset_alias.py
[2024-10-03T13:10:53.489+0000] {processor.py:925} INFO - DAG(s) 'dataset_alias_example_alias_producer', 'dataset_alias_example_alias_consumer', 'dataset_s3_bucket_producer', 'dataset_s3_bucket_consumer' retrieved from /home/airflow/.local/lib/python3.12/site-packages/airflow/example_dags/example_dataset_alias.py
[2024-10-03T13:10:53.523+0000] {logging_mixin.py:190} INFO - [2024-10-03T13:10:53.523+0000] {dag.py:3229} INFO - Sync 4 DAGs
[2024-10-03T13:10:53.562+0000] {logging_mixin.py:190} INFO - [2024-10-03T13:10:53.561+0000] {dag.py:4156} INFO - Setting next_dagrun for dataset_alias_example_alias_consumer to None, run_after=None
[2024-10-03T13:10:53.566+0000] {logging_mixin.py:190} INFO - [2024-10-03T13:10:53.565+0000] {dag.py:4156} INFO - Setting next_dagrun for dataset_alias_example_alias_producer to None, run_after=None
[2024-10-03T13:10:53.568+0000] {logging_mixin.py:190} INFO - [2024-10-03T13:10:53.568+0000] {dag.py:4156} INFO - Setting next_dagrun for dataset_s3_bucket_consumer to None, run_after=None
[2024-10-03T13:10:53.570+0000] {logging_mixin.py:190} INFO - [2024-10-03T13:10:53.570+0000] {dag.py:4156} INFO - Setting next_dagrun for dataset_s3_bucket_producer to None, run_after=None
[2024-10-03T13:10:53.709+0000] {processor.py:208} INFO - Processing /home/airflow/.local/lib/python3.12/site-packages/airflow/example_dags/example_dataset_alias.py took 0.468 seconds
[2024-10-03T13:11:25.436+0000] {processor.py:186} INFO - Started process (PID=248) to work on /home/airflow/.local/lib/python3.12/site-packages/airflow/example_dags/example_dataset_alias.py
[2024-10-03T13:11:25.438+0000] {processor.py:914} INFO - Processing file /home/airflow/.local/lib/python3.12/site-packages/airflow/example_dags/example_dataset_alias.py for tasks to queue
[2024-10-03T13:11:25.443+0000] {logging_mixin.py:190} INFO - [2024-10-03T13:11:25.442+0000] {dagbag.py:587} INFO - Filling up the DagBag from /home/airflow/.local/lib/python3.12/site-packages/airflow/example_dags/example_dataset_alias.py
[2024-10-03T13:11:25.774+0000] {processor.py:925} INFO - DAG(s) 'dataset_s3_bucket_consumer', 'dataset_s3_bucket_producer', 'dataset_alias_example_alias_producer', 'dataset_alias_example_alias_consumer' retrieved from /home/airflow/.local/lib/python3.12/site-packages/airflow/example_dags/example_dataset_alias.py
[2024-10-03T13:11:25.819+0000] {logging_mixin.py:190} INFO - [2024-10-03T13:11:25.819+0000] {dag.py:3229} INFO - Sync 4 DAGs
[2024-10-03T13:11:25.857+0000] {logging_mixin.py:190} INFO - [2024-10-03T13:11:25.857+0000] {dag.py:4156} INFO - Setting next_dagrun for dataset_alias_example_alias_consumer to None, run_after=None
[2024-10-03T13:11:25.863+0000] {logging_mixin.py:190} INFO - [2024-10-03T13:11:25.863+0000] {dag.py:4156} INFO - Setting next_dagrun for dataset_alias_example_alias_producer to None, run_after=None
[2024-10-03T13:11:25.867+0000] {logging_mixin.py:190} INFO - [2024-10-03T13:11:25.866+0000] {dag.py:4156} INFO - Setting next_dagrun for dataset_s3_bucket_consumer to None, run_after=None
[2024-10-03T13:11:25.870+0000] {logging_mixin.py:190} INFO - [2024-10-03T13:11:25.869+0000] {dag.py:4156} INFO - Setting next_dagrun for dataset_s3_bucket_producer to None, run_after=None
[2024-10-03T13:11:25.963+0000] {processor.py:208} INFO - Processing /home/airflow/.local/lib/python3.12/site-packages/airflow/example_dags/example_dataset_alias.py took 0.536 seconds
[2024-10-03T13:12:04.672+0000] {processor.py:186} INFO - Started process (PID=316) to work on /home/airflow/.local/lib/python3.12/site-packages/airflow/example_dags/example_dataset_alias.py
[2024-10-03T13:12:04.674+0000] {processor.py:914} INFO - Processing file /home/airflow/.local/lib/python3.12/site-packages/airflow/example_dags/example_dataset_alias.py for tasks to queue
[2024-10-03T13:12:04.684+0000] {logging_mixin.py:190} INFO - [2024-10-03T13:12:04.683+0000] {dagbag.py:587} INFO - Filling up the DagBag from /home/airflow/.local/lib/python3.12/site-packages/airflow/example_dags/example_dataset_alias.py
[2024-10-03T13:12:05.154+0000] {processor.py:925} INFO - DAG(s) 'dataset_s3_bucket_producer', 'dataset_alias_example_alias_consumer', 'dataset_s3_bucket_consumer', 'dataset_alias_example_alias_producer' retrieved from /home/airflow/.local/lib/python3.12/site-packages/airflow/example_dags/example_dataset_alias.py
[2024-10-03T13:12:05.448+0000] {logging_mixin.py:190} INFO - [2024-10-03T13:12:05.448+0000] {dag.py:3229} INFO - Sync 4 DAGs
[2024-10-03T13:12:05.495+0000] {logging_mixin.py:190} INFO - [2024-10-03T13:12:05.494+0000] {dag.py:4156} INFO - Setting next_dagrun for dataset_alias_example_alias_consumer to None, run_after=None
[2024-10-03T13:12:05.500+0000] {logging_mixin.py:190} INFO - [2024-10-03T13:12:05.500+0000] {dag.py:4156} INFO - Setting next_dagrun for dataset_alias_example_alias_producer to None, run_after=None
[2024-10-03T13:12:05.504+0000] {logging_mixin.py:190} INFO - [2024-10-03T13:12:05.503+0000] {dag.py:4156} INFO - Setting next_dagrun for dataset_s3_bucket_consumer to None, run_after=None
[2024-10-03T13:12:05.508+0000] {logging_mixin.py:190} INFO - [2024-10-03T13:12:05.507+0000] {dag.py:4156} INFO - Setting next_dagrun for dataset_s3_bucket_producer to None, run_after=None
[2024-10-03T13:12:05.750+0000] {processor.py:208} INFO - Processing /home/airflow/.local/lib/python3.12/site-packages/airflow/example_dags/example_dataset_alias.py took 1.091 seconds
[2024-10-03T13:12:36.161+0000] {processor.py:186} INFO - Started process (PID=379) to work on /home/airflow/.local/lib/python3.12/site-packages/airflow/example_dags/example_dataset_alias.py
[2024-10-03T13:12:36.163+0000] {processor.py:914} INFO - Processing file /home/airflow/.local/lib/python3.12/site-packages/airflow/example_dags/example_dataset_alias.py for tasks to queue
[2024-10-03T13:12:36.170+0000] {logging_mixin.py:190} INFO - [2024-10-03T13:12:36.169+0000] {dagbag.py:587} INFO - Filling up the DagBag from /home/airflow/.local/lib/python3.12/site-packages/airflow/example_dags/example_dataset_alias.py
[2024-10-03T13:12:37.179+0000] {processor.py:925} INFO - DAG(s) 'dataset_alias_example_alias_consumer', 'dataset_s3_bucket_consumer', 'dataset_s3_bucket_producer', 'dataset_alias_example_alias_producer' retrieved from /home/airflow/.local/lib/python3.12/site-packages/airflow/example_dags/example_dataset_alias.py
[2024-10-03T13:12:37.292+0000] {logging_mixin.py:190} INFO - [2024-10-03T13:12:37.291+0000] {dag.py:3229} INFO - Sync 4 DAGs
[2024-10-03T13:12:37.479+0000] {logging_mixin.py:190} INFO - [2024-10-03T13:12:37.478+0000] {dag.py:4156} INFO - Setting next_dagrun for dataset_alias_example_alias_consumer to None, run_after=None
[2024-10-03T13:12:37.487+0000] {logging_mixin.py:190} INFO - [2024-10-03T13:12:37.486+0000] {dag.py:4156} INFO - Setting next_dagrun for dataset_alias_example_alias_producer to None, run_after=None
[2024-10-03T13:12:37.491+0000] {logging_mixin.py:190} INFO - [2024-10-03T13:12:37.490+0000] {dag.py:4156} INFO - Setting next_dagrun for dataset_s3_bucket_consumer to None, run_after=None
[2024-10-03T13:12:37.494+0000] {logging_mixin.py:190} INFO - [2024-10-03T13:12:37.493+0000] {dag.py:4156} INFO - Setting next_dagrun for dataset_s3_bucket_producer to None, run_after=None
[2024-10-03T13:12:37.730+0000] {processor.py:208} INFO - Processing /home/airflow/.local/lib/python3.12/site-packages/airflow/example_dags/example_dataset_alias.py took 1.583 seconds
[2024-10-03T13:13:07.914+0000] {processor.py:186} INFO - Started process (PID=445) to work on /home/airflow/.local/lib/python3.12/site-packages/airflow/example_dags/example_dataset_alias.py
[2024-10-03T13:13:07.915+0000] {processor.py:914} INFO - Processing file /home/airflow/.local/lib/python3.12/site-packages/airflow/example_dags/example_dataset_alias.py for tasks to queue
[2024-10-03T13:13:07.918+0000] {logging_mixin.py:190} INFO - [2024-10-03T13:13:07.918+0000] {dagbag.py:587} INFO - Filling up the DagBag from /home/airflow/.local/lib/python3.12/site-packages/airflow/example_dags/example_dataset_alias.py
[2024-10-03T13:13:08.200+0000] {processor.py:925} INFO - DAG(s) 'dataset_s3_bucket_producer', 'dataset_alias_example_alias_consumer', 'dataset_alias_example_alias_producer', 'dataset_s3_bucket_consumer' retrieved from /home/airflow/.local/lib/python3.12/site-packages/airflow/example_dags/example_dataset_alias.py
[2024-10-03T13:13:08.239+0000] {logging_mixin.py:190} INFO - [2024-10-03T13:13:08.239+0000] {dag.py:3229} INFO - Sync 4 DAGs
[2024-10-03T13:13:08.275+0000] {logging_mixin.py:190} INFO - [2024-10-03T13:13:08.275+0000] {dag.py:4156} INFO - Setting next_dagrun for dataset_alias_example_alias_consumer to None, run_after=None
[2024-10-03T13:13:08.280+0000] {logging_mixin.py:190} INFO - [2024-10-03T13:13:08.279+0000] {dag.py:4156} INFO - Setting next_dagrun for dataset_alias_example_alias_producer to None, run_after=None
[2024-10-03T13:13:08.282+0000] {logging_mixin.py:190} INFO - [2024-10-03T13:13:08.282+0000] {dag.py:4156} INFO - Setting next_dagrun for dataset_s3_bucket_consumer to None, run_after=None
[2024-10-03T13:13:08.284+0000] {logging_mixin.py:190} INFO - [2024-10-03T13:13:08.284+0000] {dag.py:4156} INFO - Setting next_dagrun for dataset_s3_bucket_producer to None, run_after=None
[2024-10-03T13:13:08.714+0000] {processor.py:208} INFO - Processing /home/airflow/.local/lib/python3.12/site-packages/airflow/example_dags/example_dataset_alias.py took 0.809 seconds
[2024-10-03T13:13:39.358+0000] {processor.py:186} INFO - Started process (PID=508) to work on /home/airflow/.local/lib/python3.12/site-packages/airflow/example_dags/example_dataset_alias.py
[2024-10-03T13:13:39.359+0000] {processor.py:914} INFO - Processing file /home/airflow/.local/lib/python3.12/site-packages/airflow/example_dags/example_dataset_alias.py for tasks to queue
[2024-10-03T13:13:39.363+0000] {logging_mixin.py:190} INFO - [2024-10-03T13:13:39.363+0000] {dagbag.py:587} INFO - Filling up the DagBag from /home/airflow/.local/lib/python3.12/site-packages/airflow/example_dags/example_dataset_alias.py
[2024-10-03T13:13:39.674+0000] {processor.py:925} INFO - DAG(s) 'dataset_s3_bucket_producer', 'dataset_alias_example_alias_producer', 'dataset_s3_bucket_consumer', 'dataset_alias_example_alias_consumer' retrieved from /home/airflow/.local/lib/python3.12/site-packages/airflow/example_dags/example_dataset_alias.py
[2024-10-03T13:13:39.714+0000] {logging_mixin.py:190} INFO - [2024-10-03T13:13:39.714+0000] {dag.py:3229} INFO - Sync 4 DAGs
[2024-10-03T13:13:39.775+0000] {logging_mixin.py:190} INFO - [2024-10-03T13:13:39.775+0000] {dag.py:4156} INFO - Setting next_dagrun for dataset_alias_example_alias_consumer to None, run_after=None
[2024-10-03T13:13:39.780+0000] {logging_mixin.py:190} INFO - [2024-10-03T13:13:39.779+0000] {dag.py:4156} INFO - Setting next_dagrun for dataset_alias_example_alias_producer to None, run_after=None
[2024-10-03T13:13:39.783+0000] {logging_mixin.py:190} INFO - [2024-10-03T13:13:39.783+0000] {dag.py:4156} INFO - Setting next_dagrun for dataset_s3_bucket_consumer to None, run_after=None
[2024-10-03T13:13:39.786+0000] {logging_mixin.py:190} INFO - [2024-10-03T13:13:39.786+0000] {dag.py:4156} INFO - Setting next_dagrun for dataset_s3_bucket_producer to None, run_after=None
[2024-10-03T13:13:39.976+0000] {processor.py:208} INFO - Processing /home/airflow/.local/lib/python3.12/site-packages/airflow/example_dags/example_dataset_alias.py took 0.632 seconds
[2024-10-03T13:14:12.035+0000] {processor.py:186} INFO - Started process (PID=571) to work on /home/airflow/.local/lib/python3.12/site-packages/airflow/example_dags/example_dataset_alias.py
[2024-10-03T13:14:12.036+0000] {processor.py:914} INFO - Processing file /home/airflow/.local/lib/python3.12/site-packages/airflow/example_dags/example_dataset_alias.py for tasks to queue
[2024-10-03T13:14:12.039+0000] {logging_mixin.py:190} INFO - [2024-10-03T13:14:12.039+0000] {dagbag.py:587} INFO - Filling up the DagBag from /home/airflow/.local/lib/python3.12/site-packages/airflow/example_dags/example_dataset_alias.py
[2024-10-03T13:14:12.297+0000] {processor.py:925} INFO - DAG(s) 'dataset_s3_bucket_producer', 'dataset_alias_example_alias_consumer', 'dataset_alias_example_alias_producer', 'dataset_s3_bucket_consumer' retrieved from /home/airflow/.local/lib/python3.12/site-packages/airflow/example_dags/example_dataset_alias.py
[2024-10-03T13:14:12.334+0000] {logging_mixin.py:190} INFO - [2024-10-03T13:14:12.333+0000] {dag.py:3229} INFO - Sync 4 DAGs
[2024-10-03T13:14:12.369+0000] {logging_mixin.py:190} INFO - [2024-10-03T13:14:12.368+0000] {dag.py:4156} INFO - Setting next_dagrun for dataset_alias_example_alias_consumer to None, run_after=None
[2024-10-03T13:14:12.381+0000] {logging_mixin.py:190} INFO - [2024-10-03T13:14:12.380+0000] {dag.py:4156} INFO - Setting next_dagrun for dataset_alias_example_alias_producer to None, run_after=None
[2024-10-03T13:14:12.383+0000] {logging_mixin.py:190} INFO - [2024-10-03T13:14:12.383+0000] {dag.py:4156} INFO - Setting next_dagrun for dataset_s3_bucket_consumer to None, run_after=None
[2024-10-03T13:14:12.385+0000] {logging_mixin.py:190} INFO - [2024-10-03T13:14:12.385+0000] {dag.py:4156} INFO - Setting next_dagrun for dataset_s3_bucket_producer to None, run_after=None
[2024-10-03T13:14:13.449+0000] {processor.py:208} INFO - Processing /home/airflow/.local/lib/python3.12/site-packages/airflow/example_dags/example_dataset_alias.py took 1.422 seconds
[2024-10-03T13:14:44.939+0000] {processor.py:186} INFO - Started process (PID=635) to work on /home/airflow/.local/lib/python3.12/site-packages/airflow/example_dags/example_dataset_alias.py
[2024-10-03T13:14:44.941+0000] {processor.py:914} INFO - Processing file /home/airflow/.local/lib/python3.12/site-packages/airflow/example_dags/example_dataset_alias.py for tasks to queue
[2024-10-03T13:14:44.944+0000] {logging_mixin.py:190} INFO - [2024-10-03T13:14:44.944+0000] {dagbag.py:587} INFO - Filling up the DagBag from /home/airflow/.local/lib/python3.12/site-packages/airflow/example_dags/example_dataset_alias.py
[2024-10-03T13:14:45.175+0000] {processor.py:925} INFO - DAG(s) 'dataset_s3_bucket_producer', 'dataset_s3_bucket_consumer', 'dataset_alias_example_alias_consumer', 'dataset_alias_example_alias_producer' retrieved from /home/airflow/.local/lib/python3.12/site-packages/airflow/example_dags/example_dataset_alias.py
[2024-10-03T13:14:45.213+0000] {logging_mixin.py:190} INFO - [2024-10-03T13:14:45.213+0000] {dag.py:3229} INFO - Sync 4 DAGs
[2024-10-03T13:14:45.250+0000] {logging_mixin.py:190} INFO - [2024-10-03T13:14:45.250+0000] {dag.py:4156} INFO - Setting next_dagrun for dataset_alias_example_alias_consumer to None, run_after=None
[2024-10-03T13:14:45.255+0000] {logging_mixin.py:190} INFO - [2024-10-03T13:14:45.254+0000] {dag.py:4156} INFO - Setting next_dagrun for dataset_alias_example_alias_producer to None, run_after=None
[2024-10-03T13:14:45.257+0000] {logging_mixin.py:190} INFO - [2024-10-03T13:14:45.257+0000] {dag.py:4156} INFO - Setting next_dagrun for dataset_s3_bucket_consumer to None, run_after=None
[2024-10-03T13:14:45.259+0000] {logging_mixin.py:190} INFO - [2024-10-03T13:14:45.259+0000] {dag.py:4156} INFO - Setting next_dagrun for dataset_s3_bucket_producer to None, run_after=None
[2024-10-03T13:14:46.391+0000] {processor.py:208} INFO - Processing /home/airflow/.local/lib/python3.12/site-packages/airflow/example_dags/example_dataset_alias.py took 1.460 seconds
[2024-10-03T13:15:16.455+0000] {processor.py:186} INFO - Started process (PID=698) to work on /home/airflow/.local/lib/python3.12/site-packages/airflow/example_dags/example_dataset_alias.py
[2024-10-03T13:15:16.456+0000] {processor.py:914} INFO - Processing file /home/airflow/.local/lib/python3.12/site-packages/airflow/example_dags/example_dataset_alias.py for tasks to queue
[2024-10-03T13:15:16.460+0000] {logging_mixin.py:190} INFO - [2024-10-03T13:15:16.459+0000] {dagbag.py:587} INFO - Filling up the DagBag from /home/airflow/.local/lib/python3.12/site-packages/airflow/example_dags/example_dataset_alias.py
[2024-10-03T13:15:16.789+0000] {processor.py:925} INFO - DAG(s) 'dataset_s3_bucket_producer', 'dataset_alias_example_alias_consumer', 'dataset_s3_bucket_consumer', 'dataset_alias_example_alias_producer' retrieved from /home/airflow/.local/lib/python3.12/site-packages/airflow/example_dags/example_dataset_alias.py
[2024-10-03T13:15:16.832+0000] {logging_mixin.py:190} INFO - [2024-10-03T13:15:16.831+0000] {dag.py:3229} INFO - Sync 4 DAGs
[2024-10-03T13:15:16.884+0000] {logging_mixin.py:190} INFO - [2024-10-03T13:15:16.884+0000] {dag.py:4156} INFO - Setting next_dagrun for dataset_alias_example_alias_consumer to None, run_after=None
[2024-10-03T13:15:16.889+0000] {logging_mixin.py:190} INFO - [2024-10-03T13:15:16.888+0000] {dag.py:4156} INFO - Setting next_dagrun for dataset_alias_example_alias_producer to None, run_after=None
[2024-10-03T13:15:16.891+0000] {logging_mixin.py:190} INFO - [2024-10-03T13:15:16.891+0000] {dag.py:4156} INFO - Setting next_dagrun for dataset_s3_bucket_consumer to None, run_after=None
[2024-10-03T13:15:16.893+0000] {logging_mixin.py:190} INFO - [2024-10-03T13:15:16.893+0000] {dag.py:4156} INFO - Setting next_dagrun for dataset_s3_bucket_producer to None, run_after=None
[2024-10-03T13:15:16.993+0000] {processor.py:208} INFO - Processing /home/airflow/.local/lib/python3.12/site-packages/airflow/example_dags/example_dataset_alias.py took 0.546 seconds
[2024-10-03T13:15:47.433+0000] {processor.py:186} INFO - Started process (PID=762) to work on /home/airflow/.local/lib/python3.12/site-packages/airflow/example_dags/example_dataset_alias.py
[2024-10-03T13:15:47.434+0000] {processor.py:914} INFO - Processing file /home/airflow/.local/lib/python3.12/site-packages/airflow/example_dags/example_dataset_alias.py for tasks to queue
[2024-10-03T13:15:47.437+0000] {logging_mixin.py:190} INFO - [2024-10-03T13:15:47.436+0000] {dagbag.py:587} INFO - Filling up the DagBag from /home/airflow/.local/lib/python3.12/site-packages/airflow/example_dags/example_dataset_alias.py
[2024-10-03T13:15:47.652+0000] {processor.py:925} INFO - DAG(s) 'dataset_alias_example_alias_consumer', 'dataset_s3_bucket_producer', 'dataset_s3_bucket_consumer', 'dataset_alias_example_alias_producer' retrieved from /home/airflow/.local/lib/python3.12/site-packages/airflow/example_dags/example_dataset_alias.py
[2024-10-03T13:15:47.685+0000] {logging_mixin.py:190} INFO - [2024-10-03T13:15:47.685+0000] {dag.py:3229} INFO - Sync 4 DAGs
[2024-10-03T13:15:47.720+0000] {logging_mixin.py:190} INFO - [2024-10-03T13:15:47.719+0000] {dag.py:4156} INFO - Setting next_dagrun for dataset_alias_example_alias_consumer to None, run_after=None
[2024-10-03T13:15:47.724+0000] {logging_mixin.py:190} INFO - [2024-10-03T13:15:47.723+0000] {dag.py:4156} INFO - Setting next_dagrun for dataset_alias_example_alias_producer to None, run_after=None
[2024-10-03T13:15:47.726+0000] {logging_mixin.py:190} INFO - [2024-10-03T13:15:47.726+0000] {dag.py:4156} INFO - Setting next_dagrun for dataset_s3_bucket_consumer to None, run_after=None
[2024-10-03T13:15:47.728+0000] {logging_mixin.py:190} INFO - [2024-10-03T13:15:47.728+0000] {dag.py:4156} INFO - Setting next_dagrun for dataset_s3_bucket_producer to None, run_after=None
[2024-10-03T13:15:47.877+0000] {processor.py:208} INFO - Processing /home/airflow/.local/lib/python3.12/site-packages/airflow/example_dags/example_dataset_alias.py took 0.452 seconds
[2024-10-03T13:16:18.265+0000] {processor.py:186} INFO - Started process (PID=825) to work on /home/airflow/.local/lib/python3.12/site-packages/airflow/example_dags/example_dataset_alias.py
[2024-10-03T13:16:18.266+0000] {processor.py:914} INFO - Processing file /home/airflow/.local/lib/python3.12/site-packages/airflow/example_dags/example_dataset_alias.py for tasks to queue
[2024-10-03T13:16:18.269+0000] {logging_mixin.py:190} INFO - [2024-10-03T13:16:18.268+0000] {dagbag.py:587} INFO - Filling up the DagBag from /home/airflow/.local/lib/python3.12/site-packages/airflow/example_dags/example_dataset_alias.py
[2024-10-03T13:16:18.518+0000] {processor.py:925} INFO - DAG(s) 'dataset_s3_bucket_consumer', 'dataset_alias_example_alias_consumer', 'dataset_alias_example_alias_producer', 'dataset_s3_bucket_producer' retrieved from /home/airflow/.local/lib/python3.12/site-packages/airflow/example_dags/example_dataset_alias.py
[2024-10-03T13:16:18.559+0000] {logging_mixin.py:190} INFO - [2024-10-03T13:16:18.559+0000] {dag.py:3229} INFO - Sync 4 DAGs
[2024-10-03T13:16:18.594+0000] {logging_mixin.py:190} INFO - [2024-10-03T13:16:18.594+0000] {dag.py:4156} INFO - Setting next_dagrun for dataset_alias_example_alias_consumer to None, run_after=None
[2024-10-03T13:16:18.598+0000] {logging_mixin.py:190} INFO - [2024-10-03T13:16:18.597+0000] {dag.py:4156} INFO - Setting next_dagrun for dataset_alias_example_alias_producer to None, run_after=None
[2024-10-03T13:16:18.600+0000] {logging_mixin.py:190} INFO - [2024-10-03T13:16:18.599+0000] {dag.py:4156} INFO - Setting next_dagrun for dataset_s3_bucket_consumer to None, run_after=None
[2024-10-03T13:16:18.602+0000] {logging_mixin.py:190} INFO - [2024-10-03T13:16:18.602+0000] {dag.py:4156} INFO - Setting next_dagrun for dataset_s3_bucket_producer to None, run_after=None
[2024-10-03T13:16:18.689+0000] {processor.py:208} INFO - Processing /home/airflow/.local/lib/python3.12/site-packages/airflow/example_dags/example_dataset_alias.py took 0.432 seconds
[2024-10-03T13:16:49.026+0000] {processor.py:186} INFO - Started process (PID=888) to work on /home/airflow/.local/lib/python3.12/site-packages/airflow/example_dags/example_dataset_alias.py
[2024-10-03T13:16:49.027+0000] {processor.py:914} INFO - Processing file /home/airflow/.local/lib/python3.12/site-packages/airflow/example_dags/example_dataset_alias.py for tasks to queue
[2024-10-03T13:16:49.031+0000] {logging_mixin.py:190} INFO - [2024-10-03T13:16:49.030+0000] {dagbag.py:587} INFO - Filling up the DagBag from /home/airflow/.local/lib/python3.12/site-packages/airflow/example_dags/example_dataset_alias.py
[2024-10-03T13:16:49.327+0000] {processor.py:925} INFO - DAG(s) 'dataset_alias_example_alias_producer', 'dataset_s3_bucket_consumer', 'dataset_s3_bucket_producer', 'dataset_alias_example_alias_consumer' retrieved from /home/airflow/.local/lib/python3.12/site-packages/airflow/example_dags/example_dataset_alias.py
[2024-10-03T13:16:49.365+0000] {logging_mixin.py:190} INFO - [2024-10-03T13:16:49.365+0000] {dag.py:3229} INFO - Sync 4 DAGs
[2024-10-03T13:16:49.419+0000] {logging_mixin.py:190} INFO - [2024-10-03T13:16:49.419+0000] {dag.py:4156} INFO - Setting next_dagrun for dataset_alias_example_alias_consumer to None, run_after=None
[2024-10-03T13:16:49.425+0000] {logging_mixin.py:190} INFO - [2024-10-03T13:16:49.425+0000] {dag.py:4156} INFO - Setting next_dagrun for dataset_alias_example_alias_producer to None, run_after=None
[2024-10-03T13:16:49.428+0000] {logging_mixin.py:190} INFO - [2024-10-03T13:16:49.428+0000] {dag.py:4156} INFO - Setting next_dagrun for dataset_s3_bucket_consumer to None, run_after=None
[2024-10-03T13:16:49.431+0000] {logging_mixin.py:190} INFO - [2024-10-03T13:16:49.431+0000] {dag.py:4156} INFO - Setting next_dagrun for dataset_s3_bucket_producer to None, run_after=None
[2024-10-03T13:16:49.545+0000] {processor.py:208} INFO - Processing /home/airflow/.local/lib/python3.12/site-packages/airflow/example_dags/example_dataset_alias.py took 0.530 seconds
[2024-10-03T13:17:19.679+0000] {processor.py:186} INFO - Started process (PID=951) to work on /home/airflow/.local/lib/python3.12/site-packages/airflow/example_dags/example_dataset_alias.py
[2024-10-03T13:17:19.681+0000] {processor.py:914} INFO - Processing file /home/airflow/.local/lib/python3.12/site-packages/airflow/example_dags/example_dataset_alias.py for tasks to queue
[2024-10-03T13:17:19.686+0000] {logging_mixin.py:190} INFO - [2024-10-03T13:17:19.686+0000] {dagbag.py:587} INFO - Filling up the DagBag from /home/airflow/.local/lib/python3.12/site-packages/airflow/example_dags/example_dataset_alias.py
[2024-10-03T13:17:20.111+0000] {processor.py:925} INFO - DAG(s) 'dataset_s3_bucket_producer', 'dataset_alias_example_alias_producer', 'dataset_alias_example_alias_consumer', 'dataset_s3_bucket_consumer' retrieved from /home/airflow/.local/lib/python3.12/site-packages/airflow/example_dags/example_dataset_alias.py
[2024-10-03T13:17:20.174+0000] {logging_mixin.py:190} INFO - [2024-10-03T13:17:20.173+0000] {dag.py:3229} INFO - Sync 4 DAGs
[2024-10-03T13:17:20.239+0000] {logging_mixin.py:190} INFO - [2024-10-03T13:17:20.239+0000] {dag.py:4156} INFO - Setting next_dagrun for dataset_alias_example_alias_consumer to None, run_after=None
[2024-10-03T13:17:20.247+0000] {logging_mixin.py:190} INFO - [2024-10-03T13:17:20.247+0000] {dag.py:4156} INFO - Setting next_dagrun for dataset_alias_example_alias_producer to None, run_after=None
[2024-10-03T13:17:20.255+0000] {logging_mixin.py:190} INFO - [2024-10-03T13:17:20.252+0000] {dag.py:4156} INFO - Setting next_dagrun for dataset_s3_bucket_consumer to None, run_after=None
[2024-10-03T13:17:20.259+0000] {logging_mixin.py:190} INFO - [2024-10-03T13:17:20.258+0000] {dag.py:4156} INFO - Setting next_dagrun for dataset_s3_bucket_producer to None, run_after=None
[2024-10-03T13:17:20.379+0000] {processor.py:208} INFO - Processing /home/airflow/.local/lib/python3.12/site-packages/airflow/example_dags/example_dataset_alias.py took 0.716 seconds
[2024-10-03T13:17:51.136+0000] {processor.py:186} INFO - Started process (PID=1014) to work on /home/airflow/.local/lib/python3.12/site-packages/airflow/example_dags/example_dataset_alias.py
[2024-10-03T13:17:51.137+0000] {processor.py:914} INFO - Processing file /home/airflow/.local/lib/python3.12/site-packages/airflow/example_dags/example_dataset_alias.py for tasks to queue
[2024-10-03T13:17:51.142+0000] {logging_mixin.py:190} INFO - [2024-10-03T13:17:51.141+0000] {dagbag.py:587} INFO - Filling up the DagBag from /home/airflow/.local/lib/python3.12/site-packages/airflow/example_dags/example_dataset_alias.py
[2024-10-03T13:17:51.549+0000] {processor.py:925} INFO - DAG(s) 'dataset_s3_bucket_consumer', 'dataset_s3_bucket_producer', 'dataset_alias_example_alias_producer', 'dataset_alias_example_alias_consumer' retrieved from /home/airflow/.local/lib/python3.12/site-packages/airflow/example_dags/example_dataset_alias.py
[2024-10-03T13:17:51.595+0000] {logging_mixin.py:190} INFO - [2024-10-03T13:17:51.594+0000] {dag.py:3229} INFO - Sync 4 DAGs
[2024-10-03T13:17:51.649+0000] {logging_mixin.py:190} INFO - [2024-10-03T13:17:51.648+0000] {dag.py:4156} INFO - Setting next_dagrun for dataset_alias_example_alias_consumer to None, run_after=None
[2024-10-03T13:17:51.656+0000] {logging_mixin.py:190} INFO - [2024-10-03T13:17:51.654+0000] {dag.py:4156} INFO - Setting next_dagrun for dataset_alias_example_alias_producer to None, run_after=None
[2024-10-03T13:17:51.660+0000] {logging_mixin.py:190} INFO - [2024-10-03T13:17:51.659+0000] {dag.py:4156} INFO - Setting next_dagrun for dataset_s3_bucket_consumer to None, run_after=None
[2024-10-03T13:17:51.663+0000] {logging_mixin.py:190} INFO - [2024-10-03T13:17:51.663+0000] {dag.py:4156} INFO - Setting next_dagrun for dataset_s3_bucket_producer to None, run_after=None
[2024-10-03T13:17:51.783+0000] {processor.py:208} INFO - Processing /home/airflow/.local/lib/python3.12/site-packages/airflow/example_dags/example_dataset_alias.py took 0.655 seconds
[2024-10-03T13:18:22.416+0000] {processor.py:186} INFO - Started process (PID=1077) to work on /home/airflow/.local/lib/python3.12/site-packages/airflow/example_dags/example_dataset_alias.py
[2024-10-03T13:18:22.417+0000] {processor.py:914} INFO - Processing file /home/airflow/.local/lib/python3.12/site-packages/airflow/example_dags/example_dataset_alias.py for tasks to queue
[2024-10-03T13:18:22.420+0000] {logging_mixin.py:190} INFO - [2024-10-03T13:18:22.420+0000] {dagbag.py:587} INFO - Filling up the DagBag from /home/airflow/.local/lib/python3.12/site-packages/airflow/example_dags/example_dataset_alias.py
[2024-10-03T13:18:22.631+0000] {processor.py:925} INFO - DAG(s) 'dataset_s3_bucket_producer', 'dataset_alias_example_alias_producer', 'dataset_s3_bucket_consumer', 'dataset_alias_example_alias_consumer' retrieved from /home/airflow/.local/lib/python3.12/site-packages/airflow/example_dags/example_dataset_alias.py
[2024-10-03T13:18:22.661+0000] {logging_mixin.py:190} INFO - [2024-10-03T13:18:22.661+0000] {dag.py:3229} INFO - Sync 4 DAGs
[2024-10-03T13:18:22.693+0000] {logging_mixin.py:190} INFO - [2024-10-03T13:18:22.692+0000] {dag.py:4156} INFO - Setting next_dagrun for dataset_alias_example_alias_consumer to None, run_after=None
[2024-10-03T13:18:22.697+0000] {logging_mixin.py:190} INFO - [2024-10-03T13:18:22.697+0000] {dag.py:4156} INFO - Setting next_dagrun for dataset_alias_example_alias_producer to None, run_after=None
[2024-10-03T13:18:22.699+0000] {logging_mixin.py:190} INFO - [2024-10-03T13:18:22.699+0000] {dag.py:4156} INFO - Setting next_dagrun for dataset_s3_bucket_consumer to None, run_after=None
[2024-10-03T13:18:22.701+0000] {logging_mixin.py:190} INFO - [2024-10-03T13:18:22.701+0000] {dag.py:4156} INFO - Setting next_dagrun for dataset_s3_bucket_producer to None, run_after=None
[2024-10-03T13:18:22.765+0000] {processor.py:208} INFO - Processing /home/airflow/.local/lib/python3.12/site-packages/airflow/example_dags/example_dataset_alias.py took 0.357 seconds
