[2024-10-03T13:10:19.713+0000] {processor.py:186} INFO - Started process (PID=114) to work on /home/airflow/.local/lib/python3.12/site-packages/airflow/example_dags/example_complex.py
[2024-10-03T13:10:19.714+0000] {processor.py:914} INFO - Processing file /home/airflow/.local/lib/python3.12/site-packages/airflow/example_dags/example_complex.py for tasks to queue
[2024-10-03T13:10:19.720+0000] {logging_mixin.py:190} INFO - [2024-10-03T13:10:19.720+0000] {dagbag.py:587} INFO - Filling up the DagBag from /home/airflow/.local/lib/python3.12/site-packages/airflow/example_dags/example_complex.py
[2024-10-03T13:10:19.774+0000] {processor.py:925} INFO - DAG(s) 'example_complex' retrieved from /home/airflow/.local/lib/python3.12/site-packages/airflow/example_dags/example_complex.py
[2024-10-03T13:10:19.863+0000] {logging_mixin.py:190} INFO - [2024-10-03T13:10:19.863+0000] {dag.py:3229} INFO - Sync 1 DAGs
[2024-10-03T13:10:19.928+0000] {logging_mixin.py:190} INFO - [2024-10-03T13:10:19.928+0000] {dag.py:4156} INFO - Setting next_dagrun for example_complex to None, run_after=None
[2024-10-03T13:10:20.327+0000] {processor.py:208} INFO - Processing /home/airflow/.local/lib/python3.12/site-packages/airflow/example_dags/example_complex.py took 0.620 seconds
[2024-10-03T13:10:50.640+0000] {processor.py:186} INFO - Started process (PID=177) to work on /home/airflow/.local/lib/python3.12/site-packages/airflow/example_dags/example_complex.py
[2024-10-03T13:10:50.642+0000] {processor.py:914} INFO - Processing file /home/airflow/.local/lib/python3.12/site-packages/airflow/example_dags/example_complex.py for tasks to queue
[2024-10-03T13:10:50.648+0000] {logging_mixin.py:190} INFO - [2024-10-03T13:10:50.647+0000] {dagbag.py:587} INFO - Filling up the DagBag from /home/airflow/.local/lib/python3.12/site-packages/airflow/example_dags/example_complex.py
[2024-10-03T13:10:50.670+0000] {processor.py:925} INFO - DAG(s) 'example_complex' retrieved from /home/airflow/.local/lib/python3.12/site-packages/airflow/example_dags/example_complex.py
[2024-10-03T13:10:50.719+0000] {logging_mixin.py:190} INFO - [2024-10-03T13:10:50.719+0000] {dag.py:3229} INFO - Sync 1 DAGs
[2024-10-03T13:10:50.741+0000] {logging_mixin.py:190} INFO - [2024-10-03T13:10:50.741+0000] {dag.py:4156} INFO - Setting next_dagrun for example_complex to None, run_after=None
[2024-10-03T13:10:50.794+0000] {processor.py:208} INFO - Processing /home/airflow/.local/lib/python3.12/site-packages/airflow/example_dags/example_complex.py took 0.167 seconds
[2024-10-03T13:11:21.067+0000] {processor.py:186} INFO - Started process (PID=240) to work on /home/airflow/.local/lib/python3.12/site-packages/airflow/example_dags/example_complex.py
[2024-10-03T13:11:21.068+0000] {processor.py:914} INFO - Processing file /home/airflow/.local/lib/python3.12/site-packages/airflow/example_dags/example_complex.py for tasks to queue
[2024-10-03T13:11:21.072+0000] {logging_mixin.py:190} INFO - [2024-10-03T13:11:21.071+0000] {dagbag.py:587} INFO - Filling up the DagBag from /home/airflow/.local/lib/python3.12/site-packages/airflow/example_dags/example_complex.py
[2024-10-03T13:11:21.099+0000] {processor.py:925} INFO - DAG(s) 'example_complex' retrieved from /home/airflow/.local/lib/python3.12/site-packages/airflow/example_dags/example_complex.py
[2024-10-03T13:11:21.154+0000] {logging_mixin.py:190} INFO - [2024-10-03T13:11:21.154+0000] {dag.py:3229} INFO - Sync 1 DAGs
[2024-10-03T13:11:21.181+0000] {logging_mixin.py:190} INFO - [2024-10-03T13:11:21.181+0000] {dag.py:4156} INFO - Setting next_dagrun for example_complex to None, run_after=None
[2024-10-03T13:11:21.269+0000] {processor.py:208} INFO - Processing /home/airflow/.local/lib/python3.12/site-packages/airflow/example_dags/example_complex.py took 0.212 seconds
[2024-10-03T13:12:01.351+0000] {processor.py:186} INFO - Started process (PID=308) to work on /home/airflow/.local/lib/python3.12/site-packages/airflow/example_dags/example_complex.py
[2024-10-03T13:12:01.352+0000] {processor.py:914} INFO - Processing file /home/airflow/.local/lib/python3.12/site-packages/airflow/example_dags/example_complex.py for tasks to queue
[2024-10-03T13:12:01.355+0000] {logging_mixin.py:190} INFO - [2024-10-03T13:12:01.354+0000] {dagbag.py:587} INFO - Filling up the DagBag from /home/airflow/.local/lib/python3.12/site-packages/airflow/example_dags/example_complex.py
[2024-10-03T13:12:01.493+0000] {processor.py:925} INFO - DAG(s) 'example_complex' retrieved from /home/airflow/.local/lib/python3.12/site-packages/airflow/example_dags/example_complex.py
[2024-10-03T13:12:01.553+0000] {logging_mixin.py:190} INFO - [2024-10-03T13:12:01.553+0000] {dag.py:3229} INFO - Sync 1 DAGs
[2024-10-03T13:12:01.574+0000] {logging_mixin.py:190} INFO - [2024-10-03T13:12:01.573+0000] {dag.py:4156} INFO - Setting next_dagrun for example_complex to None, run_after=None
[2024-10-03T13:12:02.012+0000] {processor.py:208} INFO - Processing /home/airflow/.local/lib/python3.12/site-packages/airflow/example_dags/example_complex.py took 0.668 seconds
[2024-10-03T13:12:32.673+0000] {processor.py:186} INFO - Started process (PID=371) to work on /home/airflow/.local/lib/python3.12/site-packages/airflow/example_dags/example_complex.py
[2024-10-03T13:12:32.675+0000] {processor.py:914} INFO - Processing file /home/airflow/.local/lib/python3.12/site-packages/airflow/example_dags/example_complex.py for tasks to queue
[2024-10-03T13:12:32.682+0000] {logging_mixin.py:190} INFO - [2024-10-03T13:12:32.681+0000] {dagbag.py:587} INFO - Filling up the DagBag from /home/airflow/.local/lib/python3.12/site-packages/airflow/example_dags/example_complex.py
[2024-10-03T13:12:32.707+0000] {processor.py:925} INFO - DAG(s) 'example_complex' retrieved from /home/airflow/.local/lib/python3.12/site-packages/airflow/example_dags/example_complex.py
[2024-10-03T13:12:32.787+0000] {logging_mixin.py:190} INFO - [2024-10-03T13:12:32.787+0000] {dag.py:3229} INFO - Sync 1 DAGs
[2024-10-03T13:12:32.821+0000] {logging_mixin.py:190} INFO - [2024-10-03T13:12:32.820+0000] {dag.py:4156} INFO - Setting next_dagrun for example_complex to None, run_after=None
[2024-10-03T13:12:32.925+0000] {processor.py:208} INFO - Processing /home/airflow/.local/lib/python3.12/site-packages/airflow/example_dags/example_complex.py took 0.264 seconds
[2024-10-03T13:13:03.893+0000] {processor.py:186} INFO - Started process (PID=434) to work on /home/airflow/.local/lib/python3.12/site-packages/airflow/example_dags/example_complex.py
[2024-10-03T13:13:03.895+0000] {processor.py:914} INFO - Processing file /home/airflow/.local/lib/python3.12/site-packages/airflow/example_dags/example_complex.py for tasks to queue
[2024-10-03T13:13:03.899+0000] {logging_mixin.py:190} INFO - [2024-10-03T13:13:03.899+0000] {dagbag.py:587} INFO - Filling up the DagBag from /home/airflow/.local/lib/python3.12/site-packages/airflow/example_dags/example_complex.py
[2024-10-03T13:13:03.918+0000] {processor.py:925} INFO - DAG(s) 'example_complex' retrieved from /home/airflow/.local/lib/python3.12/site-packages/airflow/example_dags/example_complex.py
[2024-10-03T13:13:03.969+0000] {logging_mixin.py:190} INFO - [2024-10-03T13:13:03.969+0000] {dag.py:3229} INFO - Sync 1 DAGs
[2024-10-03T13:13:03.992+0000] {logging_mixin.py:190} INFO - [2024-10-03T13:13:03.991+0000] {dag.py:4156} INFO - Setting next_dagrun for example_complex to None, run_after=None
[2024-10-03T13:13:04.205+0000] {processor.py:208} INFO - Processing /home/airflow/.local/lib/python3.12/site-packages/airflow/example_dags/example_complex.py took 0.324 seconds
[2024-10-03T13:13:35.631+0000] {processor.py:186} INFO - Started process (PID=497) to work on /home/airflow/.local/lib/python3.12/site-packages/airflow/example_dags/example_complex.py
[2024-10-03T13:13:35.633+0000] {processor.py:914} INFO - Processing file /home/airflow/.local/lib/python3.12/site-packages/airflow/example_dags/example_complex.py for tasks to queue
[2024-10-03T13:13:35.636+0000] {logging_mixin.py:190} INFO - [2024-10-03T13:13:35.636+0000] {dagbag.py:587} INFO - Filling up the DagBag from /home/airflow/.local/lib/python3.12/site-packages/airflow/example_dags/example_complex.py
[2024-10-03T13:13:35.651+0000] {processor.py:925} INFO - DAG(s) 'example_complex' retrieved from /home/airflow/.local/lib/python3.12/site-packages/airflow/example_dags/example_complex.py
[2024-10-03T13:13:35.695+0000] {logging_mixin.py:190} INFO - [2024-10-03T13:13:35.695+0000] {dag.py:3229} INFO - Sync 1 DAGs
[2024-10-03T13:13:35.716+0000] {logging_mixin.py:190} INFO - [2024-10-03T13:13:35.715+0000] {dag.py:4156} INFO - Setting next_dagrun for example_complex to None, run_after=None
[2024-10-03T13:13:35.972+0000] {processor.py:208} INFO - Processing /home/airflow/.local/lib/python3.12/site-packages/airflow/example_dags/example_complex.py took 0.350 seconds
[2024-10-03T13:14:07.667+0000] {processor.py:186} INFO - Started process (PID=560) to work on /home/airflow/.local/lib/python3.12/site-packages/airflow/example_dags/example_complex.py
[2024-10-03T13:14:07.669+0000] {processor.py:914} INFO - Processing file /home/airflow/.local/lib/python3.12/site-packages/airflow/example_dags/example_complex.py for tasks to queue
[2024-10-03T13:14:07.679+0000] {logging_mixin.py:190} INFO - [2024-10-03T13:14:07.678+0000] {dagbag.py:587} INFO - Filling up the DagBag from /home/airflow/.local/lib/python3.12/site-packages/airflow/example_dags/example_complex.py
[2024-10-03T13:14:07.722+0000] {processor.py:925} INFO - DAG(s) 'example_complex' retrieved from /home/airflow/.local/lib/python3.12/site-packages/airflow/example_dags/example_complex.py
[2024-10-03T13:14:07.918+0000] {logging_mixin.py:190} INFO - [2024-10-03T13:14:07.918+0000] {dag.py:3229} INFO - Sync 1 DAGs
[2024-10-03T13:14:07.969+0000] {logging_mixin.py:190} INFO - [2024-10-03T13:14:07.968+0000] {dag.py:4156} INFO - Setting next_dagrun for example_complex to None, run_after=None
[2024-10-03T13:14:08.090+0000] {processor.py:208} INFO - Processing /home/airflow/.local/lib/python3.12/site-packages/airflow/example_dags/example_complex.py took 0.436 seconds
[2024-10-03T13:14:41.809+0000] {processor.py:186} INFO - Started process (PID=623) to work on /home/airflow/.local/lib/python3.12/site-packages/airflow/example_dags/example_complex.py
[2024-10-03T13:14:41.810+0000] {processor.py:914} INFO - Processing file /home/airflow/.local/lib/python3.12/site-packages/airflow/example_dags/example_complex.py for tasks to queue
[2024-10-03T13:14:41.814+0000] {logging_mixin.py:190} INFO - [2024-10-03T13:14:41.813+0000] {dagbag.py:587} INFO - Filling up the DagBag from /home/airflow/.local/lib/python3.12/site-packages/airflow/example_dags/example_complex.py
[2024-10-03T13:14:41.839+0000] {processor.py:925} INFO - DAG(s) 'example_complex' retrieved from /home/airflow/.local/lib/python3.12/site-packages/airflow/example_dags/example_complex.py
[2024-10-03T13:14:41.896+0000] {logging_mixin.py:190} INFO - [2024-10-03T13:14:41.896+0000] {dag.py:3229} INFO - Sync 1 DAGs
[2024-10-03T13:14:41.922+0000] {logging_mixin.py:190} INFO - [2024-10-03T13:14:41.922+0000] {dag.py:4156} INFO - Setting next_dagrun for example_complex to None, run_after=None
[2024-10-03T13:14:42.415+0000] {processor.py:208} INFO - Processing /home/airflow/.local/lib/python3.12/site-packages/airflow/example_dags/example_complex.py took 0.618 seconds
[2024-10-03T13:15:12.895+0000] {processor.py:186} INFO - Started process (PID=686) to work on /home/airflow/.local/lib/python3.12/site-packages/airflow/example_dags/example_complex.py
[2024-10-03T13:15:12.896+0000] {processor.py:914} INFO - Processing file /home/airflow/.local/lib/python3.12/site-packages/airflow/example_dags/example_complex.py for tasks to queue
[2024-10-03T13:15:12.900+0000] {logging_mixin.py:190} INFO - [2024-10-03T13:15:12.899+0000] {dagbag.py:587} INFO - Filling up the DagBag from /home/airflow/.local/lib/python3.12/site-packages/airflow/example_dags/example_complex.py
[2024-10-03T13:15:12.919+0000] {processor.py:925} INFO - DAG(s) 'example_complex' retrieved from /home/airflow/.local/lib/python3.12/site-packages/airflow/example_dags/example_complex.py
[2024-10-03T13:15:12.967+0000] {logging_mixin.py:190} INFO - [2024-10-03T13:15:12.967+0000] {dag.py:3229} INFO - Sync 1 DAGs
[2024-10-03T13:15:12.991+0000] {logging_mixin.py:190} INFO - [2024-10-03T13:15:12.991+0000] {dag.py:4156} INFO - Setting next_dagrun for example_complex to None, run_after=None
[2024-10-03T13:15:13.153+0000] {processor.py:208} INFO - Processing /home/airflow/.local/lib/python3.12/site-packages/airflow/example_dags/example_complex.py took 0.264 seconds
[2024-10-03T13:15:43.686+0000] {processor.py:186} INFO - Started process (PID=749) to work on /home/airflow/.local/lib/python3.12/site-packages/airflow/example_dags/example_complex.py
[2024-10-03T13:15:43.687+0000] {processor.py:914} INFO - Processing file /home/airflow/.local/lib/python3.12/site-packages/airflow/example_dags/example_complex.py for tasks to queue
[2024-10-03T13:15:43.689+0000] {logging_mixin.py:190} INFO - [2024-10-03T13:15:43.689+0000] {dagbag.py:587} INFO - Filling up the DagBag from /home/airflow/.local/lib/python3.12/site-packages/airflow/example_dags/example_complex.py
[2024-10-03T13:15:43.702+0000] {processor.py:925} INFO - DAG(s) 'example_complex' retrieved from /home/airflow/.local/lib/python3.12/site-packages/airflow/example_dags/example_complex.py
[2024-10-03T13:15:43.739+0000] {logging_mixin.py:190} INFO - [2024-10-03T13:15:43.739+0000] {dag.py:3229} INFO - Sync 1 DAGs
[2024-10-03T13:15:43.758+0000] {logging_mixin.py:190} INFO - [2024-10-03T13:15:43.757+0000] {dag.py:4156} INFO - Setting next_dagrun for example_complex to None, run_after=None
[2024-10-03T13:15:43.874+0000] {processor.py:208} INFO - Processing /home/airflow/.local/lib/python3.12/site-packages/airflow/example_dags/example_complex.py took 0.193 seconds
[2024-10-03T13:16:14.048+0000] {processor.py:186} INFO - Started process (PID=812) to work on /home/airflow/.local/lib/python3.12/site-packages/airflow/example_dags/example_complex.py
[2024-10-03T13:16:14.050+0000] {processor.py:914} INFO - Processing file /home/airflow/.local/lib/python3.12/site-packages/airflow/example_dags/example_complex.py for tasks to queue
[2024-10-03T13:16:14.054+0000] {logging_mixin.py:190} INFO - [2024-10-03T13:16:14.054+0000] {dagbag.py:587} INFO - Filling up the DagBag from /home/airflow/.local/lib/python3.12/site-packages/airflow/example_dags/example_complex.py
[2024-10-03T13:16:14.077+0000] {processor.py:925} INFO - DAG(s) 'example_complex' retrieved from /home/airflow/.local/lib/python3.12/site-packages/airflow/example_dags/example_complex.py
[2024-10-03T13:16:14.128+0000] {logging_mixin.py:190} INFO - [2024-10-03T13:16:14.128+0000] {dag.py:3229} INFO - Sync 1 DAGs
[2024-10-03T13:16:14.150+0000] {logging_mixin.py:190} INFO - [2024-10-03T13:16:14.150+0000] {dag.py:4156} INFO - Setting next_dagrun for example_complex to None, run_after=None
[2024-10-03T13:16:14.422+0000] {processor.py:208} INFO - Processing /home/airflow/.local/lib/python3.12/site-packages/airflow/example_dags/example_complex.py took 0.385 seconds
[2024-10-03T13:16:44.709+0000] {processor.py:186} INFO - Started process (PID=875) to work on /home/airflow/.local/lib/python3.12/site-packages/airflow/example_dags/example_complex.py
[2024-10-03T13:16:44.711+0000] {processor.py:914} INFO - Processing file /home/airflow/.local/lib/python3.12/site-packages/airflow/example_dags/example_complex.py for tasks to queue
[2024-10-03T13:16:44.715+0000] {logging_mixin.py:190} INFO - [2024-10-03T13:16:44.715+0000] {dagbag.py:587} INFO - Filling up the DagBag from /home/airflow/.local/lib/python3.12/site-packages/airflow/example_dags/example_complex.py
[2024-10-03T13:16:44.736+0000] {processor.py:925} INFO - DAG(s) 'example_complex' retrieved from /home/airflow/.local/lib/python3.12/site-packages/airflow/example_dags/example_complex.py
[2024-10-03T13:16:44.805+0000] {logging_mixin.py:190} INFO - [2024-10-03T13:16:44.804+0000] {dag.py:3229} INFO - Sync 1 DAGs
[2024-10-03T13:16:44.836+0000] {logging_mixin.py:190} INFO - [2024-10-03T13:16:44.835+0000] {dag.py:4156} INFO - Setting next_dagrun for example_complex to None, run_after=None
[2024-10-03T13:16:44.929+0000] {processor.py:208} INFO - Processing /home/airflow/.local/lib/python3.12/site-packages/airflow/example_dags/example_complex.py took 0.232 seconds
[2024-10-03T13:17:16.631+0000] {processor.py:186} INFO - Started process (PID=938) to work on /home/airflow/.local/lib/python3.12/site-packages/airflow/example_dags/example_complex.py
[2024-10-03T13:17:16.632+0000] {processor.py:914} INFO - Processing file /home/airflow/.local/lib/python3.12/site-packages/airflow/example_dags/example_complex.py for tasks to queue
[2024-10-03T13:17:16.635+0000] {logging_mixin.py:190} INFO - [2024-10-03T13:17:16.634+0000] {dagbag.py:587} INFO - Filling up the DagBag from /home/airflow/.local/lib/python3.12/site-packages/airflow/example_dags/example_complex.py
[2024-10-03T13:17:16.651+0000] {processor.py:925} INFO - DAG(s) 'example_complex' retrieved from /home/airflow/.local/lib/python3.12/site-packages/airflow/example_dags/example_complex.py
[2024-10-03T13:17:16.702+0000] {logging_mixin.py:190} INFO - [2024-10-03T13:17:16.702+0000] {dag.py:3229} INFO - Sync 1 DAGs
[2024-10-03T13:17:16.768+0000] {logging_mixin.py:190} INFO - [2024-10-03T13:17:16.767+0000] {dag.py:4156} INFO - Setting next_dagrun for example_complex to None, run_after=None
[2024-10-03T13:17:17.240+0000] {processor.py:208} INFO - Processing /home/airflow/.local/lib/python3.12/site-packages/airflow/example_dags/example_complex.py took 0.617 seconds
[2024-10-03T13:17:47.972+0000] {processor.py:186} INFO - Started process (PID=1001) to work on /home/airflow/.local/lib/python3.12/site-packages/airflow/example_dags/example_complex.py
[2024-10-03T13:17:47.973+0000] {processor.py:914} INFO - Processing file /home/airflow/.local/lib/python3.12/site-packages/airflow/example_dags/example_complex.py for tasks to queue
[2024-10-03T13:17:47.977+0000] {logging_mixin.py:190} INFO - [2024-10-03T13:17:47.976+0000] {dagbag.py:587} INFO - Filling up the DagBag from /home/airflow/.local/lib/python3.12/site-packages/airflow/example_dags/example_complex.py
[2024-10-03T13:17:47.995+0000] {processor.py:925} INFO - DAG(s) 'example_complex' retrieved from /home/airflow/.local/lib/python3.12/site-packages/airflow/example_dags/example_complex.py
[2024-10-03T13:17:48.042+0000] {logging_mixin.py:190} INFO - [2024-10-03T13:17:48.041+0000] {dag.py:3229} INFO - Sync 1 DAGs
[2024-10-03T13:17:48.065+0000] {logging_mixin.py:190} INFO - [2024-10-03T13:17:48.065+0000] {dag.py:4156} INFO - Setting next_dagrun for example_complex to None, run_after=None
[2024-10-03T13:17:48.185+0000] {processor.py:208} INFO - Processing /home/airflow/.local/lib/python3.12/site-packages/airflow/example_dags/example_complex.py took 0.222 seconds
[2024-10-03T13:18:20.600+0000] {processor.py:186} INFO - Started process (PID=1065) to work on /home/airflow/.local/lib/python3.12/site-packages/airflow/example_dags/example_complex.py
[2024-10-03T13:18:20.602+0000] {processor.py:914} INFO - Processing file /home/airflow/.local/lib/python3.12/site-packages/airflow/example_dags/example_complex.py for tasks to queue
[2024-10-03T13:18:20.606+0000] {logging_mixin.py:190} INFO - [2024-10-03T13:18:20.606+0000] {dagbag.py:587} INFO - Filling up the DagBag from /home/airflow/.local/lib/python3.12/site-packages/airflow/example_dags/example_complex.py
[2024-10-03T13:18:20.632+0000] {processor.py:925} INFO - DAG(s) 'example_complex' retrieved from /home/airflow/.local/lib/python3.12/site-packages/airflow/example_dags/example_complex.py
[2024-10-03T13:18:20.693+0000] {logging_mixin.py:190} INFO - [2024-10-03T13:18:20.693+0000] {dag.py:3229} INFO - Sync 1 DAGs
[2024-10-03T13:18:20.725+0000] {logging_mixin.py:190} INFO - [2024-10-03T13:18:20.724+0000] {dag.py:4156} INFO - Setting next_dagrun for example_complex to None, run_after=None
[2024-10-03T13:18:20.845+0000] {processor.py:208} INFO - Processing /home/airflow/.local/lib/python3.12/site-packages/airflow/example_dags/example_complex.py took 0.255 seconds
