[2024-10-03T13:10:15.878+0000] {processor.py:186} INFO - Started process (PID=91) to work on /home/airflow/.local/lib/python3.12/site-packages/airflow/example_dags/example_nested_branch_dag.py
[2024-10-03T13:10:15.879+0000] {processor.py:914} INFO - Processing file /home/airflow/.local/lib/python3.12/site-packages/airflow/example_dags/example_nested_branch_dag.py for tasks to queue
[2024-10-03T13:10:15.882+0000] {logging_mixin.py:190} INFO - [2024-10-03T13:10:15.881+0000] {dagbag.py:587} INFO - Filling up the DagBag from /home/airflow/.local/lib/python3.12/site-packages/airflow/example_dags/example_nested_branch_dag.py
[2024-10-03T13:10:15.945+0000] {processor.py:925} INFO - DAG(s) 'example_nested_branch_dag' retrieved from /home/airflow/.local/lib/python3.12/site-packages/airflow/example_dags/example_nested_branch_dag.py
[2024-10-03T13:10:15.977+0000] {logging_mixin.py:190} INFO - [2024-10-03T13:10:15.977+0000] {dag.py:3229} INFO - Sync 1 DAGs
[2024-10-03T13:10:16.006+0000] {logging_mixin.py:190} INFO - [2024-10-03T13:10:16.006+0000] {dag.py:4156} INFO - Setting next_dagrun for example_nested_branch_dag to 2024-10-02 00:00:00+00:00, run_after=2024-10-03 00:00:00+00:00
[2024-10-03T13:10:16.111+0000] {processor.py:208} INFO - Processing /home/airflow/.local/lib/python3.12/site-packages/airflow/example_dags/example_nested_branch_dag.py took 0.239 seconds
[2024-10-03T13:10:47.386+0000] {processor.py:186} INFO - Started process (PID=154) to work on /home/airflow/.local/lib/python3.12/site-packages/airflow/example_dags/example_nested_branch_dag.py
[2024-10-03T13:10:47.387+0000] {processor.py:914} INFO - Processing file /home/airflow/.local/lib/python3.12/site-packages/airflow/example_dags/example_nested_branch_dag.py for tasks to queue
[2024-10-03T13:10:47.392+0000] {logging_mixin.py:190} INFO - [2024-10-03T13:10:47.391+0000] {dagbag.py:587} INFO - Filling up the DagBag from /home/airflow/.local/lib/python3.12/site-packages/airflow/example_dags/example_nested_branch_dag.py
[2024-10-03T13:10:47.414+0000] {processor.py:925} INFO - DAG(s) 'example_nested_branch_dag' retrieved from /home/airflow/.local/lib/python3.12/site-packages/airflow/example_dags/example_nested_branch_dag.py
[2024-10-03T13:10:47.459+0000] {logging_mixin.py:190} INFO - [2024-10-03T13:10:47.459+0000] {dag.py:3229} INFO - Sync 1 DAGs
[2024-10-03T13:10:47.534+0000] {logging_mixin.py:190} INFO - [2024-10-03T13:10:47.534+0000] {dag.py:4156} INFO - Setting next_dagrun for example_nested_branch_dag to 2024-10-02 00:00:00+00:00, run_after=2024-10-03 00:00:00+00:00
[2024-10-03T13:10:47.634+0000] {processor.py:208} INFO - Processing /home/airflow/.local/lib/python3.12/site-packages/airflow/example_dags/example_nested_branch_dag.py took 0.266 seconds
[2024-10-03T13:11:17.902+0000] {processor.py:186} INFO - Started process (PID=217) to work on /home/airflow/.local/lib/python3.12/site-packages/airflow/example_dags/example_nested_branch_dag.py
[2024-10-03T13:11:17.904+0000] {processor.py:914} INFO - Processing file /home/airflow/.local/lib/python3.12/site-packages/airflow/example_dags/example_nested_branch_dag.py for tasks to queue
[2024-10-03T13:11:17.908+0000] {logging_mixin.py:190} INFO - [2024-10-03T13:11:17.907+0000] {dagbag.py:587} INFO - Filling up the DagBag from /home/airflow/.local/lib/python3.12/site-packages/airflow/example_dags/example_nested_branch_dag.py
[2024-10-03T13:11:17.929+0000] {processor.py:925} INFO - DAG(s) 'example_nested_branch_dag' retrieved from /home/airflow/.local/lib/python3.12/site-packages/airflow/example_dags/example_nested_branch_dag.py
[2024-10-03T13:11:17.969+0000] {logging_mixin.py:190} INFO - [2024-10-03T13:11:17.968+0000] {dag.py:3229} INFO - Sync 1 DAGs
[2024-10-03T13:11:18.009+0000] {logging_mixin.py:190} INFO - [2024-10-03T13:11:18.009+0000] {dag.py:4156} INFO - Setting next_dagrun for example_nested_branch_dag to 2024-10-02 00:00:00+00:00, run_after=2024-10-03 00:00:00+00:00
[2024-10-03T13:11:18.224+0000] {processor.py:208} INFO - Processing /home/airflow/.local/lib/python3.12/site-packages/airflow/example_dags/example_nested_branch_dag.py took 0.333 seconds
[2024-10-03T13:11:53.793+0000] {processor.py:186} INFO - Started process (PID=280) to work on /home/airflow/.local/lib/python3.12/site-packages/airflow/example_dags/example_nested_branch_dag.py
[2024-10-03T13:11:53.795+0000] {processor.py:914} INFO - Processing file /home/airflow/.local/lib/python3.12/site-packages/airflow/example_dags/example_nested_branch_dag.py for tasks to queue
[2024-10-03T13:11:53.799+0000] {logging_mixin.py:190} INFO - [2024-10-03T13:11:53.798+0000] {dagbag.py:587} INFO - Filling up the DagBag from /home/airflow/.local/lib/python3.12/site-packages/airflow/example_dags/example_nested_branch_dag.py
[2024-10-03T13:11:53.813+0000] {processor.py:925} INFO - DAG(s) 'example_nested_branch_dag' retrieved from /home/airflow/.local/lib/python3.12/site-packages/airflow/example_dags/example_nested_branch_dag.py
[2024-10-03T13:11:53.838+0000] {logging_mixin.py:190} INFO - [2024-10-03T13:11:53.838+0000] {dag.py:3229} INFO - Sync 1 DAGs
[2024-10-03T13:11:53.868+0000] {logging_mixin.py:190} INFO - [2024-10-03T13:11:53.868+0000] {dag.py:4156} INFO - Setting next_dagrun for example_nested_branch_dag to 2024-10-02 00:00:00+00:00, run_after=2024-10-03 00:00:00+00:00
[2024-10-03T13:11:54.021+0000] {processor.py:208} INFO - Processing /home/airflow/.local/lib/python3.12/site-packages/airflow/example_dags/example_nested_branch_dag.py took 0.235 seconds
[2024-10-03T13:12:24.227+0000] {processor.py:186} INFO - Started process (PID=341) to work on /home/airflow/.local/lib/python3.12/site-packages/airflow/example_dags/example_nested_branch_dag.py
[2024-10-03T13:12:24.228+0000] {processor.py:914} INFO - Processing file /home/airflow/.local/lib/python3.12/site-packages/airflow/example_dags/example_nested_branch_dag.py for tasks to queue
[2024-10-03T13:12:24.233+0000] {logging_mixin.py:190} INFO - [2024-10-03T13:12:24.232+0000] {dagbag.py:587} INFO - Filling up the DagBag from /home/airflow/.local/lib/python3.12/site-packages/airflow/example_dags/example_nested_branch_dag.py
[2024-10-03T13:12:24.257+0000] {processor.py:925} INFO - DAG(s) 'example_nested_branch_dag' retrieved from /home/airflow/.local/lib/python3.12/site-packages/airflow/example_dags/example_nested_branch_dag.py
[2024-10-03T13:12:24.310+0000] {logging_mixin.py:190} INFO - [2024-10-03T13:12:24.310+0000] {dag.py:3229} INFO - Sync 1 DAGs
[2024-10-03T13:12:24.361+0000] {logging_mixin.py:190} INFO - [2024-10-03T13:12:24.361+0000] {dag.py:4156} INFO - Setting next_dagrun for example_nested_branch_dag to 2024-10-02 00:00:00+00:00, run_after=2024-10-03 00:00:00+00:00
[2024-10-03T13:12:24.424+0000] {processor.py:208} INFO - Processing /home/airflow/.local/lib/python3.12/site-packages/airflow/example_dags/example_nested_branch_dag.py took 0.205 seconds
[2024-10-03T13:12:54.944+0000] {processor.py:186} INFO - Started process (PID=404) to work on /home/airflow/.local/lib/python3.12/site-packages/airflow/example_dags/example_nested_branch_dag.py
[2024-10-03T13:12:54.945+0000] {processor.py:914} INFO - Processing file /home/airflow/.local/lib/python3.12/site-packages/airflow/example_dags/example_nested_branch_dag.py for tasks to queue
[2024-10-03T13:12:54.949+0000] {logging_mixin.py:190} INFO - [2024-10-03T13:12:54.949+0000] {dagbag.py:587} INFO - Filling up the DagBag from /home/airflow/.local/lib/python3.12/site-packages/airflow/example_dags/example_nested_branch_dag.py
[2024-10-03T13:12:54.979+0000] {processor.py:925} INFO - DAG(s) 'example_nested_branch_dag' retrieved from /home/airflow/.local/lib/python3.12/site-packages/airflow/example_dags/example_nested_branch_dag.py
[2024-10-03T13:12:55.034+0000] {logging_mixin.py:190} INFO - [2024-10-03T13:12:55.032+0000] {dag.py:3229} INFO - Sync 1 DAGs
[2024-10-03T13:12:55.188+0000] {logging_mixin.py:190} INFO - [2024-10-03T13:12:55.187+0000] {dag.py:4156} INFO - Setting next_dagrun for example_nested_branch_dag to 2024-10-02 00:00:00+00:00, run_after=2024-10-03 00:00:00+00:00
[2024-10-03T13:12:55.369+0000] {processor.py:208} INFO - Processing /home/airflow/.local/lib/python3.12/site-packages/airflow/example_dags/example_nested_branch_dag.py took 0.433 seconds
[2024-10-03T13:13:26.856+0000] {processor.py:186} INFO - Started process (PID=467) to work on /home/airflow/.local/lib/python3.12/site-packages/airflow/example_dags/example_nested_branch_dag.py
[2024-10-03T13:13:26.859+0000] {processor.py:914} INFO - Processing file /home/airflow/.local/lib/python3.12/site-packages/airflow/example_dags/example_nested_branch_dag.py for tasks to queue
[2024-10-03T13:13:26.864+0000] {logging_mixin.py:190} INFO - [2024-10-03T13:13:26.863+0000] {dagbag.py:587} INFO - Filling up the DagBag from /home/airflow/.local/lib/python3.12/site-packages/airflow/example_dags/example_nested_branch_dag.py
[2024-10-03T13:13:26.888+0000] {processor.py:925} INFO - DAG(s) 'example_nested_branch_dag' retrieved from /home/airflow/.local/lib/python3.12/site-packages/airflow/example_dags/example_nested_branch_dag.py
[2024-10-03T13:13:26.938+0000] {logging_mixin.py:190} INFO - [2024-10-03T13:13:26.937+0000] {dag.py:3229} INFO - Sync 1 DAGs
[2024-10-03T13:13:27.012+0000] {logging_mixin.py:190} INFO - [2024-10-03T13:13:27.010+0000] {dag.py:4156} INFO - Setting next_dagrun for example_nested_branch_dag to 2024-10-02 00:00:00+00:00, run_after=2024-10-03 00:00:00+00:00
[2024-10-03T13:13:27.638+0000] {processor.py:208} INFO - Processing /home/airflow/.local/lib/python3.12/site-packages/airflow/example_dags/example_nested_branch_dag.py took 0.793 seconds
[2024-10-03T13:13:57.757+0000] {processor.py:186} INFO - Started process (PID=530) to work on /home/airflow/.local/lib/python3.12/site-packages/airflow/example_dags/example_nested_branch_dag.py
[2024-10-03T13:13:57.919+0000] {processor.py:914} INFO - Processing file /home/airflow/.local/lib/python3.12/site-packages/airflow/example_dags/example_nested_branch_dag.py for tasks to queue
[2024-10-03T13:13:57.923+0000] {logging_mixin.py:190} INFO - [2024-10-03T13:13:57.923+0000] {dagbag.py:587} INFO - Filling up the DagBag from /home/airflow/.local/lib/python3.12/site-packages/airflow/example_dags/example_nested_branch_dag.py
[2024-10-03T13:13:57.954+0000] {processor.py:925} INFO - DAG(s) 'example_nested_branch_dag' retrieved from /home/airflow/.local/lib/python3.12/site-packages/airflow/example_dags/example_nested_branch_dag.py
[2024-10-03T13:13:58.009+0000] {logging_mixin.py:190} INFO - [2024-10-03T13:13:58.009+0000] {dag.py:3229} INFO - Sync 1 DAGs
[2024-10-03T13:13:58.063+0000] {logging_mixin.py:190} INFO - [2024-10-03T13:13:58.062+0000] {dag.py:4156} INFO - Setting next_dagrun for example_nested_branch_dag to 2024-10-02 00:00:00+00:00, run_after=2024-10-03 00:00:00+00:00
[2024-10-03T13:13:58.339+0000] {processor.py:208} INFO - Processing /home/airflow/.local/lib/python3.12/site-packages/airflow/example_dags/example_nested_branch_dag.py took 0.599 seconds
[2024-10-03T13:14:28.904+0000] {processor.py:186} INFO - Started process (PID=593) to work on /home/airflow/.local/lib/python3.12/site-packages/airflow/example_dags/example_nested_branch_dag.py
[2024-10-03T13:14:28.905+0000] {processor.py:914} INFO - Processing file /home/airflow/.local/lib/python3.12/site-packages/airflow/example_dags/example_nested_branch_dag.py for tasks to queue
[2024-10-03T13:14:28.909+0000] {logging_mixin.py:190} INFO - [2024-10-03T13:14:28.909+0000] {dagbag.py:587} INFO - Filling up the DagBag from /home/airflow/.local/lib/python3.12/site-packages/airflow/example_dags/example_nested_branch_dag.py
[2024-10-03T13:14:28.924+0000] {processor.py:925} INFO - DAG(s) 'example_nested_branch_dag' retrieved from /home/airflow/.local/lib/python3.12/site-packages/airflow/example_dags/example_nested_branch_dag.py
[2024-10-03T13:14:28.955+0000] {logging_mixin.py:190} INFO - [2024-10-03T13:14:28.954+0000] {dag.py:3229} INFO - Sync 1 DAGs
[2024-10-03T13:14:28.989+0000] {logging_mixin.py:190} INFO - [2024-10-03T13:14:28.989+0000] {dag.py:4156} INFO - Setting next_dagrun for example_nested_branch_dag to 2024-10-02 00:00:00+00:00, run_after=2024-10-03 00:00:00+00:00
[2024-10-03T13:14:29.226+0000] {processor.py:208} INFO - Processing /home/airflow/.local/lib/python3.12/site-packages/airflow/example_dags/example_nested_branch_dag.py took 0.329 seconds
[2024-10-03T13:15:01.727+0000] {processor.py:186} INFO - Started process (PID=662) to work on /home/airflow/.local/lib/python3.12/site-packages/airflow/example_dags/example_nested_branch_dag.py
[2024-10-03T13:15:01.728+0000] {processor.py:914} INFO - Processing file /home/airflow/.local/lib/python3.12/site-packages/airflow/example_dags/example_nested_branch_dag.py for tasks to queue
[2024-10-03T13:15:01.734+0000] {logging_mixin.py:190} INFO - [2024-10-03T13:15:01.733+0000] {dagbag.py:587} INFO - Filling up the DagBag from /home/airflow/.local/lib/python3.12/site-packages/airflow/example_dags/example_nested_branch_dag.py
[2024-10-03T13:15:01.765+0000] {processor.py:925} INFO - DAG(s) 'example_nested_branch_dag' retrieved from /home/airflow/.local/lib/python3.12/site-packages/airflow/example_dags/example_nested_branch_dag.py
[2024-10-03T13:15:01.813+0000] {logging_mixin.py:190} INFO - [2024-10-03T13:15:01.813+0000] {dag.py:3229} INFO - Sync 1 DAGs
[2024-10-03T13:15:01.889+0000] {logging_mixin.py:190} INFO - [2024-10-03T13:15:01.889+0000] {dag.py:4156} INFO - Setting next_dagrun for example_nested_branch_dag to 2024-10-02 00:00:00+00:00, run_after=2024-10-03 00:00:00+00:00
[2024-10-03T13:15:02.000+0000] {processor.py:208} INFO - Processing /home/airflow/.local/lib/python3.12/site-packages/airflow/example_dags/example_nested_branch_dag.py took 0.285 seconds
[2024-10-03T13:15:32.199+0000] {processor.py:186} INFO - Started process (PID=725) to work on /home/airflow/.local/lib/python3.12/site-packages/airflow/example_dags/example_nested_branch_dag.py
[2024-10-03T13:15:32.200+0000] {processor.py:914} INFO - Processing file /home/airflow/.local/lib/python3.12/site-packages/airflow/example_dags/example_nested_branch_dag.py for tasks to queue
[2024-10-03T13:15:32.203+0000] {logging_mixin.py:190} INFO - [2024-10-03T13:15:32.203+0000] {dagbag.py:587} INFO - Filling up the DagBag from /home/airflow/.local/lib/python3.12/site-packages/airflow/example_dags/example_nested_branch_dag.py
[2024-10-03T13:15:32.226+0000] {processor.py:925} INFO - DAG(s) 'example_nested_branch_dag' retrieved from /home/airflow/.local/lib/python3.12/site-packages/airflow/example_dags/example_nested_branch_dag.py
[2024-10-03T13:15:32.256+0000] {logging_mixin.py:190} INFO - [2024-10-03T13:15:32.255+0000] {dag.py:3229} INFO - Sync 1 DAGs
[2024-10-03T13:15:32.292+0000] {logging_mixin.py:190} INFO - [2024-10-03T13:15:32.291+0000] {dag.py:4156} INFO - Setting next_dagrun for example_nested_branch_dag to 2024-10-02 00:00:00+00:00, run_after=2024-10-03 00:00:00+00:00
[2024-10-03T13:15:32.569+0000] {processor.py:208} INFO - Processing /home/airflow/.local/lib/python3.12/site-packages/airflow/example_dags/example_nested_branch_dag.py took 0.377 seconds
[2024-10-03T13:16:03.842+0000] {processor.py:186} INFO - Started process (PID=789) to work on /home/airflow/.local/lib/python3.12/site-packages/airflow/example_dags/example_nested_branch_dag.py
[2024-10-03T13:16:03.846+0000] {processor.py:914} INFO - Processing file /home/airflow/.local/lib/python3.12/site-packages/airflow/example_dags/example_nested_branch_dag.py for tasks to queue
[2024-10-03T13:16:03.852+0000] {logging_mixin.py:190} INFO - [2024-10-03T13:16:03.852+0000] {dagbag.py:587} INFO - Filling up the DagBag from /home/airflow/.local/lib/python3.12/site-packages/airflow/example_dags/example_nested_branch_dag.py
[2024-10-03T13:16:03.875+0000] {processor.py:925} INFO - DAG(s) 'example_nested_branch_dag' retrieved from /home/airflow/.local/lib/python3.12/site-packages/airflow/example_dags/example_nested_branch_dag.py
[2024-10-03T13:16:03.921+0000] {logging_mixin.py:190} INFO - [2024-10-03T13:16:03.921+0000] {dag.py:3229} INFO - Sync 1 DAGs
[2024-10-03T13:16:03.974+0000] {logging_mixin.py:190} INFO - [2024-10-03T13:16:03.974+0000] {dag.py:4156} INFO - Setting next_dagrun for example_nested_branch_dag to 2024-10-02 00:00:00+00:00, run_after=2024-10-03 00:00:00+00:00
[2024-10-03T13:16:04.049+0000] {processor.py:208} INFO - Processing /home/airflow/.local/lib/python3.12/site-packages/airflow/example_dags/example_nested_branch_dag.py took 0.217 seconds
[2024-10-03T13:16:35.139+0000] {processor.py:186} INFO - Started process (PID=852) to work on /home/airflow/.local/lib/python3.12/site-packages/airflow/example_dags/example_nested_branch_dag.py
[2024-10-03T13:16:35.141+0000] {processor.py:914} INFO - Processing file /home/airflow/.local/lib/python3.12/site-packages/airflow/example_dags/example_nested_branch_dag.py for tasks to queue
[2024-10-03T13:16:35.146+0000] {logging_mixin.py:190} INFO - [2024-10-03T13:16:35.145+0000] {dagbag.py:587} INFO - Filling up the DagBag from /home/airflow/.local/lib/python3.12/site-packages/airflow/example_dags/example_nested_branch_dag.py
[2024-10-03T13:16:35.161+0000] {processor.py:925} INFO - DAG(s) 'example_nested_branch_dag' retrieved from /home/airflow/.local/lib/python3.12/site-packages/airflow/example_dags/example_nested_branch_dag.py
[2024-10-03T13:16:35.190+0000] {logging_mixin.py:190} INFO - [2024-10-03T13:16:35.190+0000] {dag.py:3229} INFO - Sync 1 DAGs
[2024-10-03T13:16:35.225+0000] {logging_mixin.py:190} INFO - [2024-10-03T13:16:35.224+0000] {dag.py:4156} INFO - Setting next_dagrun for example_nested_branch_dag to 2024-10-02 00:00:00+00:00, run_after=2024-10-03 00:00:00+00:00
[2024-10-03T13:16:35.704+0000] {processor.py:208} INFO - Processing /home/airflow/.local/lib/python3.12/site-packages/airflow/example_dags/example_nested_branch_dag.py took 0.572 seconds
[2024-10-03T13:17:05.779+0000] {processor.py:186} INFO - Started process (PID=914) to work on /home/airflow/.local/lib/python3.12/site-packages/airflow/example_dags/example_nested_branch_dag.py
[2024-10-03T13:17:05.780+0000] {processor.py:914} INFO - Processing file /home/airflow/.local/lib/python3.12/site-packages/airflow/example_dags/example_nested_branch_dag.py for tasks to queue
[2024-10-03T13:17:05.784+0000] {logging_mixin.py:190} INFO - [2024-10-03T13:17:05.783+0000] {dagbag.py:587} INFO - Filling up the DagBag from /home/airflow/.local/lib/python3.12/site-packages/airflow/example_dags/example_nested_branch_dag.py
[2024-10-03T13:17:05.805+0000] {processor.py:925} INFO - DAG(s) 'example_nested_branch_dag' retrieved from /home/airflow/.local/lib/python3.12/site-packages/airflow/example_dags/example_nested_branch_dag.py
[2024-10-03T13:17:05.839+0000] {logging_mixin.py:190} INFO - [2024-10-03T13:17:05.839+0000] {dag.py:3229} INFO - Sync 1 DAGs
[2024-10-03T13:17:05.878+0000] {logging_mixin.py:190} INFO - [2024-10-03T13:17:05.878+0000] {dag.py:4156} INFO - Setting next_dagrun for example_nested_branch_dag to 2024-10-02 00:00:00+00:00, run_after=2024-10-03 00:00:00+00:00
[2024-10-03T13:17:06.116+0000] {processor.py:208} INFO - Processing /home/airflow/.local/lib/python3.12/site-packages/airflow/example_dags/example_nested_branch_dag.py took 0.346 seconds
[2024-10-03T13:17:36.570+0000] {processor.py:186} INFO - Started process (PID=977) to work on /home/airflow/.local/lib/python3.12/site-packages/airflow/example_dags/example_nested_branch_dag.py
[2024-10-03T13:17:36.571+0000] {processor.py:914} INFO - Processing file /home/airflow/.local/lib/python3.12/site-packages/airflow/example_dags/example_nested_branch_dag.py for tasks to queue
[2024-10-03T13:17:36.575+0000] {logging_mixin.py:190} INFO - [2024-10-03T13:17:36.574+0000] {dagbag.py:587} INFO - Filling up the DagBag from /home/airflow/.local/lib/python3.12/site-packages/airflow/example_dags/example_nested_branch_dag.py
[2024-10-03T13:17:36.590+0000] {processor.py:925} INFO - DAG(s) 'example_nested_branch_dag' retrieved from /home/airflow/.local/lib/python3.12/site-packages/airflow/example_dags/example_nested_branch_dag.py
[2024-10-03T13:17:36.620+0000] {logging_mixin.py:190} INFO - [2024-10-03T13:17:36.620+0000] {dag.py:3229} INFO - Sync 1 DAGs
[2024-10-03T13:17:36.656+0000] {logging_mixin.py:190} INFO - [2024-10-03T13:17:36.656+0000] {dag.py:4156} INFO - Setting next_dagrun for example_nested_branch_dag to 2024-10-02 00:00:00+00:00, run_after=2024-10-03 00:00:00+00:00
[2024-10-03T13:17:36.891+0000] {processor.py:208} INFO - Processing /home/airflow/.local/lib/python3.12/site-packages/airflow/example_dags/example_nested_branch_dag.py took 0.330 seconds
[2024-10-03T13:18:07.194+0000] {processor.py:186} INFO - Started process (PID=1040) to work on /home/airflow/.local/lib/python3.12/site-packages/airflow/example_dags/example_nested_branch_dag.py
[2024-10-03T13:18:07.196+0000] {processor.py:914} INFO - Processing file /home/airflow/.local/lib/python3.12/site-packages/airflow/example_dags/example_nested_branch_dag.py for tasks to queue
[2024-10-03T13:18:07.202+0000] {logging_mixin.py:190} INFO - [2024-10-03T13:18:07.202+0000] {dagbag.py:587} INFO - Filling up the DagBag from /home/airflow/.local/lib/python3.12/site-packages/airflow/example_dags/example_nested_branch_dag.py
[2024-10-03T13:18:07.263+0000] {processor.py:925} INFO - DAG(s) 'example_nested_branch_dag' retrieved from /home/airflow/.local/lib/python3.12/site-packages/airflow/example_dags/example_nested_branch_dag.py
[2024-10-03T13:18:07.421+0000] {logging_mixin.py:190} INFO - [2024-10-03T13:18:07.420+0000] {dag.py:3229} INFO - Sync 1 DAGs
[2024-10-03T13:18:07.619+0000] {logging_mixin.py:190} INFO - [2024-10-03T13:18:07.619+0000] {dag.py:4156} INFO - Setting next_dagrun for example_nested_branch_dag to 2024-10-02 00:00:00+00:00, run_after=2024-10-03 00:00:00+00:00
[2024-10-03T13:18:07.764+0000] {processor.py:208} INFO - Processing /home/airflow/.local/lib/python3.12/site-packages/airflow/example_dags/example_nested_branch_dag.py took 0.591 seconds
