[2024-10-03T13:10:16.205+0000] {processor.py:186} INFO - Started process (PID=93) to work on /home/airflow/.local/lib/python3.12/site-packages/airflow/example_dags/example_display_name.py
[2024-10-03T13:10:16.230+0000] {processor.py:914} INFO - Processing file /home/airflow/.local/lib/python3.12/site-packages/airflow/example_dags/example_display_name.py for tasks to queue
[2024-10-03T13:10:16.234+0000] {logging_mixin.py:190} INFO - [2024-10-03T13:10:16.233+0000] {dagbag.py:587} INFO - Filling up the DagBag from /home/airflow/.local/lib/python3.12/site-packages/airflow/example_dags/example_display_name.py
[2024-10-03T13:10:16.243+0000] {processor.py:925} INFO - DAG(s) 'example_display_name' retrieved from /home/airflow/.local/lib/python3.12/site-packages/airflow/example_dags/example_display_name.py
[2024-10-03T13:10:16.276+0000] {logging_mixin.py:190} INFO - [2024-10-03T13:10:16.276+0000] {dag.py:3229} INFO - Sync 1 DAGs
[2024-10-03T13:10:16.311+0000] {logging_mixin.py:190} INFO - [2024-10-03T13:10:16.311+0000] {dag.py:4156} INFO - Setting next_dagrun for example_display_name to None, run_after=None
[2024-10-03T13:10:16.406+0000] {processor.py:208} INFO - Processing /home/airflow/.local/lib/python3.12/site-packages/airflow/example_dags/example_display_name.py took 0.209 seconds
[2024-10-03T13:10:47.702+0000] {processor.py:186} INFO - Started process (PID=156) to work on /home/airflow/.local/lib/python3.12/site-packages/airflow/example_dags/example_display_name.py
[2024-10-03T13:10:47.704+0000] {processor.py:914} INFO - Processing file /home/airflow/.local/lib/python3.12/site-packages/airflow/example_dags/example_display_name.py for tasks to queue
[2024-10-03T13:10:47.713+0000] {logging_mixin.py:190} INFO - [2024-10-03T13:10:47.712+0000] {dagbag.py:587} INFO - Filling up the DagBag from /home/airflow/.local/lib/python3.12/site-packages/airflow/example_dags/example_display_name.py
[2024-10-03T13:10:47.728+0000] {processor.py:925} INFO - DAG(s) 'example_display_name' retrieved from /home/airflow/.local/lib/python3.12/site-packages/airflow/example_dags/example_display_name.py
[2024-10-03T13:10:47.761+0000] {logging_mixin.py:190} INFO - [2024-10-03T13:10:47.761+0000] {dag.py:3229} INFO - Sync 1 DAGs
[2024-10-03T13:10:47.791+0000] {logging_mixin.py:190} INFO - [2024-10-03T13:10:47.791+0000] {dag.py:4156} INFO - Setting next_dagrun for example_display_name to None, run_after=None
[2024-10-03T13:10:47.928+0000] {processor.py:208} INFO - Processing /home/airflow/.local/lib/python3.12/site-packages/airflow/example_dags/example_display_name.py took 0.238 seconds
[2024-10-03T13:11:18.268+0000] {processor.py:186} INFO - Started process (PID=219) to work on /home/airflow/.local/lib/python3.12/site-packages/airflow/example_dags/example_display_name.py
[2024-10-03T13:11:18.270+0000] {processor.py:914} INFO - Processing file /home/airflow/.local/lib/python3.12/site-packages/airflow/example_dags/example_display_name.py for tasks to queue
[2024-10-03T13:11:18.273+0000] {logging_mixin.py:190} INFO - [2024-10-03T13:11:18.272+0000] {dagbag.py:587} INFO - Filling up the DagBag from /home/airflow/.local/lib/python3.12/site-packages/airflow/example_dags/example_display_name.py
[2024-10-03T13:11:18.283+0000] {processor.py:925} INFO - DAG(s) 'example_display_name' retrieved from /home/airflow/.local/lib/python3.12/site-packages/airflow/example_dags/example_display_name.py
[2024-10-03T13:11:18.306+0000] {logging_mixin.py:190} INFO - [2024-10-03T13:11:18.306+0000] {dag.py:3229} INFO - Sync 1 DAGs
[2024-10-03T13:11:18.327+0000] {logging_mixin.py:190} INFO - [2024-10-03T13:11:18.327+0000] {dag.py:4156} INFO - Setting next_dagrun for example_display_name to None, run_after=None
[2024-10-03T13:11:18.413+0000] {processor.py:208} INFO - Processing /home/airflow/.local/lib/python3.12/site-packages/airflow/example_dags/example_display_name.py took 0.151 seconds
[2024-10-03T13:11:54.312+0000] {processor.py:186} INFO - Started process (PID=282) to work on /home/airflow/.local/lib/python3.12/site-packages/airflow/example_dags/example_display_name.py
[2024-10-03T13:11:54.314+0000] {processor.py:914} INFO - Processing file /home/airflow/.local/lib/python3.12/site-packages/airflow/example_dags/example_display_name.py for tasks to queue
[2024-10-03T13:11:54.317+0000] {logging_mixin.py:190} INFO - [2024-10-03T13:11:54.317+0000] {dagbag.py:587} INFO - Filling up the DagBag from /home/airflow/.local/lib/python3.12/site-packages/airflow/example_dags/example_display_name.py
[2024-10-03T13:11:54.326+0000] {processor.py:925} INFO - DAG(s) 'example_display_name' retrieved from /home/airflow/.local/lib/python3.12/site-packages/airflow/example_dags/example_display_name.py
[2024-10-03T13:11:54.355+0000] {logging_mixin.py:190} INFO - [2024-10-03T13:11:54.354+0000] {dag.py:3229} INFO - Sync 1 DAGs
[2024-10-03T13:11:54.384+0000] {logging_mixin.py:190} INFO - [2024-10-03T13:11:54.383+0000] {dag.py:4156} INFO - Setting next_dagrun for example_display_name to None, run_after=None
[2024-10-03T13:11:54.881+0000] {processor.py:208} INFO - Processing /home/airflow/.local/lib/python3.12/site-packages/airflow/example_dags/example_display_name.py took 0.579 seconds
[2024-10-03T13:12:25.487+0000] {processor.py:186} INFO - Started process (PID=343) to work on /home/airflow/.local/lib/python3.12/site-packages/airflow/example_dags/example_display_name.py
[2024-10-03T13:12:25.489+0000] {processor.py:914} INFO - Processing file /home/airflow/.local/lib/python3.12/site-packages/airflow/example_dags/example_display_name.py for tasks to queue
[2024-10-03T13:12:25.493+0000] {logging_mixin.py:190} INFO - [2024-10-03T13:12:25.493+0000] {dagbag.py:587} INFO - Filling up the DagBag from /home/airflow/.local/lib/python3.12/site-packages/airflow/example_dags/example_display_name.py
[2024-10-03T13:12:25.508+0000] {processor.py:925} INFO - DAG(s) 'example_display_name' retrieved from /home/airflow/.local/lib/python3.12/site-packages/airflow/example_dags/example_display_name.py
[2024-10-03T13:12:25.545+0000] {logging_mixin.py:190} INFO - [2024-10-03T13:12:25.544+0000] {dag.py:3229} INFO - Sync 1 DAGs
[2024-10-03T13:12:25.643+0000] {logging_mixin.py:190} INFO - [2024-10-03T13:12:25.642+0000] {dag.py:4156} INFO - Setting next_dagrun for example_display_name to None, run_after=None
[2024-10-03T13:12:25.823+0000] {processor.py:208} INFO - Processing /home/airflow/.local/lib/python3.12/site-packages/airflow/example_dags/example_display_name.py took 0.348 seconds
[2024-10-03T13:12:55.949+0000] {processor.py:186} INFO - Started process (PID=406) to work on /home/airflow/.local/lib/python3.12/site-packages/airflow/example_dags/example_display_name.py
[2024-10-03T13:12:55.951+0000] {processor.py:914} INFO - Processing file /home/airflow/.local/lib/python3.12/site-packages/airflow/example_dags/example_display_name.py for tasks to queue
[2024-10-03T13:12:55.956+0000] {logging_mixin.py:190} INFO - [2024-10-03T13:12:55.955+0000] {dagbag.py:587} INFO - Filling up the DagBag from /home/airflow/.local/lib/python3.12/site-packages/airflow/example_dags/example_display_name.py
[2024-10-03T13:12:55.967+0000] {processor.py:925} INFO - DAG(s) 'example_display_name' retrieved from /home/airflow/.local/lib/python3.12/site-packages/airflow/example_dags/example_display_name.py
[2024-10-03T13:12:56.003+0000] {logging_mixin.py:190} INFO - [2024-10-03T13:12:56.003+0000] {dag.py:3229} INFO - Sync 1 DAGs
[2024-10-03T13:12:56.027+0000] {logging_mixin.py:190} INFO - [2024-10-03T13:12:56.027+0000] {dag.py:4156} INFO - Setting next_dagrun for example_display_name to None, run_after=None
[2024-10-03T13:12:56.450+0000] {processor.py:208} INFO - Processing /home/airflow/.local/lib/python3.12/site-packages/airflow/example_dags/example_display_name.py took 0.507 seconds
[2024-10-03T13:13:29.618+0000] {processor.py:186} INFO - Started process (PID=470) to work on /home/airflow/.local/lib/python3.12/site-packages/airflow/example_dags/example_display_name.py
[2024-10-03T13:13:29.619+0000] {processor.py:914} INFO - Processing file /home/airflow/.local/lib/python3.12/site-packages/airflow/example_dags/example_display_name.py for tasks to queue
[2024-10-03T13:13:29.627+0000] {logging_mixin.py:190} INFO - [2024-10-03T13:13:29.625+0000] {dagbag.py:587} INFO - Filling up the DagBag from /home/airflow/.local/lib/python3.12/site-packages/airflow/example_dags/example_display_name.py
[2024-10-03T13:13:29.639+0000] {processor.py:925} INFO - DAG(s) 'example_display_name' retrieved from /home/airflow/.local/lib/python3.12/site-packages/airflow/example_dags/example_display_name.py
[2024-10-03T13:13:29.667+0000] {logging_mixin.py:190} INFO - [2024-10-03T13:13:29.666+0000] {dag.py:3229} INFO - Sync 1 DAGs
[2024-10-03T13:13:29.687+0000] {logging_mixin.py:190} INFO - [2024-10-03T13:13:29.687+0000] {dag.py:4156} INFO - Setting next_dagrun for example_display_name to None, run_after=None
[2024-10-03T13:13:30.571+0000] {processor.py:208} INFO - Processing /home/airflow/.local/lib/python3.12/site-packages/airflow/example_dags/example_display_name.py took 0.962 seconds
[2024-10-03T13:14:00.718+0000] {processor.py:186} INFO - Started process (PID=539) to work on /home/airflow/.local/lib/python3.12/site-packages/airflow/example_dags/example_display_name.py
[2024-10-03T13:14:00.821+0000] {processor.py:914} INFO - Processing file /home/airflow/.local/lib/python3.12/site-packages/airflow/example_dags/example_display_name.py for tasks to queue
[2024-10-03T13:14:00.825+0000] {logging_mixin.py:190} INFO - [2024-10-03T13:14:00.825+0000] {dagbag.py:587} INFO - Filling up the DagBag from /home/airflow/.local/lib/python3.12/site-packages/airflow/example_dags/example_display_name.py
[2024-10-03T13:14:00.840+0000] {processor.py:925} INFO - DAG(s) 'example_display_name' retrieved from /home/airflow/.local/lib/python3.12/site-packages/airflow/example_dags/example_display_name.py
[2024-10-03T13:14:00.882+0000] {logging_mixin.py:190} INFO - [2024-10-03T13:14:00.882+0000] {dag.py:3229} INFO - Sync 1 DAGs
[2024-10-03T13:14:00.909+0000] {logging_mixin.py:190} INFO - [2024-10-03T13:14:00.909+0000] {dag.py:4156} INFO - Setting next_dagrun for example_display_name to None, run_after=None
[2024-10-03T13:14:01.061+0000] {processor.py:208} INFO - Processing /home/airflow/.local/lib/python3.12/site-packages/airflow/example_dags/example_display_name.py took 0.356 seconds
[2024-10-03T13:14:31.600+0000] {processor.py:186} INFO - Started process (PID=602) to work on /home/airflow/.local/lib/python3.12/site-packages/airflow/example_dags/example_display_name.py
[2024-10-03T13:14:31.602+0000] {processor.py:914} INFO - Processing file /home/airflow/.local/lib/python3.12/site-packages/airflow/example_dags/example_display_name.py for tasks to queue
[2024-10-03T13:14:31.608+0000] {logging_mixin.py:190} INFO - [2024-10-03T13:14:31.606+0000] {dagbag.py:587} INFO - Filling up the DagBag from /home/airflow/.local/lib/python3.12/site-packages/airflow/example_dags/example_display_name.py
[2024-10-03T13:14:31.624+0000] {processor.py:925} INFO - DAG(s) 'example_display_name' retrieved from /home/airflow/.local/lib/python3.12/site-packages/airflow/example_dags/example_display_name.py
[2024-10-03T13:14:31.659+0000] {logging_mixin.py:190} INFO - [2024-10-03T13:14:31.658+0000] {dag.py:3229} INFO - Sync 1 DAGs
[2024-10-03T13:14:31.692+0000] {logging_mixin.py:190} INFO - [2024-10-03T13:14:31.692+0000] {dag.py:4156} INFO - Setting next_dagrun for example_display_name to None, run_after=None
[2024-10-03T13:14:32.099+0000] {processor.py:208} INFO - Processing /home/airflow/.local/lib/python3.12/site-packages/airflow/example_dags/example_display_name.py took 0.511 seconds
[2024-10-03T13:15:02.268+0000] {processor.py:186} INFO - Started process (PID=665) to work on /home/airflow/.local/lib/python3.12/site-packages/airflow/example_dags/example_display_name.py
[2024-10-03T13:15:02.270+0000] {processor.py:914} INFO - Processing file /home/airflow/.local/lib/python3.12/site-packages/airflow/example_dags/example_display_name.py for tasks to queue
[2024-10-03T13:15:02.275+0000] {logging_mixin.py:190} INFO - [2024-10-03T13:15:02.273+0000] {dagbag.py:587} INFO - Filling up the DagBag from /home/airflow/.local/lib/python3.12/site-packages/airflow/example_dags/example_display_name.py
[2024-10-03T13:15:02.292+0000] {processor.py:925} INFO - DAG(s) 'example_display_name' retrieved from /home/airflow/.local/lib/python3.12/site-packages/airflow/example_dags/example_display_name.py
[2024-10-03T13:15:02.329+0000] {logging_mixin.py:190} INFO - [2024-10-03T13:15:02.329+0000] {dag.py:3229} INFO - Sync 1 DAGs
[2024-10-03T13:15:02.359+0000] {logging_mixin.py:190} INFO - [2024-10-03T13:15:02.358+0000] {dag.py:4156} INFO - Setting next_dagrun for example_display_name to None, run_after=None
[2024-10-03T13:15:02.536+0000] {processor.py:208} INFO - Processing /home/airflow/.local/lib/python3.12/site-packages/airflow/example_dags/example_display_name.py took 0.277 seconds
[2024-10-03T13:15:32.946+0000] {processor.py:186} INFO - Started process (PID=728) to work on /home/airflow/.local/lib/python3.12/site-packages/airflow/example_dags/example_display_name.py
[2024-10-03T13:15:32.947+0000] {processor.py:914} INFO - Processing file /home/airflow/.local/lib/python3.12/site-packages/airflow/example_dags/example_display_name.py for tasks to queue
[2024-10-03T13:15:32.950+0000] {logging_mixin.py:190} INFO - [2024-10-03T13:15:32.950+0000] {dagbag.py:587} INFO - Filling up the DagBag from /home/airflow/.local/lib/python3.12/site-packages/airflow/example_dags/example_display_name.py
[2024-10-03T13:15:32.959+0000] {processor.py:925} INFO - DAG(s) 'example_display_name' retrieved from /home/airflow/.local/lib/python3.12/site-packages/airflow/example_dags/example_display_name.py
[2024-10-03T13:15:32.985+0000] {logging_mixin.py:190} INFO - [2024-10-03T13:15:32.985+0000] {dag.py:3229} INFO - Sync 1 DAGs
[2024-10-03T13:15:33.006+0000] {logging_mixin.py:190} INFO - [2024-10-03T13:15:33.006+0000] {dag.py:4156} INFO - Setting next_dagrun for example_display_name to None, run_after=None
[2024-10-03T13:15:33.240+0000] {processor.py:208} INFO - Processing /home/airflow/.local/lib/python3.12/site-packages/airflow/example_dags/example_display_name.py took 0.301 seconds
[2024-10-03T13:16:04.087+0000] {processor.py:186} INFO - Started process (PID=791) to work on /home/airflow/.local/lib/python3.12/site-packages/airflow/example_dags/example_display_name.py
[2024-10-03T13:16:04.088+0000] {processor.py:914} INFO - Processing file /home/airflow/.local/lib/python3.12/site-packages/airflow/example_dags/example_display_name.py for tasks to queue
[2024-10-03T13:16:04.091+0000] {logging_mixin.py:190} INFO - [2024-10-03T13:16:04.091+0000] {dagbag.py:587} INFO - Filling up the DagBag from /home/airflow/.local/lib/python3.12/site-packages/airflow/example_dags/example_display_name.py
[2024-10-03T13:16:04.103+0000] {processor.py:925} INFO - DAG(s) 'example_display_name' retrieved from /home/airflow/.local/lib/python3.12/site-packages/airflow/example_dags/example_display_name.py
[2024-10-03T13:16:04.131+0000] {logging_mixin.py:190} INFO - [2024-10-03T13:16:04.130+0000] {dag.py:3229} INFO - Sync 1 DAGs
[2024-10-03T13:16:04.158+0000] {logging_mixin.py:190} INFO - [2024-10-03T13:16:04.158+0000] {dag.py:4156} INFO - Setting next_dagrun for example_display_name to None, run_after=None
[2024-10-03T13:16:04.287+0000] {processor.py:208} INFO - Processing /home/airflow/.local/lib/python3.12/site-packages/airflow/example_dags/example_display_name.py took 0.209 seconds
[2024-10-03T13:16:35.870+0000] {processor.py:186} INFO - Started process (PID=854) to work on /home/airflow/.local/lib/python3.12/site-packages/airflow/example_dags/example_display_name.py
[2024-10-03T13:16:35.871+0000] {processor.py:914} INFO - Processing file /home/airflow/.local/lib/python3.12/site-packages/airflow/example_dags/example_display_name.py for tasks to queue
[2024-10-03T13:16:35.876+0000] {logging_mixin.py:190} INFO - [2024-10-03T13:16:35.875+0000] {dagbag.py:587} INFO - Filling up the DagBag from /home/airflow/.local/lib/python3.12/site-packages/airflow/example_dags/example_display_name.py
[2024-10-03T13:16:35.892+0000] {processor.py:925} INFO - DAG(s) 'example_display_name' retrieved from /home/airflow/.local/lib/python3.12/site-packages/airflow/example_dags/example_display_name.py
[2024-10-03T13:16:35.953+0000] {logging_mixin.py:190} INFO - [2024-10-03T13:16:35.952+0000] {dag.py:3229} INFO - Sync 1 DAGs
[2024-10-03T13:16:36.009+0000] {logging_mixin.py:190} INFO - [2024-10-03T13:16:36.008+0000] {dag.py:4156} INFO - Setting next_dagrun for example_display_name to None, run_after=None
[2024-10-03T13:16:36.428+0000] {processor.py:208} INFO - Processing /home/airflow/.local/lib/python3.12/site-packages/airflow/example_dags/example_display_name.py took 0.569 seconds
[2024-10-03T13:17:06.770+0000] {processor.py:186} INFO - Started process (PID=917) to work on /home/airflow/.local/lib/python3.12/site-packages/airflow/example_dags/example_display_name.py
[2024-10-03T13:17:06.771+0000] {processor.py:914} INFO - Processing file /home/airflow/.local/lib/python3.12/site-packages/airflow/example_dags/example_display_name.py for tasks to queue
[2024-10-03T13:17:06.776+0000] {logging_mixin.py:190} INFO - [2024-10-03T13:17:06.776+0000] {dagbag.py:587} INFO - Filling up the DagBag from /home/airflow/.local/lib/python3.12/site-packages/airflow/example_dags/example_display_name.py
[2024-10-03T13:17:06.805+0000] {processor.py:925} INFO - DAG(s) 'example_display_name' retrieved from /home/airflow/.local/lib/python3.12/site-packages/airflow/example_dags/example_display_name.py
[2024-10-03T13:17:06.855+0000] {logging_mixin.py:190} INFO - [2024-10-03T13:17:06.854+0000] {dag.py:3229} INFO - Sync 1 DAGs
[2024-10-03T13:17:06.914+0000] {logging_mixin.py:190} INFO - [2024-10-03T13:17:06.914+0000] {dag.py:4156} INFO - Setting next_dagrun for example_display_name to None, run_after=None
[2024-10-03T13:17:07.051+0000] {processor.py:208} INFO - Processing /home/airflow/.local/lib/python3.12/site-packages/airflow/example_dags/example_display_name.py took 0.294 seconds
[2024-10-03T13:17:37.418+0000] {processor.py:186} INFO - Started process (PID=980) to work on /home/airflow/.local/lib/python3.12/site-packages/airflow/example_dags/example_display_name.py
[2024-10-03T13:17:37.419+0000] {processor.py:914} INFO - Processing file /home/airflow/.local/lib/python3.12/site-packages/airflow/example_dags/example_display_name.py for tasks to queue
[2024-10-03T13:17:37.422+0000] {logging_mixin.py:190} INFO - [2024-10-03T13:17:37.422+0000] {dagbag.py:587} INFO - Filling up the DagBag from /home/airflow/.local/lib/python3.12/site-packages/airflow/example_dags/example_display_name.py
[2024-10-03T13:17:37.431+0000] {processor.py:925} INFO - DAG(s) 'example_display_name' retrieved from /home/airflow/.local/lib/python3.12/site-packages/airflow/example_dags/example_display_name.py
[2024-10-03T13:17:37.454+0000] {logging_mixin.py:190} INFO - [2024-10-03T13:17:37.453+0000] {dag.py:3229} INFO - Sync 1 DAGs
[2024-10-03T13:17:37.473+0000] {logging_mixin.py:190} INFO - [2024-10-03T13:17:37.473+0000] {dag.py:4156} INFO - Setting next_dagrun for example_display_name to None, run_after=None
[2024-10-03T13:17:37.597+0000] {processor.py:208} INFO - Processing /home/airflow/.local/lib/python3.12/site-packages/airflow/example_dags/example_display_name.py took 0.187 seconds
[2024-10-03T13:18:08.873+0000] {processor.py:186} INFO - Started process (PID=1043) to work on /home/airflow/.local/lib/python3.12/site-packages/airflow/example_dags/example_display_name.py
[2024-10-03T13:18:08.875+0000] {processor.py:914} INFO - Processing file /home/airflow/.local/lib/python3.12/site-packages/airflow/example_dags/example_display_name.py for tasks to queue
[2024-10-03T13:18:08.882+0000] {logging_mixin.py:190} INFO - [2024-10-03T13:18:08.881+0000] {dagbag.py:587} INFO - Filling up the DagBag from /home/airflow/.local/lib/python3.12/site-packages/airflow/example_dags/example_display_name.py
[2024-10-03T13:18:08.900+0000] {processor.py:925} INFO - DAG(s) 'example_display_name' retrieved from /home/airflow/.local/lib/python3.12/site-packages/airflow/example_dags/example_display_name.py
[2024-10-03T13:18:08.949+0000] {logging_mixin.py:190} INFO - [2024-10-03T13:18:08.948+0000] {dag.py:3229} INFO - Sync 1 DAGs
[2024-10-03T13:18:08.990+0000] {logging_mixin.py:190} INFO - [2024-10-03T13:18:08.989+0000] {dag.py:4156} INFO - Setting next_dagrun for example_display_name to None, run_after=None
[2024-10-03T13:18:09.362+0000] {processor.py:208} INFO - Processing /home/airflow/.local/lib/python3.12/site-packages/airflow/example_dags/example_display_name.py took 0.502 seconds
