[2024-10-03T13:10:18.672+0000] {processor.py:186} INFO - Started process (PID=106) to work on /home/airflow/.local/lib/python3.12/site-packages/airflow/example_dags/example_sensors.py
[2024-10-03T13:10:18.674+0000] {processor.py:914} INFO - Processing file /home/airflow/.local/lib/python3.12/site-packages/airflow/example_dags/example_sensors.py for tasks to queue
[2024-10-03T13:10:18.676+0000] {logging_mixin.py:190} INFO - [2024-10-03T13:10:18.676+0000] {dagbag.py:587} INFO - Filling up the DagBag from /home/airflow/.local/lib/python3.12/site-packages/airflow/example_dags/example_sensors.py
[2024-10-03T13:10:18.691+0000] {processor.py:925} INFO - DAG(s) 'example_sensors' retrieved from /home/airflow/.local/lib/python3.12/site-packages/airflow/example_dags/example_sensors.py
[2024-10-03T13:10:18.728+0000] {logging_mixin.py:190} INFO - [2024-10-03T13:10:18.727+0000] {dag.py:3229} INFO - Sync 1 DAGs
[2024-10-03T13:10:18.746+0000] {logging_mixin.py:190} INFO - [2024-10-03T13:10:18.746+0000] {dag.py:4156} INFO - Setting next_dagrun for example_sensors to None, run_after=None
[2024-10-03T13:10:18.806+0000] {processor.py:208} INFO - Processing /home/airflow/.local/lib/python3.12/site-packages/airflow/example_dags/example_sensors.py took 0.140 seconds
[2024-10-03T13:10:49.463+0000] {processor.py:186} INFO - Started process (PID=169) to work on /home/airflow/.local/lib/python3.12/site-packages/airflow/example_dags/example_sensors.py
[2024-10-03T13:10:49.465+0000] {processor.py:914} INFO - Processing file /home/airflow/.local/lib/python3.12/site-packages/airflow/example_dags/example_sensors.py for tasks to queue
[2024-10-03T13:10:49.469+0000] {logging_mixin.py:190} INFO - [2024-10-03T13:10:49.469+0000] {dagbag.py:587} INFO - Filling up the DagBag from /home/airflow/.local/lib/python3.12/site-packages/airflow/example_dags/example_sensors.py
[2024-10-03T13:10:49.490+0000] {processor.py:925} INFO - DAG(s) 'example_sensors' retrieved from /home/airflow/.local/lib/python3.12/site-packages/airflow/example_dags/example_sensors.py
[2024-10-03T13:10:49.528+0000] {logging_mixin.py:190} INFO - [2024-10-03T13:10:49.528+0000] {dag.py:3229} INFO - Sync 1 DAGs
[2024-10-03T13:10:49.556+0000] {logging_mixin.py:190} INFO - [2024-10-03T13:10:49.556+0000] {dag.py:4156} INFO - Setting next_dagrun for example_sensors to None, run_after=None
[2024-10-03T13:10:49.691+0000] {processor.py:208} INFO - Processing /home/airflow/.local/lib/python3.12/site-packages/airflow/example_dags/example_sensors.py took 0.238 seconds
[2024-10-03T13:11:19.822+0000] {processor.py:186} INFO - Started process (PID=232) to work on /home/airflow/.local/lib/python3.12/site-packages/airflow/example_dags/example_sensors.py
[2024-10-03T13:11:19.824+0000] {processor.py:914} INFO - Processing file /home/airflow/.local/lib/python3.12/site-packages/airflow/example_dags/example_sensors.py for tasks to queue
[2024-10-03T13:11:19.828+0000] {logging_mixin.py:190} INFO - [2024-10-03T13:11:19.827+0000] {dagbag.py:587} INFO - Filling up the DagBag from /home/airflow/.local/lib/python3.12/site-packages/airflow/example_dags/example_sensors.py
[2024-10-03T13:11:19.844+0000] {processor.py:925} INFO - DAG(s) 'example_sensors' retrieved from /home/airflow/.local/lib/python3.12/site-packages/airflow/example_dags/example_sensors.py
[2024-10-03T13:11:19.885+0000] {logging_mixin.py:190} INFO - [2024-10-03T13:11:19.885+0000] {dag.py:3229} INFO - Sync 1 DAGs
[2024-10-03T13:11:19.905+0000] {logging_mixin.py:190} INFO - [2024-10-03T13:11:19.905+0000] {dag.py:4156} INFO - Setting next_dagrun for example_sensors to None, run_after=None
[2024-10-03T13:11:19.999+0000] {processor.py:208} INFO - Processing /home/airflow/.local/lib/python3.12/site-packages/airflow/example_dags/example_sensors.py took 0.188 seconds
[2024-10-03T13:11:58.203+0000] {processor.py:186} INFO - Started process (PID=295) to work on /home/airflow/.local/lib/python3.12/site-packages/airflow/example_dags/example_sensors.py
[2024-10-03T13:11:58.204+0000] {processor.py:914} INFO - Processing file /home/airflow/.local/lib/python3.12/site-packages/airflow/example_dags/example_sensors.py for tasks to queue
[2024-10-03T13:11:58.209+0000] {logging_mixin.py:190} INFO - [2024-10-03T13:11:58.208+0000] {dagbag.py:587} INFO - Filling up the DagBag from /home/airflow/.local/lib/python3.12/site-packages/airflow/example_dags/example_sensors.py
[2024-10-03T13:11:58.227+0000] {processor.py:925} INFO - DAG(s) 'example_sensors' retrieved from /home/airflow/.local/lib/python3.12/site-packages/airflow/example_dags/example_sensors.py
[2024-10-03T13:11:58.269+0000] {logging_mixin.py:190} INFO - [2024-10-03T13:11:58.269+0000] {dag.py:3229} INFO - Sync 1 DAGs
[2024-10-03T13:11:58.292+0000] {logging_mixin.py:190} INFO - [2024-10-03T13:11:58.292+0000] {dag.py:4156} INFO - Setting next_dagrun for example_sensors to None, run_after=None
[2024-10-03T13:11:58.432+0000] {processor.py:208} INFO - Processing /home/airflow/.local/lib/python3.12/site-packages/airflow/example_dags/example_sensors.py took 0.239 seconds
[2024-10-03T13:12:29.389+0000] {processor.py:186} INFO - Started process (PID=357) to work on /home/airflow/.local/lib/python3.12/site-packages/airflow/example_dags/example_sensors.py
[2024-10-03T13:12:29.390+0000] {processor.py:914} INFO - Processing file /home/airflow/.local/lib/python3.12/site-packages/airflow/example_dags/example_sensors.py for tasks to queue
[2024-10-03T13:12:29.394+0000] {logging_mixin.py:190} INFO - [2024-10-03T13:12:29.393+0000] {dagbag.py:587} INFO - Filling up the DagBag from /home/airflow/.local/lib/python3.12/site-packages/airflow/example_dags/example_sensors.py
[2024-10-03T13:12:29.414+0000] {processor.py:925} INFO - DAG(s) 'example_sensors' retrieved from /home/airflow/.local/lib/python3.12/site-packages/airflow/example_dags/example_sensors.py
[2024-10-03T13:12:29.483+0000] {logging_mixin.py:190} INFO - [2024-10-03T13:12:29.483+0000] {dag.py:3229} INFO - Sync 1 DAGs
[2024-10-03T13:12:29.539+0000] {logging_mixin.py:190} INFO - [2024-10-03T13:12:29.538+0000] {dag.py:4156} INFO - Setting next_dagrun for example_sensors to None, run_after=None
[2024-10-03T13:12:29.688+0000] {processor.py:208} INFO - Processing /home/airflow/.local/lib/python3.12/site-packages/airflow/example_dags/example_sensors.py took 0.311 seconds
[2024-10-03T13:13:00.868+0000] {processor.py:186} INFO - Started process (PID=426) to work on /home/airflow/.local/lib/python3.12/site-packages/airflow/example_dags/example_sensors.py
[2024-10-03T13:13:00.869+0000] {processor.py:914} INFO - Processing file /home/airflow/.local/lib/python3.12/site-packages/airflow/example_dags/example_sensors.py for tasks to queue
[2024-10-03T13:13:00.875+0000] {logging_mixin.py:190} INFO - [2024-10-03T13:13:00.873+0000] {dagbag.py:587} INFO - Filling up the DagBag from /home/airflow/.local/lib/python3.12/site-packages/airflow/example_dags/example_sensors.py
[2024-10-03T13:13:00.903+0000] {processor.py:925} INFO - DAG(s) 'example_sensors' retrieved from /home/airflow/.local/lib/python3.12/site-packages/airflow/example_dags/example_sensors.py
[2024-10-03T13:13:00.977+0000] {logging_mixin.py:190} INFO - [2024-10-03T13:13:00.975+0000] {dag.py:3229} INFO - Sync 1 DAGs
[2024-10-03T13:13:01.016+0000] {logging_mixin.py:190} INFO - [2024-10-03T13:13:01.016+0000] {dag.py:4156} INFO - Setting next_dagrun for example_sensors to None, run_after=None
[2024-10-03T13:13:01.527+0000] {processor.py:208} INFO - Processing /home/airflow/.local/lib/python3.12/site-packages/airflow/example_dags/example_sensors.py took 0.683 seconds
[2024-10-03T13:13:33.495+0000] {processor.py:186} INFO - Started process (PID=489) to work on /home/airflow/.local/lib/python3.12/site-packages/airflow/example_dags/example_sensors.py
[2024-10-03T13:13:33.496+0000] {processor.py:914} INFO - Processing file /home/airflow/.local/lib/python3.12/site-packages/airflow/example_dags/example_sensors.py for tasks to queue
[2024-10-03T13:13:33.499+0000] {logging_mixin.py:190} INFO - [2024-10-03T13:13:33.499+0000] {dagbag.py:587} INFO - Filling up the DagBag from /home/airflow/.local/lib/python3.12/site-packages/airflow/example_dags/example_sensors.py
[2024-10-03T13:13:33.512+0000] {processor.py:925} INFO - DAG(s) 'example_sensors' retrieved from /home/airflow/.local/lib/python3.12/site-packages/airflow/example_dags/example_sensors.py
[2024-10-03T13:13:33.548+0000] {logging_mixin.py:190} INFO - [2024-10-03T13:13:33.548+0000] {dag.py:3229} INFO - Sync 1 DAGs
[2024-10-03T13:13:33.570+0000] {logging_mixin.py:190} INFO - [2024-10-03T13:13:33.570+0000] {dag.py:4156} INFO - Setting next_dagrun for example_sensors to None, run_after=None
[2024-10-03T13:13:33.813+0000] {processor.py:208} INFO - Processing /home/airflow/.local/lib/python3.12/site-packages/airflow/example_dags/example_sensors.py took 0.327 seconds
[2024-10-03T13:14:04.622+0000] {processor.py:186} INFO - Started process (PID=552) to work on /home/airflow/.local/lib/python3.12/site-packages/airflow/example_dags/example_sensors.py
[2024-10-03T13:14:04.624+0000] {processor.py:914} INFO - Processing file /home/airflow/.local/lib/python3.12/site-packages/airflow/example_dags/example_sensors.py for tasks to queue
[2024-10-03T13:14:04.629+0000] {logging_mixin.py:190} INFO - [2024-10-03T13:14:04.628+0000] {dagbag.py:587} INFO - Filling up the DagBag from /home/airflow/.local/lib/python3.12/site-packages/airflow/example_dags/example_sensors.py
[2024-10-03T13:14:04.651+0000] {processor.py:925} INFO - DAG(s) 'example_sensors' retrieved from /home/airflow/.local/lib/python3.12/site-packages/airflow/example_dags/example_sensors.py
[2024-10-03T13:14:04.700+0000] {logging_mixin.py:190} INFO - [2024-10-03T13:14:04.699+0000] {dag.py:3229} INFO - Sync 1 DAGs
[2024-10-03T13:14:04.727+0000] {logging_mixin.py:190} INFO - [2024-10-03T13:14:04.727+0000] {dag.py:4156} INFO - Setting next_dagrun for example_sensors to None, run_after=None
[2024-10-03T13:14:04.941+0000] {processor.py:208} INFO - Processing /home/airflow/.local/lib/python3.12/site-packages/airflow/example_dags/example_sensors.py took 0.330 seconds
[2024-10-03T13:14:37.695+0000] {processor.py:186} INFO - Started process (PID=615) to work on /home/airflow/.local/lib/python3.12/site-packages/airflow/example_dags/example_sensors.py
[2024-10-03T13:14:37.697+0000] {processor.py:914} INFO - Processing file /home/airflow/.local/lib/python3.12/site-packages/airflow/example_dags/example_sensors.py for tasks to queue
[2024-10-03T13:14:37.703+0000] {logging_mixin.py:190} INFO - [2024-10-03T13:14:37.703+0000] {dagbag.py:587} INFO - Filling up the DagBag from /home/airflow/.local/lib/python3.12/site-packages/airflow/example_dags/example_sensors.py
[2024-10-03T13:14:37.736+0000] {processor.py:925} INFO - DAG(s) 'example_sensors' retrieved from /home/airflow/.local/lib/python3.12/site-packages/airflow/example_dags/example_sensors.py
[2024-10-03T13:14:37.822+0000] {logging_mixin.py:190} INFO - [2024-10-03T13:14:37.822+0000] {dag.py:3229} INFO - Sync 1 DAGs
[2024-10-03T13:14:37.890+0000] {logging_mixin.py:190} INFO - [2024-10-03T13:14:37.890+0000] {dag.py:4156} INFO - Setting next_dagrun for example_sensors to None, run_after=None
[2024-10-03T13:14:38.410+0000] {processor.py:208} INFO - Processing /home/airflow/.local/lib/python3.12/site-packages/airflow/example_dags/example_sensors.py took 0.730 seconds
[2024-10-03T13:15:08.932+0000] {processor.py:186} INFO - Started process (PID=678) to work on /home/airflow/.local/lib/python3.12/site-packages/airflow/example_dags/example_sensors.py
[2024-10-03T13:15:08.933+0000] {processor.py:914} INFO - Processing file /home/airflow/.local/lib/python3.12/site-packages/airflow/example_dags/example_sensors.py for tasks to queue
[2024-10-03T13:15:08.936+0000] {logging_mixin.py:190} INFO - [2024-10-03T13:15:08.936+0000] {dagbag.py:587} INFO - Filling up the DagBag from /home/airflow/.local/lib/python3.12/site-packages/airflow/example_dags/example_sensors.py
[2024-10-03T13:15:08.952+0000] {processor.py:925} INFO - DAG(s) 'example_sensors' retrieved from /home/airflow/.local/lib/python3.12/site-packages/airflow/example_dags/example_sensors.py
[2024-10-03T13:15:08.992+0000] {logging_mixin.py:190} INFO - [2024-10-03T13:15:08.991+0000] {dag.py:3229} INFO - Sync 1 DAGs
[2024-10-03T13:15:09.013+0000] {logging_mixin.py:190} INFO - [2024-10-03T13:15:09.013+0000] {dag.py:4156} INFO - Setting next_dagrun for example_sensors to None, run_after=None
[2024-10-03T13:15:09.127+0000] {processor.py:208} INFO - Processing /home/airflow/.local/lib/python3.12/site-packages/airflow/example_dags/example_sensors.py took 0.203 seconds
[2024-10-03T13:15:39.449+0000] {processor.py:186} INFO - Started process (PID=741) to work on /home/airflow/.local/lib/python3.12/site-packages/airflow/example_dags/example_sensors.py
[2024-10-03T13:15:39.451+0000] {processor.py:914} INFO - Processing file /home/airflow/.local/lib/python3.12/site-packages/airflow/example_dags/example_sensors.py for tasks to queue
[2024-10-03T13:15:39.454+0000] {logging_mixin.py:190} INFO - [2024-10-03T13:15:39.454+0000] {dagbag.py:587} INFO - Filling up the DagBag from /home/airflow/.local/lib/python3.12/site-packages/airflow/example_dags/example_sensors.py
[2024-10-03T13:15:39.474+0000] {processor.py:925} INFO - DAG(s) 'example_sensors' retrieved from /home/airflow/.local/lib/python3.12/site-packages/airflow/example_dags/example_sensors.py
[2024-10-03T13:15:39.519+0000] {logging_mixin.py:190} INFO - [2024-10-03T13:15:39.518+0000] {dag.py:3229} INFO - Sync 1 DAGs
[2024-10-03T13:15:39.541+0000] {logging_mixin.py:190} INFO - [2024-10-03T13:15:39.541+0000] {dag.py:4156} INFO - Setting next_dagrun for example_sensors to None, run_after=None
[2024-10-03T13:15:39.659+0000] {processor.py:208} INFO - Processing /home/airflow/.local/lib/python3.12/site-packages/airflow/example_dags/example_sensors.py took 0.217 seconds
[2024-10-03T13:16:12.371+0000] {processor.py:186} INFO - Started process (PID=804) to work on /home/airflow/.local/lib/python3.12/site-packages/airflow/example_dags/example_sensors.py
[2024-10-03T13:16:12.373+0000] {processor.py:914} INFO - Processing file /home/airflow/.local/lib/python3.12/site-packages/airflow/example_dags/example_sensors.py for tasks to queue
[2024-10-03T13:16:12.377+0000] {logging_mixin.py:190} INFO - [2024-10-03T13:16:12.377+0000] {dagbag.py:587} INFO - Filling up the DagBag from /home/airflow/.local/lib/python3.12/site-packages/airflow/example_dags/example_sensors.py
[2024-10-03T13:16:12.391+0000] {processor.py:925} INFO - DAG(s) 'example_sensors' retrieved from /home/airflow/.local/lib/python3.12/site-packages/airflow/example_dags/example_sensors.py
[2024-10-03T13:16:12.425+0000] {logging_mixin.py:190} INFO - [2024-10-03T13:16:12.425+0000] {dag.py:3229} INFO - Sync 1 DAGs
[2024-10-03T13:16:12.443+0000] {logging_mixin.py:190} INFO - [2024-10-03T13:16:12.443+0000] {dag.py:4156} INFO - Setting next_dagrun for example_sensors to None, run_after=None
[2024-10-03T13:16:12.894+0000] {processor.py:208} INFO - Processing /home/airflow/.local/lib/python3.12/site-packages/airflow/example_dags/example_sensors.py took 0.530 seconds
[2024-10-03T13:16:43.599+0000] {processor.py:186} INFO - Started process (PID=867) to work on /home/airflow/.local/lib/python3.12/site-packages/airflow/example_dags/example_sensors.py
[2024-10-03T13:16:43.600+0000] {processor.py:914} INFO - Processing file /home/airflow/.local/lib/python3.12/site-packages/airflow/example_dags/example_sensors.py for tasks to queue
[2024-10-03T13:16:43.604+0000] {logging_mixin.py:190} INFO - [2024-10-03T13:16:43.603+0000] {dagbag.py:587} INFO - Filling up the DagBag from /home/airflow/.local/lib/python3.12/site-packages/airflow/example_dags/example_sensors.py
[2024-10-03T13:16:43.620+0000] {processor.py:925} INFO - DAG(s) 'example_sensors' retrieved from /home/airflow/.local/lib/python3.12/site-packages/airflow/example_dags/example_sensors.py
[2024-10-03T13:16:43.660+0000] {logging_mixin.py:190} INFO - [2024-10-03T13:16:43.659+0000] {dag.py:3229} INFO - Sync 1 DAGs
[2024-10-03T13:16:43.686+0000] {logging_mixin.py:190} INFO - [2024-10-03T13:16:43.686+0000] {dag.py:4156} INFO - Setting next_dagrun for example_sensors to None, run_after=None
[2024-10-03T13:16:43.846+0000] {processor.py:208} INFO - Processing /home/airflow/.local/lib/python3.12/site-packages/airflow/example_dags/example_sensors.py took 0.254 seconds
[2024-10-03T13:17:13.896+0000] {processor.py:186} INFO - Started process (PID=930) to work on /home/airflow/.local/lib/python3.12/site-packages/airflow/example_dags/example_sensors.py
[2024-10-03T13:17:13.898+0000] {processor.py:914} INFO - Processing file /home/airflow/.local/lib/python3.12/site-packages/airflow/example_dags/example_sensors.py for tasks to queue
[2024-10-03T13:17:13.902+0000] {logging_mixin.py:190} INFO - [2024-10-03T13:17:13.901+0000] {dagbag.py:587} INFO - Filling up the DagBag from /home/airflow/.local/lib/python3.12/site-packages/airflow/example_dags/example_sensors.py
[2024-10-03T13:17:13.921+0000] {processor.py:925} INFO - DAG(s) 'example_sensors' retrieved from /home/airflow/.local/lib/python3.12/site-packages/airflow/example_dags/example_sensors.py
[2024-10-03T13:17:13.962+0000] {logging_mixin.py:190} INFO - [2024-10-03T13:17:13.961+0000] {dag.py:3229} INFO - Sync 1 DAGs
[2024-10-03T13:17:13.982+0000] {logging_mixin.py:190} INFO - [2024-10-03T13:17:13.982+0000] {dag.py:4156} INFO - Setting next_dagrun for example_sensors to None, run_after=None
[2024-10-03T13:17:14.110+0000] {processor.py:208} INFO - Processing /home/airflow/.local/lib/python3.12/site-packages/airflow/example_dags/example_sensors.py took 0.221 seconds
[2024-10-03T13:17:44.244+0000] {processor.py:186} INFO - Started process (PID=993) to work on /home/airflow/.local/lib/python3.12/site-packages/airflow/example_dags/example_sensors.py
[2024-10-03T13:17:44.247+0000] {processor.py:914} INFO - Processing file /home/airflow/.local/lib/python3.12/site-packages/airflow/example_dags/example_sensors.py for tasks to queue
[2024-10-03T13:17:44.250+0000] {logging_mixin.py:190} INFO - [2024-10-03T13:17:44.249+0000] {dagbag.py:587} INFO - Filling up the DagBag from /home/airflow/.local/lib/python3.12/site-packages/airflow/example_dags/example_sensors.py
[2024-10-03T13:17:44.264+0000] {processor.py:925} INFO - DAG(s) 'example_sensors' retrieved from /home/airflow/.local/lib/python3.12/site-packages/airflow/example_dags/example_sensors.py
[2024-10-03T13:17:44.301+0000] {logging_mixin.py:190} INFO - [2024-10-03T13:17:44.301+0000] {dag.py:3229} INFO - Sync 1 DAGs
[2024-10-03T13:17:44.323+0000] {logging_mixin.py:190} INFO - [2024-10-03T13:17:44.323+0000] {dag.py:4156} INFO - Setting next_dagrun for example_sensors to None, run_after=None
[2024-10-03T13:17:44.519+0000] {processor.py:208} INFO - Processing /home/airflow/.local/lib/python3.12/site-packages/airflow/example_dags/example_sensors.py took 0.284 seconds
[2024-10-03T13:18:14.684+0000] {processor.py:186} INFO - Started process (PID=1056) to work on /home/airflow/.local/lib/python3.12/site-packages/airflow/example_dags/example_sensors.py
[2024-10-03T13:18:14.686+0000] {processor.py:914} INFO - Processing file /home/airflow/.local/lib/python3.12/site-packages/airflow/example_dags/example_sensors.py for tasks to queue
[2024-10-03T13:18:14.689+0000] {logging_mixin.py:190} INFO - [2024-10-03T13:18:14.689+0000] {dagbag.py:587} INFO - Filling up the DagBag from /home/airflow/.local/lib/python3.12/site-packages/airflow/example_dags/example_sensors.py
[2024-10-03T13:18:14.706+0000] {processor.py:925} INFO - DAG(s) 'example_sensors' retrieved from /home/airflow/.local/lib/python3.12/site-packages/airflow/example_dags/example_sensors.py
[2024-10-03T13:18:14.753+0000] {logging_mixin.py:190} INFO - [2024-10-03T13:18:14.752+0000] {dag.py:3229} INFO - Sync 1 DAGs
[2024-10-03T13:18:14.773+0000] {logging_mixin.py:190} INFO - [2024-10-03T13:18:14.773+0000] {dag.py:4156} INFO - Setting next_dagrun for example_sensors to None, run_after=None
[2024-10-03T13:18:14.952+0000] {processor.py:208} INFO - Processing /home/airflow/.local/lib/python3.12/site-packages/airflow/example_dags/example_sensors.py took 0.278 seconds
