[2024-10-03T13:10:18.847+0000] {processor.py:186} INFO - Started process (PID=108) to work on /home/airflow/.local/lib/python3.12/site-packages/airflow/example_dags/example_workday_timetable.py
[2024-10-03T13:10:18.849+0000] {processor.py:914} INFO - Processing file /home/airflow/.local/lib/python3.12/site-packages/airflow/example_dags/example_workday_timetable.py for tasks to queue
[2024-10-03T13:10:18.853+0000] {logging_mixin.py:190} INFO - [2024-10-03T13:10:18.852+0000] {dagbag.py:587} INFO - Filling up the DagBag from /home/airflow/.local/lib/python3.12/site-packages/airflow/example_dags/example_workday_timetable.py
[2024-10-03T13:10:18.861+0000] {processor.py:925} INFO - DAG(s) 'example_workday_timetable' retrieved from /home/airflow/.local/lib/python3.12/site-packages/airflow/example_dags/example_workday_timetable.py
[2024-10-03T13:10:18.886+0000] {logging_mixin.py:190} INFO - [2024-10-03T13:10:18.886+0000] {dag.py:3229} INFO - Sync 1 DAGs
[2024-10-03T13:10:19.198+0000] {logging_mixin.py:190} INFO - [2024-10-03T13:10:19.197+0000] {dag.py:4156} INFO - Setting next_dagrun for example_workday_timetable to 2021-01-04 00:00:00+00:00, run_after=2021-01-05 00:00:00+00:00
[2024-10-03T13:10:19.293+0000] {processor.py:208} INFO - Processing /home/airflow/.local/lib/python3.12/site-packages/airflow/example_dags/example_workday_timetable.py took 0.453 seconds
[2024-10-03T13:10:49.743+0000] {processor.py:186} INFO - Started process (PID=171) to work on /home/airflow/.local/lib/python3.12/site-packages/airflow/example_dags/example_workday_timetable.py
[2024-10-03T13:10:49.745+0000] {processor.py:914} INFO - Processing file /home/airflow/.local/lib/python3.12/site-packages/airflow/example_dags/example_workday_timetable.py for tasks to queue
[2024-10-03T13:10:49.749+0000] {logging_mixin.py:190} INFO - [2024-10-03T13:10:49.748+0000] {dagbag.py:587} INFO - Filling up the DagBag from /home/airflow/.local/lib/python3.12/site-packages/airflow/example_dags/example_workday_timetable.py
[2024-10-03T13:10:49.757+0000] {processor.py:925} INFO - DAG(s) 'example_workday_timetable' retrieved from /home/airflow/.local/lib/python3.12/site-packages/airflow/example_dags/example_workday_timetable.py
[2024-10-03T13:10:49.790+0000] {logging_mixin.py:190} INFO - [2024-10-03T13:10:49.789+0000] {dag.py:3229} INFO - Sync 1 DAGs
[2024-10-03T13:10:49.965+0000] {logging_mixin.py:190} INFO - [2024-10-03T13:10:49.964+0000] {dag.py:4156} INFO - Setting next_dagrun for example_workday_timetable to 2021-01-04 00:00:00+00:00, run_after=2021-01-05 00:00:00+00:00
[2024-10-03T13:10:50.049+0000] {processor.py:208} INFO - Processing /home/airflow/.local/lib/python3.12/site-packages/airflow/example_dags/example_workday_timetable.py took 0.315 seconds
[2024-10-03T13:11:20.200+0000] {processor.py:186} INFO - Started process (PID=234) to work on /home/airflow/.local/lib/python3.12/site-packages/airflow/example_dags/example_workday_timetable.py
[2024-10-03T13:11:20.202+0000] {processor.py:914} INFO - Processing file /home/airflow/.local/lib/python3.12/site-packages/airflow/example_dags/example_workday_timetable.py for tasks to queue
[2024-10-03T13:11:20.206+0000] {logging_mixin.py:190} INFO - [2024-10-03T13:11:20.205+0000] {dagbag.py:587} INFO - Filling up the DagBag from /home/airflow/.local/lib/python3.12/site-packages/airflow/example_dags/example_workday_timetable.py
[2024-10-03T13:11:20.219+0000] {processor.py:925} INFO - DAG(s) 'example_workday_timetable' retrieved from /home/airflow/.local/lib/python3.12/site-packages/airflow/example_dags/example_workday_timetable.py
[2024-10-03T13:11:20.254+0000] {logging_mixin.py:190} INFO - [2024-10-03T13:11:20.254+0000] {dag.py:3229} INFO - Sync 1 DAGs
[2024-10-03T13:11:20.389+0000] {logging_mixin.py:190} INFO - [2024-10-03T13:11:20.388+0000] {dag.py:4156} INFO - Setting next_dagrun for example_workday_timetable to 2021-01-04 00:00:00+00:00, run_after=2021-01-05 00:00:00+00:00
[2024-10-03T13:11:20.515+0000] {processor.py:208} INFO - Processing /home/airflow/.local/lib/python3.12/site-packages/airflow/example_dags/example_workday_timetable.py took 0.325 seconds
[2024-10-03T13:11:58.484+0000] {processor.py:186} INFO - Started process (PID=297) to work on /home/airflow/.local/lib/python3.12/site-packages/airflow/example_dags/example_workday_timetable.py
[2024-10-03T13:11:58.486+0000] {processor.py:914} INFO - Processing file /home/airflow/.local/lib/python3.12/site-packages/airflow/example_dags/example_workday_timetable.py for tasks to queue
[2024-10-03T13:11:58.491+0000] {logging_mixin.py:190} INFO - [2024-10-03T13:11:58.490+0000] {dagbag.py:587} INFO - Filling up the DagBag from /home/airflow/.local/lib/python3.12/site-packages/airflow/example_dags/example_workday_timetable.py
[2024-10-03T13:11:58.500+0000] {processor.py:925} INFO - DAG(s) 'example_workday_timetable' retrieved from /home/airflow/.local/lib/python3.12/site-packages/airflow/example_dags/example_workday_timetable.py
[2024-10-03T13:11:58.529+0000] {logging_mixin.py:190} INFO - [2024-10-03T13:11:58.529+0000] {dag.py:3229} INFO - Sync 1 DAGs
[2024-10-03T13:11:59.004+0000] {logging_mixin.py:190} INFO - [2024-10-03T13:11:59.003+0000] {dag.py:4156} INFO - Setting next_dagrun for example_workday_timetable to 2021-01-04 00:00:00+00:00, run_after=2021-01-05 00:00:00+00:00
[2024-10-03T13:11:59.300+0000] {processor.py:208} INFO - Processing /home/airflow/.local/lib/python3.12/site-packages/airflow/example_dags/example_workday_timetable.py took 0.828 seconds
[2024-10-03T13:12:29.767+0000] {processor.py:186} INFO - Started process (PID=365) to work on /home/airflow/.local/lib/python3.12/site-packages/airflow/example_dags/example_workday_timetable.py
[2024-10-03T13:12:29.769+0000] {processor.py:914} INFO - Processing file /home/airflow/.local/lib/python3.12/site-packages/airflow/example_dags/example_workday_timetable.py for tasks to queue
[2024-10-03T13:12:29.773+0000] {logging_mixin.py:190} INFO - [2024-10-03T13:12:29.772+0000] {dagbag.py:587} INFO - Filling up the DagBag from /home/airflow/.local/lib/python3.12/site-packages/airflow/example_dags/example_workday_timetable.py
[2024-10-03T13:12:29.787+0000] {processor.py:925} INFO - DAG(s) 'example_workday_timetable' retrieved from /home/airflow/.local/lib/python3.12/site-packages/airflow/example_dags/example_workday_timetable.py
[2024-10-03T13:12:29.822+0000] {logging_mixin.py:190} INFO - [2024-10-03T13:12:29.822+0000] {dag.py:3229} INFO - Sync 1 DAGs
[2024-10-03T13:12:29.951+0000] {logging_mixin.py:190} INFO - [2024-10-03T13:12:29.949+0000] {dag.py:4156} INFO - Setting next_dagrun for example_workday_timetable to 2021-01-04 00:00:00+00:00, run_after=2021-01-05 00:00:00+00:00
[2024-10-03T13:12:30.123+0000] {processor.py:208} INFO - Processing /home/airflow/.local/lib/python3.12/site-packages/airflow/example_dags/example_workday_timetable.py took 0.366 seconds
[2024-10-03T13:13:01.608+0000] {processor.py:186} INFO - Started process (PID=428) to work on /home/airflow/.local/lib/python3.12/site-packages/airflow/example_dags/example_workday_timetable.py
[2024-10-03T13:13:01.612+0000] {processor.py:914} INFO - Processing file /home/airflow/.local/lib/python3.12/site-packages/airflow/example_dags/example_workday_timetable.py for tasks to queue
[2024-10-03T13:13:01.618+0000] {logging_mixin.py:190} INFO - [2024-10-03T13:13:01.617+0000] {dagbag.py:587} INFO - Filling up the DagBag from /home/airflow/.local/lib/python3.12/site-packages/airflow/example_dags/example_workday_timetable.py
[2024-10-03T13:13:01.632+0000] {processor.py:925} INFO - DAG(s) 'example_workday_timetable' retrieved from /home/airflow/.local/lib/python3.12/site-packages/airflow/example_dags/example_workday_timetable.py
[2024-10-03T13:13:01.683+0000] {logging_mixin.py:190} INFO - [2024-10-03T13:13:01.682+0000] {dag.py:3229} INFO - Sync 1 DAGs
[2024-10-03T13:13:01.918+0000] {logging_mixin.py:190} INFO - [2024-10-03T13:13:01.917+0000] {dag.py:4156} INFO - Setting next_dagrun for example_workday_timetable to 2021-01-04 00:00:00+00:00, run_after=2021-01-05 00:00:00+00:00
[2024-10-03T13:13:02.239+0000] {processor.py:208} INFO - Processing /home/airflow/.local/lib/python3.12/site-packages/airflow/example_dags/example_workday_timetable.py took 0.654 seconds
[2024-10-03T13:13:33.869+0000] {processor.py:186} INFO - Started process (PID=491) to work on /home/airflow/.local/lib/python3.12/site-packages/airflow/example_dags/example_workday_timetable.py
[2024-10-03T13:13:33.871+0000] {processor.py:914} INFO - Processing file /home/airflow/.local/lib/python3.12/site-packages/airflow/example_dags/example_workday_timetable.py for tasks to queue
[2024-10-03T13:13:33.874+0000] {logging_mixin.py:190} INFO - [2024-10-03T13:13:33.873+0000] {dagbag.py:587} INFO - Filling up the DagBag from /home/airflow/.local/lib/python3.12/site-packages/airflow/example_dags/example_workday_timetable.py
[2024-10-03T13:13:33.880+0000] {processor.py:925} INFO - DAG(s) 'example_workday_timetable' retrieved from /home/airflow/.local/lib/python3.12/site-packages/airflow/example_dags/example_workday_timetable.py
[2024-10-03T13:13:33.911+0000] {logging_mixin.py:190} INFO - [2024-10-03T13:13:33.911+0000] {dag.py:3229} INFO - Sync 1 DAGs
[2024-10-03T13:13:34.031+0000] {logging_mixin.py:190} INFO - [2024-10-03T13:13:34.030+0000] {dag.py:4156} INFO - Setting next_dagrun for example_workday_timetable to 2021-01-04 00:00:00+00:00, run_after=2021-01-05 00:00:00+00:00
[2024-10-03T13:13:34.555+0000] {processor.py:208} INFO - Processing /home/airflow/.local/lib/python3.12/site-packages/airflow/example_dags/example_workday_timetable.py took 0.699 seconds
[2024-10-03T13:14:05.508+0000] {processor.py:186} INFO - Started process (PID=554) to work on /home/airflow/.local/lib/python3.12/site-packages/airflow/example_dags/example_workday_timetable.py
[2024-10-03T13:14:05.511+0000] {processor.py:914} INFO - Processing file /home/airflow/.local/lib/python3.12/site-packages/airflow/example_dags/example_workday_timetable.py for tasks to queue
[2024-10-03T13:14:05.517+0000] {logging_mixin.py:190} INFO - [2024-10-03T13:14:05.517+0000] {dagbag.py:587} INFO - Filling up the DagBag from /home/airflow/.local/lib/python3.12/site-packages/airflow/example_dags/example_workday_timetable.py
[2024-10-03T13:14:05.525+0000] {processor.py:925} INFO - DAG(s) 'example_workday_timetable' retrieved from /home/airflow/.local/lib/python3.12/site-packages/airflow/example_dags/example_workday_timetable.py
[2024-10-03T13:14:05.560+0000] {logging_mixin.py:190} INFO - [2024-10-03T13:14:05.559+0000] {dag.py:3229} INFO - Sync 1 DAGs
[2024-10-03T13:14:05.739+0000] {logging_mixin.py:190} INFO - [2024-10-03T13:14:05.738+0000] {dag.py:4156} INFO - Setting next_dagrun for example_workday_timetable to 2021-01-04 00:00:00+00:00, run_after=2021-01-05 00:00:00+00:00
[2024-10-03T13:14:06.071+0000] {processor.py:208} INFO - Processing /home/airflow/.local/lib/python3.12/site-packages/airflow/example_dags/example_workday_timetable.py took 0.573 seconds
[2024-10-03T13:14:38.618+0000] {processor.py:186} INFO - Started process (PID=617) to work on /home/airflow/.local/lib/python3.12/site-packages/airflow/example_dags/example_workday_timetable.py
[2024-10-03T13:14:38.626+0000] {processor.py:914} INFO - Processing file /home/airflow/.local/lib/python3.12/site-packages/airflow/example_dags/example_workday_timetable.py for tasks to queue
[2024-10-03T13:14:38.634+0000] {logging_mixin.py:190} INFO - [2024-10-03T13:14:38.633+0000] {dagbag.py:587} INFO - Filling up the DagBag from /home/airflow/.local/lib/python3.12/site-packages/airflow/example_dags/example_workday_timetable.py
[2024-10-03T13:14:38.655+0000] {processor.py:925} INFO - DAG(s) 'example_workday_timetable' retrieved from /home/airflow/.local/lib/python3.12/site-packages/airflow/example_dags/example_workday_timetable.py
[2024-10-03T13:14:38.734+0000] {logging_mixin.py:190} INFO - [2024-10-03T13:14:38.733+0000] {dag.py:3229} INFO - Sync 1 DAGs
[2024-10-03T13:14:38.948+0000] {logging_mixin.py:190} INFO - [2024-10-03T13:14:38.948+0000] {dag.py:4156} INFO - Setting next_dagrun for example_workday_timetable to 2021-01-04 00:00:00+00:00, run_after=2021-01-05 00:00:00+00:00
[2024-10-03T13:14:39.237+0000] {processor.py:208} INFO - Processing /home/airflow/.local/lib/python3.12/site-packages/airflow/example_dags/example_workday_timetable.py took 0.641 seconds
[2024-10-03T13:15:09.941+0000] {processor.py:186} INFO - Started process (PID=680) to work on /home/airflow/.local/lib/python3.12/site-packages/airflow/example_dags/example_workday_timetable.py
[2024-10-03T13:15:09.942+0000] {processor.py:914} INFO - Processing file /home/airflow/.local/lib/python3.12/site-packages/airflow/example_dags/example_workday_timetable.py for tasks to queue
[2024-10-03T13:15:09.945+0000] {logging_mixin.py:190} INFO - [2024-10-03T13:15:09.945+0000] {dagbag.py:587} INFO - Filling up the DagBag from /home/airflow/.local/lib/python3.12/site-packages/airflow/example_dags/example_workday_timetable.py
[2024-10-03T13:15:09.952+0000] {processor.py:925} INFO - DAG(s) 'example_workday_timetable' retrieved from /home/airflow/.local/lib/python3.12/site-packages/airflow/example_dags/example_workday_timetable.py
[2024-10-03T13:15:09.978+0000] {logging_mixin.py:190} INFO - [2024-10-03T13:15:09.978+0000] {dag.py:3229} INFO - Sync 1 DAGs
[2024-10-03T13:15:10.062+0000] {logging_mixin.py:190} INFO - [2024-10-03T13:15:10.061+0000] {dag.py:4156} INFO - Setting next_dagrun for example_workday_timetable to 2021-01-04 00:00:00+00:00, run_after=2021-01-05 00:00:00+00:00
[2024-10-03T13:15:10.217+0000] {processor.py:208} INFO - Processing /home/airflow/.local/lib/python3.12/site-packages/airflow/example_dags/example_workday_timetable.py took 0.283 seconds
[2024-10-03T13:15:40.559+0000] {processor.py:186} INFO - Started process (PID=743) to work on /home/airflow/.local/lib/python3.12/site-packages/airflow/example_dags/example_workday_timetable.py
[2024-10-03T13:15:40.561+0000] {processor.py:914} INFO - Processing file /home/airflow/.local/lib/python3.12/site-packages/airflow/example_dags/example_workday_timetable.py for tasks to queue
[2024-10-03T13:15:40.565+0000] {logging_mixin.py:190} INFO - [2024-10-03T13:15:40.565+0000] {dagbag.py:587} INFO - Filling up the DagBag from /home/airflow/.local/lib/python3.12/site-packages/airflow/example_dags/example_workday_timetable.py
[2024-10-03T13:15:40.573+0000] {processor.py:925} INFO - DAG(s) 'example_workday_timetable' retrieved from /home/airflow/.local/lib/python3.12/site-packages/airflow/example_dags/example_workday_timetable.py
[2024-10-03T13:15:40.605+0000] {logging_mixin.py:190} INFO - [2024-10-03T13:15:40.605+0000] {dag.py:3229} INFO - Sync 1 DAGs
[2024-10-03T13:15:40.748+0000] {logging_mixin.py:190} INFO - [2024-10-03T13:15:40.747+0000] {dag.py:4156} INFO - Setting next_dagrun for example_workday_timetable to 2021-01-04 00:00:00+00:00, run_after=2021-01-05 00:00:00+00:00
[2024-10-03T13:15:40.852+0000] {processor.py:208} INFO - Processing /home/airflow/.local/lib/python3.12/site-packages/airflow/example_dags/example_workday_timetable.py took 0.301 seconds
[2024-10-03T13:16:12.861+0000] {processor.py:186} INFO - Started process (PID=806) to work on /home/airflow/.local/lib/python3.12/site-packages/airflow/example_dags/example_workday_timetable.py
[2024-10-03T13:16:12.862+0000] {processor.py:914} INFO - Processing file /home/airflow/.local/lib/python3.12/site-packages/airflow/example_dags/example_workday_timetable.py for tasks to queue
[2024-10-03T13:16:12.865+0000] {logging_mixin.py:190} INFO - [2024-10-03T13:16:12.865+0000] {dagbag.py:587} INFO - Filling up the DagBag from /home/airflow/.local/lib/python3.12/site-packages/airflow/example_dags/example_workday_timetable.py
[2024-10-03T13:16:12.871+0000] {processor.py:925} INFO - DAG(s) 'example_workday_timetable' retrieved from /home/airflow/.local/lib/python3.12/site-packages/airflow/example_dags/example_workday_timetable.py
[2024-10-03T13:16:12.895+0000] {logging_mixin.py:190} INFO - [2024-10-03T13:16:12.895+0000] {dag.py:3229} INFO - Sync 1 DAGs
[2024-10-03T13:16:12.990+0000] {logging_mixin.py:190} INFO - [2024-10-03T13:16:12.990+0000] {dag.py:4156} INFO - Setting next_dagrun for example_workday_timetable to 2021-01-04 00:00:00+00:00, run_after=2021-01-05 00:00:00+00:00
[2024-10-03T13:16:13.347+0000] {processor.py:208} INFO - Processing /home/airflow/.local/lib/python3.12/site-packages/airflow/example_dags/example_workday_timetable.py took 0.492 seconds
[2024-10-03T13:16:43.819+0000] {processor.py:186} INFO - Started process (PID=869) to work on /home/airflow/.local/lib/python3.12/site-packages/airflow/example_dags/example_workday_timetable.py
[2024-10-03T13:16:43.821+0000] {processor.py:914} INFO - Processing file /home/airflow/.local/lib/python3.12/site-packages/airflow/example_dags/example_workday_timetable.py for tasks to queue
[2024-10-03T13:16:43.825+0000] {logging_mixin.py:190} INFO - [2024-10-03T13:16:43.824+0000] {dagbag.py:587} INFO - Filling up the DagBag from /home/airflow/.local/lib/python3.12/site-packages/airflow/example_dags/example_workday_timetable.py
[2024-10-03T13:16:43.833+0000] {processor.py:925} INFO - DAG(s) 'example_workday_timetable' retrieved from /home/airflow/.local/lib/python3.12/site-packages/airflow/example_dags/example_workday_timetable.py
[2024-10-03T13:16:43.870+0000] {logging_mixin.py:190} INFO - [2024-10-03T13:16:43.869+0000] {dag.py:3229} INFO - Sync 1 DAGs
[2024-10-03T13:16:44.013+0000] {logging_mixin.py:190} INFO - [2024-10-03T13:16:44.013+0000] {dag.py:4156} INFO - Setting next_dagrun for example_workday_timetable to 2021-01-04 00:00:00+00:00, run_after=2021-01-05 00:00:00+00:00
[2024-10-03T13:16:44.129+0000] {processor.py:208} INFO - Processing /home/airflow/.local/lib/python3.12/site-packages/airflow/example_dags/example_workday_timetable.py took 0.320 seconds
[2024-10-03T13:17:15.103+0000] {processor.py:186} INFO - Started process (PID=932) to work on /home/airflow/.local/lib/python3.12/site-packages/airflow/example_dags/example_workday_timetable.py
[2024-10-03T13:17:15.104+0000] {processor.py:914} INFO - Processing file /home/airflow/.local/lib/python3.12/site-packages/airflow/example_dags/example_workday_timetable.py for tasks to queue
[2024-10-03T13:17:15.107+0000] {logging_mixin.py:190} INFO - [2024-10-03T13:17:15.107+0000] {dagbag.py:587} INFO - Filling up the DagBag from /home/airflow/.local/lib/python3.12/site-packages/airflow/example_dags/example_workday_timetable.py
[2024-10-03T13:17:15.115+0000] {processor.py:925} INFO - DAG(s) 'example_workday_timetable' retrieved from /home/airflow/.local/lib/python3.12/site-packages/airflow/example_dags/example_workday_timetable.py
[2024-10-03T13:17:15.152+0000] {logging_mixin.py:190} INFO - [2024-10-03T13:17:15.152+0000] {dag.py:3229} INFO - Sync 1 DAGs
[2024-10-03T13:17:15.269+0000] {logging_mixin.py:190} INFO - [2024-10-03T13:17:15.268+0000] {dag.py:4156} INFO - Setting next_dagrun for example_workday_timetable to 2021-01-04 00:00:00+00:00, run_after=2021-01-05 00:00:00+00:00
[2024-10-03T13:17:15.744+0000] {processor.py:208} INFO - Processing /home/airflow/.local/lib/python3.12/site-packages/airflow/example_dags/example_workday_timetable.py took 0.648 seconds
[2024-10-03T13:17:46.541+0000] {processor.py:186} INFO - Started process (PID=995) to work on /home/airflow/.local/lib/python3.12/site-packages/airflow/example_dags/example_workday_timetable.py
[2024-10-03T13:17:46.546+0000] {processor.py:914} INFO - Processing file /home/airflow/.local/lib/python3.12/site-packages/airflow/example_dags/example_workday_timetable.py for tasks to queue
[2024-10-03T13:17:46.559+0000] {logging_mixin.py:190} INFO - [2024-10-03T13:17:46.558+0000] {dagbag.py:587} INFO - Filling up the DagBag from /home/airflow/.local/lib/python3.12/site-packages/airflow/example_dags/example_workday_timetable.py
[2024-10-03T13:17:46.575+0000] {processor.py:925} INFO - DAG(s) 'example_workday_timetable' retrieved from /home/airflow/.local/lib/python3.12/site-packages/airflow/example_dags/example_workday_timetable.py
[2024-10-03T13:17:46.650+0000] {logging_mixin.py:190} INFO - [2024-10-03T13:17:46.650+0000] {dag.py:3229} INFO - Sync 1 DAGs
[2024-10-03T13:17:46.990+0000] {logging_mixin.py:190} INFO - [2024-10-03T13:17:46.989+0000] {dag.py:4156} INFO - Setting next_dagrun for example_workday_timetable to 2021-01-04 00:00:00+00:00, run_after=2021-01-05 00:00:00+00:00
[2024-10-03T13:17:47.160+0000] {processor.py:208} INFO - Processing /home/airflow/.local/lib/python3.12/site-packages/airflow/example_dags/example_workday_timetable.py took 0.633 seconds
[2024-10-03T13:18:17.939+0000] {processor.py:186} INFO - Started process (PID=1058) to work on /home/airflow/.local/lib/python3.12/site-packages/airflow/example_dags/example_workday_timetable.py
[2024-10-03T13:18:17.941+0000] {processor.py:914} INFO - Processing file /home/airflow/.local/lib/python3.12/site-packages/airflow/example_dags/example_workday_timetable.py for tasks to queue
[2024-10-03T13:18:17.944+0000] {logging_mixin.py:190} INFO - [2024-10-03T13:18:17.944+0000] {dagbag.py:587} INFO - Filling up the DagBag from /home/airflow/.local/lib/python3.12/site-packages/airflow/example_dags/example_workday_timetable.py
[2024-10-03T13:18:17.955+0000] {processor.py:925} INFO - DAG(s) 'example_workday_timetable' retrieved from /home/airflow/.local/lib/python3.12/site-packages/airflow/example_dags/example_workday_timetable.py
[2024-10-03T13:18:17.984+0000] {logging_mixin.py:190} INFO - [2024-10-03T13:18:17.984+0000] {dag.py:3229} INFO - Sync 1 DAGs
[2024-10-03T13:18:18.080+0000] {logging_mixin.py:190} INFO - [2024-10-03T13:18:18.079+0000] {dag.py:4156} INFO - Setting next_dagrun for example_workday_timetable to 2021-01-04 00:00:00+00:00, run_after=2021-01-05 00:00:00+00:00
[2024-10-03T13:18:19.380+0000] {processor.py:208} INFO - Processing /home/airflow/.local/lib/python3.12/site-packages/airflow/example_dags/example_workday_timetable.py took 1.450 seconds
