[2024-10-03T13:10:22.060+0000] {processor.py:186} INFO - Started process (PID=120) to work on /home/airflow/.local/lib/python3.12/site-packages/airflow/example_dags/example_setup_teardown.py
[2024-10-03T13:10:22.061+0000] {processor.py:914} INFO - Processing file /home/airflow/.local/lib/python3.12/site-packages/airflow/example_dags/example_setup_teardown.py for tasks to queue
[2024-10-03T13:10:22.066+0000] {logging_mixin.py:190} INFO - [2024-10-03T13:10:22.065+0000] {dagbag.py:587} INFO - Filling up the DagBag from /home/airflow/.local/lib/python3.12/site-packages/airflow/example_dags/example_setup_teardown.py
[2024-10-03T13:10:22.168+0000] {processor.py:925} INFO - DAG(s) 'example_setup_teardown' retrieved from /home/airflow/.local/lib/python3.12/site-packages/airflow/example_dags/example_setup_teardown.py
[2024-10-03T13:10:22.197+0000] {logging_mixin.py:190} INFO - [2024-10-03T13:10:22.197+0000] {dag.py:3229} INFO - Sync 1 DAGs
[2024-10-03T13:10:22.225+0000] {logging_mixin.py:190} INFO - [2024-10-03T13:10:22.225+0000] {dag.py:4156} INFO - Setting next_dagrun for example_setup_teardown to None, run_after=None
[2024-10-03T13:10:22.360+0000] {processor.py:208} INFO - Processing /home/airflow/.local/lib/python3.12/site-packages/airflow/example_dags/example_setup_teardown.py took 0.312 seconds
[2024-10-03T13:10:52.943+0000] {processor.py:186} INFO - Started process (PID=183) to work on /home/airflow/.local/lib/python3.12/site-packages/airflow/example_dags/example_setup_teardown.py
[2024-10-03T13:10:53.032+0000] {processor.py:914} INFO - Processing file /home/airflow/.local/lib/python3.12/site-packages/airflow/example_dags/example_setup_teardown.py for tasks to queue
[2024-10-03T13:10:53.035+0000] {logging_mixin.py:190} INFO - [2024-10-03T13:10:53.034+0000] {dagbag.py:587} INFO - Filling up the DagBag from /home/airflow/.local/lib/python3.12/site-packages/airflow/example_dags/example_setup_teardown.py
[2024-10-03T13:10:53.046+0000] {processor.py:925} INFO - DAG(s) 'example_setup_teardown' retrieved from /home/airflow/.local/lib/python3.12/site-packages/airflow/example_dags/example_setup_teardown.py
[2024-10-03T13:10:53.077+0000] {logging_mixin.py:190} INFO - [2024-10-03T13:10:53.077+0000] {dag.py:3229} INFO - Sync 1 DAGs
[2024-10-03T13:10:53.097+0000] {logging_mixin.py:190} INFO - [2024-10-03T13:10:53.097+0000] {dag.py:4156} INFO - Setting next_dagrun for example_setup_teardown to None, run_after=None
[2024-10-03T13:10:53.209+0000] {processor.py:208} INFO - Processing /home/airflow/.local/lib/python3.12/site-packages/airflow/example_dags/example_setup_teardown.py took 0.279 seconds
[2024-10-03T13:11:25.080+0000] {processor.py:186} INFO - Started process (PID=246) to work on /home/airflow/.local/lib/python3.12/site-packages/airflow/example_dags/example_setup_teardown.py
[2024-10-03T13:11:25.082+0000] {processor.py:914} INFO - Processing file /home/airflow/.local/lib/python3.12/site-packages/airflow/example_dags/example_setup_teardown.py for tasks to queue
[2024-10-03T13:11:25.090+0000] {logging_mixin.py:190} INFO - [2024-10-03T13:11:25.089+0000] {dagbag.py:587} INFO - Filling up the DagBag from /home/airflow/.local/lib/python3.12/site-packages/airflow/example_dags/example_setup_teardown.py
[2024-10-03T13:11:25.109+0000] {processor.py:925} INFO - DAG(s) 'example_setup_teardown' retrieved from /home/airflow/.local/lib/python3.12/site-packages/airflow/example_dags/example_setup_teardown.py
[2024-10-03T13:11:25.155+0000] {logging_mixin.py:190} INFO - [2024-10-03T13:11:25.154+0000] {dag.py:3229} INFO - Sync 1 DAGs
[2024-10-03T13:11:25.206+0000] {logging_mixin.py:190} INFO - [2024-10-03T13:11:25.205+0000] {dag.py:4156} INFO - Setting next_dagrun for example_setup_teardown to None, run_after=None
[2024-10-03T13:11:25.374+0000] {processor.py:208} INFO - Processing /home/airflow/.local/lib/python3.12/site-packages/airflow/example_dags/example_setup_teardown.py took 0.310 seconds
[2024-10-03T13:12:03.940+0000] {processor.py:186} INFO - Started process (PID=314) to work on /home/airflow/.local/lib/python3.12/site-packages/airflow/example_dags/example_setup_teardown.py
[2024-10-03T13:12:03.946+0000] {processor.py:914} INFO - Processing file /home/airflow/.local/lib/python3.12/site-packages/airflow/example_dags/example_setup_teardown.py for tasks to queue
[2024-10-03T13:12:03.955+0000] {logging_mixin.py:190} INFO - [2024-10-03T13:12:03.954+0000] {dagbag.py:587} INFO - Filling up the DagBag from /home/airflow/.local/lib/python3.12/site-packages/airflow/example_dags/example_setup_teardown.py
[2024-10-03T13:12:03.983+0000] {processor.py:925} INFO - DAG(s) 'example_setup_teardown' retrieved from /home/airflow/.local/lib/python3.12/site-packages/airflow/example_dags/example_setup_teardown.py
[2024-10-03T13:12:04.042+0000] {logging_mixin.py:190} INFO - [2024-10-03T13:12:04.041+0000] {dag.py:3229} INFO - Sync 1 DAGs
[2024-10-03T13:12:04.092+0000] {logging_mixin.py:190} INFO - [2024-10-03T13:12:04.091+0000] {dag.py:4156} INFO - Setting next_dagrun for example_setup_teardown to None, run_after=None
[2024-10-03T13:12:04.593+0000] {processor.py:208} INFO - Processing /home/airflow/.local/lib/python3.12/site-packages/airflow/example_dags/example_setup_teardown.py took 0.673 seconds
[2024-10-03T13:12:34.797+0000] {processor.py:186} INFO - Started process (PID=377) to work on /home/airflow/.local/lib/python3.12/site-packages/airflow/example_dags/example_setup_teardown.py
[2024-10-03T13:12:34.799+0000] {processor.py:914} INFO - Processing file /home/airflow/.local/lib/python3.12/site-packages/airflow/example_dags/example_setup_teardown.py for tasks to queue
[2024-10-03T13:12:34.804+0000] {logging_mixin.py:190} INFO - [2024-10-03T13:12:34.803+0000] {dagbag.py:587} INFO - Filling up the DagBag from /home/airflow/.local/lib/python3.12/site-packages/airflow/example_dags/example_setup_teardown.py
[2024-10-03T13:12:34.826+0000] {processor.py:925} INFO - DAG(s) 'example_setup_teardown' retrieved from /home/airflow/.local/lib/python3.12/site-packages/airflow/example_dags/example_setup_teardown.py
[2024-10-03T13:12:34.873+0000] {logging_mixin.py:190} INFO - [2024-10-03T13:12:34.873+0000] {dag.py:3229} INFO - Sync 1 DAGs
[2024-10-03T13:12:34.909+0000] {logging_mixin.py:190} INFO - [2024-10-03T13:12:34.908+0000] {dag.py:4156} INFO - Setting next_dagrun for example_setup_teardown to None, run_after=None
[2024-10-03T13:12:35.065+0000] {processor.py:208} INFO - Processing /home/airflow/.local/lib/python3.12/site-packages/airflow/example_dags/example_setup_teardown.py took 0.277 seconds
[2024-10-03T13:13:06.457+0000] {processor.py:186} INFO - Started process (PID=440) to work on /home/airflow/.local/lib/python3.12/site-packages/airflow/example_dags/example_setup_teardown.py
[2024-10-03T13:13:06.460+0000] {processor.py:914} INFO - Processing file /home/airflow/.local/lib/python3.12/site-packages/airflow/example_dags/example_setup_teardown.py for tasks to queue
[2024-10-03T13:13:06.463+0000] {logging_mixin.py:190} INFO - [2024-10-03T13:13:06.463+0000] {dagbag.py:587} INFO - Filling up the DagBag from /home/airflow/.local/lib/python3.12/site-packages/airflow/example_dags/example_setup_teardown.py
[2024-10-03T13:13:06.476+0000] {processor.py:925} INFO - DAG(s) 'example_setup_teardown' retrieved from /home/airflow/.local/lib/python3.12/site-packages/airflow/example_dags/example_setup_teardown.py
[2024-10-03T13:13:06.516+0000] {logging_mixin.py:190} INFO - [2024-10-03T13:13:06.515+0000] {dag.py:3229} INFO - Sync 1 DAGs
[2024-10-03T13:13:06.549+0000] {logging_mixin.py:190} INFO - [2024-10-03T13:13:06.548+0000] {dag.py:4156} INFO - Setting next_dagrun for example_setup_teardown to None, run_after=None
[2024-10-03T13:13:07.159+0000] {processor.py:208} INFO - Processing /home/airflow/.local/lib/python3.12/site-packages/airflow/example_dags/example_setup_teardown.py took 0.712 seconds
[2024-10-03T13:13:37.646+0000] {processor.py:186} INFO - Started process (PID=503) to work on /home/airflow/.local/lib/python3.12/site-packages/airflow/example_dags/example_setup_teardown.py
[2024-10-03T13:13:37.647+0000] {processor.py:914} INFO - Processing file /home/airflow/.local/lib/python3.12/site-packages/airflow/example_dags/example_setup_teardown.py for tasks to queue
[2024-10-03T13:13:37.650+0000] {logging_mixin.py:190} INFO - [2024-10-03T13:13:37.649+0000] {dagbag.py:587} INFO - Filling up the DagBag from /home/airflow/.local/lib/python3.12/site-packages/airflow/example_dags/example_setup_teardown.py
[2024-10-03T13:13:37.664+0000] {processor.py:925} INFO - DAG(s) 'example_setup_teardown' retrieved from /home/airflow/.local/lib/python3.12/site-packages/airflow/example_dags/example_setup_teardown.py
[2024-10-03T13:13:37.696+0000] {logging_mixin.py:190} INFO - [2024-10-03T13:13:37.695+0000] {dag.py:3229} INFO - Sync 1 DAGs
[2024-10-03T13:13:37.715+0000] {logging_mixin.py:190} INFO - [2024-10-03T13:13:37.715+0000] {dag.py:4156} INFO - Setting next_dagrun for example_setup_teardown to None, run_after=None
[2024-10-03T13:13:37.981+0000] {processor.py:208} INFO - Processing /home/airflow/.local/lib/python3.12/site-packages/airflow/example_dags/example_setup_teardown.py took 0.341 seconds
[2024-10-03T13:14:09.970+0000] {processor.py:186} INFO - Started process (PID=566) to work on /home/airflow/.local/lib/python3.12/site-packages/airflow/example_dags/example_setup_teardown.py
[2024-10-03T13:14:09.971+0000] {processor.py:914} INFO - Processing file /home/airflow/.local/lib/python3.12/site-packages/airflow/example_dags/example_setup_teardown.py for tasks to queue
[2024-10-03T13:14:09.980+0000] {logging_mixin.py:190} INFO - [2024-10-03T13:14:09.980+0000] {dagbag.py:587} INFO - Filling up the DagBag from /home/airflow/.local/lib/python3.12/site-packages/airflow/example_dags/example_setup_teardown.py
[2024-10-03T13:14:09.997+0000] {processor.py:925} INFO - DAG(s) 'example_setup_teardown' retrieved from /home/airflow/.local/lib/python3.12/site-packages/airflow/example_dags/example_setup_teardown.py
[2024-10-03T13:14:10.032+0000] {logging_mixin.py:190} INFO - [2024-10-03T13:14:10.032+0000] {dag.py:3229} INFO - Sync 1 DAGs
[2024-10-03T13:14:10.071+0000] {logging_mixin.py:190} INFO - [2024-10-03T13:14:10.070+0000] {dag.py:4156} INFO - Setting next_dagrun for example_setup_teardown to None, run_after=None
[2024-10-03T13:14:11.806+0000] {processor.py:208} INFO - Processing /home/airflow/.local/lib/python3.12/site-packages/airflow/example_dags/example_setup_teardown.py took 1.846 seconds
[2024-10-03T13:14:44.063+0000] {processor.py:186} INFO - Started process (PID=629) to work on /home/airflow/.local/lib/python3.12/site-packages/airflow/example_dags/example_setup_teardown.py
[2024-10-03T13:14:44.064+0000] {processor.py:914} INFO - Processing file /home/airflow/.local/lib/python3.12/site-packages/airflow/example_dags/example_setup_teardown.py for tasks to queue
[2024-10-03T13:14:44.067+0000] {logging_mixin.py:190} INFO - [2024-10-03T13:14:44.067+0000] {dagbag.py:587} INFO - Filling up the DagBag from /home/airflow/.local/lib/python3.12/site-packages/airflow/example_dags/example_setup_teardown.py
[2024-10-03T13:14:44.079+0000] {processor.py:925} INFO - DAG(s) 'example_setup_teardown' retrieved from /home/airflow/.local/lib/python3.12/site-packages/airflow/example_dags/example_setup_teardown.py
[2024-10-03T13:14:44.105+0000] {logging_mixin.py:190} INFO - [2024-10-03T13:14:44.104+0000] {dag.py:3229} INFO - Sync 1 DAGs
[2024-10-03T13:14:44.125+0000] {logging_mixin.py:190} INFO - [2024-10-03T13:14:44.125+0000] {dag.py:4156} INFO - Setting next_dagrun for example_setup_teardown to None, run_after=None
[2024-10-03T13:14:44.457+0000] {processor.py:208} INFO - Processing /home/airflow/.local/lib/python3.12/site-packages/airflow/example_dags/example_setup_teardown.py took 0.402 seconds
[2024-10-03T13:15:14.914+0000] {processor.py:186} INFO - Started process (PID=692) to work on /home/airflow/.local/lib/python3.12/site-packages/airflow/example_dags/example_setup_teardown.py
[2024-10-03T13:15:14.915+0000] {processor.py:914} INFO - Processing file /home/airflow/.local/lib/python3.12/site-packages/airflow/example_dags/example_setup_teardown.py for tasks to queue
[2024-10-03T13:15:14.918+0000] {logging_mixin.py:190} INFO - [2024-10-03T13:15:14.918+0000] {dagbag.py:587} INFO - Filling up the DagBag from /home/airflow/.local/lib/python3.12/site-packages/airflow/example_dags/example_setup_teardown.py
[2024-10-03T13:15:14.932+0000] {processor.py:925} INFO - DAG(s) 'example_setup_teardown' retrieved from /home/airflow/.local/lib/python3.12/site-packages/airflow/example_dags/example_setup_teardown.py
[2024-10-03T13:15:14.974+0000] {logging_mixin.py:190} INFO - [2024-10-03T13:15:14.973+0000] {dag.py:3229} INFO - Sync 1 DAGs
[2024-10-03T13:15:15.010+0000] {logging_mixin.py:190} INFO - [2024-10-03T13:15:15.009+0000] {dag.py:4156} INFO - Setting next_dagrun for example_setup_teardown to None, run_after=None
[2024-10-03T13:15:15.120+0000] {processor.py:208} INFO - Processing /home/airflow/.local/lib/python3.12/site-packages/airflow/example_dags/example_setup_teardown.py took 0.218 seconds
[2024-10-03T13:15:45.838+0000] {processor.py:186} INFO - Started process (PID=755) to work on /home/airflow/.local/lib/python3.12/site-packages/airflow/example_dags/example_setup_teardown.py
[2024-10-03T13:15:45.840+0000] {processor.py:914} INFO - Processing file /home/airflow/.local/lib/python3.12/site-packages/airflow/example_dags/example_setup_teardown.py for tasks to queue
[2024-10-03T13:15:45.850+0000] {logging_mixin.py:190} INFO - [2024-10-03T13:15:45.850+0000] {dagbag.py:587} INFO - Filling up the DagBag from /home/airflow/.local/lib/python3.12/site-packages/airflow/example_dags/example_setup_teardown.py
[2024-10-03T13:15:45.867+0000] {processor.py:925} INFO - DAG(s) 'example_setup_teardown' retrieved from /home/airflow/.local/lib/python3.12/site-packages/airflow/example_dags/example_setup_teardown.py
[2024-10-03T13:15:45.908+0000] {logging_mixin.py:190} INFO - [2024-10-03T13:15:45.907+0000] {dag.py:3229} INFO - Sync 1 DAGs
[2024-10-03T13:15:45.954+0000] {logging_mixin.py:190} INFO - [2024-10-03T13:15:45.953+0000] {dag.py:4156} INFO - Setting next_dagrun for example_setup_teardown to None, run_after=None
[2024-10-03T13:15:46.052+0000] {processor.py:208} INFO - Processing /home/airflow/.local/lib/python3.12/site-packages/airflow/example_dags/example_setup_teardown.py took 0.224 seconds
[2024-10-03T13:16:16.707+0000] {processor.py:186} INFO - Started process (PID=819) to work on /home/airflow/.local/lib/python3.12/site-packages/airflow/example_dags/example_setup_teardown.py
[2024-10-03T13:16:16.710+0000] {processor.py:914} INFO - Processing file /home/airflow/.local/lib/python3.12/site-packages/airflow/example_dags/example_setup_teardown.py for tasks to queue
[2024-10-03T13:16:16.718+0000] {logging_mixin.py:190} INFO - [2024-10-03T13:16:16.717+0000] {dagbag.py:587} INFO - Filling up the DagBag from /home/airflow/.local/lib/python3.12/site-packages/airflow/example_dags/example_setup_teardown.py
[2024-10-03T13:16:16.751+0000] {processor.py:925} INFO - DAG(s) 'example_setup_teardown' retrieved from /home/airflow/.local/lib/python3.12/site-packages/airflow/example_dags/example_setup_teardown.py
[2024-10-03T13:16:16.805+0000] {logging_mixin.py:190} INFO - [2024-10-03T13:16:16.803+0000] {dag.py:3229} INFO - Sync 1 DAGs
[2024-10-03T13:16:16.840+0000] {logging_mixin.py:190} INFO - [2024-10-03T13:16:16.839+0000] {dag.py:4156} INFO - Setting next_dagrun for example_setup_teardown to None, run_after=None
[2024-10-03T13:16:16.949+0000] {processor.py:208} INFO - Processing /home/airflow/.local/lib/python3.12/site-packages/airflow/example_dags/example_setup_teardown.py took 0.256 seconds
[2024-10-03T13:16:47.621+0000] {processor.py:186} INFO - Started process (PID=882) to work on /home/airflow/.local/lib/python3.12/site-packages/airflow/example_dags/example_setup_teardown.py
[2024-10-03T13:16:47.622+0000] {processor.py:914} INFO - Processing file /home/airflow/.local/lib/python3.12/site-packages/airflow/example_dags/example_setup_teardown.py for tasks to queue
[2024-10-03T13:16:47.625+0000] {logging_mixin.py:190} INFO - [2024-10-03T13:16:47.625+0000] {dagbag.py:587} INFO - Filling up the DagBag from /home/airflow/.local/lib/python3.12/site-packages/airflow/example_dags/example_setup_teardown.py
[2024-10-03T13:16:47.637+0000] {processor.py:925} INFO - DAG(s) 'example_setup_teardown' retrieved from /home/airflow/.local/lib/python3.12/site-packages/airflow/example_dags/example_setup_teardown.py
[2024-10-03T13:16:47.665+0000] {logging_mixin.py:190} INFO - [2024-10-03T13:16:47.665+0000] {dag.py:3229} INFO - Sync 1 DAGs
[2024-10-03T13:16:47.687+0000] {logging_mixin.py:190} INFO - [2024-10-03T13:16:47.687+0000] {dag.py:4156} INFO - Setting next_dagrun for example_setup_teardown to None, run_after=None
[2024-10-03T13:16:47.760+0000] {processor.py:208} INFO - Processing /home/airflow/.local/lib/python3.12/site-packages/airflow/example_dags/example_setup_teardown.py took 0.146 seconds
[2024-10-03T13:17:18.876+0000] {processor.py:186} INFO - Started process (PID=945) to work on /home/airflow/.local/lib/python3.12/site-packages/airflow/example_dags/example_setup_teardown.py
[2024-10-03T13:17:18.878+0000] {processor.py:914} INFO - Processing file /home/airflow/.local/lib/python3.12/site-packages/airflow/example_dags/example_setup_teardown.py for tasks to queue
[2024-10-03T13:17:18.883+0000] {logging_mixin.py:190} INFO - [2024-10-03T13:17:18.882+0000] {dagbag.py:587} INFO - Filling up the DagBag from /home/airflow/.local/lib/python3.12/site-packages/airflow/example_dags/example_setup_teardown.py
[2024-10-03T13:17:18.904+0000] {processor.py:925} INFO - DAG(s) 'example_setup_teardown' retrieved from /home/airflow/.local/lib/python3.12/site-packages/airflow/example_dags/example_setup_teardown.py
[2024-10-03T13:17:18.953+0000] {logging_mixin.py:190} INFO - [2024-10-03T13:17:18.952+0000] {dag.py:3229} INFO - Sync 1 DAGs
[2024-10-03T13:17:18.997+0000] {logging_mixin.py:190} INFO - [2024-10-03T13:17:18.996+0000] {dag.py:4156} INFO - Setting next_dagrun for example_setup_teardown to None, run_after=None
[2024-10-03T13:17:19.208+0000] {processor.py:208} INFO - Processing /home/airflow/.local/lib/python3.12/site-packages/airflow/example_dags/example_setup_teardown.py took 0.345 seconds
[2024-10-03T13:17:50.633+0000] {processor.py:186} INFO - Started process (PID=1008) to work on /home/airflow/.local/lib/python3.12/site-packages/airflow/example_dags/example_setup_teardown.py
[2024-10-03T13:17:50.634+0000] {processor.py:914} INFO - Processing file /home/airflow/.local/lib/python3.12/site-packages/airflow/example_dags/example_setup_teardown.py for tasks to queue
[2024-10-03T13:17:50.637+0000] {logging_mixin.py:190} INFO - [2024-10-03T13:17:50.636+0000] {dagbag.py:587} INFO - Filling up the DagBag from /home/airflow/.local/lib/python3.12/site-packages/airflow/example_dags/example_setup_teardown.py
[2024-10-03T13:17:50.648+0000] {processor.py:925} INFO - DAG(s) 'example_setup_teardown' retrieved from /home/airflow/.local/lib/python3.12/site-packages/airflow/example_dags/example_setup_teardown.py
[2024-10-03T13:17:50.673+0000] {logging_mixin.py:190} INFO - [2024-10-03T13:17:50.673+0000] {dag.py:3229} INFO - Sync 1 DAGs
[2024-10-03T13:17:50.698+0000] {logging_mixin.py:190} INFO - [2024-10-03T13:17:50.697+0000] {dag.py:4156} INFO - Setting next_dagrun for example_setup_teardown to None, run_after=None
[2024-10-03T13:17:50.813+0000] {processor.py:208} INFO - Processing /home/airflow/.local/lib/python3.12/site-packages/airflow/example_dags/example_setup_teardown.py took 0.186 seconds
[2024-10-03T13:18:21.753+0000] {processor.py:186} INFO - Started process (PID=1071) to work on /home/airflow/.local/lib/python3.12/site-packages/airflow/example_dags/example_setup_teardown.py
[2024-10-03T13:18:21.754+0000] {processor.py:914} INFO - Processing file /home/airflow/.local/lib/python3.12/site-packages/airflow/example_dags/example_setup_teardown.py for tasks to queue
[2024-10-03T13:18:21.758+0000] {logging_mixin.py:190} INFO - [2024-10-03T13:18:21.758+0000] {dagbag.py:587} INFO - Filling up the DagBag from /home/airflow/.local/lib/python3.12/site-packages/airflow/example_dags/example_setup_teardown.py
[2024-10-03T13:18:21.773+0000] {processor.py:925} INFO - DAG(s) 'example_setup_teardown' retrieved from /home/airflow/.local/lib/python3.12/site-packages/airflow/example_dags/example_setup_teardown.py
[2024-10-03T13:18:21.810+0000] {logging_mixin.py:190} INFO - [2024-10-03T13:18:21.810+0000] {dag.py:3229} INFO - Sync 1 DAGs
[2024-10-03T13:18:21.842+0000] {logging_mixin.py:190} INFO - [2024-10-03T13:18:21.842+0000] {dag.py:4156} INFO - Setting next_dagrun for example_setup_teardown to None, run_after=None
[2024-10-03T13:18:21.887+0000] {processor.py:208} INFO - Processing /home/airflow/.local/lib/python3.12/site-packages/airflow/example_dags/example_setup_teardown.py took 0.144 seconds
