[2024-10-03T13:10:19.502+0000] {processor.py:186} INFO - Started process (PID=112) to work on /home/airflow/.local/lib/python3.12/site-packages/airflow/example_dags/example_skip_dag.py
[2024-10-03T13:10:19.503+0000] {processor.py:914} INFO - Processing file /home/airflow/.local/lib/python3.12/site-packages/airflow/example_dags/example_skip_dag.py for tasks to queue
[2024-10-03T13:10:19.506+0000] {logging_mixin.py:190} INFO - [2024-10-03T13:10:19.505+0000] {dagbag.py:587} INFO - Filling up the DagBag from /home/airflow/.local/lib/python3.12/site-packages/airflow/example_dags/example_skip_dag.py
[2024-10-03T13:10:19.519+0000] {processor.py:925} INFO - DAG(s) 'example_skip_dag' retrieved from /home/airflow/.local/lib/python3.12/site-packages/airflow/example_dags/example_skip_dag.py
[2024-10-03T13:10:19.545+0000] {logging_mixin.py:190} INFO - [2024-10-03T13:10:19.545+0000] {dag.py:3229} INFO - Sync 1 DAGs
[2024-10-03T13:10:19.577+0000] {logging_mixin.py:190} INFO - [2024-10-03T13:10:19.577+0000] {dag.py:4156} INFO - Setting next_dagrun for example_skip_dag to 2024-10-02 00:00:00+00:00, run_after=2024-10-03 00:00:00+00:00
[2024-10-03T13:10:19.675+0000] {processor.py:208} INFO - Processing /home/airflow/.local/lib/python3.12/site-packages/airflow/example_dags/example_skip_dag.py took 0.180 seconds
[2024-10-03T13:10:50.393+0000] {processor.py:186} INFO - Started process (PID=175) to work on /home/airflow/.local/lib/python3.12/site-packages/airflow/example_dags/example_skip_dag.py
[2024-10-03T13:10:50.394+0000] {processor.py:914} INFO - Processing file /home/airflow/.local/lib/python3.12/site-packages/airflow/example_dags/example_skip_dag.py for tasks to queue
[2024-10-03T13:10:50.398+0000] {logging_mixin.py:190} INFO - [2024-10-03T13:10:50.398+0000] {dagbag.py:587} INFO - Filling up the DagBag from /home/airflow/.local/lib/python3.12/site-packages/airflow/example_dags/example_skip_dag.py
[2024-10-03T13:10:50.418+0000] {processor.py:925} INFO - DAG(s) 'example_skip_dag' retrieved from /home/airflow/.local/lib/python3.12/site-packages/airflow/example_dags/example_skip_dag.py
[2024-10-03T13:10:50.462+0000] {logging_mixin.py:190} INFO - [2024-10-03T13:10:50.462+0000] {dag.py:3229} INFO - Sync 1 DAGs
[2024-10-03T13:10:50.515+0000] {logging_mixin.py:190} INFO - [2024-10-03T13:10:50.515+0000] {dag.py:4156} INFO - Setting next_dagrun for example_skip_dag to 2024-10-02 00:00:00+00:00, run_after=2024-10-03 00:00:00+00:00
[2024-10-03T13:10:50.586+0000] {processor.py:208} INFO - Processing /home/airflow/.local/lib/python3.12/site-packages/airflow/example_dags/example_skip_dag.py took 0.202 seconds
[2024-10-03T13:11:20.795+0000] {processor.py:186} INFO - Started process (PID=238) to work on /home/airflow/.local/lib/python3.12/site-packages/airflow/example_dags/example_skip_dag.py
[2024-10-03T13:11:20.797+0000] {processor.py:914} INFO - Processing file /home/airflow/.local/lib/python3.12/site-packages/airflow/example_dags/example_skip_dag.py for tasks to queue
[2024-10-03T13:11:20.800+0000] {logging_mixin.py:190} INFO - [2024-10-03T13:11:20.800+0000] {dagbag.py:587} INFO - Filling up the DagBag from /home/airflow/.local/lib/python3.12/site-packages/airflow/example_dags/example_skip_dag.py
[2024-10-03T13:11:20.811+0000] {processor.py:925} INFO - DAG(s) 'example_skip_dag' retrieved from /home/airflow/.local/lib/python3.12/site-packages/airflow/example_dags/example_skip_dag.py
[2024-10-03T13:11:20.855+0000] {logging_mixin.py:190} INFO - [2024-10-03T13:11:20.855+0000] {dag.py:3229} INFO - Sync 1 DAGs
[2024-10-03T13:11:20.904+0000] {logging_mixin.py:190} INFO - [2024-10-03T13:11:20.904+0000] {dag.py:4156} INFO - Setting next_dagrun for example_skip_dag to 2024-10-02 00:00:00+00:00, run_after=2024-10-03 00:00:00+00:00
[2024-10-03T13:11:21.014+0000] {processor.py:208} INFO - Processing /home/airflow/.local/lib/python3.12/site-packages/airflow/example_dags/example_skip_dag.py took 0.228 seconds
[2024-10-03T13:11:59.733+0000] {processor.py:186} INFO - Started process (PID=306) to work on /home/airflow/.local/lib/python3.12/site-packages/airflow/example_dags/example_skip_dag.py
[2024-10-03T13:11:59.738+0000] {processor.py:914} INFO - Processing file /home/airflow/.local/lib/python3.12/site-packages/airflow/example_dags/example_skip_dag.py for tasks to queue
[2024-10-03T13:11:59.751+0000] {logging_mixin.py:190} INFO - [2024-10-03T13:11:59.749+0000] {dagbag.py:587} INFO - Filling up the DagBag from /home/airflow/.local/lib/python3.12/site-packages/airflow/example_dags/example_skip_dag.py
[2024-10-03T13:11:59.811+0000] {processor.py:925} INFO - DAG(s) 'example_skip_dag' retrieved from /home/airflow/.local/lib/python3.12/site-packages/airflow/example_dags/example_skip_dag.py
[2024-10-03T13:11:59.849+0000] {logging_mixin.py:190} INFO - [2024-10-03T13:11:59.848+0000] {dag.py:3229} INFO - Sync 1 DAGs
[2024-10-03T13:11:59.894+0000] {logging_mixin.py:190} INFO - [2024-10-03T13:11:59.893+0000] {dag.py:4156} INFO - Setting next_dagrun for example_skip_dag to 2024-10-02 00:00:00+00:00, run_after=2024-10-03 00:00:00+00:00
[2024-10-03T13:12:00.248+0000] {processor.py:208} INFO - Processing /home/airflow/.local/lib/python3.12/site-packages/airflow/example_dags/example_skip_dag.py took 0.528 seconds
[2024-10-03T13:12:31.368+0000] {processor.py:186} INFO - Started process (PID=369) to work on /home/airflow/.local/lib/python3.12/site-packages/airflow/example_dags/example_skip_dag.py
[2024-10-03T13:12:31.369+0000] {processor.py:914} INFO - Processing file /home/airflow/.local/lib/python3.12/site-packages/airflow/example_dags/example_skip_dag.py for tasks to queue
[2024-10-03T13:12:31.372+0000] {logging_mixin.py:190} INFO - [2024-10-03T13:12:31.371+0000] {dagbag.py:587} INFO - Filling up the DagBag from /home/airflow/.local/lib/python3.12/site-packages/airflow/example_dags/example_skip_dag.py
[2024-10-03T13:12:31.382+0000] {processor.py:925} INFO - DAG(s) 'example_skip_dag' retrieved from /home/airflow/.local/lib/python3.12/site-packages/airflow/example_dags/example_skip_dag.py
[2024-10-03T13:12:31.417+0000] {logging_mixin.py:190} INFO - [2024-10-03T13:12:31.417+0000] {dag.py:3229} INFO - Sync 1 DAGs
[2024-10-03T13:12:31.452+0000] {logging_mixin.py:190} INFO - [2024-10-03T13:12:31.452+0000] {dag.py:4156} INFO - Setting next_dagrun for example_skip_dag to 2024-10-02 00:00:00+00:00, run_after=2024-10-03 00:00:00+00:00
[2024-10-03T13:12:31.589+0000] {processor.py:208} INFO - Processing /home/airflow/.local/lib/python3.12/site-packages/airflow/example_dags/example_skip_dag.py took 0.229 seconds
[2024-10-03T13:13:03.464+0000] {processor.py:186} INFO - Started process (PID=432) to work on /home/airflow/.local/lib/python3.12/site-packages/airflow/example_dags/example_skip_dag.py
[2024-10-03T13:13:03.466+0000] {processor.py:914} INFO - Processing file /home/airflow/.local/lib/python3.12/site-packages/airflow/example_dags/example_skip_dag.py for tasks to queue
[2024-10-03T13:13:03.469+0000] {logging_mixin.py:190} INFO - [2024-10-03T13:13:03.468+0000] {dagbag.py:587} INFO - Filling up the DagBag from /home/airflow/.local/lib/python3.12/site-packages/airflow/example_dags/example_skip_dag.py
[2024-10-03T13:13:03.477+0000] {processor.py:925} INFO - DAG(s) 'example_skip_dag' retrieved from /home/airflow/.local/lib/python3.12/site-packages/airflow/example_dags/example_skip_dag.py
[2024-10-03T13:13:03.504+0000] {logging_mixin.py:190} INFO - [2024-10-03T13:13:03.503+0000] {dag.py:3229} INFO - Sync 1 DAGs
[2024-10-03T13:13:03.533+0000] {logging_mixin.py:190} INFO - [2024-10-03T13:13:03.533+0000] {dag.py:4156} INFO - Setting next_dagrun for example_skip_dag to 2024-10-02 00:00:00+00:00, run_after=2024-10-03 00:00:00+00:00
[2024-10-03T13:13:03.835+0000] {processor.py:208} INFO - Processing /home/airflow/.local/lib/python3.12/site-packages/airflow/example_dags/example_skip_dag.py took 0.382 seconds
[2024-10-03T13:13:34.944+0000] {processor.py:186} INFO - Started process (PID=495) to work on /home/airflow/.local/lib/python3.12/site-packages/airflow/example_dags/example_skip_dag.py
[2024-10-03T13:13:34.945+0000] {processor.py:914} INFO - Processing file /home/airflow/.local/lib/python3.12/site-packages/airflow/example_dags/example_skip_dag.py for tasks to queue
[2024-10-03T13:13:34.948+0000] {logging_mixin.py:190} INFO - [2024-10-03T13:13:34.948+0000] {dagbag.py:587} INFO - Filling up the DagBag from /home/airflow/.local/lib/python3.12/site-packages/airflow/example_dags/example_skip_dag.py
[2024-10-03T13:13:34.961+0000] {processor.py:925} INFO - DAG(s) 'example_skip_dag' retrieved from /home/airflow/.local/lib/python3.12/site-packages/airflow/example_dags/example_skip_dag.py
[2024-10-03T13:13:34.995+0000] {logging_mixin.py:190} INFO - [2024-10-03T13:13:34.994+0000] {dag.py:3229} INFO - Sync 1 DAGs
[2024-10-03T13:13:35.041+0000] {logging_mixin.py:190} INFO - [2024-10-03T13:13:35.041+0000] {dag.py:4156} INFO - Setting next_dagrun for example_skip_dag to 2024-10-02 00:00:00+00:00, run_after=2024-10-03 00:00:00+00:00
[2024-10-03T13:13:35.593+0000] {processor.py:208} INFO - Processing /home/airflow/.local/lib/python3.12/site-packages/airflow/example_dags/example_skip_dag.py took 0.656 seconds
[2024-10-03T13:14:07.006+0000] {processor.py:186} INFO - Started process (PID=558) to work on /home/airflow/.local/lib/python3.12/site-packages/airflow/example_dags/example_skip_dag.py
[2024-10-03T13:14:07.018+0000] {processor.py:914} INFO - Processing file /home/airflow/.local/lib/python3.12/site-packages/airflow/example_dags/example_skip_dag.py for tasks to queue
[2024-10-03T13:14:07.033+0000] {logging_mixin.py:190} INFO - [2024-10-03T13:14:07.032+0000] {dagbag.py:587} INFO - Filling up the DagBag from /home/airflow/.local/lib/python3.12/site-packages/airflow/example_dags/example_skip_dag.py
[2024-10-03T13:14:07.095+0000] {processor.py:925} INFO - DAG(s) 'example_skip_dag' retrieved from /home/airflow/.local/lib/python3.12/site-packages/airflow/example_dags/example_skip_dag.py
[2024-10-03T13:14:07.224+0000] {logging_mixin.py:190} INFO - [2024-10-03T13:14:07.223+0000] {dag.py:3229} INFO - Sync 1 DAGs
[2024-10-03T13:14:07.366+0000] {logging_mixin.py:190} INFO - [2024-10-03T13:14:07.362+0000] {dag.py:4156} INFO - Setting next_dagrun for example_skip_dag to 2024-10-02 00:00:00+00:00, run_after=2024-10-03 00:00:00+00:00
[2024-10-03T13:14:07.590+0000] {processor.py:208} INFO - Processing /home/airflow/.local/lib/python3.12/site-packages/airflow/example_dags/example_skip_dag.py took 0.618 seconds
[2024-10-03T13:14:41.373+0000] {processor.py:186} INFO - Started process (PID=621) to work on /home/airflow/.local/lib/python3.12/site-packages/airflow/example_dags/example_skip_dag.py
[2024-10-03T13:14:41.376+0000] {processor.py:914} INFO - Processing file /home/airflow/.local/lib/python3.12/site-packages/airflow/example_dags/example_skip_dag.py for tasks to queue
[2024-10-03T13:14:41.380+0000] {logging_mixin.py:190} INFO - [2024-10-03T13:14:41.379+0000] {dagbag.py:587} INFO - Filling up the DagBag from /home/airflow/.local/lib/python3.12/site-packages/airflow/example_dags/example_skip_dag.py
[2024-10-03T13:14:41.393+0000] {processor.py:925} INFO - DAG(s) 'example_skip_dag' retrieved from /home/airflow/.local/lib/python3.12/site-packages/airflow/example_dags/example_skip_dag.py
[2024-10-03T13:14:41.427+0000] {logging_mixin.py:190} INFO - [2024-10-03T13:14:41.426+0000] {dag.py:3229} INFO - Sync 1 DAGs
[2024-10-03T13:14:41.466+0000] {logging_mixin.py:190} INFO - [2024-10-03T13:14:41.466+0000] {dag.py:4156} INFO - Setting next_dagrun for example_skip_dag to 2024-10-02 00:00:00+00:00, run_after=2024-10-03 00:00:00+00:00
[2024-10-03T13:14:41.758+0000] {processor.py:208} INFO - Processing /home/airflow/.local/lib/python3.12/site-packages/airflow/example_dags/example_skip_dag.py took 0.395 seconds
[2024-10-03T13:15:11.881+0000] {processor.py:186} INFO - Started process (PID=684) to work on /home/airflow/.local/lib/python3.12/site-packages/airflow/example_dags/example_skip_dag.py
[2024-10-03T13:15:11.882+0000] {processor.py:914} INFO - Processing file /home/airflow/.local/lib/python3.12/site-packages/airflow/example_dags/example_skip_dag.py for tasks to queue
[2024-10-03T13:15:11.886+0000] {logging_mixin.py:190} INFO - [2024-10-03T13:15:11.885+0000] {dagbag.py:587} INFO - Filling up the DagBag from /home/airflow/.local/lib/python3.12/site-packages/airflow/example_dags/example_skip_dag.py
[2024-10-03T13:15:11.898+0000] {processor.py:925} INFO - DAG(s) 'example_skip_dag' retrieved from /home/airflow/.local/lib/python3.12/site-packages/airflow/example_dags/example_skip_dag.py
[2024-10-03T13:15:11.929+0000] {logging_mixin.py:190} INFO - [2024-10-03T13:15:11.929+0000] {dag.py:3229} INFO - Sync 1 DAGs
[2024-10-03T13:15:11.965+0000] {logging_mixin.py:190} INFO - [2024-10-03T13:15:11.965+0000] {dag.py:4156} INFO - Setting next_dagrun for example_skip_dag to 2024-10-02 00:00:00+00:00, run_after=2024-10-03 00:00:00+00:00
[2024-10-03T13:15:12.068+0000] {processor.py:208} INFO - Processing /home/airflow/.local/lib/python3.12/site-packages/airflow/example_dags/example_skip_dag.py took 0.197 seconds
[2024-10-03T13:15:42.679+0000] {processor.py:186} INFO - Started process (PID=747) to work on /home/airflow/.local/lib/python3.12/site-packages/airflow/example_dags/example_skip_dag.py
[2024-10-03T13:15:42.681+0000] {processor.py:914} INFO - Processing file /home/airflow/.local/lib/python3.12/site-packages/airflow/example_dags/example_skip_dag.py for tasks to queue
[2024-10-03T13:15:42.686+0000] {logging_mixin.py:190} INFO - [2024-10-03T13:15:42.685+0000] {dagbag.py:587} INFO - Filling up the DagBag from /home/airflow/.local/lib/python3.12/site-packages/airflow/example_dags/example_skip_dag.py
[2024-10-03T13:15:42.699+0000] {processor.py:925} INFO - DAG(s) 'example_skip_dag' retrieved from /home/airflow/.local/lib/python3.12/site-packages/airflow/example_dags/example_skip_dag.py
[2024-10-03T13:15:42.743+0000] {logging_mixin.py:190} INFO - [2024-10-03T13:15:42.740+0000] {dag.py:3229} INFO - Sync 1 DAGs
[2024-10-03T13:15:42.797+0000] {logging_mixin.py:190} INFO - [2024-10-03T13:15:42.797+0000] {dag.py:4156} INFO - Setting next_dagrun for example_skip_dag to 2024-10-02 00:00:00+00:00, run_after=2024-10-03 00:00:00+00:00
[2024-10-03T13:15:42.997+0000] {processor.py:208} INFO - Processing /home/airflow/.local/lib/python3.12/site-packages/airflow/example_dags/example_skip_dag.py took 0.333 seconds
[2024-10-03T13:16:13.734+0000] {processor.py:186} INFO - Started process (PID=810) to work on /home/airflow/.local/lib/python3.12/site-packages/airflow/example_dags/example_skip_dag.py
[2024-10-03T13:16:13.736+0000] {processor.py:914} INFO - Processing file /home/airflow/.local/lib/python3.12/site-packages/airflow/example_dags/example_skip_dag.py for tasks to queue
[2024-10-03T13:16:13.739+0000] {logging_mixin.py:190} INFO - [2024-10-03T13:16:13.738+0000] {dagbag.py:587} INFO - Filling up the DagBag from /home/airflow/.local/lib/python3.12/site-packages/airflow/example_dags/example_skip_dag.py
[2024-10-03T13:16:13.753+0000] {processor.py:925} INFO - DAG(s) 'example_skip_dag' retrieved from /home/airflow/.local/lib/python3.12/site-packages/airflow/example_dags/example_skip_dag.py
[2024-10-03T13:16:13.786+0000] {logging_mixin.py:190} INFO - [2024-10-03T13:16:13.786+0000] {dag.py:3229} INFO - Sync 1 DAGs
[2024-10-03T13:16:13.828+0000] {logging_mixin.py:190} INFO - [2024-10-03T13:16:13.827+0000] {dag.py:4156} INFO - Setting next_dagrun for example_skip_dag to 2024-10-02 00:00:00+00:00, run_after=2024-10-03 00:00:00+00:00
[2024-10-03T13:16:13.993+0000] {processor.py:208} INFO - Processing /home/airflow/.local/lib/python3.12/site-packages/airflow/example_dags/example_skip_dag.py took 0.266 seconds
[2024-10-03T13:16:44.473+0000] {processor.py:186} INFO - Started process (PID=873) to work on /home/airflow/.local/lib/python3.12/site-packages/airflow/example_dags/example_skip_dag.py
[2024-10-03T13:16:44.475+0000] {processor.py:914} INFO - Processing file /home/airflow/.local/lib/python3.12/site-packages/airflow/example_dags/example_skip_dag.py for tasks to queue
[2024-10-03T13:16:44.478+0000] {logging_mixin.py:190} INFO - [2024-10-03T13:16:44.478+0000] {dagbag.py:587} INFO - Filling up the DagBag from /home/airflow/.local/lib/python3.12/site-packages/airflow/example_dags/example_skip_dag.py
[2024-10-03T13:16:44.491+0000] {processor.py:925} INFO - DAG(s) 'example_skip_dag' retrieved from /home/airflow/.local/lib/python3.12/site-packages/airflow/example_dags/example_skip_dag.py
[2024-10-03T13:16:44.529+0000] {logging_mixin.py:190} INFO - [2024-10-03T13:16:44.529+0000] {dag.py:3229} INFO - Sync 1 DAGs
[2024-10-03T13:16:44.577+0000] {logging_mixin.py:190} INFO - [2024-10-03T13:16:44.577+0000] {dag.py:4156} INFO - Setting next_dagrun for example_skip_dag to 2024-10-02 00:00:00+00:00, run_after=2024-10-03 00:00:00+00:00
[2024-10-03T13:16:44.662+0000] {processor.py:208} INFO - Processing /home/airflow/.local/lib/python3.12/site-packages/airflow/example_dags/example_skip_dag.py took 0.198 seconds
[2024-10-03T13:17:16.241+0000] {processor.py:186} INFO - Started process (PID=936) to work on /home/airflow/.local/lib/python3.12/site-packages/airflow/example_dags/example_skip_dag.py
[2024-10-03T13:17:16.242+0000] {processor.py:914} INFO - Processing file /home/airflow/.local/lib/python3.12/site-packages/airflow/example_dags/example_skip_dag.py for tasks to queue
[2024-10-03T13:17:16.244+0000] {logging_mixin.py:190} INFO - [2024-10-03T13:17:16.244+0000] {dagbag.py:587} INFO - Filling up the DagBag from /home/airflow/.local/lib/python3.12/site-packages/airflow/example_dags/example_skip_dag.py
[2024-10-03T13:17:16.253+0000] {processor.py:925} INFO - DAG(s) 'example_skip_dag' retrieved from /home/airflow/.local/lib/python3.12/site-packages/airflow/example_dags/example_skip_dag.py
[2024-10-03T13:17:16.282+0000] {logging_mixin.py:190} INFO - [2024-10-03T13:17:16.281+0000] {dag.py:3229} INFO - Sync 1 DAGs
[2024-10-03T13:17:16.317+0000] {logging_mixin.py:190} INFO - [2024-10-03T13:17:16.317+0000] {dag.py:4156} INFO - Setting next_dagrun for example_skip_dag to 2024-10-02 00:00:00+00:00, run_after=2024-10-03 00:00:00+00:00
[2024-10-03T13:17:16.591+0000] {processor.py:208} INFO - Processing /home/airflow/.local/lib/python3.12/site-packages/airflow/example_dags/example_skip_dag.py took 0.357 seconds
[2024-10-03T13:17:47.734+0000] {processor.py:186} INFO - Started process (PID=999) to work on /home/airflow/.local/lib/python3.12/site-packages/airflow/example_dags/example_skip_dag.py
[2024-10-03T13:17:47.766+0000] {processor.py:914} INFO - Processing file /home/airflow/.local/lib/python3.12/site-packages/airflow/example_dags/example_skip_dag.py for tasks to queue
[2024-10-03T13:17:47.770+0000] {logging_mixin.py:190} INFO - [2024-10-03T13:17:47.770+0000] {dagbag.py:587} INFO - Filling up the DagBag from /home/airflow/.local/lib/python3.12/site-packages/airflow/example_dags/example_skip_dag.py
[2024-10-03T13:17:47.786+0000] {processor.py:925} INFO - DAG(s) 'example_skip_dag' retrieved from /home/airflow/.local/lib/python3.12/site-packages/airflow/example_dags/example_skip_dag.py
[2024-10-03T13:17:47.822+0000] {logging_mixin.py:190} INFO - [2024-10-03T13:17:47.822+0000] {dag.py:3229} INFO - Sync 1 DAGs
[2024-10-03T13:17:47.863+0000] {logging_mixin.py:190} INFO - [2024-10-03T13:17:47.863+0000] {dag.py:4156} INFO - Setting next_dagrun for example_skip_dag to 2024-10-02 00:00:00+00:00, run_after=2024-10-03 00:00:00+00:00
[2024-10-03T13:17:47.928+0000] {processor.py:208} INFO - Processing /home/airflow/.local/lib/python3.12/site-packages/airflow/example_dags/example_skip_dag.py took 0.203 seconds
[2024-10-03T13:18:20.095+0000] {processor.py:186} INFO - Started process (PID=1063) to work on /home/airflow/.local/lib/python3.12/site-packages/airflow/example_dags/example_skip_dag.py
[2024-10-03T13:18:20.096+0000] {processor.py:914} INFO - Processing file /home/airflow/.local/lib/python3.12/site-packages/airflow/example_dags/example_skip_dag.py for tasks to queue
[2024-10-03T13:18:20.099+0000] {logging_mixin.py:190} INFO - [2024-10-03T13:18:20.099+0000] {dagbag.py:587} INFO - Filling up the DagBag from /home/airflow/.local/lib/python3.12/site-packages/airflow/example_dags/example_skip_dag.py
[2024-10-03T13:18:20.111+0000] {processor.py:925} INFO - DAG(s) 'example_skip_dag' retrieved from /home/airflow/.local/lib/python3.12/site-packages/airflow/example_dags/example_skip_dag.py
[2024-10-03T13:18:20.141+0000] {logging_mixin.py:190} INFO - [2024-10-03T13:18:20.141+0000] {dag.py:3229} INFO - Sync 1 DAGs
[2024-10-03T13:18:20.185+0000] {logging_mixin.py:190} INFO - [2024-10-03T13:18:20.185+0000] {dag.py:4156} INFO - Setting next_dagrun for example_skip_dag to 2024-10-02 00:00:00+00:00, run_after=2024-10-03 00:00:00+00:00
[2024-10-03T13:18:20.539+0000] {processor.py:208} INFO - Processing /home/airflow/.local/lib/python3.12/site-packages/airflow/example_dags/example_skip_dag.py took 0.454 seconds
