[2024-10-03T13:10:05.938+0000] {processor.py:186} INFO - Started process (PID=74) to work on /home/airflow/.local/lib/python3.12/site-packages/airflow/example_dags/example_kubernetes_executor.py
[2024-10-03T13:10:05.939+0000] {processor.py:914} INFO - Processing file /home/airflow/.local/lib/python3.12/site-packages/airflow/example_dags/example_kubernetes_executor.py for tasks to queue
[2024-10-03T13:10:05.941+0000] {logging_mixin.py:190} INFO - [2024-10-03T13:10:05.941+0000] {dagbag.py:587} INFO - Filling up the DagBag from /home/airflow/.local/lib/python3.12/site-packages/airflow/example_dags/example_kubernetes_executor.py
[2024-10-03T13:10:05.973+0000] {processor.py:925} INFO - DAG(s) 'example_kubernetes_executor' retrieved from /home/airflow/.local/lib/python3.12/site-packages/airflow/example_dags/example_kubernetes_executor.py
[2024-10-03T13:10:06.040+0000] {logging_mixin.py:190} INFO - [2024-10-03T13:10:06.040+0000] {dag.py:3229} INFO - Sync 1 DAGs
[2024-10-03T13:10:06.060+0000] {logging_mixin.py:190} INFO - [2024-10-03T13:10:06.059+0000] {dag.py:4156} INFO - Setting next_dagrun for example_kubernetes_executor to None, run_after=None
[2024-10-03T13:10:06.252+0000] {processor.py:208} INFO - Processing /home/airflow/.local/lib/python3.12/site-packages/airflow/example_dags/example_kubernetes_executor.py took 0.322 seconds
[2024-10-03T13:10:36.838+0000] {processor.py:186} INFO - Started process (PID=137) to work on /home/airflow/.local/lib/python3.12/site-packages/airflow/example_dags/example_kubernetes_executor.py
[2024-10-03T13:10:36.968+0000] {processor.py:914} INFO - Processing file /home/airflow/.local/lib/python3.12/site-packages/airflow/example_dags/example_kubernetes_executor.py for tasks to queue
[2024-10-03T13:10:36.972+0000] {logging_mixin.py:190} INFO - [2024-10-03T13:10:36.972+0000] {dagbag.py:587} INFO - Filling up the DagBag from /home/airflow/.local/lib/python3.12/site-packages/airflow/example_dags/example_kubernetes_executor.py
[2024-10-03T13:10:37.014+0000] {processor.py:925} INFO - DAG(s) 'example_kubernetes_executor' retrieved from /home/airflow/.local/lib/python3.12/site-packages/airflow/example_dags/example_kubernetes_executor.py
[2024-10-03T13:10:37.135+0000] {logging_mixin.py:190} INFO - [2024-10-03T13:10:37.134+0000] {dag.py:3229} INFO - Sync 1 DAGs
[2024-10-03T13:10:37.172+0000] {logging_mixin.py:190} INFO - [2024-10-03T13:10:37.172+0000] {dag.py:4156} INFO - Setting next_dagrun for example_kubernetes_executor to None, run_after=None
[2024-10-03T13:10:37.325+0000] {processor.py:208} INFO - Processing /home/airflow/.local/lib/python3.12/site-packages/airflow/example_dags/example_kubernetes_executor.py took 0.504 seconds
[2024-10-03T13:11:07.509+0000] {processor.py:186} INFO - Started process (PID=200) to work on /home/airflow/.local/lib/python3.12/site-packages/airflow/example_dags/example_kubernetes_executor.py
[2024-10-03T13:11:07.511+0000] {processor.py:914} INFO - Processing file /home/airflow/.local/lib/python3.12/site-packages/airflow/example_dags/example_kubernetes_executor.py for tasks to queue
[2024-10-03T13:11:07.517+0000] {logging_mixin.py:190} INFO - [2024-10-03T13:11:07.515+0000] {dagbag.py:587} INFO - Filling up the DagBag from /home/airflow/.local/lib/python3.12/site-packages/airflow/example_dags/example_kubernetes_executor.py
[2024-10-03T13:11:07.534+0000] {processor.py:925} INFO - DAG(s) 'example_kubernetes_executor' retrieved from /home/airflow/.local/lib/python3.12/site-packages/airflow/example_dags/example_kubernetes_executor.py
[2024-10-03T13:11:07.583+0000] {logging_mixin.py:190} INFO - [2024-10-03T13:11:07.583+0000] {dag.py:3229} INFO - Sync 1 DAGs
[2024-10-03T13:11:07.602+0000] {logging_mixin.py:190} INFO - [2024-10-03T13:11:07.601+0000] {dag.py:4156} INFO - Setting next_dagrun for example_kubernetes_executor to None, run_after=None
[2024-10-03T13:11:07.750+0000] {processor.py:208} INFO - Processing /home/airflow/.local/lib/python3.12/site-packages/airflow/example_dags/example_kubernetes_executor.py took 0.249 seconds
[2024-10-03T13:11:38.908+0000] {processor.py:186} INFO - Started process (PID=263) to work on /home/airflow/.local/lib/python3.12/site-packages/airflow/example_dags/example_kubernetes_executor.py
[2024-10-03T13:11:38.911+0000] {processor.py:914} INFO - Processing file /home/airflow/.local/lib/python3.12/site-packages/airflow/example_dags/example_kubernetes_executor.py for tasks to queue
[2024-10-03T13:11:38.916+0000] {logging_mixin.py:190} INFO - [2024-10-03T13:11:38.915+0000] {dagbag.py:587} INFO - Filling up the DagBag from /home/airflow/.local/lib/python3.12/site-packages/airflow/example_dags/example_kubernetes_executor.py
[2024-10-03T13:11:38.964+0000] {processor.py:925} INFO - DAG(s) 'example_kubernetes_executor' retrieved from /home/airflow/.local/lib/python3.12/site-packages/airflow/example_dags/example_kubernetes_executor.py
[2024-10-03T13:11:39.027+0000] {logging_mixin.py:190} INFO - [2024-10-03T13:11:39.027+0000] {dag.py:3229} INFO - Sync 1 DAGs
[2024-10-03T13:11:39.053+0000] {logging_mixin.py:190} INFO - [2024-10-03T13:11:39.053+0000] {dag.py:4156} INFO - Setting next_dagrun for example_kubernetes_executor to None, run_after=None
[2024-10-03T13:11:39.251+0000] {processor.py:208} INFO - Processing /home/airflow/.local/lib/python3.12/site-packages/airflow/example_dags/example_kubernetes_executor.py took 0.359 seconds
[2024-10-03T13:12:10.040+0000] {processor.py:186} INFO - Started process (PID=325) to work on /home/airflow/.local/lib/python3.12/site-packages/airflow/example_dags/example_kubernetes_executor.py
[2024-10-03T13:12:10.043+0000] {processor.py:914} INFO - Processing file /home/airflow/.local/lib/python3.12/site-packages/airflow/example_dags/example_kubernetes_executor.py for tasks to queue
[2024-10-03T13:12:10.048+0000] {logging_mixin.py:190} INFO - [2024-10-03T13:12:10.047+0000] {dagbag.py:587} INFO - Filling up the DagBag from /home/airflow/.local/lib/python3.12/site-packages/airflow/example_dags/example_kubernetes_executor.py
[2024-10-03T13:12:10.076+0000] {processor.py:925} INFO - DAG(s) 'example_kubernetes_executor' retrieved from /home/airflow/.local/lib/python3.12/site-packages/airflow/example_dags/example_kubernetes_executor.py
[2024-10-03T13:12:10.148+0000] {logging_mixin.py:190} INFO - [2024-10-03T13:12:10.144+0000] {dag.py:3229} INFO - Sync 1 DAGs
[2024-10-03T13:12:10.191+0000] {logging_mixin.py:190} INFO - [2024-10-03T13:12:10.190+0000] {dag.py:4156} INFO - Setting next_dagrun for example_kubernetes_executor to None, run_after=None
[2024-10-03T13:12:10.362+0000] {processor.py:208} INFO - Processing /home/airflow/.local/lib/python3.12/site-packages/airflow/example_dags/example_kubernetes_executor.py took 0.333 seconds
[2024-10-03T13:12:40.824+0000] {processor.py:186} INFO - Started process (PID=388) to work on /home/airflow/.local/lib/python3.12/site-packages/airflow/example_dags/example_kubernetes_executor.py
[2024-10-03T13:12:40.826+0000] {processor.py:914} INFO - Processing file /home/airflow/.local/lib/python3.12/site-packages/airflow/example_dags/example_kubernetes_executor.py for tasks to queue
[2024-10-03T13:12:40.830+0000] {logging_mixin.py:190} INFO - [2024-10-03T13:12:40.829+0000] {dagbag.py:587} INFO - Filling up the DagBag from /home/airflow/.local/lib/python3.12/site-packages/airflow/example_dags/example_kubernetes_executor.py
[2024-10-03T13:12:40.865+0000] {processor.py:925} INFO - DAG(s) 'example_kubernetes_executor' retrieved from /home/airflow/.local/lib/python3.12/site-packages/airflow/example_dags/example_kubernetes_executor.py
[2024-10-03T13:12:41.299+0000] {logging_mixin.py:190} INFO - [2024-10-03T13:12:41.299+0000] {dag.py:3229} INFO - Sync 1 DAGs
[2024-10-03T13:12:41.353+0000] {logging_mixin.py:190} INFO - [2024-10-03T13:12:41.352+0000] {dag.py:4156} INFO - Setting next_dagrun for example_kubernetes_executor to None, run_after=None
[2024-10-03T13:12:42.011+0000] {processor.py:208} INFO - Processing /home/airflow/.local/lib/python3.12/site-packages/airflow/example_dags/example_kubernetes_executor.py took 1.201 seconds
[2024-10-03T13:13:12.146+0000] {processor.py:186} INFO - Started process (PID=451) to work on /home/airflow/.local/lib/python3.12/site-packages/airflow/example_dags/example_kubernetes_executor.py
[2024-10-03T13:13:12.147+0000] {processor.py:914} INFO - Processing file /home/airflow/.local/lib/python3.12/site-packages/airflow/example_dags/example_kubernetes_executor.py for tasks to queue
[2024-10-03T13:13:12.150+0000] {logging_mixin.py:190} INFO - [2024-10-03T13:13:12.150+0000] {dagbag.py:587} INFO - Filling up the DagBag from /home/airflow/.local/lib/python3.12/site-packages/airflow/example_dags/example_kubernetes_executor.py
[2024-10-03T13:13:12.179+0000] {processor.py:925} INFO - DAG(s) 'example_kubernetes_executor' retrieved from /home/airflow/.local/lib/python3.12/site-packages/airflow/example_dags/example_kubernetes_executor.py
[2024-10-03T13:13:12.240+0000] {logging_mixin.py:190} INFO - [2024-10-03T13:13:12.240+0000] {dag.py:3229} INFO - Sync 1 DAGs
[2024-10-03T13:13:12.266+0000] {logging_mixin.py:190} INFO - [2024-10-03T13:13:12.265+0000] {dag.py:4156} INFO - Setting next_dagrun for example_kubernetes_executor to None, run_after=None
[2024-10-03T13:13:13.060+0000] {processor.py:208} INFO - Processing /home/airflow/.local/lib/python3.12/site-packages/airflow/example_dags/example_kubernetes_executor.py took 0.924 seconds
[2024-10-03T13:13:43.136+0000] {processor.py:186} INFO - Started process (PID=514) to work on /home/airflow/.local/lib/python3.12/site-packages/airflow/example_dags/example_kubernetes_executor.py
[2024-10-03T13:13:43.288+0000] {processor.py:914} INFO - Processing file /home/airflow/.local/lib/python3.12/site-packages/airflow/example_dags/example_kubernetes_executor.py for tasks to queue
[2024-10-03T13:13:43.297+0000] {logging_mixin.py:190} INFO - [2024-10-03T13:13:43.295+0000] {dagbag.py:587} INFO - Filling up the DagBag from /home/airflow/.local/lib/python3.12/site-packages/airflow/example_dags/example_kubernetes_executor.py
[2024-10-03T13:13:43.341+0000] {processor.py:925} INFO - DAG(s) 'example_kubernetes_executor' retrieved from /home/airflow/.local/lib/python3.12/site-packages/airflow/example_dags/example_kubernetes_executor.py
[2024-10-03T13:13:43.432+0000] {logging_mixin.py:190} INFO - [2024-10-03T13:13:43.431+0000] {dag.py:3229} INFO - Sync 1 DAGs
[2024-10-03T13:13:43.473+0000] {logging_mixin.py:190} INFO - [2024-10-03T13:13:43.473+0000] {dag.py:4156} INFO - Setting next_dagrun for example_kubernetes_executor to None, run_after=None
[2024-10-03T13:13:44.032+0000] {processor.py:208} INFO - Processing /home/airflow/.local/lib/python3.12/site-packages/airflow/example_dags/example_kubernetes_executor.py took 0.921 seconds
[2024-10-03T13:14:14.439+0000] {processor.py:186} INFO - Started process (PID=577) to work on /home/airflow/.local/lib/python3.12/site-packages/airflow/example_dags/example_kubernetes_executor.py
[2024-10-03T13:14:14.443+0000] {processor.py:914} INFO - Processing file /home/airflow/.local/lib/python3.12/site-packages/airflow/example_dags/example_kubernetes_executor.py for tasks to queue
[2024-10-03T13:14:14.447+0000] {logging_mixin.py:190} INFO - [2024-10-03T13:14:14.446+0000] {dagbag.py:587} INFO - Filling up the DagBag from /home/airflow/.local/lib/python3.12/site-packages/airflow/example_dags/example_kubernetes_executor.py
[2024-10-03T13:14:14.469+0000] {processor.py:925} INFO - DAG(s) 'example_kubernetes_executor' retrieved from /home/airflow/.local/lib/python3.12/site-packages/airflow/example_dags/example_kubernetes_executor.py
[2024-10-03T13:14:14.531+0000] {logging_mixin.py:190} INFO - [2024-10-03T13:14:14.531+0000] {dag.py:3229} INFO - Sync 1 DAGs
[2024-10-03T13:14:14.560+0000] {logging_mixin.py:190} INFO - [2024-10-03T13:14:14.559+0000] {dag.py:4156} INFO - Setting next_dagrun for example_kubernetes_executor to None, run_after=None
[2024-10-03T13:14:14.885+0000] {processor.py:208} INFO - Processing /home/airflow/.local/lib/python3.12/site-packages/airflow/example_dags/example_kubernetes_executor.py took 0.453 seconds
[2024-10-03T13:14:46.437+0000] {processor.py:186} INFO - Started process (PID=640) to work on /home/airflow/.local/lib/python3.12/site-packages/airflow/example_dags/example_kubernetes_executor.py
[2024-10-03T13:14:46.439+0000] {processor.py:914} INFO - Processing file /home/airflow/.local/lib/python3.12/site-packages/airflow/example_dags/example_kubernetes_executor.py for tasks to queue
[2024-10-03T13:14:46.446+0000] {logging_mixin.py:190} INFO - [2024-10-03T13:14:46.445+0000] {dagbag.py:587} INFO - Filling up the DagBag from /home/airflow/.local/lib/python3.12/site-packages/airflow/example_dags/example_kubernetes_executor.py
[2024-10-03T13:14:46.489+0000] {processor.py:925} INFO - DAG(s) 'example_kubernetes_executor' retrieved from /home/airflow/.local/lib/python3.12/site-packages/airflow/example_dags/example_kubernetes_executor.py
[2024-10-03T13:14:46.563+0000] {logging_mixin.py:190} INFO - [2024-10-03T13:14:46.563+0000] {dag.py:3229} INFO - Sync 1 DAGs
[2024-10-03T13:14:46.603+0000] {logging_mixin.py:190} INFO - [2024-10-03T13:14:46.602+0000] {dag.py:4156} INFO - Setting next_dagrun for example_kubernetes_executor to None, run_after=None
[2024-10-03T13:14:48.018+0000] {processor.py:208} INFO - Processing /home/airflow/.local/lib/python3.12/site-packages/airflow/example_dags/example_kubernetes_executor.py took 1.588 seconds
[2024-10-03T13:15:18.148+0000] {processor.py:186} INFO - Started process (PID=703) to work on /home/airflow/.local/lib/python3.12/site-packages/airflow/example_dags/example_kubernetes_executor.py
[2024-10-03T13:15:18.149+0000] {processor.py:914} INFO - Processing file /home/airflow/.local/lib/python3.12/site-packages/airflow/example_dags/example_kubernetes_executor.py for tasks to queue
[2024-10-03T13:15:18.151+0000] {logging_mixin.py:190} INFO - [2024-10-03T13:15:18.151+0000] {dagbag.py:587} INFO - Filling up the DagBag from /home/airflow/.local/lib/python3.12/site-packages/airflow/example_dags/example_kubernetes_executor.py
[2024-10-03T13:15:18.168+0000] {processor.py:925} INFO - DAG(s) 'example_kubernetes_executor' retrieved from /home/airflow/.local/lib/python3.12/site-packages/airflow/example_dags/example_kubernetes_executor.py
[2024-10-03T13:15:18.207+0000] {logging_mixin.py:190} INFO - [2024-10-03T13:15:18.207+0000] {dag.py:3229} INFO - Sync 1 DAGs
[2024-10-03T13:15:18.225+0000] {logging_mixin.py:190} INFO - [2024-10-03T13:15:18.224+0000] {dag.py:4156} INFO - Setting next_dagrun for example_kubernetes_executor to None, run_after=None
[2024-10-03T13:15:18.336+0000] {processor.py:208} INFO - Processing /home/airflow/.local/lib/python3.12/site-packages/airflow/example_dags/example_kubernetes_executor.py took 0.194 seconds
[2024-10-03T13:15:49.014+0000] {processor.py:186} INFO - Started process (PID=766) to work on /home/airflow/.local/lib/python3.12/site-packages/airflow/example_dags/example_kubernetes_executor.py
[2024-10-03T13:15:49.015+0000] {processor.py:914} INFO - Processing file /home/airflow/.local/lib/python3.12/site-packages/airflow/example_dags/example_kubernetes_executor.py for tasks to queue
[2024-10-03T13:15:49.019+0000] {logging_mixin.py:190} INFO - [2024-10-03T13:15:49.018+0000] {dagbag.py:587} INFO - Filling up the DagBag from /home/airflow/.local/lib/python3.12/site-packages/airflow/example_dags/example_kubernetes_executor.py
[2024-10-03T13:15:49.038+0000] {processor.py:925} INFO - DAG(s) 'example_kubernetes_executor' retrieved from /home/airflow/.local/lib/python3.12/site-packages/airflow/example_dags/example_kubernetes_executor.py
[2024-10-03T13:15:49.092+0000] {logging_mixin.py:190} INFO - [2024-10-03T13:15:49.091+0000] {dag.py:3229} INFO - Sync 1 DAGs
[2024-10-03T13:15:49.117+0000] {logging_mixin.py:190} INFO - [2024-10-03T13:15:49.116+0000] {dag.py:4156} INFO - Setting next_dagrun for example_kubernetes_executor to None, run_after=None
[2024-10-03T13:15:49.289+0000] {processor.py:208} INFO - Processing /home/airflow/.local/lib/python3.12/site-packages/airflow/example_dags/example_kubernetes_executor.py took 0.284 seconds
[2024-10-03T13:16:19.745+0000] {processor.py:186} INFO - Started process (PID=829) to work on /home/airflow/.local/lib/python3.12/site-packages/airflow/example_dags/example_kubernetes_executor.py
[2024-10-03T13:16:19.746+0000] {processor.py:914} INFO - Processing file /home/airflow/.local/lib/python3.12/site-packages/airflow/example_dags/example_kubernetes_executor.py for tasks to queue
[2024-10-03T13:16:19.748+0000] {logging_mixin.py:190} INFO - [2024-10-03T13:16:19.748+0000] {dagbag.py:587} INFO - Filling up the DagBag from /home/airflow/.local/lib/python3.12/site-packages/airflow/example_dags/example_kubernetes_executor.py
[2024-10-03T13:16:19.765+0000] {processor.py:925} INFO - DAG(s) 'example_kubernetes_executor' retrieved from /home/airflow/.local/lib/python3.12/site-packages/airflow/example_dags/example_kubernetes_executor.py
[2024-10-03T13:16:19.805+0000] {logging_mixin.py:190} INFO - [2024-10-03T13:16:19.804+0000] {dag.py:3229} INFO - Sync 1 DAGs
[2024-10-03T13:16:19.824+0000] {logging_mixin.py:190} INFO - [2024-10-03T13:16:19.823+0000] {dag.py:4156} INFO - Setting next_dagrun for example_kubernetes_executor to None, run_after=None
[2024-10-03T13:16:20.008+0000] {processor.py:208} INFO - Processing /home/airflow/.local/lib/python3.12/site-packages/airflow/example_dags/example_kubernetes_executor.py took 0.271 seconds
[2024-10-03T13:16:50.680+0000] {processor.py:186} INFO - Started process (PID=892) to work on /home/airflow/.local/lib/python3.12/site-packages/airflow/example_dags/example_kubernetes_executor.py
[2024-10-03T13:16:50.682+0000] {processor.py:914} INFO - Processing file /home/airflow/.local/lib/python3.12/site-packages/airflow/example_dags/example_kubernetes_executor.py for tasks to queue
[2024-10-03T13:16:50.686+0000] {logging_mixin.py:190} INFO - [2024-10-03T13:16:50.685+0000] {dagbag.py:587} INFO - Filling up the DagBag from /home/airflow/.local/lib/python3.12/site-packages/airflow/example_dags/example_kubernetes_executor.py
[2024-10-03T13:16:50.707+0000] {processor.py:925} INFO - DAG(s) 'example_kubernetes_executor' retrieved from /home/airflow/.local/lib/python3.12/site-packages/airflow/example_dags/example_kubernetes_executor.py
[2024-10-03T13:16:50.763+0000] {logging_mixin.py:190} INFO - [2024-10-03T13:16:50.763+0000] {dag.py:3229} INFO - Sync 1 DAGs
[2024-10-03T13:16:50.786+0000] {logging_mixin.py:190} INFO - [2024-10-03T13:16:50.786+0000] {dag.py:4156} INFO - Setting next_dagrun for example_kubernetes_executor to None, run_after=None
[2024-10-03T13:16:51.047+0000] {processor.py:208} INFO - Processing /home/airflow/.local/lib/python3.12/site-packages/airflow/example_dags/example_kubernetes_executor.py took 0.377 seconds
[2024-10-03T13:17:21.282+0000] {processor.py:186} INFO - Started process (PID=955) to work on /home/airflow/.local/lib/python3.12/site-packages/airflow/example_dags/example_kubernetes_executor.py
[2024-10-03T13:17:21.284+0000] {processor.py:914} INFO - Processing file /home/airflow/.local/lib/python3.12/site-packages/airflow/example_dags/example_kubernetes_executor.py for tasks to queue
[2024-10-03T13:17:21.288+0000] {logging_mixin.py:190} INFO - [2024-10-03T13:17:21.287+0000] {dagbag.py:587} INFO - Filling up the DagBag from /home/airflow/.local/lib/python3.12/site-packages/airflow/example_dags/example_kubernetes_executor.py
[2024-10-03T13:17:21.318+0000] {processor.py:925} INFO - DAG(s) 'example_kubernetes_executor' retrieved from /home/airflow/.local/lib/python3.12/site-packages/airflow/example_dags/example_kubernetes_executor.py
[2024-10-03T13:17:21.403+0000] {logging_mixin.py:190} INFO - [2024-10-03T13:17:21.402+0000] {dag.py:3229} INFO - Sync 1 DAGs
[2024-10-03T13:17:21.434+0000] {logging_mixin.py:190} INFO - [2024-10-03T13:17:21.433+0000] {dag.py:4156} INFO - Setting next_dagrun for example_kubernetes_executor to None, run_after=None
[2024-10-03T13:17:23.009+0000] {processor.py:208} INFO - Processing /home/airflow/.local/lib/python3.12/site-packages/airflow/example_dags/example_kubernetes_executor.py took 1.737 seconds
[2024-10-03T13:17:53.190+0000] {processor.py:186} INFO - Started process (PID=1019) to work on /home/airflow/.local/lib/python3.12/site-packages/airflow/example_dags/example_kubernetes_executor.py
[2024-10-03T13:17:53.191+0000] {processor.py:914} INFO - Processing file /home/airflow/.local/lib/python3.12/site-packages/airflow/example_dags/example_kubernetes_executor.py for tasks to queue
[2024-10-03T13:17:53.194+0000] {logging_mixin.py:190} INFO - [2024-10-03T13:17:53.194+0000] {dagbag.py:587} INFO - Filling up the DagBag from /home/airflow/.local/lib/python3.12/site-packages/airflow/example_dags/example_kubernetes_executor.py
[2024-10-03T13:17:53.221+0000] {processor.py:925} INFO - DAG(s) 'example_kubernetes_executor' retrieved from /home/airflow/.local/lib/python3.12/site-packages/airflow/example_dags/example_kubernetes_executor.py
[2024-10-03T13:17:53.292+0000] {logging_mixin.py:190} INFO - [2024-10-03T13:17:53.292+0000] {dag.py:3229} INFO - Sync 1 DAGs
[2024-10-03T13:17:53.319+0000] {logging_mixin.py:190} INFO - [2024-10-03T13:17:53.318+0000] {dag.py:4156} INFO - Setting next_dagrun for example_kubernetes_executor to None, run_after=None
[2024-10-03T13:17:53.422+0000] {processor.py:208} INFO - Processing /home/airflow/.local/lib/python3.12/site-packages/airflow/example_dags/example_kubernetes_executor.py took 0.243 seconds
[2024-10-03T13:18:23.692+0000] {processor.py:186} INFO - Started process (PID=1082) to work on /home/airflow/.local/lib/python3.12/site-packages/airflow/example_dags/example_kubernetes_executor.py
[2024-10-03T13:18:23.693+0000] {processor.py:914} INFO - Processing file /home/airflow/.local/lib/python3.12/site-packages/airflow/example_dags/example_kubernetes_executor.py for tasks to queue
[2024-10-03T13:18:23.696+0000] {logging_mixin.py:190} INFO - [2024-10-03T13:18:23.695+0000] {dagbag.py:587} INFO - Filling up the DagBag from /home/airflow/.local/lib/python3.12/site-packages/airflow/example_dags/example_kubernetes_executor.py
[2024-10-03T13:18:23.715+0000] {processor.py:925} INFO - DAG(s) 'example_kubernetes_executor' retrieved from /home/airflow/.local/lib/python3.12/site-packages/airflow/example_dags/example_kubernetes_executor.py
[2024-10-03T13:18:23.763+0000] {logging_mixin.py:190} INFO - [2024-10-03T13:18:23.763+0000] {dag.py:3229} INFO - Sync 1 DAGs
[2024-10-03T13:18:23.783+0000] {logging_mixin.py:190} INFO - [2024-10-03T13:18:23.782+0000] {dag.py:4156} INFO - Setting next_dagrun for example_kubernetes_executor to None, run_after=None
[2024-10-03T13:18:24.261+0000] {processor.py:208} INFO - Processing /home/airflow/.local/lib/python3.12/site-packages/airflow/example_dags/example_kubernetes_executor.py took 0.575 seconds
