[2024-10-03T13:10:07.204+0000] {processor.py:186} INFO - Started process (PID=80) to work on /home/airflow/.local/lib/python3.12/site-packages/airflow/example_dags/example_latest_only.py
[2024-10-03T13:10:07.206+0000] {processor.py:914} INFO - Processing file /home/airflow/.local/lib/python3.12/site-packages/airflow/example_dags/example_latest_only.py for tasks to queue
[2024-10-03T13:10:07.208+0000] {logging_mixin.py:190} INFO - [2024-10-03T13:10:07.208+0000] {dagbag.py:587} INFO - Filling up the DagBag from /home/airflow/.local/lib/python3.12/site-packages/airflow/example_dags/example_latest_only.py
[2024-10-03T13:10:07.232+0000] {processor.py:925} INFO - DAG(s) 'latest_only' retrieved from /home/airflow/.local/lib/python3.12/site-packages/airflow/example_dags/example_latest_only.py
[2024-10-03T13:10:07.262+0000] {logging_mixin.py:190} INFO - [2024-10-03T13:10:07.262+0000] {dag.py:3229} INFO - Sync 1 DAGs
[2024-10-03T13:10:07.292+0000] {logging_mixin.py:190} INFO - [2024-10-03T13:10:07.292+0000] {dag.py:4156} INFO - Setting next_dagrun for latest_only to 2024-10-03 08:00:00+00:00, run_after=2024-10-03 12:00:00+00:00
[2024-10-03T13:10:07.411+0000] {processor.py:208} INFO - Processing /home/airflow/.local/lib/python3.12/site-packages/airflow/example_dags/example_latest_only.py took 0.213 seconds
[2024-10-03T13:10:37.806+0000] {processor.py:186} INFO - Started process (PID=142) to work on /home/airflow/.local/lib/python3.12/site-packages/airflow/example_dags/example_latest_only.py
[2024-10-03T13:10:37.906+0000] {processor.py:914} INFO - Processing file /home/airflow/.local/lib/python3.12/site-packages/airflow/example_dags/example_latest_only.py for tasks to queue
[2024-10-03T13:10:37.910+0000] {logging_mixin.py:190} INFO - [2024-10-03T13:10:37.909+0000] {dagbag.py:587} INFO - Filling up the DagBag from /home/airflow/.local/lib/python3.12/site-packages/airflow/example_dags/example_latest_only.py
[2024-10-03T13:10:37.927+0000] {processor.py:925} INFO - DAG(s) 'latest_only' retrieved from /home/airflow/.local/lib/python3.12/site-packages/airflow/example_dags/example_latest_only.py
[2024-10-03T13:10:37.960+0000] {logging_mixin.py:190} INFO - [2024-10-03T13:10:37.960+0000] {dag.py:3229} INFO - Sync 1 DAGs
[2024-10-03T13:10:38.002+0000] {logging_mixin.py:190} INFO - [2024-10-03T13:10:38.002+0000] {dag.py:4156} INFO - Setting next_dagrun for latest_only to 2024-10-03 08:00:00+00:00, run_after=2024-10-03 12:00:00+00:00
[2024-10-03T13:10:38.089+0000] {processor.py:208} INFO - Processing /home/airflow/.local/lib/python3.12/site-packages/airflow/example_dags/example_latest_only.py took 0.290 seconds
[2024-10-03T13:11:08.436+0000] {processor.py:186} INFO - Started process (PID=205) to work on /home/airflow/.local/lib/python3.12/site-packages/airflow/example_dags/example_latest_only.py
[2024-10-03T13:11:08.439+0000] {processor.py:914} INFO - Processing file /home/airflow/.local/lib/python3.12/site-packages/airflow/example_dags/example_latest_only.py for tasks to queue
[2024-10-03T13:11:08.442+0000] {logging_mixin.py:190} INFO - [2024-10-03T13:11:08.441+0000] {dagbag.py:587} INFO - Filling up the DagBag from /home/airflow/.local/lib/python3.12/site-packages/airflow/example_dags/example_latest_only.py
[2024-10-03T13:11:08.458+0000] {processor.py:925} INFO - DAG(s) 'latest_only' retrieved from /home/airflow/.local/lib/python3.12/site-packages/airflow/example_dags/example_latest_only.py
[2024-10-03T13:11:08.494+0000] {logging_mixin.py:190} INFO - [2024-10-03T13:11:08.494+0000] {dag.py:3229} INFO - Sync 1 DAGs
[2024-10-03T13:11:08.536+0000] {logging_mixin.py:190} INFO - [2024-10-03T13:11:08.535+0000] {dag.py:4156} INFO - Setting next_dagrun for latest_only to 2024-10-03 08:00:00+00:00, run_after=2024-10-03 12:00:00+00:00
[2024-10-03T13:11:08.688+0000] {processor.py:208} INFO - Processing /home/airflow/.local/lib/python3.12/site-packages/airflow/example_dags/example_latest_only.py took 0.258 seconds
[2024-10-03T13:11:40.099+0000] {processor.py:186} INFO - Started process (PID=268) to work on /home/airflow/.local/lib/python3.12/site-packages/airflow/example_dags/example_latest_only.py
[2024-10-03T13:11:40.121+0000] {processor.py:914} INFO - Processing file /home/airflow/.local/lib/python3.12/site-packages/airflow/example_dags/example_latest_only.py for tasks to queue
[2024-10-03T13:11:40.126+0000] {logging_mixin.py:190} INFO - [2024-10-03T13:11:40.125+0000] {dagbag.py:587} INFO - Filling up the DagBag from /home/airflow/.local/lib/python3.12/site-packages/airflow/example_dags/example_latest_only.py
[2024-10-03T13:11:40.147+0000] {processor.py:925} INFO - DAG(s) 'latest_only' retrieved from /home/airflow/.local/lib/python3.12/site-packages/airflow/example_dags/example_latest_only.py
[2024-10-03T13:11:40.180+0000] {logging_mixin.py:190} INFO - [2024-10-03T13:11:40.180+0000] {dag.py:3229} INFO - Sync 1 DAGs
[2024-10-03T13:11:40.225+0000] {logging_mixin.py:190} INFO - [2024-10-03T13:11:40.224+0000] {dag.py:4156} INFO - Setting next_dagrun for latest_only to 2024-10-03 08:00:00+00:00, run_after=2024-10-03 12:00:00+00:00
[2024-10-03T13:11:40.745+0000] {processor.py:208} INFO - Processing /home/airflow/.local/lib/python3.12/site-packages/airflow/example_dags/example_latest_only.py took 0.668 seconds
[2024-10-03T13:12:11.187+0000] {processor.py:186} INFO - Started process (PID=331) to work on /home/airflow/.local/lib/python3.12/site-packages/airflow/example_dags/example_latest_only.py
[2024-10-03T13:12:11.189+0000] {processor.py:914} INFO - Processing file /home/airflow/.local/lib/python3.12/site-packages/airflow/example_dags/example_latest_only.py for tasks to queue
[2024-10-03T13:12:11.194+0000] {logging_mixin.py:190} INFO - [2024-10-03T13:12:11.193+0000] {dagbag.py:587} INFO - Filling up the DagBag from /home/airflow/.local/lib/python3.12/site-packages/airflow/example_dags/example_latest_only.py
[2024-10-03T13:12:11.210+0000] {processor.py:925} INFO - DAG(s) 'latest_only' retrieved from /home/airflow/.local/lib/python3.12/site-packages/airflow/example_dags/example_latest_only.py
[2024-10-03T13:12:11.255+0000] {logging_mixin.py:190} INFO - [2024-10-03T13:12:11.254+0000] {dag.py:3229} INFO - Sync 1 DAGs
[2024-10-03T13:12:11.317+0000] {logging_mixin.py:190} INFO - [2024-10-03T13:12:11.317+0000] {dag.py:4156} INFO - Setting next_dagrun for latest_only to 2024-10-03 08:00:00+00:00, run_after=2024-10-03 12:00:00+00:00
[2024-10-03T13:12:11.497+0000] {processor.py:208} INFO - Processing /home/airflow/.local/lib/python3.12/site-packages/airflow/example_dags/example_latest_only.py took 0.326 seconds
[2024-10-03T13:12:43.789+0000] {processor.py:186} INFO - Started process (PID=394) to work on /home/airflow/.local/lib/python3.12/site-packages/airflow/example_dags/example_latest_only.py
[2024-10-03T13:12:43.792+0000] {processor.py:914} INFO - Processing file /home/airflow/.local/lib/python3.12/site-packages/airflow/example_dags/example_latest_only.py for tasks to queue
[2024-10-03T13:12:43.803+0000] {logging_mixin.py:190} INFO - [2024-10-03T13:12:43.802+0000] {dagbag.py:587} INFO - Filling up the DagBag from /home/airflow/.local/lib/python3.12/site-packages/airflow/example_dags/example_latest_only.py
[2024-10-03T13:12:43.827+0000] {processor.py:925} INFO - DAG(s) 'latest_only' retrieved from /home/airflow/.local/lib/python3.12/site-packages/airflow/example_dags/example_latest_only.py
[2024-10-03T13:12:43.924+0000] {logging_mixin.py:190} INFO - [2024-10-03T13:12:43.924+0000] {dag.py:3229} INFO - Sync 1 DAGs
[2024-10-03T13:12:44.017+0000] {logging_mixin.py:190} INFO - [2024-10-03T13:12:44.017+0000] {dag.py:4156} INFO - Setting next_dagrun for latest_only to 2024-10-03 08:00:00+00:00, run_after=2024-10-03 12:00:00+00:00
[2024-10-03T13:12:44.347+0000] {processor.py:208} INFO - Processing /home/airflow/.local/lib/python3.12/site-packages/airflow/example_dags/example_latest_only.py took 0.579 seconds
[2024-10-03T13:13:14.563+0000] {processor.py:186} INFO - Started process (PID=457) to work on /home/airflow/.local/lib/python3.12/site-packages/airflow/example_dags/example_latest_only.py
[2024-10-03T13:13:14.565+0000] {processor.py:914} INFO - Processing file /home/airflow/.local/lib/python3.12/site-packages/airflow/example_dags/example_latest_only.py for tasks to queue
[2024-10-03T13:13:14.569+0000] {logging_mixin.py:190} INFO - [2024-10-03T13:13:14.568+0000] {dagbag.py:587} INFO - Filling up the DagBag from /home/airflow/.local/lib/python3.12/site-packages/airflow/example_dags/example_latest_only.py
[2024-10-03T13:13:14.578+0000] {processor.py:925} INFO - DAG(s) 'latest_only' retrieved from /home/airflow/.local/lib/python3.12/site-packages/airflow/example_dags/example_latest_only.py
[2024-10-03T13:13:14.610+0000] {logging_mixin.py:190} INFO - [2024-10-03T13:13:14.609+0000] {dag.py:3229} INFO - Sync 1 DAGs
[2024-10-03T13:13:14.647+0000] {logging_mixin.py:190} INFO - [2024-10-03T13:13:14.647+0000] {dag.py:4156} INFO - Setting next_dagrun for latest_only to 2024-10-03 08:00:00+00:00, run_after=2024-10-03 12:00:00+00:00
[2024-10-03T13:13:14.772+0000] {processor.py:208} INFO - Processing /home/airflow/.local/lib/python3.12/site-packages/airflow/example_dags/example_latest_only.py took 0.221 seconds
[2024-10-03T13:13:46.128+0000] {processor.py:186} INFO - Started process (PID=520) to work on /home/airflow/.local/lib/python3.12/site-packages/airflow/example_dags/example_latest_only.py
[2024-10-03T13:13:46.272+0000] {processor.py:914} INFO - Processing file /home/airflow/.local/lib/python3.12/site-packages/airflow/example_dags/example_latest_only.py for tasks to queue
[2024-10-03T13:13:46.285+0000] {logging_mixin.py:190} INFO - [2024-10-03T13:13:46.280+0000] {dagbag.py:587} INFO - Filling up the DagBag from /home/airflow/.local/lib/python3.12/site-packages/airflow/example_dags/example_latest_only.py
[2024-10-03T13:13:46.316+0000] {processor.py:925} INFO - DAG(s) 'latest_only' retrieved from /home/airflow/.local/lib/python3.12/site-packages/airflow/example_dags/example_latest_only.py
[2024-10-03T13:13:46.360+0000] {logging_mixin.py:190} INFO - [2024-10-03T13:13:46.360+0000] {dag.py:3229} INFO - Sync 1 DAGs
[2024-10-03T13:13:46.432+0000] {logging_mixin.py:190} INFO - [2024-10-03T13:13:46.431+0000] {dag.py:4156} INFO - Setting next_dagrun for latest_only to 2024-10-03 08:00:00+00:00, run_after=2024-10-03 12:00:00+00:00
[2024-10-03T13:13:46.717+0000] {processor.py:208} INFO - Processing /home/airflow/.local/lib/python3.12/site-packages/airflow/example_dags/example_latest_only.py took 0.636 seconds
[2024-10-03T13:14:17.135+0000] {processor.py:186} INFO - Started process (PID=583) to work on /home/airflow/.local/lib/python3.12/site-packages/airflow/example_dags/example_latest_only.py
[2024-10-03T13:14:17.136+0000] {processor.py:914} INFO - Processing file /home/airflow/.local/lib/python3.12/site-packages/airflow/example_dags/example_latest_only.py for tasks to queue
[2024-10-03T13:14:17.143+0000] {logging_mixin.py:190} INFO - [2024-10-03T13:14:17.142+0000] {dagbag.py:587} INFO - Filling up the DagBag from /home/airflow/.local/lib/python3.12/site-packages/airflow/example_dags/example_latest_only.py
[2024-10-03T13:14:17.155+0000] {processor.py:925} INFO - DAG(s) 'latest_only' retrieved from /home/airflow/.local/lib/python3.12/site-packages/airflow/example_dags/example_latest_only.py
[2024-10-03T13:14:17.193+0000] {logging_mixin.py:190} INFO - [2024-10-03T13:14:17.192+0000] {dag.py:3229} INFO - Sync 1 DAGs
[2024-10-03T13:14:17.245+0000] {logging_mixin.py:190} INFO - [2024-10-03T13:14:17.242+0000] {dag.py:4156} INFO - Setting next_dagrun for latest_only to 2024-10-03 08:00:00+00:00, run_after=2024-10-03 12:00:00+00:00
[2024-10-03T13:14:17.667+0000] {processor.py:208} INFO - Processing /home/airflow/.local/lib/python3.12/site-packages/airflow/example_dags/example_latest_only.py took 0.547 seconds
[2024-10-03T13:14:48.909+0000] {processor.py:186} INFO - Started process (PID=646) to work on /home/airflow/.local/lib/python3.12/site-packages/airflow/example_dags/example_latest_only.py
[2024-10-03T13:14:48.911+0000] {processor.py:914} INFO - Processing file /home/airflow/.local/lib/python3.12/site-packages/airflow/example_dags/example_latest_only.py for tasks to queue
[2024-10-03T13:14:48.915+0000] {logging_mixin.py:190} INFO - [2024-10-03T13:14:48.914+0000] {dagbag.py:587} INFO - Filling up the DagBag from /home/airflow/.local/lib/python3.12/site-packages/airflow/example_dags/example_latest_only.py
[2024-10-03T13:14:48.927+0000] {processor.py:925} INFO - DAG(s) 'latest_only' retrieved from /home/airflow/.local/lib/python3.12/site-packages/airflow/example_dags/example_latest_only.py
[2024-10-03T13:14:48.962+0000] {logging_mixin.py:190} INFO - [2024-10-03T13:14:48.962+0000] {dag.py:3229} INFO - Sync 1 DAGs
[2024-10-03T13:14:49.003+0000] {logging_mixin.py:190} INFO - [2024-10-03T13:14:49.002+0000] {dag.py:4156} INFO - Setting next_dagrun for latest_only to 2024-10-03 08:00:00+00:00, run_after=2024-10-03 12:00:00+00:00
[2024-10-03T13:14:49.170+0000] {processor.py:208} INFO - Processing /home/airflow/.local/lib/python3.12/site-packages/airflow/example_dags/example_latest_only.py took 0.273 seconds
[2024-10-03T13:15:19.576+0000] {processor.py:186} INFO - Started process (PID=709) to work on /home/airflow/.local/lib/python3.12/site-packages/airflow/example_dags/example_latest_only.py
[2024-10-03T13:15:19.577+0000] {processor.py:914} INFO - Processing file /home/airflow/.local/lib/python3.12/site-packages/airflow/example_dags/example_latest_only.py for tasks to queue
[2024-10-03T13:15:19.580+0000] {logging_mixin.py:190} INFO - [2024-10-03T13:15:19.580+0000] {dagbag.py:587} INFO - Filling up the DagBag from /home/airflow/.local/lib/python3.12/site-packages/airflow/example_dags/example_latest_only.py
[2024-10-03T13:15:19.588+0000] {processor.py:925} INFO - DAG(s) 'latest_only' retrieved from /home/airflow/.local/lib/python3.12/site-packages/airflow/example_dags/example_latest_only.py
[2024-10-03T13:15:19.615+0000] {logging_mixin.py:190} INFO - [2024-10-03T13:15:19.615+0000] {dag.py:3229} INFO - Sync 1 DAGs
[2024-10-03T13:15:19.649+0000] {logging_mixin.py:190} INFO - [2024-10-03T13:15:19.649+0000] {dag.py:4156} INFO - Setting next_dagrun for latest_only to 2024-10-03 08:00:00+00:00, run_after=2024-10-03 12:00:00+00:00
[2024-10-03T13:15:19.819+0000] {processor.py:208} INFO - Processing /home/airflow/.local/lib/python3.12/site-packages/airflow/example_dags/example_latest_only.py took 0.251 seconds
[2024-10-03T13:15:50.717+0000] {processor.py:186} INFO - Started process (PID=772) to work on /home/airflow/.local/lib/python3.12/site-packages/airflow/example_dags/example_latest_only.py
[2024-10-03T13:15:50.718+0000] {processor.py:914} INFO - Processing file /home/airflow/.local/lib/python3.12/site-packages/airflow/example_dags/example_latest_only.py for tasks to queue
[2024-10-03T13:15:50.721+0000] {logging_mixin.py:190} INFO - [2024-10-03T13:15:50.720+0000] {dagbag.py:587} INFO - Filling up the DagBag from /home/airflow/.local/lib/python3.12/site-packages/airflow/example_dags/example_latest_only.py
[2024-10-03T13:15:50.728+0000] {processor.py:925} INFO - DAG(s) 'latest_only' retrieved from /home/airflow/.local/lib/python3.12/site-packages/airflow/example_dags/example_latest_only.py
[2024-10-03T13:15:50.752+0000] {logging_mixin.py:190} INFO - [2024-10-03T13:15:50.752+0000] {dag.py:3229} INFO - Sync 1 DAGs
[2024-10-03T13:15:50.782+0000] {logging_mixin.py:190} INFO - [2024-10-03T13:15:50.781+0000] {dag.py:4156} INFO - Setting next_dagrun for latest_only to 2024-10-03 08:00:00+00:00, run_after=2024-10-03 12:00:00+00:00
[2024-10-03T13:15:51.024+0000] {processor.py:208} INFO - Processing /home/airflow/.local/lib/python3.12/site-packages/airflow/example_dags/example_latest_only.py took 0.313 seconds
[2024-10-03T13:16:21.479+0000] {processor.py:186} INFO - Started process (PID=835) to work on /home/airflow/.local/lib/python3.12/site-packages/airflow/example_dags/example_latest_only.py
[2024-10-03T13:16:21.481+0000] {processor.py:914} INFO - Processing file /home/airflow/.local/lib/python3.12/site-packages/airflow/example_dags/example_latest_only.py for tasks to queue
[2024-10-03T13:16:21.484+0000] {logging_mixin.py:190} INFO - [2024-10-03T13:16:21.484+0000] {dagbag.py:587} INFO - Filling up the DagBag from /home/airflow/.local/lib/python3.12/site-packages/airflow/example_dags/example_latest_only.py
[2024-10-03T13:16:21.495+0000] {processor.py:925} INFO - DAG(s) 'latest_only' retrieved from /home/airflow/.local/lib/python3.12/site-packages/airflow/example_dags/example_latest_only.py
[2024-10-03T13:16:21.524+0000] {logging_mixin.py:190} INFO - [2024-10-03T13:16:21.523+0000] {dag.py:3229} INFO - Sync 1 DAGs
[2024-10-03T13:16:21.561+0000] {logging_mixin.py:190} INFO - [2024-10-03T13:16:21.560+0000] {dag.py:4156} INFO - Setting next_dagrun for latest_only to 2024-10-03 08:00:00+00:00, run_after=2024-10-03 12:00:00+00:00
[2024-10-03T13:16:21.663+0000] {processor.py:208} INFO - Processing /home/airflow/.local/lib/python3.12/site-packages/airflow/example_dags/example_latest_only.py took 0.193 seconds
[2024-10-03T13:16:52.367+0000] {processor.py:186} INFO - Started process (PID=898) to work on /home/airflow/.local/lib/python3.12/site-packages/airflow/example_dags/example_latest_only.py
[2024-10-03T13:16:52.369+0000] {processor.py:914} INFO - Processing file /home/airflow/.local/lib/python3.12/site-packages/airflow/example_dags/example_latest_only.py for tasks to queue
[2024-10-03T13:16:52.372+0000] {logging_mixin.py:190} INFO - [2024-10-03T13:16:52.372+0000] {dagbag.py:587} INFO - Filling up the DagBag from /home/airflow/.local/lib/python3.12/site-packages/airflow/example_dags/example_latest_only.py
[2024-10-03T13:16:52.382+0000] {processor.py:925} INFO - DAG(s) 'latest_only' retrieved from /home/airflow/.local/lib/python3.12/site-packages/airflow/example_dags/example_latest_only.py
[2024-10-03T13:16:52.406+0000] {logging_mixin.py:190} INFO - [2024-10-03T13:16:52.405+0000] {dag.py:3229} INFO - Sync 1 DAGs
[2024-10-03T13:16:52.439+0000] {logging_mixin.py:190} INFO - [2024-10-03T13:16:52.438+0000] {dag.py:4156} INFO - Setting next_dagrun for latest_only to 2024-10-03 08:00:00+00:00, run_after=2024-10-03 12:00:00+00:00
[2024-10-03T13:16:52.517+0000] {processor.py:208} INFO - Processing /home/airflow/.local/lib/python3.12/site-packages/airflow/example_dags/example_latest_only.py took 0.156 seconds
[2024-10-03T13:17:25.777+0000] {processor.py:186} INFO - Started process (PID=961) to work on /home/airflow/.local/lib/python3.12/site-packages/airflow/example_dags/example_latest_only.py
[2024-10-03T13:17:25.830+0000] {processor.py:914} INFO - Processing file /home/airflow/.local/lib/python3.12/site-packages/airflow/example_dags/example_latest_only.py for tasks to queue
[2024-10-03T13:17:25.838+0000] {logging_mixin.py:190} INFO - [2024-10-03T13:17:25.838+0000] {dagbag.py:587} INFO - Filling up the DagBag from /home/airflow/.local/lib/python3.12/site-packages/airflow/example_dags/example_latest_only.py
[2024-10-03T13:17:25.850+0000] {processor.py:925} INFO - DAG(s) 'latest_only' retrieved from /home/airflow/.local/lib/python3.12/site-packages/airflow/example_dags/example_latest_only.py
[2024-10-03T13:17:25.885+0000] {logging_mixin.py:190} INFO - [2024-10-03T13:17:25.885+0000] {dag.py:3229} INFO - Sync 1 DAGs
[2024-10-03T13:17:25.939+0000] {logging_mixin.py:190} INFO - [2024-10-03T13:17:25.939+0000] {dag.py:4156} INFO - Setting next_dagrun for latest_only to 2024-10-03 08:00:00+00:00, run_after=2024-10-03 12:00:00+00:00
[2024-10-03T13:17:26.014+0000] {processor.py:208} INFO - Processing /home/airflow/.local/lib/python3.12/site-packages/airflow/example_dags/example_latest_only.py took 0.246 seconds
[2024-10-03T13:17:56.571+0000] {processor.py:186} INFO - Started process (PID=1024) to work on /home/airflow/.local/lib/python3.12/site-packages/airflow/example_dags/example_latest_only.py
[2024-10-03T13:17:56.572+0000] {processor.py:914} INFO - Processing file /home/airflow/.local/lib/python3.12/site-packages/airflow/example_dags/example_latest_only.py for tasks to queue
[2024-10-03T13:17:56.576+0000] {logging_mixin.py:190} INFO - [2024-10-03T13:17:56.575+0000] {dagbag.py:587} INFO - Filling up the DagBag from /home/airflow/.local/lib/python3.12/site-packages/airflow/example_dags/example_latest_only.py
[2024-10-03T13:17:56.589+0000] {processor.py:925} INFO - DAG(s) 'latest_only' retrieved from /home/airflow/.local/lib/python3.12/site-packages/airflow/example_dags/example_latest_only.py
[2024-10-03T13:17:56.623+0000] {logging_mixin.py:190} INFO - [2024-10-03T13:17:56.622+0000] {dag.py:3229} INFO - Sync 1 DAGs
[2024-10-03T13:17:56.662+0000] {logging_mixin.py:190} INFO - [2024-10-03T13:17:56.662+0000] {dag.py:4156} INFO - Setting next_dagrun for latest_only to 2024-10-03 08:00:00+00:00, run_after=2024-10-03 12:00:00+00:00
[2024-10-03T13:17:56.731+0000] {processor.py:208} INFO - Processing /home/airflow/.local/lib/python3.12/site-packages/airflow/example_dags/example_latest_only.py took 0.168 seconds
[2024-10-03T13:18:27.816+0000] {processor.py:186} INFO - Started process (PID=1087) to work on /home/airflow/.local/lib/python3.12/site-packages/airflow/example_dags/example_latest_only.py
[2024-10-03T13:18:27.817+0000] {processor.py:914} INFO - Processing file /home/airflow/.local/lib/python3.12/site-packages/airflow/example_dags/example_latest_only.py for tasks to queue
[2024-10-03T13:18:27.820+0000] {logging_mixin.py:190} INFO - [2024-10-03T13:18:27.820+0000] {dagbag.py:587} INFO - Filling up the DagBag from /home/airflow/.local/lib/python3.12/site-packages/airflow/example_dags/example_latest_only.py
[2024-10-03T13:18:27.828+0000] {processor.py:925} INFO - DAG(s) 'latest_only' retrieved from /home/airflow/.local/lib/python3.12/site-packages/airflow/example_dags/example_latest_only.py
[2024-10-03T13:18:27.851+0000] {logging_mixin.py:190} INFO - [2024-10-03T13:18:27.851+0000] {dag.py:3229} INFO - Sync 1 DAGs
[2024-10-03T13:18:27.882+0000] {logging_mixin.py:190} INFO - [2024-10-03T13:18:27.881+0000] {dag.py:4156} INFO - Setting next_dagrun for latest_only to 2024-10-03 08:00:00+00:00, run_after=2024-10-03 12:00:00+00:00
[2024-10-03T13:18:27.927+0000] {processor.py:208} INFO - Processing /home/airflow/.local/lib/python3.12/site-packages/airflow/example_dags/example_latest_only.py took 0.120 seconds
