[2024-10-03T13:10:05.371+0000] {processor.py:186} INFO - Started process (PID=73) to work on /home/airflow/.local/lib/python3.12/site-packages/airflow/example_dags/example_setup_teardown_taskflow.py
[2024-10-03T13:10:05.372+0000] {processor.py:914} INFO - Processing file /home/airflow/.local/lib/python3.12/site-packages/airflow/example_dags/example_setup_teardown_taskflow.py for tasks to queue
[2024-10-03T13:10:05.375+0000] {logging_mixin.py:190} INFO - [2024-10-03T13:10:05.374+0000] {dagbag.py:587} INFO - Filling up the DagBag from /home/airflow/.local/lib/python3.12/site-packages/airflow/example_dags/example_setup_teardown_taskflow.py
[2024-10-03T13:10:05.420+0000] {processor.py:925} INFO - DAG(s) 'example_setup_teardown_taskflow' retrieved from /home/airflow/.local/lib/python3.12/site-packages/airflow/example_dags/example_setup_teardown_taskflow.py
[2024-10-03T13:10:05.547+0000] {logging_mixin.py:190} INFO - [2024-10-03T13:10:05.546+0000] {dag.py:3229} INFO - Sync 1 DAGs
[2024-10-03T13:10:05.631+0000] {logging_mixin.py:190} INFO - [2024-10-03T13:10:05.630+0000] {dag.py:4156} INFO - Setting next_dagrun for example_setup_teardown_taskflow to None, run_after=None
[2024-10-03T13:10:05.900+0000] {processor.py:208} INFO - Processing /home/airflow/.local/lib/python3.12/site-packages/airflow/example_dags/example_setup_teardown_taskflow.py took 0.534 seconds
[2024-10-03T13:10:36.630+0000] {processor.py:186} INFO - Started process (PID=136) to work on /home/airflow/.local/lib/python3.12/site-packages/airflow/example_dags/example_setup_teardown_taskflow.py
[2024-10-03T13:10:36.712+0000] {processor.py:914} INFO - Processing file /home/airflow/.local/lib/python3.12/site-packages/airflow/example_dags/example_setup_teardown_taskflow.py for tasks to queue
[2024-10-03T13:10:36.718+0000] {logging_mixin.py:190} INFO - [2024-10-03T13:10:36.717+0000] {dagbag.py:587} INFO - Filling up the DagBag from /home/airflow/.local/lib/python3.12/site-packages/airflow/example_dags/example_setup_teardown_taskflow.py
[2024-10-03T13:10:36.778+0000] {processor.py:925} INFO - DAG(s) 'example_setup_teardown_taskflow' retrieved from /home/airflow/.local/lib/python3.12/site-packages/airflow/example_dags/example_setup_teardown_taskflow.py
[2024-10-03T13:10:36.846+0000] {logging_mixin.py:190} INFO - [2024-10-03T13:10:36.845+0000] {dag.py:3229} INFO - Sync 1 DAGs
[2024-10-03T13:10:36.891+0000] {logging_mixin.py:190} INFO - [2024-10-03T13:10:36.891+0000] {dag.py:4156} INFO - Setting next_dagrun for example_setup_teardown_taskflow to None, run_after=None
[2024-10-03T13:10:37.005+0000] {processor.py:208} INFO - Processing /home/airflow/.local/lib/python3.12/site-packages/airflow/example_dags/example_setup_teardown_taskflow.py took 0.384 seconds
[2024-10-03T13:11:07.290+0000] {processor.py:186} INFO - Started process (PID=199) to work on /home/airflow/.local/lib/python3.12/site-packages/airflow/example_dags/example_setup_teardown_taskflow.py
[2024-10-03T13:11:07.291+0000] {processor.py:914} INFO - Processing file /home/airflow/.local/lib/python3.12/site-packages/airflow/example_dags/example_setup_teardown_taskflow.py for tasks to queue
[2024-10-03T13:11:07.293+0000] {logging_mixin.py:190} INFO - [2024-10-03T13:11:07.293+0000] {dagbag.py:587} INFO - Filling up the DagBag from /home/airflow/.local/lib/python3.12/site-packages/airflow/example_dags/example_setup_teardown_taskflow.py
[2024-10-03T13:11:07.305+0000] {processor.py:925} INFO - DAG(s) 'example_setup_teardown_taskflow' retrieved from /home/airflow/.local/lib/python3.12/site-packages/airflow/example_dags/example_setup_teardown_taskflow.py
[2024-10-03T13:11:07.332+0000] {logging_mixin.py:190} INFO - [2024-10-03T13:11:07.332+0000] {dag.py:3229} INFO - Sync 1 DAGs
[2024-10-03T13:11:07.359+0000] {logging_mixin.py:190} INFO - [2024-10-03T13:11:07.359+0000] {dag.py:4156} INFO - Setting next_dagrun for example_setup_teardown_taskflow to None, run_after=None
[2024-10-03T13:11:07.463+0000] {processor.py:208} INFO - Processing /home/airflow/.local/lib/python3.12/site-packages/airflow/example_dags/example_setup_teardown_taskflow.py took 0.180 seconds
[2024-10-03T13:11:38.537+0000] {processor.py:186} INFO - Started process (PID=261) to work on /home/airflow/.local/lib/python3.12/site-packages/airflow/example_dags/example_setup_teardown_taskflow.py
[2024-10-03T13:11:38.538+0000] {processor.py:914} INFO - Processing file /home/airflow/.local/lib/python3.12/site-packages/airflow/example_dags/example_setup_teardown_taskflow.py for tasks to queue
[2024-10-03T13:11:38.547+0000] {logging_mixin.py:190} INFO - [2024-10-03T13:11:38.546+0000] {dagbag.py:587} INFO - Filling up the DagBag from /home/airflow/.local/lib/python3.12/site-packages/airflow/example_dags/example_setup_teardown_taskflow.py
[2024-10-03T13:11:38.578+0000] {processor.py:925} INFO - DAG(s) 'example_setup_teardown_taskflow' retrieved from /home/airflow/.local/lib/python3.12/site-packages/airflow/example_dags/example_setup_teardown_taskflow.py
[2024-10-03T13:11:38.635+0000] {logging_mixin.py:190} INFO - [2024-10-03T13:11:38.634+0000] {dag.py:3229} INFO - Sync 1 DAGs
[2024-10-03T13:11:38.681+0000] {logging_mixin.py:190} INFO - [2024-10-03T13:11:38.681+0000] {dag.py:4156} INFO - Setting next_dagrun for example_setup_teardown_taskflow to None, run_after=None
[2024-10-03T13:11:38.936+0000] {processor.py:208} INFO - Processing /home/airflow/.local/lib/python3.12/site-packages/airflow/example_dags/example_setup_teardown_taskflow.py took 0.417 seconds
[2024-10-03T13:12:09.771+0000] {processor.py:186} INFO - Started process (PID=324) to work on /home/airflow/.local/lib/python3.12/site-packages/airflow/example_dags/example_setup_teardown_taskflow.py
[2024-10-03T13:12:09.773+0000] {processor.py:914} INFO - Processing file /home/airflow/.local/lib/python3.12/site-packages/airflow/example_dags/example_setup_teardown_taskflow.py for tasks to queue
[2024-10-03T13:12:09.781+0000] {logging_mixin.py:190} INFO - [2024-10-03T13:12:09.780+0000] {dagbag.py:587} INFO - Filling up the DagBag from /home/airflow/.local/lib/python3.12/site-packages/airflow/example_dags/example_setup_teardown_taskflow.py
[2024-10-03T13:12:09.804+0000] {processor.py:925} INFO - DAG(s) 'example_setup_teardown_taskflow' retrieved from /home/airflow/.local/lib/python3.12/site-packages/airflow/example_dags/example_setup_teardown_taskflow.py
[2024-10-03T13:12:09.860+0000] {logging_mixin.py:190} INFO - [2024-10-03T13:12:09.860+0000] {dag.py:3229} INFO - Sync 1 DAGs
[2024-10-03T13:12:09.896+0000] {logging_mixin.py:190} INFO - [2024-10-03T13:12:09.896+0000] {dag.py:4156} INFO - Setting next_dagrun for example_setup_teardown_taskflow to None, run_after=None
[2024-10-03T13:12:10.163+0000] {processor.py:208} INFO - Processing /home/airflow/.local/lib/python3.12/site-packages/airflow/example_dags/example_setup_teardown_taskflow.py took 0.401 seconds
[2024-10-03T13:12:40.815+0000] {processor.py:186} INFO - Started process (PID=387) to work on /home/airflow/.local/lib/python3.12/site-packages/airflow/example_dags/example_setup_teardown_taskflow.py
[2024-10-03T13:12:40.817+0000] {processor.py:914} INFO - Processing file /home/airflow/.local/lib/python3.12/site-packages/airflow/example_dags/example_setup_teardown_taskflow.py for tasks to queue
[2024-10-03T13:12:40.822+0000] {logging_mixin.py:190} INFO - [2024-10-03T13:12:40.821+0000] {dagbag.py:587} INFO - Filling up the DagBag from /home/airflow/.local/lib/python3.12/site-packages/airflow/example_dags/example_setup_teardown_taskflow.py
[2024-10-03T13:12:40.846+0000] {processor.py:925} INFO - DAG(s) 'example_setup_teardown_taskflow' retrieved from /home/airflow/.local/lib/python3.12/site-packages/airflow/example_dags/example_setup_teardown_taskflow.py
[2024-10-03T13:12:40.886+0000] {logging_mixin.py:190} INFO - [2024-10-03T13:12:40.886+0000] {dag.py:3229} INFO - Sync 1 DAGs
[2024-10-03T13:12:40.916+0000] {logging_mixin.py:190} INFO - [2024-10-03T13:12:40.915+0000] {dag.py:4156} INFO - Setting next_dagrun for example_setup_teardown_taskflow to None, run_after=None
[2024-10-03T13:12:41.705+0000] {processor.py:208} INFO - Processing /home/airflow/.local/lib/python3.12/site-packages/airflow/example_dags/example_setup_teardown_taskflow.py took 0.905 seconds
[2024-10-03T13:13:12.143+0000] {processor.py:186} INFO - Started process (PID=450) to work on /home/airflow/.local/lib/python3.12/site-packages/airflow/example_dags/example_setup_teardown_taskflow.py
[2024-10-03T13:13:12.145+0000] {processor.py:914} INFO - Processing file /home/airflow/.local/lib/python3.12/site-packages/airflow/example_dags/example_setup_teardown_taskflow.py for tasks to queue
[2024-10-03T13:13:12.148+0000] {logging_mixin.py:190} INFO - [2024-10-03T13:13:12.148+0000] {dagbag.py:587} INFO - Filling up the DagBag from /home/airflow/.local/lib/python3.12/site-packages/airflow/example_dags/example_setup_teardown_taskflow.py
[2024-10-03T13:13:12.168+0000] {processor.py:925} INFO - DAG(s) 'example_setup_teardown_taskflow' retrieved from /home/airflow/.local/lib/python3.12/site-packages/airflow/example_dags/example_setup_teardown_taskflow.py
[2024-10-03T13:13:12.206+0000] {logging_mixin.py:190} INFO - [2024-10-03T13:13:12.205+0000] {dag.py:3229} INFO - Sync 1 DAGs
[2024-10-03T13:13:12.232+0000] {logging_mixin.py:190} INFO - [2024-10-03T13:13:12.231+0000] {dag.py:4156} INFO - Setting next_dagrun for example_setup_teardown_taskflow to None, run_after=None
[2024-10-03T13:13:12.759+0000] {processor.py:208} INFO - Processing /home/airflow/.local/lib/python3.12/site-packages/airflow/example_dags/example_setup_teardown_taskflow.py took 0.625 seconds
[2024-10-03T13:13:43.032+0000] {processor.py:186} INFO - Started process (PID=513) to work on /home/airflow/.local/lib/python3.12/site-packages/airflow/example_dags/example_setup_teardown_taskflow.py
[2024-10-03T13:13:43.175+0000] {processor.py:914} INFO - Processing file /home/airflow/.local/lib/python3.12/site-packages/airflow/example_dags/example_setup_teardown_taskflow.py for tasks to queue
[2024-10-03T13:13:43.179+0000] {logging_mixin.py:190} INFO - [2024-10-03T13:13:43.178+0000] {dagbag.py:587} INFO - Filling up the DagBag from /home/airflow/.local/lib/python3.12/site-packages/airflow/example_dags/example_setup_teardown_taskflow.py
[2024-10-03T13:13:43.209+0000] {processor.py:925} INFO - DAG(s) 'example_setup_teardown_taskflow' retrieved from /home/airflow/.local/lib/python3.12/site-packages/airflow/example_dags/example_setup_teardown_taskflow.py
[2024-10-03T13:13:43.266+0000] {logging_mixin.py:190} INFO - [2024-10-03T13:13:43.264+0000] {dag.py:3229} INFO - Sync 1 DAGs
[2024-10-03T13:13:43.301+0000] {logging_mixin.py:190} INFO - [2024-10-03T13:13:43.301+0000] {dag.py:4156} INFO - Setting next_dagrun for example_setup_teardown_taskflow to None, run_after=None
[2024-10-03T13:13:43.836+0000] {processor.py:208} INFO - Processing /home/airflow/.local/lib/python3.12/site-packages/airflow/example_dags/example_setup_teardown_taskflow.py took 0.838 seconds
[2024-10-03T13:14:14.438+0000] {processor.py:186} INFO - Started process (PID=576) to work on /home/airflow/.local/lib/python3.12/site-packages/airflow/example_dags/example_setup_teardown_taskflow.py
[2024-10-03T13:14:14.442+0000] {processor.py:914} INFO - Processing file /home/airflow/.local/lib/python3.12/site-packages/airflow/example_dags/example_setup_teardown_taskflow.py for tasks to queue
[2024-10-03T13:14:14.446+0000] {logging_mixin.py:190} INFO - [2024-10-03T13:14:14.445+0000] {dagbag.py:587} INFO - Filling up the DagBag from /home/airflow/.local/lib/python3.12/site-packages/airflow/example_dags/example_setup_teardown_taskflow.py
[2024-10-03T13:14:14.463+0000] {processor.py:925} INFO - DAG(s) 'example_setup_teardown_taskflow' retrieved from /home/airflow/.local/lib/python3.12/site-packages/airflow/example_dags/example_setup_teardown_taskflow.py
[2024-10-03T13:14:14.505+0000] {logging_mixin.py:190} INFO - [2024-10-03T13:14:14.504+0000] {dag.py:3229} INFO - Sync 1 DAGs
[2024-10-03T13:14:14.532+0000] {logging_mixin.py:190} INFO - [2024-10-03T13:14:14.531+0000] {dag.py:4156} INFO - Setting next_dagrun for example_setup_teardown_taskflow to None, run_after=None
[2024-10-03T13:14:14.880+0000] {processor.py:208} INFO - Processing /home/airflow/.local/lib/python3.12/site-packages/airflow/example_dags/example_setup_teardown_taskflow.py took 0.449 seconds
[2024-10-03T13:14:46.036+0000] {processor.py:186} INFO - Started process (PID=639) to work on /home/airflow/.local/lib/python3.12/site-packages/airflow/example_dags/example_setup_teardown_taskflow.py
[2024-10-03T13:14:46.038+0000] {processor.py:914} INFO - Processing file /home/airflow/.local/lib/python3.12/site-packages/airflow/example_dags/example_setup_teardown_taskflow.py for tasks to queue
[2024-10-03T13:14:46.043+0000] {logging_mixin.py:190} INFO - [2024-10-03T13:14:46.042+0000] {dagbag.py:587} INFO - Filling up the DagBag from /home/airflow/.local/lib/python3.12/site-packages/airflow/example_dags/example_setup_teardown_taskflow.py
[2024-10-03T13:14:46.060+0000] {processor.py:925} INFO - DAG(s) 'example_setup_teardown_taskflow' retrieved from /home/airflow/.local/lib/python3.12/site-packages/airflow/example_dags/example_setup_teardown_taskflow.py
[2024-10-03T13:14:46.096+0000] {logging_mixin.py:190} INFO - [2024-10-03T13:14:46.095+0000] {dag.py:3229} INFO - Sync 1 DAGs
[2024-10-03T13:14:46.117+0000] {logging_mixin.py:190} INFO - [2024-10-03T13:14:46.116+0000] {dag.py:4156} INFO - Setting next_dagrun for example_setup_teardown_taskflow to None, run_after=None
[2024-10-03T13:14:46.872+0000] {processor.py:208} INFO - Processing /home/airflow/.local/lib/python3.12/site-packages/airflow/example_dags/example_setup_teardown_taskflow.py took 0.842 seconds
[2024-10-03T13:15:16.942+0000] {processor.py:186} INFO - Started process (PID=702) to work on /home/airflow/.local/lib/python3.12/site-packages/airflow/example_dags/example_setup_teardown_taskflow.py
[2024-10-03T13:15:16.945+0000] {processor.py:914} INFO - Processing file /home/airflow/.local/lib/python3.12/site-packages/airflow/example_dags/example_setup_teardown_taskflow.py for tasks to queue
[2024-10-03T13:15:16.948+0000] {logging_mixin.py:190} INFO - [2024-10-03T13:15:16.947+0000] {dagbag.py:587} INFO - Filling up the DagBag from /home/airflow/.local/lib/python3.12/site-packages/airflow/example_dags/example_setup_teardown_taskflow.py
[2024-10-03T13:15:16.963+0000] {processor.py:925} INFO - DAG(s) 'example_setup_teardown_taskflow' retrieved from /home/airflow/.local/lib/python3.12/site-packages/airflow/example_dags/example_setup_teardown_taskflow.py
[2024-10-03T13:15:16.999+0000] {logging_mixin.py:190} INFO - [2024-10-03T13:15:16.998+0000] {dag.py:3229} INFO - Sync 1 DAGs
[2024-10-03T13:15:17.026+0000] {logging_mixin.py:190} INFO - [2024-10-03T13:15:17.026+0000] {dag.py:4156} INFO - Setting next_dagrun for example_setup_teardown_taskflow to None, run_after=None
[2024-10-03T13:15:17.099+0000] {processor.py:208} INFO - Processing /home/airflow/.local/lib/python3.12/site-packages/airflow/example_dags/example_setup_teardown_taskflow.py took 0.167 seconds
[2024-10-03T13:15:47.432+0000] {processor.py:186} INFO - Started process (PID=761) to work on /home/airflow/.local/lib/python3.12/site-packages/airflow/example_dags/example_setup_teardown_taskflow.py
[2024-10-03T13:15:47.433+0000] {processor.py:914} INFO - Processing file /home/airflow/.local/lib/python3.12/site-packages/airflow/example_dags/example_setup_teardown_taskflow.py for tasks to queue
[2024-10-03T13:15:47.436+0000] {logging_mixin.py:190} INFO - [2024-10-03T13:15:47.436+0000] {dagbag.py:587} INFO - Filling up the DagBag from /home/airflow/.local/lib/python3.12/site-packages/airflow/example_dags/example_setup_teardown_taskflow.py
[2024-10-03T13:15:47.455+0000] {processor.py:925} INFO - DAG(s) 'example_setup_teardown_taskflow' retrieved from /home/airflow/.local/lib/python3.12/site-packages/airflow/example_dags/example_setup_teardown_taskflow.py
[2024-10-03T13:15:47.487+0000] {logging_mixin.py:190} INFO - [2024-10-03T13:15:47.487+0000] {dag.py:3229} INFO - Sync 1 DAGs
[2024-10-03T13:15:47.507+0000] {logging_mixin.py:190} INFO - [2024-10-03T13:15:47.506+0000] {dag.py:4156} INFO - Setting next_dagrun for example_setup_teardown_taskflow to None, run_after=None
[2024-10-03T13:15:47.631+0000] {processor.py:208} INFO - Processing /home/airflow/.local/lib/python3.12/site-packages/airflow/example_dags/example_setup_teardown_taskflow.py took 0.205 seconds
[2024-10-03T13:16:18.264+0000] {processor.py:186} INFO - Started process (PID=824) to work on /home/airflow/.local/lib/python3.12/site-packages/airflow/example_dags/example_setup_teardown_taskflow.py
[2024-10-03T13:16:18.265+0000] {processor.py:914} INFO - Processing file /home/airflow/.local/lib/python3.12/site-packages/airflow/example_dags/example_setup_teardown_taskflow.py for tasks to queue
[2024-10-03T13:16:18.268+0000] {logging_mixin.py:190} INFO - [2024-10-03T13:16:18.268+0000] {dagbag.py:587} INFO - Filling up the DagBag from /home/airflow/.local/lib/python3.12/site-packages/airflow/example_dags/example_setup_teardown_taskflow.py
[2024-10-03T13:16:18.288+0000] {processor.py:925} INFO - DAG(s) 'example_setup_teardown_taskflow' retrieved from /home/airflow/.local/lib/python3.12/site-packages/airflow/example_dags/example_setup_teardown_taskflow.py
[2024-10-03T13:16:18.325+0000] {logging_mixin.py:190} INFO - [2024-10-03T13:16:18.324+0000] {dag.py:3229} INFO - Sync 1 DAGs
[2024-10-03T13:16:18.346+0000] {logging_mixin.py:190} INFO - [2024-10-03T13:16:18.345+0000] {dag.py:4156} INFO - Setting next_dagrun for example_setup_teardown_taskflow to None, run_after=None
[2024-10-03T13:16:18.414+0000] {processor.py:208} INFO - Processing /home/airflow/.local/lib/python3.12/site-packages/airflow/example_dags/example_setup_teardown_taskflow.py took 0.158 seconds
[2024-10-03T13:16:49.022+0000] {processor.py:186} INFO - Started process (PID=887) to work on /home/airflow/.local/lib/python3.12/site-packages/airflow/example_dags/example_setup_teardown_taskflow.py
[2024-10-03T13:16:49.024+0000] {processor.py:914} INFO - Processing file /home/airflow/.local/lib/python3.12/site-packages/airflow/example_dags/example_setup_teardown_taskflow.py for tasks to queue
[2024-10-03T13:16:49.027+0000] {logging_mixin.py:190} INFO - [2024-10-03T13:16:49.026+0000] {dagbag.py:587} INFO - Filling up the DagBag from /home/airflow/.local/lib/python3.12/site-packages/airflow/example_dags/example_setup_teardown_taskflow.py
[2024-10-03T13:16:49.045+0000] {processor.py:925} INFO - DAG(s) 'example_setup_teardown_taskflow' retrieved from /home/airflow/.local/lib/python3.12/site-packages/airflow/example_dags/example_setup_teardown_taskflow.py
[2024-10-03T13:16:49.079+0000] {logging_mixin.py:190} INFO - [2024-10-03T13:16:49.079+0000] {dag.py:3229} INFO - Sync 1 DAGs
[2024-10-03T13:16:49.104+0000] {logging_mixin.py:190} INFO - [2024-10-03T13:16:49.104+0000] {dag.py:4156} INFO - Setting next_dagrun for example_setup_teardown_taskflow to None, run_after=None
[2024-10-03T13:16:49.315+0000] {processor.py:208} INFO - Processing /home/airflow/.local/lib/python3.12/site-packages/airflow/example_dags/example_setup_teardown_taskflow.py took 0.303 seconds
[2024-10-03T13:17:19.413+0000] {processor.py:186} INFO - Started process (PID=950) to work on /home/airflow/.local/lib/python3.12/site-packages/airflow/example_dags/example_setup_teardown_taskflow.py
[2024-10-03T13:17:19.415+0000] {processor.py:914} INFO - Processing file /home/airflow/.local/lib/python3.12/site-packages/airflow/example_dags/example_setup_teardown_taskflow.py for tasks to queue
[2024-10-03T13:17:19.418+0000] {logging_mixin.py:190} INFO - [2024-10-03T13:17:19.418+0000] {dagbag.py:587} INFO - Filling up the DagBag from /home/airflow/.local/lib/python3.12/site-packages/airflow/example_dags/example_setup_teardown_taskflow.py
[2024-10-03T13:17:19.442+0000] {processor.py:925} INFO - DAG(s) 'example_setup_teardown_taskflow' retrieved from /home/airflow/.local/lib/python3.12/site-packages/airflow/example_dags/example_setup_teardown_taskflow.py
[2024-10-03T13:17:19.491+0000] {logging_mixin.py:190} INFO - [2024-10-03T13:17:19.491+0000] {dag.py:3229} INFO - Sync 1 DAGs
[2024-10-03T13:17:19.523+0000] {logging_mixin.py:190} INFO - [2024-10-03T13:17:19.522+0000] {dag.py:4156} INFO - Setting next_dagrun for example_setup_teardown_taskflow to None, run_after=None
[2024-10-03T13:17:19.609+0000] {processor.py:208} INFO - Processing /home/airflow/.local/lib/python3.12/site-packages/airflow/example_dags/example_setup_teardown_taskflow.py took 0.212 seconds
[2024-10-03T13:17:51.136+0000] {processor.py:186} INFO - Started process (PID=1013) to work on /home/airflow/.local/lib/python3.12/site-packages/airflow/example_dags/example_setup_teardown_taskflow.py
[2024-10-03T13:17:51.138+0000] {processor.py:914} INFO - Processing file /home/airflow/.local/lib/python3.12/site-packages/airflow/example_dags/example_setup_teardown_taskflow.py for tasks to queue
[2024-10-03T13:17:51.142+0000] {logging_mixin.py:190} INFO - [2024-10-03T13:17:51.141+0000] {dagbag.py:587} INFO - Filling up the DagBag from /home/airflow/.local/lib/python3.12/site-packages/airflow/example_dags/example_setup_teardown_taskflow.py
[2024-10-03T13:17:51.164+0000] {processor.py:925} INFO - DAG(s) 'example_setup_teardown_taskflow' retrieved from /home/airflow/.local/lib/python3.12/site-packages/airflow/example_dags/example_setup_teardown_taskflow.py
[2024-10-03T13:17:51.217+0000] {logging_mixin.py:190} INFO - [2024-10-03T13:17:51.216+0000] {dag.py:3229} INFO - Sync 1 DAGs
[2024-10-03T13:17:51.266+0000] {logging_mixin.py:190} INFO - [2024-10-03T13:17:51.266+0000] {dag.py:4156} INFO - Setting next_dagrun for example_setup_teardown_taskflow to None, run_after=None
[2024-10-03T13:17:51.406+0000] {processor.py:208} INFO - Processing /home/airflow/.local/lib/python3.12/site-packages/airflow/example_dags/example_setup_teardown_taskflow.py took 0.279 seconds
[2024-10-03T13:18:22.416+0000] {processor.py:186} INFO - Started process (PID=1076) to work on /home/airflow/.local/lib/python3.12/site-packages/airflow/example_dags/example_setup_teardown_taskflow.py
[2024-10-03T13:18:22.417+0000] {processor.py:914} INFO - Processing file /home/airflow/.local/lib/python3.12/site-packages/airflow/example_dags/example_setup_teardown_taskflow.py for tasks to queue
[2024-10-03T13:18:22.420+0000] {logging_mixin.py:190} INFO - [2024-10-03T13:18:22.420+0000] {dagbag.py:587} INFO - Filling up the DagBag from /home/airflow/.local/lib/python3.12/site-packages/airflow/example_dags/example_setup_teardown_taskflow.py
[2024-10-03T13:18:22.433+0000] {processor.py:925} INFO - DAG(s) 'example_setup_teardown_taskflow' retrieved from /home/airflow/.local/lib/python3.12/site-packages/airflow/example_dags/example_setup_teardown_taskflow.py
[2024-10-03T13:18:22.465+0000] {logging_mixin.py:190} INFO - [2024-10-03T13:18:22.465+0000] {dag.py:3229} INFO - Sync 1 DAGs
[2024-10-03T13:18:22.486+0000] {logging_mixin.py:190} INFO - [2024-10-03T13:18:22.485+0000] {dag.py:4156} INFO - Setting next_dagrun for example_setup_teardown_taskflow to None, run_after=None
[2024-10-03T13:18:22.751+0000] {processor.py:208} INFO - Processing /home/airflow/.local/lib/python3.12/site-packages/airflow/example_dags/example_setup_teardown_taskflow.py took 0.343 seconds
