[2024-10-03T13:10:13.628+0000] {processor.py:186} INFO - Started process (PID=84) to work on /home/airflow/.local/lib/python3.12/site-packages/airflow/example_dags/example_branch_python_dop_operator_3.py
[2024-10-03T13:10:13.630+0000] {processor.py:914} INFO - Processing file /home/airflow/.local/lib/python3.12/site-packages/airflow/example_dags/example_branch_python_dop_operator_3.py for tasks to queue
[2024-10-03T13:10:13.633+0000] {logging_mixin.py:190} INFO - [2024-10-03T13:10:13.632+0000] {dagbag.py:587} INFO - Filling up the DagBag from /home/airflow/.local/lib/python3.12/site-packages/airflow/example_dags/example_branch_python_dop_operator_3.py
[2024-10-03T13:10:13.697+0000] {processor.py:925} INFO - DAG(s) 'example_branch_dop_operator_v3' retrieved from /home/airflow/.local/lib/python3.12/site-packages/airflow/example_dags/example_branch_python_dop_operator_3.py
[2024-10-03T13:10:13.744+0000] {logging_mixin.py:190} INFO - [2024-10-03T13:10:13.744+0000] {dag.py:3229} INFO - Sync 1 DAGs
[2024-10-03T13:10:13.947+0000] {logging_mixin.py:190} INFO - [2024-10-03T13:10:13.947+0000] {dag.py:4156} INFO - Setting next_dagrun for example_branch_dop_operator_v3 to 2024-10-03 13:09:00+00:00, run_after=2024-10-03 13:10:00+00:00
[2024-10-03T13:10:14.470+0000] {processor.py:208} INFO - Processing /home/airflow/.local/lib/python3.12/site-packages/airflow/example_dags/example_branch_python_dop_operator_3.py took 0.854 seconds
[2024-10-03T13:10:45.858+0000] {processor.py:186} INFO - Started process (PID=147) to work on /home/airflow/.local/lib/python3.12/site-packages/airflow/example_dags/example_branch_python_dop_operator_3.py
[2024-10-03T13:10:46.077+0000] {processor.py:914} INFO - Processing file /home/airflow/.local/lib/python3.12/site-packages/airflow/example_dags/example_branch_python_dop_operator_3.py for tasks to queue
[2024-10-03T13:10:46.081+0000] {logging_mixin.py:190} INFO - [2024-10-03T13:10:46.080+0000] {dagbag.py:587} INFO - Filling up the DagBag from /home/airflow/.local/lib/python3.12/site-packages/airflow/example_dags/example_branch_python_dop_operator_3.py
[2024-10-03T13:10:46.097+0000] {processor.py:925} INFO - DAG(s) 'example_branch_dop_operator_v3' retrieved from /home/airflow/.local/lib/python3.12/site-packages/airflow/example_dags/example_branch_python_dop_operator_3.py
[2024-10-03T13:10:46.139+0000] {logging_mixin.py:190} INFO - [2024-10-03T13:10:46.138+0000] {dag.py:3229} INFO - Sync 1 DAGs
[2024-10-03T13:10:46.197+0000] {logging_mixin.py:190} INFO - [2024-10-03T13:10:46.197+0000] {dag.py:4156} INFO - Setting next_dagrun for example_branch_dop_operator_v3 to 2024-10-03 13:09:00+00:00, run_after=2024-10-03 13:10:00+00:00
[2024-10-03T13:10:46.318+0000] {processor.py:208} INFO - Processing /home/airflow/.local/lib/python3.12/site-packages/airflow/example_dags/example_branch_python_dop_operator_3.py took 0.469 seconds
[2024-10-03T13:11:16.468+0000] {processor.py:186} INFO - Started process (PID=210) to work on /home/airflow/.local/lib/python3.12/site-packages/airflow/example_dags/example_branch_python_dop_operator_3.py
[2024-10-03T13:11:16.469+0000] {processor.py:914} INFO - Processing file /home/airflow/.local/lib/python3.12/site-packages/airflow/example_dags/example_branch_python_dop_operator_3.py for tasks to queue
[2024-10-03T13:11:16.472+0000] {logging_mixin.py:190} INFO - [2024-10-03T13:11:16.472+0000] {dagbag.py:587} INFO - Filling up the DagBag from /home/airflow/.local/lib/python3.12/site-packages/airflow/example_dags/example_branch_python_dop_operator_3.py
[2024-10-03T13:11:16.492+0000] {processor.py:925} INFO - DAG(s) 'example_branch_dop_operator_v3' retrieved from /home/airflow/.local/lib/python3.12/site-packages/airflow/example_dags/example_branch_python_dop_operator_3.py
[2024-10-03T13:11:16.522+0000] {logging_mixin.py:190} INFO - [2024-10-03T13:11:16.522+0000] {dag.py:3229} INFO - Sync 1 DAGs
[2024-10-03T13:11:16.564+0000] {logging_mixin.py:190} INFO - [2024-10-03T13:11:16.564+0000] {dag.py:4156} INFO - Setting next_dagrun for example_branch_dop_operator_v3 to 2024-10-03 13:10:00+00:00, run_after=2024-10-03 13:11:00+00:00
[2024-10-03T13:11:16.706+0000] {processor.py:208} INFO - Processing /home/airflow/.local/lib/python3.12/site-packages/airflow/example_dags/example_branch_python_dop_operator_3.py took 0.248 seconds
[2024-10-03T13:11:47.954+0000] {processor.py:186} INFO - Started process (PID=273) to work on /home/airflow/.local/lib/python3.12/site-packages/airflow/example_dags/example_branch_python_dop_operator_3.py
[2024-10-03T13:11:47.956+0000] {processor.py:914} INFO - Processing file /home/airflow/.local/lib/python3.12/site-packages/airflow/example_dags/example_branch_python_dop_operator_3.py for tasks to queue
[2024-10-03T13:11:47.963+0000] {logging_mixin.py:190} INFO - [2024-10-03T13:11:47.962+0000] {dagbag.py:587} INFO - Filling up the DagBag from /home/airflow/.local/lib/python3.12/site-packages/airflow/example_dags/example_branch_python_dop_operator_3.py
[2024-10-03T13:11:47.992+0000] {processor.py:925} INFO - DAG(s) 'example_branch_dop_operator_v3' retrieved from /home/airflow/.local/lib/python3.12/site-packages/airflow/example_dags/example_branch_python_dop_operator_3.py
[2024-10-03T13:11:48.032+0000] {logging_mixin.py:190} INFO - [2024-10-03T13:11:48.031+0000] {dag.py:3229} INFO - Sync 1 DAGs
[2024-10-03T13:11:48.101+0000] {logging_mixin.py:190} INFO - [2024-10-03T13:11:48.100+0000] {dag.py:4156} INFO - Setting next_dagrun for example_branch_dop_operator_v3 to 2024-10-03 13:10:00+00:00, run_after=2024-10-03 13:11:00+00:00
[2024-10-03T13:11:48.547+0000] {processor.py:208} INFO - Processing /home/airflow/.local/lib/python3.12/site-packages/airflow/example_dags/example_branch_python_dop_operator_3.py took 0.605 seconds
[2024-10-03T13:12:18.981+0000] {processor.py:186} INFO - Started process (PID=334) to work on /home/airflow/.local/lib/python3.12/site-packages/airflow/example_dags/example_branch_python_dop_operator_3.py
[2024-10-03T13:12:18.982+0000] {processor.py:914} INFO - Processing file /home/airflow/.local/lib/python3.12/site-packages/airflow/example_dags/example_branch_python_dop_operator_3.py for tasks to queue
[2024-10-03T13:12:18.987+0000] {logging_mixin.py:190} INFO - [2024-10-03T13:12:18.986+0000] {dagbag.py:587} INFO - Filling up the DagBag from /home/airflow/.local/lib/python3.12/site-packages/airflow/example_dags/example_branch_python_dop_operator_3.py
[2024-10-03T13:12:18.999+0000] {processor.py:925} INFO - DAG(s) 'example_branch_dop_operator_v3' retrieved from /home/airflow/.local/lib/python3.12/site-packages/airflow/example_dags/example_branch_python_dop_operator_3.py
[2024-10-03T13:12:19.030+0000] {logging_mixin.py:190} INFO - [2024-10-03T13:12:19.030+0000] {dag.py:3229} INFO - Sync 1 DAGs
[2024-10-03T13:12:19.071+0000] {logging_mixin.py:190} INFO - [2024-10-03T13:12:19.070+0000] {dag.py:4156} INFO - Setting next_dagrun for example_branch_dop_operator_v3 to 2024-10-03 13:11:00+00:00, run_after=2024-10-03 13:12:00+00:00
[2024-10-03T13:12:19.203+0000] {processor.py:208} INFO - Processing /home/airflow/.local/lib/python3.12/site-packages/airflow/example_dags/example_branch_python_dop_operator_3.py took 0.233 seconds
[2024-10-03T13:12:49.565+0000] {processor.py:186} INFO - Started process (PID=397) to work on /home/airflow/.local/lib/python3.12/site-packages/airflow/example_dags/example_branch_python_dop_operator_3.py
[2024-10-03T13:12:49.566+0000] {processor.py:914} INFO - Processing file /home/airflow/.local/lib/python3.12/site-packages/airflow/example_dags/example_branch_python_dop_operator_3.py for tasks to queue
[2024-10-03T13:12:49.570+0000] {logging_mixin.py:190} INFO - [2024-10-03T13:12:49.570+0000] {dagbag.py:587} INFO - Filling up the DagBag from /home/airflow/.local/lib/python3.12/site-packages/airflow/example_dags/example_branch_python_dop_operator_3.py
[2024-10-03T13:12:49.583+0000] {processor.py:925} INFO - DAG(s) 'example_branch_dop_operator_v3' retrieved from /home/airflow/.local/lib/python3.12/site-packages/airflow/example_dags/example_branch_python_dop_operator_3.py
[2024-10-03T13:12:49.612+0000] {logging_mixin.py:190} INFO - [2024-10-03T13:12:49.612+0000] {dag.py:3229} INFO - Sync 1 DAGs
[2024-10-03T13:12:49.656+0000] {logging_mixin.py:190} INFO - [2024-10-03T13:12:49.656+0000] {dag.py:4156} INFO - Setting next_dagrun for example_branch_dop_operator_v3 to 2024-10-03 13:11:00+00:00, run_after=2024-10-03 13:12:00+00:00
[2024-10-03T13:12:50.098+0000] {processor.py:208} INFO - Processing /home/airflow/.local/lib/python3.12/site-packages/airflow/example_dags/example_branch_python_dop_operator_3.py took 0.542 seconds
[2024-10-03T13:13:20.230+0000] {processor.py:186} INFO - Started process (PID=460) to work on /home/airflow/.local/lib/python3.12/site-packages/airflow/example_dags/example_branch_python_dop_operator_3.py
[2024-10-03T13:13:20.232+0000] {processor.py:914} INFO - Processing file /home/airflow/.local/lib/python3.12/site-packages/airflow/example_dags/example_branch_python_dop_operator_3.py for tasks to queue
[2024-10-03T13:13:20.237+0000] {logging_mixin.py:190} INFO - [2024-10-03T13:13:20.236+0000] {dagbag.py:587} INFO - Filling up the DagBag from /home/airflow/.local/lib/python3.12/site-packages/airflow/example_dags/example_branch_python_dop_operator_3.py
[2024-10-03T13:13:20.259+0000] {processor.py:925} INFO - DAG(s) 'example_branch_dop_operator_v3' retrieved from /home/airflow/.local/lib/python3.12/site-packages/airflow/example_dags/example_branch_python_dop_operator_3.py
[2024-10-03T13:13:20.310+0000] {logging_mixin.py:190} INFO - [2024-10-03T13:13:20.309+0000] {dag.py:3229} INFO - Sync 1 DAGs
[2024-10-03T13:13:20.373+0000] {logging_mixin.py:190} INFO - [2024-10-03T13:13:20.373+0000] {dag.py:4156} INFO - Setting next_dagrun for example_branch_dop_operator_v3 to 2024-10-03 13:12:00+00:00, run_after=2024-10-03 13:13:00+00:00
[2024-10-03T13:13:20.554+0000] {processor.py:208} INFO - Processing /home/airflow/.local/lib/python3.12/site-packages/airflow/example_dags/example_branch_python_dop_operator_3.py took 0.338 seconds
[2024-10-03T13:13:50.867+0000] {processor.py:186} INFO - Started process (PID=523) to work on /home/airflow/.local/lib/python3.12/site-packages/airflow/example_dags/example_branch_python_dop_operator_3.py
[2024-10-03T13:13:51.051+0000] {processor.py:914} INFO - Processing file /home/airflow/.local/lib/python3.12/site-packages/airflow/example_dags/example_branch_python_dop_operator_3.py for tasks to queue
[2024-10-03T13:13:51.056+0000] {logging_mixin.py:190} INFO - [2024-10-03T13:13:51.055+0000] {dagbag.py:587} INFO - Filling up the DagBag from /home/airflow/.local/lib/python3.12/site-packages/airflow/example_dags/example_branch_python_dop_operator_3.py
[2024-10-03T13:13:51.084+0000] {processor.py:925} INFO - DAG(s) 'example_branch_dop_operator_v3' retrieved from /home/airflow/.local/lib/python3.12/site-packages/airflow/example_dags/example_branch_python_dop_operator_3.py
[2024-10-03T13:13:51.135+0000] {logging_mixin.py:190} INFO - [2024-10-03T13:13:51.134+0000] {dag.py:3229} INFO - Sync 1 DAGs
[2024-10-03T13:13:51.199+0000] {logging_mixin.py:190} INFO - [2024-10-03T13:13:51.198+0000] {dag.py:4156} INFO - Setting next_dagrun for example_branch_dop_operator_v3 to 2024-10-03 13:12:00+00:00, run_after=2024-10-03 13:13:00+00:00
[2024-10-03T13:13:52.004+0000] {processor.py:208} INFO - Processing /home/airflow/.local/lib/python3.12/site-packages/airflow/example_dags/example_branch_python_dop_operator_3.py took 1.146 seconds
[2024-10-03T13:14:22.798+0000] {processor.py:186} INFO - Started process (PID=586) to work on /home/airflow/.local/lib/python3.12/site-packages/airflow/example_dags/example_branch_python_dop_operator_3.py
[2024-10-03T13:14:22.799+0000] {processor.py:914} INFO - Processing file /home/airflow/.local/lib/python3.12/site-packages/airflow/example_dags/example_branch_python_dop_operator_3.py for tasks to queue
[2024-10-03T13:14:22.803+0000] {logging_mixin.py:190} INFO - [2024-10-03T13:14:22.803+0000] {dagbag.py:587} INFO - Filling up the DagBag from /home/airflow/.local/lib/python3.12/site-packages/airflow/example_dags/example_branch_python_dop_operator_3.py
[2024-10-03T13:14:22.827+0000] {processor.py:925} INFO - DAG(s) 'example_branch_dop_operator_v3' retrieved from /home/airflow/.local/lib/python3.12/site-packages/airflow/example_dags/example_branch_python_dop_operator_3.py
[2024-10-03T13:14:22.871+0000] {logging_mixin.py:190} INFO - [2024-10-03T13:14:22.870+0000] {dag.py:3229} INFO - Sync 1 DAGs
[2024-10-03T13:14:22.949+0000] {logging_mixin.py:190} INFO - [2024-10-03T13:14:22.948+0000] {dag.py:4156} INFO - Setting next_dagrun for example_branch_dop_operator_v3 to 2024-10-03 13:13:00+00:00, run_after=2024-10-03 13:14:00+00:00
[2024-10-03T13:14:23.246+0000] {processor.py:208} INFO - Processing /home/airflow/.local/lib/python3.12/site-packages/airflow/example_dags/example_branch_python_dop_operator_3.py took 0.460 seconds
[2024-10-03T13:14:53.420+0000] {processor.py:186} INFO - Started process (PID=648) to work on /home/airflow/.local/lib/python3.12/site-packages/airflow/example_dags/example_branch_python_dop_operator_3.py
[2024-10-03T13:14:53.422+0000] {processor.py:914} INFO - Processing file /home/airflow/.local/lib/python3.12/site-packages/airflow/example_dags/example_branch_python_dop_operator_3.py for tasks to queue
[2024-10-03T13:14:53.427+0000] {logging_mixin.py:190} INFO - [2024-10-03T13:14:53.426+0000] {dagbag.py:587} INFO - Filling up the DagBag from /home/airflow/.local/lib/python3.12/site-packages/airflow/example_dags/example_branch_python_dop_operator_3.py
[2024-10-03T13:14:53.453+0000] {processor.py:925} INFO - DAG(s) 'example_branch_dop_operator_v3' retrieved from /home/airflow/.local/lib/python3.12/site-packages/airflow/example_dags/example_branch_python_dop_operator_3.py
[2024-10-03T13:14:53.491+0000] {logging_mixin.py:190} INFO - [2024-10-03T13:14:53.491+0000] {dag.py:3229} INFO - Sync 1 DAGs
[2024-10-03T13:14:53.547+0000] {logging_mixin.py:190} INFO - [2024-10-03T13:14:53.546+0000] {dag.py:4156} INFO - Setting next_dagrun for example_branch_dop_operator_v3 to 2024-10-03 13:13:00+00:00, run_after=2024-10-03 13:14:00+00:00
[2024-10-03T13:14:54.237+0000] {processor.py:208} INFO - Processing /home/airflow/.local/lib/python3.12/site-packages/airflow/example_dags/example_branch_python_dop_operator_3.py took 0.828 seconds
[2024-10-03T13:15:24.894+0000] {processor.py:186} INFO - Started process (PID=711) to work on /home/airflow/.local/lib/python3.12/site-packages/airflow/example_dags/example_branch_python_dop_operator_3.py
[2024-10-03T13:15:24.895+0000] {processor.py:914} INFO - Processing file /home/airflow/.local/lib/python3.12/site-packages/airflow/example_dags/example_branch_python_dop_operator_3.py for tasks to queue
[2024-10-03T13:15:24.897+0000] {logging_mixin.py:190} INFO - [2024-10-03T13:15:24.897+0000] {dagbag.py:587} INFO - Filling up the DagBag from /home/airflow/.local/lib/python3.12/site-packages/airflow/example_dags/example_branch_python_dop_operator_3.py
[2024-10-03T13:15:24.911+0000] {processor.py:925} INFO - DAG(s) 'example_branch_dop_operator_v3' retrieved from /home/airflow/.local/lib/python3.12/site-packages/airflow/example_dags/example_branch_python_dop_operator_3.py
[2024-10-03T13:15:24.936+0000] {logging_mixin.py:190} INFO - [2024-10-03T13:15:24.935+0000] {dag.py:3229} INFO - Sync 1 DAGs
[2024-10-03T13:15:24.976+0000] {logging_mixin.py:190} INFO - [2024-10-03T13:15:24.976+0000] {dag.py:4156} INFO - Setting next_dagrun for example_branch_dop_operator_v3 to 2024-10-03 13:14:00+00:00, run_after=2024-10-03 13:15:00+00:00
[2024-10-03T13:15:25.061+0000] {processor.py:208} INFO - Processing /home/airflow/.local/lib/python3.12/site-packages/airflow/example_dags/example_branch_python_dop_operator_3.py took 0.173 seconds
[2024-10-03T13:15:55.284+0000] {processor.py:186} INFO - Started process (PID=774) to work on /home/airflow/.local/lib/python3.12/site-packages/airflow/example_dags/example_branch_python_dop_operator_3.py
[2024-10-03T13:15:55.285+0000] {processor.py:914} INFO - Processing file /home/airflow/.local/lib/python3.12/site-packages/airflow/example_dags/example_branch_python_dop_operator_3.py for tasks to queue
[2024-10-03T13:15:55.288+0000] {logging_mixin.py:190} INFO - [2024-10-03T13:15:55.287+0000] {dagbag.py:587} INFO - Filling up the DagBag from /home/airflow/.local/lib/python3.12/site-packages/airflow/example_dags/example_branch_python_dop_operator_3.py
[2024-10-03T13:15:55.298+0000] {processor.py:925} INFO - DAG(s) 'example_branch_dop_operator_v3' retrieved from /home/airflow/.local/lib/python3.12/site-packages/airflow/example_dags/example_branch_python_dop_operator_3.py
[2024-10-03T13:15:55.322+0000] {logging_mixin.py:190} INFO - [2024-10-03T13:15:55.322+0000] {dag.py:3229} INFO - Sync 1 DAGs
[2024-10-03T13:15:55.354+0000] {logging_mixin.py:190} INFO - [2024-10-03T13:15:55.354+0000] {dag.py:4156} INFO - Setting next_dagrun for example_branch_dop_operator_v3 to 2024-10-03 13:14:00+00:00, run_after=2024-10-03 13:15:00+00:00
[2024-10-03T13:15:55.620+0000] {processor.py:208} INFO - Processing /home/airflow/.local/lib/python3.12/site-packages/airflow/example_dags/example_branch_python_dop_operator_3.py took 0.343 seconds
[2024-10-03T13:16:25.826+0000] {processor.py:186} INFO - Started process (PID=837) to work on /home/airflow/.local/lib/python3.12/site-packages/airflow/example_dags/example_branch_python_dop_operator_3.py
[2024-10-03T13:16:25.827+0000] {processor.py:914} INFO - Processing file /home/airflow/.local/lib/python3.12/site-packages/airflow/example_dags/example_branch_python_dop_operator_3.py for tasks to queue
[2024-10-03T13:16:25.829+0000] {logging_mixin.py:190} INFO - [2024-10-03T13:16:25.829+0000] {dagbag.py:587} INFO - Filling up the DagBag from /home/airflow/.local/lib/python3.12/site-packages/airflow/example_dags/example_branch_python_dop_operator_3.py
[2024-10-03T13:16:25.839+0000] {processor.py:925} INFO - DAG(s) 'example_branch_dop_operator_v3' retrieved from /home/airflow/.local/lib/python3.12/site-packages/airflow/example_dags/example_branch_python_dop_operator_3.py
[2024-10-03T13:16:25.861+0000] {logging_mixin.py:190} INFO - [2024-10-03T13:16:25.861+0000] {dag.py:3229} INFO - Sync 1 DAGs
[2024-10-03T13:16:25.890+0000] {logging_mixin.py:190} INFO - [2024-10-03T13:16:25.890+0000] {dag.py:4156} INFO - Setting next_dagrun for example_branch_dop_operator_v3 to 2024-10-03 13:15:00+00:00, run_after=2024-10-03 13:16:00+00:00
[2024-10-03T13:16:26.019+0000] {processor.py:208} INFO - Processing /home/airflow/.local/lib/python3.12/site-packages/airflow/example_dags/example_branch_python_dop_operator_3.py took 0.199 seconds
[2024-10-03T13:16:56.608+0000] {processor.py:186} INFO - Started process (PID=900) to work on /home/airflow/.local/lib/python3.12/site-packages/airflow/example_dags/example_branch_python_dop_operator_3.py
[2024-10-03T13:16:56.609+0000] {processor.py:914} INFO - Processing file /home/airflow/.local/lib/python3.12/site-packages/airflow/example_dags/example_branch_python_dop_operator_3.py for tasks to queue
[2024-10-03T13:16:56.614+0000] {logging_mixin.py:190} INFO - [2024-10-03T13:16:56.613+0000] {dagbag.py:587} INFO - Filling up the DagBag from /home/airflow/.local/lib/python3.12/site-packages/airflow/example_dags/example_branch_python_dop_operator_3.py
[2024-10-03T13:16:56.638+0000] {processor.py:925} INFO - DAG(s) 'example_branch_dop_operator_v3' retrieved from /home/airflow/.local/lib/python3.12/site-packages/airflow/example_dags/example_branch_python_dop_operator_3.py
[2024-10-03T13:16:56.676+0000] {logging_mixin.py:190} INFO - [2024-10-03T13:16:56.676+0000] {dag.py:3229} INFO - Sync 1 DAGs
[2024-10-03T13:16:56.735+0000] {logging_mixin.py:190} INFO - [2024-10-03T13:16:56.734+0000] {dag.py:4156} INFO - Setting next_dagrun for example_branch_dop_operator_v3 to 2024-10-03 13:15:00+00:00, run_after=2024-10-03 13:16:00+00:00
[2024-10-03T13:16:56.814+0000] {processor.py:208} INFO - Processing /home/airflow/.local/lib/python3.12/site-packages/airflow/example_dags/example_branch_python_dop_operator_3.py took 0.223 seconds
[2024-10-03T13:17:27.091+0000] {processor.py:186} INFO - Started process (PID=963) to work on /home/airflow/.local/lib/python3.12/site-packages/airflow/example_dags/example_branch_python_dop_operator_3.py
[2024-10-03T13:17:27.093+0000] {processor.py:914} INFO - Processing file /home/airflow/.local/lib/python3.12/site-packages/airflow/example_dags/example_branch_python_dop_operator_3.py for tasks to queue
[2024-10-03T13:17:27.099+0000] {logging_mixin.py:190} INFO - [2024-10-03T13:17:27.098+0000] {dagbag.py:587} INFO - Filling up the DagBag from /home/airflow/.local/lib/python3.12/site-packages/airflow/example_dags/example_branch_python_dop_operator_3.py
[2024-10-03T13:17:27.119+0000] {processor.py:925} INFO - DAG(s) 'example_branch_dop_operator_v3' retrieved from /home/airflow/.local/lib/python3.12/site-packages/airflow/example_dags/example_branch_python_dop_operator_3.py
[2024-10-03T13:17:27.158+0000] {logging_mixin.py:190} INFO - [2024-10-03T13:17:27.158+0000] {dag.py:3229} INFO - Sync 1 DAGs
[2024-10-03T13:17:27.209+0000] {logging_mixin.py:190} INFO - [2024-10-03T13:17:27.209+0000] {dag.py:4156} INFO - Setting next_dagrun for example_branch_dop_operator_v3 to 2024-10-03 13:16:00+00:00, run_after=2024-10-03 13:17:00+00:00
[2024-10-03T13:17:27.277+0000] {processor.py:208} INFO - Processing /home/airflow/.local/lib/python3.12/site-packages/airflow/example_dags/example_branch_python_dop_operator_3.py took 0.199 seconds
[2024-10-03T13:17:57.794+0000] {processor.py:186} INFO - Started process (PID=1026) to work on /home/airflow/.local/lib/python3.12/site-packages/airflow/example_dags/example_branch_python_dop_operator_3.py
[2024-10-03T13:17:57.795+0000] {processor.py:914} INFO - Processing file /home/airflow/.local/lib/python3.12/site-packages/airflow/example_dags/example_branch_python_dop_operator_3.py for tasks to queue
[2024-10-03T13:17:57.797+0000] {logging_mixin.py:190} INFO - [2024-10-03T13:17:57.797+0000] {dagbag.py:587} INFO - Filling up the DagBag from /home/airflow/.local/lib/python3.12/site-packages/airflow/example_dags/example_branch_python_dop_operator_3.py
[2024-10-03T13:17:57.808+0000] {processor.py:925} INFO - DAG(s) 'example_branch_dop_operator_v3' retrieved from /home/airflow/.local/lib/python3.12/site-packages/airflow/example_dags/example_branch_python_dop_operator_3.py
[2024-10-03T13:17:57.835+0000] {logging_mixin.py:190} INFO - [2024-10-03T13:17:57.835+0000] {dag.py:3229} INFO - Sync 1 DAGs
[2024-10-03T13:17:57.883+0000] {logging_mixin.py:190} INFO - [2024-10-03T13:17:57.882+0000] {dag.py:4156} INFO - Setting next_dagrun for example_branch_dop_operator_v3 to 2024-10-03 13:16:00+00:00, run_after=2024-10-03 13:17:00+00:00
[2024-10-03T13:17:57.931+0000] {processor.py:208} INFO - Processing /home/airflow/.local/lib/python3.12/site-packages/airflow/example_dags/example_branch_python_dop_operator_3.py took 0.144 seconds
[2024-10-03T13:18:27.981+0000] {processor.py:186} INFO - Started process (PID=1089) to work on /home/airflow/.local/lib/python3.12/site-packages/airflow/example_dags/example_branch_python_dop_operator_3.py
[2024-10-03T13:18:27.982+0000] {processor.py:914} INFO - Processing file /home/airflow/.local/lib/python3.12/site-packages/airflow/example_dags/example_branch_python_dop_operator_3.py for tasks to queue
[2024-10-03T13:18:27.986+0000] {logging_mixin.py:190} INFO - [2024-10-03T13:18:27.985+0000] {dagbag.py:587} INFO - Filling up the DagBag from /home/airflow/.local/lib/python3.12/site-packages/airflow/example_dags/example_branch_python_dop_operator_3.py
[2024-10-03T13:18:28.002+0000] {processor.py:925} INFO - DAG(s) 'example_branch_dop_operator_v3' retrieved from /home/airflow/.local/lib/python3.12/site-packages/airflow/example_dags/example_branch_python_dop_operator_3.py
[2024-10-03T13:18:28.029+0000] {logging_mixin.py:190} INFO - [2024-10-03T13:18:28.029+0000] {dag.py:3229} INFO - Sync 1 DAGs
[2024-10-03T13:18:28.064+0000] {logging_mixin.py:190} INFO - [2024-10-03T13:18:28.064+0000] {dag.py:4156} INFO - Setting next_dagrun for example_branch_dop_operator_v3 to 2024-10-03 13:17:00+00:00, run_after=2024-10-03 13:18:00+00:00
[2024-10-03T13:18:28.097+0000] {processor.py:208} INFO - Processing /home/airflow/.local/lib/python3.12/site-packages/airflow/example_dags/example_branch_python_dop_operator_3.py took 0.123 seconds
