[2024-10-03T13:10:21.424+0000] {processor.py:186} INFO - Started process (PID=119) to work on /home/airflow/.local/lib/python3.12/site-packages/airflow/example_dags/example_params_trigger_ui.py
[2024-10-03T13:10:21.426+0000] {processor.py:914} INFO - Processing file /home/airflow/.local/lib/python3.12/site-packages/airflow/example_dags/example_params_trigger_ui.py for tasks to queue
[2024-10-03T13:10:21.430+0000] {logging_mixin.py:190} INFO - [2024-10-03T13:10:21.430+0000] {dagbag.py:587} INFO - Filling up the DagBag from /home/airflow/.local/lib/python3.12/site-packages/airflow/example_dags/example_params_trigger_ui.py
[2024-10-03T13:10:21.449+0000] {processor.py:925} INFO - DAG(s) 'example_params_trigger_ui' retrieved from /home/airflow/.local/lib/python3.12/site-packages/airflow/example_dags/example_params_trigger_ui.py
[2024-10-03T13:10:21.533+0000] {logging_mixin.py:190} INFO - [2024-10-03T13:10:21.532+0000] {dag.py:3229} INFO - Sync 1 DAGs
[2024-10-03T13:10:21.557+0000] {logging_mixin.py:190} INFO - [2024-10-03T13:10:21.557+0000] {dag.py:4156} INFO - Setting next_dagrun for example_params_trigger_ui to None, run_after=None
[2024-10-03T13:10:21.999+0000] {processor.py:208} INFO - Processing /home/airflow/.local/lib/python3.12/site-packages/airflow/example_dags/example_params_trigger_ui.py took 0.588 seconds
[2024-10-03T13:10:52.615+0000] {processor.py:186} INFO - Started process (PID=182) to work on /home/airflow/.local/lib/python3.12/site-packages/airflow/example_dags/example_params_trigger_ui.py
[2024-10-03T13:10:52.670+0000] {processor.py:914} INFO - Processing file /home/airflow/.local/lib/python3.12/site-packages/airflow/example_dags/example_params_trigger_ui.py for tasks to queue
[2024-10-03T13:10:52.674+0000] {logging_mixin.py:190} INFO - [2024-10-03T13:10:52.673+0000] {dagbag.py:587} INFO - Filling up the DagBag from /home/airflow/.local/lib/python3.12/site-packages/airflow/example_dags/example_params_trigger_ui.py
[2024-10-03T13:10:52.689+0000] {processor.py:925} INFO - DAG(s) 'example_params_trigger_ui' retrieved from /home/airflow/.local/lib/python3.12/site-packages/airflow/example_dags/example_params_trigger_ui.py
[2024-10-03T13:10:52.767+0000] {logging_mixin.py:190} INFO - [2024-10-03T13:10:52.767+0000] {dag.py:3229} INFO - Sync 1 DAGs
[2024-10-03T13:10:52.790+0000] {logging_mixin.py:190} INFO - [2024-10-03T13:10:52.789+0000] {dag.py:4156} INFO - Setting next_dagrun for example_params_trigger_ui to None, run_after=None
[2024-10-03T13:10:52.898+0000] {processor.py:208} INFO - Processing /home/airflow/.local/lib/python3.12/site-packages/airflow/example_dags/example_params_trigger_ui.py took 0.289 seconds
[2024-10-03T13:11:24.366+0000] {processor.py:186} INFO - Started process (PID=245) to work on /home/airflow/.local/lib/python3.12/site-packages/airflow/example_dags/example_params_trigger_ui.py
[2024-10-03T13:11:24.369+0000] {processor.py:914} INFO - Processing file /home/airflow/.local/lib/python3.12/site-packages/airflow/example_dags/example_params_trigger_ui.py for tasks to queue
[2024-10-03T13:11:24.385+0000] {logging_mixin.py:190} INFO - [2024-10-03T13:11:24.384+0000] {dagbag.py:587} INFO - Filling up the DagBag from /home/airflow/.local/lib/python3.12/site-packages/airflow/example_dags/example_params_trigger_ui.py
[2024-10-03T13:11:24.473+0000] {processor.py:925} INFO - DAG(s) 'example_params_trigger_ui' retrieved from /home/airflow/.local/lib/python3.12/site-packages/airflow/example_dags/example_params_trigger_ui.py
[2024-10-03T13:11:24.763+0000] {logging_mixin.py:190} INFO - [2024-10-03T13:11:24.762+0000] {dag.py:3229} INFO - Sync 1 DAGs
[2024-10-03T13:11:24.884+0000] {logging_mixin.py:190} INFO - [2024-10-03T13:11:24.884+0000] {dag.py:4156} INFO - Setting next_dagrun for example_params_trigger_ui to None, run_after=None
[2024-10-03T13:11:25.006+0000] {processor.py:208} INFO - Processing /home/airflow/.local/lib/python3.12/site-packages/airflow/example_dags/example_params_trigger_ui.py took 0.666 seconds
[2024-10-03T13:12:03.551+0000] {processor.py:186} INFO - Started process (PID=313) to work on /home/airflow/.local/lib/python3.12/site-packages/airflow/example_dags/example_params_trigger_ui.py
[2024-10-03T13:12:03.554+0000] {processor.py:914} INFO - Processing file /home/airflow/.local/lib/python3.12/site-packages/airflow/example_dags/example_params_trigger_ui.py for tasks to queue
[2024-10-03T13:12:03.561+0000] {logging_mixin.py:190} INFO - [2024-10-03T13:12:03.560+0000] {dagbag.py:587} INFO - Filling up the DagBag from /home/airflow/.local/lib/python3.12/site-packages/airflow/example_dags/example_params_trigger_ui.py
[2024-10-03T13:12:03.598+0000] {processor.py:925} INFO - DAG(s) 'example_params_trigger_ui' retrieved from /home/airflow/.local/lib/python3.12/site-packages/airflow/example_dags/example_params_trigger_ui.py
[2024-10-03T13:12:03.738+0000] {logging_mixin.py:190} INFO - [2024-10-03T13:12:03.737+0000] {dag.py:3229} INFO - Sync 1 DAGs
[2024-10-03T13:12:03.783+0000] {logging_mixin.py:190} INFO - [2024-10-03T13:12:03.782+0000] {dag.py:4156} INFO - Setting next_dagrun for example_params_trigger_ui to None, run_after=None
[2024-10-03T13:12:04.175+0000] {processor.py:208} INFO - Processing /home/airflow/.local/lib/python3.12/site-packages/airflow/example_dags/example_params_trigger_ui.py took 0.643 seconds
[2024-10-03T13:12:34.386+0000] {processor.py:186} INFO - Started process (PID=376) to work on /home/airflow/.local/lib/python3.12/site-packages/airflow/example_dags/example_params_trigger_ui.py
[2024-10-03T13:12:34.387+0000] {processor.py:914} INFO - Processing file /home/airflow/.local/lib/python3.12/site-packages/airflow/example_dags/example_params_trigger_ui.py for tasks to queue
[2024-10-03T13:12:34.391+0000] {logging_mixin.py:190} INFO - [2024-10-03T13:12:34.391+0000] {dagbag.py:587} INFO - Filling up the DagBag from /home/airflow/.local/lib/python3.12/site-packages/airflow/example_dags/example_params_trigger_ui.py
[2024-10-03T13:12:34.410+0000] {processor.py:925} INFO - DAG(s) 'example_params_trigger_ui' retrieved from /home/airflow/.local/lib/python3.12/site-packages/airflow/example_dags/example_params_trigger_ui.py
[2024-10-03T13:12:34.498+0000] {logging_mixin.py:190} INFO - [2024-10-03T13:12:34.497+0000] {dag.py:3229} INFO - Sync 1 DAGs
[2024-10-03T13:12:34.528+0000] {logging_mixin.py:190} INFO - [2024-10-03T13:12:34.528+0000] {dag.py:4156} INFO - Setting next_dagrun for example_params_trigger_ui to None, run_after=None
[2024-10-03T13:12:34.729+0000] {processor.py:208} INFO - Processing /home/airflow/.local/lib/python3.12/site-packages/airflow/example_dags/example_params_trigger_ui.py took 0.358 seconds
[2024-10-03T13:13:06.260+0000] {processor.py:186} INFO - Started process (PID=439) to work on /home/airflow/.local/lib/python3.12/site-packages/airflow/example_dags/example_params_trigger_ui.py
[2024-10-03T13:13:06.262+0000] {processor.py:914} INFO - Processing file /home/airflow/.local/lib/python3.12/site-packages/airflow/example_dags/example_params_trigger_ui.py for tasks to queue
[2024-10-03T13:13:06.265+0000] {logging_mixin.py:190} INFO - [2024-10-03T13:13:06.265+0000] {dagbag.py:587} INFO - Filling up the DagBag from /home/airflow/.local/lib/python3.12/site-packages/airflow/example_dags/example_params_trigger_ui.py
[2024-10-03T13:13:06.282+0000] {processor.py:925} INFO - DAG(s) 'example_params_trigger_ui' retrieved from /home/airflow/.local/lib/python3.12/site-packages/airflow/example_dags/example_params_trigger_ui.py
[2024-10-03T13:13:06.365+0000] {logging_mixin.py:190} INFO - [2024-10-03T13:13:06.365+0000] {dag.py:3229} INFO - Sync 1 DAGs
[2024-10-03T13:13:06.388+0000] {logging_mixin.py:190} INFO - [2024-10-03T13:13:06.387+0000] {dag.py:4156} INFO - Setting next_dagrun for example_params_trigger_ui to None, run_after=None
[2024-10-03T13:13:07.159+0000] {processor.py:208} INFO - Processing /home/airflow/.local/lib/python3.12/site-packages/airflow/example_dags/example_params_trigger_ui.py took 0.910 seconds
[2024-10-03T13:13:37.645+0000] {processor.py:186} INFO - Started process (PID=502) to work on /home/airflow/.local/lib/python3.12/site-packages/airflow/example_dags/example_params_trigger_ui.py
[2024-10-03T13:13:37.646+0000] {processor.py:914} INFO - Processing file /home/airflow/.local/lib/python3.12/site-packages/airflow/example_dags/example_params_trigger_ui.py for tasks to queue
[2024-10-03T13:13:37.649+0000] {logging_mixin.py:190} INFO - [2024-10-03T13:13:37.649+0000] {dagbag.py:587} INFO - Filling up the DagBag from /home/airflow/.local/lib/python3.12/site-packages/airflow/example_dags/example_params_trigger_ui.py
[2024-10-03T13:13:37.668+0000] {processor.py:925} INFO - DAG(s) 'example_params_trigger_ui' retrieved from /home/airflow/.local/lib/python3.12/site-packages/airflow/example_dags/example_params_trigger_ui.py
[2024-10-03T13:13:37.736+0000] {logging_mixin.py:190} INFO - [2024-10-03T13:13:37.736+0000] {dag.py:3229} INFO - Sync 1 DAGs
[2024-10-03T13:13:37.760+0000] {logging_mixin.py:190} INFO - [2024-10-03T13:13:37.759+0000] {dag.py:4156} INFO - Setting next_dagrun for example_params_trigger_ui to None, run_after=None
[2024-10-03T13:13:38.139+0000] {processor.py:208} INFO - Processing /home/airflow/.local/lib/python3.12/site-packages/airflow/example_dags/example_params_trigger_ui.py took 0.500 seconds
[2024-10-03T13:14:09.051+0000] {processor.py:186} INFO - Started process (PID=565) to work on /home/airflow/.local/lib/python3.12/site-packages/airflow/example_dags/example_params_trigger_ui.py
[2024-10-03T13:14:09.052+0000] {processor.py:914} INFO - Processing file /home/airflow/.local/lib/python3.12/site-packages/airflow/example_dags/example_params_trigger_ui.py for tasks to queue
[2024-10-03T13:14:09.056+0000] {logging_mixin.py:190} INFO - [2024-10-03T13:14:09.055+0000] {dagbag.py:587} INFO - Filling up the DagBag from /home/airflow/.local/lib/python3.12/site-packages/airflow/example_dags/example_params_trigger_ui.py
[2024-10-03T13:14:09.083+0000] {processor.py:925} INFO - DAG(s) 'example_params_trigger_ui' retrieved from /home/airflow/.local/lib/python3.12/site-packages/airflow/example_dags/example_params_trigger_ui.py
[2024-10-03T13:14:09.186+0000] {logging_mixin.py:190} INFO - [2024-10-03T13:14:09.184+0000] {dag.py:3229} INFO - Sync 1 DAGs
[2024-10-03T13:14:09.219+0000] {logging_mixin.py:190} INFO - [2024-10-03T13:14:09.219+0000] {dag.py:4156} INFO - Setting next_dagrun for example_params_trigger_ui to None, run_after=None
[2024-10-03T13:14:09.721+0000] {processor.py:208} INFO - Processing /home/airflow/.local/lib/python3.12/site-packages/airflow/example_dags/example_params_trigger_ui.py took 0.688 seconds
[2024-10-03T13:14:43.476+0000] {processor.py:186} INFO - Started process (PID=628) to work on /home/airflow/.local/lib/python3.12/site-packages/airflow/example_dags/example_params_trigger_ui.py
[2024-10-03T13:14:43.478+0000] {processor.py:914} INFO - Processing file /home/airflow/.local/lib/python3.12/site-packages/airflow/example_dags/example_params_trigger_ui.py for tasks to queue
[2024-10-03T13:14:43.483+0000] {logging_mixin.py:190} INFO - [2024-10-03T13:14:43.483+0000] {dagbag.py:587} INFO - Filling up the DagBag from /home/airflow/.local/lib/python3.12/site-packages/airflow/example_dags/example_params_trigger_ui.py
[2024-10-03T13:14:43.505+0000] {processor.py:925} INFO - DAG(s) 'example_params_trigger_ui' retrieved from /home/airflow/.local/lib/python3.12/site-packages/airflow/example_dags/example_params_trigger_ui.py
[2024-10-03T13:14:43.582+0000] {logging_mixin.py:190} INFO - [2024-10-03T13:14:43.581+0000] {dag.py:3229} INFO - Sync 1 DAGs
[2024-10-03T13:14:43.603+0000] {logging_mixin.py:190} INFO - [2024-10-03T13:14:43.603+0000] {dag.py:4156} INFO - Setting next_dagrun for example_params_trigger_ui to None, run_after=None
[2024-10-03T13:14:44.457+0000] {processor.py:208} INFO - Processing /home/airflow/.local/lib/python3.12/site-packages/airflow/example_dags/example_params_trigger_ui.py took 0.996 seconds
[2024-10-03T13:15:14.585+0000] {processor.py:186} INFO - Started process (PID=691) to work on /home/airflow/.local/lib/python3.12/site-packages/airflow/example_dags/example_params_trigger_ui.py
[2024-10-03T13:15:14.587+0000] {processor.py:914} INFO - Processing file /home/airflow/.local/lib/python3.12/site-packages/airflow/example_dags/example_params_trigger_ui.py for tasks to queue
[2024-10-03T13:15:14.590+0000] {logging_mixin.py:190} INFO - [2024-10-03T13:15:14.589+0000] {dagbag.py:587} INFO - Filling up the DagBag from /home/airflow/.local/lib/python3.12/site-packages/airflow/example_dags/example_params_trigger_ui.py
[2024-10-03T13:15:14.621+0000] {processor.py:925} INFO - DAG(s) 'example_params_trigger_ui' retrieved from /home/airflow/.local/lib/python3.12/site-packages/airflow/example_dags/example_params_trigger_ui.py
[2024-10-03T13:15:14.738+0000] {logging_mixin.py:190} INFO - [2024-10-03T13:15:14.738+0000] {dag.py:3229} INFO - Sync 1 DAGs
[2024-10-03T13:15:14.773+0000] {logging_mixin.py:190} INFO - [2024-10-03T13:15:14.772+0000] {dag.py:4156} INFO - Setting next_dagrun for example_params_trigger_ui to None, run_after=None
[2024-10-03T13:15:14.921+0000] {processor.py:208} INFO - Processing /home/airflow/.local/lib/python3.12/site-packages/airflow/example_dags/example_params_trigger_ui.py took 0.343 seconds
[2024-10-03T13:15:45.515+0000] {processor.py:186} INFO - Started process (PID=754) to work on /home/airflow/.local/lib/python3.12/site-packages/airflow/example_dags/example_params_trigger_ui.py
[2024-10-03T13:15:45.516+0000] {processor.py:914} INFO - Processing file /home/airflow/.local/lib/python3.12/site-packages/airflow/example_dags/example_params_trigger_ui.py for tasks to queue
[2024-10-03T13:15:45.520+0000] {logging_mixin.py:190} INFO - [2024-10-03T13:15:45.520+0000] {dagbag.py:587} INFO - Filling up the DagBag from /home/airflow/.local/lib/python3.12/site-packages/airflow/example_dags/example_params_trigger_ui.py
[2024-10-03T13:15:45.536+0000] {processor.py:925} INFO - DAG(s) 'example_params_trigger_ui' retrieved from /home/airflow/.local/lib/python3.12/site-packages/airflow/example_dags/example_params_trigger_ui.py
[2024-10-03T13:15:45.605+0000] {logging_mixin.py:190} INFO - [2024-10-03T13:15:45.605+0000] {dag.py:3229} INFO - Sync 1 DAGs
[2024-10-03T13:15:45.629+0000] {logging_mixin.py:190} INFO - [2024-10-03T13:15:45.628+0000] {dag.py:4156} INFO - Setting next_dagrun for example_params_trigger_ui to None, run_after=None
[2024-10-03T13:15:45.839+0000] {processor.py:208} INFO - Processing /home/airflow/.local/lib/python3.12/site-packages/airflow/example_dags/example_params_trigger_ui.py took 0.332 seconds
[2024-10-03T13:16:16.048+0000] {processor.py:186} INFO - Started process (PID=817) to work on /home/airflow/.local/lib/python3.12/site-packages/airflow/example_dags/example_params_trigger_ui.py
[2024-10-03T13:16:16.050+0000] {processor.py:914} INFO - Processing file /home/airflow/.local/lib/python3.12/site-packages/airflow/example_dags/example_params_trigger_ui.py for tasks to queue
[2024-10-03T13:16:16.056+0000] {logging_mixin.py:190} INFO - [2024-10-03T13:16:16.055+0000] {dagbag.py:587} INFO - Filling up the DagBag from /home/airflow/.local/lib/python3.12/site-packages/airflow/example_dags/example_params_trigger_ui.py
[2024-10-03T13:16:16.087+0000] {processor.py:925} INFO - DAG(s) 'example_params_trigger_ui' retrieved from /home/airflow/.local/lib/python3.12/site-packages/airflow/example_dags/example_params_trigger_ui.py
[2024-10-03T13:16:16.221+0000] {logging_mixin.py:190} INFO - [2024-10-03T13:16:16.220+0000] {dag.py:3229} INFO - Sync 1 DAGs
[2024-10-03T13:16:16.253+0000] {logging_mixin.py:190} INFO - [2024-10-03T13:16:16.253+0000] {dag.py:4156} INFO - Setting next_dagrun for example_params_trigger_ui to None, run_after=None
[2024-10-03T13:16:16.361+0000] {processor.py:208} INFO - Processing /home/airflow/.local/lib/python3.12/site-packages/airflow/example_dags/example_params_trigger_ui.py took 0.330 seconds
[2024-10-03T13:16:47.408+0000] {processor.py:186} INFO - Started process (PID=881) to work on /home/airflow/.local/lib/python3.12/site-packages/airflow/example_dags/example_params_trigger_ui.py
[2024-10-03T13:16:47.410+0000] {processor.py:914} INFO - Processing file /home/airflow/.local/lib/python3.12/site-packages/airflow/example_dags/example_params_trigger_ui.py for tasks to queue
[2024-10-03T13:16:47.413+0000] {logging_mixin.py:190} INFO - [2024-10-03T13:16:47.412+0000] {dagbag.py:587} INFO - Filling up the DagBag from /home/airflow/.local/lib/python3.12/site-packages/airflow/example_dags/example_params_trigger_ui.py
[2024-10-03T13:16:47.426+0000] {processor.py:925} INFO - DAG(s) 'example_params_trigger_ui' retrieved from /home/airflow/.local/lib/python3.12/site-packages/airflow/example_dags/example_params_trigger_ui.py
[2024-10-03T13:16:47.489+0000] {logging_mixin.py:190} INFO - [2024-10-03T13:16:47.488+0000] {dag.py:3229} INFO - Sync 1 DAGs
[2024-10-03T13:16:47.520+0000] {logging_mixin.py:190} INFO - [2024-10-03T13:16:47.520+0000] {dag.py:4156} INFO - Setting next_dagrun for example_params_trigger_ui to None, run_after=None
[2024-10-03T13:16:47.640+0000] {processor.py:208} INFO - Processing /home/airflow/.local/lib/python3.12/site-packages/airflow/example_dags/example_params_trigger_ui.py took 0.239 seconds
[2024-10-03T13:17:18.277+0000] {processor.py:186} INFO - Started process (PID=944) to work on /home/airflow/.local/lib/python3.12/site-packages/airflow/example_dags/example_params_trigger_ui.py
[2024-10-03T13:17:18.279+0000] {processor.py:914} INFO - Processing file /home/airflow/.local/lib/python3.12/site-packages/airflow/example_dags/example_params_trigger_ui.py for tasks to queue
[2024-10-03T13:17:18.285+0000] {logging_mixin.py:190} INFO - [2024-10-03T13:17:18.284+0000] {dagbag.py:587} INFO - Filling up the DagBag from /home/airflow/.local/lib/python3.12/site-packages/airflow/example_dags/example_params_trigger_ui.py
[2024-10-03T13:17:18.333+0000] {processor.py:925} INFO - DAG(s) 'example_params_trigger_ui' retrieved from /home/airflow/.local/lib/python3.12/site-packages/airflow/example_dags/example_params_trigger_ui.py
[2024-10-03T13:17:18.514+0000] {logging_mixin.py:190} INFO - [2024-10-03T13:17:18.514+0000] {dag.py:3229} INFO - Sync 1 DAGs
[2024-10-03T13:17:18.563+0000] {logging_mixin.py:190} INFO - [2024-10-03T13:17:18.562+0000] {dag.py:4156} INFO - Setting next_dagrun for example_params_trigger_ui to None, run_after=None
[2024-10-03T13:17:18.826+0000] {processor.py:208} INFO - Processing /home/airflow/.local/lib/python3.12/site-packages/airflow/example_dags/example_params_trigger_ui.py took 0.566 seconds
[2024-10-03T13:17:49.586+0000] {processor.py:186} INFO - Started process (PID=1007) to work on /home/airflow/.local/lib/python3.12/site-packages/airflow/example_dags/example_params_trigger_ui.py
[2024-10-03T13:17:49.587+0000] {processor.py:914} INFO - Processing file /home/airflow/.local/lib/python3.12/site-packages/airflow/example_dags/example_params_trigger_ui.py for tasks to queue
[2024-10-03T13:17:49.590+0000] {logging_mixin.py:190} INFO - [2024-10-03T13:17:49.589+0000] {dagbag.py:587} INFO - Filling up the DagBag from /home/airflow/.local/lib/python3.12/site-packages/airflow/example_dags/example_params_trigger_ui.py
[2024-10-03T13:17:49.601+0000] {processor.py:925} INFO - DAG(s) 'example_params_trigger_ui' retrieved from /home/airflow/.local/lib/python3.12/site-packages/airflow/example_dags/example_params_trigger_ui.py
[2024-10-03T13:17:49.666+0000] {logging_mixin.py:190} INFO - [2024-10-03T13:17:49.665+0000] {dag.py:3229} INFO - Sync 1 DAGs
[2024-10-03T13:17:49.685+0000] {logging_mixin.py:190} INFO - [2024-10-03T13:17:49.685+0000] {dag.py:4156} INFO - Setting next_dagrun for example_params_trigger_ui to None, run_after=None
[2024-10-03T13:17:50.600+0000] {processor.py:208} INFO - Processing /home/airflow/.local/lib/python3.12/site-packages/airflow/example_dags/example_params_trigger_ui.py took 1.022 seconds
[2024-10-03T13:18:21.454+0000] {processor.py:186} INFO - Started process (PID=1070) to work on /home/airflow/.local/lib/python3.12/site-packages/airflow/example_dags/example_params_trigger_ui.py
[2024-10-03T13:18:21.455+0000] {processor.py:914} INFO - Processing file /home/airflow/.local/lib/python3.12/site-packages/airflow/example_dags/example_params_trigger_ui.py for tasks to queue
[2024-10-03T13:18:21.459+0000] {logging_mixin.py:190} INFO - [2024-10-03T13:18:21.458+0000] {dagbag.py:587} INFO - Filling up the DagBag from /home/airflow/.local/lib/python3.12/site-packages/airflow/example_dags/example_params_trigger_ui.py
[2024-10-03T13:18:21.478+0000] {processor.py:925} INFO - DAG(s) 'example_params_trigger_ui' retrieved from /home/airflow/.local/lib/python3.12/site-packages/airflow/example_dags/example_params_trigger_ui.py
[2024-10-03T13:18:21.559+0000] {logging_mixin.py:190} INFO - [2024-10-03T13:18:21.559+0000] {dag.py:3229} INFO - Sync 1 DAGs
[2024-10-03T13:18:21.586+0000] {logging_mixin.py:190} INFO - [2024-10-03T13:18:21.586+0000] {dag.py:4156} INFO - Setting next_dagrun for example_params_trigger_ui to None, run_after=None
[2024-10-03T13:18:21.702+0000] {processor.py:208} INFO - Processing /home/airflow/.local/lib/python3.12/site-packages/airflow/example_dags/example_params_trigger_ui.py took 0.259 seconds
