[2024-10-03T13:10:21.057+0000] {processor.py:186} INFO - Started process (PID=117) to work on /home/airflow/.local/lib/python3.12/site-packages/airflow/example_dags/example_inlet_event_extra.py
[2024-10-03T13:10:21.059+0000] {processor.py:914} INFO - Processing file /home/airflow/.local/lib/python3.12/site-packages/airflow/example_dags/example_inlet_event_extra.py for tasks to queue
[2024-10-03T13:10:21.062+0000] {logging_mixin.py:190} INFO - [2024-10-03T13:10:21.061+0000] {dagbag.py:587} INFO - Filling up the DagBag from /home/airflow/.local/lib/python3.12/site-packages/airflow/example_dags/example_inlet_event_extra.py
[2024-10-03T13:10:21.365+0000] {processor.py:925} INFO - DAG(s) 'read_dataset_event_from_classic', 'read_dataset_event' retrieved from /home/airflow/.local/lib/python3.12/site-packages/airflow/example_dags/example_inlet_event_extra.py
[2024-10-03T13:10:21.404+0000] {logging_mixin.py:190} INFO - [2024-10-03T13:10:21.403+0000] {dag.py:3229} INFO - Sync 2 DAGs
[2024-10-03T13:10:21.452+0000] {logging_mixin.py:190} INFO - [2024-10-03T13:10:21.451+0000] {dag.py:4156} INFO - Setting next_dagrun for read_dataset_event to 2024-10-02 00:00:00+00:00, run_after=2024-10-03 00:00:00+00:00
[2024-10-03T13:10:21.462+0000] {logging_mixin.py:190} INFO - [2024-10-03T13:10:21.461+0000] {dag.py:4156} INFO - Setting next_dagrun for read_dataset_event_from_classic to 2024-10-02 00:00:00+00:00, run_after=2024-10-03 00:00:00+00:00
[2024-10-03T13:10:21.999+0000] {processor.py:208} INFO - Processing /home/airflow/.local/lib/python3.12/site-packages/airflow/example_dags/example_inlet_event_extra.py took 0.953 seconds
[2024-10-03T13:10:52.613+0000] {processor.py:186} INFO - Started process (PID=181) to work on /home/airflow/.local/lib/python3.12/site-packages/airflow/example_dags/example_inlet_event_extra.py
[2024-10-03T13:10:52.642+0000] {processor.py:914} INFO - Processing file /home/airflow/.local/lib/python3.12/site-packages/airflow/example_dags/example_inlet_event_extra.py for tasks to queue
[2024-10-03T13:10:52.645+0000] {logging_mixin.py:190} INFO - [2024-10-03T13:10:52.645+0000] {dagbag.py:587} INFO - Filling up the DagBag from /home/airflow/.local/lib/python3.12/site-packages/airflow/example_dags/example_inlet_event_extra.py
[2024-10-03T13:10:52.861+0000] {processor.py:925} INFO - DAG(s) 'read_dataset_event', 'read_dataset_event_from_classic' retrieved from /home/airflow/.local/lib/python3.12/site-packages/airflow/example_dags/example_inlet_event_extra.py
[2024-10-03T13:10:52.893+0000] {logging_mixin.py:190} INFO - [2024-10-03T13:10:52.892+0000] {dag.py:3229} INFO - Sync 2 DAGs
[2024-10-03T13:10:52.950+0000] {logging_mixin.py:190} INFO - [2024-10-03T13:10:52.949+0000] {dag.py:4156} INFO - Setting next_dagrun for read_dataset_event to 2024-10-02 00:00:00+00:00, run_after=2024-10-03 00:00:00+00:00
[2024-10-03T13:10:52.961+0000] {logging_mixin.py:190} INFO - [2024-10-03T13:10:52.961+0000] {dag.py:4156} INFO - Setting next_dagrun for read_dataset_event_from_classic to 2024-10-02 00:00:00+00:00, run_after=2024-10-03 00:00:00+00:00
[2024-10-03T13:10:53.079+0000] {processor.py:208} INFO - Processing /home/airflow/.local/lib/python3.12/site-packages/airflow/example_dags/example_inlet_event_extra.py took 0.473 seconds
[2024-10-03T13:11:23.378+0000] {processor.py:186} INFO - Started process (PID=243) to work on /home/airflow/.local/lib/python3.12/site-packages/airflow/example_dags/example_inlet_event_extra.py
[2024-10-03T13:11:23.383+0000] {processor.py:914} INFO - Processing file /home/airflow/.local/lib/python3.12/site-packages/airflow/example_dags/example_inlet_event_extra.py for tasks to queue
[2024-10-03T13:11:23.388+0000] {logging_mixin.py:190} INFO - [2024-10-03T13:11:23.388+0000] {dagbag.py:587} INFO - Filling up the DagBag from /home/airflow/.local/lib/python3.12/site-packages/airflow/example_dags/example_inlet_event_extra.py
[2024-10-03T13:11:24.727+0000] {processor.py:925} INFO - DAG(s) 'read_dataset_event', 'read_dataset_event_from_classic' retrieved from /home/airflow/.local/lib/python3.12/site-packages/airflow/example_dags/example_inlet_event_extra.py
[2024-10-03T13:11:24.815+0000] {logging_mixin.py:190} INFO - [2024-10-03T13:11:24.814+0000] {dag.py:3229} INFO - Sync 2 DAGs
[2024-10-03T13:11:24.947+0000] {logging_mixin.py:190} INFO - [2024-10-03T13:11:24.946+0000] {dag.py:4156} INFO - Setting next_dagrun for read_dataset_event to 2024-10-02 00:00:00+00:00, run_after=2024-10-03 00:00:00+00:00
[2024-10-03T13:11:24.965+0000] {logging_mixin.py:190} INFO - [2024-10-03T13:11:24.964+0000] {dag.py:4156} INFO - Setting next_dagrun for read_dataset_event_from_classic to 2024-10-02 00:00:00+00:00, run_after=2024-10-03 00:00:00+00:00
[2024-10-03T13:11:25.048+0000] {processor.py:208} INFO - Processing /home/airflow/.local/lib/python3.12/site-packages/airflow/example_dags/example_inlet_event_extra.py took 1.685 seconds
[2024-10-03T13:12:02.256+0000] {processor.py:186} INFO - Started process (PID=311) to work on /home/airflow/.local/lib/python3.12/site-packages/airflow/example_dags/example_inlet_event_extra.py
[2024-10-03T13:12:02.264+0000] {processor.py:914} INFO - Processing file /home/airflow/.local/lib/python3.12/site-packages/airflow/example_dags/example_inlet_event_extra.py for tasks to queue
[2024-10-03T13:12:02.273+0000] {logging_mixin.py:190} INFO - [2024-10-03T13:12:02.272+0000] {dagbag.py:587} INFO - Filling up the DagBag from /home/airflow/.local/lib/python3.12/site-packages/airflow/example_dags/example_inlet_event_extra.py
[2024-10-03T13:12:02.677+0000] {processor.py:925} INFO - DAG(s) 'read_dataset_event_from_classic', 'read_dataset_event' retrieved from /home/airflow/.local/lib/python3.12/site-packages/airflow/example_dags/example_inlet_event_extra.py
[2024-10-03T13:12:02.772+0000] {logging_mixin.py:190} INFO - [2024-10-03T13:12:02.771+0000] {dag.py:3229} INFO - Sync 2 DAGs
[2024-10-03T13:12:02.855+0000] {logging_mixin.py:190} INFO - [2024-10-03T13:12:02.854+0000] {dag.py:4156} INFO - Setting next_dagrun for read_dataset_event to 2024-10-02 00:00:00+00:00, run_after=2024-10-03 00:00:00+00:00
[2024-10-03T13:12:02.868+0000] {logging_mixin.py:190} INFO - [2024-10-03T13:12:02.868+0000] {dag.py:4156} INFO - Setting next_dagrun for read_dataset_event_from_classic to 2024-10-02 00:00:00+00:00, run_after=2024-10-03 00:00:00+00:00
[2024-10-03T13:12:03.468+0000] {processor.py:208} INFO - Processing /home/airflow/.local/lib/python3.12/site-packages/airflow/example_dags/example_inlet_event_extra.py took 1.233 seconds
[2024-10-03T13:12:34.003+0000] {processor.py:186} INFO - Started process (PID=374) to work on /home/airflow/.local/lib/python3.12/site-packages/airflow/example_dags/example_inlet_event_extra.py
[2024-10-03T13:12:34.005+0000] {processor.py:914} INFO - Processing file /home/airflow/.local/lib/python3.12/site-packages/airflow/example_dags/example_inlet_event_extra.py for tasks to queue
[2024-10-03T13:12:34.009+0000] {logging_mixin.py:190} INFO - [2024-10-03T13:12:34.008+0000] {dagbag.py:587} INFO - Filling up the DagBag from /home/airflow/.local/lib/python3.12/site-packages/airflow/example_dags/example_inlet_event_extra.py
[2024-10-03T13:12:34.475+0000] {processor.py:925} INFO - DAG(s) 'read_dataset_event_from_classic', 'read_dataset_event' retrieved from /home/airflow/.local/lib/python3.12/site-packages/airflow/example_dags/example_inlet_event_extra.py
[2024-10-03T13:12:34.515+0000] {logging_mixin.py:190} INFO - [2024-10-03T13:12:34.515+0000] {dag.py:3229} INFO - Sync 2 DAGs
[2024-10-03T13:12:34.567+0000] {logging_mixin.py:190} INFO - [2024-10-03T13:12:34.567+0000] {dag.py:4156} INFO - Setting next_dagrun for read_dataset_event to 2024-10-02 00:00:00+00:00, run_after=2024-10-03 00:00:00+00:00
[2024-10-03T13:12:34.576+0000] {logging_mixin.py:190} INFO - [2024-10-03T13:12:34.576+0000] {dag.py:4156} INFO - Setting next_dagrun for read_dataset_event_from_classic to 2024-10-02 00:00:00+00:00, run_after=2024-10-03 00:00:00+00:00
[2024-10-03T13:12:34.749+0000] {processor.py:208} INFO - Processing /home/airflow/.local/lib/python3.12/site-packages/airflow/example_dags/example_inlet_event_extra.py took 0.756 seconds
[2024-10-03T13:13:05.579+0000] {processor.py:186} INFO - Started process (PID=437) to work on /home/airflow/.local/lib/python3.12/site-packages/airflow/example_dags/example_inlet_event_extra.py
[2024-10-03T13:13:05.580+0000] {processor.py:914} INFO - Processing file /home/airflow/.local/lib/python3.12/site-packages/airflow/example_dags/example_inlet_event_extra.py for tasks to queue
[2024-10-03T13:13:05.583+0000] {logging_mixin.py:190} INFO - [2024-10-03T13:13:05.582+0000] {dagbag.py:587} INFO - Filling up the DagBag from /home/airflow/.local/lib/python3.12/site-packages/airflow/example_dags/example_inlet_event_extra.py
[2024-10-03T13:13:05.954+0000] {processor.py:925} INFO - DAG(s) 'read_dataset_event_from_classic', 'read_dataset_event' retrieved from /home/airflow/.local/lib/python3.12/site-packages/airflow/example_dags/example_inlet_event_extra.py
[2024-10-03T13:13:06.013+0000] {logging_mixin.py:190} INFO - [2024-10-03T13:13:06.013+0000] {dag.py:3229} INFO - Sync 2 DAGs
[2024-10-03T13:13:06.077+0000] {logging_mixin.py:190} INFO - [2024-10-03T13:13:06.076+0000] {dag.py:4156} INFO - Setting next_dagrun for read_dataset_event to 2024-10-02 00:00:00+00:00, run_after=2024-10-03 00:00:00+00:00
[2024-10-03T13:13:06.088+0000] {logging_mixin.py:190} INFO - [2024-10-03T13:13:06.087+0000] {dag.py:4156} INFO - Setting next_dagrun for read_dataset_event_from_classic to 2024-10-02 00:00:00+00:00, run_after=2024-10-03 00:00:00+00:00
[2024-10-03T13:13:06.409+0000] {processor.py:208} INFO - Processing /home/airflow/.local/lib/python3.12/site-packages/airflow/example_dags/example_inlet_event_extra.py took 0.839 seconds
[2024-10-03T13:13:36.639+0000] {processor.py:186} INFO - Started process (PID=501) to work on /home/airflow/.local/lib/python3.12/site-packages/airflow/example_dags/example_inlet_event_extra.py
[2024-10-03T13:13:36.641+0000] {processor.py:914} INFO - Processing file /home/airflow/.local/lib/python3.12/site-packages/airflow/example_dags/example_inlet_event_extra.py for tasks to queue
[2024-10-03T13:13:36.645+0000] {logging_mixin.py:190} INFO - [2024-10-03T13:13:36.645+0000] {dagbag.py:587} INFO - Filling up the DagBag from /home/airflow/.local/lib/python3.12/site-packages/airflow/example_dags/example_inlet_event_extra.py
[2024-10-03T13:13:36.862+0000] {processor.py:925} INFO - DAG(s) 'read_dataset_event_from_classic', 'read_dataset_event' retrieved from /home/airflow/.local/lib/python3.12/site-packages/airflow/example_dags/example_inlet_event_extra.py
[2024-10-03T13:13:36.902+0000] {logging_mixin.py:190} INFO - [2024-10-03T13:13:36.902+0000] {dag.py:3229} INFO - Sync 2 DAGs
[2024-10-03T13:13:36.950+0000] {logging_mixin.py:190} INFO - [2024-10-03T13:13:36.949+0000] {dag.py:4156} INFO - Setting next_dagrun for read_dataset_event to 2024-10-02 00:00:00+00:00, run_after=2024-10-03 00:00:00+00:00
[2024-10-03T13:13:36.960+0000] {logging_mixin.py:190} INFO - [2024-10-03T13:13:36.960+0000] {dag.py:4156} INFO - Setting next_dagrun for read_dataset_event_from_classic to 2024-10-02 00:00:00+00:00, run_after=2024-10-03 00:00:00+00:00
[2024-10-03T13:13:37.132+0000] {processor.py:208} INFO - Processing /home/airflow/.local/lib/python3.12/site-packages/airflow/example_dags/example_inlet_event_extra.py took 0.505 seconds
[2024-10-03T13:14:08.866+0000] {processor.py:186} INFO - Started process (PID=564) to work on /home/airflow/.local/lib/python3.12/site-packages/airflow/example_dags/example_inlet_event_extra.py
[2024-10-03T13:14:08.868+0000] {processor.py:914} INFO - Processing file /home/airflow/.local/lib/python3.12/site-packages/airflow/example_dags/example_inlet_event_extra.py for tasks to queue
[2024-10-03T13:14:08.872+0000] {logging_mixin.py:190} INFO - [2024-10-03T13:14:08.871+0000] {dagbag.py:587} INFO - Filling up the DagBag from /home/airflow/.local/lib/python3.12/site-packages/airflow/example_dags/example_inlet_event_extra.py
[2024-10-03T13:14:09.222+0000] {processor.py:925} INFO - DAG(s) 'read_dataset_event', 'read_dataset_event_from_classic' retrieved from /home/airflow/.local/lib/python3.12/site-packages/airflow/example_dags/example_inlet_event_extra.py
[2024-10-03T13:14:09.260+0000] {logging_mixin.py:190} INFO - [2024-10-03T13:14:09.260+0000] {dag.py:3229} INFO - Sync 2 DAGs
[2024-10-03T13:14:09.306+0000] {logging_mixin.py:190} INFO - [2024-10-03T13:14:09.306+0000] {dag.py:4156} INFO - Setting next_dagrun for read_dataset_event to 2024-10-02 00:00:00+00:00, run_after=2024-10-03 00:00:00+00:00
[2024-10-03T13:14:09.318+0000] {logging_mixin.py:190} INFO - [2024-10-03T13:14:09.318+0000] {dag.py:4156} INFO - Setting next_dagrun for read_dataset_event_from_classic to 2024-10-02 00:00:00+00:00, run_after=2024-10-03 00:00:00+00:00
[2024-10-03T13:14:09.722+0000] {processor.py:208} INFO - Processing /home/airflow/.local/lib/python3.12/site-packages/airflow/example_dags/example_inlet_event_extra.py took 0.874 seconds
[2024-10-03T13:14:42.827+0000] {processor.py:186} INFO - Started process (PID=626) to work on /home/airflow/.local/lib/python3.12/site-packages/airflow/example_dags/example_inlet_event_extra.py
[2024-10-03T13:14:42.829+0000] {processor.py:914} INFO - Processing file /home/airflow/.local/lib/python3.12/site-packages/airflow/example_dags/example_inlet_event_extra.py for tasks to queue
[2024-10-03T13:14:42.834+0000] {logging_mixin.py:190} INFO - [2024-10-03T13:14:42.833+0000] {dagbag.py:587} INFO - Filling up the DagBag from /home/airflow/.local/lib/python3.12/site-packages/airflow/example_dags/example_inlet_event_extra.py
[2024-10-03T13:14:43.113+0000] {processor.py:925} INFO - DAG(s) 'read_dataset_event', 'read_dataset_event_from_classic' retrieved from /home/airflow/.local/lib/python3.12/site-packages/airflow/example_dags/example_inlet_event_extra.py
[2024-10-03T13:14:43.154+0000] {logging_mixin.py:190} INFO - [2024-10-03T13:14:43.153+0000] {dag.py:3229} INFO - Sync 2 DAGs
[2024-10-03T13:14:43.199+0000] {logging_mixin.py:190} INFO - [2024-10-03T13:14:43.199+0000] {dag.py:4156} INFO - Setting next_dagrun for read_dataset_event to 2024-10-02 00:00:00+00:00, run_after=2024-10-03 00:00:00+00:00
[2024-10-03T13:14:43.211+0000] {logging_mixin.py:190} INFO - [2024-10-03T13:14:43.210+0000] {dag.py:4156} INFO - Setting next_dagrun for read_dataset_event_from_classic to 2024-10-02 00:00:00+00:00, run_after=2024-10-03 00:00:00+00:00
[2024-10-03T13:14:43.397+0000] {processor.py:208} INFO - Processing /home/airflow/.local/lib/python3.12/site-packages/airflow/example_dags/example_inlet_event_extra.py took 0.582 seconds
[2024-10-03T13:15:14.364+0000] {processor.py:186} INFO - Started process (PID=689) to work on /home/airflow/.local/lib/python3.12/site-packages/airflow/example_dags/example_inlet_event_extra.py
[2024-10-03T13:15:14.366+0000] {processor.py:914} INFO - Processing file /home/airflow/.local/lib/python3.12/site-packages/airflow/example_dags/example_inlet_event_extra.py for tasks to queue
[2024-10-03T13:15:14.369+0000] {logging_mixin.py:190} INFO - [2024-10-03T13:15:14.369+0000] {dagbag.py:587} INFO - Filling up the DagBag from /home/airflow/.local/lib/python3.12/site-packages/airflow/example_dags/example_inlet_event_extra.py
[2024-10-03T13:15:14.647+0000] {processor.py:925} INFO - DAG(s) 'read_dataset_event_from_classic', 'read_dataset_event' retrieved from /home/airflow/.local/lib/python3.12/site-packages/airflow/example_dags/example_inlet_event_extra.py
[2024-10-03T13:15:14.696+0000] {logging_mixin.py:190} INFO - [2024-10-03T13:15:14.695+0000] {dag.py:3229} INFO - Sync 2 DAGs
[2024-10-03T13:15:14.755+0000] {logging_mixin.py:190} INFO - [2024-10-03T13:15:14.755+0000] {dag.py:4156} INFO - Setting next_dagrun for read_dataset_event to 2024-10-02 00:00:00+00:00, run_after=2024-10-03 00:00:00+00:00
[2024-10-03T13:15:14.767+0000] {logging_mixin.py:190} INFO - [2024-10-03T13:15:14.767+0000] {dag.py:4156} INFO - Setting next_dagrun for read_dataset_event_from_classic to 2024-10-02 00:00:00+00:00, run_after=2024-10-03 00:00:00+00:00
[2024-10-03T13:15:14.867+0000] {processor.py:208} INFO - Processing /home/airflow/.local/lib/python3.12/site-packages/airflow/example_dags/example_inlet_event_extra.py took 0.511 seconds
[2024-10-03T13:15:45.233+0000] {processor.py:186} INFO - Started process (PID=752) to work on /home/airflow/.local/lib/python3.12/site-packages/airflow/example_dags/example_inlet_event_extra.py
[2024-10-03T13:15:45.235+0000] {processor.py:914} INFO - Processing file /home/airflow/.local/lib/python3.12/site-packages/airflow/example_dags/example_inlet_event_extra.py for tasks to queue
[2024-10-03T13:15:45.239+0000] {logging_mixin.py:190} INFO - [2024-10-03T13:15:45.238+0000] {dagbag.py:587} INFO - Filling up the DagBag from /home/airflow/.local/lib/python3.12/site-packages/airflow/example_dags/example_inlet_event_extra.py
[2024-10-03T13:15:45.491+0000] {processor.py:925} INFO - DAG(s) 'read_dataset_event_from_classic', 'read_dataset_event' retrieved from /home/airflow/.local/lib/python3.12/site-packages/airflow/example_dags/example_inlet_event_extra.py
[2024-10-03T13:15:45.521+0000] {logging_mixin.py:190} INFO - [2024-10-03T13:15:45.521+0000] {dag.py:3229} INFO - Sync 2 DAGs
[2024-10-03T13:15:45.565+0000] {logging_mixin.py:190} INFO - [2024-10-03T13:15:45.564+0000] {dag.py:4156} INFO - Setting next_dagrun for read_dataset_event to 2024-10-02 00:00:00+00:00, run_after=2024-10-03 00:00:00+00:00
[2024-10-03T13:15:45.573+0000] {logging_mixin.py:190} INFO - [2024-10-03T13:15:45.573+0000] {dag.py:4156} INFO - Setting next_dagrun for read_dataset_event_from_classic to 2024-10-02 00:00:00+00:00, run_after=2024-10-03 00:00:00+00:00
[2024-10-03T13:15:45.697+0000] {processor.py:208} INFO - Processing /home/airflow/.local/lib/python3.12/site-packages/airflow/example_dags/example_inlet_event_extra.py took 0.474 seconds
[2024-10-03T13:16:16.032+0000] {processor.py:186} INFO - Started process (PID=816) to work on /home/airflow/.local/lib/python3.12/site-packages/airflow/example_dags/example_inlet_event_extra.py
[2024-10-03T13:16:16.034+0000] {processor.py:914} INFO - Processing file /home/airflow/.local/lib/python3.12/site-packages/airflow/example_dags/example_inlet_event_extra.py for tasks to queue
[2024-10-03T13:16:16.037+0000] {logging_mixin.py:190} INFO - [2024-10-03T13:16:16.037+0000] {dagbag.py:587} INFO - Filling up the DagBag from /home/airflow/.local/lib/python3.12/site-packages/airflow/example_dags/example_inlet_event_extra.py
[2024-10-03T13:16:16.413+0000] {processor.py:925} INFO - DAG(s) 'read_dataset_event', 'read_dataset_event_from_classic' retrieved from /home/airflow/.local/lib/python3.12/site-packages/airflow/example_dags/example_inlet_event_extra.py
[2024-10-03T13:16:16.454+0000] {logging_mixin.py:190} INFO - [2024-10-03T13:16:16.453+0000] {dag.py:3229} INFO - Sync 2 DAGs
[2024-10-03T13:16:16.537+0000] {logging_mixin.py:190} INFO - [2024-10-03T13:16:16.537+0000] {dag.py:4156} INFO - Setting next_dagrun for read_dataset_event to 2024-10-02 00:00:00+00:00, run_after=2024-10-03 00:00:00+00:00
[2024-10-03T13:16:16.554+0000] {logging_mixin.py:190} INFO - [2024-10-03T13:16:16.553+0000] {dag.py:4156} INFO - Setting next_dagrun for read_dataset_event_from_classic to 2024-10-02 00:00:00+00:00, run_after=2024-10-03 00:00:00+00:00
[2024-10-03T13:16:16.630+0000] {processor.py:208} INFO - Processing /home/airflow/.local/lib/python3.12/site-packages/airflow/example_dags/example_inlet_event_extra.py took 0.610 seconds
[2024-10-03T13:16:47.247+0000] {processor.py:186} INFO - Started process (PID=880) to work on /home/airflow/.local/lib/python3.12/site-packages/airflow/example_dags/example_inlet_event_extra.py
[2024-10-03T13:16:47.248+0000] {processor.py:914} INFO - Processing file /home/airflow/.local/lib/python3.12/site-packages/airflow/example_dags/example_inlet_event_extra.py for tasks to queue
[2024-10-03T13:16:47.251+0000] {logging_mixin.py:190} INFO - [2024-10-03T13:16:47.250+0000] {dagbag.py:587} INFO - Filling up the DagBag from /home/airflow/.local/lib/python3.12/site-packages/airflow/example_dags/example_inlet_event_extra.py
[2024-10-03T13:16:47.442+0000] {processor.py:925} INFO - DAG(s) 'read_dataset_event', 'read_dataset_event_from_classic' retrieved from /home/airflow/.local/lib/python3.12/site-packages/airflow/example_dags/example_inlet_event_extra.py
[2024-10-03T13:16:47.467+0000] {logging_mixin.py:190} INFO - [2024-10-03T13:16:47.467+0000] {dag.py:3229} INFO - Sync 2 DAGs
[2024-10-03T13:16:47.508+0000] {logging_mixin.py:190} INFO - [2024-10-03T13:16:47.508+0000] {dag.py:4156} INFO - Setting next_dagrun for read_dataset_event to 2024-10-02 00:00:00+00:00, run_after=2024-10-03 00:00:00+00:00
[2024-10-03T13:16:47.516+0000] {logging_mixin.py:190} INFO - [2024-10-03T13:16:47.515+0000] {dag.py:4156} INFO - Setting next_dagrun for read_dataset_event_from_classic to 2024-10-02 00:00:00+00:00, run_after=2024-10-03 00:00:00+00:00
[2024-10-03T13:16:47.585+0000] {processor.py:208} INFO - Processing /home/airflow/.local/lib/python3.12/site-packages/airflow/example_dags/example_inlet_event_extra.py took 0.348 seconds
[2024-10-03T13:17:18.059+0000] {processor.py:186} INFO - Started process (PID=943) to work on /home/airflow/.local/lib/python3.12/site-packages/airflow/example_dags/example_inlet_event_extra.py
[2024-10-03T13:17:18.061+0000] {processor.py:914} INFO - Processing file /home/airflow/.local/lib/python3.12/site-packages/airflow/example_dags/example_inlet_event_extra.py for tasks to queue
[2024-10-03T13:17:18.071+0000] {logging_mixin.py:190} INFO - [2024-10-03T13:17:18.070+0000] {dagbag.py:587} INFO - Filling up the DagBag from /home/airflow/.local/lib/python3.12/site-packages/airflow/example_dags/example_inlet_event_extra.py
[2024-10-03T13:17:18.564+0000] {processor.py:925} INFO - DAG(s) 'read_dataset_event', 'read_dataset_event_from_classic' retrieved from /home/airflow/.local/lib/python3.12/site-packages/airflow/example_dags/example_inlet_event_extra.py
[2024-10-03T13:17:18.607+0000] {logging_mixin.py:190} INFO - [2024-10-03T13:17:18.607+0000] {dag.py:3229} INFO - Sync 2 DAGs
[2024-10-03T13:17:18.656+0000] {logging_mixin.py:190} INFO - [2024-10-03T13:17:18.656+0000] {dag.py:4156} INFO - Setting next_dagrun for read_dataset_event to 2024-10-02 00:00:00+00:00, run_after=2024-10-03 00:00:00+00:00
[2024-10-03T13:17:18.670+0000] {logging_mixin.py:190} INFO - [2024-10-03T13:17:18.670+0000] {dag.py:4156} INFO - Setting next_dagrun for read_dataset_event_from_classic to 2024-10-02 00:00:00+00:00, run_after=2024-10-03 00:00:00+00:00
[2024-10-03T13:17:18.886+0000] {processor.py:208} INFO - Processing /home/airflow/.local/lib/python3.12/site-packages/airflow/example_dags/example_inlet_event_extra.py took 0.849 seconds
[2024-10-03T13:17:49.584+0000] {processor.py:186} INFO - Started process (PID=1006) to work on /home/airflow/.local/lib/python3.12/site-packages/airflow/example_dags/example_inlet_event_extra.py
[2024-10-03T13:17:49.585+0000] {processor.py:914} INFO - Processing file /home/airflow/.local/lib/python3.12/site-packages/airflow/example_dags/example_inlet_event_extra.py for tasks to queue
[2024-10-03T13:17:49.588+0000] {logging_mixin.py:190} INFO - [2024-10-03T13:17:49.588+0000] {dagbag.py:587} INFO - Filling up the DagBag from /home/airflow/.local/lib/python3.12/site-packages/airflow/example_dags/example_inlet_event_extra.py
[2024-10-03T13:17:49.767+0000] {processor.py:925} INFO - DAG(s) 'read_dataset_event_from_classic', 'read_dataset_event' retrieved from /home/airflow/.local/lib/python3.12/site-packages/airflow/example_dags/example_inlet_event_extra.py
[2024-10-03T13:17:49.792+0000] {logging_mixin.py:190} INFO - [2024-10-03T13:17:49.791+0000] {dag.py:3229} INFO - Sync 2 DAGs
[2024-10-03T13:17:49.822+0000] {logging_mixin.py:190} INFO - [2024-10-03T13:17:49.821+0000] {dag.py:4156} INFO - Setting next_dagrun for read_dataset_event to 2024-10-02 00:00:00+00:00, run_after=2024-10-03 00:00:00+00:00
[2024-10-03T13:17:49.828+0000] {logging_mixin.py:190} INFO - [2024-10-03T13:17:49.828+0000] {dag.py:4156} INFO - Setting next_dagrun for read_dataset_event_from_classic to 2024-10-02 00:00:00+00:00, run_after=2024-10-03 00:00:00+00:00
[2024-10-03T13:17:50.659+0000] {processor.py:208} INFO - Processing /home/airflow/.local/lib/python3.12/site-packages/airflow/example_dags/example_inlet_event_extra.py took 1.083 seconds
[2024-10-03T13:18:21.453+0000] {processor.py:186} INFO - Started process (PID=1069) to work on /home/airflow/.local/lib/python3.12/site-packages/airflow/example_dags/example_inlet_event_extra.py
[2024-10-03T13:18:21.455+0000] {processor.py:914} INFO - Processing file /home/airflow/.local/lib/python3.12/site-packages/airflow/example_dags/example_inlet_event_extra.py for tasks to queue
[2024-10-03T13:18:21.459+0000] {logging_mixin.py:190} INFO - [2024-10-03T13:18:21.458+0000] {dagbag.py:587} INFO - Filling up the DagBag from /home/airflow/.local/lib/python3.12/site-packages/airflow/example_dags/example_inlet_event_extra.py
[2024-10-03T13:18:21.729+0000] {processor.py:925} INFO - DAG(s) 'read_dataset_event', 'read_dataset_event_from_classic' retrieved from /home/airflow/.local/lib/python3.12/site-packages/airflow/example_dags/example_inlet_event_extra.py
[2024-10-03T13:18:21.764+0000] {logging_mixin.py:190} INFO - [2024-10-03T13:18:21.763+0000] {dag.py:3229} INFO - Sync 2 DAGs
[2024-10-03T13:18:21.819+0000] {logging_mixin.py:190} INFO - [2024-10-03T13:18:21.819+0000] {dag.py:4156} INFO - Setting next_dagrun for read_dataset_event to 2024-10-02 00:00:00+00:00, run_after=2024-10-03 00:00:00+00:00
[2024-10-03T13:18:21.831+0000] {logging_mixin.py:190} INFO - [2024-10-03T13:18:21.831+0000] {dag.py:4156} INFO - Setting next_dagrun for read_dataset_event_from_classic to 2024-10-02 00:00:00+00:00, run_after=2024-10-03 00:00:00+00:00
[2024-10-03T13:18:21.872+0000] {processor.py:208} INFO - Processing /home/airflow/.local/lib/python3.12/site-packages/airflow/example_dags/example_inlet_event_extra.py took 0.430 seconds
