[2024-10-03T13:10:19.338+0000] {processor.py:186} INFO - Started process (PID=111) to work on /home/airflow/.local/lib/python3.12/site-packages/airflow/example_dags/example_branch_datetime_operator.py
[2024-10-03T13:10:19.342+0000] {processor.py:914} INFO - Processing file /home/airflow/.local/lib/python3.12/site-packages/airflow/example_dags/example_branch_datetime_operator.py for tasks to queue
[2024-10-03T13:10:19.347+0000] {logging_mixin.py:190} INFO - [2024-10-03T13:10:19.346+0000] {dagbag.py:587} INFO - Filling up the DagBag from /home/airflow/.local/lib/python3.12/site-packages/airflow/example_dags/example_branch_datetime_operator.py
[2024-10-03T13:10:19.363+0000] {processor.py:925} INFO - DAG(s) 'example_branch_datetime_operator_3', 'example_branch_datetime_operator_2', 'example_branch_datetime_operator' retrieved from /home/airflow/.local/lib/python3.12/site-packages/airflow/example_dags/example_branch_datetime_operator.py
[2024-10-03T13:10:19.405+0000] {logging_mixin.py:190} INFO - [2024-10-03T13:10:19.405+0000] {dag.py:3229} INFO - Sync 3 DAGs
[2024-10-03T13:10:19.443+0000] {logging_mixin.py:190} INFO - [2024-10-03T13:10:19.443+0000] {dag.py:4156} INFO - Setting next_dagrun for example_branch_datetime_operator to 2024-10-02 00:00:00+00:00, run_after=2024-10-03 00:00:00+00:00
[2024-10-03T13:10:19.458+0000] {logging_mixin.py:190} INFO - [2024-10-03T13:10:19.458+0000] {dag.py:4156} INFO - Setting next_dagrun for example_branch_datetime_operator_2 to 2024-10-02 00:00:00+00:00, run_after=2024-10-03 00:00:00+00:00
[2024-10-03T13:10:19.462+0000] {logging_mixin.py:190} INFO - [2024-10-03T13:10:19.462+0000] {dag.py:4156} INFO - Setting next_dagrun for example_branch_datetime_operator_3 to 2024-10-02 00:00:00+00:00, run_after=2024-10-03 00:00:00+00:00
[2024-10-03T13:10:19.596+0000] {processor.py:208} INFO - Processing /home/airflow/.local/lib/python3.12/site-packages/airflow/example_dags/example_branch_datetime_operator.py took 0.266 seconds
[2024-10-03T13:10:50.144+0000] {processor.py:186} INFO - Started process (PID=174) to work on /home/airflow/.local/lib/python3.12/site-packages/airflow/example_dags/example_branch_datetime_operator.py
[2024-10-03T13:10:50.146+0000] {processor.py:914} INFO - Processing file /home/airflow/.local/lib/python3.12/site-packages/airflow/example_dags/example_branch_datetime_operator.py for tasks to queue
[2024-10-03T13:10:50.150+0000] {logging_mixin.py:190} INFO - [2024-10-03T13:10:50.149+0000] {dagbag.py:587} INFO - Filling up the DagBag from /home/airflow/.local/lib/python3.12/site-packages/airflow/example_dags/example_branch_datetime_operator.py
[2024-10-03T13:10:50.170+0000] {processor.py:925} INFO - DAG(s) 'example_branch_datetime_operator_2', 'example_branch_datetime_operator_3', 'example_branch_datetime_operator' retrieved from /home/airflow/.local/lib/python3.12/site-packages/airflow/example_dags/example_branch_datetime_operator.py
[2024-10-03T13:10:50.225+0000] {logging_mixin.py:190} INFO - [2024-10-03T13:10:50.224+0000] {dag.py:3229} INFO - Sync 3 DAGs
[2024-10-03T13:10:50.274+0000] {logging_mixin.py:190} INFO - [2024-10-03T13:10:50.272+0000] {dag.py:4156} INFO - Setting next_dagrun for example_branch_datetime_operator to 2024-10-02 00:00:00+00:00, run_after=2024-10-03 00:00:00+00:00
[2024-10-03T13:10:50.282+0000] {logging_mixin.py:190} INFO - [2024-10-03T13:10:50.282+0000] {dag.py:4156} INFO - Setting next_dagrun for example_branch_datetime_operator_2 to 2024-10-02 00:00:00+00:00, run_after=2024-10-03 00:00:00+00:00
[2024-10-03T13:10:50.287+0000] {logging_mixin.py:190} INFO - [2024-10-03T13:10:50.286+0000] {dag.py:4156} INFO - Setting next_dagrun for example_branch_datetime_operator_3 to 2024-10-02 00:00:00+00:00, run_after=2024-10-03 00:00:00+00:00
[2024-10-03T13:10:50.363+0000] {processor.py:208} INFO - Processing /home/airflow/.local/lib/python3.12/site-packages/airflow/example_dags/example_branch_datetime_operator.py took 0.231 seconds
[2024-10-03T13:11:20.565+0000] {processor.py:186} INFO - Started process (PID=237) to work on /home/airflow/.local/lib/python3.12/site-packages/airflow/example_dags/example_branch_datetime_operator.py
[2024-10-03T13:11:20.567+0000] {processor.py:914} INFO - Processing file /home/airflow/.local/lib/python3.12/site-packages/airflow/example_dags/example_branch_datetime_operator.py for tasks to queue
[2024-10-03T13:11:20.570+0000] {logging_mixin.py:190} INFO - [2024-10-03T13:11:20.570+0000] {dagbag.py:587} INFO - Filling up the DagBag from /home/airflow/.local/lib/python3.12/site-packages/airflow/example_dags/example_branch_datetime_operator.py
[2024-10-03T13:11:20.593+0000] {processor.py:925} INFO - DAG(s) 'example_branch_datetime_operator_2', 'example_branch_datetime_operator', 'example_branch_datetime_operator_3' retrieved from /home/airflow/.local/lib/python3.12/site-packages/airflow/example_dags/example_branch_datetime_operator.py
[2024-10-03T13:11:20.638+0000] {logging_mixin.py:190} INFO - [2024-10-03T13:11:20.638+0000] {dag.py:3229} INFO - Sync 3 DAGs
[2024-10-03T13:11:20.685+0000] {logging_mixin.py:190} INFO - [2024-10-03T13:11:20.684+0000] {dag.py:4156} INFO - Setting next_dagrun for example_branch_datetime_operator to 2024-10-02 00:00:00+00:00, run_after=2024-10-03 00:00:00+00:00
[2024-10-03T13:11:20.694+0000] {logging_mixin.py:190} INFO - [2024-10-03T13:11:20.694+0000] {dag.py:4156} INFO - Setting next_dagrun for example_branch_datetime_operator_2 to 2024-10-02 00:00:00+00:00, run_after=2024-10-03 00:00:00+00:00
[2024-10-03T13:11:20.699+0000] {logging_mixin.py:190} INFO - [2024-10-03T13:11:20.699+0000] {dag.py:4156} INFO - Setting next_dagrun for example_branch_datetime_operator_3 to 2024-10-02 00:00:00+00:00, run_after=2024-10-03 00:00:00+00:00
[2024-10-03T13:11:20.833+0000] {processor.py:208} INFO - Processing /home/airflow/.local/lib/python3.12/site-packages/airflow/example_dags/example_branch_datetime_operator.py took 0.278 seconds
[2024-10-03T13:11:59.390+0000] {processor.py:186} INFO - Started process (PID=300) to work on /home/airflow/.local/lib/python3.12/site-packages/airflow/example_dags/example_branch_datetime_operator.py
[2024-10-03T13:11:59.393+0000] {processor.py:914} INFO - Processing file /home/airflow/.local/lib/python3.12/site-packages/airflow/example_dags/example_branch_datetime_operator.py for tasks to queue
[2024-10-03T13:11:59.400+0000] {logging_mixin.py:190} INFO - [2024-10-03T13:11:59.399+0000] {dagbag.py:587} INFO - Filling up the DagBag from /home/airflow/.local/lib/python3.12/site-packages/airflow/example_dags/example_branch_datetime_operator.py
[2024-10-03T13:11:59.439+0000] {processor.py:925} INFO - DAG(s) 'example_branch_datetime_operator', 'example_branch_datetime_operator_2', 'example_branch_datetime_operator_3' retrieved from /home/airflow/.local/lib/python3.12/site-packages/airflow/example_dags/example_branch_datetime_operator.py
[2024-10-03T13:11:59.555+0000] {logging_mixin.py:190} INFO - [2024-10-03T13:11:59.542+0000] {dag.py:3229} INFO - Sync 3 DAGs
[2024-10-03T13:11:59.737+0000] {logging_mixin.py:190} INFO - [2024-10-03T13:11:59.736+0000] {dag.py:4156} INFO - Setting next_dagrun for example_branch_datetime_operator to 2024-10-02 00:00:00+00:00, run_after=2024-10-03 00:00:00+00:00
[2024-10-03T13:11:59.757+0000] {logging_mixin.py:190} INFO - [2024-10-03T13:11:59.757+0000] {dag.py:4156} INFO - Setting next_dagrun for example_branch_datetime_operator_2 to 2024-10-02 00:00:00+00:00, run_after=2024-10-03 00:00:00+00:00
[2024-10-03T13:11:59.764+0000] {logging_mixin.py:190} INFO - [2024-10-03T13:11:59.764+0000] {dag.py:4156} INFO - Setting next_dagrun for example_branch_datetime_operator_3 to 2024-10-02 00:00:00+00:00, run_after=2024-10-03 00:00:00+00:00
[2024-10-03T13:11:59.964+0000] {processor.py:208} INFO - Processing /home/airflow/.local/lib/python3.12/site-packages/airflow/example_dags/example_branch_datetime_operator.py took 0.592 seconds
[2024-10-03T13:12:30.175+0000] {processor.py:186} INFO - Started process (PID=368) to work on /home/airflow/.local/lib/python3.12/site-packages/airflow/example_dags/example_branch_datetime_operator.py
[2024-10-03T13:12:30.177+0000] {processor.py:914} INFO - Processing file /home/airflow/.local/lib/python3.12/site-packages/airflow/example_dags/example_branch_datetime_operator.py for tasks to queue
[2024-10-03T13:12:30.180+0000] {logging_mixin.py:190} INFO - [2024-10-03T13:12:30.180+0000] {dagbag.py:587} INFO - Filling up the DagBag from /home/airflow/.local/lib/python3.12/site-packages/airflow/example_dags/example_branch_datetime_operator.py
[2024-10-03T13:12:30.197+0000] {processor.py:925} INFO - DAG(s) 'example_branch_datetime_operator_2', 'example_branch_datetime_operator_3', 'example_branch_datetime_operator' retrieved from /home/airflow/.local/lib/python3.12/site-packages/airflow/example_dags/example_branch_datetime_operator.py
[2024-10-03T13:12:30.240+0000] {logging_mixin.py:190} INFO - [2024-10-03T13:12:30.239+0000] {dag.py:3229} INFO - Sync 3 DAGs
[2024-10-03T13:12:30.283+0000] {logging_mixin.py:190} INFO - [2024-10-03T13:12:30.283+0000] {dag.py:4156} INFO - Setting next_dagrun for example_branch_datetime_operator to 2024-10-02 00:00:00+00:00, run_after=2024-10-03 00:00:00+00:00
[2024-10-03T13:12:30.291+0000] {logging_mixin.py:190} INFO - [2024-10-03T13:12:30.290+0000] {dag.py:4156} INFO - Setting next_dagrun for example_branch_datetime_operator_2 to 2024-10-02 00:00:00+00:00, run_after=2024-10-03 00:00:00+00:00
[2024-10-03T13:12:30.294+0000] {logging_mixin.py:190} INFO - [2024-10-03T13:12:30.294+0000] {dag.py:4156} INFO - Setting next_dagrun for example_branch_datetime_operator_3 to 2024-10-02 00:00:00+00:00, run_after=2024-10-03 00:00:00+00:00
[2024-10-03T13:12:30.563+0000] {processor.py:208} INFO - Processing /home/airflow/.local/lib/python3.12/site-packages/airflow/example_dags/example_branch_datetime_operator.py took 0.396 seconds
[2024-10-03T13:13:02.441+0000] {processor.py:186} INFO - Started process (PID=431) to work on /home/airflow/.local/lib/python3.12/site-packages/airflow/example_dags/example_branch_datetime_operator.py
[2024-10-03T13:13:02.442+0000] {processor.py:914} INFO - Processing file /home/airflow/.local/lib/python3.12/site-packages/airflow/example_dags/example_branch_datetime_operator.py for tasks to queue
[2024-10-03T13:13:02.447+0000] {logging_mixin.py:190} INFO - [2024-10-03T13:13:02.446+0000] {dagbag.py:587} INFO - Filling up the DagBag from /home/airflow/.local/lib/python3.12/site-packages/airflow/example_dags/example_branch_datetime_operator.py
[2024-10-03T13:13:02.471+0000] {processor.py:925} INFO - DAG(s) 'example_branch_datetime_operator_2', 'example_branch_datetime_operator', 'example_branch_datetime_operator_3' retrieved from /home/airflow/.local/lib/python3.12/site-packages/airflow/example_dags/example_branch_datetime_operator.py
[2024-10-03T13:13:02.513+0000] {logging_mixin.py:190} INFO - [2024-10-03T13:13:02.512+0000] {dag.py:3229} INFO - Sync 3 DAGs
[2024-10-03T13:13:02.562+0000] {logging_mixin.py:190} INFO - [2024-10-03T13:13:02.561+0000] {dag.py:4156} INFO - Setting next_dagrun for example_branch_datetime_operator to 2024-10-02 00:00:00+00:00, run_after=2024-10-03 00:00:00+00:00
[2024-10-03T13:13:02.572+0000] {logging_mixin.py:190} INFO - [2024-10-03T13:13:02.572+0000] {dag.py:4156} INFO - Setting next_dagrun for example_branch_datetime_operator_2 to 2024-10-02 00:00:00+00:00, run_after=2024-10-03 00:00:00+00:00
[2024-10-03T13:13:02.578+0000] {logging_mixin.py:190} INFO - [2024-10-03T13:13:02.578+0000] {dag.py:4156} INFO - Setting next_dagrun for example_branch_datetime_operator_3 to 2024-10-02 00:00:00+00:00, run_after=2024-10-03 00:00:00+00:00
[2024-10-03T13:13:03.684+0000] {processor.py:208} INFO - Processing /home/airflow/.local/lib/python3.12/site-packages/airflow/example_dags/example_branch_datetime_operator.py took 1.252 seconds
[2024-10-03T13:13:34.763+0000] {processor.py:186} INFO - Started process (PID=494) to work on /home/airflow/.local/lib/python3.12/site-packages/airflow/example_dags/example_branch_datetime_operator.py
[2024-10-03T13:13:34.764+0000] {processor.py:914} INFO - Processing file /home/airflow/.local/lib/python3.12/site-packages/airflow/example_dags/example_branch_datetime_operator.py for tasks to queue
[2024-10-03T13:13:34.769+0000] {logging_mixin.py:190} INFO - [2024-10-03T13:13:34.768+0000] {dagbag.py:587} INFO - Filling up the DagBag from /home/airflow/.local/lib/python3.12/site-packages/airflow/example_dags/example_branch_datetime_operator.py
[2024-10-03T13:13:34.785+0000] {processor.py:925} INFO - DAG(s) 'example_branch_datetime_operator_3', 'example_branch_datetime_operator_2', 'example_branch_datetime_operator' retrieved from /home/airflow/.local/lib/python3.12/site-packages/airflow/example_dags/example_branch_datetime_operator.py
[2024-10-03T13:13:34.824+0000] {logging_mixin.py:190} INFO - [2024-10-03T13:13:34.822+0000] {dag.py:3229} INFO - Sync 3 DAGs
[2024-10-03T13:13:34.873+0000] {logging_mixin.py:190} INFO - [2024-10-03T13:13:34.873+0000] {dag.py:4156} INFO - Setting next_dagrun for example_branch_datetime_operator to 2024-10-02 00:00:00+00:00, run_after=2024-10-03 00:00:00+00:00
[2024-10-03T13:13:34.880+0000] {logging_mixin.py:190} INFO - [2024-10-03T13:13:34.880+0000] {dag.py:4156} INFO - Setting next_dagrun for example_branch_datetime_operator_2 to 2024-10-02 00:00:00+00:00, run_after=2024-10-03 00:00:00+00:00
[2024-10-03T13:13:34.884+0000] {logging_mixin.py:190} INFO - [2024-10-03T13:13:34.884+0000] {dag.py:4156} INFO - Setting next_dagrun for example_branch_datetime_operator_3 to 2024-10-02 00:00:00+00:00, run_after=2024-10-03 00:00:00+00:00
[2024-10-03T13:13:35.205+0000] {processor.py:208} INFO - Processing /home/airflow/.local/lib/python3.12/site-packages/airflow/example_dags/example_branch_datetime_operator.py took 0.455 seconds
[2024-10-03T13:14:06.205+0000] {processor.py:186} INFO - Started process (PID=557) to work on /home/airflow/.local/lib/python3.12/site-packages/airflow/example_dags/example_branch_datetime_operator.py
[2024-10-03T13:14:06.253+0000] {processor.py:914} INFO - Processing file /home/airflow/.local/lib/python3.12/site-packages/airflow/example_dags/example_branch_datetime_operator.py for tasks to queue
[2024-10-03T13:14:06.275+0000] {logging_mixin.py:190} INFO - [2024-10-03T13:14:06.265+0000] {dagbag.py:587} INFO - Filling up the DagBag from /home/airflow/.local/lib/python3.12/site-packages/airflow/example_dags/example_branch_datetime_operator.py
[2024-10-03T13:14:06.363+0000] {processor.py:925} INFO - DAG(s) 'example_branch_datetime_operator_3', 'example_branch_datetime_operator', 'example_branch_datetime_operator_2' retrieved from /home/airflow/.local/lib/python3.12/site-packages/airflow/example_dags/example_branch_datetime_operator.py
[2024-10-03T13:14:06.550+0000] {logging_mixin.py:190} INFO - [2024-10-03T13:14:06.550+0000] {dag.py:3229} INFO - Sync 3 DAGs
[2024-10-03T13:14:06.701+0000] {logging_mixin.py:190} INFO - [2024-10-03T13:14:06.701+0000] {dag.py:4156} INFO - Setting next_dagrun for example_branch_datetime_operator to 2024-10-02 00:00:00+00:00, run_after=2024-10-03 00:00:00+00:00
[2024-10-03T13:14:06.738+0000] {logging_mixin.py:190} INFO - [2024-10-03T13:14:06.737+0000] {dag.py:4156} INFO - Setting next_dagrun for example_branch_datetime_operator_2 to 2024-10-02 00:00:00+00:00, run_after=2024-10-03 00:00:00+00:00
[2024-10-03T13:14:06.755+0000] {logging_mixin.py:190} INFO - [2024-10-03T13:14:06.754+0000] {dag.py:4156} INFO - Setting next_dagrun for example_branch_datetime_operator_3 to 2024-10-02 00:00:00+00:00, run_after=2024-10-03 00:00:00+00:00
[2024-10-03T13:14:07.004+0000] {processor.py:208} INFO - Processing /home/airflow/.local/lib/python3.12/site-packages/airflow/example_dags/example_branch_datetime_operator.py took 0.831 seconds
[2024-10-03T13:14:40.733+0000] {processor.py:186} INFO - Started process (PID=620) to work on /home/airflow/.local/lib/python3.12/site-packages/airflow/example_dags/example_branch_datetime_operator.py
[2024-10-03T13:14:40.735+0000] {processor.py:914} INFO - Processing file /home/airflow/.local/lib/python3.12/site-packages/airflow/example_dags/example_branch_datetime_operator.py for tasks to queue
[2024-10-03T13:14:40.739+0000] {logging_mixin.py:190} INFO - [2024-10-03T13:14:40.738+0000] {dagbag.py:587} INFO - Filling up the DagBag from /home/airflow/.local/lib/python3.12/site-packages/airflow/example_dags/example_branch_datetime_operator.py
[2024-10-03T13:14:40.765+0000] {processor.py:925} INFO - DAG(s) 'example_branch_datetime_operator_2', 'example_branch_datetime_operator_3', 'example_branch_datetime_operator' retrieved from /home/airflow/.local/lib/python3.12/site-packages/airflow/example_dags/example_branch_datetime_operator.py
[2024-10-03T13:14:40.825+0000] {logging_mixin.py:190} INFO - [2024-10-03T13:14:40.825+0000] {dag.py:3229} INFO - Sync 3 DAGs
[2024-10-03T13:14:40.898+0000] {logging_mixin.py:190} INFO - [2024-10-03T13:14:40.897+0000] {dag.py:4156} INFO - Setting next_dagrun for example_branch_datetime_operator to 2024-10-02 00:00:00+00:00, run_after=2024-10-03 00:00:00+00:00
[2024-10-03T13:14:40.913+0000] {logging_mixin.py:190} INFO - [2024-10-03T13:14:40.912+0000] {dag.py:4156} INFO - Setting next_dagrun for example_branch_datetime_operator_2 to 2024-10-02 00:00:00+00:00, run_after=2024-10-03 00:00:00+00:00
[2024-10-03T13:14:40.922+0000] {logging_mixin.py:190} INFO - [2024-10-03T13:14:40.921+0000] {dag.py:4156} INFO - Setting next_dagrun for example_branch_datetime_operator_3 to 2024-10-02 00:00:00+00:00, run_after=2024-10-03 00:00:00+00:00
[2024-10-03T13:14:41.527+0000] {processor.py:208} INFO - Processing /home/airflow/.local/lib/python3.12/site-packages/airflow/example_dags/example_branch_datetime_operator.py took 0.806 seconds
[2024-10-03T13:15:11.583+0000] {processor.py:186} INFO - Started process (PID=683) to work on /home/airflow/.local/lib/python3.12/site-packages/airflow/example_dags/example_branch_datetime_operator.py
[2024-10-03T13:15:11.584+0000] {processor.py:914} INFO - Processing file /home/airflow/.local/lib/python3.12/site-packages/airflow/example_dags/example_branch_datetime_operator.py for tasks to queue
[2024-10-03T13:15:11.588+0000] {logging_mixin.py:190} INFO - [2024-10-03T13:15:11.587+0000] {dagbag.py:587} INFO - Filling up the DagBag from /home/airflow/.local/lib/python3.12/site-packages/airflow/example_dags/example_branch_datetime_operator.py
[2024-10-03T13:15:11.606+0000] {processor.py:925} INFO - DAG(s) 'example_branch_datetime_operator_2', 'example_branch_datetime_operator_3', 'example_branch_datetime_operator' retrieved from /home/airflow/.local/lib/python3.12/site-packages/airflow/example_dags/example_branch_datetime_operator.py
[2024-10-03T13:15:11.657+0000] {logging_mixin.py:190} INFO - [2024-10-03T13:15:11.656+0000] {dag.py:3229} INFO - Sync 3 DAGs
[2024-10-03T13:15:11.711+0000] {logging_mixin.py:190} INFO - [2024-10-03T13:15:11.711+0000] {dag.py:4156} INFO - Setting next_dagrun for example_branch_datetime_operator to 2024-10-02 00:00:00+00:00, run_after=2024-10-03 00:00:00+00:00
[2024-10-03T13:15:11.721+0000] {logging_mixin.py:190} INFO - [2024-10-03T13:15:11.721+0000] {dag.py:4156} INFO - Setting next_dagrun for example_branch_datetime_operator_2 to 2024-10-02 00:00:00+00:00, run_after=2024-10-03 00:00:00+00:00
[2024-10-03T13:15:11.726+0000] {logging_mixin.py:190} INFO - [2024-10-03T13:15:11.726+0000] {dag.py:4156} INFO - Setting next_dagrun for example_branch_datetime_operator_3 to 2024-10-02 00:00:00+00:00, run_after=2024-10-03 00:00:00+00:00
[2024-10-03T13:15:11.824+0000] {processor.py:208} INFO - Processing /home/airflow/.local/lib/python3.12/site-packages/airflow/example_dags/example_branch_datetime_operator.py took 0.250 seconds
[2024-10-03T13:15:42.677+0000] {processor.py:186} INFO - Started process (PID=746) to work on /home/airflow/.local/lib/python3.12/site-packages/airflow/example_dags/example_branch_datetime_operator.py
[2024-10-03T13:15:42.680+0000] {processor.py:914} INFO - Processing file /home/airflow/.local/lib/python3.12/site-packages/airflow/example_dags/example_branch_datetime_operator.py for tasks to queue
[2024-10-03T13:15:42.685+0000] {logging_mixin.py:190} INFO - [2024-10-03T13:15:42.684+0000] {dagbag.py:587} INFO - Filling up the DagBag from /home/airflow/.local/lib/python3.12/site-packages/airflow/example_dags/example_branch_datetime_operator.py
[2024-10-03T13:15:42.712+0000] {processor.py:925} INFO - DAG(s) 'example_branch_datetime_operator_3', 'example_branch_datetime_operator_2', 'example_branch_datetime_operator' retrieved from /home/airflow/.local/lib/python3.12/site-packages/airflow/example_dags/example_branch_datetime_operator.py
[2024-10-03T13:15:42.767+0000] {logging_mixin.py:190} INFO - [2024-10-03T13:15:42.767+0000] {dag.py:3229} INFO - Sync 3 DAGs
[2024-10-03T13:15:42.824+0000] {logging_mixin.py:190} INFO - [2024-10-03T13:15:42.823+0000] {dag.py:4156} INFO - Setting next_dagrun for example_branch_datetime_operator to 2024-10-02 00:00:00+00:00, run_after=2024-10-03 00:00:00+00:00
[2024-10-03T13:15:42.832+0000] {logging_mixin.py:190} INFO - [2024-10-03T13:15:42.832+0000] {dag.py:4156} INFO - Setting next_dagrun for example_branch_datetime_operator_2 to 2024-10-02 00:00:00+00:00, run_after=2024-10-03 00:00:00+00:00
[2024-10-03T13:15:42.836+0000] {logging_mixin.py:190} INFO - [2024-10-03T13:15:42.836+0000] {dag.py:4156} INFO - Setting next_dagrun for example_branch_datetime_operator_3 to 2024-10-02 00:00:00+00:00, run_after=2024-10-03 00:00:00+00:00
[2024-10-03T13:15:42.997+0000] {processor.py:208} INFO - Processing /home/airflow/.local/lib/python3.12/site-packages/airflow/example_dags/example_branch_datetime_operator.py took 0.334 seconds
[2024-10-03T13:16:13.521+0000] {processor.py:186} INFO - Started process (PID=809) to work on /home/airflow/.local/lib/python3.12/site-packages/airflow/example_dags/example_branch_datetime_operator.py
[2024-10-03T13:16:13.522+0000] {processor.py:914} INFO - Processing file /home/airflow/.local/lib/python3.12/site-packages/airflow/example_dags/example_branch_datetime_operator.py for tasks to queue
[2024-10-03T13:16:13.526+0000] {logging_mixin.py:190} INFO - [2024-10-03T13:16:13.525+0000] {dagbag.py:587} INFO - Filling up the DagBag from /home/airflow/.local/lib/python3.12/site-packages/airflow/example_dags/example_branch_datetime_operator.py
[2024-10-03T13:16:13.544+0000] {processor.py:925} INFO - DAG(s) 'example_branch_datetime_operator_3', 'example_branch_datetime_operator_2', 'example_branch_datetime_operator' retrieved from /home/airflow/.local/lib/python3.12/site-packages/airflow/example_dags/example_branch_datetime_operator.py
[2024-10-03T13:16:13.583+0000] {logging_mixin.py:190} INFO - [2024-10-03T13:16:13.582+0000] {dag.py:3229} INFO - Sync 3 DAGs
[2024-10-03T13:16:13.617+0000] {logging_mixin.py:190} INFO - [2024-10-03T13:16:13.617+0000] {dag.py:4156} INFO - Setting next_dagrun for example_branch_datetime_operator to 2024-10-02 00:00:00+00:00, run_after=2024-10-03 00:00:00+00:00
[2024-10-03T13:16:13.625+0000] {logging_mixin.py:190} INFO - [2024-10-03T13:16:13.624+0000] {dag.py:4156} INFO - Setting next_dagrun for example_branch_datetime_operator_2 to 2024-10-02 00:00:00+00:00, run_after=2024-10-03 00:00:00+00:00
[2024-10-03T13:16:13.629+0000] {logging_mixin.py:190} INFO - [2024-10-03T13:16:13.628+0000] {dag.py:4156} INFO - Setting next_dagrun for example_branch_datetime_operator_3 to 2024-10-02 00:00:00+00:00, run_after=2024-10-03 00:00:00+00:00
[2024-10-03T13:16:13.777+0000] {processor.py:208} INFO - Processing /home/airflow/.local/lib/python3.12/site-packages/airflow/example_dags/example_branch_datetime_operator.py took 0.265 seconds
[2024-10-03T13:16:44.294+0000] {processor.py:186} INFO - Started process (PID=872) to work on /home/airflow/.local/lib/python3.12/site-packages/airflow/example_dags/example_branch_datetime_operator.py
[2024-10-03T13:16:44.295+0000] {processor.py:914} INFO - Processing file /home/airflow/.local/lib/python3.12/site-packages/airflow/example_dags/example_branch_datetime_operator.py for tasks to queue
[2024-10-03T13:16:44.299+0000] {logging_mixin.py:190} INFO - [2024-10-03T13:16:44.299+0000] {dagbag.py:587} INFO - Filling up the DagBag from /home/airflow/.local/lib/python3.12/site-packages/airflow/example_dags/example_branch_datetime_operator.py
[2024-10-03T13:16:44.324+0000] {processor.py:925} INFO - DAG(s) 'example_branch_datetime_operator_3', 'example_branch_datetime_operator', 'example_branch_datetime_operator_2' retrieved from /home/airflow/.local/lib/python3.12/site-packages/airflow/example_dags/example_branch_datetime_operator.py
[2024-10-03T13:16:44.374+0000] {logging_mixin.py:190} INFO - [2024-10-03T13:16:44.373+0000] {dag.py:3229} INFO - Sync 3 DAGs
[2024-10-03T13:16:44.424+0000] {logging_mixin.py:190} INFO - [2024-10-03T13:16:44.423+0000] {dag.py:4156} INFO - Setting next_dagrun for example_branch_datetime_operator to 2024-10-02 00:00:00+00:00, run_after=2024-10-03 00:00:00+00:00
[2024-10-03T13:16:44.432+0000] {logging_mixin.py:190} INFO - [2024-10-03T13:16:44.432+0000] {dag.py:4156} INFO - Setting next_dagrun for example_branch_datetime_operator_2 to 2024-10-02 00:00:00+00:00, run_after=2024-10-03 00:00:00+00:00
[2024-10-03T13:16:44.438+0000] {logging_mixin.py:190} INFO - [2024-10-03T13:16:44.438+0000] {dag.py:4156} INFO - Setting next_dagrun for example_branch_datetime_operator_3 to 2024-10-02 00:00:00+00:00, run_after=2024-10-03 00:00:00+00:00
[2024-10-03T13:16:44.518+0000] {processor.py:208} INFO - Processing /home/airflow/.local/lib/python3.12/site-packages/airflow/example_dags/example_branch_datetime_operator.py took 0.235 seconds
[2024-10-03T13:17:15.795+0000] {processor.py:186} INFO - Started process (PID=935) to work on /home/airflow/.local/lib/python3.12/site-packages/airflow/example_dags/example_branch_datetime_operator.py
[2024-10-03T13:17:15.797+0000] {processor.py:914} INFO - Processing file /home/airflow/.local/lib/python3.12/site-packages/airflow/example_dags/example_branch_datetime_operator.py for tasks to queue
[2024-10-03T13:17:15.800+0000] {logging_mixin.py:190} INFO - [2024-10-03T13:17:15.800+0000] {dagbag.py:587} INFO - Filling up the DagBag from /home/airflow/.local/lib/python3.12/site-packages/airflow/example_dags/example_branch_datetime_operator.py
[2024-10-03T13:17:15.818+0000] {processor.py:925} INFO - DAG(s) 'example_branch_datetime_operator_3', 'example_branch_datetime_operator', 'example_branch_datetime_operator_2' retrieved from /home/airflow/.local/lib/python3.12/site-packages/airflow/example_dags/example_branch_datetime_operator.py
[2024-10-03T13:17:15.864+0000] {logging_mixin.py:190} INFO - [2024-10-03T13:17:15.863+0000] {dag.py:3229} INFO - Sync 3 DAGs
[2024-10-03T13:17:15.901+0000] {logging_mixin.py:190} INFO - [2024-10-03T13:17:15.901+0000] {dag.py:4156} INFO - Setting next_dagrun for example_branch_datetime_operator to 2024-10-02 00:00:00+00:00, run_after=2024-10-03 00:00:00+00:00
[2024-10-03T13:17:15.908+0000] {logging_mixin.py:190} INFO - [2024-10-03T13:17:15.908+0000] {dag.py:4156} INFO - Setting next_dagrun for example_branch_datetime_operator_2 to 2024-10-02 00:00:00+00:00, run_after=2024-10-03 00:00:00+00:00
[2024-10-03T13:17:15.912+0000] {logging_mixin.py:190} INFO - [2024-10-03T13:17:15.912+0000] {dag.py:4156} INFO - Setting next_dagrun for example_branch_datetime_operator_3 to 2024-10-02 00:00:00+00:00, run_after=2024-10-03 00:00:00+00:00
[2024-10-03T13:17:16.287+0000] {processor.py:208} INFO - Processing /home/airflow/.local/lib/python3.12/site-packages/airflow/example_dags/example_branch_datetime_operator.py took 0.502 seconds
[2024-10-03T13:17:47.276+0000] {processor.py:186} INFO - Started process (PID=998) to work on /home/airflow/.local/lib/python3.12/site-packages/airflow/example_dags/example_branch_datetime_operator.py
[2024-10-03T13:17:47.289+0000] {processor.py:914} INFO - Processing file /home/airflow/.local/lib/python3.12/site-packages/airflow/example_dags/example_branch_datetime_operator.py for tasks to queue
[2024-10-03T13:17:47.305+0000] {logging_mixin.py:190} INFO - [2024-10-03T13:17:47.294+0000] {dagbag.py:587} INFO - Filling up the DagBag from /home/airflow/.local/lib/python3.12/site-packages/airflow/example_dags/example_branch_datetime_operator.py
[2024-10-03T13:17:47.394+0000] {processor.py:925} INFO - DAG(s) 'example_branch_datetime_operator_2', 'example_branch_datetime_operator_3', 'example_branch_datetime_operator' retrieved from /home/airflow/.local/lib/python3.12/site-packages/airflow/example_dags/example_branch_datetime_operator.py
[2024-10-03T13:17:47.541+0000] {logging_mixin.py:190} INFO - [2024-10-03T13:17:47.540+0000] {dag.py:3229} INFO - Sync 3 DAGs
[2024-10-03T13:17:47.662+0000] {logging_mixin.py:190} INFO - [2024-10-03T13:17:47.661+0000] {dag.py:4156} INFO - Setting next_dagrun for example_branch_datetime_operator to 2024-10-02 00:00:00+00:00, run_after=2024-10-03 00:00:00+00:00
[2024-10-03T13:17:47.674+0000] {logging_mixin.py:190} INFO - [2024-10-03T13:17:47.674+0000] {dag.py:4156} INFO - Setting next_dagrun for example_branch_datetime_operator_2 to 2024-10-02 00:00:00+00:00, run_after=2024-10-03 00:00:00+00:00
[2024-10-03T13:17:47.681+0000] {logging_mixin.py:190} INFO - [2024-10-03T13:17:47.681+0000] {dag.py:4156} INFO - Setting next_dagrun for example_branch_datetime_operator_3 to 2024-10-02 00:00:00+00:00, run_after=2024-10-03 00:00:00+00:00
[2024-10-03T13:17:47.780+0000] {processor.py:208} INFO - Processing /home/airflow/.local/lib/python3.12/site-packages/airflow/example_dags/example_branch_datetime_operator.py took 0.530 seconds
[2024-10-03T13:18:19.442+0000] {processor.py:186} INFO - Started process (PID=1061) to work on /home/airflow/.local/lib/python3.12/site-packages/airflow/example_dags/example_branch_datetime_operator.py
[2024-10-03T13:18:19.444+0000] {processor.py:914} INFO - Processing file /home/airflow/.local/lib/python3.12/site-packages/airflow/example_dags/example_branch_datetime_operator.py for tasks to queue
[2024-10-03T13:18:19.450+0000] {logging_mixin.py:190} INFO - [2024-10-03T13:18:19.450+0000] {dagbag.py:587} INFO - Filling up the DagBag from /home/airflow/.local/lib/python3.12/site-packages/airflow/example_dags/example_branch_datetime_operator.py
[2024-10-03T13:18:19.474+0000] {processor.py:925} INFO - DAG(s) 'example_branch_datetime_operator_3', 'example_branch_datetime_operator_2', 'example_branch_datetime_operator' retrieved from /home/airflow/.local/lib/python3.12/site-packages/airflow/example_dags/example_branch_datetime_operator.py
[2024-10-03T13:18:19.528+0000] {logging_mixin.py:190} INFO - [2024-10-03T13:18:19.527+0000] {dag.py:3229} INFO - Sync 3 DAGs
[2024-10-03T13:18:19.575+0000] {logging_mixin.py:190} INFO - [2024-10-03T13:18:19.574+0000] {dag.py:4156} INFO - Setting next_dagrun for example_branch_datetime_operator to 2024-10-02 00:00:00+00:00, run_after=2024-10-03 00:00:00+00:00
[2024-10-03T13:18:19.585+0000] {logging_mixin.py:190} INFO - [2024-10-03T13:18:19.584+0000] {dag.py:4156} INFO - Setting next_dagrun for example_branch_datetime_operator_2 to 2024-10-02 00:00:00+00:00, run_after=2024-10-03 00:00:00+00:00
[2024-10-03T13:18:19.589+0000] {logging_mixin.py:190} INFO - [2024-10-03T13:18:19.589+0000] {dag.py:4156} INFO - Setting next_dagrun for example_branch_datetime_operator_3 to 2024-10-02 00:00:00+00:00, run_after=2024-10-03 00:00:00+00:00
[2024-10-03T13:18:19.812+0000] {processor.py:208} INFO - Processing /home/airflow/.local/lib/python3.12/site-packages/airflow/example_dags/example_branch_datetime_operator.py took 0.379 seconds
