[2024-10-03T13:10:07.453+0000] {processor.py:186} INFO - Started process (PID=81) to work on /home/airflow/.local/lib/python3.12/site-packages/airflow/example_dags/example_branch_operator.py
[2024-10-03T13:10:07.456+0000] {processor.py:914} INFO - Processing file /home/airflow/.local/lib/python3.12/site-packages/airflow/example_dags/example_branch_operator.py for tasks to queue
[2024-10-03T13:10:07.465+0000] {logging_mixin.py:190} INFO - [2024-10-03T13:10:07.464+0000] {dagbag.py:587} INFO - Filling up the DagBag from /home/airflow/.local/lib/python3.12/site-packages/airflow/example_dags/example_branch_operator.py
[2024-10-03T13:10:07.832+0000] {processor.py:925} INFO - DAG(s) 'example_branch_operator' retrieved from /home/airflow/.local/lib/python3.12/site-packages/airflow/example_dags/example_branch_operator.py
[2024-10-03T13:10:08.757+0000] {logging_mixin.py:190} INFO - [2024-10-03T13:10:08.756+0000] {dag.py:3229} INFO - Sync 1 DAGs
[2024-10-03T13:10:08.804+0000] {logging_mixin.py:190} INFO - [2024-10-03T13:10:08.804+0000] {dag.py:4156} INFO - Setting next_dagrun for example_branch_operator to 2024-10-02 00:00:00+00:00, run_after=2024-10-03 00:00:00+00:00
[2024-10-03T13:10:09.032+0000] {processor.py:208} INFO - Processing /home/airflow/.local/lib/python3.12/site-packages/airflow/example_dags/example_branch_operator.py took 1.588 seconds
[2024-10-03T13:10:39.142+0000] {processor.py:186} INFO - Started process (PID=144) to work on /home/airflow/.local/lib/python3.12/site-packages/airflow/example_dags/example_branch_operator.py
[2024-10-03T13:10:39.157+0000] {processor.py:914} INFO - Processing file /home/airflow/.local/lib/python3.12/site-packages/airflow/example_dags/example_branch_operator.py for tasks to queue
[2024-10-03T13:10:39.160+0000] {logging_mixin.py:190} INFO - [2024-10-03T13:10:39.160+0000] {dagbag.py:587} INFO - Filling up the DagBag from /home/airflow/.local/lib/python3.12/site-packages/airflow/example_dags/example_branch_operator.py
[2024-10-03T13:10:39.189+0000] {processor.py:925} INFO - DAG(s) 'example_branch_operator' retrieved from /home/airflow/.local/lib/python3.12/site-packages/airflow/example_dags/example_branch_operator.py
[2024-10-03T13:10:39.226+0000] {logging_mixin.py:190} INFO - [2024-10-03T13:10:39.225+0000] {dag.py:3229} INFO - Sync 1 DAGs
[2024-10-03T13:10:39.258+0000] {logging_mixin.py:190} INFO - [2024-10-03T13:10:39.257+0000] {dag.py:4156} INFO - Setting next_dagrun for example_branch_operator to 2024-10-02 00:00:00+00:00, run_after=2024-10-03 00:00:00+00:00
[2024-10-03T13:10:39.342+0000] {processor.py:208} INFO - Processing /home/airflow/.local/lib/python3.12/site-packages/airflow/example_dags/example_branch_operator.py took 0.210 seconds
[2024-10-03T13:11:09.635+0000] {processor.py:186} INFO - Started process (PID=207) to work on /home/airflow/.local/lib/python3.12/site-packages/airflow/example_dags/example_branch_operator.py
[2024-10-03T13:11:09.636+0000] {processor.py:914} INFO - Processing file /home/airflow/.local/lib/python3.12/site-packages/airflow/example_dags/example_branch_operator.py for tasks to queue
[2024-10-03T13:11:09.638+0000] {logging_mixin.py:190} INFO - [2024-10-03T13:11:09.638+0000] {dagbag.py:587} INFO - Filling up the DagBag from /home/airflow/.local/lib/python3.12/site-packages/airflow/example_dags/example_branch_operator.py
[2024-10-03T13:11:09.661+0000] {processor.py:925} INFO - DAG(s) 'example_branch_operator' retrieved from /home/airflow/.local/lib/python3.12/site-packages/airflow/example_dags/example_branch_operator.py
[2024-10-03T13:11:09.697+0000] {logging_mixin.py:190} INFO - [2024-10-03T13:11:09.697+0000] {dag.py:3229} INFO - Sync 1 DAGs
[2024-10-03T13:11:09.731+0000] {logging_mixin.py:190} INFO - [2024-10-03T13:11:09.731+0000] {dag.py:4156} INFO - Setting next_dagrun for example_branch_operator to 2024-10-02 00:00:00+00:00, run_after=2024-10-03 00:00:00+00:00
[2024-10-03T13:11:09.965+0000] {processor.py:208} INFO - Processing /home/airflow/.local/lib/python3.12/site-packages/airflow/example_dags/example_branch_operator.py took 0.336 seconds
[2024-10-03T13:11:40.792+0000] {processor.py:186} INFO - Started process (PID=270) to work on /home/airflow/.local/lib/python3.12/site-packages/airflow/example_dags/example_branch_operator.py
[2024-10-03T13:11:40.793+0000] {processor.py:914} INFO - Processing file /home/airflow/.local/lib/python3.12/site-packages/airflow/example_dags/example_branch_operator.py for tasks to queue
[2024-10-03T13:11:40.797+0000] {logging_mixin.py:190} INFO - [2024-10-03T13:11:40.797+0000] {dagbag.py:587} INFO - Filling up the DagBag from /home/airflow/.local/lib/python3.12/site-packages/airflow/example_dags/example_branch_operator.py
[2024-10-03T13:11:40.832+0000] {processor.py:925} INFO - DAG(s) 'example_branch_operator' retrieved from /home/airflow/.local/lib/python3.12/site-packages/airflow/example_dags/example_branch_operator.py
[2024-10-03T13:11:40.873+0000] {logging_mixin.py:190} INFO - [2024-10-03T13:11:40.873+0000] {dag.py:3229} INFO - Sync 1 DAGs
[2024-10-03T13:11:40.914+0000] {logging_mixin.py:190} INFO - [2024-10-03T13:11:40.914+0000] {dag.py:4156} INFO - Setting next_dagrun for example_branch_operator to 2024-10-02 00:00:00+00:00, run_after=2024-10-03 00:00:00+00:00
[2024-10-03T13:11:41.421+0000] {processor.py:208} INFO - Processing /home/airflow/.local/lib/python3.12/site-packages/airflow/example_dags/example_branch_operator.py took 0.639 seconds
[2024-10-03T13:12:11.553+0000] {processor.py:186} INFO - Started process (PID=332) to work on /home/airflow/.local/lib/python3.12/site-packages/airflow/example_dags/example_branch_operator.py
[2024-10-03T13:12:11.554+0000] {processor.py:914} INFO - Processing file /home/airflow/.local/lib/python3.12/site-packages/airflow/example_dags/example_branch_operator.py for tasks to queue
[2024-10-03T13:12:11.557+0000] {logging_mixin.py:190} INFO - [2024-10-03T13:12:11.557+0000] {dagbag.py:587} INFO - Filling up the DagBag from /home/airflow/.local/lib/python3.12/site-packages/airflow/example_dags/example_branch_operator.py
[2024-10-03T13:12:11.589+0000] {processor.py:925} INFO - DAG(s) 'example_branch_operator' retrieved from /home/airflow/.local/lib/python3.12/site-packages/airflow/example_dags/example_branch_operator.py
[2024-10-03T13:12:11.648+0000] {logging_mixin.py:190} INFO - [2024-10-03T13:12:11.648+0000] {dag.py:3229} INFO - Sync 1 DAGs
[2024-10-03T13:12:11.692+0000] {logging_mixin.py:190} INFO - [2024-10-03T13:12:11.691+0000] {dag.py:4156} INFO - Setting next_dagrun for example_branch_operator to 2024-10-02 00:00:00+00:00, run_after=2024-10-03 00:00:00+00:00
[2024-10-03T13:12:11.855+0000] {processor.py:208} INFO - Processing /home/airflow/.local/lib/python3.12/site-packages/airflow/example_dags/example_branch_operator.py took 0.312 seconds
[2024-10-03T13:12:43.990+0000] {processor.py:186} INFO - Started process (PID=395) to work on /home/airflow/.local/lib/python3.12/site-packages/airflow/example_dags/example_branch_operator.py
[2024-10-03T13:12:43.993+0000] {processor.py:914} INFO - Processing file /home/airflow/.local/lib/python3.12/site-packages/airflow/example_dags/example_branch_operator.py for tasks to queue
[2024-10-03T13:12:43.998+0000] {logging_mixin.py:190} INFO - [2024-10-03T13:12:43.998+0000] {dagbag.py:587} INFO - Filling up the DagBag from /home/airflow/.local/lib/python3.12/site-packages/airflow/example_dags/example_branch_operator.py
[2024-10-03T13:12:44.052+0000] {processor.py:925} INFO - DAG(s) 'example_branch_operator' retrieved from /home/airflow/.local/lib/python3.12/site-packages/airflow/example_dags/example_branch_operator.py
[2024-10-03T13:12:44.143+0000] {logging_mixin.py:190} INFO - [2024-10-03T13:12:44.141+0000] {dag.py:3229} INFO - Sync 1 DAGs
[2024-10-03T13:12:44.222+0000] {logging_mixin.py:190} INFO - [2024-10-03T13:12:44.222+0000] {dag.py:4156} INFO - Setting next_dagrun for example_branch_operator to 2024-10-02 00:00:00+00:00, run_after=2024-10-03 00:00:00+00:00
[2024-10-03T13:12:44.454+0000] {processor.py:208} INFO - Processing /home/airflow/.local/lib/python3.12/site-packages/airflow/example_dags/example_branch_operator.py took 0.484 seconds
[2024-10-03T13:13:14.812+0000] {processor.py:186} INFO - Started process (PID=458) to work on /home/airflow/.local/lib/python3.12/site-packages/airflow/example_dags/example_branch_operator.py
[2024-10-03T13:13:14.813+0000] {processor.py:914} INFO - Processing file /home/airflow/.local/lib/python3.12/site-packages/airflow/example_dags/example_branch_operator.py for tasks to queue
[2024-10-03T13:13:14.816+0000] {logging_mixin.py:190} INFO - [2024-10-03T13:13:14.816+0000] {dagbag.py:587} INFO - Filling up the DagBag from /home/airflow/.local/lib/python3.12/site-packages/airflow/example_dags/example_branch_operator.py
[2024-10-03T13:13:14.843+0000] {processor.py:925} INFO - DAG(s) 'example_branch_operator' retrieved from /home/airflow/.local/lib/python3.12/site-packages/airflow/example_dags/example_branch_operator.py
[2024-10-03T13:13:14.931+0000] {logging_mixin.py:190} INFO - [2024-10-03T13:13:14.930+0000] {dag.py:3229} INFO - Sync 1 DAGs
[2024-10-03T13:13:14.978+0000] {logging_mixin.py:190} INFO - [2024-10-03T13:13:14.978+0000] {dag.py:4156} INFO - Setting next_dagrun for example_branch_operator to 2024-10-02 00:00:00+00:00, run_after=2024-10-03 00:00:00+00:00
[2024-10-03T13:13:15.301+0000] {processor.py:208} INFO - Processing /home/airflow/.local/lib/python3.12/site-packages/airflow/example_dags/example_branch_operator.py took 0.496 seconds
[2024-10-03T13:13:46.534+0000] {processor.py:186} INFO - Started process (PID=521) to work on /home/airflow/.local/lib/python3.12/site-packages/airflow/example_dags/example_branch_operator.py
[2024-10-03T13:13:46.639+0000] {processor.py:914} INFO - Processing file /home/airflow/.local/lib/python3.12/site-packages/airflow/example_dags/example_branch_operator.py for tasks to queue
[2024-10-03T13:13:46.649+0000] {logging_mixin.py:190} INFO - [2024-10-03T13:13:46.648+0000] {dagbag.py:587} INFO - Filling up the DagBag from /home/airflow/.local/lib/python3.12/site-packages/airflow/example_dags/example_branch_operator.py
[2024-10-03T13:13:46.694+0000] {processor.py:925} INFO - DAG(s) 'example_branch_operator' retrieved from /home/airflow/.local/lib/python3.12/site-packages/airflow/example_dags/example_branch_operator.py
[2024-10-03T13:13:46.779+0000] {logging_mixin.py:190} INFO - [2024-10-03T13:13:46.778+0000] {dag.py:3229} INFO - Sync 1 DAGs
[2024-10-03T13:13:46.872+0000] {logging_mixin.py:190} INFO - [2024-10-03T13:13:46.871+0000] {dag.py:4156} INFO - Setting next_dagrun for example_branch_operator to 2024-10-02 00:00:00+00:00, run_after=2024-10-03 00:00:00+00:00
[2024-10-03T13:13:47.024+0000] {processor.py:208} INFO - Processing /home/airflow/.local/lib/python3.12/site-packages/airflow/example_dags/example_branch_operator.py took 0.505 seconds
[2024-10-03T13:14:17.290+0000] {processor.py:186} INFO - Started process (PID=584) to work on /home/airflow/.local/lib/python3.12/site-packages/airflow/example_dags/example_branch_operator.py
[2024-10-03T13:14:17.293+0000] {processor.py:914} INFO - Processing file /home/airflow/.local/lib/python3.12/site-packages/airflow/example_dags/example_branch_operator.py for tasks to queue
[2024-10-03T13:14:17.298+0000] {logging_mixin.py:190} INFO - [2024-10-03T13:14:17.297+0000] {dagbag.py:587} INFO - Filling up the DagBag from /home/airflow/.local/lib/python3.12/site-packages/airflow/example_dags/example_branch_operator.py
[2024-10-03T13:14:17.335+0000] {processor.py:925} INFO - DAG(s) 'example_branch_operator' retrieved from /home/airflow/.local/lib/python3.12/site-packages/airflow/example_dags/example_branch_operator.py
[2024-10-03T13:14:17.387+0000] {logging_mixin.py:190} INFO - [2024-10-03T13:14:17.387+0000] {dag.py:3229} INFO - Sync 1 DAGs
[2024-10-03T13:14:17.435+0000] {logging_mixin.py:190} INFO - [2024-10-03T13:14:17.435+0000] {dag.py:4156} INFO - Setting next_dagrun for example_branch_operator to 2024-10-02 00:00:00+00:00, run_after=2024-10-03 00:00:00+00:00
[2024-10-03T13:14:17.868+0000] {processor.py:208} INFO - Processing /home/airflow/.local/lib/python3.12/site-packages/airflow/example_dags/example_branch_operator.py took 0.589 seconds
[2024-10-03T13:14:49.062+0000] {processor.py:186} INFO - Started process (PID=647) to work on /home/airflow/.local/lib/python3.12/site-packages/airflow/example_dags/example_branch_operator.py
[2024-10-03T13:14:49.063+0000] {processor.py:914} INFO - Processing file /home/airflow/.local/lib/python3.12/site-packages/airflow/example_dags/example_branch_operator.py for tasks to queue
[2024-10-03T13:14:49.068+0000] {logging_mixin.py:190} INFO - [2024-10-03T13:14:49.067+0000] {dagbag.py:587} INFO - Filling up the DagBag from /home/airflow/.local/lib/python3.12/site-packages/airflow/example_dags/example_branch_operator.py
[2024-10-03T13:14:49.100+0000] {processor.py:925} INFO - DAG(s) 'example_branch_operator' retrieved from /home/airflow/.local/lib/python3.12/site-packages/airflow/example_dags/example_branch_operator.py
[2024-10-03T13:14:49.142+0000] {logging_mixin.py:190} INFO - [2024-10-03T13:14:49.141+0000] {dag.py:3229} INFO - Sync 1 DAGs
[2024-10-03T13:14:49.180+0000] {logging_mixin.py:190} INFO - [2024-10-03T13:14:49.180+0000] {dag.py:4156} INFO - Setting next_dagrun for example_branch_operator to 2024-10-02 00:00:00+00:00, run_after=2024-10-03 00:00:00+00:00
[2024-10-03T13:14:49.326+0000] {processor.py:208} INFO - Processing /home/airflow/.local/lib/python3.12/site-packages/airflow/example_dags/example_branch_operator.py took 0.271 seconds
[2024-10-03T13:15:19.636+0000] {processor.py:186} INFO - Started process (PID=710) to work on /home/airflow/.local/lib/python3.12/site-packages/airflow/example_dags/example_branch_operator.py
[2024-10-03T13:15:19.637+0000] {processor.py:914} INFO - Processing file /home/airflow/.local/lib/python3.12/site-packages/airflow/example_dags/example_branch_operator.py for tasks to queue
[2024-10-03T13:15:19.642+0000] {logging_mixin.py:190} INFO - [2024-10-03T13:15:19.641+0000] {dagbag.py:587} INFO - Filling up the DagBag from /home/airflow/.local/lib/python3.12/site-packages/airflow/example_dags/example_branch_operator.py
[2024-10-03T13:15:19.667+0000] {processor.py:925} INFO - DAG(s) 'example_branch_operator' retrieved from /home/airflow/.local/lib/python3.12/site-packages/airflow/example_dags/example_branch_operator.py
[2024-10-03T13:15:19.702+0000] {logging_mixin.py:190} INFO - [2024-10-03T13:15:19.702+0000] {dag.py:3229} INFO - Sync 1 DAGs
[2024-10-03T13:15:19.733+0000] {logging_mixin.py:190} INFO - [2024-10-03T13:15:19.733+0000] {dag.py:4156} INFO - Setting next_dagrun for example_branch_operator to 2024-10-02 00:00:00+00:00, run_after=2024-10-03 00:00:00+00:00
[2024-10-03T13:15:19.885+0000] {processor.py:208} INFO - Processing /home/airflow/.local/lib/python3.12/site-packages/airflow/example_dags/example_branch_operator.py took 0.256 seconds
[2024-10-03T13:15:50.949+0000] {processor.py:186} INFO - Started process (PID=773) to work on /home/airflow/.local/lib/python3.12/site-packages/airflow/example_dags/example_branch_operator.py
[2024-10-03T13:15:50.950+0000] {processor.py:914} INFO - Processing file /home/airflow/.local/lib/python3.12/site-packages/airflow/example_dags/example_branch_operator.py for tasks to queue
[2024-10-03T13:15:50.953+0000] {logging_mixin.py:190} INFO - [2024-10-03T13:15:50.952+0000] {dagbag.py:587} INFO - Filling up the DagBag from /home/airflow/.local/lib/python3.12/site-packages/airflow/example_dags/example_branch_operator.py
[2024-10-03T13:15:50.972+0000] {processor.py:925} INFO - DAG(s) 'example_branch_operator' retrieved from /home/airflow/.local/lib/python3.12/site-packages/airflow/example_dags/example_branch_operator.py
[2024-10-03T13:15:51.006+0000] {logging_mixin.py:190} INFO - [2024-10-03T13:15:51.006+0000] {dag.py:3229} INFO - Sync 1 DAGs
[2024-10-03T13:15:51.036+0000] {logging_mixin.py:190} INFO - [2024-10-03T13:15:51.036+0000] {dag.py:4156} INFO - Setting next_dagrun for example_branch_operator to 2024-10-02 00:00:00+00:00, run_after=2024-10-03 00:00:00+00:00
[2024-10-03T13:15:51.220+0000] {processor.py:208} INFO - Processing /home/airflow/.local/lib/python3.12/site-packages/airflow/example_dags/example_branch_operator.py took 0.279 seconds
[2024-10-03T13:16:21.662+0000] {processor.py:186} INFO - Started process (PID=836) to work on /home/airflow/.local/lib/python3.12/site-packages/airflow/example_dags/example_branch_operator.py
[2024-10-03T13:16:21.663+0000] {processor.py:914} INFO - Processing file /home/airflow/.local/lib/python3.12/site-packages/airflow/example_dags/example_branch_operator.py for tasks to queue
[2024-10-03T13:16:21.668+0000] {logging_mixin.py:190} INFO - [2024-10-03T13:16:21.667+0000] {dagbag.py:587} INFO - Filling up the DagBag from /home/airflow/.local/lib/python3.12/site-packages/airflow/example_dags/example_branch_operator.py
[2024-10-03T13:16:21.694+0000] {processor.py:925} INFO - DAG(s) 'example_branch_operator' retrieved from /home/airflow/.local/lib/python3.12/site-packages/airflow/example_dags/example_branch_operator.py
[2024-10-03T13:16:21.733+0000] {logging_mixin.py:190} INFO - [2024-10-03T13:16:21.733+0000] {dag.py:3229} INFO - Sync 1 DAGs
[2024-10-03T13:16:21.770+0000] {logging_mixin.py:190} INFO - [2024-10-03T13:16:21.769+0000] {dag.py:4156} INFO - Setting next_dagrun for example_branch_operator to 2024-10-02 00:00:00+00:00, run_after=2024-10-03 00:00:00+00:00
[2024-10-03T13:16:21.842+0000] {processor.py:208} INFO - Processing /home/airflow/.local/lib/python3.12/site-packages/airflow/example_dags/example_branch_operator.py took 0.188 seconds
[2024-10-03T13:16:52.368+0000] {processor.py:186} INFO - Started process (PID=899) to work on /home/airflow/.local/lib/python3.12/site-packages/airflow/example_dags/example_branch_operator.py
[2024-10-03T13:16:52.369+0000] {processor.py:914} INFO - Processing file /home/airflow/.local/lib/python3.12/site-packages/airflow/example_dags/example_branch_operator.py for tasks to queue
[2024-10-03T13:16:52.372+0000] {logging_mixin.py:190} INFO - [2024-10-03T13:16:52.371+0000] {dagbag.py:587} INFO - Filling up the DagBag from /home/airflow/.local/lib/python3.12/site-packages/airflow/example_dags/example_branch_operator.py
[2024-10-03T13:16:52.395+0000] {processor.py:925} INFO - DAG(s) 'example_branch_operator' retrieved from /home/airflow/.local/lib/python3.12/site-packages/airflow/example_dags/example_branch_operator.py
[2024-10-03T13:16:52.434+0000] {logging_mixin.py:190} INFO - [2024-10-03T13:16:52.433+0000] {dag.py:3229} INFO - Sync 1 DAGs
[2024-10-03T13:16:52.468+0000] {logging_mixin.py:190} INFO - [2024-10-03T13:16:52.468+0000] {dag.py:4156} INFO - Setting next_dagrun for example_branch_operator to 2024-10-02 00:00:00+00:00, run_after=2024-10-03 00:00:00+00:00
[2024-10-03T13:16:52.553+0000] {processor.py:208} INFO - Processing /home/airflow/.local/lib/python3.12/site-packages/airflow/example_dags/example_branch_operator.py took 0.192 seconds
[2024-10-03T13:17:25.958+0000] {processor.py:186} INFO - Started process (PID=962) to work on /home/airflow/.local/lib/python3.12/site-packages/airflow/example_dags/example_branch_operator.py
[2024-10-03T13:17:25.961+0000] {processor.py:914} INFO - Processing file /home/airflow/.local/lib/python3.12/site-packages/airflow/example_dags/example_branch_operator.py for tasks to queue
[2024-10-03T13:17:25.968+0000] {logging_mixin.py:190} INFO - [2024-10-03T13:17:25.968+0000] {dagbag.py:587} INFO - Filling up the DagBag from /home/airflow/.local/lib/python3.12/site-packages/airflow/example_dags/example_branch_operator.py
[2024-10-03T13:17:26.002+0000] {processor.py:925} INFO - DAG(s) 'example_branch_operator' retrieved from /home/airflow/.local/lib/python3.12/site-packages/airflow/example_dags/example_branch_operator.py
[2024-10-03T13:17:26.057+0000] {logging_mixin.py:190} INFO - [2024-10-03T13:17:26.057+0000] {dag.py:3229} INFO - Sync 1 DAGs
[2024-10-03T13:17:26.111+0000] {logging_mixin.py:190} INFO - [2024-10-03T13:17:26.111+0000] {dag.py:4156} INFO - Setting next_dagrun for example_branch_operator to 2024-10-02 00:00:00+00:00, run_after=2024-10-03 00:00:00+00:00
[2024-10-03T13:17:26.191+0000] {processor.py:208} INFO - Processing /home/airflow/.local/lib/python3.12/site-packages/airflow/example_dags/example_branch_operator.py took 0.241 seconds
[2024-10-03T13:17:56.589+0000] {processor.py:186} INFO - Started process (PID=1025) to work on /home/airflow/.local/lib/python3.12/site-packages/airflow/example_dags/example_branch_operator.py
[2024-10-03T13:17:56.591+0000] {processor.py:914} INFO - Processing file /home/airflow/.local/lib/python3.12/site-packages/airflow/example_dags/example_branch_operator.py for tasks to queue
[2024-10-03T13:17:56.594+0000] {logging_mixin.py:190} INFO - [2024-10-03T13:17:56.594+0000] {dagbag.py:587} INFO - Filling up the DagBag from /home/airflow/.local/lib/python3.12/site-packages/airflow/example_dags/example_branch_operator.py
[2024-10-03T13:17:56.628+0000] {processor.py:925} INFO - DAG(s) 'example_branch_operator' retrieved from /home/airflow/.local/lib/python3.12/site-packages/airflow/example_dags/example_branch_operator.py
[2024-10-03T13:17:56.673+0000] {logging_mixin.py:190} INFO - [2024-10-03T13:17:56.673+0000] {dag.py:3229} INFO - Sync 1 DAGs
[2024-10-03T13:17:56.730+0000] {logging_mixin.py:190} INFO - [2024-10-03T13:17:56.730+0000] {dag.py:4156} INFO - Setting next_dagrun for example_branch_operator to 2024-10-02 00:00:00+00:00, run_after=2024-10-03 00:00:00+00:00
[2024-10-03T13:17:56.805+0000] {processor.py:208} INFO - Processing /home/airflow/.local/lib/python3.12/site-packages/airflow/example_dags/example_branch_operator.py took 0.226 seconds
[2024-10-03T13:18:27.825+0000] {processor.py:186} INFO - Started process (PID=1088) to work on /home/airflow/.local/lib/python3.12/site-packages/airflow/example_dags/example_branch_operator.py
[2024-10-03T13:18:27.827+0000] {processor.py:914} INFO - Processing file /home/airflow/.local/lib/python3.12/site-packages/airflow/example_dags/example_branch_operator.py for tasks to queue
[2024-10-03T13:18:27.829+0000] {logging_mixin.py:190} INFO - [2024-10-03T13:18:27.829+0000] {dagbag.py:587} INFO - Filling up the DagBag from /home/airflow/.local/lib/python3.12/site-packages/airflow/example_dags/example_branch_operator.py
[2024-10-03T13:18:27.853+0000] {processor.py:925} INFO - DAG(s) 'example_branch_operator' retrieved from /home/airflow/.local/lib/python3.12/site-packages/airflow/example_dags/example_branch_operator.py
[2024-10-03T13:18:27.891+0000] {logging_mixin.py:190} INFO - [2024-10-03T13:18:27.890+0000] {dag.py:3229} INFO - Sync 1 DAGs
[2024-10-03T13:18:27.920+0000] {logging_mixin.py:190} INFO - [2024-10-03T13:18:27.920+0000] {dag.py:4156} INFO - Setting next_dagrun for example_branch_operator to 2024-10-02 00:00:00+00:00, run_after=2024-10-03 00:00:00+00:00
[2024-10-03T13:18:27.957+0000] {processor.py:208} INFO - Processing /home/airflow/.local/lib/python3.12/site-packages/airflow/example_dags/example_branch_operator.py took 0.139 seconds
