[2024-10-03T13:10:17.574+0000] {processor.py:186} INFO - Started process (PID=101) to work on /home/airflow/.local/lib/python3.12/site-packages/airflow/example_dags/example_python_decorator.py
[2024-10-03T13:10:17.575+0000] {processor.py:914} INFO - Processing file /home/airflow/.local/lib/python3.12/site-packages/airflow/example_dags/example_python_decorator.py for tasks to queue
[2024-10-03T13:10:17.578+0000] {logging_mixin.py:190} INFO - [2024-10-03T13:10:17.578+0000] {dagbag.py:587} INFO - Filling up the DagBag from /home/airflow/.local/lib/python3.12/site-packages/airflow/example_dags/example_python_decorator.py
[2024-10-03T13:10:17.668+0000] {processor.py:925} INFO - DAG(s) 'example_python_decorator' retrieved from /home/airflow/.local/lib/python3.12/site-packages/airflow/example_dags/example_python_decorator.py
[2024-10-03T13:10:17.822+0000] {logging_mixin.py:190} INFO - [2024-10-03T13:10:17.822+0000] {dag.py:3229} INFO - Sync 1 DAGs
[2024-10-03T13:10:17.839+0000] {logging_mixin.py:190} INFO - [2024-10-03T13:10:17.839+0000] {dag.py:4156} INFO - Setting next_dagrun for example_python_decorator to None, run_after=None
[2024-10-03T13:10:18.071+0000] {processor.py:208} INFO - Processing /home/airflow/.local/lib/python3.12/site-packages/airflow/example_dags/example_python_decorator.py took 0.504 seconds
[2024-10-03T13:10:48.848+0000] {processor.py:186} INFO - Started process (PID=164) to work on /home/airflow/.local/lib/python3.12/site-packages/airflow/example_dags/example_python_decorator.py
[2024-10-03T13:10:48.849+0000] {processor.py:914} INFO - Processing file /home/airflow/.local/lib/python3.12/site-packages/airflow/example_dags/example_python_decorator.py for tasks to queue
[2024-10-03T13:10:48.854+0000] {logging_mixin.py:190} INFO - [2024-10-03T13:10:48.853+0000] {dagbag.py:587} INFO - Filling up the DagBag from /home/airflow/.local/lib/python3.12/site-packages/airflow/example_dags/example_python_decorator.py
[2024-10-03T13:10:48.886+0000] {processor.py:925} INFO - DAG(s) 'example_python_decorator' retrieved from /home/airflow/.local/lib/python3.12/site-packages/airflow/example_dags/example_python_decorator.py
[2024-10-03T13:10:48.925+0000] {logging_mixin.py:190} INFO - [2024-10-03T13:10:48.925+0000] {dag.py:3229} INFO - Sync 1 DAGs
[2024-10-03T13:10:48.950+0000] {logging_mixin.py:190} INFO - [2024-10-03T13:10:48.950+0000] {dag.py:4156} INFO - Setting next_dagrun for example_python_decorator to None, run_after=None
[2024-10-03T13:10:49.043+0000] {processor.py:208} INFO - Processing /home/airflow/.local/lib/python3.12/site-packages/airflow/example_dags/example_python_decorator.py took 0.207 seconds
[2024-10-03T13:11:19.119+0000] {processor.py:186} INFO - Started process (PID=227) to work on /home/airflow/.local/lib/python3.12/site-packages/airflow/example_dags/example_python_decorator.py
[2024-10-03T13:11:19.120+0000] {processor.py:914} INFO - Processing file /home/airflow/.local/lib/python3.12/site-packages/airflow/example_dags/example_python_decorator.py for tasks to queue
[2024-10-03T13:11:19.124+0000] {logging_mixin.py:190} INFO - [2024-10-03T13:11:19.123+0000] {dagbag.py:587} INFO - Filling up the DagBag from /home/airflow/.local/lib/python3.12/site-packages/airflow/example_dags/example_python_decorator.py
[2024-10-03T13:11:19.145+0000] {processor.py:925} INFO - DAG(s) 'example_python_decorator' retrieved from /home/airflow/.local/lib/python3.12/site-packages/airflow/example_dags/example_python_decorator.py
[2024-10-03T13:11:19.185+0000] {logging_mixin.py:190} INFO - [2024-10-03T13:11:19.185+0000] {dag.py:3229} INFO - Sync 1 DAGs
[2024-10-03T13:11:19.210+0000] {logging_mixin.py:190} INFO - [2024-10-03T13:11:19.210+0000] {dag.py:4156} INFO - Setting next_dagrun for example_python_decorator to None, run_after=None
[2024-10-03T13:11:19.320+0000] {processor.py:208} INFO - Processing /home/airflow/.local/lib/python3.12/site-packages/airflow/example_dags/example_python_decorator.py took 0.211 seconds
[2024-10-03T13:11:57.132+0000] {processor.py:186} INFO - Started process (PID=290) to work on /home/airflow/.local/lib/python3.12/site-packages/airflow/example_dags/example_python_decorator.py
[2024-10-03T13:11:57.133+0000] {processor.py:914} INFO - Processing file /home/airflow/.local/lib/python3.12/site-packages/airflow/example_dags/example_python_decorator.py for tasks to queue
[2024-10-03T13:11:57.136+0000] {logging_mixin.py:190} INFO - [2024-10-03T13:11:57.136+0000] {dagbag.py:587} INFO - Filling up the DagBag from /home/airflow/.local/lib/python3.12/site-packages/airflow/example_dags/example_python_decorator.py
[2024-10-03T13:11:57.158+0000] {processor.py:925} INFO - DAG(s) 'example_python_decorator' retrieved from /home/airflow/.local/lib/python3.12/site-packages/airflow/example_dags/example_python_decorator.py
[2024-10-03T13:11:57.192+0000] {logging_mixin.py:190} INFO - [2024-10-03T13:11:57.192+0000] {dag.py:3229} INFO - Sync 1 DAGs
[2024-10-03T13:11:57.216+0000] {logging_mixin.py:190} INFO - [2024-10-03T13:11:57.215+0000] {dag.py:4156} INFO - Setting next_dagrun for example_python_decorator to None, run_after=None
[2024-10-03T13:11:57.589+0000] {processor.py:208} INFO - Processing /home/airflow/.local/lib/python3.12/site-packages/airflow/example_dags/example_python_decorator.py took 0.465 seconds
[2024-10-03T13:12:28.248+0000] {processor.py:186} INFO - Started process (PID=352) to work on /home/airflow/.local/lib/python3.12/site-packages/airflow/example_dags/example_python_decorator.py
[2024-10-03T13:12:28.250+0000] {processor.py:914} INFO - Processing file /home/airflow/.local/lib/python3.12/site-packages/airflow/example_dags/example_python_decorator.py for tasks to queue
[2024-10-03T13:12:28.254+0000] {logging_mixin.py:190} INFO - [2024-10-03T13:12:28.254+0000] {dagbag.py:587} INFO - Filling up the DagBag from /home/airflow/.local/lib/python3.12/site-packages/airflow/example_dags/example_python_decorator.py
[2024-10-03T13:12:28.319+0000] {processor.py:925} INFO - DAG(s) 'example_python_decorator' retrieved from /home/airflow/.local/lib/python3.12/site-packages/airflow/example_dags/example_python_decorator.py
[2024-10-03T13:12:28.388+0000] {logging_mixin.py:190} INFO - [2024-10-03T13:12:28.388+0000] {dag.py:3229} INFO - Sync 1 DAGs
[2024-10-03T13:12:28.460+0000] {logging_mixin.py:190} INFO - [2024-10-03T13:12:28.460+0000] {dag.py:4156} INFO - Setting next_dagrun for example_python_decorator to None, run_after=None
[2024-10-03T13:12:28.600+0000] {processor.py:208} INFO - Processing /home/airflow/.local/lib/python3.12/site-packages/airflow/example_dags/example_python_decorator.py took 0.368 seconds
[2024-10-03T13:12:59.418+0000] {processor.py:186} INFO - Started process (PID=415) to work on /home/airflow/.local/lib/python3.12/site-packages/airflow/example_dags/example_python_decorator.py
[2024-10-03T13:12:59.420+0000] {processor.py:914} INFO - Processing file /home/airflow/.local/lib/python3.12/site-packages/airflow/example_dags/example_python_decorator.py for tasks to queue
[2024-10-03T13:12:59.424+0000] {logging_mixin.py:190} INFO - [2024-10-03T13:12:59.423+0000] {dagbag.py:587} INFO - Filling up the DagBag from /home/airflow/.local/lib/python3.12/site-packages/airflow/example_dags/example_python_decorator.py
[2024-10-03T13:12:59.440+0000] {processor.py:925} INFO - DAG(s) 'example_python_decorator' retrieved from /home/airflow/.local/lib/python3.12/site-packages/airflow/example_dags/example_python_decorator.py
[2024-10-03T13:12:59.467+0000] {logging_mixin.py:190} INFO - [2024-10-03T13:12:59.467+0000] {dag.py:3229} INFO - Sync 1 DAGs
[2024-10-03T13:12:59.483+0000] {logging_mixin.py:190} INFO - [2024-10-03T13:12:59.483+0000] {dag.py:4156} INFO - Setting next_dagrun for example_python_decorator to None, run_after=None
[2024-10-03T13:12:59.800+0000] {processor.py:208} INFO - Processing /home/airflow/.local/lib/python3.12/site-packages/airflow/example_dags/example_python_decorator.py took 0.388 seconds
[2024-10-03T13:13:31.889+0000] {processor.py:186} INFO - Started process (PID=484) to work on /home/airflow/.local/lib/python3.12/site-packages/airflow/example_dags/example_python_decorator.py
[2024-10-03T13:13:31.893+0000] {processor.py:914} INFO - Processing file /home/airflow/.local/lib/python3.12/site-packages/airflow/example_dags/example_python_decorator.py for tasks to queue
[2024-10-03T13:13:31.899+0000] {logging_mixin.py:190} INFO - [2024-10-03T13:13:31.898+0000] {dagbag.py:587} INFO - Filling up the DagBag from /home/airflow/.local/lib/python3.12/site-packages/airflow/example_dags/example_python_decorator.py
[2024-10-03T13:13:31.941+0000] {processor.py:925} INFO - DAG(s) 'example_python_decorator' retrieved from /home/airflow/.local/lib/python3.12/site-packages/airflow/example_dags/example_python_decorator.py
[2024-10-03T13:13:31.995+0000] {logging_mixin.py:190} INFO - [2024-10-03T13:13:31.994+0000] {dag.py:3229} INFO - Sync 1 DAGs
[2024-10-03T13:13:32.035+0000] {logging_mixin.py:190} INFO - [2024-10-03T13:13:32.034+0000] {dag.py:4156} INFO - Setting next_dagrun for example_python_decorator to None, run_after=None
[2024-10-03T13:13:32.579+0000] {processor.py:208} INFO - Processing /home/airflow/.local/lib/python3.12/site-packages/airflow/example_dags/example_python_decorator.py took 0.701 seconds
[2024-10-03T13:14:03.140+0000] {processor.py:186} INFO - Started process (PID=547) to work on /home/airflow/.local/lib/python3.12/site-packages/airflow/example_dags/example_python_decorator.py
[2024-10-03T13:14:03.272+0000] {processor.py:914} INFO - Processing file /home/airflow/.local/lib/python3.12/site-packages/airflow/example_dags/example_python_decorator.py for tasks to queue
[2024-10-03T13:14:03.275+0000] {logging_mixin.py:190} INFO - [2024-10-03T13:14:03.275+0000] {dagbag.py:587} INFO - Filling up the DagBag from /home/airflow/.local/lib/python3.12/site-packages/airflow/example_dags/example_python_decorator.py
[2024-10-03T13:14:03.302+0000] {processor.py:925} INFO - DAG(s) 'example_python_decorator' retrieved from /home/airflow/.local/lib/python3.12/site-packages/airflow/example_dags/example_python_decorator.py
[2024-10-03T13:14:03.337+0000] {logging_mixin.py:190} INFO - [2024-10-03T13:14:03.336+0000] {dag.py:3229} INFO - Sync 1 DAGs
[2024-10-03T13:14:03.367+0000] {logging_mixin.py:190} INFO - [2024-10-03T13:14:03.367+0000] {dag.py:4156} INFO - Setting next_dagrun for example_python_decorator to None, run_after=None
[2024-10-03T13:14:03.521+0000] {processor.py:208} INFO - Processing /home/airflow/.local/lib/python3.12/site-packages/airflow/example_dags/example_python_decorator.py took 0.390 seconds
[2024-10-03T13:14:35.279+0000] {processor.py:186} INFO - Started process (PID=610) to work on /home/airflow/.local/lib/python3.12/site-packages/airflow/example_dags/example_python_decorator.py
[2024-10-03T13:14:35.282+0000] {processor.py:914} INFO - Processing file /home/airflow/.local/lib/python3.12/site-packages/airflow/example_dags/example_python_decorator.py for tasks to queue
[2024-10-03T13:14:35.295+0000] {logging_mixin.py:190} INFO - [2024-10-03T13:14:35.293+0000] {dagbag.py:587} INFO - Filling up the DagBag from /home/airflow/.local/lib/python3.12/site-packages/airflow/example_dags/example_python_decorator.py
[2024-10-03T13:14:35.352+0000] {processor.py:925} INFO - DAG(s) 'example_python_decorator' retrieved from /home/airflow/.local/lib/python3.12/site-packages/airflow/example_dags/example_python_decorator.py
[2024-10-03T13:14:35.462+0000] {logging_mixin.py:190} INFO - [2024-10-03T13:14:35.455+0000] {dag.py:3229} INFO - Sync 1 DAGs
[2024-10-03T13:14:35.547+0000] {logging_mixin.py:190} INFO - [2024-10-03T13:14:35.546+0000] {dag.py:4156} INFO - Setting next_dagrun for example_python_decorator to None, run_after=None
[2024-10-03T13:14:36.329+0000] {processor.py:208} INFO - Processing /home/airflow/.local/lib/python3.12/site-packages/airflow/example_dags/example_python_decorator.py took 1.079 seconds
[2024-10-03T13:15:07.039+0000] {processor.py:186} INFO - Started process (PID=673) to work on /home/airflow/.local/lib/python3.12/site-packages/airflow/example_dags/example_python_decorator.py
[2024-10-03T13:15:07.043+0000] {processor.py:914} INFO - Processing file /home/airflow/.local/lib/python3.12/site-packages/airflow/example_dags/example_python_decorator.py for tasks to queue
[2024-10-03T13:15:07.047+0000] {logging_mixin.py:190} INFO - [2024-10-03T13:15:07.046+0000] {dagbag.py:587} INFO - Filling up the DagBag from /home/airflow/.local/lib/python3.12/site-packages/airflow/example_dags/example_python_decorator.py
[2024-10-03T13:15:07.072+0000] {processor.py:925} INFO - DAG(s) 'example_python_decorator' retrieved from /home/airflow/.local/lib/python3.12/site-packages/airflow/example_dags/example_python_decorator.py
[2024-10-03T13:15:07.112+0000] {logging_mixin.py:190} INFO - [2024-10-03T13:15:07.111+0000] {dag.py:3229} INFO - Sync 1 DAGs
[2024-10-03T13:15:07.137+0000] {logging_mixin.py:190} INFO - [2024-10-03T13:15:07.136+0000] {dag.py:4156} INFO - Setting next_dagrun for example_python_decorator to None, run_after=None
[2024-10-03T13:15:07.449+0000] {processor.py:208} INFO - Processing /home/airflow/.local/lib/python3.12/site-packages/airflow/example_dags/example_python_decorator.py took 0.419 seconds
[2024-10-03T13:15:38.303+0000] {processor.py:186} INFO - Started process (PID=736) to work on /home/airflow/.local/lib/python3.12/site-packages/airflow/example_dags/example_python_decorator.py
[2024-10-03T13:15:38.304+0000] {processor.py:914} INFO - Processing file /home/airflow/.local/lib/python3.12/site-packages/airflow/example_dags/example_python_decorator.py for tasks to queue
[2024-10-03T13:15:38.310+0000] {logging_mixin.py:190} INFO - [2024-10-03T13:15:38.309+0000] {dagbag.py:587} INFO - Filling up the DagBag from /home/airflow/.local/lib/python3.12/site-packages/airflow/example_dags/example_python_decorator.py
[2024-10-03T13:15:38.340+0000] {processor.py:925} INFO - DAG(s) 'example_python_decorator' retrieved from /home/airflow/.local/lib/python3.12/site-packages/airflow/example_dags/example_python_decorator.py
[2024-10-03T13:15:38.383+0000] {logging_mixin.py:190} INFO - [2024-10-03T13:15:38.383+0000] {dag.py:3229} INFO - Sync 1 DAGs
[2024-10-03T13:15:38.404+0000] {logging_mixin.py:190} INFO - [2024-10-03T13:15:38.404+0000] {dag.py:4156} INFO - Setting next_dagrun for example_python_decorator to None, run_after=None
[2024-10-03T13:15:38.669+0000] {processor.py:208} INFO - Processing /home/airflow/.local/lib/python3.12/site-packages/airflow/example_dags/example_python_decorator.py took 0.377 seconds
[2024-10-03T13:16:09.438+0000] {processor.py:186} INFO - Started process (PID=799) to work on /home/airflow/.local/lib/python3.12/site-packages/airflow/example_dags/example_python_decorator.py
[2024-10-03T13:16:09.439+0000] {processor.py:914} INFO - Processing file /home/airflow/.local/lib/python3.12/site-packages/airflow/example_dags/example_python_decorator.py for tasks to queue
[2024-10-03T13:16:09.443+0000] {logging_mixin.py:190} INFO - [2024-10-03T13:16:09.442+0000] {dagbag.py:587} INFO - Filling up the DagBag from /home/airflow/.local/lib/python3.12/site-packages/airflow/example_dags/example_python_decorator.py
[2024-10-03T13:16:09.459+0000] {processor.py:925} INFO - DAG(s) 'example_python_decorator' retrieved from /home/airflow/.local/lib/python3.12/site-packages/airflow/example_dags/example_python_decorator.py
[2024-10-03T13:16:09.482+0000] {logging_mixin.py:190} INFO - [2024-10-03T13:16:09.482+0000] {dag.py:3229} INFO - Sync 1 DAGs
[2024-10-03T13:16:09.499+0000] {logging_mixin.py:190} INFO - [2024-10-03T13:16:09.498+0000] {dag.py:4156} INFO - Setting next_dagrun for example_python_decorator to None, run_after=None
[2024-10-03T13:16:09.833+0000] {processor.py:208} INFO - Processing /home/airflow/.local/lib/python3.12/site-packages/airflow/example_dags/example_python_decorator.py took 0.401 seconds
[2024-10-03T13:16:39.926+0000] {processor.py:186} INFO - Started process (PID=862) to work on /home/airflow/.local/lib/python3.12/site-packages/airflow/example_dags/example_python_decorator.py
[2024-10-03T13:16:39.927+0000] {processor.py:914} INFO - Processing file /home/airflow/.local/lib/python3.12/site-packages/airflow/example_dags/example_python_decorator.py for tasks to queue
[2024-10-03T13:16:39.929+0000] {logging_mixin.py:190} INFO - [2024-10-03T13:16:39.929+0000] {dagbag.py:587} INFO - Filling up the DagBag from /home/airflow/.local/lib/python3.12/site-packages/airflow/example_dags/example_python_decorator.py
[2024-10-03T13:16:39.947+0000] {processor.py:925} INFO - DAG(s) 'example_python_decorator' retrieved from /home/airflow/.local/lib/python3.12/site-packages/airflow/example_dags/example_python_decorator.py
[2024-10-03T13:16:39.988+0000] {logging_mixin.py:190} INFO - [2024-10-03T13:16:39.988+0000] {dag.py:3229} INFO - Sync 1 DAGs
[2024-10-03T13:16:40.013+0000] {logging_mixin.py:190} INFO - [2024-10-03T13:16:40.013+0000] {dag.py:4156} INFO - Setting next_dagrun for example_python_decorator to None, run_after=None
[2024-10-03T13:16:40.244+0000] {processor.py:208} INFO - Processing /home/airflow/.local/lib/python3.12/site-packages/airflow/example_dags/example_python_decorator.py took 0.323 seconds
[2024-10-03T13:17:10.368+0000] {processor.py:186} INFO - Started process (PID=925) to work on /home/airflow/.local/lib/python3.12/site-packages/airflow/example_dags/example_python_decorator.py
[2024-10-03T13:17:10.369+0000] {processor.py:914} INFO - Processing file /home/airflow/.local/lib/python3.12/site-packages/airflow/example_dags/example_python_decorator.py for tasks to queue
[2024-10-03T13:17:10.371+0000] {logging_mixin.py:190} INFO - [2024-10-03T13:17:10.371+0000] {dagbag.py:587} INFO - Filling up the DagBag from /home/airflow/.local/lib/python3.12/site-packages/airflow/example_dags/example_python_decorator.py
[2024-10-03T13:17:10.390+0000] {processor.py:925} INFO - DAG(s) 'example_python_decorator' retrieved from /home/airflow/.local/lib/python3.12/site-packages/airflow/example_dags/example_python_decorator.py
[2024-10-03T13:17:10.426+0000] {logging_mixin.py:190} INFO - [2024-10-03T13:17:10.425+0000] {dag.py:3229} INFO - Sync 1 DAGs
[2024-10-03T13:17:10.449+0000] {logging_mixin.py:190} INFO - [2024-10-03T13:17:10.449+0000] {dag.py:4156} INFO - Setting next_dagrun for example_python_decorator to None, run_after=None
[2024-10-03T13:17:10.528+0000] {processor.py:208} INFO - Processing /home/airflow/.local/lib/python3.12/site-packages/airflow/example_dags/example_python_decorator.py took 0.167 seconds
[2024-10-03T13:17:41.150+0000] {processor.py:186} INFO - Started process (PID=988) to work on /home/airflow/.local/lib/python3.12/site-packages/airflow/example_dags/example_python_decorator.py
[2024-10-03T13:17:41.151+0000] {processor.py:914} INFO - Processing file /home/airflow/.local/lib/python3.12/site-packages/airflow/example_dags/example_python_decorator.py for tasks to queue
[2024-10-03T13:17:41.154+0000] {logging_mixin.py:190} INFO - [2024-10-03T13:17:41.154+0000] {dagbag.py:587} INFO - Filling up the DagBag from /home/airflow/.local/lib/python3.12/site-packages/airflow/example_dags/example_python_decorator.py
[2024-10-03T13:17:41.174+0000] {processor.py:925} INFO - DAG(s) 'example_python_decorator' retrieved from /home/airflow/.local/lib/python3.12/site-packages/airflow/example_dags/example_python_decorator.py
[2024-10-03T13:17:41.207+0000] {logging_mixin.py:190} INFO - [2024-10-03T13:17:41.207+0000] {dag.py:3229} INFO - Sync 1 DAGs
[2024-10-03T13:17:41.228+0000] {logging_mixin.py:190} INFO - [2024-10-03T13:17:41.227+0000] {dag.py:4156} INFO - Setting next_dagrun for example_python_decorator to None, run_after=None
[2024-10-03T13:17:41.359+0000] {processor.py:208} INFO - Processing /home/airflow/.local/lib/python3.12/site-packages/airflow/example_dags/example_python_decorator.py took 0.219 seconds
[2024-10-03T13:18:12.481+0000] {processor.py:186} INFO - Started process (PID=1051) to work on /home/airflow/.local/lib/python3.12/site-packages/airflow/example_dags/example_python_decorator.py
[2024-10-03T13:18:12.483+0000] {processor.py:914} INFO - Processing file /home/airflow/.local/lib/python3.12/site-packages/airflow/example_dags/example_python_decorator.py for tasks to queue
[2024-10-03T13:18:12.487+0000] {logging_mixin.py:190} INFO - [2024-10-03T13:18:12.486+0000] {dagbag.py:587} INFO - Filling up the DagBag from /home/airflow/.local/lib/python3.12/site-packages/airflow/example_dags/example_python_decorator.py
[2024-10-03T13:18:12.509+0000] {processor.py:925} INFO - DAG(s) 'example_python_decorator' retrieved from /home/airflow/.local/lib/python3.12/site-packages/airflow/example_dags/example_python_decorator.py
[2024-10-03T13:18:12.547+0000] {logging_mixin.py:190} INFO - [2024-10-03T13:18:12.547+0000] {dag.py:3229} INFO - Sync 1 DAGs
[2024-10-03T13:18:12.577+0000] {logging_mixin.py:190} INFO - [2024-10-03T13:18:12.576+0000] {dag.py:4156} INFO - Setting next_dagrun for example_python_decorator to None, run_after=None
[2024-10-03T13:18:12.921+0000] {processor.py:208} INFO - Processing /home/airflow/.local/lib/python3.12/site-packages/airflow/example_dags/example_python_decorator.py took 0.450 seconds
