[2024-10-03T13:10:09.212+0000] {processor.py:186} INFO - Started process (PID=83) to work on /home/airflow/.local/lib/python3.12/site-packages/airflow/example_dags/example_datasets.py
[2024-10-03T13:10:09.214+0000] {processor.py:914} INFO - Processing file /home/airflow/.local/lib/python3.12/site-packages/airflow/example_dags/example_datasets.py for tasks to queue
[2024-10-03T13:10:09.219+0000] {logging_mixin.py:190} INFO - [2024-10-03T13:10:09.219+0000] {dagbag.py:587} INFO - Filling up the DagBag from /home/airflow/.local/lib/python3.12/site-packages/airflow/example_dags/example_datasets.py
[2024-10-03T13:10:13.137+0000] {processor.py:925} INFO - DAG(s) 'dataset_consumes_1_and_2', 'consume_1_or_2_with_dataset_expressions', 'dataset_consumes_unknown_never_scheduled', 'consume_1_and_2_with_dataset_expressions', 'dataset_produces_1', 'dataset_produces_2', 'dataset_consumes_1', 'conditional_dataset_and_time_based_timetable', 'consume_1_or_both_2_and_3_with_dataset_expressions', 'dataset_consumes_1_never_scheduled' retrieved from /home/airflow/.local/lib/python3.12/site-packages/airflow/example_dags/example_datasets.py
[2024-10-03T13:10:13.210+0000] {logging_mixin.py:190} INFO - [2024-10-03T13:10:13.209+0000] {dag.py:3229} INFO - Sync 10 DAGs
[2024-10-03T13:10:13.251+0000] {logging_mixin.py:190} INFO - [2024-10-03T13:10:13.251+0000] {dag.py:4156} INFO - Setting next_dagrun for conditional_dataset_and_time_based_timetable to 2024-10-02 01:00:00+00:00, run_after=2024-10-02 01:00:00+00:00
[2024-10-03T13:10:13.259+0000] {logging_mixin.py:190} INFO - [2024-10-03T13:10:13.258+0000] {dag.py:4156} INFO - Setting next_dagrun for consume_1_and_2_with_dataset_expressions to None, run_after=None
[2024-10-03T13:10:13.266+0000] {logging_mixin.py:190} INFO - [2024-10-03T13:10:13.265+0000] {dag.py:4156} INFO - Setting next_dagrun for consume_1_or_2_with_dataset_expressions to None, run_after=None
[2024-10-03T13:10:13.270+0000] {logging_mixin.py:190} INFO - [2024-10-03T13:10:13.269+0000] {dag.py:4156} INFO - Setting next_dagrun for consume_1_or_both_2_and_3_with_dataset_expressions to None, run_after=None
[2024-10-03T13:10:13.273+0000] {logging_mixin.py:190} INFO - [2024-10-03T13:10:13.272+0000] {dag.py:4156} INFO - Setting next_dagrun for dataset_consumes_1 to None, run_after=None
[2024-10-03T13:10:13.276+0000] {logging_mixin.py:190} INFO - [2024-10-03T13:10:13.275+0000] {dag.py:4156} INFO - Setting next_dagrun for dataset_consumes_1_and_2 to None, run_after=None
[2024-10-03T13:10:13.279+0000] {logging_mixin.py:190} INFO - [2024-10-03T13:10:13.278+0000] {dag.py:4156} INFO - Setting next_dagrun for dataset_consumes_1_never_scheduled to None, run_after=None
[2024-10-03T13:10:13.281+0000] {logging_mixin.py:190} INFO - [2024-10-03T13:10:13.281+0000] {dag.py:4156} INFO - Setting next_dagrun for dataset_consumes_unknown_never_scheduled to None, run_after=None
[2024-10-03T13:10:13.289+0000] {logging_mixin.py:190} INFO - [2024-10-03T13:10:13.288+0000] {dag.py:4156} INFO - Setting next_dagrun for dataset_produces_1 to 2024-10-02 00:00:00+00:00, run_after=2024-10-03 00:00:00+00:00
[2024-10-03T13:10:13.291+0000] {logging_mixin.py:190} INFO - [2024-10-03T13:10:13.290+0000] {dag.py:4156} INFO - Setting next_dagrun for dataset_produces_2 to None, run_after=None
[2024-10-03T13:10:13.772+0000] {processor.py:208} INFO - Processing /home/airflow/.local/lib/python3.12/site-packages/airflow/example_dags/example_datasets.py took 4.570 seconds
[2024-10-03T13:10:44.442+0000] {processor.py:186} INFO - Started process (PID=146) to work on /home/airflow/.local/lib/python3.12/site-packages/airflow/example_dags/example_datasets.py
[2024-10-03T13:10:44.561+0000] {processor.py:914} INFO - Processing file /home/airflow/.local/lib/python3.12/site-packages/airflow/example_dags/example_datasets.py for tasks to queue
[2024-10-03T13:10:44.572+0000] {logging_mixin.py:190} INFO - [2024-10-03T13:10:44.572+0000] {dagbag.py:587} INFO - Filling up the DagBag from /home/airflow/.local/lib/python3.12/site-packages/airflow/example_dags/example_datasets.py
[2024-10-03T13:10:45.412+0000] {processor.py:925} INFO - DAG(s) 'dataset_consumes_1_never_scheduled', 'consume_1_or_both_2_and_3_with_dataset_expressions', 'consume_1_or_2_with_dataset_expressions', 'dataset_produces_2', 'dataset_produces_1', 'dataset_consumes_1_and_2', 'conditional_dataset_and_time_based_timetable', 'consume_1_and_2_with_dataset_expressions', 'dataset_consumes_1', 'dataset_consumes_unknown_never_scheduled' retrieved from /home/airflow/.local/lib/python3.12/site-packages/airflow/example_dags/example_datasets.py
[2024-10-03T13:10:45.586+0000] {logging_mixin.py:190} INFO - [2024-10-03T13:10:45.585+0000] {dag.py:3229} INFO - Sync 10 DAGs
[2024-10-03T13:10:45.739+0000] {logging_mixin.py:190} INFO - [2024-10-03T13:10:45.738+0000] {dag.py:4156} INFO - Setting next_dagrun for conditional_dataset_and_time_based_timetable to 2024-10-02 01:00:00+00:00, run_after=2024-10-02 01:00:00+00:00
[2024-10-03T13:10:45.751+0000] {logging_mixin.py:190} INFO - [2024-10-03T13:10:45.751+0000] {dag.py:4156} INFO - Setting next_dagrun for consume_1_and_2_with_dataset_expressions to None, run_after=None
[2024-10-03T13:10:45.754+0000] {logging_mixin.py:190} INFO - [2024-10-03T13:10:45.754+0000] {dag.py:4156} INFO - Setting next_dagrun for consume_1_or_2_with_dataset_expressions to None, run_after=None
[2024-10-03T13:10:45.757+0000] {logging_mixin.py:190} INFO - [2024-10-03T13:10:45.756+0000] {dag.py:4156} INFO - Setting next_dagrun for consume_1_or_both_2_and_3_with_dataset_expressions to None, run_after=None
[2024-10-03T13:10:45.759+0000] {logging_mixin.py:190} INFO - [2024-10-03T13:10:45.759+0000] {dag.py:4156} INFO - Setting next_dagrun for dataset_consumes_1 to None, run_after=None
[2024-10-03T13:10:45.762+0000] {logging_mixin.py:190} INFO - [2024-10-03T13:10:45.762+0000] {dag.py:4156} INFO - Setting next_dagrun for dataset_consumes_1_and_2 to None, run_after=None
[2024-10-03T13:10:45.765+0000] {logging_mixin.py:190} INFO - [2024-10-03T13:10:45.764+0000] {dag.py:4156} INFO - Setting next_dagrun for dataset_consumes_1_never_scheduled to None, run_after=None
[2024-10-03T13:10:45.768+0000] {logging_mixin.py:190} INFO - [2024-10-03T13:10:45.767+0000] {dag.py:4156} INFO - Setting next_dagrun for dataset_consumes_unknown_never_scheduled to None, run_after=None
[2024-10-03T13:10:45.772+0000] {logging_mixin.py:190} INFO - [2024-10-03T13:10:45.772+0000] {dag.py:4156} INFO - Setting next_dagrun for dataset_produces_1 to 2024-10-02 00:00:00+00:00, run_after=2024-10-03 00:00:00+00:00
[2024-10-03T13:10:45.776+0000] {logging_mixin.py:190} INFO - [2024-10-03T13:10:45.776+0000] {dag.py:4156} INFO - Setting next_dagrun for dataset_produces_2 to None, run_after=None
[2024-10-03T13:10:45.929+0000] {processor.py:208} INFO - Processing /home/airflow/.local/lib/python3.12/site-packages/airflow/example_dags/example_datasets.py took 1.501 seconds
[2024-10-03T13:11:16.088+0000] {processor.py:186} INFO - Started process (PID=209) to work on /home/airflow/.local/lib/python3.12/site-packages/airflow/example_dags/example_datasets.py
[2024-10-03T13:11:16.089+0000] {processor.py:914} INFO - Processing file /home/airflow/.local/lib/python3.12/site-packages/airflow/example_dags/example_datasets.py for tasks to queue
[2024-10-03T13:11:16.092+0000] {logging_mixin.py:190} INFO - [2024-10-03T13:11:16.092+0000] {dagbag.py:587} INFO - Filling up the DagBag from /home/airflow/.local/lib/python3.12/site-packages/airflow/example_dags/example_datasets.py
[2024-10-03T13:11:16.322+0000] {processor.py:925} INFO - DAG(s) 'dataset_consumes_1_never_scheduled', 'consume_1_or_2_with_dataset_expressions', 'dataset_produces_2', 'dataset_consumes_1_and_2', 'dataset_consumes_1', 'dataset_produces_1', 'consume_1_or_both_2_and_3_with_dataset_expressions', 'dataset_consumes_unknown_never_scheduled', 'conditional_dataset_and_time_based_timetable', 'consume_1_and_2_with_dataset_expressions' retrieved from /home/airflow/.local/lib/python3.12/site-packages/airflow/example_dags/example_datasets.py
[2024-10-03T13:11:16.408+0000] {logging_mixin.py:190} INFO - [2024-10-03T13:11:16.408+0000] {dag.py:3229} INFO - Sync 10 DAGs
[2024-10-03T13:11:16.463+0000] {logging_mixin.py:190} INFO - [2024-10-03T13:11:16.463+0000] {dag.py:4156} INFO - Setting next_dagrun for conditional_dataset_and_time_based_timetable to 2024-10-02 01:00:00+00:00, run_after=2024-10-02 01:00:00+00:00
[2024-10-03T13:11:16.470+0000] {logging_mixin.py:190} INFO - [2024-10-03T13:11:16.470+0000] {dag.py:4156} INFO - Setting next_dagrun for consume_1_and_2_with_dataset_expressions to None, run_after=None
[2024-10-03T13:11:16.472+0000] {logging_mixin.py:190} INFO - [2024-10-03T13:11:16.472+0000] {dag.py:4156} INFO - Setting next_dagrun for consume_1_or_2_with_dataset_expressions to None, run_after=None
[2024-10-03T13:11:16.475+0000] {logging_mixin.py:190} INFO - [2024-10-03T13:11:16.474+0000] {dag.py:4156} INFO - Setting next_dagrun for consume_1_or_both_2_and_3_with_dataset_expressions to None, run_after=None
[2024-10-03T13:11:16.478+0000] {logging_mixin.py:190} INFO - [2024-10-03T13:11:16.477+0000] {dag.py:4156} INFO - Setting next_dagrun for dataset_consumes_1 to None, run_after=None
[2024-10-03T13:11:16.483+0000] {logging_mixin.py:190} INFO - [2024-10-03T13:11:16.482+0000] {dag.py:4156} INFO - Setting next_dagrun for dataset_consumes_1_and_2 to None, run_after=None
[2024-10-03T13:11:16.486+0000] {logging_mixin.py:190} INFO - [2024-10-03T13:11:16.486+0000] {dag.py:4156} INFO - Setting next_dagrun for dataset_consumes_1_never_scheduled to None, run_after=None
[2024-10-03T13:11:16.488+0000] {logging_mixin.py:190} INFO - [2024-10-03T13:11:16.488+0000] {dag.py:4156} INFO - Setting next_dagrun for dataset_consumes_unknown_never_scheduled to None, run_after=None
[2024-10-03T13:11:16.493+0000] {logging_mixin.py:190} INFO - [2024-10-03T13:11:16.492+0000] {dag.py:4156} INFO - Setting next_dagrun for dataset_produces_1 to 2024-10-02 00:00:00+00:00, run_after=2024-10-03 00:00:00+00:00
[2024-10-03T13:11:16.495+0000] {logging_mixin.py:190} INFO - [2024-10-03T13:11:16.494+0000] {dag.py:4156} INFO - Setting next_dagrun for dataset_produces_2 to None, run_after=None
[2024-10-03T13:11:16.619+0000] {processor.py:208} INFO - Processing /home/airflow/.local/lib/python3.12/site-packages/airflow/example_dags/example_datasets.py took 0.538 seconds
[2024-10-03T13:11:47.597+0000] {processor.py:186} INFO - Started process (PID=272) to work on /home/airflow/.local/lib/python3.12/site-packages/airflow/example_dags/example_datasets.py
[2024-10-03T13:11:47.613+0000] {processor.py:914} INFO - Processing file /home/airflow/.local/lib/python3.12/site-packages/airflow/example_dags/example_datasets.py for tasks to queue
[2024-10-03T13:11:47.620+0000] {logging_mixin.py:190} INFO - [2024-10-03T13:11:47.619+0000] {dagbag.py:587} INFO - Filling up the DagBag from /home/airflow/.local/lib/python3.12/site-packages/airflow/example_dags/example_datasets.py
[2024-10-03T13:11:48.210+0000] {processor.py:925} INFO - DAG(s) 'conditional_dataset_and_time_based_timetable', 'dataset_consumes_1_and_2', 'dataset_produces_2', 'dataset_produces_1', 'consume_1_or_both_2_and_3_with_dataset_expressions', 'dataset_consumes_unknown_never_scheduled', 'consume_1_and_2_with_dataset_expressions', 'dataset_consumes_1_never_scheduled', 'dataset_consumes_1', 'consume_1_or_2_with_dataset_expressions' retrieved from /home/airflow/.local/lib/python3.12/site-packages/airflow/example_dags/example_datasets.py
[2024-10-03T13:11:48.287+0000] {logging_mixin.py:190} INFO - [2024-10-03T13:11:48.286+0000] {dag.py:3229} INFO - Sync 10 DAGs
[2024-10-03T13:11:48.360+0000] {logging_mixin.py:190} INFO - [2024-10-03T13:11:48.359+0000] {dag.py:4156} INFO - Setting next_dagrun for conditional_dataset_and_time_based_timetable to 2024-10-02 01:00:00+00:00, run_after=2024-10-02 01:00:00+00:00
[2024-10-03T13:11:48.535+0000] {logging_mixin.py:190} INFO - [2024-10-03T13:11:48.534+0000] {dag.py:4156} INFO - Setting next_dagrun for consume_1_and_2_with_dataset_expressions to None, run_after=None
[2024-10-03T13:11:48.560+0000] {logging_mixin.py:190} INFO - [2024-10-03T13:11:48.559+0000] {dag.py:4156} INFO - Setting next_dagrun for consume_1_or_2_with_dataset_expressions to None, run_after=None
[2024-10-03T13:11:48.563+0000] {logging_mixin.py:190} INFO - [2024-10-03T13:11:48.563+0000] {dag.py:4156} INFO - Setting next_dagrun for consume_1_or_both_2_and_3_with_dataset_expressions to None, run_after=None
[2024-10-03T13:11:48.567+0000] {logging_mixin.py:190} INFO - [2024-10-03T13:11:48.567+0000] {dag.py:4156} INFO - Setting next_dagrun for dataset_consumes_1 to None, run_after=None
[2024-10-03T13:11:48.571+0000] {logging_mixin.py:190} INFO - [2024-10-03T13:11:48.570+0000] {dag.py:4156} INFO - Setting next_dagrun for dataset_consumes_1_and_2 to None, run_after=None
[2024-10-03T13:11:48.719+0000] {logging_mixin.py:190} INFO - [2024-10-03T13:11:48.718+0000] {dag.py:4156} INFO - Setting next_dagrun for dataset_consumes_1_never_scheduled to None, run_after=None
[2024-10-03T13:11:48.723+0000] {logging_mixin.py:190} INFO - [2024-10-03T13:11:48.722+0000] {dag.py:4156} INFO - Setting next_dagrun for dataset_consumes_unknown_never_scheduled to None, run_after=None
[2024-10-03T13:11:48.729+0000] {logging_mixin.py:190} INFO - [2024-10-03T13:11:48.729+0000] {dag.py:4156} INFO - Setting next_dagrun for dataset_produces_1 to 2024-10-02 00:00:00+00:00, run_after=2024-10-03 00:00:00+00:00
[2024-10-03T13:11:48.733+0000] {logging_mixin.py:190} INFO - [2024-10-03T13:11:48.732+0000] {dag.py:4156} INFO - Setting next_dagrun for dataset_produces_2 to None, run_after=None
[2024-10-03T13:11:49.206+0000] {processor.py:208} INFO - Processing /home/airflow/.local/lib/python3.12/site-packages/airflow/example_dags/example_datasets.py took 1.625 seconds
[2024-10-03T13:12:20.007+0000] {processor.py:186} INFO - Started process (PID=335) to work on /home/airflow/.local/lib/python3.12/site-packages/airflow/example_dags/example_datasets.py
[2024-10-03T13:12:20.013+0000] {processor.py:914} INFO - Processing file /home/airflow/.local/lib/python3.12/site-packages/airflow/example_dags/example_datasets.py for tasks to queue
[2024-10-03T13:12:20.020+0000] {logging_mixin.py:190} INFO - [2024-10-03T13:12:20.019+0000] {dagbag.py:587} INFO - Filling up the DagBag from /home/airflow/.local/lib/python3.12/site-packages/airflow/example_dags/example_datasets.py
[2024-10-03T13:12:20.399+0000] {processor.py:925} INFO - DAG(s) 'consume_1_or_2_with_dataset_expressions', 'consume_1_and_2_with_dataset_expressions', 'dataset_consumes_1_never_scheduled', 'consume_1_or_both_2_and_3_with_dataset_expressions', 'dataset_produces_2', 'dataset_consumes_unknown_never_scheduled', 'dataset_consumes_1_and_2', 'dataset_consumes_1', 'conditional_dataset_and_time_based_timetable', 'dataset_produces_1' retrieved from /home/airflow/.local/lib/python3.12/site-packages/airflow/example_dags/example_datasets.py
[2024-10-03T13:12:20.567+0000] {logging_mixin.py:190} INFO - [2024-10-03T13:12:20.567+0000] {dag.py:3229} INFO - Sync 10 DAGs
[2024-10-03T13:12:20.738+0000] {logging_mixin.py:190} INFO - [2024-10-03T13:12:20.737+0000] {dag.py:4156} INFO - Setting next_dagrun for conditional_dataset_and_time_based_timetable to 2024-10-02 01:00:00+00:00, run_after=2024-10-02 01:00:00+00:00
[2024-10-03T13:12:20.755+0000] {logging_mixin.py:190} INFO - [2024-10-03T13:12:20.755+0000] {dag.py:4156} INFO - Setting next_dagrun for consume_1_and_2_with_dataset_expressions to None, run_after=None
[2024-10-03T13:12:20.759+0000] {logging_mixin.py:190} INFO - [2024-10-03T13:12:20.758+0000] {dag.py:4156} INFO - Setting next_dagrun for consume_1_or_2_with_dataset_expressions to None, run_after=None
[2024-10-03T13:12:20.762+0000] {logging_mixin.py:190} INFO - [2024-10-03T13:12:20.761+0000] {dag.py:4156} INFO - Setting next_dagrun for consume_1_or_both_2_and_3_with_dataset_expressions to None, run_after=None
[2024-10-03T13:12:20.765+0000] {logging_mixin.py:190} INFO - [2024-10-03T13:12:20.764+0000] {dag.py:4156} INFO - Setting next_dagrun for dataset_consumes_1 to None, run_after=None
[2024-10-03T13:12:20.768+0000] {logging_mixin.py:190} INFO - [2024-10-03T13:12:20.768+0000] {dag.py:4156} INFO - Setting next_dagrun for dataset_consumes_1_and_2 to None, run_after=None
[2024-10-03T13:12:20.770+0000] {logging_mixin.py:190} INFO - [2024-10-03T13:12:20.770+0000] {dag.py:4156} INFO - Setting next_dagrun for dataset_consumes_1_never_scheduled to None, run_after=None
[2024-10-03T13:12:20.774+0000] {logging_mixin.py:190} INFO - [2024-10-03T13:12:20.773+0000] {dag.py:4156} INFO - Setting next_dagrun for dataset_consumes_unknown_never_scheduled to None, run_after=None
[2024-10-03T13:12:20.782+0000] {logging_mixin.py:190} INFO - [2024-10-03T13:12:20.781+0000] {dag.py:4156} INFO - Setting next_dagrun for dataset_produces_1 to 2024-10-02 00:00:00+00:00, run_after=2024-10-03 00:00:00+00:00
[2024-10-03T13:12:20.785+0000] {logging_mixin.py:190} INFO - [2024-10-03T13:12:20.785+0000] {dag.py:4156} INFO - Setting next_dagrun for dataset_produces_2 to None, run_after=None
[2024-10-03T13:12:20.996+0000] {processor.py:208} INFO - Processing /home/airflow/.local/lib/python3.12/site-packages/airflow/example_dags/example_datasets.py took 0.999 seconds
[2024-10-03T13:12:51.309+0000] {processor.py:186} INFO - Started process (PID=398) to work on /home/airflow/.local/lib/python3.12/site-packages/airflow/example_dags/example_datasets.py
[2024-10-03T13:12:51.310+0000] {processor.py:914} INFO - Processing file /home/airflow/.local/lib/python3.12/site-packages/airflow/example_dags/example_datasets.py for tasks to queue
[2024-10-03T13:12:51.312+0000] {logging_mixin.py:190} INFO - [2024-10-03T13:12:51.311+0000] {dagbag.py:587} INFO - Filling up the DagBag from /home/airflow/.local/lib/python3.12/site-packages/airflow/example_dags/example_datasets.py
[2024-10-03T13:12:51.495+0000] {processor.py:925} INFO - DAG(s) 'conditional_dataset_and_time_based_timetable', 'consume_1_and_2_with_dataset_expressions', 'dataset_consumes_1_and_2', 'consume_1_or_both_2_and_3_with_dataset_expressions', 'dataset_consumes_unknown_never_scheduled', 'dataset_consumes_1_never_scheduled', 'dataset_produces_2', 'dataset_consumes_1', 'consume_1_or_2_with_dataset_expressions', 'dataset_produces_1' retrieved from /home/airflow/.local/lib/python3.12/site-packages/airflow/example_dags/example_datasets.py
[2024-10-03T13:12:51.554+0000] {logging_mixin.py:190} INFO - [2024-10-03T13:12:51.554+0000] {dag.py:3229} INFO - Sync 10 DAGs
[2024-10-03T13:12:51.591+0000] {logging_mixin.py:190} INFO - [2024-10-03T13:12:51.590+0000] {dag.py:4156} INFO - Setting next_dagrun for conditional_dataset_and_time_based_timetable to 2024-10-02 01:00:00+00:00, run_after=2024-10-02 01:00:00+00:00
[2024-10-03T13:12:51.596+0000] {logging_mixin.py:190} INFO - [2024-10-03T13:12:51.596+0000] {dag.py:4156} INFO - Setting next_dagrun for consume_1_and_2_with_dataset_expressions to None, run_after=None
[2024-10-03T13:12:51.599+0000] {logging_mixin.py:190} INFO - [2024-10-03T13:12:51.598+0000] {dag.py:4156} INFO - Setting next_dagrun for consume_1_or_2_with_dataset_expressions to None, run_after=None
[2024-10-03T13:12:51.601+0000] {logging_mixin.py:190} INFO - [2024-10-03T13:12:51.601+0000] {dag.py:4156} INFO - Setting next_dagrun for consume_1_or_both_2_and_3_with_dataset_expressions to None, run_after=None
[2024-10-03T13:12:51.604+0000] {logging_mixin.py:190} INFO - [2024-10-03T13:12:51.604+0000] {dag.py:4156} INFO - Setting next_dagrun for dataset_consumes_1 to None, run_after=None
[2024-10-03T13:12:51.608+0000] {logging_mixin.py:190} INFO - [2024-10-03T13:12:51.607+0000] {dag.py:4156} INFO - Setting next_dagrun for dataset_consumes_1_and_2 to None, run_after=None
[2024-10-03T13:12:51.611+0000] {logging_mixin.py:190} INFO - [2024-10-03T13:12:51.611+0000] {dag.py:4156} INFO - Setting next_dagrun for dataset_consumes_1_never_scheduled to None, run_after=None
[2024-10-03T13:12:51.614+0000] {logging_mixin.py:190} INFO - [2024-10-03T13:12:51.614+0000] {dag.py:4156} INFO - Setting next_dagrun for dataset_consumes_unknown_never_scheduled to None, run_after=None
[2024-10-03T13:12:51.622+0000] {logging_mixin.py:190} INFO - [2024-10-03T13:12:51.621+0000] {dag.py:4156} INFO - Setting next_dagrun for dataset_produces_1 to 2024-10-02 00:00:00+00:00, run_after=2024-10-03 00:00:00+00:00
[2024-10-03T13:12:51.625+0000] {logging_mixin.py:190} INFO - [2024-10-03T13:12:51.625+0000] {dag.py:4156} INFO - Setting next_dagrun for dataset_produces_2 to None, run_after=None
[2024-10-03T13:12:51.914+0000] {processor.py:208} INFO - Processing /home/airflow/.local/lib/python3.12/site-packages/airflow/example_dags/example_datasets.py took 0.611 seconds
[2024-10-03T13:13:22.304+0000] {processor.py:186} INFO - Started process (PID=461) to work on /home/airflow/.local/lib/python3.12/site-packages/airflow/example_dags/example_datasets.py
[2024-10-03T13:13:22.306+0000] {processor.py:914} INFO - Processing file /home/airflow/.local/lib/python3.12/site-packages/airflow/example_dags/example_datasets.py for tasks to queue
[2024-10-03T13:13:22.311+0000] {logging_mixin.py:190} INFO - [2024-10-03T13:13:22.310+0000] {dagbag.py:587} INFO - Filling up the DagBag from /home/airflow/.local/lib/python3.12/site-packages/airflow/example_dags/example_datasets.py
[2024-10-03T13:13:22.603+0000] {processor.py:925} INFO - DAG(s) 'dataset_produces_1', 'dataset_consumes_1_never_scheduled', 'consume_1_or_2_with_dataset_expressions', 'consume_1_and_2_with_dataset_expressions', 'consume_1_or_both_2_and_3_with_dataset_expressions', 'dataset_consumes_1', 'dataset_consumes_unknown_never_scheduled', 'conditional_dataset_and_time_based_timetable', 'dataset_consumes_1_and_2', 'dataset_produces_2' retrieved from /home/airflow/.local/lib/python3.12/site-packages/airflow/example_dags/example_datasets.py
[2024-10-03T13:13:22.744+0000] {logging_mixin.py:190} INFO - [2024-10-03T13:13:22.743+0000] {dag.py:3229} INFO - Sync 10 DAGs
[2024-10-03T13:13:22.848+0000] {logging_mixin.py:190} INFO - [2024-10-03T13:13:22.848+0000] {dag.py:4156} INFO - Setting next_dagrun for conditional_dataset_and_time_based_timetable to 2024-10-02 01:00:00+00:00, run_after=2024-10-02 01:00:00+00:00
[2024-10-03T13:13:22.885+0000] {logging_mixin.py:190} INFO - [2024-10-03T13:13:22.884+0000] {dag.py:4156} INFO - Setting next_dagrun for consume_1_and_2_with_dataset_expressions to None, run_after=None
[2024-10-03T13:13:22.896+0000] {logging_mixin.py:190} INFO - [2024-10-03T13:13:22.895+0000] {dag.py:4156} INFO - Setting next_dagrun for consume_1_or_2_with_dataset_expressions to None, run_after=None
[2024-10-03T13:13:22.902+0000] {logging_mixin.py:190} INFO - [2024-10-03T13:13:22.901+0000] {dag.py:4156} INFO - Setting next_dagrun for consume_1_or_both_2_and_3_with_dataset_expressions to None, run_after=None
[2024-10-03T13:13:22.931+0000] {logging_mixin.py:190} INFO - [2024-10-03T13:13:22.930+0000] {dag.py:4156} INFO - Setting next_dagrun for dataset_consumes_1 to None, run_after=None
[2024-10-03T13:13:22.935+0000] {logging_mixin.py:190} INFO - [2024-10-03T13:13:22.934+0000] {dag.py:4156} INFO - Setting next_dagrun for dataset_consumes_1_and_2 to None, run_after=None
[2024-10-03T13:13:22.939+0000] {logging_mixin.py:190} INFO - [2024-10-03T13:13:22.939+0000] {dag.py:4156} INFO - Setting next_dagrun for dataset_consumes_1_never_scheduled to None, run_after=None
[2024-10-03T13:13:22.944+0000] {logging_mixin.py:190} INFO - [2024-10-03T13:13:22.944+0000] {dag.py:4156} INFO - Setting next_dagrun for dataset_consumes_unknown_never_scheduled to None, run_after=None
[2024-10-03T13:13:22.951+0000] {logging_mixin.py:190} INFO - [2024-10-03T13:13:22.951+0000] {dag.py:4156} INFO - Setting next_dagrun for dataset_produces_1 to 2024-10-02 00:00:00+00:00, run_after=2024-10-03 00:00:00+00:00
[2024-10-03T13:13:22.955+0000] {logging_mixin.py:190} INFO - [2024-10-03T13:13:22.954+0000] {dag.py:4156} INFO - Setting next_dagrun for dataset_produces_2 to None, run_after=None
[2024-10-03T13:13:23.332+0000] {processor.py:208} INFO - Processing /home/airflow/.local/lib/python3.12/site-packages/airflow/example_dags/example_datasets.py took 1.048 seconds
[2024-10-03T13:13:53.917+0000] {processor.py:186} INFO - Started process (PID=524) to work on /home/airflow/.local/lib/python3.12/site-packages/airflow/example_dags/example_datasets.py
[2024-10-03T13:13:54.343+0000] {processor.py:914} INFO - Processing file /home/airflow/.local/lib/python3.12/site-packages/airflow/example_dags/example_datasets.py for tasks to queue
[2024-10-03T13:13:54.348+0000] {logging_mixin.py:190} INFO - [2024-10-03T13:13:54.348+0000] {dagbag.py:587} INFO - Filling up the DagBag from /home/airflow/.local/lib/python3.12/site-packages/airflow/example_dags/example_datasets.py
[2024-10-03T13:13:54.758+0000] {processor.py:925} INFO - DAG(s) 'consume_1_or_both_2_and_3_with_dataset_expressions', 'dataset_produces_2', 'consume_1_or_2_with_dataset_expressions', 'dataset_consumes_unknown_never_scheduled', 'consume_1_and_2_with_dataset_expressions', 'conditional_dataset_and_time_based_timetable', 'dataset_consumes_1_and_2', 'dataset_produces_1', 'dataset_consumes_1_never_scheduled', 'dataset_consumes_1' retrieved from /home/airflow/.local/lib/python3.12/site-packages/airflow/example_dags/example_datasets.py
[2024-10-03T13:13:54.871+0000] {logging_mixin.py:190} INFO - [2024-10-03T13:13:54.870+0000] {dag.py:3229} INFO - Sync 10 DAGs
[2024-10-03T13:13:54.927+0000] {logging_mixin.py:190} INFO - [2024-10-03T13:13:54.926+0000] {dag.py:4156} INFO - Setting next_dagrun for conditional_dataset_and_time_based_timetable to 2024-10-02 01:00:00+00:00, run_after=2024-10-02 01:00:00+00:00
[2024-10-03T13:13:54.934+0000] {logging_mixin.py:190} INFO - [2024-10-03T13:13:54.934+0000] {dag.py:4156} INFO - Setting next_dagrun for consume_1_and_2_with_dataset_expressions to None, run_after=None
[2024-10-03T13:13:54.938+0000] {logging_mixin.py:190} INFO - [2024-10-03T13:13:54.938+0000] {dag.py:4156} INFO - Setting next_dagrun for consume_1_or_2_with_dataset_expressions to None, run_after=None
[2024-10-03T13:13:54.942+0000] {logging_mixin.py:190} INFO - [2024-10-03T13:13:54.941+0000] {dag.py:4156} INFO - Setting next_dagrun for consume_1_or_both_2_and_3_with_dataset_expressions to None, run_after=None
[2024-10-03T13:13:54.949+0000] {logging_mixin.py:190} INFO - [2024-10-03T13:13:54.948+0000] {dag.py:4156} INFO - Setting next_dagrun for dataset_consumes_1 to None, run_after=None
[2024-10-03T13:13:54.953+0000] {logging_mixin.py:190} INFO - [2024-10-03T13:13:54.952+0000] {dag.py:4156} INFO - Setting next_dagrun for dataset_consumes_1_and_2 to None, run_after=None
[2024-10-03T13:13:54.956+0000] {logging_mixin.py:190} INFO - [2024-10-03T13:13:54.956+0000] {dag.py:4156} INFO - Setting next_dagrun for dataset_consumes_1_never_scheduled to None, run_after=None
[2024-10-03T13:13:54.959+0000] {logging_mixin.py:190} INFO - [2024-10-03T13:13:54.959+0000] {dag.py:4156} INFO - Setting next_dagrun for dataset_consumes_unknown_never_scheduled to None, run_after=None
[2024-10-03T13:13:54.965+0000] {logging_mixin.py:190} INFO - [2024-10-03T13:13:54.965+0000] {dag.py:4156} INFO - Setting next_dagrun for dataset_produces_1 to 2024-10-02 00:00:00+00:00, run_after=2024-10-03 00:00:00+00:00
[2024-10-03T13:13:54.968+0000] {logging_mixin.py:190} INFO - [2024-10-03T13:13:54.967+0000] {dag.py:4156} INFO - Setting next_dagrun for dataset_produces_2 to None, run_after=None
[2024-10-03T13:13:55.592+0000] {processor.py:208} INFO - Processing /home/airflow/.local/lib/python3.12/site-packages/airflow/example_dags/example_datasets.py took 1.690 seconds
[2024-10-03T13:14:26.004+0000] {processor.py:186} INFO - Started process (PID=588) to work on /home/airflow/.local/lib/python3.12/site-packages/airflow/example_dags/example_datasets.py
[2024-10-03T13:14:26.006+0000] {processor.py:914} INFO - Processing file /home/airflow/.local/lib/python3.12/site-packages/airflow/example_dags/example_datasets.py for tasks to queue
[2024-10-03T13:14:26.012+0000] {logging_mixin.py:190} INFO - [2024-10-03T13:14:26.011+0000] {dagbag.py:587} INFO - Filling up the DagBag from /home/airflow/.local/lib/python3.12/site-packages/airflow/example_dags/example_datasets.py
[2024-10-03T13:14:26.368+0000] {processor.py:925} INFO - DAG(s) 'dataset_consumes_1_never_scheduled', 'consume_1_and_2_with_dataset_expressions', 'dataset_produces_2', 'consume_1_or_2_with_dataset_expressions', 'conditional_dataset_and_time_based_timetable', 'dataset_consumes_unknown_never_scheduled', 'consume_1_or_both_2_and_3_with_dataset_expressions', 'dataset_produces_1', 'dataset_consumes_1_and_2', 'dataset_consumes_1' retrieved from /home/airflow/.local/lib/python3.12/site-packages/airflow/example_dags/example_datasets.py
[2024-10-03T13:14:26.461+0000] {logging_mixin.py:190} INFO - [2024-10-03T13:14:26.460+0000] {dag.py:3229} INFO - Sync 10 DAGs
[2024-10-03T13:14:26.510+0000] {logging_mixin.py:190} INFO - [2024-10-03T13:14:26.509+0000] {dag.py:4156} INFO - Setting next_dagrun for conditional_dataset_and_time_based_timetable to 2024-10-02 01:00:00+00:00, run_after=2024-10-02 01:00:00+00:00
[2024-10-03T13:14:26.516+0000] {logging_mixin.py:190} INFO - [2024-10-03T13:14:26.516+0000] {dag.py:4156} INFO - Setting next_dagrun for consume_1_and_2_with_dataset_expressions to None, run_after=None
[2024-10-03T13:14:26.519+0000] {logging_mixin.py:190} INFO - [2024-10-03T13:14:26.518+0000] {dag.py:4156} INFO - Setting next_dagrun for consume_1_or_2_with_dataset_expressions to None, run_after=None
[2024-10-03T13:14:26.521+0000] {logging_mixin.py:190} INFO - [2024-10-03T13:14:26.521+0000] {dag.py:4156} INFO - Setting next_dagrun for consume_1_or_both_2_and_3_with_dataset_expressions to None, run_after=None
[2024-10-03T13:14:26.524+0000] {logging_mixin.py:190} INFO - [2024-10-03T13:14:26.523+0000] {dag.py:4156} INFO - Setting next_dagrun for dataset_consumes_1 to None, run_after=None
[2024-10-03T13:14:26.526+0000] {logging_mixin.py:190} INFO - [2024-10-03T13:14:26.526+0000] {dag.py:4156} INFO - Setting next_dagrun for dataset_consumes_1_and_2 to None, run_after=None
[2024-10-03T13:14:26.528+0000] {logging_mixin.py:190} INFO - [2024-10-03T13:14:26.528+0000] {dag.py:4156} INFO - Setting next_dagrun for dataset_consumes_1_never_scheduled to None, run_after=None
[2024-10-03T13:14:26.531+0000] {logging_mixin.py:190} INFO - [2024-10-03T13:14:26.530+0000] {dag.py:4156} INFO - Setting next_dagrun for dataset_consumes_unknown_never_scheduled to None, run_after=None
[2024-10-03T13:14:26.535+0000] {logging_mixin.py:190} INFO - [2024-10-03T13:14:26.534+0000] {dag.py:4156} INFO - Setting next_dagrun for dataset_produces_1 to 2024-10-02 00:00:00+00:00, run_after=2024-10-03 00:00:00+00:00
[2024-10-03T13:14:26.537+0000] {logging_mixin.py:190} INFO - [2024-10-03T13:14:26.537+0000] {dag.py:4156} INFO - Setting next_dagrun for dataset_produces_2 to None, run_after=None
[2024-10-03T13:14:26.817+0000] {processor.py:208} INFO - Processing /home/airflow/.local/lib/python3.12/site-packages/airflow/example_dags/example_datasets.py took 0.821 seconds
[2024-10-03T13:15:00.327+0000] {processor.py:186} INFO - Started process (PID=657) to work on /home/airflow/.local/lib/python3.12/site-packages/airflow/example_dags/example_datasets.py
[2024-10-03T13:15:00.328+0000] {processor.py:914} INFO - Processing file /home/airflow/.local/lib/python3.12/site-packages/airflow/example_dags/example_datasets.py for tasks to queue
[2024-10-03T13:15:00.331+0000] {logging_mixin.py:190} INFO - [2024-10-03T13:15:00.330+0000] {dagbag.py:587} INFO - Filling up the DagBag from /home/airflow/.local/lib/python3.12/site-packages/airflow/example_dags/example_datasets.py
[2024-10-03T13:15:00.562+0000] {processor.py:925} INFO - DAG(s) 'dataset_consumes_1_and_2', 'dataset_produces_1', 'consume_1_or_2_with_dataset_expressions', 'conditional_dataset_and_time_based_timetable', 'dataset_consumes_1_never_scheduled', 'dataset_consumes_1', 'dataset_consumes_unknown_never_scheduled', 'dataset_produces_2', 'consume_1_and_2_with_dataset_expressions', 'consume_1_or_both_2_and_3_with_dataset_expressions' retrieved from /home/airflow/.local/lib/python3.12/site-packages/airflow/example_dags/example_datasets.py
[2024-10-03T13:15:00.639+0000] {logging_mixin.py:190} INFO - [2024-10-03T13:15:00.639+0000] {dag.py:3229} INFO - Sync 10 DAGs
[2024-10-03T13:15:00.687+0000] {logging_mixin.py:190} INFO - [2024-10-03T13:15:00.686+0000] {dag.py:4156} INFO - Setting next_dagrun for conditional_dataset_and_time_based_timetable to 2024-10-02 01:00:00+00:00, run_after=2024-10-02 01:00:00+00:00
[2024-10-03T13:15:00.695+0000] {logging_mixin.py:190} INFO - [2024-10-03T13:15:00.694+0000] {dag.py:4156} INFO - Setting next_dagrun for consume_1_and_2_with_dataset_expressions to None, run_after=None
[2024-10-03T13:15:00.698+0000] {logging_mixin.py:190} INFO - [2024-10-03T13:15:00.698+0000] {dag.py:4156} INFO - Setting next_dagrun for consume_1_or_2_with_dataset_expressions to None, run_after=None
[2024-10-03T13:15:00.702+0000] {logging_mixin.py:190} INFO - [2024-10-03T13:15:00.701+0000] {dag.py:4156} INFO - Setting next_dagrun for consume_1_or_both_2_and_3_with_dataset_expressions to None, run_after=None
[2024-10-03T13:15:00.704+0000] {logging_mixin.py:190} INFO - [2024-10-03T13:15:00.704+0000] {dag.py:4156} INFO - Setting next_dagrun for dataset_consumes_1 to None, run_after=None
[2024-10-03T13:15:00.709+0000] {logging_mixin.py:190} INFO - [2024-10-03T13:15:00.708+0000] {dag.py:4156} INFO - Setting next_dagrun for dataset_consumes_1_and_2 to None, run_after=None
[2024-10-03T13:15:00.712+0000] {logging_mixin.py:190} INFO - [2024-10-03T13:15:00.712+0000] {dag.py:4156} INFO - Setting next_dagrun for dataset_consumes_1_never_scheduled to None, run_after=None
[2024-10-03T13:15:00.715+0000] {logging_mixin.py:190} INFO - [2024-10-03T13:15:00.715+0000] {dag.py:4156} INFO - Setting next_dagrun for dataset_consumes_unknown_never_scheduled to None, run_after=None
[2024-10-03T13:15:00.719+0000] {logging_mixin.py:190} INFO - [2024-10-03T13:15:00.719+0000] {dag.py:4156} INFO - Setting next_dagrun for dataset_produces_1 to 2024-10-02 00:00:00+00:00, run_after=2024-10-03 00:00:00+00:00
[2024-10-03T13:15:00.722+0000] {logging_mixin.py:190} INFO - [2024-10-03T13:15:00.721+0000] {dag.py:4156} INFO - Setting next_dagrun for dataset_produces_2 to None, run_after=None
[2024-10-03T13:15:01.099+0000] {processor.py:208} INFO - Processing /home/airflow/.local/lib/python3.12/site-packages/airflow/example_dags/example_datasets.py took 0.780 seconds
[2024-10-03T13:15:31.652+0000] {processor.py:186} INFO - Started process (PID=721) to work on /home/airflow/.local/lib/python3.12/site-packages/airflow/example_dags/example_datasets.py
[2024-10-03T13:15:31.653+0000] {processor.py:914} INFO - Processing file /home/airflow/.local/lib/python3.12/site-packages/airflow/example_dags/example_datasets.py for tasks to queue
[2024-10-03T13:15:31.657+0000] {logging_mixin.py:190} INFO - [2024-10-03T13:15:31.656+0000] {dagbag.py:587} INFO - Filling up the DagBag from /home/airflow/.local/lib/python3.12/site-packages/airflow/example_dags/example_datasets.py
[2024-10-03T13:15:31.829+0000] {processor.py:925} INFO - DAG(s) 'conditional_dataset_and_time_based_timetable', 'dataset_produces_1', 'dataset_consumes_1_and_2', 'consume_1_or_both_2_and_3_with_dataset_expressions', 'dataset_consumes_unknown_never_scheduled', 'consume_1_or_2_with_dataset_expressions', 'dataset_produces_2', 'dataset_consumes_1_never_scheduled', 'consume_1_and_2_with_dataset_expressions', 'dataset_consumes_1' retrieved from /home/airflow/.local/lib/python3.12/site-packages/airflow/example_dags/example_datasets.py
[2024-10-03T13:15:31.887+0000] {logging_mixin.py:190} INFO - [2024-10-03T13:15:31.886+0000] {dag.py:3229} INFO - Sync 10 DAGs
[2024-10-03T13:15:31.922+0000] {logging_mixin.py:190} INFO - [2024-10-03T13:15:31.922+0000] {dag.py:4156} INFO - Setting next_dagrun for conditional_dataset_and_time_based_timetable to 2024-10-02 01:00:00+00:00, run_after=2024-10-02 01:00:00+00:00
[2024-10-03T13:15:31.927+0000] {logging_mixin.py:190} INFO - [2024-10-03T13:15:31.927+0000] {dag.py:4156} INFO - Setting next_dagrun for consume_1_and_2_with_dataset_expressions to None, run_after=None
[2024-10-03T13:15:31.929+0000] {logging_mixin.py:190} INFO - [2024-10-03T13:15:31.929+0000] {dag.py:4156} INFO - Setting next_dagrun for consume_1_or_2_with_dataset_expressions to None, run_after=None
[2024-10-03T13:15:31.931+0000] {logging_mixin.py:190} INFO - [2024-10-03T13:15:31.931+0000] {dag.py:4156} INFO - Setting next_dagrun for consume_1_or_both_2_and_3_with_dataset_expressions to None, run_after=None
[2024-10-03T13:15:31.933+0000] {logging_mixin.py:190} INFO - [2024-10-03T13:15:31.933+0000] {dag.py:4156} INFO - Setting next_dagrun for dataset_consumes_1 to None, run_after=None
[2024-10-03T13:15:31.936+0000] {logging_mixin.py:190} INFO - [2024-10-03T13:15:31.935+0000] {dag.py:4156} INFO - Setting next_dagrun for dataset_consumes_1_and_2 to None, run_after=None
[2024-10-03T13:15:31.938+0000] {logging_mixin.py:190} INFO - [2024-10-03T13:15:31.938+0000] {dag.py:4156} INFO - Setting next_dagrun for dataset_consumes_1_never_scheduled to None, run_after=None
[2024-10-03T13:15:31.940+0000] {logging_mixin.py:190} INFO - [2024-10-03T13:15:31.940+0000] {dag.py:4156} INFO - Setting next_dagrun for dataset_consumes_unknown_never_scheduled to None, run_after=None
[2024-10-03T13:15:31.946+0000] {logging_mixin.py:190} INFO - [2024-10-03T13:15:31.946+0000] {dag.py:4156} INFO - Setting next_dagrun for dataset_produces_1 to 2024-10-02 00:00:00+00:00, run_after=2024-10-03 00:00:00+00:00
[2024-10-03T13:15:31.948+0000] {logging_mixin.py:190} INFO - [2024-10-03T13:15:31.948+0000] {dag.py:4156} INFO - Setting next_dagrun for dataset_produces_2 to None, run_after=None
[2024-10-03T13:15:32.158+0000] {processor.py:208} INFO - Processing /home/airflow/.local/lib/python3.12/site-packages/airflow/example_dags/example_datasets.py took 0.512 seconds
[2024-10-03T13:16:02.494+0000] {processor.py:186} INFO - Started process (PID=784) to work on /home/airflow/.local/lib/python3.12/site-packages/airflow/example_dags/example_datasets.py
[2024-10-03T13:16:02.496+0000] {processor.py:914} INFO - Processing file /home/airflow/.local/lib/python3.12/site-packages/airflow/example_dags/example_datasets.py for tasks to queue
[2024-10-03T13:16:02.502+0000] {logging_mixin.py:190} INFO - [2024-10-03T13:16:02.501+0000] {dagbag.py:587} INFO - Filling up the DagBag from /home/airflow/.local/lib/python3.12/site-packages/airflow/example_dags/example_datasets.py
[2024-10-03T13:16:02.880+0000] {processor.py:925} INFO - DAG(s) 'dataset_consumes_1_never_scheduled', 'consume_1_or_2_with_dataset_expressions', 'dataset_consumes_1', 'dataset_consumes_unknown_never_scheduled', 'dataset_consumes_1_and_2', 'conditional_dataset_and_time_based_timetable', 'consume_1_or_both_2_and_3_with_dataset_expressions', 'consume_1_and_2_with_dataset_expressions', 'dataset_produces_1', 'dataset_produces_2' retrieved from /home/airflow/.local/lib/python3.12/site-packages/airflow/example_dags/example_datasets.py
[2024-10-03T13:16:02.969+0000] {logging_mixin.py:190} INFO - [2024-10-03T13:16:02.968+0000] {dag.py:3229} INFO - Sync 10 DAGs
[2024-10-03T13:16:03.022+0000] {logging_mixin.py:190} INFO - [2024-10-03T13:16:03.021+0000] {dag.py:4156} INFO - Setting next_dagrun for conditional_dataset_and_time_based_timetable to 2024-10-02 01:00:00+00:00, run_after=2024-10-02 01:00:00+00:00
[2024-10-03T13:16:03.028+0000] {logging_mixin.py:190} INFO - [2024-10-03T13:16:03.028+0000] {dag.py:4156} INFO - Setting next_dagrun for consume_1_and_2_with_dataset_expressions to None, run_after=None
[2024-10-03T13:16:03.032+0000] {logging_mixin.py:190} INFO - [2024-10-03T13:16:03.031+0000] {dag.py:4156} INFO - Setting next_dagrun for consume_1_or_2_with_dataset_expressions to None, run_after=None
[2024-10-03T13:16:03.035+0000] {logging_mixin.py:190} INFO - [2024-10-03T13:16:03.034+0000] {dag.py:4156} INFO - Setting next_dagrun for consume_1_or_both_2_and_3_with_dataset_expressions to None, run_after=None
[2024-10-03T13:16:03.038+0000] {logging_mixin.py:190} INFO - [2024-10-03T13:16:03.037+0000] {dag.py:4156} INFO - Setting next_dagrun for dataset_consumes_1 to None, run_after=None
[2024-10-03T13:16:03.041+0000] {logging_mixin.py:190} INFO - [2024-10-03T13:16:03.041+0000] {dag.py:4156} INFO - Setting next_dagrun for dataset_consumes_1_and_2 to None, run_after=None
[2024-10-03T13:16:03.045+0000] {logging_mixin.py:190} INFO - [2024-10-03T13:16:03.045+0000] {dag.py:4156} INFO - Setting next_dagrun for dataset_consumes_1_never_scheduled to None, run_after=None
[2024-10-03T13:16:03.049+0000] {logging_mixin.py:190} INFO - [2024-10-03T13:16:03.049+0000] {dag.py:4156} INFO - Setting next_dagrun for dataset_consumes_unknown_never_scheduled to None, run_after=None
[2024-10-03T13:16:03.055+0000] {logging_mixin.py:190} INFO - [2024-10-03T13:16:03.054+0000] {dag.py:4156} INFO - Setting next_dagrun for dataset_produces_1 to 2024-10-02 00:00:00+00:00, run_after=2024-10-03 00:00:00+00:00
[2024-10-03T13:16:03.058+0000] {logging_mixin.py:190} INFO - [2024-10-03T13:16:03.058+0000] {dag.py:4156} INFO - Setting next_dagrun for dataset_produces_2 to None, run_after=None
[2024-10-03T13:16:03.230+0000] {processor.py:208} INFO - Processing /home/airflow/.local/lib/python3.12/site-packages/airflow/example_dags/example_datasets.py took 0.749 seconds
[2024-10-03T13:16:33.488+0000] {processor.py:186} INFO - Started process (PID=848) to work on /home/airflow/.local/lib/python3.12/site-packages/airflow/example_dags/example_datasets.py
[2024-10-03T13:16:33.490+0000] {processor.py:914} INFO - Processing file /home/airflow/.local/lib/python3.12/site-packages/airflow/example_dags/example_datasets.py for tasks to queue
[2024-10-03T13:16:33.492+0000] {logging_mixin.py:190} INFO - [2024-10-03T13:16:33.492+0000] {dagbag.py:587} INFO - Filling up the DagBag from /home/airflow/.local/lib/python3.12/site-packages/airflow/example_dags/example_datasets.py
[2024-10-03T13:16:33.669+0000] {processor.py:925} INFO - DAG(s) 'dataset_consumes_1_and_2', 'dataset_produces_1', 'dataset_consumes_1', 'dataset_produces_2', 'consume_1_or_both_2_and_3_with_dataset_expressions', 'conditional_dataset_and_time_based_timetable', 'consume_1_and_2_with_dataset_expressions', 'dataset_consumes_1_never_scheduled', 'consume_1_or_2_with_dataset_expressions', 'dataset_consumes_unknown_never_scheduled' retrieved from /home/airflow/.local/lib/python3.12/site-packages/airflow/example_dags/example_datasets.py
[2024-10-03T13:16:33.728+0000] {logging_mixin.py:190} INFO - [2024-10-03T13:16:33.728+0000] {dag.py:3229} INFO - Sync 10 DAGs
[2024-10-03T13:16:33.759+0000] {logging_mixin.py:190} INFO - [2024-10-03T13:16:33.759+0000] {dag.py:4156} INFO - Setting next_dagrun for conditional_dataset_and_time_based_timetable to 2024-10-02 01:00:00+00:00, run_after=2024-10-02 01:00:00+00:00
[2024-10-03T13:16:33.764+0000] {logging_mixin.py:190} INFO - [2024-10-03T13:16:33.764+0000] {dag.py:4156} INFO - Setting next_dagrun for consume_1_and_2_with_dataset_expressions to None, run_after=None
[2024-10-03T13:16:33.766+0000] {logging_mixin.py:190} INFO - [2024-10-03T13:16:33.766+0000] {dag.py:4156} INFO - Setting next_dagrun for consume_1_or_2_with_dataset_expressions to None, run_after=None
[2024-10-03T13:16:33.768+0000] {logging_mixin.py:190} INFO - [2024-10-03T13:16:33.768+0000] {dag.py:4156} INFO - Setting next_dagrun for consume_1_or_both_2_and_3_with_dataset_expressions to None, run_after=None
[2024-10-03T13:16:33.770+0000] {logging_mixin.py:190} INFO - [2024-10-03T13:16:33.770+0000] {dag.py:4156} INFO - Setting next_dagrun for dataset_consumes_1 to None, run_after=None
[2024-10-03T13:16:33.772+0000] {logging_mixin.py:190} INFO - [2024-10-03T13:16:33.772+0000] {dag.py:4156} INFO - Setting next_dagrun for dataset_consumes_1_and_2 to None, run_after=None
[2024-10-03T13:16:33.775+0000] {logging_mixin.py:190} INFO - [2024-10-03T13:16:33.774+0000] {dag.py:4156} INFO - Setting next_dagrun for dataset_consumes_1_never_scheduled to None, run_after=None
[2024-10-03T13:16:33.777+0000] {logging_mixin.py:190} INFO - [2024-10-03T13:16:33.777+0000] {dag.py:4156} INFO - Setting next_dagrun for dataset_consumes_unknown_never_scheduled to None, run_after=None
[2024-10-03T13:16:33.781+0000] {logging_mixin.py:190} INFO - [2024-10-03T13:16:33.780+0000] {dag.py:4156} INFO - Setting next_dagrun for dataset_produces_1 to 2024-10-02 00:00:00+00:00, run_after=2024-10-03 00:00:00+00:00
[2024-10-03T13:16:33.783+0000] {logging_mixin.py:190} INFO - [2024-10-03T13:16:33.783+0000] {dag.py:4156} INFO - Setting next_dagrun for dataset_produces_2 to None, run_after=None
[2024-10-03T13:16:34.883+0000] {processor.py:208} INFO - Processing /home/airflow/.local/lib/python3.12/site-packages/airflow/example_dags/example_datasets.py took 1.401 seconds
[2024-10-03T13:17:05.045+0000] {processor.py:186} INFO - Started process (PID=911) to work on /home/airflow/.local/lib/python3.12/site-packages/airflow/example_dags/example_datasets.py
[2024-10-03T13:17:05.047+0000] {processor.py:914} INFO - Processing file /home/airflow/.local/lib/python3.12/site-packages/airflow/example_dags/example_datasets.py for tasks to queue
[2024-10-03T13:17:05.054+0000] {logging_mixin.py:190} INFO - [2024-10-03T13:17:05.053+0000] {dagbag.py:587} INFO - Filling up the DagBag from /home/airflow/.local/lib/python3.12/site-packages/airflow/example_dags/example_datasets.py
[2024-10-03T13:17:05.359+0000] {processor.py:925} INFO - DAG(s) 'consume_1_or_2_with_dataset_expressions', 'conditional_dataset_and_time_based_timetable', 'consume_1_and_2_with_dataset_expressions', 'dataset_produces_2', 'dataset_consumes_1', 'dataset_consumes_unknown_never_scheduled', 'dataset_consumes_1_never_scheduled', 'dataset_consumes_1_and_2', 'dataset_produces_1', 'consume_1_or_both_2_and_3_with_dataset_expressions' retrieved from /home/airflow/.local/lib/python3.12/site-packages/airflow/example_dags/example_datasets.py
[2024-10-03T13:17:05.442+0000] {logging_mixin.py:190} INFO - [2024-10-03T13:17:05.441+0000] {dag.py:3229} INFO - Sync 10 DAGs
[2024-10-03T13:17:05.487+0000] {logging_mixin.py:190} INFO - [2024-10-03T13:17:05.486+0000] {dag.py:4156} INFO - Setting next_dagrun for conditional_dataset_and_time_based_timetable to 2024-10-02 01:00:00+00:00, run_after=2024-10-02 01:00:00+00:00
[2024-10-03T13:17:05.496+0000] {logging_mixin.py:190} INFO - [2024-10-03T13:17:05.496+0000] {dag.py:4156} INFO - Setting next_dagrun for consume_1_and_2_with_dataset_expressions to None, run_after=None
[2024-10-03T13:17:05.499+0000] {logging_mixin.py:190} INFO - [2024-10-03T13:17:05.499+0000] {dag.py:4156} INFO - Setting next_dagrun for consume_1_or_2_with_dataset_expressions to None, run_after=None
[2024-10-03T13:17:05.502+0000] {logging_mixin.py:190} INFO - [2024-10-03T13:17:05.501+0000] {dag.py:4156} INFO - Setting next_dagrun for consume_1_or_both_2_and_3_with_dataset_expressions to None, run_after=None
[2024-10-03T13:17:05.504+0000] {logging_mixin.py:190} INFO - [2024-10-03T13:17:05.504+0000] {dag.py:4156} INFO - Setting next_dagrun for dataset_consumes_1 to None, run_after=None
[2024-10-03T13:17:05.507+0000] {logging_mixin.py:190} INFO - [2024-10-03T13:17:05.506+0000] {dag.py:4156} INFO - Setting next_dagrun for dataset_consumes_1_and_2 to None, run_after=None
[2024-10-03T13:17:05.509+0000] {logging_mixin.py:190} INFO - [2024-10-03T13:17:05.509+0000] {dag.py:4156} INFO - Setting next_dagrun for dataset_consumes_1_never_scheduled to None, run_after=None
[2024-10-03T13:17:05.511+0000] {logging_mixin.py:190} INFO - [2024-10-03T13:17:05.511+0000] {dag.py:4156} INFO - Setting next_dagrun for dataset_consumes_unknown_never_scheduled to None, run_after=None
[2024-10-03T13:17:05.517+0000] {logging_mixin.py:190} INFO - [2024-10-03T13:17:05.516+0000] {dag.py:4156} INFO - Setting next_dagrun for dataset_produces_1 to 2024-10-02 00:00:00+00:00, run_after=2024-10-03 00:00:00+00:00
[2024-10-03T13:17:05.520+0000] {logging_mixin.py:190} INFO - [2024-10-03T13:17:05.520+0000] {dag.py:4156} INFO - Setting next_dagrun for dataset_produces_2 to None, run_after=None
[2024-10-03T13:17:05.717+0000] {processor.py:208} INFO - Processing /home/airflow/.local/lib/python3.12/site-packages/airflow/example_dags/example_datasets.py took 0.686 seconds
[2024-10-03T13:17:35.987+0000] {processor.py:186} INFO - Started process (PID=974) to work on /home/airflow/.local/lib/python3.12/site-packages/airflow/example_dags/example_datasets.py
[2024-10-03T13:17:35.988+0000] {processor.py:914} INFO - Processing file /home/airflow/.local/lib/python3.12/site-packages/airflow/example_dags/example_datasets.py for tasks to queue
[2024-10-03T13:17:35.992+0000] {logging_mixin.py:190} INFO - [2024-10-03T13:17:35.991+0000] {dagbag.py:587} INFO - Filling up the DagBag from /home/airflow/.local/lib/python3.12/site-packages/airflow/example_dags/example_datasets.py
[2024-10-03T13:17:36.203+0000] {processor.py:925} INFO - DAG(s) 'dataset_consumes_1_never_scheduled', 'dataset_consumes_1', 'dataset_produces_2', 'consume_1_or_2_with_dataset_expressions', 'dataset_produces_1', 'consume_1_or_both_2_and_3_with_dataset_expressions', 'conditional_dataset_and_time_based_timetable', 'consume_1_and_2_with_dataset_expressions', 'dataset_consumes_1_and_2', 'dataset_consumes_unknown_never_scheduled' retrieved from /home/airflow/.local/lib/python3.12/site-packages/airflow/example_dags/example_datasets.py
[2024-10-03T13:17:36.265+0000] {logging_mixin.py:190} INFO - [2024-10-03T13:17:36.265+0000] {dag.py:3229} INFO - Sync 10 DAGs
[2024-10-03T13:17:36.303+0000] {logging_mixin.py:190} INFO - [2024-10-03T13:17:36.303+0000] {dag.py:4156} INFO - Setting next_dagrun for conditional_dataset_and_time_based_timetable to 2024-10-02 01:00:00+00:00, run_after=2024-10-02 01:00:00+00:00
[2024-10-03T13:17:36.308+0000] {logging_mixin.py:190} INFO - [2024-10-03T13:17:36.308+0000] {dag.py:4156} INFO - Setting next_dagrun for consume_1_and_2_with_dataset_expressions to None, run_after=None
[2024-10-03T13:17:36.310+0000] {logging_mixin.py:190} INFO - [2024-10-03T13:17:36.310+0000] {dag.py:4156} INFO - Setting next_dagrun for consume_1_or_2_with_dataset_expressions to None, run_after=None
[2024-10-03T13:17:36.313+0000] {logging_mixin.py:190} INFO - [2024-10-03T13:17:36.312+0000] {dag.py:4156} INFO - Setting next_dagrun for consume_1_or_both_2_and_3_with_dataset_expressions to None, run_after=None
[2024-10-03T13:17:36.315+0000] {logging_mixin.py:190} INFO - [2024-10-03T13:17:36.315+0000] {dag.py:4156} INFO - Setting next_dagrun for dataset_consumes_1 to None, run_after=None
[2024-10-03T13:17:36.318+0000] {logging_mixin.py:190} INFO - [2024-10-03T13:17:36.317+0000] {dag.py:4156} INFO - Setting next_dagrun for dataset_consumes_1_and_2 to None, run_after=None
[2024-10-03T13:17:36.319+0000] {logging_mixin.py:190} INFO - [2024-10-03T13:17:36.319+0000] {dag.py:4156} INFO - Setting next_dagrun for dataset_consumes_1_never_scheduled to None, run_after=None
[2024-10-03T13:17:36.321+0000] {logging_mixin.py:190} INFO - [2024-10-03T13:17:36.321+0000] {dag.py:4156} INFO - Setting next_dagrun for dataset_consumes_unknown_never_scheduled to None, run_after=None
[2024-10-03T13:17:36.325+0000] {logging_mixin.py:190} INFO - [2024-10-03T13:17:36.325+0000] {dag.py:4156} INFO - Setting next_dagrun for dataset_produces_1 to 2024-10-02 00:00:00+00:00, run_after=2024-10-03 00:00:00+00:00
[2024-10-03T13:17:36.327+0000] {logging_mixin.py:190} INFO - [2024-10-03T13:17:36.327+0000] {dag.py:4156} INFO - Setting next_dagrun for dataset_produces_2 to None, run_after=None
[2024-10-03T13:17:36.625+0000] {processor.py:208} INFO - Processing /home/airflow/.local/lib/python3.12/site-packages/airflow/example_dags/example_datasets.py took 0.647 seconds
[2024-10-03T13:18:06.721+0000] {processor.py:186} INFO - Started process (PID=1038) to work on /home/airflow/.local/lib/python3.12/site-packages/airflow/example_dags/example_datasets.py
[2024-10-03T13:18:06.726+0000] {processor.py:914} INFO - Processing file /home/airflow/.local/lib/python3.12/site-packages/airflow/example_dags/example_datasets.py for tasks to queue
[2024-10-03T13:18:06.732+0000] {logging_mixin.py:190} INFO - [2024-10-03T13:18:06.731+0000] {dagbag.py:587} INFO - Filling up the DagBag from /home/airflow/.local/lib/python3.12/site-packages/airflow/example_dags/example_datasets.py
[2024-10-03T13:18:07.452+0000] {processor.py:925} INFO - DAG(s) 'dataset_produces_2', 'dataset_consumes_1_and_2', 'dataset_produces_1', 'consume_1_or_both_2_and_3_with_dataset_expressions', 'consume_1_or_2_with_dataset_expressions', 'conditional_dataset_and_time_based_timetable', 'consume_1_and_2_with_dataset_expressions', 'dataset_consumes_1_never_scheduled', 'dataset_consumes_1', 'dataset_consumes_unknown_never_scheduled' retrieved from /home/airflow/.local/lib/python3.12/site-packages/airflow/example_dags/example_datasets.py
[2024-10-03T13:18:07.734+0000] {logging_mixin.py:190} INFO - [2024-10-03T13:18:07.733+0000] {dag.py:3229} INFO - Sync 10 DAGs
[2024-10-03T13:18:07.901+0000] {logging_mixin.py:190} INFO - [2024-10-03T13:18:07.900+0000] {dag.py:4156} INFO - Setting next_dagrun for conditional_dataset_and_time_based_timetable to 2024-10-02 01:00:00+00:00, run_after=2024-10-02 01:00:00+00:00
[2024-10-03T13:18:07.934+0000] {logging_mixin.py:190} INFO - [2024-10-03T13:18:07.933+0000] {dag.py:4156} INFO - Setting next_dagrun for consume_1_and_2_with_dataset_expressions to None, run_after=None
[2024-10-03T13:18:07.939+0000] {logging_mixin.py:190} INFO - [2024-10-03T13:18:07.938+0000] {dag.py:4156} INFO - Setting next_dagrun for consume_1_or_2_with_dataset_expressions to None, run_after=None
[2024-10-03T13:18:07.950+0000] {logging_mixin.py:190} INFO - [2024-10-03T13:18:07.943+0000] {dag.py:4156} INFO - Setting next_dagrun for consume_1_or_both_2_and_3_with_dataset_expressions to None, run_after=None
[2024-10-03T13:18:07.954+0000] {logging_mixin.py:190} INFO - [2024-10-03T13:18:07.954+0000] {dag.py:4156} INFO - Setting next_dagrun for dataset_consumes_1 to None, run_after=None
[2024-10-03T13:18:07.959+0000] {logging_mixin.py:190} INFO - [2024-10-03T13:18:07.958+0000] {dag.py:4156} INFO - Setting next_dagrun for dataset_consumes_1_and_2 to None, run_after=None
[2024-10-03T13:18:07.970+0000] {logging_mixin.py:190} INFO - [2024-10-03T13:18:07.969+0000] {dag.py:4156} INFO - Setting next_dagrun for dataset_consumes_1_never_scheduled to None, run_after=None
[2024-10-03T13:18:07.976+0000] {logging_mixin.py:190} INFO - [2024-10-03T13:18:07.974+0000] {dag.py:4156} INFO - Setting next_dagrun for dataset_consumes_unknown_never_scheduled to None, run_after=None
[2024-10-03T13:18:07.992+0000] {logging_mixin.py:190} INFO - [2024-10-03T13:18:07.991+0000] {dag.py:4156} INFO - Setting next_dagrun for dataset_produces_1 to 2024-10-02 00:00:00+00:00, run_after=2024-10-03 00:00:00+00:00
[2024-10-03T13:18:07.996+0000] {logging_mixin.py:190} INFO - [2024-10-03T13:18:07.995+0000] {dag.py:4156} INFO - Setting next_dagrun for dataset_produces_2 to None, run_after=None
[2024-10-03T13:18:08.439+0000] {processor.py:208} INFO - Processing /home/airflow/.local/lib/python3.12/site-packages/airflow/example_dags/example_datasets.py took 1.735 seconds
