[2024-10-03T13:10:17.698+0000] {processor.py:186} INFO - Started process (PID=102) to work on /home/airflow/.local/lib/python3.12/site-packages/airflow/example_dags/example_latest_only_with_trigger.py
[2024-10-03T13:10:17.699+0000] {processor.py:914} INFO - Processing file /home/airflow/.local/lib/python3.12/site-packages/airflow/example_dags/example_latest_only_with_trigger.py for tasks to queue
[2024-10-03T13:10:17.702+0000] {logging_mixin.py:190} INFO - [2024-10-03T13:10:17.701+0000] {dagbag.py:587} INFO - Filling up the DagBag from /home/airflow/.local/lib/python3.12/site-packages/airflow/example_dags/example_latest_only_with_trigger.py
[2024-10-03T13:10:17.711+0000] {processor.py:925} INFO - DAG(s) 'latest_only_with_trigger' retrieved from /home/airflow/.local/lib/python3.12/site-packages/airflow/example_dags/example_latest_only_with_trigger.py
[2024-10-03T13:10:17.738+0000] {logging_mixin.py:190} INFO - [2024-10-03T13:10:17.737+0000] {dag.py:3229} INFO - Sync 1 DAGs
[2024-10-03T13:10:17.777+0000] {logging_mixin.py:190} INFO - [2024-10-03T13:10:17.777+0000] {dag.py:4156} INFO - Setting next_dagrun for latest_only_with_trigger to 2024-10-03 08:00:00+00:00, run_after=2024-10-03 12:00:00+00:00
[2024-10-03T13:10:17.950+0000] {processor.py:208} INFO - Processing /home/airflow/.local/lib/python3.12/site-packages/airflow/example_dags/example_latest_only_with_trigger.py took 0.258 seconds
[2024-10-03T13:10:49.023+0000] {processor.py:186} INFO - Started process (PID=165) to work on /home/airflow/.local/lib/python3.12/site-packages/airflow/example_dags/example_latest_only_with_trigger.py
[2024-10-03T13:10:49.024+0000] {processor.py:914} INFO - Processing file /home/airflow/.local/lib/python3.12/site-packages/airflow/example_dags/example_latest_only_with_trigger.py for tasks to queue
[2024-10-03T13:10:49.027+0000] {logging_mixin.py:190} INFO - [2024-10-03T13:10:49.027+0000] {dagbag.py:587} INFO - Filling up the DagBag from /home/airflow/.local/lib/python3.12/site-packages/airflow/example_dags/example_latest_only_with_trigger.py
[2024-10-03T13:10:49.039+0000] {processor.py:925} INFO - DAG(s) 'latest_only_with_trigger' retrieved from /home/airflow/.local/lib/python3.12/site-packages/airflow/example_dags/example_latest_only_with_trigger.py
[2024-10-03T13:10:49.078+0000] {logging_mixin.py:190} INFO - [2024-10-03T13:10:49.078+0000] {dag.py:3229} INFO - Sync 1 DAGs
[2024-10-03T13:10:49.124+0000] {logging_mixin.py:190} INFO - [2024-10-03T13:10:49.124+0000] {dag.py:4156} INFO - Setting next_dagrun for latest_only_with_trigger to 2024-10-03 08:00:00+00:00, run_after=2024-10-03 12:00:00+00:00
[2024-10-03T13:10:49.196+0000] {processor.py:208} INFO - Processing /home/airflow/.local/lib/python3.12/site-packages/airflow/example_dags/example_latest_only_with_trigger.py took 0.181 seconds
[2024-10-03T13:11:19.298+0000] {processor.py:186} INFO - Started process (PID=228) to work on /home/airflow/.local/lib/python3.12/site-packages/airflow/example_dags/example_latest_only_with_trigger.py
[2024-10-03T13:11:19.300+0000] {processor.py:914} INFO - Processing file /home/airflow/.local/lib/python3.12/site-packages/airflow/example_dags/example_latest_only_with_trigger.py for tasks to queue
[2024-10-03T13:11:19.304+0000] {logging_mixin.py:190} INFO - [2024-10-03T13:11:19.303+0000] {dagbag.py:587} INFO - Filling up the DagBag from /home/airflow/.local/lib/python3.12/site-packages/airflow/example_dags/example_latest_only_with_trigger.py
[2024-10-03T13:11:19.317+0000] {processor.py:925} INFO - DAG(s) 'latest_only_with_trigger' retrieved from /home/airflow/.local/lib/python3.12/site-packages/airflow/example_dags/example_latest_only_with_trigger.py
[2024-10-03T13:11:19.344+0000] {logging_mixin.py:190} INFO - [2024-10-03T13:11:19.344+0000] {dag.py:3229} INFO - Sync 1 DAGs
[2024-10-03T13:11:19.381+0000] {logging_mixin.py:190} INFO - [2024-10-03T13:11:19.380+0000] {dag.py:4156} INFO - Setting next_dagrun for latest_only_with_trigger to 2024-10-03 08:00:00+00:00, run_after=2024-10-03 12:00:00+00:00
[2024-10-03T13:11:19.494+0000] {processor.py:208} INFO - Processing /home/airflow/.local/lib/python3.12/site-packages/airflow/example_dags/example_latest_only_with_trigger.py took 0.205 seconds
[2024-10-03T13:11:57.383+0000] {processor.py:186} INFO - Started process (PID=291) to work on /home/airflow/.local/lib/python3.12/site-packages/airflow/example_dags/example_latest_only_with_trigger.py
[2024-10-03T13:11:57.384+0000] {processor.py:914} INFO - Processing file /home/airflow/.local/lib/python3.12/site-packages/airflow/example_dags/example_latest_only_with_trigger.py for tasks to queue
[2024-10-03T13:11:57.391+0000] {logging_mixin.py:190} INFO - [2024-10-03T13:11:57.391+0000] {dagbag.py:587} INFO - Filling up the DagBag from /home/airflow/.local/lib/python3.12/site-packages/airflow/example_dags/example_latest_only_with_trigger.py
[2024-10-03T13:11:57.404+0000] {processor.py:925} INFO - DAG(s) 'latest_only_with_trigger' retrieved from /home/airflow/.local/lib/python3.12/site-packages/airflow/example_dags/example_latest_only_with_trigger.py
[2024-10-03T13:11:57.448+0000] {logging_mixin.py:190} INFO - [2024-10-03T13:11:57.447+0000] {dag.py:3229} INFO - Sync 1 DAGs
[2024-10-03T13:11:57.493+0000] {logging_mixin.py:190} INFO - [2024-10-03T13:11:57.493+0000] {dag.py:4156} INFO - Setting next_dagrun for latest_only_with_trigger to 2024-10-03 08:00:00+00:00, run_after=2024-10-03 12:00:00+00:00
[2024-10-03T13:11:57.824+0000] {processor.py:208} INFO - Processing /home/airflow/.local/lib/python3.12/site-packages/airflow/example_dags/example_latest_only_with_trigger.py took 0.450 seconds
[2024-10-03T13:12:28.552+0000] {processor.py:186} INFO - Started process (PID=353) to work on /home/airflow/.local/lib/python3.12/site-packages/airflow/example_dags/example_latest_only_with_trigger.py
[2024-10-03T13:12:28.554+0000] {processor.py:914} INFO - Processing file /home/airflow/.local/lib/python3.12/site-packages/airflow/example_dags/example_latest_only_with_trigger.py for tasks to queue
[2024-10-03T13:12:28.560+0000] {logging_mixin.py:190} INFO - [2024-10-03T13:12:28.559+0000] {dagbag.py:587} INFO - Filling up the DagBag from /home/airflow/.local/lib/python3.12/site-packages/airflow/example_dags/example_latest_only_with_trigger.py
[2024-10-03T13:12:28.580+0000] {processor.py:925} INFO - DAG(s) 'latest_only_with_trigger' retrieved from /home/airflow/.local/lib/python3.12/site-packages/airflow/example_dags/example_latest_only_with_trigger.py
[2024-10-03T13:12:28.662+0000] {logging_mixin.py:190} INFO - [2024-10-03T13:12:28.662+0000] {dag.py:3229} INFO - Sync 1 DAGs
[2024-10-03T13:12:28.804+0000] {logging_mixin.py:190} INFO - [2024-10-03T13:12:28.803+0000] {dag.py:4156} INFO - Setting next_dagrun for latest_only_with_trigger to 2024-10-03 08:00:00+00:00, run_after=2024-10-03 12:00:00+00:00
[2024-10-03T13:12:29.024+0000] {processor.py:208} INFO - Processing /home/airflow/.local/lib/python3.12/site-packages/airflow/example_dags/example_latest_only_with_trigger.py took 0.488 seconds
[2024-10-03T13:12:59.632+0000] {processor.py:186} INFO - Started process (PID=416) to work on /home/airflow/.local/lib/python3.12/site-packages/airflow/example_dags/example_latest_only_with_trigger.py
[2024-10-03T13:12:59.633+0000] {processor.py:914} INFO - Processing file /home/airflow/.local/lib/python3.12/site-packages/airflow/example_dags/example_latest_only_with_trigger.py for tasks to queue
[2024-10-03T13:12:59.636+0000] {logging_mixin.py:190} INFO - [2024-10-03T13:12:59.636+0000] {dagbag.py:587} INFO - Filling up the DagBag from /home/airflow/.local/lib/python3.12/site-packages/airflow/example_dags/example_latest_only_with_trigger.py
[2024-10-03T13:12:59.646+0000] {processor.py:925} INFO - DAG(s) 'latest_only_with_trigger' retrieved from /home/airflow/.local/lib/python3.12/site-packages/airflow/example_dags/example_latest_only_with_trigger.py
[2024-10-03T13:12:59.671+0000] {logging_mixin.py:190} INFO - [2024-10-03T13:12:59.671+0000] {dag.py:3229} INFO - Sync 1 DAGs
[2024-10-03T13:12:59.703+0000] {logging_mixin.py:190} INFO - [2024-10-03T13:12:59.703+0000] {dag.py:4156} INFO - Setting next_dagrun for latest_only_with_trigger to 2024-10-03 08:00:00+00:00, run_after=2024-10-03 12:00:00+00:00
[2024-10-03T13:13:00.018+0000] {processor.py:208} INFO - Processing /home/airflow/.local/lib/python3.12/site-packages/airflow/example_dags/example_latest_only_with_trigger.py took 0.392 seconds
[2024-10-03T13:13:32.106+0000] {processor.py:186} INFO - Started process (PID=485) to work on /home/airflow/.local/lib/python3.12/site-packages/airflow/example_dags/example_latest_only_with_trigger.py
[2024-10-03T13:13:32.107+0000] {processor.py:914} INFO - Processing file /home/airflow/.local/lib/python3.12/site-packages/airflow/example_dags/example_latest_only_with_trigger.py for tasks to queue
[2024-10-03T13:13:32.111+0000] {logging_mixin.py:190} INFO - [2024-10-03T13:13:32.110+0000] {dagbag.py:587} INFO - Filling up the DagBag from /home/airflow/.local/lib/python3.12/site-packages/airflow/example_dags/example_latest_only_with_trigger.py
[2024-10-03T13:13:32.128+0000] {processor.py:925} INFO - DAG(s) 'latest_only_with_trigger' retrieved from /home/airflow/.local/lib/python3.12/site-packages/airflow/example_dags/example_latest_only_with_trigger.py
[2024-10-03T13:13:32.163+0000] {logging_mixin.py:190} INFO - [2024-10-03T13:13:32.162+0000] {dag.py:3229} INFO - Sync 1 DAGs
[2024-10-03T13:13:32.203+0000] {logging_mixin.py:190} INFO - [2024-10-03T13:13:32.203+0000] {dag.py:4156} INFO - Setting next_dagrun for latest_only_with_trigger to 2024-10-03 08:00:00+00:00, run_after=2024-10-03 12:00:00+00:00
[2024-10-03T13:13:32.772+0000] {processor.py:208} INFO - Processing /home/airflow/.local/lib/python3.12/site-packages/airflow/example_dags/example_latest_only_with_trigger.py took 0.676 seconds
[2024-10-03T13:14:03.253+0000] {processor.py:186} INFO - Started process (PID=548) to work on /home/airflow/.local/lib/python3.12/site-packages/airflow/example_dags/example_latest_only_with_trigger.py
[2024-10-03T13:14:03.406+0000] {processor.py:914} INFO - Processing file /home/airflow/.local/lib/python3.12/site-packages/airflow/example_dags/example_latest_only_with_trigger.py for tasks to queue
[2024-10-03T13:14:03.414+0000] {logging_mixin.py:190} INFO - [2024-10-03T13:14:03.412+0000] {dagbag.py:587} INFO - Filling up the DagBag from /home/airflow/.local/lib/python3.12/site-packages/airflow/example_dags/example_latest_only_with_trigger.py
[2024-10-03T13:14:03.427+0000] {processor.py:925} INFO - DAG(s) 'latest_only_with_trigger' retrieved from /home/airflow/.local/lib/python3.12/site-packages/airflow/example_dags/example_latest_only_with_trigger.py
[2024-10-03T13:14:03.466+0000] {logging_mixin.py:190} INFO - [2024-10-03T13:14:03.466+0000] {dag.py:3229} INFO - Sync 1 DAGs
[2024-10-03T13:14:03.517+0000] {logging_mixin.py:190} INFO - [2024-10-03T13:14:03.517+0000] {dag.py:4156} INFO - Setting next_dagrun for latest_only_with_trigger to 2024-10-03 08:00:00+00:00, run_after=2024-10-03 12:00:00+00:00
[2024-10-03T13:14:03.672+0000] {processor.py:208} INFO - Processing /home/airflow/.local/lib/python3.12/site-packages/airflow/example_dags/example_latest_only_with_trigger.py took 0.433 seconds
[2024-10-03T13:14:35.553+0000] {processor.py:186} INFO - Started process (PID=611) to work on /home/airflow/.local/lib/python3.12/site-packages/airflow/example_dags/example_latest_only_with_trigger.py
[2024-10-03T13:14:35.556+0000] {processor.py:914} INFO - Processing file /home/airflow/.local/lib/python3.12/site-packages/airflow/example_dags/example_latest_only_with_trigger.py for tasks to queue
[2024-10-03T13:14:35.563+0000] {logging_mixin.py:190} INFO - [2024-10-03T13:14:35.562+0000] {dagbag.py:587} INFO - Filling up the DagBag from /home/airflow/.local/lib/python3.12/site-packages/airflow/example_dags/example_latest_only_with_trigger.py
[2024-10-03T13:14:35.586+0000] {processor.py:925} INFO - DAG(s) 'latest_only_with_trigger' retrieved from /home/airflow/.local/lib/python3.12/site-packages/airflow/example_dags/example_latest_only_with_trigger.py
[2024-10-03T13:14:35.639+0000] {logging_mixin.py:190} INFO - [2024-10-03T13:14:35.638+0000] {dag.py:3229} INFO - Sync 1 DAGs
[2024-10-03T13:14:35.719+0000] {logging_mixin.py:190} INFO - [2024-10-03T13:14:35.718+0000] {dag.py:4156} INFO - Setting next_dagrun for latest_only_with_trigger to 2024-10-03 08:00:00+00:00, run_after=2024-10-03 12:00:00+00:00
[2024-10-03T13:14:36.343+0000] {processor.py:208} INFO - Processing /home/airflow/.local/lib/python3.12/site-packages/airflow/example_dags/example_latest_only_with_trigger.py took 0.814 seconds
[2024-10-03T13:15:07.042+0000] {processor.py:186} INFO - Started process (PID=674) to work on /home/airflow/.local/lib/python3.12/site-packages/airflow/example_dags/example_latest_only_with_trigger.py
[2024-10-03T13:15:07.044+0000] {processor.py:914} INFO - Processing file /home/airflow/.local/lib/python3.12/site-packages/airflow/example_dags/example_latest_only_with_trigger.py for tasks to queue
[2024-10-03T13:15:07.048+0000] {logging_mixin.py:190} INFO - [2024-10-03T13:15:07.047+0000] {dagbag.py:587} INFO - Filling up the DagBag from /home/airflow/.local/lib/python3.12/site-packages/airflow/example_dags/example_latest_only_with_trigger.py
[2024-10-03T13:15:07.060+0000] {processor.py:925} INFO - DAG(s) 'latest_only_with_trigger' retrieved from /home/airflow/.local/lib/python3.12/site-packages/airflow/example_dags/example_latest_only_with_trigger.py
[2024-10-03T13:15:07.094+0000] {logging_mixin.py:190} INFO - [2024-10-03T13:15:07.093+0000] {dag.py:3229} INFO - Sync 1 DAGs
[2024-10-03T13:15:07.136+0000] {logging_mixin.py:190} INFO - [2024-10-03T13:15:07.135+0000] {dag.py:4156} INFO - Setting next_dagrun for latest_only_with_trigger to 2024-10-03 08:00:00+00:00, run_after=2024-10-03 12:00:00+00:00
[2024-10-03T13:15:07.449+0000] {processor.py:208} INFO - Processing /home/airflow/.local/lib/python3.12/site-packages/airflow/example_dags/example_latest_only_with_trigger.py took 0.419 seconds
[2024-10-03T13:15:38.303+0000] {processor.py:186} INFO - Started process (PID=737) to work on /home/airflow/.local/lib/python3.12/site-packages/airflow/example_dags/example_latest_only_with_trigger.py
[2024-10-03T13:15:38.305+0000] {processor.py:914} INFO - Processing file /home/airflow/.local/lib/python3.12/site-packages/airflow/example_dags/example_latest_only_with_trigger.py for tasks to queue
[2024-10-03T13:15:38.312+0000] {logging_mixin.py:190} INFO - [2024-10-03T13:15:38.311+0000] {dagbag.py:587} INFO - Filling up the DagBag from /home/airflow/.local/lib/python3.12/site-packages/airflow/example_dags/example_latest_only_with_trigger.py
[2024-10-03T13:15:38.325+0000] {processor.py:925} INFO - DAG(s) 'latest_only_with_trigger' retrieved from /home/airflow/.local/lib/python3.12/site-packages/airflow/example_dags/example_latest_only_with_trigger.py
[2024-10-03T13:15:38.366+0000] {logging_mixin.py:190} INFO - [2024-10-03T13:15:38.365+0000] {dag.py:3229} INFO - Sync 1 DAGs
[2024-10-03T13:15:38.403+0000] {logging_mixin.py:190} INFO - [2024-10-03T13:15:38.403+0000] {dag.py:4156} INFO - Setting next_dagrun for latest_only_with_trigger to 2024-10-03 08:00:00+00:00, run_after=2024-10-03 12:00:00+00:00
[2024-10-03T13:15:38.669+0000] {processor.py:208} INFO - Processing /home/airflow/.local/lib/python3.12/site-packages/airflow/example_dags/example_latest_only_with_trigger.py took 0.375 seconds
[2024-10-03T13:16:09.887+0000] {processor.py:186} INFO - Started process (PID=800) to work on /home/airflow/.local/lib/python3.12/site-packages/airflow/example_dags/example_latest_only_with_trigger.py
[2024-10-03T13:16:09.888+0000] {processor.py:914} INFO - Processing file /home/airflow/.local/lib/python3.12/site-packages/airflow/example_dags/example_latest_only_with_trigger.py for tasks to queue
[2024-10-03T13:16:09.891+0000] {logging_mixin.py:190} INFO - [2024-10-03T13:16:09.890+0000] {dagbag.py:587} INFO - Filling up the DagBag from /home/airflow/.local/lib/python3.12/site-packages/airflow/example_dags/example_latest_only_with_trigger.py
[2024-10-03T13:16:09.902+0000] {processor.py:925} INFO - DAG(s) 'latest_only_with_trigger' retrieved from /home/airflow/.local/lib/python3.12/site-packages/airflow/example_dags/example_latest_only_with_trigger.py
[2024-10-03T13:16:09.931+0000] {logging_mixin.py:190} INFO - [2024-10-03T13:16:09.931+0000] {dag.py:3229} INFO - Sync 1 DAGs
[2024-10-03T13:16:09.969+0000] {logging_mixin.py:190} INFO - [2024-10-03T13:16:09.968+0000] {dag.py:4156} INFO - Setting next_dagrun for latest_only_with_trigger to 2024-10-03 08:00:00+00:00, run_after=2024-10-03 12:00:00+00:00
[2024-10-03T13:16:10.615+0000] {processor.py:208} INFO - Processing /home/airflow/.local/lib/python3.12/site-packages/airflow/example_dags/example_latest_only_with_trigger.py took 0.737 seconds
[2024-10-03T13:16:41.132+0000] {processor.py:186} INFO - Started process (PID=863) to work on /home/airflow/.local/lib/python3.12/site-packages/airflow/example_dags/example_latest_only_with_trigger.py
[2024-10-03T13:16:41.133+0000] {processor.py:914} INFO - Processing file /home/airflow/.local/lib/python3.12/site-packages/airflow/example_dags/example_latest_only_with_trigger.py for tasks to queue
[2024-10-03T13:16:41.136+0000] {logging_mixin.py:190} INFO - [2024-10-03T13:16:41.135+0000] {dagbag.py:587} INFO - Filling up the DagBag from /home/airflow/.local/lib/python3.12/site-packages/airflow/example_dags/example_latest_only_with_trigger.py
[2024-10-03T13:16:41.144+0000] {processor.py:925} INFO - DAG(s) 'latest_only_with_trigger' retrieved from /home/airflow/.local/lib/python3.12/site-packages/airflow/example_dags/example_latest_only_with_trigger.py
[2024-10-03T13:16:41.166+0000] {logging_mixin.py:190} INFO - [2024-10-03T13:16:41.166+0000] {dag.py:3229} INFO - Sync 1 DAGs
[2024-10-03T13:16:41.192+0000] {logging_mixin.py:190} INFO - [2024-10-03T13:16:41.192+0000] {dag.py:4156} INFO - Setting next_dagrun for latest_only_with_trigger to 2024-10-03 08:00:00+00:00, run_after=2024-10-03 12:00:00+00:00
[2024-10-03T13:16:41.369+0000] {processor.py:208} INFO - Processing /home/airflow/.local/lib/python3.12/site-packages/airflow/example_dags/example_latest_only_with_trigger.py took 0.242 seconds
[2024-10-03T13:17:11.580+0000] {processor.py:186} INFO - Started process (PID=926) to work on /home/airflow/.local/lib/python3.12/site-packages/airflow/example_dags/example_latest_only_with_trigger.py
[2024-10-03T13:17:11.581+0000] {processor.py:914} INFO - Processing file /home/airflow/.local/lib/python3.12/site-packages/airflow/example_dags/example_latest_only_with_trigger.py for tasks to queue
[2024-10-03T13:17:11.584+0000] {logging_mixin.py:190} INFO - [2024-10-03T13:17:11.583+0000] {dagbag.py:587} INFO - Filling up the DagBag from /home/airflow/.local/lib/python3.12/site-packages/airflow/example_dags/example_latest_only_with_trigger.py
[2024-10-03T13:17:11.595+0000] {processor.py:925} INFO - DAG(s) 'latest_only_with_trigger' retrieved from /home/airflow/.local/lib/python3.12/site-packages/airflow/example_dags/example_latest_only_with_trigger.py
[2024-10-03T13:17:11.618+0000] {logging_mixin.py:190} INFO - [2024-10-03T13:17:11.618+0000] {dag.py:3229} INFO - Sync 1 DAGs
[2024-10-03T13:17:11.649+0000] {logging_mixin.py:190} INFO - [2024-10-03T13:17:11.649+0000] {dag.py:4156} INFO - Setting next_dagrun for latest_only_with_trigger to 2024-10-03 08:00:00+00:00, run_after=2024-10-03 12:00:00+00:00
[2024-10-03T13:17:11.715+0000] {processor.py:208} INFO - Processing /home/airflow/.local/lib/python3.12/site-packages/airflow/example_dags/example_latest_only_with_trigger.py took 0.144 seconds
[2024-10-03T13:17:42.424+0000] {processor.py:186} INFO - Started process (PID=989) to work on /home/airflow/.local/lib/python3.12/site-packages/airflow/example_dags/example_latest_only_with_trigger.py
[2024-10-03T13:17:42.425+0000] {processor.py:914} INFO - Processing file /home/airflow/.local/lib/python3.12/site-packages/airflow/example_dags/example_latest_only_with_trigger.py for tasks to queue
[2024-10-03T13:17:42.428+0000] {logging_mixin.py:190} INFO - [2024-10-03T13:17:42.428+0000] {dagbag.py:587} INFO - Filling up the DagBag from /home/airflow/.local/lib/python3.12/site-packages/airflow/example_dags/example_latest_only_with_trigger.py
[2024-10-03T13:17:42.438+0000] {processor.py:925} INFO - DAG(s) 'latest_only_with_trigger' retrieved from /home/airflow/.local/lib/python3.12/site-packages/airflow/example_dags/example_latest_only_with_trigger.py
[2024-10-03T13:17:42.467+0000] {logging_mixin.py:190} INFO - [2024-10-03T13:17:42.467+0000] {dag.py:3229} INFO - Sync 1 DAGs
[2024-10-03T13:17:42.501+0000] {logging_mixin.py:190} INFO - [2024-10-03T13:17:42.501+0000] {dag.py:4156} INFO - Setting next_dagrun for latest_only_with_trigger to 2024-10-03 08:00:00+00:00, run_after=2024-10-03 12:00:00+00:00
[2024-10-03T13:17:42.614+0000] {processor.py:208} INFO - Processing /home/airflow/.local/lib/python3.12/site-packages/airflow/example_dags/example_latest_only_with_trigger.py took 0.198 seconds
[2024-10-03T13:18:12.981+0000] {processor.py:186} INFO - Started process (PID=1052) to work on /home/airflow/.local/lib/python3.12/site-packages/airflow/example_dags/example_latest_only_with_trigger.py
[2024-10-03T13:18:12.983+0000] {processor.py:914} INFO - Processing file /home/airflow/.local/lib/python3.12/site-packages/airflow/example_dags/example_latest_only_with_trigger.py for tasks to queue
[2024-10-03T13:18:12.987+0000] {logging_mixin.py:190} INFO - [2024-10-03T13:18:12.986+0000] {dagbag.py:587} INFO - Filling up the DagBag from /home/airflow/.local/lib/python3.12/site-packages/airflow/example_dags/example_latest_only_with_trigger.py
[2024-10-03T13:18:12.997+0000] {processor.py:925} INFO - DAG(s) 'latest_only_with_trigger' retrieved from /home/airflow/.local/lib/python3.12/site-packages/airflow/example_dags/example_latest_only_with_trigger.py
[2024-10-03T13:18:13.028+0000] {logging_mixin.py:190} INFO - [2024-10-03T13:18:13.028+0000] {dag.py:3229} INFO - Sync 1 DAGs
[2024-10-03T13:18:13.065+0000] {logging_mixin.py:190} INFO - [2024-10-03T13:18:13.064+0000] {dag.py:4156} INFO - Setting next_dagrun for latest_only_with_trigger to 2024-10-03 08:00:00+00:00, run_after=2024-10-03 12:00:00+00:00
[2024-10-03T13:18:13.189+0000] {processor.py:208} INFO - Processing /home/airflow/.local/lib/python3.12/site-packages/airflow/example_dags/example_latest_only_with_trigger.py took 0.219 seconds
