[2024-10-03T13:10:06.825+0000] {processor.py:186} INFO - Started process (PID=79) to work on /home/airflow/.local/lib/python3.12/site-packages/airflow/example_dags/example_python_operator.py
[2024-10-03T13:10:06.826+0000] {processor.py:914} INFO - Processing file /home/airflow/.local/lib/python3.12/site-packages/airflow/example_dags/example_python_operator.py for tasks to queue
[2024-10-03T13:10:06.829+0000] {logging_mixin.py:190} INFO - [2024-10-03T13:10:06.829+0000] {dagbag.py:587} INFO - Filling up the DagBag from /home/airflow/.local/lib/python3.12/site-packages/airflow/example_dags/example_python_operator.py
[2024-10-03T13:10:06.953+0000] {processor.py:925} INFO - DAG(s) 'example_python_operator' retrieved from /home/airflow/.local/lib/python3.12/site-packages/airflow/example_dags/example_python_operator.py
[2024-10-03T13:10:08.759+0000] {logging_mixin.py:190} INFO - [2024-10-03T13:10:08.759+0000] {dag.py:3229} INFO - Sync 1 DAGs
[2024-10-03T13:10:08.797+0000] {logging_mixin.py:190} INFO - [2024-10-03T13:10:08.796+0000] {dag.py:4156} INFO - Setting next_dagrun for example_python_operator to None, run_after=None
[2024-10-03T13:10:08.926+0000] {processor.py:208} INFO - Processing /home/airflow/.local/lib/python3.12/site-packages/airflow/example_dags/example_python_operator.py took 2.107 seconds
[2024-10-03T13:10:38.987+0000] {processor.py:186} INFO - Started process (PID=143) to work on /home/airflow/.local/lib/python3.12/site-packages/airflow/example_dags/example_python_operator.py
[2024-10-03T13:10:39.085+0000] {processor.py:914} INFO - Processing file /home/airflow/.local/lib/python3.12/site-packages/airflow/example_dags/example_python_operator.py for tasks to queue
[2024-10-03T13:10:39.088+0000] {logging_mixin.py:190} INFO - [2024-10-03T13:10:39.088+0000] {dagbag.py:587} INFO - Filling up the DagBag from /home/airflow/.local/lib/python3.12/site-packages/airflow/example_dags/example_python_operator.py
[2024-10-03T13:10:39.103+0000] {processor.py:925} INFO - DAG(s) 'example_python_operator' retrieved from /home/airflow/.local/lib/python3.12/site-packages/airflow/example_dags/example_python_operator.py
[2024-10-03T13:10:39.138+0000] {logging_mixin.py:190} INFO - [2024-10-03T13:10:39.138+0000] {dag.py:3229} INFO - Sync 1 DAGs
[2024-10-03T13:10:39.164+0000] {logging_mixin.py:190} INFO - [2024-10-03T13:10:39.163+0000] {dag.py:4156} INFO - Setting next_dagrun for example_python_operator to None, run_after=None
[2024-10-03T13:10:39.266+0000] {processor.py:208} INFO - Processing /home/airflow/.local/lib/python3.12/site-packages/airflow/example_dags/example_python_operator.py took 0.288 seconds
[2024-10-03T13:11:09.635+0000] {processor.py:186} INFO - Started process (PID=206) to work on /home/airflow/.local/lib/python3.12/site-packages/airflow/example_dags/example_python_operator.py
[2024-10-03T13:11:09.636+0000] {processor.py:914} INFO - Processing file /home/airflow/.local/lib/python3.12/site-packages/airflow/example_dags/example_python_operator.py for tasks to queue
[2024-10-03T13:11:09.638+0000] {logging_mixin.py:190} INFO - [2024-10-03T13:11:09.638+0000] {dagbag.py:587} INFO - Filling up the DagBag from /home/airflow/.local/lib/python3.12/site-packages/airflow/example_dags/example_python_operator.py
[2024-10-03T13:11:09.654+0000] {processor.py:925} INFO - DAG(s) 'example_python_operator' retrieved from /home/airflow/.local/lib/python3.12/site-packages/airflow/example_dags/example_python_operator.py
[2024-10-03T13:11:09.681+0000] {logging_mixin.py:190} INFO - [2024-10-03T13:11:09.681+0000] {dag.py:3229} INFO - Sync 1 DAGs
[2024-10-03T13:11:09.701+0000] {logging_mixin.py:190} INFO - [2024-10-03T13:11:09.701+0000] {dag.py:4156} INFO - Setting next_dagrun for example_python_operator to None, run_after=None
[2024-10-03T13:11:09.829+0000] {processor.py:208} INFO - Processing /home/airflow/.local/lib/python3.12/site-packages/airflow/example_dags/example_python_operator.py took 0.201 seconds
[2024-10-03T13:11:40.173+0000] {processor.py:186} INFO - Started process (PID=269) to work on /home/airflow/.local/lib/python3.12/site-packages/airflow/example_dags/example_python_operator.py
[2024-10-03T13:11:40.175+0000] {processor.py:914} INFO - Processing file /home/airflow/.local/lib/python3.12/site-packages/airflow/example_dags/example_python_operator.py for tasks to queue
[2024-10-03T13:11:40.179+0000] {logging_mixin.py:190} INFO - [2024-10-03T13:11:40.179+0000] {dagbag.py:587} INFO - Filling up the DagBag from /home/airflow/.local/lib/python3.12/site-packages/airflow/example_dags/example_python_operator.py
[2024-10-03T13:11:40.203+0000] {processor.py:925} INFO - DAG(s) 'example_python_operator' retrieved from /home/airflow/.local/lib/python3.12/site-packages/airflow/example_dags/example_python_operator.py
[2024-10-03T13:11:40.241+0000] {logging_mixin.py:190} INFO - [2024-10-03T13:11:40.240+0000] {dag.py:3229} INFO - Sync 1 DAGs
[2024-10-03T13:11:40.264+0000] {logging_mixin.py:190} INFO - [2024-10-03T13:11:40.263+0000] {dag.py:4156} INFO - Setting next_dagrun for example_python_operator to None, run_after=None
[2024-10-03T13:11:40.902+0000] {processor.py:208} INFO - Processing /home/airflow/.local/lib/python3.12/site-packages/airflow/example_dags/example_python_operator.py took 0.739 seconds
[2024-10-03T13:12:10.991+0000] {processor.py:186} INFO - Started process (PID=330) to work on /home/airflow/.local/lib/python3.12/site-packages/airflow/example_dags/example_python_operator.py
[2024-10-03T13:12:10.993+0000] {processor.py:914} INFO - Processing file /home/airflow/.local/lib/python3.12/site-packages/airflow/example_dags/example_python_operator.py for tasks to queue
[2024-10-03T13:12:10.997+0000] {logging_mixin.py:190} INFO - [2024-10-03T13:12:10.996+0000] {dagbag.py:587} INFO - Filling up the DagBag from /home/airflow/.local/lib/python3.12/site-packages/airflow/example_dags/example_python_operator.py
[2024-10-03T13:12:11.022+0000] {processor.py:925} INFO - DAG(s) 'example_python_operator' retrieved from /home/airflow/.local/lib/python3.12/site-packages/airflow/example_dags/example_python_operator.py
[2024-10-03T13:12:11.060+0000] {logging_mixin.py:190} INFO - [2024-10-03T13:12:11.060+0000] {dag.py:3229} INFO - Sync 1 DAGs
[2024-10-03T13:12:11.090+0000] {logging_mixin.py:190} INFO - [2024-10-03T13:12:11.089+0000] {dag.py:4156} INFO - Setting next_dagrun for example_python_operator to None, run_after=None
[2024-10-03T13:12:11.249+0000] {processor.py:208} INFO - Processing /home/airflow/.local/lib/python3.12/site-packages/airflow/example_dags/example_python_operator.py took 0.269 seconds
[2024-10-03T13:12:43.505+0000] {processor.py:186} INFO - Started process (PID=393) to work on /home/airflow/.local/lib/python3.12/site-packages/airflow/example_dags/example_python_operator.py
[2024-10-03T13:12:43.509+0000] {processor.py:914} INFO - Processing file /home/airflow/.local/lib/python3.12/site-packages/airflow/example_dags/example_python_operator.py for tasks to queue
[2024-10-03T13:12:43.514+0000] {logging_mixin.py:190} INFO - [2024-10-03T13:12:43.514+0000] {dagbag.py:587} INFO - Filling up the DagBag from /home/airflow/.local/lib/python3.12/site-packages/airflow/example_dags/example_python_operator.py
[2024-10-03T13:12:43.561+0000] {processor.py:925} INFO - DAG(s) 'example_python_operator' retrieved from /home/airflow/.local/lib/python3.12/site-packages/airflow/example_dags/example_python_operator.py
[2024-10-03T13:12:43.640+0000] {logging_mixin.py:190} INFO - [2024-10-03T13:12:43.638+0000] {dag.py:3229} INFO - Sync 1 DAGs
[2024-10-03T13:12:43.684+0000] {logging_mixin.py:190} INFO - [2024-10-03T13:12:43.684+0000] {dag.py:4156} INFO - Setting next_dagrun for example_python_operator to None, run_after=None
[2024-10-03T13:12:43.883+0000] {processor.py:208} INFO - Processing /home/airflow/.local/lib/python3.12/site-packages/airflow/example_dags/example_python_operator.py took 0.402 seconds
[2024-10-03T13:13:14.563+0000] {processor.py:186} INFO - Started process (PID=456) to work on /home/airflow/.local/lib/python3.12/site-packages/airflow/example_dags/example_python_operator.py
[2024-10-03T13:13:14.564+0000] {processor.py:914} INFO - Processing file /home/airflow/.local/lib/python3.12/site-packages/airflow/example_dags/example_python_operator.py for tasks to queue
[2024-10-03T13:13:14.569+0000] {logging_mixin.py:190} INFO - [2024-10-03T13:13:14.568+0000] {dagbag.py:587} INFO - Filling up the DagBag from /home/airflow/.local/lib/python3.12/site-packages/airflow/example_dags/example_python_operator.py
[2024-10-03T13:13:14.586+0000] {processor.py:925} INFO - DAG(s) 'example_python_operator' retrieved from /home/airflow/.local/lib/python3.12/site-packages/airflow/example_dags/example_python_operator.py
[2024-10-03T13:13:14.627+0000] {logging_mixin.py:190} INFO - [2024-10-03T13:13:14.627+0000] {dag.py:3229} INFO - Sync 1 DAGs
[2024-10-03T13:13:14.649+0000] {logging_mixin.py:190} INFO - [2024-10-03T13:13:14.648+0000] {dag.py:4156} INFO - Setting next_dagrun for example_python_operator to None, run_after=None
[2024-10-03T13:13:14.932+0000] {processor.py:208} INFO - Processing /home/airflow/.local/lib/python3.12/site-packages/airflow/example_dags/example_python_operator.py took 0.382 seconds
[2024-10-03T13:13:45.345+0000] {processor.py:186} INFO - Started process (PID=519) to work on /home/airflow/.local/lib/python3.12/site-packages/airflow/example_dags/example_python_operator.py
[2024-10-03T13:13:45.722+0000] {processor.py:914} INFO - Processing file /home/airflow/.local/lib/python3.12/site-packages/airflow/example_dags/example_python_operator.py for tasks to queue
[2024-10-03T13:13:45.731+0000] {logging_mixin.py:190} INFO - [2024-10-03T13:13:45.730+0000] {dagbag.py:587} INFO - Filling up the DagBag from /home/airflow/.local/lib/python3.12/site-packages/airflow/example_dags/example_python_operator.py
[2024-10-03T13:13:45.797+0000] {processor.py:925} INFO - DAG(s) 'example_python_operator' retrieved from /home/airflow/.local/lib/python3.12/site-packages/airflow/example_dags/example_python_operator.py
[2024-10-03T13:13:45.968+0000] {logging_mixin.py:190} INFO - [2024-10-03T13:13:45.967+0000] {dag.py:3229} INFO - Sync 1 DAGs
[2024-10-03T13:13:46.080+0000] {logging_mixin.py:190} INFO - [2024-10-03T13:13:46.069+0000] {dag.py:4156} INFO - Setting next_dagrun for example_python_operator to None, run_after=None
[2024-10-03T13:13:46.452+0000] {processor.py:208} INFO - Processing /home/airflow/.local/lib/python3.12/site-packages/airflow/example_dags/example_python_operator.py took 1.125 seconds
[2024-10-03T13:14:16.758+0000] {processor.py:186} INFO - Started process (PID=582) to work on /home/airflow/.local/lib/python3.12/site-packages/airflow/example_dags/example_python_operator.py
[2024-10-03T13:14:16.760+0000] {processor.py:914} INFO - Processing file /home/airflow/.local/lib/python3.12/site-packages/airflow/example_dags/example_python_operator.py for tasks to queue
[2024-10-03T13:14:16.763+0000] {logging_mixin.py:190} INFO - [2024-10-03T13:14:16.762+0000] {dagbag.py:587} INFO - Filling up the DagBag from /home/airflow/.local/lib/python3.12/site-packages/airflow/example_dags/example_python_operator.py
[2024-10-03T13:14:16.786+0000] {processor.py:925} INFO - DAG(s) 'example_python_operator' retrieved from /home/airflow/.local/lib/python3.12/site-packages/airflow/example_dags/example_python_operator.py
[2024-10-03T13:14:16.825+0000] {logging_mixin.py:190} INFO - [2024-10-03T13:14:16.824+0000] {dag.py:3229} INFO - Sync 1 DAGs
[2024-10-03T13:14:16.851+0000] {logging_mixin.py:190} INFO - [2024-10-03T13:14:16.851+0000] {dag.py:4156} INFO - Setting next_dagrun for example_python_operator to None, run_after=None
[2024-10-03T13:14:17.233+0000] {processor.py:208} INFO - Processing /home/airflow/.local/lib/python3.12/site-packages/airflow/example_dags/example_python_operator.py took 0.483 seconds
[2024-10-03T13:14:48.720+0000] {processor.py:186} INFO - Started process (PID=645) to work on /home/airflow/.local/lib/python3.12/site-packages/airflow/example_dags/example_python_operator.py
[2024-10-03T13:14:48.721+0000] {processor.py:914} INFO - Processing file /home/airflow/.local/lib/python3.12/site-packages/airflow/example_dags/example_python_operator.py for tasks to queue
[2024-10-03T13:14:48.725+0000] {logging_mixin.py:190} INFO - [2024-10-03T13:14:48.724+0000] {dagbag.py:587} INFO - Filling up the DagBag from /home/airflow/.local/lib/python3.12/site-packages/airflow/example_dags/example_python_operator.py
[2024-10-03T13:14:48.741+0000] {processor.py:925} INFO - DAG(s) 'example_python_operator' retrieved from /home/airflow/.local/lib/python3.12/site-packages/airflow/example_dags/example_python_operator.py
[2024-10-03T13:14:48.770+0000] {logging_mixin.py:190} INFO - [2024-10-03T13:14:48.769+0000] {dag.py:3229} INFO - Sync 1 DAGs
[2024-10-03T13:14:48.790+0000] {logging_mixin.py:190} INFO - [2024-10-03T13:14:48.790+0000] {dag.py:4156} INFO - Setting next_dagrun for example_python_operator to None, run_after=None
[2024-10-03T13:14:49.026+0000] {processor.py:208} INFO - Processing /home/airflow/.local/lib/python3.12/site-packages/airflow/example_dags/example_python_operator.py took 0.313 seconds
[2024-10-03T13:15:19.328+0000] {processor.py:186} INFO - Started process (PID=708) to work on /home/airflow/.local/lib/python3.12/site-packages/airflow/example_dags/example_python_operator.py
[2024-10-03T13:15:19.329+0000] {processor.py:914} INFO - Processing file /home/airflow/.local/lib/python3.12/site-packages/airflow/example_dags/example_python_operator.py for tasks to queue
[2024-10-03T13:15:19.332+0000] {logging_mixin.py:190} INFO - [2024-10-03T13:15:19.331+0000] {dagbag.py:587} INFO - Filling up the DagBag from /home/airflow/.local/lib/python3.12/site-packages/airflow/example_dags/example_python_operator.py
[2024-10-03T13:15:19.347+0000] {processor.py:925} INFO - DAG(s) 'example_python_operator' retrieved from /home/airflow/.local/lib/python3.12/site-packages/airflow/example_dags/example_python_operator.py
[2024-10-03T13:15:19.372+0000] {logging_mixin.py:190} INFO - [2024-10-03T13:15:19.372+0000] {dag.py:3229} INFO - Sync 1 DAGs
[2024-10-03T13:15:19.390+0000] {logging_mixin.py:190} INFO - [2024-10-03T13:15:19.390+0000] {dag.py:4156} INFO - Setting next_dagrun for example_python_operator to None, run_after=None
[2024-10-03T13:15:19.597+0000] {processor.py:208} INFO - Processing /home/airflow/.local/lib/python3.12/site-packages/airflow/example_dags/example_python_operator.py took 0.275 seconds
[2024-10-03T13:15:50.717+0000] {processor.py:186} INFO - Started process (PID=771) to work on /home/airflow/.local/lib/python3.12/site-packages/airflow/example_dags/example_python_operator.py
[2024-10-03T13:15:50.718+0000] {processor.py:914} INFO - Processing file /home/airflow/.local/lib/python3.12/site-packages/airflow/example_dags/example_python_operator.py for tasks to queue
[2024-10-03T13:15:50.721+0000] {logging_mixin.py:190} INFO - [2024-10-03T13:15:50.720+0000] {dagbag.py:587} INFO - Filling up the DagBag from /home/airflow/.local/lib/python3.12/site-packages/airflow/example_dags/example_python_operator.py
[2024-10-03T13:15:50.734+0000] {processor.py:925} INFO - DAG(s) 'example_python_operator' retrieved from /home/airflow/.local/lib/python3.12/site-packages/airflow/example_dags/example_python_operator.py
[2024-10-03T13:15:50.761+0000] {logging_mixin.py:190} INFO - [2024-10-03T13:15:50.761+0000] {dag.py:3229} INFO - Sync 1 DAGs
[2024-10-03T13:15:50.779+0000] {logging_mixin.py:190} INFO - [2024-10-03T13:15:50.779+0000] {dag.py:4156} INFO - Setting next_dagrun for example_python_operator to None, run_after=None
[2024-10-03T13:15:50.912+0000] {processor.py:208} INFO - Processing /home/airflow/.local/lib/python3.12/site-packages/airflow/example_dags/example_python_operator.py took 0.201 seconds
[2024-10-03T13:16:21.479+0000] {processor.py:186} INFO - Started process (PID=834) to work on /home/airflow/.local/lib/python3.12/site-packages/airflow/example_dags/example_python_operator.py
[2024-10-03T13:16:21.481+0000] {processor.py:914} INFO - Processing file /home/airflow/.local/lib/python3.12/site-packages/airflow/example_dags/example_python_operator.py for tasks to queue
[2024-10-03T13:16:21.484+0000] {logging_mixin.py:190} INFO - [2024-10-03T13:16:21.484+0000] {dagbag.py:587} INFO - Filling up the DagBag from /home/airflow/.local/lib/python3.12/site-packages/airflow/example_dags/example_python_operator.py
[2024-10-03T13:16:21.501+0000] {processor.py:925} INFO - DAG(s) 'example_python_operator' retrieved from /home/airflow/.local/lib/python3.12/site-packages/airflow/example_dags/example_python_operator.py
[2024-10-03T13:16:21.534+0000] {logging_mixin.py:190} INFO - [2024-10-03T13:16:21.534+0000] {dag.py:3229} INFO - Sync 1 DAGs
[2024-10-03T13:16:21.557+0000] {logging_mixin.py:190} INFO - [2024-10-03T13:16:21.557+0000] {dag.py:4156} INFO - Setting next_dagrun for example_python_operator to None, run_after=None
[2024-10-03T13:16:21.620+0000] {processor.py:208} INFO - Processing /home/airflow/.local/lib/python3.12/site-packages/airflow/example_dags/example_python_operator.py took 0.150 seconds
[2024-10-03T13:16:52.158+0000] {processor.py:186} INFO - Started process (PID=897) to work on /home/airflow/.local/lib/python3.12/site-packages/airflow/example_dags/example_python_operator.py
[2024-10-03T13:16:52.159+0000] {processor.py:914} INFO - Processing file /home/airflow/.local/lib/python3.12/site-packages/airflow/example_dags/example_python_operator.py for tasks to queue
[2024-10-03T13:16:52.163+0000] {logging_mixin.py:190} INFO - [2024-10-03T13:16:52.162+0000] {dagbag.py:587} INFO - Filling up the DagBag from /home/airflow/.local/lib/python3.12/site-packages/airflow/example_dags/example_python_operator.py
[2024-10-03T13:16:52.179+0000] {processor.py:925} INFO - DAG(s) 'example_python_operator' retrieved from /home/airflow/.local/lib/python3.12/site-packages/airflow/example_dags/example_python_operator.py
[2024-10-03T13:16:52.212+0000] {logging_mixin.py:190} INFO - [2024-10-03T13:16:52.212+0000] {dag.py:3229} INFO - Sync 1 DAGs
[2024-10-03T13:16:52.232+0000] {logging_mixin.py:190} INFO - [2024-10-03T13:16:52.231+0000] {dag.py:4156} INFO - Setting next_dagrun for example_python_operator to None, run_after=None
[2024-10-03T13:16:52.325+0000] {processor.py:208} INFO - Processing /home/airflow/.local/lib/python3.12/site-packages/airflow/example_dags/example_python_operator.py took 0.173 seconds
[2024-10-03T13:17:23.958+0000] {processor.py:186} INFO - Started process (PID=960) to work on /home/airflow/.local/lib/python3.12/site-packages/airflow/example_dags/example_python_operator.py
[2024-10-03T13:17:23.961+0000] {processor.py:914} INFO - Processing file /home/airflow/.local/lib/python3.12/site-packages/airflow/example_dags/example_python_operator.py for tasks to queue
[2024-10-03T13:17:23.978+0000] {logging_mixin.py:190} INFO - [2024-10-03T13:17:23.977+0000] {dagbag.py:587} INFO - Filling up the DagBag from /home/airflow/.local/lib/python3.12/site-packages/airflow/example_dags/example_python_operator.py
[2024-10-03T13:17:24.079+0000] {processor.py:925} INFO - DAG(s) 'example_python_operator' retrieved from /home/airflow/.local/lib/python3.12/site-packages/airflow/example_dags/example_python_operator.py
[2024-10-03T13:17:24.227+0000] {logging_mixin.py:190} INFO - [2024-10-03T13:17:24.223+0000] {dag.py:3229} INFO - Sync 1 DAGs
[2024-10-03T13:17:24.319+0000] {logging_mixin.py:190} INFO - [2024-10-03T13:17:24.315+0000] {dag.py:4156} INFO - Setting next_dagrun for example_python_operator to None, run_after=None
[2024-10-03T13:17:25.720+0000] {processor.py:208} INFO - Processing /home/airflow/.local/lib/python3.12/site-packages/airflow/example_dags/example_python_operator.py took 1.796 seconds
[2024-10-03T13:17:56.398+0000] {processor.py:186} INFO - Started process (PID=1023) to work on /home/airflow/.local/lib/python3.12/site-packages/airflow/example_dags/example_python_operator.py
[2024-10-03T13:17:56.399+0000] {processor.py:914} INFO - Processing file /home/airflow/.local/lib/python3.12/site-packages/airflow/example_dags/example_python_operator.py for tasks to queue
[2024-10-03T13:17:56.402+0000] {logging_mixin.py:190} INFO - [2024-10-03T13:17:56.401+0000] {dagbag.py:587} INFO - Filling up the DagBag from /home/airflow/.local/lib/python3.12/site-packages/airflow/example_dags/example_python_operator.py
[2024-10-03T13:17:56.421+0000] {processor.py:925} INFO - DAG(s) 'example_python_operator' retrieved from /home/airflow/.local/lib/python3.12/site-packages/airflow/example_dags/example_python_operator.py
[2024-10-03T13:17:56.454+0000] {logging_mixin.py:190} INFO - [2024-10-03T13:17:56.454+0000] {dag.py:3229} INFO - Sync 1 DAGs
[2024-10-03T13:17:56.474+0000] {logging_mixin.py:190} INFO - [2024-10-03T13:17:56.474+0000] {dag.py:4156} INFO - Setting next_dagrun for example_python_operator to None, run_after=None
[2024-10-03T13:17:56.527+0000] {processor.py:208} INFO - Processing /home/airflow/.local/lib/python3.12/site-packages/airflow/example_dags/example_python_operator.py took 0.135 seconds
[2024-10-03T13:18:27.436+0000] {processor.py:186} INFO - Started process (PID=1086) to work on /home/airflow/.local/lib/python3.12/site-packages/airflow/example_dags/example_python_operator.py
[2024-10-03T13:18:27.438+0000] {processor.py:914} INFO - Processing file /home/airflow/.local/lib/python3.12/site-packages/airflow/example_dags/example_python_operator.py for tasks to queue
[2024-10-03T13:18:27.441+0000] {logging_mixin.py:190} INFO - [2024-10-03T13:18:27.441+0000] {dagbag.py:587} INFO - Filling up the DagBag from /home/airflow/.local/lib/python3.12/site-packages/airflow/example_dags/example_python_operator.py
[2024-10-03T13:18:27.463+0000] {processor.py:925} INFO - DAG(s) 'example_python_operator' retrieved from /home/airflow/.local/lib/python3.12/site-packages/airflow/example_dags/example_python_operator.py
[2024-10-03T13:18:27.497+0000] {logging_mixin.py:190} INFO - [2024-10-03T13:18:27.496+0000] {dag.py:3229} INFO - Sync 1 DAGs
[2024-10-03T13:18:27.521+0000] {logging_mixin.py:190} INFO - [2024-10-03T13:18:27.521+0000] {dag.py:4156} INFO - Setting next_dagrun for example_python_operator to None, run_after=None
[2024-10-03T13:18:27.785+0000] {processor.py:208} INFO - Processing /home/airflow/.local/lib/python3.12/site-packages/airflow/example_dags/example_python_operator.py took 0.357 seconds
