[2024-10-03T13:10:20.402+0000] {processor.py:186} INFO - Started process (PID=116) to work on /home/airflow/.local/lib/python3.12/site-packages/airflow/example_dags/example_bash_decorator.py
[2024-10-03T13:10:20.404+0000] {processor.py:914} INFO - Processing file /home/airflow/.local/lib/python3.12/site-packages/airflow/example_dags/example_bash_decorator.py for tasks to queue
[2024-10-03T13:10:20.408+0000] {logging_mixin.py:190} INFO - [2024-10-03T13:10:20.408+0000] {dagbag.py:587} INFO - Filling up the DagBag from /home/airflow/.local/lib/python3.12/site-packages/airflow/example_dags/example_bash_decorator.py
[2024-10-03T13:10:20.439+0000] {processor.py:925} INFO - DAG(s) 'example_bash_decorator' retrieved from /home/airflow/.local/lib/python3.12/site-packages/airflow/example_dags/example_bash_decorator.py
[2024-10-03T13:10:20.629+0000] {logging_mixin.py:190} INFO - [2024-10-03T13:10:20.628+0000] {dag.py:3229} INFO - Sync 1 DAGs
[2024-10-03T13:10:20.648+0000] {logging_mixin.py:190} INFO - [2024-10-03T13:10:20.648+0000] {dag.py:4156} INFO - Setting next_dagrun for example_bash_decorator to None, run_after=None
[2024-10-03T13:10:20.998+0000] {processor.py:208} INFO - Processing /home/airflow/.local/lib/python3.12/site-packages/airflow/example_dags/example_bash_decorator.py took 0.607 seconds
[2024-10-03T13:10:51.734+0000] {processor.py:186} INFO - Started process (PID=179) to work on /home/airflow/.local/lib/python3.12/site-packages/airflow/example_dags/example_bash_decorator.py
[2024-10-03T13:10:51.789+0000] {processor.py:914} INFO - Processing file /home/airflow/.local/lib/python3.12/site-packages/airflow/example_dags/example_bash_decorator.py for tasks to queue
[2024-10-03T13:10:51.794+0000] {logging_mixin.py:190} INFO - [2024-10-03T13:10:51.793+0000] {dagbag.py:587} INFO - Filling up the DagBag from /home/airflow/.local/lib/python3.12/site-packages/airflow/example_dags/example_bash_decorator.py
[2024-10-03T13:10:51.816+0000] {processor.py:925} INFO - DAG(s) 'example_bash_decorator' retrieved from /home/airflow/.local/lib/python3.12/site-packages/airflow/example_dags/example_bash_decorator.py
[2024-10-03T13:10:51.846+0000] {logging_mixin.py:190} INFO - [2024-10-03T13:10:51.846+0000] {dag.py:3229} INFO - Sync 1 DAGs
[2024-10-03T13:10:51.864+0000] {logging_mixin.py:190} INFO - [2024-10-03T13:10:51.863+0000] {dag.py:4156} INFO - Setting next_dagrun for example_bash_decorator to None, run_after=None
[2024-10-03T13:10:52.218+0000] {processor.py:208} INFO - Processing /home/airflow/.local/lib/python3.12/site-packages/airflow/example_dags/example_bash_decorator.py took 0.506 seconds
[2024-10-03T13:11:22.341+0000] {processor.py:186} INFO - Started process (PID=242) to work on /home/airflow/.local/lib/python3.12/site-packages/airflow/example_dags/example_bash_decorator.py
[2024-10-03T13:11:22.342+0000] {processor.py:914} INFO - Processing file /home/airflow/.local/lib/python3.12/site-packages/airflow/example_dags/example_bash_decorator.py for tasks to queue
[2024-10-03T13:11:22.352+0000] {logging_mixin.py:190} INFO - [2024-10-03T13:11:22.351+0000] {dagbag.py:587} INFO - Filling up the DagBag from /home/airflow/.local/lib/python3.12/site-packages/airflow/example_dags/example_bash_decorator.py
[2024-10-03T13:11:22.387+0000] {processor.py:925} INFO - DAG(s) 'example_bash_decorator' retrieved from /home/airflow/.local/lib/python3.12/site-packages/airflow/example_dags/example_bash_decorator.py
[2024-10-03T13:11:22.441+0000] {logging_mixin.py:190} INFO - [2024-10-03T13:11:22.440+0000] {dag.py:3229} INFO - Sync 1 DAGs
[2024-10-03T13:11:22.473+0000] {logging_mixin.py:190} INFO - [2024-10-03T13:11:22.472+0000] {dag.py:4156} INFO - Setting next_dagrun for example_bash_decorator to None, run_after=None
[2024-10-03T13:11:22.565+0000] {processor.py:208} INFO - Processing /home/airflow/.local/lib/python3.12/site-packages/airflow/example_dags/example_bash_decorator.py took 0.233 seconds
[2024-10-03T13:12:02.090+0000] {processor.py:186} INFO - Started process (PID=310) to work on /home/airflow/.local/lib/python3.12/site-packages/airflow/example_dags/example_bash_decorator.py
[2024-10-03T13:12:02.094+0000] {processor.py:914} INFO - Processing file /home/airflow/.local/lib/python3.12/site-packages/airflow/example_dags/example_bash_decorator.py for tasks to queue
[2024-10-03T13:12:02.099+0000] {logging_mixin.py:190} INFO - [2024-10-03T13:12:02.098+0000] {dagbag.py:587} INFO - Filling up the DagBag from /home/airflow/.local/lib/python3.12/site-packages/airflow/example_dags/example_bash_decorator.py
[2024-10-03T13:12:02.126+0000] {processor.py:925} INFO - DAG(s) 'example_bash_decorator' retrieved from /home/airflow/.local/lib/python3.12/site-packages/airflow/example_dags/example_bash_decorator.py
[2024-10-03T13:12:02.161+0000] {logging_mixin.py:190} INFO - [2024-10-03T13:12:02.161+0000] {dag.py:3229} INFO - Sync 1 DAGs
[2024-10-03T13:12:02.183+0000] {logging_mixin.py:190} INFO - [2024-10-03T13:12:02.182+0000] {dag.py:4156} INFO - Setting next_dagrun for example_bash_decorator to None, run_after=None
[2024-10-03T13:12:02.897+0000] {processor.py:208} INFO - Processing /home/airflow/.local/lib/python3.12/site-packages/airflow/example_dags/example_bash_decorator.py took 0.831 seconds
[2024-10-03T13:12:32.982+0000] {processor.py:186} INFO - Started process (PID=373) to work on /home/airflow/.local/lib/python3.12/site-packages/airflow/example_dags/example_bash_decorator.py
[2024-10-03T13:12:32.984+0000] {processor.py:914} INFO - Processing file /home/airflow/.local/lib/python3.12/site-packages/airflow/example_dags/example_bash_decorator.py for tasks to queue
[2024-10-03T13:12:32.987+0000] {logging_mixin.py:190} INFO - [2024-10-03T13:12:32.987+0000] {dagbag.py:587} INFO - Filling up the DagBag from /home/airflow/.local/lib/python3.12/site-packages/airflow/example_dags/example_bash_decorator.py
[2024-10-03T13:12:33.013+0000] {processor.py:925} INFO - DAG(s) 'example_bash_decorator' retrieved from /home/airflow/.local/lib/python3.12/site-packages/airflow/example_dags/example_bash_decorator.py
[2024-10-03T13:12:33.054+0000] {logging_mixin.py:190} INFO - [2024-10-03T13:12:33.054+0000] {dag.py:3229} INFO - Sync 1 DAGs
[2024-10-03T13:12:33.087+0000] {logging_mixin.py:190} INFO - [2024-10-03T13:12:33.087+0000] {dag.py:4156} INFO - Setting next_dagrun for example_bash_decorator to None, run_after=None
[2024-10-03T13:12:33.170+0000] {processor.py:208} INFO - Processing /home/airflow/.local/lib/python3.12/site-packages/airflow/example_dags/example_bash_decorator.py took 0.198 seconds
[2024-10-03T13:13:04.816+0000] {processor.py:186} INFO - Started process (PID=436) to work on /home/airflow/.local/lib/python3.12/site-packages/airflow/example_dags/example_bash_decorator.py
[2024-10-03T13:13:04.817+0000] {processor.py:914} INFO - Processing file /home/airflow/.local/lib/python3.12/site-packages/airflow/example_dags/example_bash_decorator.py for tasks to queue
[2024-10-03T13:13:04.821+0000] {logging_mixin.py:190} INFO - [2024-10-03T13:13:04.821+0000] {dagbag.py:587} INFO - Filling up the DagBag from /home/airflow/.local/lib/python3.12/site-packages/airflow/example_dags/example_bash_decorator.py
[2024-10-03T13:13:04.854+0000] {processor.py:925} INFO - DAG(s) 'example_bash_decorator' retrieved from /home/airflow/.local/lib/python3.12/site-packages/airflow/example_dags/example_bash_decorator.py
[2024-10-03T13:13:04.899+0000] {logging_mixin.py:190} INFO - [2024-10-03T13:13:04.898+0000] {dag.py:3229} INFO - Sync 1 DAGs
[2024-10-03T13:13:04.927+0000] {logging_mixin.py:190} INFO - [2024-10-03T13:13:04.926+0000] {dag.py:4156} INFO - Setting next_dagrun for example_bash_decorator to None, run_after=None
[2024-10-03T13:13:05.325+0000] {processor.py:208} INFO - Processing /home/airflow/.local/lib/python3.12/site-packages/airflow/example_dags/example_bash_decorator.py took 0.519 seconds
[2024-10-03T13:13:36.010+0000] {processor.py:186} INFO - Started process (PID=499) to work on /home/airflow/.local/lib/python3.12/site-packages/airflow/example_dags/example_bash_decorator.py
[2024-10-03T13:13:36.011+0000] {processor.py:914} INFO - Processing file /home/airflow/.local/lib/python3.12/site-packages/airflow/example_dags/example_bash_decorator.py for tasks to queue
[2024-10-03T13:13:36.014+0000] {logging_mixin.py:190} INFO - [2024-10-03T13:13:36.013+0000] {dagbag.py:587} INFO - Filling up the DagBag from /home/airflow/.local/lib/python3.12/site-packages/airflow/example_dags/example_bash_decorator.py
[2024-10-03T13:13:36.037+0000] {processor.py:925} INFO - DAG(s) 'example_bash_decorator' retrieved from /home/airflow/.local/lib/python3.12/site-packages/airflow/example_dags/example_bash_decorator.py
[2024-10-03T13:13:36.069+0000] {logging_mixin.py:190} INFO - [2024-10-03T13:13:36.069+0000] {dag.py:3229} INFO - Sync 1 DAGs
[2024-10-03T13:13:36.087+0000] {logging_mixin.py:190} INFO - [2024-10-03T13:13:36.087+0000] {dag.py:4156} INFO - Setting next_dagrun for example_bash_decorator to None, run_after=None
[2024-10-03T13:13:36.260+0000] {processor.py:208} INFO - Processing /home/airflow/.local/lib/python3.12/site-packages/airflow/example_dags/example_bash_decorator.py took 0.260 seconds
[2024-10-03T13:14:08.162+0000] {processor.py:186} INFO - Started process (PID=562) to work on /home/airflow/.local/lib/python3.12/site-packages/airflow/example_dags/example_bash_decorator.py
[2024-10-03T13:14:08.164+0000] {processor.py:914} INFO - Processing file /home/airflow/.local/lib/python3.12/site-packages/airflow/example_dags/example_bash_decorator.py for tasks to queue
[2024-10-03T13:14:08.168+0000] {logging_mixin.py:190} INFO - [2024-10-03T13:14:08.168+0000] {dagbag.py:587} INFO - Filling up the DagBag from /home/airflow/.local/lib/python3.12/site-packages/airflow/example_dags/example_bash_decorator.py
[2024-10-03T13:14:08.206+0000] {processor.py:925} INFO - DAG(s) 'example_bash_decorator' retrieved from /home/airflow/.local/lib/python3.12/site-packages/airflow/example_dags/example_bash_decorator.py
[2024-10-03T13:14:08.259+0000] {logging_mixin.py:190} INFO - [2024-10-03T13:14:08.258+0000] {dag.py:3229} INFO - Sync 1 DAGs
[2024-10-03T13:14:08.295+0000] {logging_mixin.py:190} INFO - [2024-10-03T13:14:08.294+0000] {dag.py:4156} INFO - Setting next_dagrun for example_bash_decorator to None, run_after=None
[2024-10-03T13:14:08.798+0000] {processor.py:208} INFO - Processing /home/airflow/.local/lib/python3.12/site-packages/airflow/example_dags/example_bash_decorator.py took 0.651 seconds
[2024-10-03T13:14:42.485+0000] {processor.py:186} INFO - Started process (PID=625) to work on /home/airflow/.local/lib/python3.12/site-packages/airflow/example_dags/example_bash_decorator.py
[2024-10-03T13:14:42.486+0000] {processor.py:914} INFO - Processing file /home/airflow/.local/lib/python3.12/site-packages/airflow/example_dags/example_bash_decorator.py for tasks to queue
[2024-10-03T13:14:42.490+0000] {logging_mixin.py:190} INFO - [2024-10-03T13:14:42.490+0000] {dagbag.py:587} INFO - Filling up the DagBag from /home/airflow/.local/lib/python3.12/site-packages/airflow/example_dags/example_bash_decorator.py
[2024-10-03T13:14:42.520+0000] {processor.py:925} INFO - DAG(s) 'example_bash_decorator' retrieved from /home/airflow/.local/lib/python3.12/site-packages/airflow/example_dags/example_bash_decorator.py
[2024-10-03T13:14:42.568+0000] {logging_mixin.py:190} INFO - [2024-10-03T13:14:42.568+0000] {dag.py:3229} INFO - Sync 1 DAGs
[2024-10-03T13:14:42.597+0000] {logging_mixin.py:190} INFO - [2024-10-03T13:14:42.597+0000] {dag.py:4156} INFO - Setting next_dagrun for example_bash_decorator to None, run_after=None
[2024-10-03T13:14:42.997+0000] {processor.py:208} INFO - Processing /home/airflow/.local/lib/python3.12/site-packages/airflow/example_dags/example_bash_decorator.py took 0.527 seconds
[2024-10-03T13:15:13.204+0000] {processor.py:186} INFO - Started process (PID=688) to work on /home/airflow/.local/lib/python3.12/site-packages/airflow/example_dags/example_bash_decorator.py
[2024-10-03T13:15:13.205+0000] {processor.py:914} INFO - Processing file /home/airflow/.local/lib/python3.12/site-packages/airflow/example_dags/example_bash_decorator.py for tasks to queue
[2024-10-03T13:15:13.212+0000] {logging_mixin.py:190} INFO - [2024-10-03T13:15:13.211+0000] {dagbag.py:587} INFO - Filling up the DagBag from /home/airflow/.local/lib/python3.12/site-packages/airflow/example_dags/example_bash_decorator.py
[2024-10-03T13:15:13.237+0000] {processor.py:925} INFO - DAG(s) 'example_bash_decorator' retrieved from /home/airflow/.local/lib/python3.12/site-packages/airflow/example_dags/example_bash_decorator.py
[2024-10-03T13:15:13.291+0000] {logging_mixin.py:190} INFO - [2024-10-03T13:15:13.290+0000] {dag.py:3229} INFO - Sync 1 DAGs
[2024-10-03T13:15:13.317+0000] {logging_mixin.py:190} INFO - [2024-10-03T13:15:13.316+0000] {dag.py:4156} INFO - Setting next_dagrun for example_bash_decorator to None, run_after=None
[2024-10-03T13:15:13.392+0000] {processor.py:208} INFO - Processing /home/airflow/.local/lib/python3.12/site-packages/airflow/example_dags/example_bash_decorator.py took 0.197 seconds
[2024-10-03T13:15:44.024+0000] {processor.py:186} INFO - Started process (PID=751) to work on /home/airflow/.local/lib/python3.12/site-packages/airflow/example_dags/example_bash_decorator.py
[2024-10-03T13:15:44.025+0000] {processor.py:914} INFO - Processing file /home/airflow/.local/lib/python3.12/site-packages/airflow/example_dags/example_bash_decorator.py for tasks to queue
[2024-10-03T13:15:44.029+0000] {logging_mixin.py:190} INFO - [2024-10-03T13:15:44.028+0000] {dagbag.py:587} INFO - Filling up the DagBag from /home/airflow/.local/lib/python3.12/site-packages/airflow/example_dags/example_bash_decorator.py
[2024-10-03T13:15:44.059+0000] {processor.py:925} INFO - DAG(s) 'example_bash_decorator' retrieved from /home/airflow/.local/lib/python3.12/site-packages/airflow/example_dags/example_bash_decorator.py
[2024-10-03T13:15:44.098+0000] {logging_mixin.py:190} INFO - [2024-10-03T13:15:44.098+0000] {dag.py:3229} INFO - Sync 1 DAGs
[2024-10-03T13:15:44.123+0000] {logging_mixin.py:190} INFO - [2024-10-03T13:15:44.123+0000] {dag.py:4156} INFO - Setting next_dagrun for example_bash_decorator to None, run_after=None
[2024-10-03T13:15:44.267+0000] {processor.py:208} INFO - Processing /home/airflow/.local/lib/python3.12/site-packages/airflow/example_dags/example_bash_decorator.py took 0.254 seconds
[2024-10-03T13:16:14.469+0000] {processor.py:186} INFO - Started process (PID=814) to work on /home/airflow/.local/lib/python3.12/site-packages/airflow/example_dags/example_bash_decorator.py
[2024-10-03T13:16:14.470+0000] {processor.py:914} INFO - Processing file /home/airflow/.local/lib/python3.12/site-packages/airflow/example_dags/example_bash_decorator.py for tasks to queue
[2024-10-03T13:16:14.475+0000] {logging_mixin.py:190} INFO - [2024-10-03T13:16:14.474+0000] {dagbag.py:587} INFO - Filling up the DagBag from /home/airflow/.local/lib/python3.12/site-packages/airflow/example_dags/example_bash_decorator.py
[2024-10-03T13:16:14.498+0000] {processor.py:925} INFO - DAG(s) 'example_bash_decorator' retrieved from /home/airflow/.local/lib/python3.12/site-packages/airflow/example_dags/example_bash_decorator.py
[2024-10-03T13:16:14.532+0000] {logging_mixin.py:190} INFO - [2024-10-03T13:16:14.531+0000] {dag.py:3229} INFO - Sync 1 DAGs
[2024-10-03T13:16:14.553+0000] {logging_mixin.py:190} INFO - [2024-10-03T13:16:14.553+0000] {dag.py:4156} INFO - Setting next_dagrun for example_bash_decorator to None, run_after=None
[2024-10-03T13:16:15.022+0000] {processor.py:208} INFO - Processing /home/airflow/.local/lib/python3.12/site-packages/airflow/example_dags/example_bash_decorator.py took 0.563 seconds
[2024-10-03T13:16:45.999+0000] {processor.py:186} INFO - Started process (PID=877) to work on /home/airflow/.local/lib/python3.12/site-packages/airflow/example_dags/example_bash_decorator.py
[2024-10-03T13:16:46.000+0000] {processor.py:914} INFO - Processing file /home/airflow/.local/lib/python3.12/site-packages/airflow/example_dags/example_bash_decorator.py for tasks to queue
[2024-10-03T13:16:46.003+0000] {logging_mixin.py:190} INFO - [2024-10-03T13:16:46.003+0000] {dagbag.py:587} INFO - Filling up the DagBag from /home/airflow/.local/lib/python3.12/site-packages/airflow/example_dags/example_bash_decorator.py
[2024-10-03T13:16:46.024+0000] {processor.py:925} INFO - DAG(s) 'example_bash_decorator' retrieved from /home/airflow/.local/lib/python3.12/site-packages/airflow/example_dags/example_bash_decorator.py
[2024-10-03T13:16:46.057+0000] {logging_mixin.py:190} INFO - [2024-10-03T13:16:46.056+0000] {dag.py:3229} INFO - Sync 1 DAGs
[2024-10-03T13:16:46.077+0000] {logging_mixin.py:190} INFO - [2024-10-03T13:16:46.077+0000] {dag.py:4156} INFO - Setting next_dagrun for example_bash_decorator to None, run_after=None
[2024-10-03T13:16:46.188+0000] {processor.py:208} INFO - Processing /home/airflow/.local/lib/python3.12/site-packages/airflow/example_dags/example_bash_decorator.py took 0.196 seconds
[2024-10-03T13:17:17.311+0000] {processor.py:186} INFO - Started process (PID=940) to work on /home/airflow/.local/lib/python3.12/site-packages/airflow/example_dags/example_bash_decorator.py
[2024-10-03T13:17:17.313+0000] {processor.py:914} INFO - Processing file /home/airflow/.local/lib/python3.12/site-packages/airflow/example_dags/example_bash_decorator.py for tasks to queue
[2024-10-03T13:17:17.318+0000] {logging_mixin.py:190} INFO - [2024-10-03T13:17:17.317+0000] {dagbag.py:587} INFO - Filling up the DagBag from /home/airflow/.local/lib/python3.12/site-packages/airflow/example_dags/example_bash_decorator.py
[2024-10-03T13:17:17.353+0000] {processor.py:925} INFO - DAG(s) 'example_bash_decorator' retrieved from /home/airflow/.local/lib/python3.12/site-packages/airflow/example_dags/example_bash_decorator.py
[2024-10-03T13:17:17.425+0000] {logging_mixin.py:190} INFO - [2024-10-03T13:17:17.424+0000] {dag.py:3229} INFO - Sync 1 DAGs
[2024-10-03T13:17:17.456+0000] {logging_mixin.py:190} INFO - [2024-10-03T13:17:17.456+0000] {dag.py:4156} INFO - Setting next_dagrun for example_bash_decorator to None, run_after=None
[2024-10-03T13:17:17.878+0000] {processor.py:208} INFO - Processing /home/airflow/.local/lib/python3.12/site-packages/airflow/example_dags/example_bash_decorator.py took 0.581 seconds
[2024-10-03T13:17:48.231+0000] {processor.py:186} INFO - Started process (PID=1003) to work on /home/airflow/.local/lib/python3.12/site-packages/airflow/example_dags/example_bash_decorator.py
[2024-10-03T13:17:48.233+0000] {processor.py:914} INFO - Processing file /home/airflow/.local/lib/python3.12/site-packages/airflow/example_dags/example_bash_decorator.py for tasks to queue
[2024-10-03T13:17:48.236+0000] {logging_mixin.py:190} INFO - [2024-10-03T13:17:48.236+0000] {dagbag.py:587} INFO - Filling up the DagBag from /home/airflow/.local/lib/python3.12/site-packages/airflow/example_dags/example_bash_decorator.py
[2024-10-03T13:17:48.257+0000] {processor.py:925} INFO - DAG(s) 'example_bash_decorator' retrieved from /home/airflow/.local/lib/python3.12/site-packages/airflow/example_dags/example_bash_decorator.py
[2024-10-03T13:17:48.288+0000] {logging_mixin.py:190} INFO - [2024-10-03T13:17:48.288+0000] {dag.py:3229} INFO - Sync 1 DAGs
[2024-10-03T13:17:48.307+0000] {logging_mixin.py:190} INFO - [2024-10-03T13:17:48.307+0000] {dag.py:4156} INFO - Setting next_dagrun for example_bash_decorator to None, run_after=None
[2024-10-03T13:17:48.362+0000] {processor.py:208} INFO - Processing /home/airflow/.local/lib/python3.12/site-packages/airflow/example_dags/example_bash_decorator.py took 0.139 seconds
[2024-10-03T13:18:20.924+0000] {processor.py:186} INFO - Started process (PID=1067) to work on /home/airflow/.local/lib/python3.12/site-packages/airflow/example_dags/example_bash_decorator.py
[2024-10-03T13:18:20.926+0000] {processor.py:914} INFO - Processing file /home/airflow/.local/lib/python3.12/site-packages/airflow/example_dags/example_bash_decorator.py for tasks to queue
[2024-10-03T13:18:20.931+0000] {logging_mixin.py:190} INFO - [2024-10-03T13:18:20.930+0000] {dagbag.py:587} INFO - Filling up the DagBag from /home/airflow/.local/lib/python3.12/site-packages/airflow/example_dags/example_bash_decorator.py
[2024-10-03T13:18:20.967+0000] {processor.py:925} INFO - DAG(s) 'example_bash_decorator' retrieved from /home/airflow/.local/lib/python3.12/site-packages/airflow/example_dags/example_bash_decorator.py
[2024-10-03T13:18:21.022+0000] {logging_mixin.py:190} INFO - [2024-10-03T13:18:21.021+0000] {dag.py:3229} INFO - Sync 1 DAGs
[2024-10-03T13:18:21.051+0000] {logging_mixin.py:190} INFO - [2024-10-03T13:18:21.051+0000] {dag.py:4156} INFO - Setting next_dagrun for example_bash_decorator to None, run_after=None
[2024-10-03T13:18:21.137+0000] {processor.py:208} INFO - Processing /home/airflow/.local/lib/python3.12/site-packages/airflow/example_dags/example_bash_decorator.py took 0.229 seconds
