[2024-10-03T13:10:16.207+0000] {processor.py:186} INFO - Started process (PID=94) to work on /home/airflow/.local/lib/python3.12/site-packages/airflow/example_dags/example_external_task_marker_dag.py
[2024-10-03T13:10:16.230+0000] {processor.py:914} INFO - Processing file /home/airflow/.local/lib/python3.12/site-packages/airflow/example_dags/example_external_task_marker_dag.py for tasks to queue
[2024-10-03T13:10:16.234+0000] {logging_mixin.py:190} INFO - [2024-10-03T13:10:16.234+0000] {dagbag.py:587} INFO - Filling up the DagBag from /home/airflow/.local/lib/python3.12/site-packages/airflow/example_dags/example_external_task_marker_dag.py
[2024-10-03T13:10:16.244+0000] {processor.py:925} INFO - DAG(s) 'example_external_task_marker_child', 'example_external_task_marker_parent' retrieved from /home/airflow/.local/lib/python3.12/site-packages/airflow/example_dags/example_external_task_marker_dag.py
[2024-10-03T13:10:16.280+0000] {logging_mixin.py:190} INFO - [2024-10-03T13:10:16.280+0000] {dag.py:3229} INFO - Sync 2 DAGs
[2024-10-03T13:10:16.311+0000] {logging_mixin.py:190} INFO - [2024-10-03T13:10:16.310+0000] {dag.py:4156} INFO - Setting next_dagrun for example_external_task_marker_child to None, run_after=None
[2024-10-03T13:10:16.321+0000] {logging_mixin.py:190} INFO - [2024-10-03T13:10:16.321+0000] {dag.py:4156} INFO - Setting next_dagrun for example_external_task_marker_parent to None, run_after=None
[2024-10-03T13:10:16.473+0000] {processor.py:208} INFO - Processing /home/airflow/.local/lib/python3.12/site-packages/airflow/example_dags/example_external_task_marker_dag.py took 0.274 seconds
[2024-10-03T13:10:47.935+0000] {processor.py:186} INFO - Started process (PID=157) to work on /home/airflow/.local/lib/python3.12/site-packages/airflow/example_dags/example_external_task_marker_dag.py
[2024-10-03T13:10:47.937+0000] {processor.py:914} INFO - Processing file /home/airflow/.local/lib/python3.12/site-packages/airflow/example_dags/example_external_task_marker_dag.py for tasks to queue
[2024-10-03T13:10:47.943+0000] {logging_mixin.py:190} INFO - [2024-10-03T13:10:47.943+0000] {dagbag.py:587} INFO - Filling up the DagBag from /home/airflow/.local/lib/python3.12/site-packages/airflow/example_dags/example_external_task_marker_dag.py
[2024-10-03T13:10:47.956+0000] {processor.py:925} INFO - DAG(s) 'example_external_task_marker_parent', 'example_external_task_marker_child' retrieved from /home/airflow/.local/lib/python3.12/site-packages/airflow/example_dags/example_external_task_marker_dag.py
[2024-10-03T13:10:47.996+0000] {logging_mixin.py:190} INFO - [2024-10-03T13:10:47.996+0000] {dag.py:3229} INFO - Sync 2 DAGs
[2024-10-03T13:10:48.032+0000] {logging_mixin.py:190} INFO - [2024-10-03T13:10:48.031+0000] {dag.py:4156} INFO - Setting next_dagrun for example_external_task_marker_child to None, run_after=None
[2024-10-03T13:10:48.041+0000] {logging_mixin.py:190} INFO - [2024-10-03T13:10:48.041+0000] {dag.py:4156} INFO - Setting next_dagrun for example_external_task_marker_parent to None, run_after=None
[2024-10-03T13:10:48.134+0000] {processor.py:208} INFO - Processing /home/airflow/.local/lib/python3.12/site-packages/airflow/example_dags/example_external_task_marker_dag.py took 0.210 seconds
[2024-10-03T13:11:18.463+0000] {processor.py:186} INFO - Started process (PID=220) to work on /home/airflow/.local/lib/python3.12/site-packages/airflow/example_dags/example_external_task_marker_dag.py
[2024-10-03T13:11:18.464+0000] {processor.py:914} INFO - Processing file /home/airflow/.local/lib/python3.12/site-packages/airflow/example_dags/example_external_task_marker_dag.py for tasks to queue
[2024-10-03T13:11:18.467+0000] {logging_mixin.py:190} INFO - [2024-10-03T13:11:18.466+0000] {dagbag.py:587} INFO - Filling up the DagBag from /home/airflow/.local/lib/python3.12/site-packages/airflow/example_dags/example_external_task_marker_dag.py
[2024-10-03T13:11:18.478+0000] {processor.py:925} INFO - DAG(s) 'example_external_task_marker_parent', 'example_external_task_marker_child' retrieved from /home/airflow/.local/lib/python3.12/site-packages/airflow/example_dags/example_external_task_marker_dag.py
[2024-10-03T13:11:18.507+0000] {logging_mixin.py:190} INFO - [2024-10-03T13:11:18.506+0000] {dag.py:3229} INFO - Sync 2 DAGs
[2024-10-03T13:11:18.527+0000] {logging_mixin.py:190} INFO - [2024-10-03T13:11:18.526+0000] {dag.py:4156} INFO - Setting next_dagrun for example_external_task_marker_child to None, run_after=None
[2024-10-03T13:11:18.531+0000] {logging_mixin.py:190} INFO - [2024-10-03T13:11:18.531+0000] {dag.py:4156} INFO - Setting next_dagrun for example_external_task_marker_parent to None, run_after=None
[2024-10-03T13:11:18.601+0000] {processor.py:208} INFO - Processing /home/airflow/.local/lib/python3.12/site-packages/airflow/example_dags/example_external_task_marker_dag.py took 0.145 seconds
[2024-10-03T13:11:54.916+0000] {processor.py:186} INFO - Started process (PID=283) to work on /home/airflow/.local/lib/python3.12/site-packages/airflow/example_dags/example_external_task_marker_dag.py
[2024-10-03T13:11:54.918+0000] {processor.py:914} INFO - Processing file /home/airflow/.local/lib/python3.12/site-packages/airflow/example_dags/example_external_task_marker_dag.py for tasks to queue
[2024-10-03T13:11:54.921+0000] {logging_mixin.py:190} INFO - [2024-10-03T13:11:54.920+0000] {dagbag.py:587} INFO - Filling up the DagBag from /home/airflow/.local/lib/python3.12/site-packages/airflow/example_dags/example_external_task_marker_dag.py
[2024-10-03T13:11:54.929+0000] {processor.py:925} INFO - DAG(s) 'example_external_task_marker_parent', 'example_external_task_marker_child' retrieved from /home/airflow/.local/lib/python3.12/site-packages/airflow/example_dags/example_external_task_marker_dag.py
[2024-10-03T13:11:54.957+0000] {logging_mixin.py:190} INFO - [2024-10-03T13:11:54.957+0000] {dag.py:3229} INFO - Sync 2 DAGs
[2024-10-03T13:11:54.980+0000] {logging_mixin.py:190} INFO - [2024-10-03T13:11:54.979+0000] {dag.py:4156} INFO - Setting next_dagrun for example_external_task_marker_child to None, run_after=None
[2024-10-03T13:11:54.985+0000] {logging_mixin.py:190} INFO - [2024-10-03T13:11:54.984+0000] {dag.py:4156} INFO - Setting next_dagrun for example_external_task_marker_parent to None, run_after=None
[2024-10-03T13:11:55.182+0000] {processor.py:208} INFO - Processing /home/airflow/.local/lib/python3.12/site-packages/airflow/example_dags/example_external_task_marker_dag.py took 0.274 seconds
[2024-10-03T13:12:25.496+0000] {processor.py:186} INFO - Started process (PID=344) to work on /home/airflow/.local/lib/python3.12/site-packages/airflow/example_dags/example_external_task_marker_dag.py
[2024-10-03T13:12:25.498+0000] {processor.py:914} INFO - Processing file /home/airflow/.local/lib/python3.12/site-packages/airflow/example_dags/example_external_task_marker_dag.py for tasks to queue
[2024-10-03T13:12:25.504+0000] {logging_mixin.py:190} INFO - [2024-10-03T13:12:25.502+0000] {dagbag.py:587} INFO - Filling up the DagBag from /home/airflow/.local/lib/python3.12/site-packages/airflow/example_dags/example_external_task_marker_dag.py
[2024-10-03T13:12:25.521+0000] {processor.py:925} INFO - DAG(s) 'example_external_task_marker_child', 'example_external_task_marker_parent' retrieved from /home/airflow/.local/lib/python3.12/site-packages/airflow/example_dags/example_external_task_marker_dag.py
[2024-10-03T13:12:25.640+0000] {logging_mixin.py:190} INFO - [2024-10-03T13:12:25.639+0000] {dag.py:3229} INFO - Sync 2 DAGs
[2024-10-03T13:12:25.736+0000] {logging_mixin.py:190} INFO - [2024-10-03T13:12:25.735+0000] {dag.py:4156} INFO - Setting next_dagrun for example_external_task_marker_child to None, run_after=None
[2024-10-03T13:12:25.742+0000] {logging_mixin.py:190} INFO - [2024-10-03T13:12:25.742+0000] {dag.py:4156} INFO - Setting next_dagrun for example_external_task_marker_parent to None, run_after=None
[2024-10-03T13:12:25.867+0000] {processor.py:208} INFO - Processing /home/airflow/.local/lib/python3.12/site-packages/airflow/example_dags/example_external_task_marker_dag.py took 0.383 seconds
[2024-10-03T13:12:55.951+0000] {processor.py:186} INFO - Started process (PID=407) to work on /home/airflow/.local/lib/python3.12/site-packages/airflow/example_dags/example_external_task_marker_dag.py
[2024-10-03T13:12:55.953+0000] {processor.py:914} INFO - Processing file /home/airflow/.local/lib/python3.12/site-packages/airflow/example_dags/example_external_task_marker_dag.py for tasks to queue
[2024-10-03T13:12:55.959+0000] {logging_mixin.py:190} INFO - [2024-10-03T13:12:55.958+0000] {dagbag.py:587} INFO - Filling up the DagBag from /home/airflow/.local/lib/python3.12/site-packages/airflow/example_dags/example_external_task_marker_dag.py
[2024-10-03T13:12:55.969+0000] {processor.py:925} INFO - DAG(s) 'example_external_task_marker_child', 'example_external_task_marker_parent' retrieved from /home/airflow/.local/lib/python3.12/site-packages/airflow/example_dags/example_external_task_marker_dag.py
[2024-10-03T13:12:56.011+0000] {logging_mixin.py:190} INFO - [2024-10-03T13:12:56.010+0000] {dag.py:3229} INFO - Sync 2 DAGs
[2024-10-03T13:12:56.035+0000] {logging_mixin.py:190} INFO - [2024-10-03T13:12:56.035+0000] {dag.py:4156} INFO - Setting next_dagrun for example_external_task_marker_child to None, run_after=None
[2024-10-03T13:12:56.041+0000] {logging_mixin.py:190} INFO - [2024-10-03T13:12:56.040+0000] {dag.py:4156} INFO - Setting next_dagrun for example_external_task_marker_parent to None, run_after=None
[2024-10-03T13:12:56.450+0000] {processor.py:208} INFO - Processing /home/airflow/.local/lib/python3.12/site-packages/airflow/example_dags/example_external_task_marker_dag.py took 0.506 seconds
[2024-10-03T13:13:30.096+0000] {processor.py:186} INFO - Started process (PID=477) to work on /home/airflow/.local/lib/python3.12/site-packages/airflow/example_dags/example_external_task_marker_dag.py
[2024-10-03T13:13:30.097+0000] {processor.py:914} INFO - Processing file /home/airflow/.local/lib/python3.12/site-packages/airflow/example_dags/example_external_task_marker_dag.py for tasks to queue
[2024-10-03T13:13:30.101+0000] {logging_mixin.py:190} INFO - [2024-10-03T13:13:30.100+0000] {dagbag.py:587} INFO - Filling up the DagBag from /home/airflow/.local/lib/python3.12/site-packages/airflow/example_dags/example_external_task_marker_dag.py
[2024-10-03T13:13:30.111+0000] {processor.py:925} INFO - DAG(s) 'example_external_task_marker_parent', 'example_external_task_marker_child' retrieved from /home/airflow/.local/lib/python3.12/site-packages/airflow/example_dags/example_external_task_marker_dag.py
[2024-10-03T13:13:30.147+0000] {logging_mixin.py:190} INFO - [2024-10-03T13:13:30.146+0000] {dag.py:3229} INFO - Sync 2 DAGs
[2024-10-03T13:13:30.173+0000] {logging_mixin.py:190} INFO - [2024-10-03T13:13:30.173+0000] {dag.py:4156} INFO - Setting next_dagrun for example_external_task_marker_child to None, run_after=None
[2024-10-03T13:13:30.178+0000] {logging_mixin.py:190} INFO - [2024-10-03T13:13:30.178+0000] {dag.py:4156} INFO - Setting next_dagrun for example_external_task_marker_parent to None, run_after=None
[2024-10-03T13:13:30.740+0000] {processor.py:208} INFO - Processing /home/airflow/.local/lib/python3.12/site-packages/airflow/example_dags/example_external_task_marker_dag.py took 0.653 seconds
[2024-10-03T13:14:00.896+0000] {processor.py:186} INFO - Started process (PID=540) to work on /home/airflow/.local/lib/python3.12/site-packages/airflow/example_dags/example_external_task_marker_dag.py
[2024-10-03T13:14:01.032+0000] {processor.py:914} INFO - Processing file /home/airflow/.local/lib/python3.12/site-packages/airflow/example_dags/example_external_task_marker_dag.py for tasks to queue
[2024-10-03T13:14:01.036+0000] {logging_mixin.py:190} INFO - [2024-10-03T13:14:01.036+0000] {dagbag.py:587} INFO - Filling up the DagBag from /home/airflow/.local/lib/python3.12/site-packages/airflow/example_dags/example_external_task_marker_dag.py
[2024-10-03T13:14:01.056+0000] {processor.py:925} INFO - DAG(s) 'example_external_task_marker_child', 'example_external_task_marker_parent' retrieved from /home/airflow/.local/lib/python3.12/site-packages/airflow/example_dags/example_external_task_marker_dag.py
[2024-10-03T13:14:01.103+0000] {logging_mixin.py:190} INFO - [2024-10-03T13:14:01.103+0000] {dag.py:3229} INFO - Sync 2 DAGs
[2024-10-03T13:14:01.137+0000] {logging_mixin.py:190} INFO - [2024-10-03T13:14:01.137+0000] {dag.py:4156} INFO - Setting next_dagrun for example_external_task_marker_child to None, run_after=None
[2024-10-03T13:14:01.150+0000] {logging_mixin.py:190} INFO - [2024-10-03T13:14:01.150+0000] {dag.py:4156} INFO - Setting next_dagrun for example_external_task_marker_parent to None, run_after=None
[2024-10-03T13:14:01.280+0000] {processor.py:208} INFO - Processing /home/airflow/.local/lib/python3.12/site-packages/airflow/example_dags/example_external_task_marker_dag.py took 0.395 seconds
[2024-10-03T13:14:31.918+0000] {processor.py:186} INFO - Started process (PID=603) to work on /home/airflow/.local/lib/python3.12/site-packages/airflow/example_dags/example_external_task_marker_dag.py
[2024-10-03T13:14:31.920+0000] {processor.py:914} INFO - Processing file /home/airflow/.local/lib/python3.12/site-packages/airflow/example_dags/example_external_task_marker_dag.py for tasks to queue
[2024-10-03T13:14:31.926+0000] {logging_mixin.py:190} INFO - [2024-10-03T13:14:31.926+0000] {dagbag.py:587} INFO - Filling up the DagBag from /home/airflow/.local/lib/python3.12/site-packages/airflow/example_dags/example_external_task_marker_dag.py
[2024-10-03T13:14:31.940+0000] {processor.py:925} INFO - DAG(s) 'example_external_task_marker_child', 'example_external_task_marker_parent' retrieved from /home/airflow/.local/lib/python3.12/site-packages/airflow/example_dags/example_external_task_marker_dag.py
[2024-10-03T13:14:31.985+0000] {logging_mixin.py:190} INFO - [2024-10-03T13:14:31.984+0000] {dag.py:3229} INFO - Sync 2 DAGs
[2024-10-03T13:14:32.020+0000] {logging_mixin.py:190} INFO - [2024-10-03T13:14:32.019+0000] {dag.py:4156} INFO - Setting next_dagrun for example_external_task_marker_child to None, run_after=None
[2024-10-03T13:14:32.027+0000] {logging_mixin.py:190} INFO - [2024-10-03T13:14:32.026+0000] {dag.py:4156} INFO - Setting next_dagrun for example_external_task_marker_parent to None, run_after=None
[2024-10-03T13:14:32.226+0000] {processor.py:208} INFO - Processing /home/airflow/.local/lib/python3.12/site-packages/airflow/example_dags/example_external_task_marker_dag.py took 0.323 seconds
[2024-10-03T13:15:02.373+0000] {processor.py:186} INFO - Started process (PID=666) to work on /home/airflow/.local/lib/python3.12/site-packages/airflow/example_dags/example_external_task_marker_dag.py
[2024-10-03T13:15:02.380+0000] {processor.py:914} INFO - Processing file /home/airflow/.local/lib/python3.12/site-packages/airflow/example_dags/example_external_task_marker_dag.py for tasks to queue
[2024-10-03T13:15:02.385+0000] {logging_mixin.py:190} INFO - [2024-10-03T13:15:02.384+0000] {dagbag.py:587} INFO - Filling up the DagBag from /home/airflow/.local/lib/python3.12/site-packages/airflow/example_dags/example_external_task_marker_dag.py
[2024-10-03T13:15:02.403+0000] {processor.py:925} INFO - DAG(s) 'example_external_task_marker_child', 'example_external_task_marker_parent' retrieved from /home/airflow/.local/lib/python3.12/site-packages/airflow/example_dags/example_external_task_marker_dag.py
[2024-10-03T13:15:02.456+0000] {logging_mixin.py:190} INFO - [2024-10-03T13:15:02.456+0000] {dag.py:3229} INFO - Sync 2 DAGs
[2024-10-03T13:15:02.490+0000] {logging_mixin.py:190} INFO - [2024-10-03T13:15:02.490+0000] {dag.py:4156} INFO - Setting next_dagrun for example_external_task_marker_child to None, run_after=None
[2024-10-03T13:15:02.498+0000] {logging_mixin.py:190} INFO - [2024-10-03T13:15:02.498+0000] {dag.py:4156} INFO - Setting next_dagrun for example_external_task_marker_parent to None, run_after=None
[2024-10-03T13:15:02.648+0000] {processor.py:208} INFO - Processing /home/airflow/.local/lib/python3.12/site-packages/airflow/example_dags/example_external_task_marker_dag.py took 0.294 seconds
[2024-10-03T13:15:33.293+0000] {processor.py:186} INFO - Started process (PID=729) to work on /home/airflow/.local/lib/python3.12/site-packages/airflow/example_dags/example_external_task_marker_dag.py
[2024-10-03T13:15:33.294+0000] {processor.py:914} INFO - Processing file /home/airflow/.local/lib/python3.12/site-packages/airflow/example_dags/example_external_task_marker_dag.py for tasks to queue
[2024-10-03T13:15:33.298+0000] {logging_mixin.py:190} INFO - [2024-10-03T13:15:33.298+0000] {dagbag.py:587} INFO - Filling up the DagBag from /home/airflow/.local/lib/python3.12/site-packages/airflow/example_dags/example_external_task_marker_dag.py
[2024-10-03T13:15:33.313+0000] {processor.py:925} INFO - DAG(s) 'example_external_task_marker_child', 'example_external_task_marker_parent' retrieved from /home/airflow/.local/lib/python3.12/site-packages/airflow/example_dags/example_external_task_marker_dag.py
[2024-10-03T13:15:33.347+0000] {logging_mixin.py:190} INFO - [2024-10-03T13:15:33.347+0000] {dag.py:3229} INFO - Sync 2 DAGs
[2024-10-03T13:15:33.368+0000] {logging_mixin.py:190} INFO - [2024-10-03T13:15:33.368+0000] {dag.py:4156} INFO - Setting next_dagrun for example_external_task_marker_child to None, run_after=None
[2024-10-03T13:15:33.374+0000] {logging_mixin.py:190} INFO - [2024-10-03T13:15:33.373+0000] {dag.py:4156} INFO - Setting next_dagrun for example_external_task_marker_parent to None, run_after=None
[2024-10-03T13:15:33.506+0000] {processor.py:208} INFO - Processing /home/airflow/.local/lib/python3.12/site-packages/airflow/example_dags/example_external_task_marker_dag.py took 0.221 seconds
[2024-10-03T13:16:04.188+0000] {processor.py:186} INFO - Started process (PID=792) to work on /home/airflow/.local/lib/python3.12/site-packages/airflow/example_dags/example_external_task_marker_dag.py
[2024-10-03T13:16:04.189+0000] {processor.py:914} INFO - Processing file /home/airflow/.local/lib/python3.12/site-packages/airflow/example_dags/example_external_task_marker_dag.py for tasks to queue
[2024-10-03T13:16:04.193+0000] {logging_mixin.py:190} INFO - [2024-10-03T13:16:04.192+0000] {dagbag.py:587} INFO - Filling up the DagBag from /home/airflow/.local/lib/python3.12/site-packages/airflow/example_dags/example_external_task_marker_dag.py
[2024-10-03T13:16:04.204+0000] {processor.py:925} INFO - DAG(s) 'example_external_task_marker_child', 'example_external_task_marker_parent' retrieved from /home/airflow/.local/lib/python3.12/site-packages/airflow/example_dags/example_external_task_marker_dag.py
[2024-10-03T13:16:04.238+0000] {logging_mixin.py:190} INFO - [2024-10-03T13:16:04.237+0000] {dag.py:3229} INFO - Sync 2 DAGs
[2024-10-03T13:16:04.261+0000] {logging_mixin.py:190} INFO - [2024-10-03T13:16:04.261+0000] {dag.py:4156} INFO - Setting next_dagrun for example_external_task_marker_child to None, run_after=None
[2024-10-03T13:16:04.266+0000] {logging_mixin.py:190} INFO - [2024-10-03T13:16:04.266+0000] {dag.py:4156} INFO - Setting next_dagrun for example_external_task_marker_parent to None, run_after=None
[2024-10-03T13:16:04.371+0000] {processor.py:208} INFO - Processing /home/airflow/.local/lib/python3.12/site-packages/airflow/example_dags/example_external_task_marker_dag.py took 0.191 seconds
[2024-10-03T13:16:36.082+0000] {processor.py:186} INFO - Started process (PID=855) to work on /home/airflow/.local/lib/python3.12/site-packages/airflow/example_dags/example_external_task_marker_dag.py
[2024-10-03T13:16:36.085+0000] {processor.py:914} INFO - Processing file /home/airflow/.local/lib/python3.12/site-packages/airflow/example_dags/example_external_task_marker_dag.py for tasks to queue
[2024-10-03T13:16:36.092+0000] {logging_mixin.py:190} INFO - [2024-10-03T13:16:36.092+0000] {dagbag.py:587} INFO - Filling up the DagBag from /home/airflow/.local/lib/python3.12/site-packages/airflow/example_dags/example_external_task_marker_dag.py
[2024-10-03T13:16:36.113+0000] {processor.py:925} INFO - DAG(s) 'example_external_task_marker_parent', 'example_external_task_marker_child' retrieved from /home/airflow/.local/lib/python3.12/site-packages/airflow/example_dags/example_external_task_marker_dag.py
[2024-10-03T13:16:36.187+0000] {logging_mixin.py:190} INFO - [2024-10-03T13:16:36.187+0000] {dag.py:3229} INFO - Sync 2 DAGs
[2024-10-03T13:16:36.227+0000] {logging_mixin.py:190} INFO - [2024-10-03T13:16:36.227+0000] {dag.py:4156} INFO - Setting next_dagrun for example_external_task_marker_child to None, run_after=None
[2024-10-03T13:16:36.236+0000] {logging_mixin.py:190} INFO - [2024-10-03T13:16:36.235+0000] {dag.py:4156} INFO - Setting next_dagrun for example_external_task_marker_parent to None, run_after=None
[2024-10-03T13:16:36.563+0000] {processor.py:208} INFO - Processing /home/airflow/.local/lib/python3.12/site-packages/airflow/example_dags/example_external_task_marker_dag.py took 0.507 seconds
[2024-10-03T13:17:06.769+0000] {processor.py:186} INFO - Started process (PID=918) to work on /home/airflow/.local/lib/python3.12/site-packages/airflow/example_dags/example_external_task_marker_dag.py
[2024-10-03T13:17:06.771+0000] {processor.py:914} INFO - Processing file /home/airflow/.local/lib/python3.12/site-packages/airflow/example_dags/example_external_task_marker_dag.py for tasks to queue
[2024-10-03T13:17:06.776+0000] {logging_mixin.py:190} INFO - [2024-10-03T13:17:06.776+0000] {dagbag.py:587} INFO - Filling up the DagBag from /home/airflow/.local/lib/python3.12/site-packages/airflow/example_dags/example_external_task_marker_dag.py
[2024-10-03T13:17:06.807+0000] {processor.py:925} INFO - DAG(s) 'example_external_task_marker_parent', 'example_external_task_marker_child' retrieved from /home/airflow/.local/lib/python3.12/site-packages/airflow/example_dags/example_external_task_marker_dag.py
[2024-10-03T13:17:06.877+0000] {logging_mixin.py:190} INFO - [2024-10-03T13:17:06.877+0000] {dag.py:3229} INFO - Sync 2 DAGs
[2024-10-03T13:17:06.940+0000] {logging_mixin.py:190} INFO - [2024-10-03T13:17:06.939+0000] {dag.py:4156} INFO - Setting next_dagrun for example_external_task_marker_child to None, run_after=None
[2024-10-03T13:17:06.953+0000] {logging_mixin.py:190} INFO - [2024-10-03T13:17:06.953+0000] {dag.py:4156} INFO - Setting next_dagrun for example_external_task_marker_parent to None, run_after=None
[2024-10-03T13:17:07.109+0000] {processor.py:208} INFO - Processing /home/airflow/.local/lib/python3.12/site-packages/airflow/example_dags/example_external_task_marker_dag.py took 0.350 seconds
[2024-10-03T13:17:37.419+0000] {processor.py:186} INFO - Started process (PID=981) to work on /home/airflow/.local/lib/python3.12/site-packages/airflow/example_dags/example_external_task_marker_dag.py
[2024-10-03T13:17:37.420+0000] {processor.py:914} INFO - Processing file /home/airflow/.local/lib/python3.12/site-packages/airflow/example_dags/example_external_task_marker_dag.py for tasks to queue
[2024-10-03T13:17:37.423+0000] {logging_mixin.py:190} INFO - [2024-10-03T13:17:37.422+0000] {dagbag.py:587} INFO - Filling up the DagBag from /home/airflow/.local/lib/python3.12/site-packages/airflow/example_dags/example_external_task_marker_dag.py
[2024-10-03T13:17:37.432+0000] {processor.py:925} INFO - DAG(s) 'example_external_task_marker_parent', 'example_external_task_marker_child' retrieved from /home/airflow/.local/lib/python3.12/site-packages/airflow/example_dags/example_external_task_marker_dag.py
[2024-10-03T13:17:37.459+0000] {logging_mixin.py:190} INFO - [2024-10-03T13:17:37.459+0000] {dag.py:3229} INFO - Sync 2 DAGs
[2024-10-03T13:17:37.480+0000] {logging_mixin.py:190} INFO - [2024-10-03T13:17:37.479+0000] {dag.py:4156} INFO - Setting next_dagrun for example_external_task_marker_child to None, run_after=None
[2024-10-03T13:17:37.485+0000] {logging_mixin.py:190} INFO - [2024-10-03T13:17:37.485+0000] {dag.py:4156} INFO - Setting next_dagrun for example_external_task_marker_parent to None, run_after=None
[2024-10-03T13:17:37.709+0000] {processor.py:208} INFO - Processing /home/airflow/.local/lib/python3.12/site-packages/airflow/example_dags/example_external_task_marker_dag.py took 0.298 seconds
[2024-10-03T13:18:09.437+0000] {processor.py:186} INFO - Started process (PID=1044) to work on /home/airflow/.local/lib/python3.12/site-packages/airflow/example_dags/example_external_task_marker_dag.py
[2024-10-03T13:18:09.439+0000] {processor.py:914} INFO - Processing file /home/airflow/.local/lib/python3.12/site-packages/airflow/example_dags/example_external_task_marker_dag.py for tasks to queue
[2024-10-03T13:18:09.443+0000] {logging_mixin.py:190} INFO - [2024-10-03T13:18:09.442+0000] {dagbag.py:587} INFO - Filling up the DagBag from /home/airflow/.local/lib/python3.12/site-packages/airflow/example_dags/example_external_task_marker_dag.py
[2024-10-03T13:18:09.460+0000] {processor.py:925} INFO - DAG(s) 'example_external_task_marker_child', 'example_external_task_marker_parent' retrieved from /home/airflow/.local/lib/python3.12/site-packages/airflow/example_dags/example_external_task_marker_dag.py
[2024-10-03T13:18:09.501+0000] {logging_mixin.py:190} INFO - [2024-10-03T13:18:09.500+0000] {dag.py:3229} INFO - Sync 2 DAGs
[2024-10-03T13:18:09.538+0000] {logging_mixin.py:190} INFO - [2024-10-03T13:18:09.538+0000] {dag.py:4156} INFO - Setting next_dagrun for example_external_task_marker_child to None, run_after=None
[2024-10-03T13:18:09.549+0000] {logging_mixin.py:190} INFO - [2024-10-03T13:18:09.549+0000] {dag.py:4156} INFO - Setting next_dagrun for example_external_task_marker_parent to None, run_after=None
[2024-10-03T13:18:10.076+0000] {processor.py:208} INFO - Processing /home/airflow/.local/lib/python3.12/site-packages/airflow/example_dags/example_external_task_marker_dag.py took 0.651 seconds
