[2024-10-03T13:10:14.867+0000] {processor.py:186} INFO - Started process (PID=87) to work on /home/airflow/.local/lib/python3.12/site-packages/airflow/example_dags/example_dag_decorator.py
[2024-10-03T13:10:14.868+0000] {processor.py:914} INFO - Processing file /home/airflow/.local/lib/python3.12/site-packages/airflow/example_dags/example_dag_decorator.py for tasks to queue
[2024-10-03T13:10:14.870+0000] {logging_mixin.py:190} INFO - [2024-10-03T13:10:14.870+0000] {dagbag.py:587} INFO - Filling up the DagBag from /home/airflow/.local/lib/python3.12/site-packages/airflow/example_dags/example_dag_decorator.py
[2024-10-03T13:10:14.934+0000] {processor.py:925} INFO - DAG(s) 'example_dag_decorator' retrieved from /home/airflow/.local/lib/python3.12/site-packages/airflow/example_dags/example_dag_decorator.py
[2024-10-03T13:10:15.059+0000] {logging_mixin.py:190} INFO - [2024-10-03T13:10:15.059+0000] {dag.py:3229} INFO - Sync 1 DAGs
[2024-10-03T13:10:15.073+0000] {logging_mixin.py:190} INFO - [2024-10-03T13:10:15.073+0000] {dag.py:4156} INFO - Setting next_dagrun for example_dag_decorator to None, run_after=None
[2024-10-03T13:10:15.186+0000] {processor.py:208} INFO - Processing /home/airflow/.local/lib/python3.12/site-packages/airflow/example_dags/example_dag_decorator.py took 0.325 seconds
[2024-10-03T13:10:46.459+0000] {processor.py:186} INFO - Started process (PID=150) to work on /home/airflow/.local/lib/python3.12/site-packages/airflow/example_dags/example_dag_decorator.py
[2024-10-03T13:10:46.483+0000] {processor.py:914} INFO - Processing file /home/airflow/.local/lib/python3.12/site-packages/airflow/example_dags/example_dag_decorator.py for tasks to queue
[2024-10-03T13:10:46.486+0000] {logging_mixin.py:190} INFO - [2024-10-03T13:10:46.486+0000] {dagbag.py:587} INFO - Filling up the DagBag from /home/airflow/.local/lib/python3.12/site-packages/airflow/example_dags/example_dag_decorator.py
[2024-10-03T13:10:46.508+0000] {processor.py:925} INFO - DAG(s) 'example_dag_decorator' retrieved from /home/airflow/.local/lib/python3.12/site-packages/airflow/example_dags/example_dag_decorator.py
[2024-10-03T13:10:46.549+0000] {logging_mixin.py:190} INFO - [2024-10-03T13:10:46.549+0000] {dag.py:3229} INFO - Sync 1 DAGs
[2024-10-03T13:10:46.590+0000] {logging_mixin.py:190} INFO - [2024-10-03T13:10:46.590+0000] {dag.py:4156} INFO - Setting next_dagrun for example_dag_decorator to None, run_after=None
[2024-10-03T13:10:46.771+0000] {processor.py:208} INFO - Processing /home/airflow/.local/lib/python3.12/site-packages/airflow/example_dags/example_dag_decorator.py took 0.321 seconds
[2024-10-03T13:11:17.179+0000] {processor.py:186} INFO - Started process (PID=213) to work on /home/airflow/.local/lib/python3.12/site-packages/airflow/example_dags/example_dag_decorator.py
[2024-10-03T13:11:17.181+0000] {processor.py:914} INFO - Processing file /home/airflow/.local/lib/python3.12/site-packages/airflow/example_dags/example_dag_decorator.py for tasks to queue
[2024-10-03T13:11:17.184+0000] {logging_mixin.py:190} INFO - [2024-10-03T13:11:17.184+0000] {dagbag.py:587} INFO - Filling up the DagBag from /home/airflow/.local/lib/python3.12/site-packages/airflow/example_dags/example_dag_decorator.py
[2024-10-03T13:11:17.199+0000] {processor.py:925} INFO - DAG(s) 'example_dag_decorator' retrieved from /home/airflow/.local/lib/python3.12/site-packages/airflow/example_dags/example_dag_decorator.py
[2024-10-03T13:11:17.361+0000] {logging_mixin.py:190} INFO - [2024-10-03T13:11:17.360+0000] {dag.py:3229} INFO - Sync 1 DAGs
[2024-10-03T13:11:17.375+0000] {logging_mixin.py:190} INFO - [2024-10-03T13:11:17.375+0000] {dag.py:4156} INFO - Setting next_dagrun for example_dag_decorator to None, run_after=None
[2024-10-03T13:11:17.524+0000] {processor.py:208} INFO - Processing /home/airflow/.local/lib/python3.12/site-packages/airflow/example_dags/example_dag_decorator.py took 0.352 seconds
[2024-10-03T13:11:50.700+0000] {processor.py:186} INFO - Started process (PID=276) to work on /home/airflow/.local/lib/python3.12/site-packages/airflow/example_dags/example_dag_decorator.py
[2024-10-03T13:11:50.701+0000] {processor.py:914} INFO - Processing file /home/airflow/.local/lib/python3.12/site-packages/airflow/example_dags/example_dag_decorator.py for tasks to queue
[2024-10-03T13:11:50.705+0000] {logging_mixin.py:190} INFO - [2024-10-03T13:11:50.704+0000] {dagbag.py:587} INFO - Filling up the DagBag from /home/airflow/.local/lib/python3.12/site-packages/airflow/example_dags/example_dag_decorator.py
[2024-10-03T13:11:50.723+0000] {processor.py:925} INFO - DAG(s) 'example_dag_decorator' retrieved from /home/airflow/.local/lib/python3.12/site-packages/airflow/example_dags/example_dag_decorator.py
[2024-10-03T13:11:55.543+0000] {logging_mixin.py:190} INFO - [2024-10-03T13:11:55.542+0000] {dag.py:3229} INFO - Sync 1 DAGs
[2024-10-03T13:11:55.560+0000] {logging_mixin.py:190} INFO - [2024-10-03T13:11:55.560+0000] {dag.py:4156} INFO - Setting next_dagrun for example_dag_decorator to None, run_after=None
[2024-10-03T13:11:55.822+0000] {processor.py:208} INFO - Processing /home/airflow/.local/lib/python3.12/site-packages/airflow/example_dags/example_dag_decorator.py took 5.130 seconds
[2024-10-03T13:12:25.913+0000] {processor.py:186} INFO - Started process (PID=346) to work on /home/airflow/.local/lib/python3.12/site-packages/airflow/example_dags/example_dag_decorator.py
[2024-10-03T13:12:25.915+0000] {processor.py:914} INFO - Processing file /home/airflow/.local/lib/python3.12/site-packages/airflow/example_dags/example_dag_decorator.py for tasks to queue
[2024-10-03T13:12:25.919+0000] {logging_mixin.py:190} INFO - [2024-10-03T13:12:25.918+0000] {dagbag.py:587} INFO - Filling up the DagBag from /home/airflow/.local/lib/python3.12/site-packages/airflow/example_dags/example_dag_decorator.py
[2024-10-03T13:12:25.937+0000] {processor.py:925} INFO - DAG(s) 'example_dag_decorator' retrieved from /home/airflow/.local/lib/python3.12/site-packages/airflow/example_dags/example_dag_decorator.py
[2024-10-03T13:12:26.127+0000] {logging_mixin.py:190} INFO - [2024-10-03T13:12:26.127+0000] {dag.py:3229} INFO - Sync 1 DAGs
[2024-10-03T13:12:26.147+0000] {logging_mixin.py:190} INFO - [2024-10-03T13:12:26.147+0000] {dag.py:4156} INFO - Setting next_dagrun for example_dag_decorator to None, run_after=None
[2024-10-03T13:12:26.217+0000] {processor.py:208} INFO - Processing /home/airflow/.local/lib/python3.12/site-packages/airflow/example_dags/example_dag_decorator.py took 0.313 seconds
[2024-10-03T13:12:56.498+0000] {processor.py:186} INFO - Started process (PID=408) to work on /home/airflow/.local/lib/python3.12/site-packages/airflow/example_dags/example_dag_decorator.py
[2024-10-03T13:12:56.500+0000] {processor.py:914} INFO - Processing file /home/airflow/.local/lib/python3.12/site-packages/airflow/example_dags/example_dag_decorator.py for tasks to queue
[2024-10-03T13:12:56.503+0000] {logging_mixin.py:190} INFO - [2024-10-03T13:12:56.502+0000] {dagbag.py:587} INFO - Filling up the DagBag from /home/airflow/.local/lib/python3.12/site-packages/airflow/example_dags/example_dag_decorator.py
[2024-10-03T13:12:56.522+0000] {processor.py:925} INFO - DAG(s) 'example_dag_decorator' retrieved from /home/airflow/.local/lib/python3.12/site-packages/airflow/example_dags/example_dag_decorator.py
[2024-10-03T13:12:56.710+0000] {logging_mixin.py:190} INFO - [2024-10-03T13:12:56.710+0000] {dag.py:3229} INFO - Sync 1 DAGs
[2024-10-03T13:12:56.731+0000] {logging_mixin.py:190} INFO - [2024-10-03T13:12:56.730+0000] {dag.py:4156} INFO - Setting next_dagrun for example_dag_decorator to None, run_after=None
[2024-10-03T13:12:56.971+0000] {processor.py:208} INFO - Processing /home/airflow/.local/lib/python3.12/site-packages/airflow/example_dags/example_dag_decorator.py took 0.479 seconds
[2024-10-03T13:13:27.693+0000] {processor.py:186} INFO - Started process (PID=468) to work on /home/airflow/.local/lib/python3.12/site-packages/airflow/example_dags/example_dag_decorator.py
[2024-10-03T13:13:27.696+0000] {processor.py:914} INFO - Processing file /home/airflow/.local/lib/python3.12/site-packages/airflow/example_dags/example_dag_decorator.py for tasks to queue
[2024-10-03T13:13:27.699+0000] {logging_mixin.py:190} INFO - [2024-10-03T13:13:27.699+0000] {dagbag.py:587} INFO - Filling up the DagBag from /home/airflow/.local/lib/python3.12/site-packages/airflow/example_dags/example_dag_decorator.py
[2024-10-03T13:13:27.719+0000] {processor.py:925} INFO - DAG(s) 'example_dag_decorator' retrieved from /home/airflow/.local/lib/python3.12/site-packages/airflow/example_dags/example_dag_decorator.py
[2024-10-03T13:13:27.947+0000] {logging_mixin.py:190} INFO - [2024-10-03T13:13:27.947+0000] {dag.py:3229} INFO - Sync 1 DAGs
[2024-10-03T13:13:27.966+0000] {logging_mixin.py:190} INFO - [2024-10-03T13:13:27.965+0000] {dag.py:4156} INFO - Setting next_dagrun for example_dag_decorator to None, run_after=None
[2024-10-03T13:13:29.547+0000] {processor.py:208} INFO - Processing /home/airflow/.local/lib/python3.12/site-packages/airflow/example_dags/example_dag_decorator.py took 1.865 seconds
[2024-10-03T13:14:00.308+0000] {processor.py:186} INFO - Started process (PID=537) to work on /home/airflow/.local/lib/python3.12/site-packages/airflow/example_dags/example_dag_decorator.py
[2024-10-03T13:14:00.431+0000] {processor.py:914} INFO - Processing file /home/airflow/.local/lib/python3.12/site-packages/airflow/example_dags/example_dag_decorator.py for tasks to queue
[2024-10-03T13:14:00.435+0000] {logging_mixin.py:190} INFO - [2024-10-03T13:14:00.435+0000] {dagbag.py:587} INFO - Filling up the DagBag from /home/airflow/.local/lib/python3.12/site-packages/airflow/example_dags/example_dag_decorator.py
[2024-10-03T13:14:00.455+0000] {processor.py:925} INFO - DAG(s) 'example_dag_decorator' retrieved from /home/airflow/.local/lib/python3.12/site-packages/airflow/example_dags/example_dag_decorator.py
[2024-10-03T13:14:00.666+0000] {logging_mixin.py:190} INFO - [2024-10-03T13:14:00.666+0000] {dag.py:3229} INFO - Sync 1 DAGs
[2024-10-03T13:14:00.693+0000] {logging_mixin.py:190} INFO - [2024-10-03T13:14:00.692+0000] {dag.py:4156} INFO - Setting next_dagrun for example_dag_decorator to None, run_after=None
[2024-10-03T13:14:00.833+0000] {processor.py:208} INFO - Processing /home/airflow/.local/lib/python3.12/site-packages/airflow/example_dags/example_dag_decorator.py took 0.534 seconds
[2024-10-03T13:14:31.084+0000] {processor.py:186} INFO - Started process (PID=600) to work on /home/airflow/.local/lib/python3.12/site-packages/airflow/example_dags/example_dag_decorator.py
[2024-10-03T13:14:31.086+0000] {processor.py:914} INFO - Processing file /home/airflow/.local/lib/python3.12/site-packages/airflow/example_dags/example_dag_decorator.py for tasks to queue
[2024-10-03T13:14:31.091+0000] {logging_mixin.py:190} INFO - [2024-10-03T13:14:31.090+0000] {dagbag.py:587} INFO - Filling up the DagBag from /home/airflow/.local/lib/python3.12/site-packages/airflow/example_dags/example_dag_decorator.py
[2024-10-03T13:14:31.125+0000] {processor.py:925} INFO - DAG(s) 'example_dag_decorator' retrieved from /home/airflow/.local/lib/python3.12/site-packages/airflow/example_dags/example_dag_decorator.py
[2024-10-03T13:14:31.417+0000] {logging_mixin.py:190} INFO - [2024-10-03T13:14:31.416+0000] {dag.py:3229} INFO - Sync 1 DAGs
[2024-10-03T13:14:31.440+0000] {logging_mixin.py:190} INFO - [2024-10-03T13:14:31.439+0000] {dag.py:4156} INFO - Setting next_dagrun for example_dag_decorator to None, run_after=None
[2024-10-03T13:14:31.834+0000] {processor.py:208} INFO - Processing /home/airflow/.local/lib/python3.12/site-packages/airflow/example_dags/example_dag_decorator.py took 0.764 seconds
[2024-10-03T13:15:01.933+0000] {processor.py:186} INFO - Started process (PID=663) to work on /home/airflow/.local/lib/python3.12/site-packages/airflow/example_dags/example_dag_decorator.py
[2024-10-03T13:15:01.935+0000] {processor.py:914} INFO - Processing file /home/airflow/.local/lib/python3.12/site-packages/airflow/example_dags/example_dag_decorator.py for tasks to queue
[2024-10-03T13:15:01.938+0000] {logging_mixin.py:190} INFO - [2024-10-03T13:15:01.938+0000] {dagbag.py:587} INFO - Filling up the DagBag from /home/airflow/.local/lib/python3.12/site-packages/airflow/example_dags/example_dag_decorator.py
[2024-10-03T13:15:01.959+0000] {processor.py:925} INFO - DAG(s) 'example_dag_decorator' retrieved from /home/airflow/.local/lib/python3.12/site-packages/airflow/example_dags/example_dag_decorator.py
[2024-10-03T13:15:02.166+0000] {logging_mixin.py:190} INFO - [2024-10-03T13:15:02.166+0000] {dag.py:3229} INFO - Sync 1 DAGs
[2024-10-03T13:15:02.189+0000] {logging_mixin.py:190} INFO - [2024-10-03T13:15:02.188+0000] {dag.py:4156} INFO - Setting next_dagrun for example_dag_decorator to None, run_after=None
[2024-10-03T13:15:02.315+0000] {processor.py:208} INFO - Processing /home/airflow/.local/lib/python3.12/site-packages/airflow/example_dags/example_dag_decorator.py took 0.393 seconds
[2024-10-03T13:15:32.618+0000] {processor.py:186} INFO - Started process (PID=726) to work on /home/airflow/.local/lib/python3.12/site-packages/airflow/example_dags/example_dag_decorator.py
[2024-10-03T13:15:32.619+0000] {processor.py:914} INFO - Processing file /home/airflow/.local/lib/python3.12/site-packages/airflow/example_dags/example_dag_decorator.py for tasks to queue
[2024-10-03T13:15:32.623+0000] {logging_mixin.py:190} INFO - [2024-10-03T13:15:32.622+0000] {dagbag.py:587} INFO - Filling up the DagBag from /home/airflow/.local/lib/python3.12/site-packages/airflow/example_dags/example_dag_decorator.py
[2024-10-03T13:15:32.636+0000] {processor.py:925} INFO - DAG(s) 'example_dag_decorator' retrieved from /home/airflow/.local/lib/python3.12/site-packages/airflow/example_dags/example_dag_decorator.py
[2024-10-03T13:15:32.784+0000] {logging_mixin.py:190} INFO - [2024-10-03T13:15:32.784+0000] {dag.py:3229} INFO - Sync 1 DAGs
[2024-10-03T13:15:32.801+0000] {logging_mixin.py:190} INFO - [2024-10-03T13:15:32.800+0000] {dag.py:4156} INFO - Setting next_dagrun for example_dag_decorator to None, run_after=None
[2024-10-03T13:15:32.902+0000] {processor.py:208} INFO - Processing /home/airflow/.local/lib/python3.12/site-packages/airflow/example_dags/example_dag_decorator.py took 0.292 seconds
[2024-10-03T13:16:03.295+0000] {processor.py:186} INFO - Started process (PID=787) to work on /home/airflow/.local/lib/python3.12/site-packages/airflow/example_dags/example_dag_decorator.py
[2024-10-03T13:16:03.297+0000] {processor.py:914} INFO - Processing file /home/airflow/.local/lib/python3.12/site-packages/airflow/example_dags/example_dag_decorator.py for tasks to queue
[2024-10-03T13:16:03.301+0000] {logging_mixin.py:190} INFO - [2024-10-03T13:16:03.300+0000] {dagbag.py:587} INFO - Filling up the DagBag from /home/airflow/.local/lib/python3.12/site-packages/airflow/example_dags/example_dag_decorator.py
[2024-10-03T13:16:03.324+0000] {processor.py:925} INFO - DAG(s) 'example_dag_decorator' retrieved from /home/airflow/.local/lib/python3.12/site-packages/airflow/example_dags/example_dag_decorator.py
[2024-10-03T13:16:03.359+0000] {logging_mixin.py:190} INFO - [2024-10-03T13:16:03.359+0000] {dag.py:3229} INFO - Sync 1 DAGs
[2024-10-03T13:16:03.387+0000] {logging_mixin.py:190} INFO - [2024-10-03T13:16:03.387+0000] {dag.py:4156} INFO - Setting next_dagrun for example_dag_decorator to None, run_after=None
[2024-10-03T13:16:03.791+0000] {processor.py:208} INFO - Processing /home/airflow/.local/lib/python3.12/site-packages/airflow/example_dags/example_dag_decorator.py took 0.508 seconds
[2024-10-03T13:16:34.807+0000] {processor.py:186} INFO - Started process (PID=850) to work on /home/airflow/.local/lib/python3.12/site-packages/airflow/example_dags/example_dag_decorator.py
[2024-10-03T13:16:34.809+0000] {processor.py:914} INFO - Processing file /home/airflow/.local/lib/python3.12/site-packages/airflow/example_dags/example_dag_decorator.py for tasks to queue
[2024-10-03T13:16:34.812+0000] {logging_mixin.py:190} INFO - [2024-10-03T13:16:34.811+0000] {dagbag.py:587} INFO - Filling up the DagBag from /home/airflow/.local/lib/python3.12/site-packages/airflow/example_dags/example_dag_decorator.py
[2024-10-03T13:16:34.823+0000] {processor.py:925} INFO - DAG(s) 'example_dag_decorator' retrieved from /home/airflow/.local/lib/python3.12/site-packages/airflow/example_dags/example_dag_decorator.py
[2024-10-03T13:16:34.959+0000] {logging_mixin.py:190} INFO - [2024-10-03T13:16:34.959+0000] {dag.py:3229} INFO - Sync 1 DAGs
[2024-10-03T13:16:34.976+0000] {logging_mixin.py:190} INFO - [2024-10-03T13:16:34.975+0000] {dag.py:4156} INFO - Setting next_dagrun for example_dag_decorator to None, run_after=None
[2024-10-03T13:16:35.096+0000] {processor.py:208} INFO - Processing /home/airflow/.local/lib/python3.12/site-packages/airflow/example_dags/example_dag_decorator.py took 0.295 seconds
[2024-10-03T13:17:05.295+0000] {processor.py:186} INFO - Started process (PID=913) to work on /home/airflow/.local/lib/python3.12/site-packages/airflow/example_dags/example_dag_decorator.py
[2024-10-03T13:17:05.296+0000] {processor.py:914} INFO - Processing file /home/airflow/.local/lib/python3.12/site-packages/airflow/example_dags/example_dag_decorator.py for tasks to queue
[2024-10-03T13:17:05.301+0000] {logging_mixin.py:190} INFO - [2024-10-03T13:17:05.300+0000] {dagbag.py:587} INFO - Filling up the DagBag from /home/airflow/.local/lib/python3.12/site-packages/airflow/example_dags/example_dag_decorator.py
[2024-10-03T13:17:05.321+0000] {processor.py:925} INFO - DAG(s) 'example_dag_decorator' retrieved from /home/airflow/.local/lib/python3.12/site-packages/airflow/example_dags/example_dag_decorator.py
[2024-10-03T13:17:05.533+0000] {logging_mixin.py:190} INFO - [2024-10-03T13:17:05.532+0000] {dag.py:3229} INFO - Sync 1 DAGs
[2024-10-03T13:17:05.554+0000] {logging_mixin.py:190} INFO - [2024-10-03T13:17:05.553+0000] {dag.py:4156} INFO - Setting next_dagrun for example_dag_decorator to None, run_after=None
[2024-10-03T13:17:05.717+0000] {processor.py:208} INFO - Processing /home/airflow/.local/lib/python3.12/site-packages/airflow/example_dags/example_dag_decorator.py took 0.435 seconds
[2024-10-03T13:17:35.991+0000] {processor.py:186} INFO - Started process (PID=975) to work on /home/airflow/.local/lib/python3.12/site-packages/airflow/example_dags/example_dag_decorator.py
[2024-10-03T13:17:35.993+0000] {processor.py:914} INFO - Processing file /home/airflow/.local/lib/python3.12/site-packages/airflow/example_dags/example_dag_decorator.py for tasks to queue
[2024-10-03T13:17:35.996+0000] {logging_mixin.py:190} INFO - [2024-10-03T13:17:35.996+0000] {dagbag.py:587} INFO - Filling up the DagBag from /home/airflow/.local/lib/python3.12/site-packages/airflow/example_dags/example_dag_decorator.py
[2024-10-03T13:17:36.013+0000] {processor.py:925} INFO - DAG(s) 'example_dag_decorator' retrieved from /home/airflow/.local/lib/python3.12/site-packages/airflow/example_dags/example_dag_decorator.py
[2024-10-03T13:17:36.044+0000] {logging_mixin.py:190} INFO - [2024-10-03T13:17:36.043+0000] {dag.py:3229} INFO - Sync 1 DAGs
[2024-10-03T13:17:36.069+0000] {logging_mixin.py:190} INFO - [2024-10-03T13:17:36.069+0000] {dag.py:4156} INFO - Setting next_dagrun for example_dag_decorator to None, run_after=None
[2024-10-03T13:17:36.188+0000] {processor.py:208} INFO - Processing /home/airflow/.local/lib/python3.12/site-packages/airflow/example_dags/example_dag_decorator.py took 0.205 seconds
[2024-10-03T13:18:06.354+0000] {processor.py:186} INFO - Started process (PID=1037) to work on /home/airflow/.local/lib/python3.12/site-packages/airflow/example_dags/example_dag_decorator.py
[2024-10-03T13:18:06.356+0000] {processor.py:914} INFO - Processing file /home/airflow/.local/lib/python3.12/site-packages/airflow/example_dags/example_dag_decorator.py for tasks to queue
[2024-10-03T13:18:06.359+0000] {logging_mixin.py:190} INFO - [2024-10-03T13:18:06.359+0000] {dagbag.py:587} INFO - Filling up the DagBag from /home/airflow/.local/lib/python3.12/site-packages/airflow/example_dags/example_dag_decorator.py
[2024-10-03T13:18:06.394+0000] {processor.py:925} INFO - DAG(s) 'example_dag_decorator' retrieved from /home/airflow/.local/lib/python3.12/site-packages/airflow/example_dags/example_dag_decorator.py
[2024-10-03T13:18:06.442+0000] {logging_mixin.py:190} INFO - [2024-10-03T13:18:06.442+0000] {dag.py:3229} INFO - Sync 1 DAGs
[2024-10-03T13:18:06.474+0000] {logging_mixin.py:190} INFO - [2024-10-03T13:18:06.474+0000] {dag.py:4156} INFO - Setting next_dagrun for example_dag_decorator to None, run_after=None
[2024-10-03T13:18:06.630+0000] {processor.py:208} INFO - Processing /home/airflow/.local/lib/python3.12/site-packages/airflow/example_dags/example_dag_decorator.py took 0.289 seconds
