[2024-10-03T13:10:20.240+0000] {processor.py:186} INFO - Started process (PID=115) to work on /home/airflow/.local/lib/python3.12/site-packages/airflow/example_dags/example_sensor_decorator.py
[2024-10-03T13:10:20.241+0000] {processor.py:914} INFO - Processing file /home/airflow/.local/lib/python3.12/site-packages/airflow/example_dags/example_sensor_decorator.py for tasks to queue
[2024-10-03T13:10:20.245+0000] {logging_mixin.py:190} INFO - [2024-10-03T13:10:20.244+0000] {dagbag.py:587} INFO - Filling up the DagBag from /home/airflow/.local/lib/python3.12/site-packages/airflow/example_dags/example_sensor_decorator.py
[2024-10-03T13:10:20.327+0000] {processor.py:925} INFO - DAG(s) 'example_sensor_decorator' retrieved from /home/airflow/.local/lib/python3.12/site-packages/airflow/example_dags/example_sensor_decorator.py
[2024-10-03T13:10:20.379+0000] {logging_mixin.py:190} INFO - [2024-10-03T13:10:20.378+0000] {dag.py:3229} INFO - Sync 1 DAGs
[2024-10-03T13:10:20.414+0000] {logging_mixin.py:190} INFO - [2024-10-03T13:10:20.413+0000] {dag.py:4156} INFO - Setting next_dagrun for example_sensor_decorator to None, run_after=None
[2024-10-03T13:10:20.878+0000] {processor.py:208} INFO - Processing /home/airflow/.local/lib/python3.12/site-packages/airflow/example_dags/example_sensor_decorator.py took 0.645 seconds
[2024-10-03T13:10:51.716+0000] {processor.py:186} INFO - Started process (PID=178) to work on /home/airflow/.local/lib/python3.12/site-packages/airflow/example_dags/example_sensor_decorator.py
[2024-10-03T13:10:51.756+0000] {processor.py:914} INFO - Processing file /home/airflow/.local/lib/python3.12/site-packages/airflow/example_dags/example_sensor_decorator.py for tasks to queue
[2024-10-03T13:10:51.760+0000] {logging_mixin.py:190} INFO - [2024-10-03T13:10:51.759+0000] {dagbag.py:587} INFO - Filling up the DagBag from /home/airflow/.local/lib/python3.12/site-packages/airflow/example_dags/example_sensor_decorator.py
[2024-10-03T13:10:51.783+0000] {processor.py:925} INFO - DAG(s) 'example_sensor_decorator' retrieved from /home/airflow/.local/lib/python3.12/site-packages/airflow/example_dags/example_sensor_decorator.py
[2024-10-03T13:10:51.813+0000] {logging_mixin.py:190} INFO - [2024-10-03T13:10:51.812+0000] {dag.py:3229} INFO - Sync 1 DAGs
[2024-10-03T13:10:51.834+0000] {logging_mixin.py:190} INFO - [2024-10-03T13:10:51.833+0000] {dag.py:4156} INFO - Setting next_dagrun for example_sensor_decorator to None, run_after=None
[2024-10-03T13:10:52.218+0000] {processor.py:208} INFO - Processing /home/airflow/.local/lib/python3.12/site-packages/airflow/example_dags/example_sensor_decorator.py took 0.520 seconds
[2024-10-03T13:11:22.341+0000] {processor.py:186} INFO - Started process (PID=241) to work on /home/airflow/.local/lib/python3.12/site-packages/airflow/example_dags/example_sensor_decorator.py
[2024-10-03T13:11:22.343+0000] {processor.py:914} INFO - Processing file /home/airflow/.local/lib/python3.12/site-packages/airflow/example_dags/example_sensor_decorator.py for tasks to queue
[2024-10-03T13:11:22.353+0000] {logging_mixin.py:190} INFO - [2024-10-03T13:11:22.352+0000] {dagbag.py:587} INFO - Filling up the DagBag from /home/airflow/.local/lib/python3.12/site-packages/airflow/example_dags/example_sensor_decorator.py
[2024-10-03T13:11:22.371+0000] {processor.py:925} INFO - DAG(s) 'example_sensor_decorator' retrieved from /home/airflow/.local/lib/python3.12/site-packages/airflow/example_dags/example_sensor_decorator.py
[2024-10-03T13:11:22.419+0000] {logging_mixin.py:190} INFO - [2024-10-03T13:11:22.418+0000] {dag.py:3229} INFO - Sync 1 DAGs
[2024-10-03T13:11:22.456+0000] {logging_mixin.py:190} INFO - [2024-10-03T13:11:22.456+0000] {dag.py:4156} INFO - Setting next_dagrun for example_sensor_decorator to None, run_after=None
[2024-10-03T13:11:22.561+0000] {processor.py:208} INFO - Processing /home/airflow/.local/lib/python3.12/site-packages/airflow/example_dags/example_sensor_decorator.py took 0.231 seconds
[2024-10-03T13:12:01.549+0000] {processor.py:186} INFO - Started process (PID=309) to work on /home/airflow/.local/lib/python3.12/site-packages/airflow/example_dags/example_sensor_decorator.py
[2024-10-03T13:12:01.550+0000] {processor.py:914} INFO - Processing file /home/airflow/.local/lib/python3.12/site-packages/airflow/example_dags/example_sensor_decorator.py for tasks to queue
[2024-10-03T13:12:01.554+0000] {logging_mixin.py:190} INFO - [2024-10-03T13:12:01.554+0000] {dagbag.py:587} INFO - Filling up the DagBag from /home/airflow/.local/lib/python3.12/site-packages/airflow/example_dags/example_sensor_decorator.py
[2024-10-03T13:12:01.565+0000] {processor.py:925} INFO - DAG(s) 'example_sensor_decorator' retrieved from /home/airflow/.local/lib/python3.12/site-packages/airflow/example_dags/example_sensor_decorator.py
[2024-10-03T13:12:01.600+0000] {logging_mixin.py:190} INFO - [2024-10-03T13:12:01.600+0000] {dag.py:3229} INFO - Sync 1 DAGs
[2024-10-03T13:12:01.637+0000] {logging_mixin.py:190} INFO - [2024-10-03T13:12:01.637+0000] {dag.py:4156} INFO - Setting next_dagrun for example_sensor_decorator to None, run_after=None
[2024-10-03T13:12:02.199+0000] {processor.py:208} INFO - Processing /home/airflow/.local/lib/python3.12/site-packages/airflow/example_dags/example_sensor_decorator.py took 0.657 seconds
[2024-10-03T13:12:32.673+0000] {processor.py:186} INFO - Started process (PID=372) to work on /home/airflow/.local/lib/python3.12/site-packages/airflow/example_dags/example_sensor_decorator.py
[2024-10-03T13:12:32.675+0000] {processor.py:914} INFO - Processing file /home/airflow/.local/lib/python3.12/site-packages/airflow/example_dags/example_sensor_decorator.py for tasks to queue
[2024-10-03T13:12:32.682+0000] {logging_mixin.py:190} INFO - [2024-10-03T13:12:32.681+0000] {dagbag.py:587} INFO - Filling up the DagBag from /home/airflow/.local/lib/python3.12/site-packages/airflow/example_dags/example_sensor_decorator.py
[2024-10-03T13:12:32.697+0000] {processor.py:925} INFO - DAG(s) 'example_sensor_decorator' retrieved from /home/airflow/.local/lib/python3.12/site-packages/airflow/example_dags/example_sensor_decorator.py
[2024-10-03T13:12:32.745+0000] {logging_mixin.py:190} INFO - [2024-10-03T13:12:32.744+0000] {dag.py:3229} INFO - Sync 1 DAGs
[2024-10-03T13:12:32.773+0000] {logging_mixin.py:190} INFO - [2024-10-03T13:12:32.773+0000] {dag.py:4156} INFO - Setting next_dagrun for example_sensor_decorator to None, run_after=None
[2024-10-03T13:12:32.873+0000] {processor.py:208} INFO - Processing /home/airflow/.local/lib/python3.12/site-packages/airflow/example_dags/example_sensor_decorator.py took 0.211 seconds
[2024-10-03T13:13:04.260+0000] {processor.py:186} INFO - Started process (PID=435) to work on /home/airflow/.local/lib/python3.12/site-packages/airflow/example_dags/example_sensor_decorator.py
[2024-10-03T13:13:04.261+0000] {processor.py:914} INFO - Processing file /home/airflow/.local/lib/python3.12/site-packages/airflow/example_dags/example_sensor_decorator.py for tasks to queue
[2024-10-03T13:13:04.264+0000] {logging_mixin.py:190} INFO - [2024-10-03T13:13:04.264+0000] {dagbag.py:587} INFO - Filling up the DagBag from /home/airflow/.local/lib/python3.12/site-packages/airflow/example_dags/example_sensor_decorator.py
[2024-10-03T13:13:04.274+0000] {processor.py:925} INFO - DAG(s) 'example_sensor_decorator' retrieved from /home/airflow/.local/lib/python3.12/site-packages/airflow/example_dags/example_sensor_decorator.py
[2024-10-03T13:13:04.302+0000] {logging_mixin.py:190} INFO - [2024-10-03T13:13:04.302+0000] {dag.py:3229} INFO - Sync 1 DAGs
[2024-10-03T13:13:04.323+0000] {logging_mixin.py:190} INFO - [2024-10-03T13:13:04.322+0000] {dag.py:4156} INFO - Setting next_dagrun for example_sensor_decorator to None, run_after=None
[2024-10-03T13:13:04.743+0000] {processor.py:208} INFO - Processing /home/airflow/.local/lib/python3.12/site-packages/airflow/example_dags/example_sensor_decorator.py took 0.493 seconds
[2024-10-03T13:13:35.813+0000] {processor.py:186} INFO - Started process (PID=498) to work on /home/airflow/.local/lib/python3.12/site-packages/airflow/example_dags/example_sensor_decorator.py
[2024-10-03T13:13:35.814+0000] {processor.py:914} INFO - Processing file /home/airflow/.local/lib/python3.12/site-packages/airflow/example_dags/example_sensor_decorator.py for tasks to queue
[2024-10-03T13:13:35.817+0000] {logging_mixin.py:190} INFO - [2024-10-03T13:13:35.817+0000] {dagbag.py:587} INFO - Filling up the DagBag from /home/airflow/.local/lib/python3.12/site-packages/airflow/example_dags/example_sensor_decorator.py
[2024-10-03T13:13:35.831+0000] {processor.py:925} INFO - DAG(s) 'example_sensor_decorator' retrieved from /home/airflow/.local/lib/python3.12/site-packages/airflow/example_dags/example_sensor_decorator.py
[2024-10-03T13:13:35.855+0000] {logging_mixin.py:190} INFO - [2024-10-03T13:13:35.855+0000] {dag.py:3229} INFO - Sync 1 DAGs
[2024-10-03T13:13:35.892+0000] {logging_mixin.py:190} INFO - [2024-10-03T13:13:35.889+0000] {dag.py:4156} INFO - Setting next_dagrun for example_sensor_decorator to None, run_after=None
[2024-10-03T13:13:36.152+0000] {processor.py:208} INFO - Processing /home/airflow/.local/lib/python3.12/site-packages/airflow/example_dags/example_sensor_decorator.py took 0.345 seconds
[2024-10-03T13:14:07.909+0000] {processor.py:186} INFO - Started process (PID=561) to work on /home/airflow/.local/lib/python3.12/site-packages/airflow/example_dags/example_sensor_decorator.py
[2024-10-03T13:14:07.914+0000] {processor.py:914} INFO - Processing file /home/airflow/.local/lib/python3.12/site-packages/airflow/example_dags/example_sensor_decorator.py for tasks to queue
[2024-10-03T13:14:07.922+0000] {logging_mixin.py:190} INFO - [2024-10-03T13:14:07.921+0000] {dagbag.py:587} INFO - Filling up the DagBag from /home/airflow/.local/lib/python3.12/site-packages/airflow/example_dags/example_sensor_decorator.py
[2024-10-03T13:14:07.948+0000] {processor.py:925} INFO - DAG(s) 'example_sensor_decorator' retrieved from /home/airflow/.local/lib/python3.12/site-packages/airflow/example_dags/example_sensor_decorator.py
[2024-10-03T13:14:08.002+0000] {logging_mixin.py:190} INFO - [2024-10-03T13:14:08.001+0000] {dag.py:3229} INFO - Sync 1 DAGs
[2024-10-03T13:14:08.050+0000] {logging_mixin.py:190} INFO - [2024-10-03T13:14:08.049+0000] {dag.py:4156} INFO - Setting next_dagrun for example_sensor_decorator to None, run_after=None
[2024-10-03T13:14:08.328+0000] {processor.py:208} INFO - Processing /home/airflow/.local/lib/python3.12/site-packages/airflow/example_dags/example_sensor_decorator.py took 0.443 seconds
[2024-10-03T13:14:42.234+0000] {processor.py:186} INFO - Started process (PID=624) to work on /home/airflow/.local/lib/python3.12/site-packages/airflow/example_dags/example_sensor_decorator.py
[2024-10-03T13:14:42.236+0000] {processor.py:914} INFO - Processing file /home/airflow/.local/lib/python3.12/site-packages/airflow/example_dags/example_sensor_decorator.py for tasks to queue
[2024-10-03T13:14:42.247+0000] {logging_mixin.py:190} INFO - [2024-10-03T13:14:42.246+0000] {dagbag.py:587} INFO - Filling up the DagBag from /home/airflow/.local/lib/python3.12/site-packages/airflow/example_dags/example_sensor_decorator.py
[2024-10-03T13:14:42.290+0000] {processor.py:925} INFO - DAG(s) 'example_sensor_decorator' retrieved from /home/airflow/.local/lib/python3.12/site-packages/airflow/example_dags/example_sensor_decorator.py
[2024-10-03T13:14:42.344+0000] {logging_mixin.py:190} INFO - [2024-10-03T13:14:42.343+0000] {dag.py:3229} INFO - Sync 1 DAGs
[2024-10-03T13:14:42.393+0000] {logging_mixin.py:190} INFO - [2024-10-03T13:14:42.392+0000] {dag.py:4156} INFO - Setting next_dagrun for example_sensor_decorator to None, run_after=None
[2024-10-03T13:14:42.749+0000] {processor.py:208} INFO - Processing /home/airflow/.local/lib/python3.12/site-packages/airflow/example_dags/example_sensor_decorator.py took 0.549 seconds
[2024-10-03T13:15:13.118+0000] {processor.py:186} INFO - Started process (PID=687) to work on /home/airflow/.local/lib/python3.12/site-packages/airflow/example_dags/example_sensor_decorator.py
[2024-10-03T13:15:13.120+0000] {processor.py:914} INFO - Processing file /home/airflow/.local/lib/python3.12/site-packages/airflow/example_dags/example_sensor_decorator.py for tasks to queue
[2024-10-03T13:15:13.123+0000] {logging_mixin.py:190} INFO - [2024-10-03T13:15:13.123+0000] {dagbag.py:587} INFO - Filling up the DagBag from /home/airflow/.local/lib/python3.12/site-packages/airflow/example_dags/example_sensor_decorator.py
[2024-10-03T13:15:13.136+0000] {processor.py:925} INFO - DAG(s) 'example_sensor_decorator' retrieved from /home/airflow/.local/lib/python3.12/site-packages/airflow/example_dags/example_sensor_decorator.py
[2024-10-03T13:15:13.171+0000] {logging_mixin.py:190} INFO - [2024-10-03T13:15:13.170+0000] {dag.py:3229} INFO - Sync 1 DAGs
[2024-10-03T13:15:13.202+0000] {logging_mixin.py:190} INFO - [2024-10-03T13:15:13.202+0000] {dag.py:4156} INFO - Setting next_dagrun for example_sensor_decorator to None, run_after=None
[2024-10-03T13:15:13.273+0000] {processor.py:208} INFO - Processing /home/airflow/.local/lib/python3.12/site-packages/airflow/example_dags/example_sensor_decorator.py took 0.165 seconds
[2024-10-03T13:15:43.972+0000] {processor.py:186} INFO - Started process (PID=750) to work on /home/airflow/.local/lib/python3.12/site-packages/airflow/example_dags/example_sensor_decorator.py
[2024-10-03T13:15:43.975+0000] {processor.py:914} INFO - Processing file /home/airflow/.local/lib/python3.12/site-packages/airflow/example_dags/example_sensor_decorator.py for tasks to queue
[2024-10-03T13:15:43.981+0000] {logging_mixin.py:190} INFO - [2024-10-03T13:15:43.980+0000] {dagbag.py:587} INFO - Filling up the DagBag from /home/airflow/.local/lib/python3.12/site-packages/airflow/example_dags/example_sensor_decorator.py
[2024-10-03T13:15:43.994+0000] {processor.py:925} INFO - DAG(s) 'example_sensor_decorator' retrieved from /home/airflow/.local/lib/python3.12/site-packages/airflow/example_dags/example_sensor_decorator.py
[2024-10-03T13:15:44.026+0000] {logging_mixin.py:190} INFO - [2024-10-03T13:15:44.025+0000] {dag.py:3229} INFO - Sync 1 DAGs
[2024-10-03T13:15:44.055+0000] {logging_mixin.py:190} INFO - [2024-10-03T13:15:44.054+0000] {dag.py:4156} INFO - Setting next_dagrun for example_sensor_decorator to None, run_after=None
[2024-10-03T13:15:44.168+0000] {processor.py:208} INFO - Processing /home/airflow/.local/lib/python3.12/site-packages/airflow/example_dags/example_sensor_decorator.py took 0.206 seconds
[2024-10-03T13:16:14.407+0000] {processor.py:186} INFO - Started process (PID=813) to work on /home/airflow/.local/lib/python3.12/site-packages/airflow/example_dags/example_sensor_decorator.py
[2024-10-03T13:16:14.409+0000] {processor.py:914} INFO - Processing file /home/airflow/.local/lib/python3.12/site-packages/airflow/example_dags/example_sensor_decorator.py for tasks to queue
[2024-10-03T13:16:14.413+0000] {logging_mixin.py:190} INFO - [2024-10-03T13:16:14.412+0000] {dagbag.py:587} INFO - Filling up the DagBag from /home/airflow/.local/lib/python3.12/site-packages/airflow/example_dags/example_sensor_decorator.py
[2024-10-03T13:16:14.423+0000] {processor.py:925} INFO - DAG(s) 'example_sensor_decorator' retrieved from /home/airflow/.local/lib/python3.12/site-packages/airflow/example_dags/example_sensor_decorator.py
[2024-10-03T13:16:14.451+0000] {logging_mixin.py:190} INFO - [2024-10-03T13:16:14.451+0000] {dag.py:3229} INFO - Sync 1 DAGs
[2024-10-03T13:16:14.477+0000] {logging_mixin.py:190} INFO - [2024-10-03T13:16:14.477+0000] {dag.py:4156} INFO - Setting next_dagrun for example_sensor_decorator to None, run_after=None
[2024-10-03T13:16:14.568+0000] {processor.py:208} INFO - Processing /home/airflow/.local/lib/python3.12/site-packages/airflow/example_dags/example_sensor_decorator.py took 0.169 seconds
[2024-10-03T13:16:44.799+0000] {processor.py:186} INFO - Started process (PID=876) to work on /home/airflow/.local/lib/python3.12/site-packages/airflow/example_dags/example_sensor_decorator.py
[2024-10-03T13:16:44.801+0000] {processor.py:914} INFO - Processing file /home/airflow/.local/lib/python3.12/site-packages/airflow/example_dags/example_sensor_decorator.py for tasks to queue
[2024-10-03T13:16:44.805+0000] {logging_mixin.py:190} INFO - [2024-10-03T13:16:44.804+0000] {dagbag.py:587} INFO - Filling up the DagBag from /home/airflow/.local/lib/python3.12/site-packages/airflow/example_dags/example_sensor_decorator.py
[2024-10-03T13:16:44.823+0000] {processor.py:925} INFO - DAG(s) 'example_sensor_decorator' retrieved from /home/airflow/.local/lib/python3.12/site-packages/airflow/example_dags/example_sensor_decorator.py
[2024-10-03T13:16:44.858+0000] {logging_mixin.py:190} INFO - [2024-10-03T13:16:44.857+0000] {dag.py:3229} INFO - Sync 1 DAGs
[2024-10-03T13:16:44.882+0000] {logging_mixin.py:190} INFO - [2024-10-03T13:16:44.881+0000] {dag.py:4156} INFO - Setting next_dagrun for example_sensor_decorator to None, run_after=None
[2024-10-03T13:16:44.989+0000] {processor.py:208} INFO - Processing /home/airflow/.local/lib/python3.12/site-packages/airflow/example_dags/example_sensor_decorator.py took 0.199 seconds
[2024-10-03T13:17:16.688+0000] {processor.py:186} INFO - Started process (PID=939) to work on /home/airflow/.local/lib/python3.12/site-packages/airflow/example_dags/example_sensor_decorator.py
[2024-10-03T13:17:16.690+0000] {processor.py:914} INFO - Processing file /home/airflow/.local/lib/python3.12/site-packages/airflow/example_dags/example_sensor_decorator.py for tasks to queue
[2024-10-03T13:17:16.693+0000] {logging_mixin.py:190} INFO - [2024-10-03T13:17:16.692+0000] {dagbag.py:587} INFO - Filling up the DagBag from /home/airflow/.local/lib/python3.12/site-packages/airflow/example_dags/example_sensor_decorator.py
[2024-10-03T13:17:16.705+0000] {processor.py:925} INFO - DAG(s) 'example_sensor_decorator' retrieved from /home/airflow/.local/lib/python3.12/site-packages/airflow/example_dags/example_sensor_decorator.py
[2024-10-03T13:17:16.780+0000] {logging_mixin.py:190} INFO - [2024-10-03T13:17:16.780+0000] {dag.py:3229} INFO - Sync 1 DAGs
[2024-10-03T13:17:16.844+0000] {logging_mixin.py:190} INFO - [2024-10-03T13:17:16.843+0000] {dag.py:4156} INFO - Setting next_dagrun for example_sensor_decorator to None, run_after=None
[2024-10-03T13:17:17.243+0000] {processor.py:208} INFO - Processing /home/airflow/.local/lib/python3.12/site-packages/airflow/example_dags/example_sensor_decorator.py took 0.565 seconds
[2024-10-03T13:17:48.168+0000] {processor.py:186} INFO - Started process (PID=1002) to work on /home/airflow/.local/lib/python3.12/site-packages/airflow/example_dags/example_sensor_decorator.py
[2024-10-03T13:17:48.169+0000] {processor.py:914} INFO - Processing file /home/airflow/.local/lib/python3.12/site-packages/airflow/example_dags/example_sensor_decorator.py for tasks to queue
[2024-10-03T13:17:48.172+0000] {logging_mixin.py:190} INFO - [2024-10-03T13:17:48.172+0000] {dagbag.py:587} INFO - Filling up the DagBag from /home/airflow/.local/lib/python3.12/site-packages/airflow/example_dags/example_sensor_decorator.py
[2024-10-03T13:17:48.183+0000] {processor.py:925} INFO - DAG(s) 'example_sensor_decorator' retrieved from /home/airflow/.local/lib/python3.12/site-packages/airflow/example_dags/example_sensor_decorator.py
[2024-10-03T13:17:48.214+0000] {logging_mixin.py:190} INFO - [2024-10-03T13:17:48.213+0000] {dag.py:3229} INFO - Sync 1 DAGs
[2024-10-03T13:17:48.236+0000] {logging_mixin.py:190} INFO - [2024-10-03T13:17:48.235+0000] {dag.py:4156} INFO - Setting next_dagrun for example_sensor_decorator to None, run_after=None
[2024-10-03T13:17:48.328+0000] {processor.py:208} INFO - Processing /home/airflow/.local/lib/python3.12/site-packages/airflow/example_dags/example_sensor_decorator.py took 0.169 seconds
[2024-10-03T13:18:20.920+0000] {processor.py:186} INFO - Started process (PID=1066) to work on /home/airflow/.local/lib/python3.12/site-packages/airflow/example_dags/example_sensor_decorator.py
[2024-10-03T13:18:20.921+0000] {processor.py:914} INFO - Processing file /home/airflow/.local/lib/python3.12/site-packages/airflow/example_dags/example_sensor_decorator.py for tasks to queue
[2024-10-03T13:18:20.927+0000] {logging_mixin.py:190} INFO - [2024-10-03T13:18:20.926+0000] {dagbag.py:587} INFO - Filling up the DagBag from /home/airflow/.local/lib/python3.12/site-packages/airflow/example_dags/example_sensor_decorator.py
[2024-10-03T13:18:20.943+0000] {processor.py:925} INFO - DAG(s) 'example_sensor_decorator' retrieved from /home/airflow/.local/lib/python3.12/site-packages/airflow/example_dags/example_sensor_decorator.py
[2024-10-03T13:18:20.989+0000] {logging_mixin.py:190} INFO - [2024-10-03T13:18:20.989+0000] {dag.py:3229} INFO - Sync 1 DAGs
[2024-10-03T13:18:21.026+0000] {logging_mixin.py:190} INFO - [2024-10-03T13:18:21.025+0000] {dag.py:4156} INFO - Setting next_dagrun for example_sensor_decorator to None, run_after=None
[2024-10-03T13:18:21.129+0000] {processor.py:208} INFO - Processing /home/airflow/.local/lib/python3.12/site-packages/airflow/example_dags/example_sensor_decorator.py took 0.225 seconds
