[2024-10-03T13:10:22.743+0000] {processor.py:186} INFO - Started process (PID=123) to work on /home/airflow/.local/lib/python3.12/site-packages/airflow/example_dags/example_branch_labels.py
[2024-10-03T13:10:22.748+0000] {processor.py:914} INFO - Processing file /home/airflow/.local/lib/python3.12/site-packages/airflow/example_dags/example_branch_labels.py for tasks to queue
[2024-10-03T13:10:22.766+0000] {logging_mixin.py:190} INFO - [2024-10-03T13:10:22.763+0000] {dagbag.py:587} INFO - Filling up the DagBag from /home/airflow/.local/lib/python3.12/site-packages/airflow/example_dags/example_branch_labels.py
[2024-10-03T13:10:22.825+0000] {processor.py:925} INFO - DAG(s) 'example_branch_labels' retrieved from /home/airflow/.local/lib/python3.12/site-packages/airflow/example_dags/example_branch_labels.py
[2024-10-03T13:10:22.895+0000] {logging_mixin.py:190} INFO - [2024-10-03T13:10:22.894+0000] {dag.py:3229} INFO - Sync 1 DAGs
[2024-10-03T13:10:22.950+0000] {logging_mixin.py:190} INFO - [2024-10-03T13:10:22.950+0000] {dag.py:4156} INFO - Setting next_dagrun for example_branch_labels to 2024-10-02 00:00:00+00:00, run_after=2024-10-03 00:00:00+00:00
[2024-10-03T13:10:23.151+0000] {processor.py:208} INFO - Processing /home/airflow/.local/lib/python3.12/site-packages/airflow/example_dags/example_branch_labels.py took 0.426 seconds
[2024-10-03T13:10:53.434+0000] {processor.py:186} INFO - Started process (PID=186) to work on /home/airflow/.local/lib/python3.12/site-packages/airflow/example_dags/example_branch_labels.py
[2024-10-03T13:10:53.513+0000] {processor.py:914} INFO - Processing file /home/airflow/.local/lib/python3.12/site-packages/airflow/example_dags/example_branch_labels.py for tasks to queue
[2024-10-03T13:10:53.517+0000] {logging_mixin.py:190} INFO - [2024-10-03T13:10:53.517+0000] {dagbag.py:587} INFO - Filling up the DagBag from /home/airflow/.local/lib/python3.12/site-packages/airflow/example_dags/example_branch_labels.py
[2024-10-03T13:10:53.537+0000] {processor.py:925} INFO - DAG(s) 'example_branch_labels' retrieved from /home/airflow/.local/lib/python3.12/site-packages/airflow/example_dags/example_branch_labels.py
[2024-10-03T13:10:53.564+0000] {logging_mixin.py:190} INFO - [2024-10-03T13:10:53.564+0000] {dag.py:3229} INFO - Sync 1 DAGs
[2024-10-03T13:10:53.601+0000] {logging_mixin.py:190} INFO - [2024-10-03T13:10:53.601+0000] {dag.py:4156} INFO - Setting next_dagrun for example_branch_labels to 2024-10-02 00:00:00+00:00, run_after=2024-10-03 00:00:00+00:00
[2024-10-03T13:10:53.709+0000] {processor.py:208} INFO - Processing /home/airflow/.local/lib/python3.12/site-packages/airflow/example_dags/example_branch_labels.py took 0.281 seconds
[2024-10-03T13:11:26.035+0000] {processor.py:186} INFO - Started process (PID=249) to work on /home/airflow/.local/lib/python3.12/site-packages/airflow/example_dags/example_branch_labels.py
[2024-10-03T13:11:26.038+0000] {processor.py:914} INFO - Processing file /home/airflow/.local/lib/python3.12/site-packages/airflow/example_dags/example_branch_labels.py for tasks to queue
[2024-10-03T13:11:26.043+0000] {logging_mixin.py:190} INFO - [2024-10-03T13:11:26.042+0000] {dagbag.py:587} INFO - Filling up the DagBag from /home/airflow/.local/lib/python3.12/site-packages/airflow/example_dags/example_branch_labels.py
[2024-10-03T13:11:26.064+0000] {processor.py:925} INFO - DAG(s) 'example_branch_labels' retrieved from /home/airflow/.local/lib/python3.12/site-packages/airflow/example_dags/example_branch_labels.py
[2024-10-03T13:11:26.115+0000] {logging_mixin.py:190} INFO - [2024-10-03T13:11:26.115+0000] {dag.py:3229} INFO - Sync 1 DAGs
[2024-10-03T13:11:26.163+0000] {logging_mixin.py:190} INFO - [2024-10-03T13:11:26.163+0000] {dag.py:4156} INFO - Setting next_dagrun for example_branch_labels to 2024-10-02 00:00:00+00:00, run_after=2024-10-03 00:00:00+00:00
[2024-10-03T13:11:26.230+0000] {processor.py:208} INFO - Processing /home/airflow/.local/lib/python3.12/site-packages/airflow/example_dags/example_branch_labels.py took 0.218 seconds
[2024-10-03T13:12:05.056+0000] {processor.py:186} INFO - Started process (PID=317) to work on /home/airflow/.local/lib/python3.12/site-packages/airflow/example_dags/example_branch_labels.py
[2024-10-03T13:12:05.059+0000] {processor.py:914} INFO - Processing file /home/airflow/.local/lib/python3.12/site-packages/airflow/example_dags/example_branch_labels.py for tasks to queue
[2024-10-03T13:12:05.063+0000] {logging_mixin.py:190} INFO - [2024-10-03T13:12:05.063+0000] {dagbag.py:587} INFO - Filling up the DagBag from /home/airflow/.local/lib/python3.12/site-packages/airflow/example_dags/example_branch_labels.py
[2024-10-03T13:12:05.101+0000] {processor.py:925} INFO - DAG(s) 'example_branch_labels' retrieved from /home/airflow/.local/lib/python3.12/site-packages/airflow/example_dags/example_branch_labels.py
[2024-10-03T13:12:05.504+0000] {logging_mixin.py:190} INFO - [2024-10-03T13:12:05.503+0000] {dag.py:3229} INFO - Sync 1 DAGs
[2024-10-03T13:12:05.562+0000] {logging_mixin.py:190} INFO - [2024-10-03T13:12:05.562+0000] {dag.py:4156} INFO - Setting next_dagrun for example_branch_labels to 2024-10-02 00:00:00+00:00, run_after=2024-10-03 00:00:00+00:00
[2024-10-03T13:12:06.107+0000] {processor.py:208} INFO - Processing /home/airflow/.local/lib/python3.12/site-packages/airflow/example_dags/example_branch_labels.py took 1.068 seconds
[2024-10-03T13:12:37.385+0000] {processor.py:186} INFO - Started process (PID=383) to work on /home/airflow/.local/lib/python3.12/site-packages/airflow/example_dags/example_branch_labels.py
[2024-10-03T13:12:37.388+0000] {processor.py:914} INFO - Processing file /home/airflow/.local/lib/python3.12/site-packages/airflow/example_dags/example_branch_labels.py for tasks to queue
[2024-10-03T13:12:37.412+0000] {logging_mixin.py:190} INFO - [2024-10-03T13:12:37.410+0000] {dagbag.py:587} INFO - Filling up the DagBag from /home/airflow/.local/lib/python3.12/site-packages/airflow/example_dags/example_branch_labels.py
[2024-10-03T13:12:37.475+0000] {processor.py:925} INFO - DAG(s) 'example_branch_labels' retrieved from /home/airflow/.local/lib/python3.12/site-packages/airflow/example_dags/example_branch_labels.py
[2024-10-03T13:12:37.533+0000] {logging_mixin.py:190} INFO - [2024-10-03T13:12:37.532+0000] {dag.py:3229} INFO - Sync 1 DAGs
[2024-10-03T13:12:37.627+0000] {logging_mixin.py:190} INFO - [2024-10-03T13:12:37.626+0000] {dag.py:4156} INFO - Setting next_dagrun for example_branch_labels to 2024-10-02 00:00:00+00:00, run_after=2024-10-03 00:00:00+00:00
[2024-10-03T13:12:37.896+0000] {processor.py:208} INFO - Processing /home/airflow/.local/lib/python3.12/site-packages/airflow/example_dags/example_branch_labels.py took 0.532 seconds
[2024-10-03T13:13:08.769+0000] {processor.py:186} INFO - Started process (PID=446) to work on /home/airflow/.local/lib/python3.12/site-packages/airflow/example_dags/example_branch_labels.py
[2024-10-03T13:13:08.771+0000] {processor.py:914} INFO - Processing file /home/airflow/.local/lib/python3.12/site-packages/airflow/example_dags/example_branch_labels.py for tasks to queue
[2024-10-03T13:13:08.774+0000] {logging_mixin.py:190} INFO - [2024-10-03T13:13:08.774+0000] {dagbag.py:587} INFO - Filling up the DagBag from /home/airflow/.local/lib/python3.12/site-packages/airflow/example_dags/example_branch_labels.py
[2024-10-03T13:13:08.788+0000] {processor.py:925} INFO - DAG(s) 'example_branch_labels' retrieved from /home/airflow/.local/lib/python3.12/site-packages/airflow/example_dags/example_branch_labels.py
[2024-10-03T13:13:08.830+0000] {logging_mixin.py:190} INFO - [2024-10-03T13:13:08.830+0000] {dag.py:3229} INFO - Sync 1 DAGs
[2024-10-03T13:13:08.875+0000] {logging_mixin.py:190} INFO - [2024-10-03T13:13:08.874+0000] {dag.py:4156} INFO - Setting next_dagrun for example_branch_labels to 2024-10-02 00:00:00+00:00, run_after=2024-10-03 00:00:00+00:00
[2024-10-03T13:13:09.067+0000] {processor.py:208} INFO - Processing /home/airflow/.local/lib/python3.12/site-packages/airflow/example_dags/example_branch_labels.py took 0.306 seconds
[2024-10-03T13:13:39.357+0000] {processor.py:186} INFO - Started process (PID=509) to work on /home/airflow/.local/lib/python3.12/site-packages/airflow/example_dags/example_branch_labels.py
[2024-10-03T13:13:39.359+0000] {processor.py:914} INFO - Processing file /home/airflow/.local/lib/python3.12/site-packages/airflow/example_dags/example_branch_labels.py for tasks to queue
[2024-10-03T13:13:39.363+0000] {logging_mixin.py:190} INFO - [2024-10-03T13:13:39.363+0000] {dagbag.py:587} INFO - Filling up the DagBag from /home/airflow/.local/lib/python3.12/site-packages/airflow/example_dags/example_branch_labels.py
[2024-10-03T13:13:39.379+0000] {processor.py:925} INFO - DAG(s) 'example_branch_labels' retrieved from /home/airflow/.local/lib/python3.12/site-packages/airflow/example_dags/example_branch_labels.py
[2024-10-03T13:13:39.418+0000] {logging_mixin.py:190} INFO - [2024-10-03T13:13:39.417+0000] {dag.py:3229} INFO - Sync 1 DAGs
[2024-10-03T13:13:39.470+0000] {logging_mixin.py:190} INFO - [2024-10-03T13:13:39.469+0000] {dag.py:4156} INFO - Setting next_dagrun for example_branch_labels to 2024-10-02 00:00:00+00:00, run_after=2024-10-03 00:00:00+00:00
[2024-10-03T13:13:39.612+0000] {processor.py:208} INFO - Processing /home/airflow/.local/lib/python3.12/site-packages/airflow/example_dags/example_branch_labels.py took 0.268 seconds
[2024-10-03T13:14:12.036+0000] {processor.py:186} INFO - Started process (PID=572) to work on /home/airflow/.local/lib/python3.12/site-packages/airflow/example_dags/example_branch_labels.py
[2024-10-03T13:14:12.037+0000] {processor.py:914} INFO - Processing file /home/airflow/.local/lib/python3.12/site-packages/airflow/example_dags/example_branch_labels.py for tasks to queue
[2024-10-03T13:14:12.041+0000] {logging_mixin.py:190} INFO - [2024-10-03T13:14:12.040+0000] {dagbag.py:587} INFO - Filling up the DagBag from /home/airflow/.local/lib/python3.12/site-packages/airflow/example_dags/example_branch_labels.py
[2024-10-03T13:14:12.060+0000] {processor.py:925} INFO - DAG(s) 'example_branch_labels' retrieved from /home/airflow/.local/lib/python3.12/site-packages/airflow/example_dags/example_branch_labels.py
[2024-10-03T13:14:12.097+0000] {logging_mixin.py:190} INFO - [2024-10-03T13:14:12.097+0000] {dag.py:3229} INFO - Sync 1 DAGs
[2024-10-03T13:14:12.139+0000] {logging_mixin.py:190} INFO - [2024-10-03T13:14:12.139+0000] {dag.py:4156} INFO - Setting next_dagrun for example_branch_labels to 2024-10-02 00:00:00+00:00, run_after=2024-10-03 00:00:00+00:00
[2024-10-03T13:14:13.450+0000] {processor.py:208} INFO - Processing /home/airflow/.local/lib/python3.12/site-packages/airflow/example_dags/example_branch_labels.py took 1.422 seconds
[2024-10-03T13:14:45.092+0000] {processor.py:186} INFO - Started process (PID=636) to work on /home/airflow/.local/lib/python3.12/site-packages/airflow/example_dags/example_branch_labels.py
[2024-10-03T13:14:45.094+0000] {processor.py:914} INFO - Processing file /home/airflow/.local/lib/python3.12/site-packages/airflow/example_dags/example_branch_labels.py for tasks to queue
[2024-10-03T13:14:45.097+0000] {logging_mixin.py:190} INFO - [2024-10-03T13:14:45.097+0000] {dagbag.py:587} INFO - Filling up the DagBag from /home/airflow/.local/lib/python3.12/site-packages/airflow/example_dags/example_branch_labels.py
[2024-10-03T13:14:45.113+0000] {processor.py:925} INFO - DAG(s) 'example_branch_labels' retrieved from /home/airflow/.local/lib/python3.12/site-packages/airflow/example_dags/example_branch_labels.py
[2024-10-03T13:14:45.146+0000] {logging_mixin.py:190} INFO - [2024-10-03T13:14:45.146+0000] {dag.py:3229} INFO - Sync 1 DAGs
[2024-10-03T13:14:45.186+0000] {logging_mixin.py:190} INFO - [2024-10-03T13:14:45.185+0000] {dag.py:4156} INFO - Setting next_dagrun for example_branch_labels to 2024-10-02 00:00:00+00:00, run_after=2024-10-03 00:00:00+00:00
[2024-10-03T13:14:45.821+0000] {processor.py:208} INFO - Processing /home/airflow/.local/lib/python3.12/site-packages/airflow/example_dags/example_branch_labels.py took 0.736 seconds
[2024-10-03T13:15:16.458+0000] {processor.py:186} INFO - Started process (PID=699) to work on /home/airflow/.local/lib/python3.12/site-packages/airflow/example_dags/example_branch_labels.py
[2024-10-03T13:15:16.460+0000] {processor.py:914} INFO - Processing file /home/airflow/.local/lib/python3.12/site-packages/airflow/example_dags/example_branch_labels.py for tasks to queue
[2024-10-03T13:15:16.463+0000] {logging_mixin.py:190} INFO - [2024-10-03T13:15:16.463+0000] {dagbag.py:587} INFO - Filling up the DagBag from /home/airflow/.local/lib/python3.12/site-packages/airflow/example_dags/example_branch_labels.py
[2024-10-03T13:15:16.480+0000] {processor.py:925} INFO - DAG(s) 'example_branch_labels' retrieved from /home/airflow/.local/lib/python3.12/site-packages/airflow/example_dags/example_branch_labels.py
[2024-10-03T13:15:16.528+0000] {logging_mixin.py:190} INFO - [2024-10-03T13:15:16.527+0000] {dag.py:3229} INFO - Sync 1 DAGs
[2024-10-03T13:15:16.578+0000] {logging_mixin.py:190} INFO - [2024-10-03T13:15:16.577+0000] {dag.py:4156} INFO - Setting next_dagrun for example_branch_labels to 2024-10-02 00:00:00+00:00, run_after=2024-10-03 00:00:00+00:00
[2024-10-03T13:15:16.717+0000] {processor.py:208} INFO - Processing /home/airflow/.local/lib/python3.12/site-packages/airflow/example_dags/example_branch_labels.py took 0.269 seconds
[2024-10-03T13:15:47.668+0000] {processor.py:186} INFO - Started process (PID=763) to work on /home/airflow/.local/lib/python3.12/site-packages/airflow/example_dags/example_branch_labels.py
[2024-10-03T13:15:47.669+0000] {processor.py:914} INFO - Processing file /home/airflow/.local/lib/python3.12/site-packages/airflow/example_dags/example_branch_labels.py for tasks to queue
[2024-10-03T13:15:47.673+0000] {logging_mixin.py:190} INFO - [2024-10-03T13:15:47.672+0000] {dagbag.py:587} INFO - Filling up the DagBag from /home/airflow/.local/lib/python3.12/site-packages/airflow/example_dags/example_branch_labels.py
[2024-10-03T13:15:47.687+0000] {processor.py:925} INFO - DAG(s) 'example_branch_labels' retrieved from /home/airflow/.local/lib/python3.12/site-packages/airflow/example_dags/example_branch_labels.py
[2024-10-03T13:15:47.718+0000] {logging_mixin.py:190} INFO - [2024-10-03T13:15:47.717+0000] {dag.py:3229} INFO - Sync 1 DAGs
[2024-10-03T13:15:47.754+0000] {logging_mixin.py:190} INFO - [2024-10-03T13:15:47.754+0000] {dag.py:4156} INFO - Setting next_dagrun for example_branch_labels to 2024-10-02 00:00:00+00:00, run_after=2024-10-03 00:00:00+00:00
[2024-10-03T13:15:47.877+0000] {processor.py:208} INFO - Processing /home/airflow/.local/lib/python3.12/site-packages/airflow/example_dags/example_branch_labels.py took 0.217 seconds
[2024-10-03T13:16:18.459+0000] {processor.py:186} INFO - Started process (PID=826) to work on /home/airflow/.local/lib/python3.12/site-packages/airflow/example_dags/example_branch_labels.py
[2024-10-03T13:16:18.461+0000] {processor.py:914} INFO - Processing file /home/airflow/.local/lib/python3.12/site-packages/airflow/example_dags/example_branch_labels.py for tasks to queue
[2024-10-03T13:16:18.465+0000] {logging_mixin.py:190} INFO - [2024-10-03T13:16:18.465+0000] {dagbag.py:587} INFO - Filling up the DagBag from /home/airflow/.local/lib/python3.12/site-packages/airflow/example_dags/example_branch_labels.py
[2024-10-03T13:16:18.482+0000] {processor.py:925} INFO - DAG(s) 'example_branch_labels' retrieved from /home/airflow/.local/lib/python3.12/site-packages/airflow/example_dags/example_branch_labels.py
[2024-10-03T13:16:18.524+0000] {logging_mixin.py:190} INFO - [2024-10-03T13:16:18.524+0000] {dag.py:3229} INFO - Sync 1 DAGs
[2024-10-03T13:16:18.565+0000] {logging_mixin.py:190} INFO - [2024-10-03T13:16:18.564+0000] {dag.py:4156} INFO - Setting next_dagrun for example_branch_labels to 2024-10-02 00:00:00+00:00, run_after=2024-10-03 00:00:00+00:00
[2024-10-03T13:16:18.623+0000] {processor.py:208} INFO - Processing /home/airflow/.local/lib/python3.12/site-packages/airflow/example_dags/example_branch_labels.py took 0.173 seconds
[2024-10-03T13:16:49.356+0000] {processor.py:186} INFO - Started process (PID=889) to work on /home/airflow/.local/lib/python3.12/site-packages/airflow/example_dags/example_branch_labels.py
[2024-10-03T13:16:49.357+0000] {processor.py:914} INFO - Processing file /home/airflow/.local/lib/python3.12/site-packages/airflow/example_dags/example_branch_labels.py for tasks to queue
[2024-10-03T13:16:49.362+0000] {logging_mixin.py:190} INFO - [2024-10-03T13:16:49.361+0000] {dagbag.py:587} INFO - Filling up the DagBag from /home/airflow/.local/lib/python3.12/site-packages/airflow/example_dags/example_branch_labels.py
[2024-10-03T13:16:49.378+0000] {processor.py:925} INFO - DAG(s) 'example_branch_labels' retrieved from /home/airflow/.local/lib/python3.12/site-packages/airflow/example_dags/example_branch_labels.py
[2024-10-03T13:16:49.434+0000] {logging_mixin.py:190} INFO - [2024-10-03T13:16:49.433+0000] {dag.py:3229} INFO - Sync 1 DAGs
[2024-10-03T13:16:49.481+0000] {logging_mixin.py:190} INFO - [2024-10-03T13:16:49.481+0000] {dag.py:4156} INFO - Setting next_dagrun for example_branch_labels to 2024-10-02 00:00:00+00:00, run_after=2024-10-03 00:00:00+00:00
[2024-10-03T13:16:49.613+0000] {processor.py:208} INFO - Processing /home/airflow/.local/lib/python3.12/site-packages/airflow/example_dags/example_branch_labels.py took 0.267 seconds
[2024-10-03T13:17:19.681+0000] {processor.py:186} INFO - Started process (PID=952) to work on /home/airflow/.local/lib/python3.12/site-packages/airflow/example_dags/example_branch_labels.py
[2024-10-03T13:17:19.683+0000] {processor.py:914} INFO - Processing file /home/airflow/.local/lib/python3.12/site-packages/airflow/example_dags/example_branch_labels.py for tasks to queue
[2024-10-03T13:17:19.687+0000] {logging_mixin.py:190} INFO - [2024-10-03T13:17:19.686+0000] {dagbag.py:587} INFO - Filling up the DagBag from /home/airflow/.local/lib/python3.12/site-packages/airflow/example_dags/example_branch_labels.py
[2024-10-03T13:17:19.707+0000] {processor.py:925} INFO - DAG(s) 'example_branch_labels' retrieved from /home/airflow/.local/lib/python3.12/site-packages/airflow/example_dags/example_branch_labels.py
[2024-10-03T13:17:19.751+0000] {logging_mixin.py:190} INFO - [2024-10-03T13:17:19.750+0000] {dag.py:3229} INFO - Sync 1 DAGs
[2024-10-03T13:17:19.815+0000] {logging_mixin.py:190} INFO - [2024-10-03T13:17:19.814+0000] {dag.py:4156} INFO - Setting next_dagrun for example_branch_labels to 2024-10-02 00:00:00+00:00, run_after=2024-10-03 00:00:00+00:00
[2024-10-03T13:17:19.906+0000] {processor.py:208} INFO - Processing /home/airflow/.local/lib/python3.12/site-packages/airflow/example_dags/example_branch_labels.py took 0.237 seconds
[2024-10-03T13:17:51.475+0000] {processor.py:186} INFO - Started process (PID=1015) to work on /home/airflow/.local/lib/python3.12/site-packages/airflow/example_dags/example_branch_labels.py
[2024-10-03T13:17:51.477+0000] {processor.py:914} INFO - Processing file /home/airflow/.local/lib/python3.12/site-packages/airflow/example_dags/example_branch_labels.py for tasks to queue
[2024-10-03T13:17:51.483+0000] {logging_mixin.py:190} INFO - [2024-10-03T13:17:51.482+0000] {dagbag.py:587} INFO - Filling up the DagBag from /home/airflow/.local/lib/python3.12/site-packages/airflow/example_dags/example_branch_labels.py
[2024-10-03T13:17:51.501+0000] {processor.py:925} INFO - DAG(s) 'example_branch_labels' retrieved from /home/airflow/.local/lib/python3.12/site-packages/airflow/example_dags/example_branch_labels.py
[2024-10-03T13:17:51.538+0000] {logging_mixin.py:190} INFO - [2024-10-03T13:17:51.537+0000] {dag.py:3229} INFO - Sync 1 DAGs
[2024-10-03T13:17:51.595+0000] {logging_mixin.py:190} INFO - [2024-10-03T13:17:51.594+0000] {dag.py:4156} INFO - Setting next_dagrun for example_branch_labels to 2024-10-02 00:00:00+00:00, run_after=2024-10-03 00:00:00+00:00
[2024-10-03T13:17:51.674+0000] {processor.py:208} INFO - Processing /home/airflow/.local/lib/python3.12/site-packages/airflow/example_dags/example_branch_labels.py took 0.210 seconds
[2024-10-03T13:18:22.796+0000] {processor.py:186} INFO - Started process (PID=1078) to work on /home/airflow/.local/lib/python3.12/site-packages/airflow/example_dags/example_branch_labels.py
[2024-10-03T13:18:22.797+0000] {processor.py:914} INFO - Processing file /home/airflow/.local/lib/python3.12/site-packages/airflow/example_dags/example_branch_labels.py for tasks to queue
[2024-10-03T13:18:22.802+0000] {logging_mixin.py:190} INFO - [2024-10-03T13:18:22.801+0000] {dagbag.py:587} INFO - Filling up the DagBag from /home/airflow/.local/lib/python3.12/site-packages/airflow/example_dags/example_branch_labels.py
[2024-10-03T13:18:22.818+0000] {processor.py:925} INFO - DAG(s) 'example_branch_labels' retrieved from /home/airflow/.local/lib/python3.12/site-packages/airflow/example_dags/example_branch_labels.py
[2024-10-03T13:18:22.844+0000] {logging_mixin.py:190} INFO - [2024-10-03T13:18:22.844+0000] {dag.py:3229} INFO - Sync 1 DAGs
[2024-10-03T13:18:22.884+0000] {logging_mixin.py:190} INFO - [2024-10-03T13:18:22.884+0000] {dag.py:4156} INFO - Setting next_dagrun for example_branch_labels to 2024-10-02 00:00:00+00:00, run_after=2024-10-03 00:00:00+00:00
[2024-10-03T13:18:23.196+0000] {processor.py:208} INFO - Processing /home/airflow/.local/lib/python3.12/site-packages/airflow/example_dags/example_branch_labels.py took 0.407 seconds
