[2024-10-03T13:10:18.433+0000] {processor.py:186} INFO - Started process (PID=105) to work on /home/airflow/.local/lib/python3.12/site-packages/airflow/example_dags/example_sla_dag.py
[2024-10-03T13:10:18.434+0000] {processor.py:914} INFO - Processing file /home/airflow/.local/lib/python3.12/site-packages/airflow/example_dags/example_sla_dag.py for tasks to queue
[2024-10-03T13:10:18.438+0000] {logging_mixin.py:190} INFO - [2024-10-03T13:10:18.437+0000] {dagbag.py:587} INFO - Filling up the DagBag from /home/airflow/.local/lib/python3.12/site-packages/airflow/example_dags/example_sla_dag.py
[2024-10-03T13:10:18.451+0000] {processor.py:925} INFO - DAG(s) 'example_sla_dag' retrieved from /home/airflow/.local/lib/python3.12/site-packages/airflow/example_dags/example_sla_dag.py
[2024-10-03T13:10:18.488+0000] {logging_mixin.py:190} INFO - [2024-10-03T13:10:18.488+0000] {dag.py:3229} INFO - Sync 1 DAGs
[2024-10-03T13:10:18.534+0000] {logging_mixin.py:190} INFO - [2024-10-03T13:10:18.533+0000] {dag.py:4156} INFO - Setting next_dagrun for example_sla_dag to 2024-10-03 13:08:00+00:00, run_after=2024-10-03 13:10:00+00:00
[2024-10-03T13:10:18.607+0000] {processor.py:208} INFO - Processing /home/airflow/.local/lib/python3.12/site-packages/airflow/example_dags/example_sla_dag.py took 0.183 seconds
[2024-10-03T13:10:49.372+0000] {processor.py:186} INFO - Started process (PID=168) to work on /home/airflow/.local/lib/python3.12/site-packages/airflow/example_dags/example_sla_dag.py
[2024-10-03T13:10:49.375+0000] {processor.py:914} INFO - Processing file /home/airflow/.local/lib/python3.12/site-packages/airflow/example_dags/example_sla_dag.py for tasks to queue
[2024-10-03T13:10:49.379+0000] {logging_mixin.py:190} INFO - [2024-10-03T13:10:49.379+0000] {dagbag.py:587} INFO - Filling up the DagBag from /home/airflow/.local/lib/python3.12/site-packages/airflow/example_dags/example_sla_dag.py
[2024-10-03T13:10:49.393+0000] {processor.py:925} INFO - DAG(s) 'example_sla_dag' retrieved from /home/airflow/.local/lib/python3.12/site-packages/airflow/example_dags/example_sla_dag.py
[2024-10-03T13:10:49.425+0000] {logging_mixin.py:190} INFO - [2024-10-03T13:10:49.424+0000] {dag.py:3229} INFO - Sync 1 DAGs
[2024-10-03T13:10:49.479+0000] {logging_mixin.py:190} INFO - [2024-10-03T13:10:49.479+0000] {dag.py:4156} INFO - Setting next_dagrun for example_sla_dag to 2024-10-03 13:08:00+00:00, run_after=2024-10-03 13:10:00+00:00
[2024-10-03T13:10:49.581+0000] {processor.py:208} INFO - Processing /home/airflow/.local/lib/python3.12/site-packages/airflow/example_dags/example_sla_dag.py took 0.219 seconds
[2024-10-03T13:11:19.748+0000] {processor.py:186} INFO - Started process (PID=231) to work on /home/airflow/.local/lib/python3.12/site-packages/airflow/example_dags/example_sla_dag.py
[2024-10-03T13:11:19.750+0000] {processor.py:914} INFO - Processing file /home/airflow/.local/lib/python3.12/site-packages/airflow/example_dags/example_sla_dag.py for tasks to queue
[2024-10-03T13:11:19.754+0000] {logging_mixin.py:190} INFO - [2024-10-03T13:11:19.753+0000] {dagbag.py:587} INFO - Filling up the DagBag from /home/airflow/.local/lib/python3.12/site-packages/airflow/example_dags/example_sla_dag.py
[2024-10-03T13:11:19.768+0000] {processor.py:925} INFO - DAG(s) 'example_sla_dag' retrieved from /home/airflow/.local/lib/python3.12/site-packages/airflow/example_dags/example_sla_dag.py
[2024-10-03T13:11:19.798+0000] {logging_mixin.py:190} INFO - [2024-10-03T13:11:19.798+0000] {dag.py:3229} INFO - Sync 1 DAGs
[2024-10-03T13:11:19.843+0000] {logging_mixin.py:190} INFO - [2024-10-03T13:11:19.843+0000] {dag.py:4156} INFO - Setting next_dagrun for example_sla_dag to 2024-10-03 13:08:00+00:00, run_after=2024-10-03 13:10:00+00:00
[2024-10-03T13:11:19.922+0000] {processor.py:208} INFO - Processing /home/airflow/.local/lib/python3.12/site-packages/airflow/example_dags/example_sla_dag.py took 0.183 seconds
[2024-10-03T13:11:58.060+0000] {processor.py:186} INFO - Started process (PID=294) to work on /home/airflow/.local/lib/python3.12/site-packages/airflow/example_dags/example_sla_dag.py
[2024-10-03T13:11:58.062+0000] {processor.py:914} INFO - Processing file /home/airflow/.local/lib/python3.12/site-packages/airflow/example_dags/example_sla_dag.py for tasks to queue
[2024-10-03T13:11:58.066+0000] {logging_mixin.py:190} INFO - [2024-10-03T13:11:58.065+0000] {dagbag.py:587} INFO - Filling up the DagBag from /home/airflow/.local/lib/python3.12/site-packages/airflow/example_dags/example_sla_dag.py
[2024-10-03T13:11:58.085+0000] {processor.py:925} INFO - DAG(s) 'example_sla_dag' retrieved from /home/airflow/.local/lib/python3.12/site-packages/airflow/example_dags/example_sla_dag.py
[2024-10-03T13:11:58.116+0000] {logging_mixin.py:190} INFO - [2024-10-03T13:11:58.116+0000] {dag.py:3229} INFO - Sync 1 DAGs
[2024-10-03T13:11:58.160+0000] {logging_mixin.py:190} INFO - [2024-10-03T13:11:58.160+0000] {dag.py:4156} INFO - Setting next_dagrun for example_sla_dag to 2024-10-03 13:08:00+00:00, run_after=2024-10-03 13:10:00+00:00
[2024-10-03T13:11:58.339+0000] {processor.py:208} INFO - Processing /home/airflow/.local/lib/python3.12/site-packages/airflow/example_dags/example_sla_dag.py took 0.287 seconds
[2024-10-03T13:12:29.181+0000] {processor.py:186} INFO - Started process (PID=356) to work on /home/airflow/.local/lib/python3.12/site-packages/airflow/example_dags/example_sla_dag.py
[2024-10-03T13:12:29.183+0000] {processor.py:914} INFO - Processing file /home/airflow/.local/lib/python3.12/site-packages/airflow/example_dags/example_sla_dag.py for tasks to queue
[2024-10-03T13:12:29.189+0000] {logging_mixin.py:190} INFO - [2024-10-03T13:12:29.188+0000] {dagbag.py:587} INFO - Filling up the DagBag from /home/airflow/.local/lib/python3.12/site-packages/airflow/example_dags/example_sla_dag.py
[2024-10-03T13:12:29.217+0000] {processor.py:925} INFO - DAG(s) 'example_sla_dag' retrieved from /home/airflow/.local/lib/python3.12/site-packages/airflow/example_dags/example_sla_dag.py
[2024-10-03T13:12:29.249+0000] {logging_mixin.py:190} INFO - [2024-10-03T13:12:29.249+0000] {dag.py:3229} INFO - Sync 1 DAGs
[2024-10-03T13:12:29.305+0000] {logging_mixin.py:190} INFO - [2024-10-03T13:12:29.304+0000] {dag.py:4156} INFO - Setting next_dagrun for example_sla_dag to 2024-10-03 13:10:00+00:00, run_after=2024-10-03 13:12:00+00:00
[2024-10-03T13:12:29.407+0000] {processor.py:208} INFO - Processing /home/airflow/.local/lib/python3.12/site-packages/airflow/example_dags/example_sla_dag.py took 0.238 seconds
[2024-10-03T13:13:00.264+0000] {processor.py:186} INFO - Started process (PID=425) to work on /home/airflow/.local/lib/python3.12/site-packages/airflow/example_dags/example_sla_dag.py
[2024-10-03T13:13:00.266+0000] {processor.py:914} INFO - Processing file /home/airflow/.local/lib/python3.12/site-packages/airflow/example_dags/example_sla_dag.py for tasks to queue
[2024-10-03T13:13:00.273+0000] {logging_mixin.py:190} INFO - [2024-10-03T13:13:00.272+0000] {dagbag.py:587} INFO - Filling up the DagBag from /home/airflow/.local/lib/python3.12/site-packages/airflow/example_dags/example_sla_dag.py
[2024-10-03T13:13:00.297+0000] {processor.py:925} INFO - DAG(s) 'example_sla_dag' retrieved from /home/airflow/.local/lib/python3.12/site-packages/airflow/example_dags/example_sla_dag.py
[2024-10-03T13:13:00.333+0000] {logging_mixin.py:190} INFO - [2024-10-03T13:13:00.333+0000] {dag.py:3229} INFO - Sync 1 DAGs
[2024-10-03T13:13:00.394+0000] {logging_mixin.py:190} INFO - [2024-10-03T13:13:00.393+0000] {dag.py:4156} INFO - Setting next_dagrun for example_sla_dag to 2024-10-03 13:10:00+00:00, run_after=2024-10-03 13:12:00+00:00
[2024-10-03T13:13:00.932+0000] {processor.py:208} INFO - Processing /home/airflow/.local/lib/python3.12/site-packages/airflow/example_dags/example_sla_dag.py took 0.691 seconds
[2024-10-03T13:13:33.117+0000] {processor.py:186} INFO - Started process (PID=488) to work on /home/airflow/.local/lib/python3.12/site-packages/airflow/example_dags/example_sla_dag.py
[2024-10-03T13:13:33.119+0000] {processor.py:914} INFO - Processing file /home/airflow/.local/lib/python3.12/site-packages/airflow/example_dags/example_sla_dag.py for tasks to queue
[2024-10-03T13:13:33.122+0000] {logging_mixin.py:190} INFO - [2024-10-03T13:13:33.121+0000] {dagbag.py:587} INFO - Filling up the DagBag from /home/airflow/.local/lib/python3.12/site-packages/airflow/example_dags/example_sla_dag.py
[2024-10-03T13:13:33.138+0000] {processor.py:925} INFO - DAG(s) 'example_sla_dag' retrieved from /home/airflow/.local/lib/python3.12/site-packages/airflow/example_dags/example_sla_dag.py
[2024-10-03T13:13:33.163+0000] {logging_mixin.py:190} INFO - [2024-10-03T13:13:33.163+0000] {dag.py:3229} INFO - Sync 1 DAGs
[2024-10-03T13:13:33.199+0000] {logging_mixin.py:190} INFO - [2024-10-03T13:13:33.199+0000] {dag.py:4156} INFO - Setting next_dagrun for example_sla_dag to 2024-10-03 13:10:00+00:00, run_after=2024-10-03 13:12:00+00:00
[2024-10-03T13:13:33.667+0000] {processor.py:208} INFO - Processing /home/airflow/.local/lib/python3.12/site-packages/airflow/example_dags/example_sla_dag.py took 0.557 seconds
[2024-10-03T13:14:04.567+0000] {processor.py:186} INFO - Started process (PID=551) to work on /home/airflow/.local/lib/python3.12/site-packages/airflow/example_dags/example_sla_dag.py
[2024-10-03T13:14:04.569+0000] {processor.py:914} INFO - Processing file /home/airflow/.local/lib/python3.12/site-packages/airflow/example_dags/example_sla_dag.py for tasks to queue
[2024-10-03T13:14:04.574+0000] {logging_mixin.py:190} INFO - [2024-10-03T13:14:04.573+0000] {dagbag.py:587} INFO - Filling up the DagBag from /home/airflow/.local/lib/python3.12/site-packages/airflow/example_dags/example_sla_dag.py
[2024-10-03T13:14:04.595+0000] {processor.py:925} INFO - DAG(s) 'example_sla_dag' retrieved from /home/airflow/.local/lib/python3.12/site-packages/airflow/example_dags/example_sla_dag.py
[2024-10-03T13:14:04.632+0000] {logging_mixin.py:190} INFO - [2024-10-03T13:14:04.632+0000] {dag.py:3229} INFO - Sync 1 DAGs
[2024-10-03T13:14:04.682+0000] {logging_mixin.py:190} INFO - [2024-10-03T13:14:04.682+0000] {dag.py:4156} INFO - Setting next_dagrun for example_sla_dag to 2024-10-03 13:12:00+00:00, run_after=2024-10-03 13:14:00+00:00
[2024-10-03T13:14:04.941+0000] {processor.py:208} INFO - Processing /home/airflow/.local/lib/python3.12/site-packages/airflow/example_dags/example_sla_dag.py took 0.383 seconds
[2024-10-03T13:14:37.128+0000] {processor.py:186} INFO - Started process (PID=614) to work on /home/airflow/.local/lib/python3.12/site-packages/airflow/example_dags/example_sla_dag.py
[2024-10-03T13:14:37.130+0000] {processor.py:914} INFO - Processing file /home/airflow/.local/lib/python3.12/site-packages/airflow/example_dags/example_sla_dag.py for tasks to queue
[2024-10-03T13:14:37.136+0000] {logging_mixin.py:190} INFO - [2024-10-03T13:14:37.136+0000] {dagbag.py:587} INFO - Filling up the DagBag from /home/airflow/.local/lib/python3.12/site-packages/airflow/example_dags/example_sla_dag.py
[2024-10-03T13:14:37.168+0000] {processor.py:925} INFO - DAG(s) 'example_sla_dag' retrieved from /home/airflow/.local/lib/python3.12/site-packages/airflow/example_dags/example_sla_dag.py
[2024-10-03T13:14:37.223+0000] {logging_mixin.py:190} INFO - [2024-10-03T13:14:37.222+0000] {dag.py:3229} INFO - Sync 1 DAGs
[2024-10-03T13:14:37.285+0000] {logging_mixin.py:190} INFO - [2024-10-03T13:14:37.285+0000] {dag.py:4156} INFO - Setting next_dagrun for example_sla_dag to 2024-10-03 13:12:00+00:00, run_after=2024-10-03 13:14:00+00:00
[2024-10-03T13:14:37.599+0000] {processor.py:208} INFO - Processing /home/airflow/.local/lib/python3.12/site-packages/airflow/example_dags/example_sla_dag.py took 0.489 seconds
[2024-10-03T13:15:07.911+0000] {processor.py:186} INFO - Started process (PID=677) to work on /home/airflow/.local/lib/python3.12/site-packages/airflow/example_dags/example_sla_dag.py
[2024-10-03T13:15:07.913+0000] {processor.py:914} INFO - Processing file /home/airflow/.local/lib/python3.12/site-packages/airflow/example_dags/example_sla_dag.py for tasks to queue
[2024-10-03T13:15:07.917+0000] {logging_mixin.py:190} INFO - [2024-10-03T13:15:07.916+0000] {dagbag.py:587} INFO - Filling up the DagBag from /home/airflow/.local/lib/python3.12/site-packages/airflow/example_dags/example_sla_dag.py
[2024-10-03T13:15:07.930+0000] {processor.py:925} INFO - DAG(s) 'example_sla_dag' retrieved from /home/airflow/.local/lib/python3.12/site-packages/airflow/example_dags/example_sla_dag.py
[2024-10-03T13:15:07.961+0000] {logging_mixin.py:190} INFO - [2024-10-03T13:15:07.961+0000] {dag.py:3229} INFO - Sync 1 DAGs
[2024-10-03T13:15:07.999+0000] {logging_mixin.py:190} INFO - [2024-10-03T13:15:07.999+0000] {dag.py:4156} INFO - Setting next_dagrun for example_sla_dag to 2024-10-03 13:12:00+00:00, run_after=2024-10-03 13:14:00+00:00
[2024-10-03T13:15:08.216+0000] {processor.py:208} INFO - Processing /home/airflow/.local/lib/python3.12/site-packages/airflow/example_dags/example_sla_dag.py took 0.314 seconds
[2024-10-03T13:15:39.199+0000] {processor.py:186} INFO - Started process (PID=740) to work on /home/airflow/.local/lib/python3.12/site-packages/airflow/example_dags/example_sla_dag.py
[2024-10-03T13:15:39.201+0000] {processor.py:914} INFO - Processing file /home/airflow/.local/lib/python3.12/site-packages/airflow/example_dags/example_sla_dag.py for tasks to queue
[2024-10-03T13:15:39.206+0000] {logging_mixin.py:190} INFO - [2024-10-03T13:15:39.205+0000] {dagbag.py:587} INFO - Filling up the DagBag from /home/airflow/.local/lib/python3.12/site-packages/airflow/example_dags/example_sla_dag.py
[2024-10-03T13:15:39.224+0000] {processor.py:925} INFO - DAG(s) 'example_sla_dag' retrieved from /home/airflow/.local/lib/python3.12/site-packages/airflow/example_dags/example_sla_dag.py
[2024-10-03T13:15:39.256+0000] {logging_mixin.py:190} INFO - [2024-10-03T13:15:39.255+0000] {dag.py:3229} INFO - Sync 1 DAGs
[2024-10-03T13:15:39.302+0000] {logging_mixin.py:190} INFO - [2024-10-03T13:15:39.302+0000] {dag.py:4156} INFO - Setting next_dagrun for example_sla_dag to 2024-10-03 13:12:00+00:00, run_after=2024-10-03 13:14:00+00:00
[2024-10-03T13:15:39.493+0000] {processor.py:208} INFO - Processing /home/airflow/.local/lib/python3.12/site-packages/airflow/example_dags/example_sla_dag.py took 0.302 seconds
[2024-10-03T13:16:12.160+0000] {processor.py:186} INFO - Started process (PID=803) to work on /home/airflow/.local/lib/python3.12/site-packages/airflow/example_dags/example_sla_dag.py
[2024-10-03T13:16:12.161+0000] {processor.py:914} INFO - Processing file /home/airflow/.local/lib/python3.12/site-packages/airflow/example_dags/example_sla_dag.py for tasks to queue
[2024-10-03T13:16:12.164+0000] {logging_mixin.py:190} INFO - [2024-10-03T13:16:12.164+0000] {dagbag.py:587} INFO - Filling up the DagBag from /home/airflow/.local/lib/python3.12/site-packages/airflow/example_dags/example_sla_dag.py
[2024-10-03T13:16:12.175+0000] {processor.py:925} INFO - DAG(s) 'example_sla_dag' retrieved from /home/airflow/.local/lib/python3.12/site-packages/airflow/example_dags/example_sla_dag.py
[2024-10-03T13:16:12.196+0000] {logging_mixin.py:190} INFO - [2024-10-03T13:16:12.195+0000] {dag.py:3229} INFO - Sync 1 DAGs
[2024-10-03T13:16:12.226+0000] {logging_mixin.py:190} INFO - [2024-10-03T13:16:12.225+0000] {dag.py:4156} INFO - Setting next_dagrun for example_sla_dag to 2024-10-03 13:14:00+00:00, run_after=2024-10-03 13:16:00+00:00
[2024-10-03T13:16:12.330+0000] {processor.py:208} INFO - Processing /home/airflow/.local/lib/python3.12/site-packages/airflow/example_dags/example_sla_dag.py took 0.175 seconds
[2024-10-03T13:16:42.496+0000] {processor.py:186} INFO - Started process (PID=866) to work on /home/airflow/.local/lib/python3.12/site-packages/airflow/example_dags/example_sla_dag.py
[2024-10-03T13:16:42.497+0000] {processor.py:914} INFO - Processing file /home/airflow/.local/lib/python3.12/site-packages/airflow/example_dags/example_sla_dag.py for tasks to queue
[2024-10-03T13:16:42.499+0000] {logging_mixin.py:190} INFO - [2024-10-03T13:16:42.499+0000] {dagbag.py:587} INFO - Filling up the DagBag from /home/airflow/.local/lib/python3.12/site-packages/airflow/example_dags/example_sla_dag.py
[2024-10-03T13:16:42.511+0000] {processor.py:925} INFO - DAG(s) 'example_sla_dag' retrieved from /home/airflow/.local/lib/python3.12/site-packages/airflow/example_dags/example_sla_dag.py
[2024-10-03T13:16:42.531+0000] {logging_mixin.py:190} INFO - [2024-10-03T13:16:42.531+0000] {dag.py:3229} INFO - Sync 1 DAGs
[2024-10-03T13:16:42.571+0000] {logging_mixin.py:190} INFO - [2024-10-03T13:16:42.571+0000] {dag.py:4156} INFO - Setting next_dagrun for example_sla_dag to 2024-10-03 13:14:00+00:00, run_after=2024-10-03 13:16:00+00:00
[2024-10-03T13:16:42.717+0000] {processor.py:208} INFO - Processing /home/airflow/.local/lib/python3.12/site-packages/airflow/example_dags/example_sla_dag.py took 0.228 seconds
[2024-10-03T13:17:12.817+0000] {processor.py:186} INFO - Started process (PID=929) to work on /home/airflow/.local/lib/python3.12/site-packages/airflow/example_dags/example_sla_dag.py
[2024-10-03T13:17:12.818+0000] {processor.py:914} INFO - Processing file /home/airflow/.local/lib/python3.12/site-packages/airflow/example_dags/example_sla_dag.py for tasks to queue
[2024-10-03T13:17:12.822+0000] {logging_mixin.py:190} INFO - [2024-10-03T13:17:12.821+0000] {dagbag.py:587} INFO - Filling up the DagBag from /home/airflow/.local/lib/python3.12/site-packages/airflow/example_dags/example_sla_dag.py
[2024-10-03T13:17:12.837+0000] {processor.py:925} INFO - DAG(s) 'example_sla_dag' retrieved from /home/airflow/.local/lib/python3.12/site-packages/airflow/example_dags/example_sla_dag.py
[2024-10-03T13:17:12.863+0000] {logging_mixin.py:190} INFO - [2024-10-03T13:17:12.863+0000] {dag.py:3229} INFO - Sync 1 DAGs
[2024-10-03T13:17:12.896+0000] {logging_mixin.py:190} INFO - [2024-10-03T13:17:12.896+0000] {dag.py:4156} INFO - Setting next_dagrun for example_sla_dag to 2024-10-03 13:14:00+00:00, run_after=2024-10-03 13:16:00+00:00
[2024-10-03T13:17:12.965+0000] {processor.py:208} INFO - Processing /home/airflow/.local/lib/python3.12/site-packages/airflow/example_dags/example_sla_dag.py took 0.156 seconds
[2024-10-03T13:17:43.953+0000] {processor.py:186} INFO - Started process (PID=992) to work on /home/airflow/.local/lib/python3.12/site-packages/airflow/example_dags/example_sla_dag.py
[2024-10-03T13:17:43.955+0000] {processor.py:914} INFO - Processing file /home/airflow/.local/lib/python3.12/site-packages/airflow/example_dags/example_sla_dag.py for tasks to queue
[2024-10-03T13:17:43.959+0000] {logging_mixin.py:190} INFO - [2024-10-03T13:17:43.958+0000] {dagbag.py:587} INFO - Filling up the DagBag from /home/airflow/.local/lib/python3.12/site-packages/airflow/example_dags/example_sla_dag.py
[2024-10-03T13:17:43.977+0000] {processor.py:925} INFO - DAG(s) 'example_sla_dag' retrieved from /home/airflow/.local/lib/python3.12/site-packages/airflow/example_dags/example_sla_dag.py
[2024-10-03T13:17:44.013+0000] {logging_mixin.py:190} INFO - [2024-10-03T13:17:44.011+0000] {dag.py:3229} INFO - Sync 1 DAGs
[2024-10-03T13:17:44.059+0000] {logging_mixin.py:190} INFO - [2024-10-03T13:17:44.059+0000] {dag.py:4156} INFO - Setting next_dagrun for example_sla_dag to 2024-10-03 13:14:00+00:00, run_after=2024-10-03 13:16:00+00:00
[2024-10-03T13:17:44.194+0000] {processor.py:208} INFO - Processing /home/airflow/.local/lib/python3.12/site-packages/airflow/example_dags/example_sla_dag.py took 0.256 seconds
[2024-10-03T13:18:14.438+0000] {processor.py:186} INFO - Started process (PID=1055) to work on /home/airflow/.local/lib/python3.12/site-packages/airflow/example_dags/example_sla_dag.py
[2024-10-03T13:18:14.439+0000] {processor.py:914} INFO - Processing file /home/airflow/.local/lib/python3.12/site-packages/airflow/example_dags/example_sla_dag.py for tasks to queue
[2024-10-03T13:18:14.444+0000] {logging_mixin.py:190} INFO - [2024-10-03T13:18:14.443+0000] {dagbag.py:587} INFO - Filling up the DagBag from /home/airflow/.local/lib/python3.12/site-packages/airflow/example_dags/example_sla_dag.py
[2024-10-03T13:18:14.462+0000] {processor.py:925} INFO - DAG(s) 'example_sla_dag' retrieved from /home/airflow/.local/lib/python3.12/site-packages/airflow/example_dags/example_sla_dag.py
[2024-10-03T13:18:14.496+0000] {logging_mixin.py:190} INFO - [2024-10-03T13:18:14.495+0000] {dag.py:3229} INFO - Sync 1 DAGs
[2024-10-03T13:18:14.543+0000] {logging_mixin.py:190} INFO - [2024-10-03T13:18:14.543+0000] {dag.py:4156} INFO - Setting next_dagrun for example_sla_dag to 2024-10-03 13:16:00+00:00, run_after=2024-10-03 13:18:00+00:00
[2024-10-03T13:18:14.631+0000] {processor.py:208} INFO - Processing /home/airflow/.local/lib/python3.12/site-packages/airflow/example_dags/example_sla_dag.py took 0.202 seconds
