[2024-10-03T13:10:15.193+0000] {processor.py:186} INFO - Started process (PID=89) to work on /home/airflow/.local/lib/python3.12/site-packages/airflow/example_dags/example_outlet_event_extra.py
[2024-10-03T13:10:15.194+0000] {processor.py:914} INFO - Processing file /home/airflow/.local/lib/python3.12/site-packages/airflow/example_dags/example_outlet_event_extra.py for tasks to queue
[2024-10-03T13:10:15.197+0000] {logging_mixin.py:190} INFO - [2024-10-03T13:10:15.197+0000] {dagbag.py:587} INFO - Filling up the DagBag from /home/airflow/.local/lib/python3.12/site-packages/airflow/example_dags/example_outlet_event_extra.py
[2024-10-03T13:10:15.367+0000] {processor.py:925} INFO - DAG(s) 'dataset_with_extra_from_classic_operator', 'dataset_with_extra_by_context', 'dataset_with_extra_by_yield' retrieved from /home/airflow/.local/lib/python3.12/site-packages/airflow/example_dags/example_outlet_event_extra.py
[2024-10-03T13:10:15.402+0000] {logging_mixin.py:190} INFO - [2024-10-03T13:10:15.401+0000] {dag.py:3229} INFO - Sync 3 DAGs
[2024-10-03T13:10:15.433+0000] {logging_mixin.py:190} INFO - [2024-10-03T13:10:15.433+0000] {dag.py:4156} INFO - Setting next_dagrun for dataset_with_extra_by_context to 2024-10-02 00:00:00+00:00, run_after=2024-10-03 00:00:00+00:00
[2024-10-03T13:10:15.439+0000] {logging_mixin.py:190} INFO - [2024-10-03T13:10:15.439+0000] {dag.py:4156} INFO - Setting next_dagrun for dataset_with_extra_by_yield to 2024-10-02 00:00:00+00:00, run_after=2024-10-03 00:00:00+00:00
[2024-10-03T13:10:15.443+0000] {logging_mixin.py:190} INFO - [2024-10-03T13:10:15.443+0000] {dag.py:4156} INFO - Setting next_dagrun for dataset_with_extra_from_classic_operator to 2024-10-02 00:00:00+00:00, run_after=2024-10-03 00:00:00+00:00
[2024-10-03T13:10:15.553+0000] {processor.py:208} INFO - Processing /home/airflow/.local/lib/python3.12/site-packages/airflow/example_dags/example_outlet_event_extra.py took 0.368 seconds
[2024-10-03T13:10:46.832+0000] {processor.py:186} INFO - Started process (PID=152) to work on /home/airflow/.local/lib/python3.12/site-packages/airflow/example_dags/example_outlet_event_extra.py
[2024-10-03T13:10:46.833+0000] {processor.py:914} INFO - Processing file /home/airflow/.local/lib/python3.12/site-packages/airflow/example_dags/example_outlet_event_extra.py for tasks to queue
[2024-10-03T13:10:46.840+0000] {logging_mixin.py:190} INFO - [2024-10-03T13:10:46.838+0000] {dagbag.py:587} INFO - Filling up the DagBag from /home/airflow/.local/lib/python3.12/site-packages/airflow/example_dags/example_outlet_event_extra.py
[2024-10-03T13:10:47.245+0000] {processor.py:925} INFO - DAG(s) 'dataset_with_extra_by_context', 'dataset_with_extra_from_classic_operator', 'dataset_with_extra_by_yield' retrieved from /home/airflow/.local/lib/python3.12/site-packages/airflow/example_dags/example_outlet_event_extra.py
[2024-10-03T13:10:47.302+0000] {logging_mixin.py:190} INFO - [2024-10-03T13:10:47.302+0000] {dag.py:3229} INFO - Sync 3 DAGs
[2024-10-03T13:10:47.389+0000] {logging_mixin.py:190} INFO - [2024-10-03T13:10:47.389+0000] {dag.py:4156} INFO - Setting next_dagrun for dataset_with_extra_by_context to 2024-10-02 00:00:00+00:00, run_after=2024-10-03 00:00:00+00:00
[2024-10-03T13:10:47.400+0000] {logging_mixin.py:190} INFO - [2024-10-03T13:10:47.399+0000] {dag.py:4156} INFO - Setting next_dagrun for dataset_with_extra_by_yield to 2024-10-02 00:00:00+00:00, run_after=2024-10-03 00:00:00+00:00
[2024-10-03T13:10:47.405+0000] {logging_mixin.py:190} INFO - [2024-10-03T13:10:47.405+0000] {dag.py:4156} INFO - Setting next_dagrun for dataset_with_extra_from_classic_operator to 2024-10-02 00:00:00+00:00, run_after=2024-10-03 00:00:00+00:00
[2024-10-03T13:10:47.500+0000] {processor.py:208} INFO - Processing /home/airflow/.local/lib/python3.12/site-packages/airflow/example_dags/example_outlet_event_extra.py took 0.679 seconds
[2024-10-03T13:11:17.568+0000] {processor.py:186} INFO - Started process (PID=215) to work on /home/airflow/.local/lib/python3.12/site-packages/airflow/example_dags/example_outlet_event_extra.py
[2024-10-03T13:11:17.569+0000] {processor.py:914} INFO - Processing file /home/airflow/.local/lib/python3.12/site-packages/airflow/example_dags/example_outlet_event_extra.py for tasks to queue
[2024-10-03T13:11:17.572+0000] {logging_mixin.py:190} INFO - [2024-10-03T13:11:17.571+0000] {dagbag.py:587} INFO - Filling up the DagBag from /home/airflow/.local/lib/python3.12/site-packages/airflow/example_dags/example_outlet_event_extra.py
[2024-10-03T13:11:17.770+0000] {processor.py:925} INFO - DAG(s) 'dataset_with_extra_by_yield', 'dataset_with_extra_from_classic_operator', 'dataset_with_extra_by_context' retrieved from /home/airflow/.local/lib/python3.12/site-packages/airflow/example_dags/example_outlet_event_extra.py
[2024-10-03T13:11:17.803+0000] {logging_mixin.py:190} INFO - [2024-10-03T13:11:17.803+0000] {dag.py:3229} INFO - Sync 3 DAGs
[2024-10-03T13:11:17.840+0000] {logging_mixin.py:190} INFO - [2024-10-03T13:11:17.839+0000] {dag.py:4156} INFO - Setting next_dagrun for dataset_with_extra_by_context to 2024-10-02 00:00:00+00:00, run_after=2024-10-03 00:00:00+00:00
[2024-10-03T13:11:17.850+0000] {logging_mixin.py:190} INFO - [2024-10-03T13:11:17.850+0000] {dag.py:4156} INFO - Setting next_dagrun for dataset_with_extra_by_yield to 2024-10-02 00:00:00+00:00, run_after=2024-10-03 00:00:00+00:00
[2024-10-03T13:11:17.855+0000] {logging_mixin.py:190} INFO - [2024-10-03T13:11:17.854+0000] {dag.py:4156} INFO - Setting next_dagrun for dataset_with_extra_from_classic_operator to 2024-10-02 00:00:00+00:00, run_after=2024-10-03 00:00:00+00:00
[2024-10-03T13:11:17.961+0000] {processor.py:208} INFO - Processing /home/airflow/.local/lib/python3.12/site-packages/airflow/example_dags/example_outlet_event_extra.py took 0.400 seconds
[2024-10-03T13:11:52.869+0000] {processor.py:186} INFO - Started process (PID=278) to work on /home/airflow/.local/lib/python3.12/site-packages/airflow/example_dags/example_outlet_event_extra.py
[2024-10-03T13:11:52.871+0000] {processor.py:914} INFO - Processing file /home/airflow/.local/lib/python3.12/site-packages/airflow/example_dags/example_outlet_event_extra.py for tasks to queue
[2024-10-03T13:11:52.882+0000] {logging_mixin.py:190} INFO - [2024-10-03T13:11:52.881+0000] {dagbag.py:587} INFO - Filling up the DagBag from /home/airflow/.local/lib/python3.12/site-packages/airflow/example_dags/example_outlet_event_extra.py
[2024-10-03T13:11:53.137+0000] {processor.py:925} INFO - DAG(s) 'dataset_with_extra_by_yield', 'dataset_with_extra_by_context', 'dataset_with_extra_from_classic_operator' retrieved from /home/airflow/.local/lib/python3.12/site-packages/airflow/example_dags/example_outlet_event_extra.py
[2024-10-03T13:11:53.188+0000] {logging_mixin.py:190} INFO - [2024-10-03T13:11:53.187+0000] {dag.py:3229} INFO - Sync 3 DAGs
[2024-10-03T13:11:53.252+0000] {logging_mixin.py:190} INFO - [2024-10-03T13:11:53.251+0000] {dag.py:4156} INFO - Setting next_dagrun for dataset_with_extra_by_context to 2024-10-02 00:00:00+00:00, run_after=2024-10-03 00:00:00+00:00
[2024-10-03T13:11:53.261+0000] {logging_mixin.py:190} INFO - [2024-10-03T13:11:53.260+0000] {dag.py:4156} INFO - Setting next_dagrun for dataset_with_extra_by_yield to 2024-10-02 00:00:00+00:00, run_after=2024-10-03 00:00:00+00:00
[2024-10-03T13:11:53.267+0000] {logging_mixin.py:190} INFO - [2024-10-03T13:11:53.266+0000] {dag.py:4156} INFO - Setting next_dagrun for dataset_with_extra_from_classic_operator to 2024-10-02 00:00:00+00:00, run_after=2024-10-03 00:00:00+00:00
[2024-10-03T13:11:53.498+0000] {processor.py:208} INFO - Processing /home/airflow/.local/lib/python3.12/site-packages/airflow/example_dags/example_outlet_event_extra.py took 0.639 seconds
[2024-10-03T13:12:23.721+0000] {processor.py:186} INFO - Started process (PID=339) to work on /home/airflow/.local/lib/python3.12/site-packages/airflow/example_dags/example_outlet_event_extra.py
[2024-10-03T13:12:23.723+0000] {processor.py:914} INFO - Processing file /home/airflow/.local/lib/python3.12/site-packages/airflow/example_dags/example_outlet_event_extra.py for tasks to queue
[2024-10-03T13:12:23.728+0000] {logging_mixin.py:190} INFO - [2024-10-03T13:12:23.727+0000] {dagbag.py:587} INFO - Filling up the DagBag from /home/airflow/.local/lib/python3.12/site-packages/airflow/example_dags/example_outlet_event_extra.py
[2024-10-03T13:12:23.954+0000] {processor.py:925} INFO - DAG(s) 'dataset_with_extra_by_yield', 'dataset_with_extra_by_context', 'dataset_with_extra_from_classic_operator' retrieved from /home/airflow/.local/lib/python3.12/site-packages/airflow/example_dags/example_outlet_event_extra.py
[2024-10-03T13:12:23.999+0000] {logging_mixin.py:190} INFO - [2024-10-03T13:12:23.999+0000] {dag.py:3229} INFO - Sync 3 DAGs
[2024-10-03T13:12:24.052+0000] {logging_mixin.py:190} INFO - [2024-10-03T13:12:24.052+0000] {dag.py:4156} INFO - Setting next_dagrun for dataset_with_extra_by_context to 2024-10-02 00:00:00+00:00, run_after=2024-10-03 00:00:00+00:00
[2024-10-03T13:12:24.060+0000] {logging_mixin.py:190} INFO - [2024-10-03T13:12:24.060+0000] {dag.py:4156} INFO - Setting next_dagrun for dataset_with_extra_by_yield to 2024-10-02 00:00:00+00:00, run_after=2024-10-03 00:00:00+00:00
[2024-10-03T13:12:24.064+0000] {logging_mixin.py:190} INFO - [2024-10-03T13:12:24.063+0000] {dag.py:4156} INFO - Setting next_dagrun for dataset_with_extra_from_classic_operator to 2024-10-02 00:00:00+00:00, run_after=2024-10-03 00:00:00+00:00
[2024-10-03T13:12:24.171+0000] {processor.py:208} INFO - Processing /home/airflow/.local/lib/python3.12/site-packages/airflow/example_dags/example_outlet_event_extra.py took 0.459 seconds
[2024-10-03T13:12:54.335+0000] {processor.py:186} INFO - Started process (PID=402) to work on /home/airflow/.local/lib/python3.12/site-packages/airflow/example_dags/example_outlet_event_extra.py
[2024-10-03T13:12:54.337+0000] {processor.py:914} INFO - Processing file /home/airflow/.local/lib/python3.12/site-packages/airflow/example_dags/example_outlet_event_extra.py for tasks to queue
[2024-10-03T13:12:54.340+0000] {logging_mixin.py:190} INFO - [2024-10-03T13:12:54.340+0000] {dagbag.py:587} INFO - Filling up the DagBag from /home/airflow/.local/lib/python3.12/site-packages/airflow/example_dags/example_outlet_event_extra.py
[2024-10-03T13:12:54.523+0000] {processor.py:925} INFO - DAG(s) 'dataset_with_extra_from_classic_operator', 'dataset_with_extra_by_context', 'dataset_with_extra_by_yield' retrieved from /home/airflow/.local/lib/python3.12/site-packages/airflow/example_dags/example_outlet_event_extra.py
[2024-10-03T13:12:54.557+0000] {logging_mixin.py:190} INFO - [2024-10-03T13:12:54.557+0000] {dag.py:3229} INFO - Sync 3 DAGs
[2024-10-03T13:12:54.589+0000] {logging_mixin.py:190} INFO - [2024-10-03T13:12:54.588+0000] {dag.py:4156} INFO - Setting next_dagrun for dataset_with_extra_by_context to 2024-10-02 00:00:00+00:00, run_after=2024-10-03 00:00:00+00:00
[2024-10-03T13:12:54.596+0000] {logging_mixin.py:190} INFO - [2024-10-03T13:12:54.595+0000] {dag.py:4156} INFO - Setting next_dagrun for dataset_with_extra_by_yield to 2024-10-02 00:00:00+00:00, run_after=2024-10-03 00:00:00+00:00
[2024-10-03T13:12:54.599+0000] {logging_mixin.py:190} INFO - [2024-10-03T13:12:54.599+0000] {dag.py:4156} INFO - Setting next_dagrun for dataset_with_extra_from_classic_operator to 2024-10-02 00:00:00+00:00, run_after=2024-10-03 00:00:00+00:00
[2024-10-03T13:12:54.876+0000] {processor.py:208} INFO - Processing /home/airflow/.local/lib/python3.12/site-packages/airflow/example_dags/example_outlet_event_extra.py took 0.548 seconds
[2024-10-03T13:13:25.428+0000] {processor.py:186} INFO - Started process (PID=465) to work on /home/airflow/.local/lib/python3.12/site-packages/airflow/example_dags/example_outlet_event_extra.py
[2024-10-03T13:13:25.429+0000] {processor.py:914} INFO - Processing file /home/airflow/.local/lib/python3.12/site-packages/airflow/example_dags/example_outlet_event_extra.py for tasks to queue
[2024-10-03T13:13:25.433+0000] {logging_mixin.py:190} INFO - [2024-10-03T13:13:25.432+0000] {dagbag.py:587} INFO - Filling up the DagBag from /home/airflow/.local/lib/python3.12/site-packages/airflow/example_dags/example_outlet_event_extra.py
[2024-10-03T13:13:25.786+0000] {processor.py:925} INFO - DAG(s) 'dataset_with_extra_by_context', 'dataset_with_extra_by_yield', 'dataset_with_extra_from_classic_operator' retrieved from /home/airflow/.local/lib/python3.12/site-packages/airflow/example_dags/example_outlet_event_extra.py
[2024-10-03T13:13:25.828+0000] {logging_mixin.py:190} INFO - [2024-10-03T13:13:25.828+0000] {dag.py:3229} INFO - Sync 3 DAGs
[2024-10-03T13:13:25.871+0000] {logging_mixin.py:190} INFO - [2024-10-03T13:13:25.870+0000] {dag.py:4156} INFO - Setting next_dagrun for dataset_with_extra_by_context to 2024-10-02 00:00:00+00:00, run_after=2024-10-03 00:00:00+00:00
[2024-10-03T13:13:25.878+0000] {logging_mixin.py:190} INFO - [2024-10-03T13:13:25.878+0000] {dag.py:4156} INFO - Setting next_dagrun for dataset_with_extra_by_yield to 2024-10-02 00:00:00+00:00, run_after=2024-10-03 00:00:00+00:00
[2024-10-03T13:13:25.881+0000] {logging_mixin.py:190} INFO - [2024-10-03T13:13:25.881+0000] {dag.py:4156} INFO - Setting next_dagrun for dataset_with_extra_from_classic_operator to 2024-10-02 00:00:00+00:00, run_after=2024-10-03 00:00:00+00:00
[2024-10-03T13:13:26.802+0000] {processor.py:208} INFO - Processing /home/airflow/.local/lib/python3.12/site-packages/airflow/example_dags/example_outlet_event_extra.py took 1.382 seconds
[2024-10-03T13:13:57.190+0000] {processor.py:186} INFO - Started process (PID=528) to work on /home/airflow/.local/lib/python3.12/site-packages/airflow/example_dags/example_outlet_event_extra.py
[2024-10-03T13:13:57.484+0000] {processor.py:914} INFO - Processing file /home/airflow/.local/lib/python3.12/site-packages/airflow/example_dags/example_outlet_event_extra.py for tasks to queue
[2024-10-03T13:13:57.488+0000] {logging_mixin.py:190} INFO - [2024-10-03T13:13:57.488+0000] {dagbag.py:587} INFO - Filling up the DagBag from /home/airflow/.local/lib/python3.12/site-packages/airflow/example_dags/example_outlet_event_extra.py
[2024-10-03T13:13:57.832+0000] {processor.py:925} INFO - DAG(s) 'dataset_with_extra_by_context', 'dataset_with_extra_by_yield', 'dataset_with_extra_from_classic_operator' retrieved from /home/airflow/.local/lib/python3.12/site-packages/airflow/example_dags/example_outlet_event_extra.py
[2024-10-03T13:13:57.885+0000] {logging_mixin.py:190} INFO - [2024-10-03T13:13:57.885+0000] {dag.py:3229} INFO - Sync 3 DAGs
[2024-10-03T13:13:57.942+0000] {logging_mixin.py:190} INFO - [2024-10-03T13:13:57.942+0000] {dag.py:4156} INFO - Setting next_dagrun for dataset_with_extra_by_context to 2024-10-02 00:00:00+00:00, run_after=2024-10-03 00:00:00+00:00
[2024-10-03T13:13:57.958+0000] {logging_mixin.py:190} INFO - [2024-10-03T13:13:57.957+0000] {dag.py:4156} INFO - Setting next_dagrun for dataset_with_extra_by_yield to 2024-10-02 00:00:00+00:00, run_after=2024-10-03 00:00:00+00:00
[2024-10-03T13:13:57.965+0000] {logging_mixin.py:190} INFO - [2024-10-03T13:13:57.965+0000] {dag.py:4156} INFO - Setting next_dagrun for dataset_with_extra_from_classic_operator to 2024-10-02 00:00:00+00:00, run_after=2024-10-03 00:00:00+00:00
[2024-10-03T13:13:58.193+0000] {processor.py:208} INFO - Processing /home/airflow/.local/lib/python3.12/site-packages/airflow/example_dags/example_outlet_event_extra.py took 1.021 seconds
[2024-10-03T13:14:28.284+0000] {processor.py:186} INFO - Started process (PID=592) to work on /home/airflow/.local/lib/python3.12/site-packages/airflow/example_dags/example_outlet_event_extra.py
[2024-10-03T13:14:28.285+0000] {processor.py:914} INFO - Processing file /home/airflow/.local/lib/python3.12/site-packages/airflow/example_dags/example_outlet_event_extra.py for tasks to queue
[2024-10-03T13:14:28.288+0000] {logging_mixin.py:190} INFO - [2024-10-03T13:14:28.288+0000] {dagbag.py:587} INFO - Filling up the DagBag from /home/airflow/.local/lib/python3.12/site-packages/airflow/example_dags/example_outlet_event_extra.py
[2024-10-03T13:14:28.511+0000] {processor.py:925} INFO - DAG(s) 'dataset_with_extra_by_context', 'dataset_with_extra_from_classic_operator', 'dataset_with_extra_by_yield' retrieved from /home/airflow/.local/lib/python3.12/site-packages/airflow/example_dags/example_outlet_event_extra.py
[2024-10-03T13:14:28.548+0000] {logging_mixin.py:190} INFO - [2024-10-03T13:14:28.548+0000] {dag.py:3229} INFO - Sync 3 DAGs
[2024-10-03T13:14:28.588+0000] {logging_mixin.py:190} INFO - [2024-10-03T13:14:28.587+0000] {dag.py:4156} INFO - Setting next_dagrun for dataset_with_extra_by_context to 2024-10-02 00:00:00+00:00, run_after=2024-10-03 00:00:00+00:00
[2024-10-03T13:14:28.595+0000] {logging_mixin.py:190} INFO - [2024-10-03T13:14:28.594+0000] {dag.py:4156} INFO - Setting next_dagrun for dataset_with_extra_by_yield to 2024-10-02 00:00:00+00:00, run_after=2024-10-03 00:00:00+00:00
[2024-10-03T13:14:28.599+0000] {logging_mixin.py:190} INFO - [2024-10-03T13:14:28.598+0000] {dag.py:4156} INFO - Setting next_dagrun for dataset_with_extra_from_classic_operator to 2024-10-02 00:00:00+00:00, run_after=2024-10-03 00:00:00+00:00
[2024-10-03T13:14:29.003+0000] {processor.py:208} INFO - Processing /home/airflow/.local/lib/python3.12/site-packages/airflow/example_dags/example_outlet_event_extra.py took 0.728 seconds
[2024-10-03T13:15:00.992+0000] {processor.py:186} INFO - Started process (PID=660) to work on /home/airflow/.local/lib/python3.12/site-packages/airflow/example_dags/example_outlet_event_extra.py
[2024-10-03T13:15:00.994+0000] {processor.py:914} INFO - Processing file /home/airflow/.local/lib/python3.12/site-packages/airflow/example_dags/example_outlet_event_extra.py for tasks to queue
[2024-10-03T13:15:00.997+0000] {logging_mixin.py:190} INFO - [2024-10-03T13:15:00.997+0000] {dagbag.py:587} INFO - Filling up the DagBag from /home/airflow/.local/lib/python3.12/site-packages/airflow/example_dags/example_outlet_event_extra.py
[2024-10-03T13:15:01.383+0000] {processor.py:925} INFO - DAG(s) 'dataset_with_extra_from_classic_operator', 'dataset_with_extra_by_yield', 'dataset_with_extra_by_context' retrieved from /home/airflow/.local/lib/python3.12/site-packages/airflow/example_dags/example_outlet_event_extra.py
[2024-10-03T13:15:01.490+0000] {logging_mixin.py:190} INFO - [2024-10-03T13:15:01.490+0000] {dag.py:3229} INFO - Sync 3 DAGs
[2024-10-03T13:15:01.605+0000] {logging_mixin.py:190} INFO - [2024-10-03T13:15:01.605+0000] {dag.py:4156} INFO - Setting next_dagrun for dataset_with_extra_by_context to 2024-10-02 00:00:00+00:00, run_after=2024-10-03 00:00:00+00:00
[2024-10-03T13:15:01.623+0000] {logging_mixin.py:190} INFO - [2024-10-03T13:15:01.622+0000] {dag.py:4156} INFO - Setting next_dagrun for dataset_with_extra_by_yield to 2024-10-02 00:00:00+00:00, run_after=2024-10-03 00:00:00+00:00
[2024-10-03T13:15:01.630+0000] {logging_mixin.py:190} INFO - [2024-10-03T13:15:01.629+0000] {dag.py:4156} INFO - Setting next_dagrun for dataset_with_extra_from_classic_operator to 2024-10-02 00:00:00+00:00, run_after=2024-10-03 00:00:00+00:00
[2024-10-03T13:15:01.880+0000] {processor.py:208} INFO - Processing /home/airflow/.local/lib/python3.12/site-packages/airflow/example_dags/example_outlet_event_extra.py took 0.895 seconds
[2024-10-03T13:15:32.107+0000] {processor.py:186} INFO - Started process (PID=724) to work on /home/airflow/.local/lib/python3.12/site-packages/airflow/example_dags/example_outlet_event_extra.py
[2024-10-03T13:15:32.109+0000] {processor.py:914} INFO - Processing file /home/airflow/.local/lib/python3.12/site-packages/airflow/example_dags/example_outlet_event_extra.py for tasks to queue
[2024-10-03T13:15:32.112+0000] {logging_mixin.py:190} INFO - [2024-10-03T13:15:32.112+0000] {dagbag.py:587} INFO - Filling up the DagBag from /home/airflow/.local/lib/python3.12/site-packages/airflow/example_dags/example_outlet_event_extra.py
[2024-10-03T13:15:32.303+0000] {processor.py:925} INFO - DAG(s) 'dataset_with_extra_by_yield', 'dataset_with_extra_from_classic_operator', 'dataset_with_extra_by_context' retrieved from /home/airflow/.local/lib/python3.12/site-packages/airflow/example_dags/example_outlet_event_extra.py
[2024-10-03T13:15:32.336+0000] {logging_mixin.py:190} INFO - [2024-10-03T13:15:32.336+0000] {dag.py:3229} INFO - Sync 3 DAGs
[2024-10-03T13:15:32.369+0000] {logging_mixin.py:190} INFO - [2024-10-03T13:15:32.369+0000] {dag.py:4156} INFO - Setting next_dagrun for dataset_with_extra_by_context to 2024-10-02 00:00:00+00:00, run_after=2024-10-03 00:00:00+00:00
[2024-10-03T13:15:32.378+0000] {logging_mixin.py:190} INFO - [2024-10-03T13:15:32.377+0000] {dag.py:4156} INFO - Setting next_dagrun for dataset_with_extra_by_yield to 2024-10-02 00:00:00+00:00, run_after=2024-10-03 00:00:00+00:00
[2024-10-03T13:15:32.382+0000] {logging_mixin.py:190} INFO - [2024-10-03T13:15:32.382+0000] {dag.py:4156} INFO - Setting next_dagrun for dataset_with_extra_from_classic_operator to 2024-10-02 00:00:00+00:00, run_after=2024-10-03 00:00:00+00:00
[2024-10-03T13:15:32.569+0000] {processor.py:208} INFO - Processing /home/airflow/.local/lib/python3.12/site-packages/airflow/example_dags/example_outlet_event_extra.py took 0.470 seconds
[2024-10-03T13:16:03.418+0000] {processor.py:186} INFO - Started process (PID=788) to work on /home/airflow/.local/lib/python3.12/site-packages/airflow/example_dags/example_outlet_event_extra.py
[2024-10-03T13:16:03.419+0000] {processor.py:914} INFO - Processing file /home/airflow/.local/lib/python3.12/site-packages/airflow/example_dags/example_outlet_event_extra.py for tasks to queue
[2024-10-03T13:16:03.423+0000] {logging_mixin.py:190} INFO - [2024-10-03T13:16:03.422+0000] {dagbag.py:587} INFO - Filling up the DagBag from /home/airflow/.local/lib/python3.12/site-packages/airflow/example_dags/example_outlet_event_extra.py
[2024-10-03T13:16:03.655+0000] {processor.py:925} INFO - DAG(s) 'dataset_with_extra_by_context', 'dataset_with_extra_by_yield', 'dataset_with_extra_from_classic_operator' retrieved from /home/airflow/.local/lib/python3.12/site-packages/airflow/example_dags/example_outlet_event_extra.py
[2024-10-03T13:16:03.692+0000] {logging_mixin.py:190} INFO - [2024-10-03T13:16:03.692+0000] {dag.py:3229} INFO - Sync 3 DAGs
[2024-10-03T13:16:03.736+0000] {logging_mixin.py:190} INFO - [2024-10-03T13:16:03.736+0000] {dag.py:4156} INFO - Setting next_dagrun for dataset_with_extra_by_context to 2024-10-02 00:00:00+00:00, run_after=2024-10-03 00:00:00+00:00
[2024-10-03T13:16:03.746+0000] {logging_mixin.py:190} INFO - [2024-10-03T13:16:03.745+0000] {dag.py:4156} INFO - Setting next_dagrun for dataset_with_extra_by_yield to 2024-10-02 00:00:00+00:00, run_after=2024-10-03 00:00:00+00:00
[2024-10-03T13:16:03.751+0000] {logging_mixin.py:190} INFO - [2024-10-03T13:16:03.750+0000] {dag.py:4156} INFO - Setting next_dagrun for dataset_with_extra_from_classic_operator to 2024-10-02 00:00:00+00:00, run_after=2024-10-03 00:00:00+00:00
[2024-10-03T13:16:03.840+0000] {processor.py:208} INFO - Processing /home/airflow/.local/lib/python3.12/site-packages/airflow/example_dags/example_outlet_event_extra.py took 0.433 seconds
[2024-10-03T13:16:34.920+0000] {processor.py:186} INFO - Started process (PID=851) to work on /home/airflow/.local/lib/python3.12/site-packages/airflow/example_dags/example_outlet_event_extra.py
[2024-10-03T13:16:34.922+0000] {processor.py:914} INFO - Processing file /home/airflow/.local/lib/python3.12/site-packages/airflow/example_dags/example_outlet_event_extra.py for tasks to queue
[2024-10-03T13:16:34.925+0000] {logging_mixin.py:190} INFO - [2024-10-03T13:16:34.925+0000] {dagbag.py:587} INFO - Filling up the DagBag from /home/airflow/.local/lib/python3.12/site-packages/airflow/example_dags/example_outlet_event_extra.py
[2024-10-03T13:16:35.127+0000] {processor.py:925} INFO - DAG(s) 'dataset_with_extra_by_context', 'dataset_with_extra_by_yield', 'dataset_with_extra_from_classic_operator' retrieved from /home/airflow/.local/lib/python3.12/site-packages/airflow/example_dags/example_outlet_event_extra.py
[2024-10-03T13:16:35.161+0000] {logging_mixin.py:190} INFO - [2024-10-03T13:16:35.161+0000] {dag.py:3229} INFO - Sync 3 DAGs
[2024-10-03T13:16:35.195+0000] {logging_mixin.py:190} INFO - [2024-10-03T13:16:35.195+0000] {dag.py:4156} INFO - Setting next_dagrun for dataset_with_extra_by_context to 2024-10-02 00:00:00+00:00, run_after=2024-10-03 00:00:00+00:00
[2024-10-03T13:16:35.202+0000] {logging_mixin.py:190} INFO - [2024-10-03T13:16:35.201+0000] {dag.py:4156} INFO - Setting next_dagrun for dataset_with_extra_by_yield to 2024-10-02 00:00:00+00:00, run_after=2024-10-03 00:00:00+00:00
[2024-10-03T13:16:35.274+0000] {logging_mixin.py:190} INFO - [2024-10-03T13:16:35.274+0000] {dag.py:4156} INFO - Setting next_dagrun for dataset_with_extra_from_classic_operator to 2024-10-02 00:00:00+00:00, run_after=2024-10-03 00:00:00+00:00
[2024-10-03T13:16:35.828+0000] {processor.py:208} INFO - Processing /home/airflow/.local/lib/python3.12/site-packages/airflow/example_dags/example_outlet_event_extra.py took 0.916 seconds
[2024-10-03T13:17:06.175+0000] {processor.py:186} INFO - Started process (PID=915) to work on /home/airflow/.local/lib/python3.12/site-packages/airflow/example_dags/example_outlet_event_extra.py
[2024-10-03T13:17:06.177+0000] {processor.py:914} INFO - Processing file /home/airflow/.local/lib/python3.12/site-packages/airflow/example_dags/example_outlet_event_extra.py for tasks to queue
[2024-10-03T13:17:06.180+0000] {logging_mixin.py:190} INFO - [2024-10-03T13:17:06.180+0000] {dagbag.py:587} INFO - Filling up the DagBag from /home/airflow/.local/lib/python3.12/site-packages/airflow/example_dags/example_outlet_event_extra.py
[2024-10-03T13:17:06.451+0000] {processor.py:925} INFO - DAG(s) 'dataset_with_extra_from_classic_operator', 'dataset_with_extra_by_yield', 'dataset_with_extra_by_context' retrieved from /home/airflow/.local/lib/python3.12/site-packages/airflow/example_dags/example_outlet_event_extra.py
[2024-10-03T13:17:06.503+0000] {logging_mixin.py:190} INFO - [2024-10-03T13:17:06.503+0000] {dag.py:3229} INFO - Sync 3 DAGs
[2024-10-03T13:17:06.567+0000] {logging_mixin.py:190} INFO - [2024-10-03T13:17:06.566+0000] {dag.py:4156} INFO - Setting next_dagrun for dataset_with_extra_by_context to 2024-10-02 00:00:00+00:00, run_after=2024-10-03 00:00:00+00:00
[2024-10-03T13:17:06.577+0000] {logging_mixin.py:190} INFO - [2024-10-03T13:17:06.577+0000] {dag.py:4156} INFO - Setting next_dagrun for dataset_with_extra_by_yield to 2024-10-02 00:00:00+00:00, run_after=2024-10-03 00:00:00+00:00
[2024-10-03T13:17:06.583+0000] {logging_mixin.py:190} INFO - [2024-10-03T13:17:06.582+0000] {dag.py:4156} INFO - Setting next_dagrun for dataset_with_extra_from_classic_operator to 2024-10-02 00:00:00+00:00, run_after=2024-10-03 00:00:00+00:00
[2024-10-03T13:17:06.700+0000] {processor.py:208} INFO - Processing /home/airflow/.local/lib/python3.12/site-packages/airflow/example_dags/example_outlet_event_extra.py took 0.534 seconds
[2024-10-03T13:17:36.937+0000] {processor.py:186} INFO - Started process (PID=979) to work on /home/airflow/.local/lib/python3.12/site-packages/airflow/example_dags/example_outlet_event_extra.py
[2024-10-03T13:17:36.938+0000] {processor.py:914} INFO - Processing file /home/airflow/.local/lib/python3.12/site-packages/airflow/example_dags/example_outlet_event_extra.py for tasks to queue
[2024-10-03T13:17:36.941+0000] {logging_mixin.py:190} INFO - [2024-10-03T13:17:36.941+0000] {dagbag.py:587} INFO - Filling up the DagBag from /home/airflow/.local/lib/python3.12/site-packages/airflow/example_dags/example_outlet_event_extra.py
[2024-10-03T13:17:37.103+0000] {processor.py:925} INFO - DAG(s) 'dataset_with_extra_from_classic_operator', 'dataset_with_extra_by_context', 'dataset_with_extra_by_yield' retrieved from /home/airflow/.local/lib/python3.12/site-packages/airflow/example_dags/example_outlet_event_extra.py
[2024-10-03T13:17:37.134+0000] {logging_mixin.py:190} INFO - [2024-10-03T13:17:37.134+0000] {dag.py:3229} INFO - Sync 3 DAGs
[2024-10-03T13:17:37.169+0000] {logging_mixin.py:190} INFO - [2024-10-03T13:17:37.168+0000] {dag.py:4156} INFO - Setting next_dagrun for dataset_with_extra_by_context to 2024-10-02 00:00:00+00:00, run_after=2024-10-03 00:00:00+00:00
[2024-10-03T13:17:37.176+0000] {logging_mixin.py:190} INFO - [2024-10-03T13:17:37.176+0000] {dag.py:4156} INFO - Setting next_dagrun for dataset_with_extra_by_yield to 2024-10-02 00:00:00+00:00, run_after=2024-10-03 00:00:00+00:00
[2024-10-03T13:17:37.180+0000] {logging_mixin.py:190} INFO - [2024-10-03T13:17:37.180+0000] {dag.py:4156} INFO - Setting next_dagrun for dataset_with_extra_from_classic_operator to 2024-10-02 00:00:00+00:00, run_after=2024-10-03 00:00:00+00:00
[2024-10-03T13:17:37.374+0000] {processor.py:208} INFO - Processing /home/airflow/.local/lib/python3.12/site-packages/airflow/example_dags/example_outlet_event_extra.py took 0.444 seconds
[2024-10-03T13:18:08.522+0000] {processor.py:186} INFO - Started process (PID=1042) to work on /home/airflow/.local/lib/python3.12/site-packages/airflow/example_dags/example_outlet_event_extra.py
[2024-10-03T13:18:08.527+0000] {processor.py:914} INFO - Processing file /home/airflow/.local/lib/python3.12/site-packages/airflow/example_dags/example_outlet_event_extra.py for tasks to queue
[2024-10-03T13:18:08.533+0000] {logging_mixin.py:190} INFO - [2024-10-03T13:18:08.532+0000] {dagbag.py:587} INFO - Filling up the DagBag from /home/airflow/.local/lib/python3.12/site-packages/airflow/example_dags/example_outlet_event_extra.py
[2024-10-03T13:18:08.965+0000] {processor.py:925} INFO - DAG(s) 'dataset_with_extra_by_yield', 'dataset_with_extra_by_context', 'dataset_with_extra_from_classic_operator' retrieved from /home/airflow/.local/lib/python3.12/site-packages/airflow/example_dags/example_outlet_event_extra.py
[2024-10-03T13:18:09.015+0000] {logging_mixin.py:190} INFO - [2024-10-03T13:18:09.015+0000] {dag.py:3229} INFO - Sync 3 DAGs
[2024-10-03T13:18:09.068+0000] {logging_mixin.py:190} INFO - [2024-10-03T13:18:09.067+0000] {dag.py:4156} INFO - Setting next_dagrun for dataset_with_extra_by_context to 2024-10-02 00:00:00+00:00, run_after=2024-10-03 00:00:00+00:00
[2024-10-03T13:18:09.077+0000] {logging_mixin.py:190} INFO - [2024-10-03T13:18:09.077+0000] {dag.py:4156} INFO - Setting next_dagrun for dataset_with_extra_by_yield to 2024-10-02 00:00:00+00:00, run_after=2024-10-03 00:00:00+00:00
[2024-10-03T13:18:09.083+0000] {logging_mixin.py:190} INFO - [2024-10-03T13:18:09.083+0000] {dag.py:4156} INFO - Setting next_dagrun for dataset_with_extra_from_classic_operator to 2024-10-02 00:00:00+00:00, run_after=2024-10-03 00:00:00+00:00
[2024-10-03T13:18:09.363+0000] {processor.py:208} INFO - Processing /home/airflow/.local/lib/python3.12/site-packages/airflow/example_dags/example_outlet_event_extra.py took 0.854 seconds
