[2024-10-03T13:10:16.516+0000] {processor.py:186} INFO - Started process (PID=96) to work on /home/airflow/.local/lib/python3.12/site-packages/airflow/example_dags/tutorial_dag.py
[2024-10-03T13:10:16.519+0000] {processor.py:914} INFO - Processing file /home/airflow/.local/lib/python3.12/site-packages/airflow/example_dags/tutorial_dag.py for tasks to queue
[2024-10-03T13:10:16.526+0000] {logging_mixin.py:190} INFO - [2024-10-03T13:10:16.525+0000] {dagbag.py:587} INFO - Filling up the DagBag from /home/airflow/.local/lib/python3.12/site-packages/airflow/example_dags/tutorial_dag.py
[2024-10-03T13:10:16.540+0000] {processor.py:925} INFO - DAG(s) 'tutorial_dag' retrieved from /home/airflow/.local/lib/python3.12/site-packages/airflow/example_dags/tutorial_dag.py
[2024-10-03T13:10:16.582+0000] {logging_mixin.py:190} INFO - [2024-10-03T13:10:16.582+0000] {dag.py:3229} INFO - Sync 1 DAGs
[2024-10-03T13:10:16.608+0000] {logging_mixin.py:190} INFO - [2024-10-03T13:10:16.607+0000] {dag.py:4156} INFO - Setting next_dagrun for tutorial_dag to None, run_after=None
[2024-10-03T13:10:16.799+0000] {processor.py:208} INFO - Processing /home/airflow/.local/lib/python3.12/site-packages/airflow/example_dags/tutorial_dag.py took 0.292 seconds
[2024-10-03T13:10:48.185+0000] {processor.py:186} INFO - Started process (PID=159) to work on /home/airflow/.local/lib/python3.12/site-packages/airflow/example_dags/tutorial_dag.py
[2024-10-03T13:10:48.187+0000] {processor.py:914} INFO - Processing file /home/airflow/.local/lib/python3.12/site-packages/airflow/example_dags/tutorial_dag.py for tasks to queue
[2024-10-03T13:10:48.192+0000] {logging_mixin.py:190} INFO - [2024-10-03T13:10:48.192+0000] {dagbag.py:587} INFO - Filling up the DagBag from /home/airflow/.local/lib/python3.12/site-packages/airflow/example_dags/tutorial_dag.py
[2024-10-03T13:10:48.212+0000] {processor.py:925} INFO - DAG(s) 'tutorial_dag' retrieved from /home/airflow/.local/lib/python3.12/site-packages/airflow/example_dags/tutorial_dag.py
[2024-10-03T13:10:48.248+0000] {logging_mixin.py:190} INFO - [2024-10-03T13:10:48.247+0000] {dag.py:3229} INFO - Sync 1 DAGs
[2024-10-03T13:10:48.285+0000] {logging_mixin.py:190} INFO - [2024-10-03T13:10:48.284+0000] {dag.py:4156} INFO - Setting next_dagrun for tutorial_dag to None, run_after=None
[2024-10-03T13:10:48.418+0000] {processor.py:208} INFO - Processing /home/airflow/.local/lib/python3.12/site-packages/airflow/example_dags/tutorial_dag.py took 0.247 seconds
[2024-10-03T13:11:18.637+0000] {processor.py:186} INFO - Started process (PID=222) to work on /home/airflow/.local/lib/python3.12/site-packages/airflow/example_dags/tutorial_dag.py
[2024-10-03T13:11:18.638+0000] {processor.py:914} INFO - Processing file /home/airflow/.local/lib/python3.12/site-packages/airflow/example_dags/tutorial_dag.py for tasks to queue
[2024-10-03T13:11:18.641+0000] {logging_mixin.py:190} INFO - [2024-10-03T13:11:18.641+0000] {dagbag.py:587} INFO - Filling up the DagBag from /home/airflow/.local/lib/python3.12/site-packages/airflow/example_dags/tutorial_dag.py
[2024-10-03T13:11:18.653+0000] {processor.py:925} INFO - DAG(s) 'tutorial_dag' retrieved from /home/airflow/.local/lib/python3.12/site-packages/airflow/example_dags/tutorial_dag.py
[2024-10-03T13:11:18.678+0000] {logging_mixin.py:190} INFO - [2024-10-03T13:11:18.677+0000] {dag.py:3229} INFO - Sync 1 DAGs
[2024-10-03T13:11:18.697+0000] {logging_mixin.py:190} INFO - [2024-10-03T13:11:18.697+0000] {dag.py:4156} INFO - Setting next_dagrun for tutorial_dag to None, run_after=None
[2024-10-03T13:11:18.758+0000] {processor.py:208} INFO - Processing /home/airflow/.local/lib/python3.12/site-packages/airflow/example_dags/tutorial_dag.py took 0.127 seconds
[2024-10-03T13:11:55.875+0000] {processor.py:186} INFO - Started process (PID=285) to work on /home/airflow/.local/lib/python3.12/site-packages/airflow/example_dags/tutorial_dag.py
[2024-10-03T13:11:55.878+0000] {processor.py:914} INFO - Processing file /home/airflow/.local/lib/python3.12/site-packages/airflow/example_dags/tutorial_dag.py for tasks to queue
[2024-10-03T13:11:55.881+0000] {logging_mixin.py:190} INFO - [2024-10-03T13:11:55.880+0000] {dagbag.py:587} INFO - Filling up the DagBag from /home/airflow/.local/lib/python3.12/site-packages/airflow/example_dags/tutorial_dag.py
[2024-10-03T13:11:55.890+0000] {processor.py:925} INFO - DAG(s) 'tutorial_dag' retrieved from /home/airflow/.local/lib/python3.12/site-packages/airflow/example_dags/tutorial_dag.py
[2024-10-03T13:11:55.916+0000] {logging_mixin.py:190} INFO - [2024-10-03T13:11:55.915+0000] {dag.py:3229} INFO - Sync 1 DAGs
[2024-10-03T13:11:55.934+0000] {logging_mixin.py:190} INFO - [2024-10-03T13:11:55.934+0000] {dag.py:4156} INFO - Setting next_dagrun for tutorial_dag to None, run_after=None
[2024-10-03T13:11:56.330+0000] {processor.py:208} INFO - Processing /home/airflow/.local/lib/python3.12/site-packages/airflow/example_dags/tutorial_dag.py took 0.465 seconds
[2024-10-03T13:12:27.152+0000] {processor.py:186} INFO - Started process (PID=347) to work on /home/airflow/.local/lib/python3.12/site-packages/airflow/example_dags/tutorial_dag.py
[2024-10-03T13:12:27.155+0000] {processor.py:914} INFO - Processing file /home/airflow/.local/lib/python3.12/site-packages/airflow/example_dags/tutorial_dag.py for tasks to queue
[2024-10-03T13:12:27.163+0000] {logging_mixin.py:190} INFO - [2024-10-03T13:12:27.162+0000] {dagbag.py:587} INFO - Filling up the DagBag from /home/airflow/.local/lib/python3.12/site-packages/airflow/example_dags/tutorial_dag.py
[2024-10-03T13:12:27.181+0000] {processor.py:925} INFO - DAG(s) 'tutorial_dag' retrieved from /home/airflow/.local/lib/python3.12/site-packages/airflow/example_dags/tutorial_dag.py
[2024-10-03T13:12:27.224+0000] {logging_mixin.py:190} INFO - [2024-10-03T13:12:27.223+0000] {dag.py:3229} INFO - Sync 1 DAGs
[2024-10-03T13:12:27.261+0000] {logging_mixin.py:190} INFO - [2024-10-03T13:12:27.261+0000] {dag.py:4156} INFO - Setting next_dagrun for tutorial_dag to None, run_after=None
[2024-10-03T13:12:27.464+0000] {processor.py:208} INFO - Processing /home/airflow/.local/lib/python3.12/site-packages/airflow/example_dags/tutorial_dag.py took 0.324 seconds
[2024-10-03T13:12:57.803+0000] {processor.py:186} INFO - Started process (PID=410) to work on /home/airflow/.local/lib/python3.12/site-packages/airflow/example_dags/tutorial_dag.py
[2024-10-03T13:12:57.805+0000] {processor.py:914} INFO - Processing file /home/airflow/.local/lib/python3.12/site-packages/airflow/example_dags/tutorial_dag.py for tasks to queue
[2024-10-03T13:12:57.810+0000] {logging_mixin.py:190} INFO - [2024-10-03T13:12:57.809+0000] {dagbag.py:587} INFO - Filling up the DagBag from /home/airflow/.local/lib/python3.12/site-packages/airflow/example_dags/tutorial_dag.py
[2024-10-03T13:12:57.826+0000] {processor.py:925} INFO - DAG(s) 'tutorial_dag' retrieved from /home/airflow/.local/lib/python3.12/site-packages/airflow/example_dags/tutorial_dag.py
[2024-10-03T13:12:57.867+0000] {logging_mixin.py:190} INFO - [2024-10-03T13:12:57.867+0000] {dag.py:3229} INFO - Sync 1 DAGs
[2024-10-03T13:12:57.901+0000] {logging_mixin.py:190} INFO - [2024-10-03T13:12:57.901+0000] {dag.py:4156} INFO - Setting next_dagrun for tutorial_dag to None, run_after=None
[2024-10-03T13:12:58.150+0000] {processor.py:208} INFO - Processing /home/airflow/.local/lib/python3.12/site-packages/airflow/example_dags/tutorial_dag.py took 0.356 seconds
[2024-10-03T13:13:30.780+0000] {processor.py:186} INFO - Started process (PID=479) to work on /home/airflow/.local/lib/python3.12/site-packages/airflow/example_dags/tutorial_dag.py
[2024-10-03T13:13:30.781+0000] {processor.py:914} INFO - Processing file /home/airflow/.local/lib/python3.12/site-packages/airflow/example_dags/tutorial_dag.py for tasks to queue
[2024-10-03T13:13:30.784+0000] {logging_mixin.py:190} INFO - [2024-10-03T13:13:30.783+0000] {dagbag.py:587} INFO - Filling up the DagBag from /home/airflow/.local/lib/python3.12/site-packages/airflow/example_dags/tutorial_dag.py
[2024-10-03T13:13:30.796+0000] {processor.py:925} INFO - DAG(s) 'tutorial_dag' retrieved from /home/airflow/.local/lib/python3.12/site-packages/airflow/example_dags/tutorial_dag.py
[2024-10-03T13:13:30.820+0000] {logging_mixin.py:190} INFO - [2024-10-03T13:13:30.820+0000] {dag.py:3229} INFO - Sync 1 DAGs
[2024-10-03T13:13:30.843+0000] {logging_mixin.py:190} INFO - [2024-10-03T13:13:30.843+0000] {dag.py:4156} INFO - Setting next_dagrun for tutorial_dag to None, run_after=None
[2024-10-03T13:13:31.039+0000] {processor.py:208} INFO - Processing /home/airflow/.local/lib/python3.12/site-packages/airflow/example_dags/tutorial_dag.py took 0.266 seconds
[2024-10-03T13:14:01.338+0000] {processor.py:186} INFO - Started process (PID=542) to work on /home/airflow/.local/lib/python3.12/site-packages/airflow/example_dags/tutorial_dag.py
[2024-10-03T13:14:01.555+0000] {processor.py:914} INFO - Processing file /home/airflow/.local/lib/python3.12/site-packages/airflow/example_dags/tutorial_dag.py for tasks to queue
[2024-10-03T13:14:01.559+0000] {logging_mixin.py:190} INFO - [2024-10-03T13:14:01.559+0000] {dagbag.py:587} INFO - Filling up the DagBag from /home/airflow/.local/lib/python3.12/site-packages/airflow/example_dags/tutorial_dag.py
[2024-10-03T13:14:01.570+0000] {processor.py:925} INFO - DAG(s) 'tutorial_dag' retrieved from /home/airflow/.local/lib/python3.12/site-packages/airflow/example_dags/tutorial_dag.py
[2024-10-03T13:14:01.616+0000] {logging_mixin.py:190} INFO - [2024-10-03T13:14:01.615+0000] {dag.py:3229} INFO - Sync 1 DAGs
[2024-10-03T13:14:01.645+0000] {logging_mixin.py:190} INFO - [2024-10-03T13:14:01.644+0000] {dag.py:4156} INFO - Setting next_dagrun for tutorial_dag to None, run_after=None
[2024-10-03T13:14:01.852+0000] {processor.py:208} INFO - Processing /home/airflow/.local/lib/python3.12/site-packages/airflow/example_dags/tutorial_dag.py took 0.523 seconds
[2024-10-03T13:14:32.291+0000] {processor.py:186} INFO - Started process (PID=605) to work on /home/airflow/.local/lib/python3.12/site-packages/airflow/example_dags/tutorial_dag.py
[2024-10-03T13:14:32.293+0000] {processor.py:914} INFO - Processing file /home/airflow/.local/lib/python3.12/site-packages/airflow/example_dags/tutorial_dag.py for tasks to queue
[2024-10-03T13:14:32.299+0000] {logging_mixin.py:190} INFO - [2024-10-03T13:14:32.298+0000] {dagbag.py:587} INFO - Filling up the DagBag from /home/airflow/.local/lib/python3.12/site-packages/airflow/example_dags/tutorial_dag.py
[2024-10-03T13:14:32.318+0000] {processor.py:925} INFO - DAG(s) 'tutorial_dag' retrieved from /home/airflow/.local/lib/python3.12/site-packages/airflow/example_dags/tutorial_dag.py
[2024-10-03T13:14:32.362+0000] {logging_mixin.py:190} INFO - [2024-10-03T13:14:32.361+0000] {dag.py:3229} INFO - Sync 1 DAGs
[2024-10-03T13:14:32.396+0000] {logging_mixin.py:190} INFO - [2024-10-03T13:14:32.395+0000] {dag.py:4156} INFO - Setting next_dagrun for tutorial_dag to None, run_after=None
[2024-10-03T13:14:32.632+0000] {processor.py:208} INFO - Processing /home/airflow/.local/lib/python3.12/site-packages/airflow/example_dags/tutorial_dag.py took 0.354 seconds
[2024-10-03T13:15:02.772+0000] {processor.py:186} INFO - Started process (PID=668) to work on /home/airflow/.local/lib/python3.12/site-packages/airflow/example_dags/tutorial_dag.py
[2024-10-03T13:15:02.774+0000] {processor.py:914} INFO - Processing file /home/airflow/.local/lib/python3.12/site-packages/airflow/example_dags/tutorial_dag.py for tasks to queue
[2024-10-03T13:15:02.782+0000] {logging_mixin.py:190} INFO - [2024-10-03T13:15:02.781+0000] {dagbag.py:587} INFO - Filling up the DagBag from /home/airflow/.local/lib/python3.12/site-packages/airflow/example_dags/tutorial_dag.py
[2024-10-03T13:15:02.820+0000] {processor.py:925} INFO - DAG(s) 'tutorial_dag' retrieved from /home/airflow/.local/lib/python3.12/site-packages/airflow/example_dags/tutorial_dag.py
[2024-10-03T13:15:02.893+0000] {logging_mixin.py:190} INFO - [2024-10-03T13:15:02.892+0000] {dag.py:3229} INFO - Sync 1 DAGs
[2024-10-03T13:15:02.929+0000] {logging_mixin.py:190} INFO - [2024-10-03T13:15:02.928+0000] {dag.py:4156} INFO - Setting next_dagrun for tutorial_dag to None, run_after=None
[2024-10-03T13:15:03.132+0000] {processor.py:208} INFO - Processing /home/airflow/.local/lib/python3.12/site-packages/airflow/example_dags/tutorial_dag.py took 0.384 seconds
[2024-10-03T13:15:33.548+0000] {processor.py:186} INFO - Started process (PID=731) to work on /home/airflow/.local/lib/python3.12/site-packages/airflow/example_dags/tutorial_dag.py
[2024-10-03T13:15:33.550+0000] {processor.py:914} INFO - Processing file /home/airflow/.local/lib/python3.12/site-packages/airflow/example_dags/tutorial_dag.py for tasks to queue
[2024-10-03T13:15:33.553+0000] {logging_mixin.py:190} INFO - [2024-10-03T13:15:33.552+0000] {dagbag.py:587} INFO - Filling up the DagBag from /home/airflow/.local/lib/python3.12/site-packages/airflow/example_dags/tutorial_dag.py
[2024-10-03T13:15:33.564+0000] {processor.py:925} INFO - DAG(s) 'tutorial_dag' retrieved from /home/airflow/.local/lib/python3.12/site-packages/airflow/example_dags/tutorial_dag.py
[2024-10-03T13:15:33.594+0000] {logging_mixin.py:190} INFO - [2024-10-03T13:15:33.594+0000] {dag.py:3229} INFO - Sync 1 DAGs
[2024-10-03T13:15:33.614+0000] {logging_mixin.py:190} INFO - [2024-10-03T13:15:33.614+0000] {dag.py:4156} INFO - Setting next_dagrun for tutorial_dag to None, run_after=None
[2024-10-03T13:15:33.729+0000] {processor.py:208} INFO - Processing /home/airflow/.local/lib/python3.12/site-packages/airflow/example_dags/tutorial_dag.py took 0.188 seconds
[2024-10-03T13:16:04.413+0000] {processor.py:186} INFO - Started process (PID=794) to work on /home/airflow/.local/lib/python3.12/site-packages/airflow/example_dags/tutorial_dag.py
[2024-10-03T13:16:04.415+0000] {processor.py:914} INFO - Processing file /home/airflow/.local/lib/python3.12/site-packages/airflow/example_dags/tutorial_dag.py for tasks to queue
[2024-10-03T13:16:04.419+0000] {logging_mixin.py:190} INFO - [2024-10-03T13:16:04.418+0000] {dagbag.py:587} INFO - Filling up the DagBag from /home/airflow/.local/lib/python3.12/site-packages/airflow/example_dags/tutorial_dag.py
[2024-10-03T13:16:04.430+0000] {processor.py:925} INFO - DAG(s) 'tutorial_dag' retrieved from /home/airflow/.local/lib/python3.12/site-packages/airflow/example_dags/tutorial_dag.py
[2024-10-03T13:16:04.458+0000] {logging_mixin.py:190} INFO - [2024-10-03T13:16:04.457+0000] {dag.py:3229} INFO - Sync 1 DAGs
[2024-10-03T13:16:04.478+0000] {logging_mixin.py:190} INFO - [2024-10-03T13:16:04.478+0000] {dag.py:4156} INFO - Setting next_dagrun for tutorial_dag to None, run_after=None
[2024-10-03T13:16:04.791+0000] {processor.py:208} INFO - Processing /home/airflow/.local/lib/python3.12/site-packages/airflow/example_dags/tutorial_dag.py took 0.386 seconds
[2024-10-03T13:16:36.634+0000] {processor.py:186} INFO - Started process (PID=857) to work on /home/airflow/.local/lib/python3.12/site-packages/airflow/example_dags/tutorial_dag.py
[2024-10-03T13:16:36.636+0000] {processor.py:914} INFO - Processing file /home/airflow/.local/lib/python3.12/site-packages/airflow/example_dags/tutorial_dag.py for tasks to queue
[2024-10-03T13:16:36.644+0000] {logging_mixin.py:190} INFO - [2024-10-03T13:16:36.643+0000] {dagbag.py:587} INFO - Filling up the DagBag from /home/airflow/.local/lib/python3.12/site-packages/airflow/example_dags/tutorial_dag.py
[2024-10-03T13:16:36.662+0000] {processor.py:925} INFO - DAG(s) 'tutorial_dag' retrieved from /home/airflow/.local/lib/python3.12/site-packages/airflow/example_dags/tutorial_dag.py
[2024-10-03T13:16:36.711+0000] {logging_mixin.py:190} INFO - [2024-10-03T13:16:36.710+0000] {dag.py:3229} INFO - Sync 1 DAGs
[2024-10-03T13:16:36.743+0000] {logging_mixin.py:190} INFO - [2024-10-03T13:16:36.743+0000] {dag.py:4156} INFO - Setting next_dagrun for tutorial_dag to None, run_after=None
[2024-10-03T13:16:37.076+0000] {processor.py:208} INFO - Processing /home/airflow/.local/lib/python3.12/site-packages/airflow/example_dags/tutorial_dag.py took 0.454 seconds
[2024-10-03T13:17:07.173+0000] {processor.py:186} INFO - Started process (PID=920) to work on /home/airflow/.local/lib/python3.12/site-packages/airflow/example_dags/tutorial_dag.py
[2024-10-03T13:17:07.175+0000] {processor.py:914} INFO - Processing file /home/airflow/.local/lib/python3.12/site-packages/airflow/example_dags/tutorial_dag.py for tasks to queue
[2024-10-03T13:17:07.181+0000] {logging_mixin.py:190} INFO - [2024-10-03T13:17:07.180+0000] {dagbag.py:587} INFO - Filling up the DagBag from /home/airflow/.local/lib/python3.12/site-packages/airflow/example_dags/tutorial_dag.py
[2024-10-03T13:17:07.195+0000] {processor.py:925} INFO - DAG(s) 'tutorial_dag' retrieved from /home/airflow/.local/lib/python3.12/site-packages/airflow/example_dags/tutorial_dag.py
[2024-10-03T13:17:07.236+0000] {logging_mixin.py:190} INFO - [2024-10-03T13:17:07.235+0000] {dag.py:3229} INFO - Sync 1 DAGs
[2024-10-03T13:17:07.262+0000] {logging_mixin.py:190} INFO - [2024-10-03T13:17:07.262+0000] {dag.py:4156} INFO - Setting next_dagrun for tutorial_dag to None, run_after=None
[2024-10-03T13:17:07.487+0000] {processor.py:208} INFO - Processing /home/airflow/.local/lib/python3.12/site-packages/airflow/example_dags/tutorial_dag.py took 0.323 seconds
[2024-10-03T13:17:37.744+0000] {processor.py:186} INFO - Started process (PID=983) to work on /home/airflow/.local/lib/python3.12/site-packages/airflow/example_dags/tutorial_dag.py
[2024-10-03T13:17:37.745+0000] {processor.py:914} INFO - Processing file /home/airflow/.local/lib/python3.12/site-packages/airflow/example_dags/tutorial_dag.py for tasks to queue
[2024-10-03T13:17:37.748+0000] {logging_mixin.py:190} INFO - [2024-10-03T13:17:37.748+0000] {dagbag.py:587} INFO - Filling up the DagBag from /home/airflow/.local/lib/python3.12/site-packages/airflow/example_dags/tutorial_dag.py
[2024-10-03T13:17:37.756+0000] {processor.py:925} INFO - DAG(s) 'tutorial_dag' retrieved from /home/airflow/.local/lib/python3.12/site-packages/airflow/example_dags/tutorial_dag.py
[2024-10-03T13:17:37.778+0000] {logging_mixin.py:190} INFO - [2024-10-03T13:17:37.777+0000] {dag.py:3229} INFO - Sync 1 DAGs
[2024-10-03T13:17:37.796+0000] {logging_mixin.py:190} INFO - [2024-10-03T13:17:37.796+0000] {dag.py:4156} INFO - Setting next_dagrun for tutorial_dag to None, run_after=None
[2024-10-03T13:17:37.931+0000] {processor.py:208} INFO - Processing /home/airflow/.local/lib/python3.12/site-packages/airflow/example_dags/tutorial_dag.py took 0.194 seconds
[2024-10-03T13:18:10.125+0000] {processor.py:186} INFO - Started process (PID=1046) to work on /home/airflow/.local/lib/python3.12/site-packages/airflow/example_dags/tutorial_dag.py
[2024-10-03T13:18:10.127+0000] {processor.py:914} INFO - Processing file /home/airflow/.local/lib/python3.12/site-packages/airflow/example_dags/tutorial_dag.py for tasks to queue
[2024-10-03T13:18:10.133+0000] {logging_mixin.py:190} INFO - [2024-10-03T13:18:10.132+0000] {dagbag.py:587} INFO - Filling up the DagBag from /home/airflow/.local/lib/python3.12/site-packages/airflow/example_dags/tutorial_dag.py
[2024-10-03T13:18:10.151+0000] {processor.py:925} INFO - DAG(s) 'tutorial_dag' retrieved from /home/airflow/.local/lib/python3.12/site-packages/airflow/example_dags/tutorial_dag.py
[2024-10-03T13:18:10.183+0000] {logging_mixin.py:190} INFO - [2024-10-03T13:18:10.183+0000] {dag.py:3229} INFO - Sync 1 DAGs
[2024-10-03T13:18:10.207+0000] {logging_mixin.py:190} INFO - [2024-10-03T13:18:10.207+0000] {dag.py:4156} INFO - Setting next_dagrun for tutorial_dag to None, run_after=None
[2024-10-03T13:18:11.429+0000] {processor.py:208} INFO - Processing /home/airflow/.local/lib/python3.12/site-packages/airflow/example_dags/tutorial_dag.py took 1.313 seconds
