[2024-10-03T13:10:19.678+0000] {processor.py:186} INFO - Started process (PID=113) to work on /home/airflow/.local/lib/python3.12/site-packages/airflow/example_dags/tutorial_taskflow_api.py
[2024-10-03T13:10:19.679+0000] {processor.py:914} INFO - Processing file /home/airflow/.local/lib/python3.12/site-packages/airflow/example_dags/tutorial_taskflow_api.py for tasks to queue
[2024-10-03T13:10:19.683+0000] {logging_mixin.py:190} INFO - [2024-10-03T13:10:19.682+0000] {dagbag.py:587} INFO - Filling up the DagBag from /home/airflow/.local/lib/python3.12/site-packages/airflow/example_dags/tutorial_taskflow_api.py
[2024-10-03T13:10:19.763+0000] {processor.py:925} INFO - DAG(s) 'tutorial_taskflow_api' retrieved from /home/airflow/.local/lib/python3.12/site-packages/airflow/example_dags/tutorial_taskflow_api.py
[2024-10-03T13:10:19.798+0000] {logging_mixin.py:190} INFO - [2024-10-03T13:10:19.797+0000] {dag.py:3229} INFO - Sync 1 DAGs
[2024-10-03T13:10:19.839+0000] {logging_mixin.py:190} INFO - [2024-10-03T13:10:19.839+0000] {dag.py:4156} INFO - Setting next_dagrun for tutorial_taskflow_api to None, run_after=None
[2024-10-03T13:10:20.019+0000] {processor.py:208} INFO - Processing /home/airflow/.local/lib/python3.12/site-packages/airflow/example_dags/tutorial_taskflow_api.py took 0.348 seconds
[2024-10-03T13:10:50.424+0000] {processor.py:186} INFO - Started process (PID=176) to work on /home/airflow/.local/lib/python3.12/site-packages/airflow/example_dags/tutorial_taskflow_api.py
[2024-10-03T13:10:50.426+0000] {processor.py:914} INFO - Processing file /home/airflow/.local/lib/python3.12/site-packages/airflow/example_dags/tutorial_taskflow_api.py for tasks to queue
[2024-10-03T13:10:50.431+0000] {logging_mixin.py:190} INFO - [2024-10-03T13:10:50.430+0000] {dagbag.py:587} INFO - Filling up the DagBag from /home/airflow/.local/lib/python3.12/site-packages/airflow/example_dags/tutorial_taskflow_api.py
[2024-10-03T13:10:50.451+0000] {processor.py:925} INFO - DAG(s) 'tutorial_taskflow_api' retrieved from /home/airflow/.local/lib/python3.12/site-packages/airflow/example_dags/tutorial_taskflow_api.py
[2024-10-03T13:10:50.489+0000] {logging_mixin.py:190} INFO - [2024-10-03T13:10:50.489+0000] {dag.py:3229} INFO - Sync 1 DAGs
[2024-10-03T13:10:50.519+0000] {logging_mixin.py:190} INFO - [2024-10-03T13:10:50.519+0000] {dag.py:4156} INFO - Setting next_dagrun for tutorial_taskflow_api to None, run_after=None
[2024-10-03T13:10:50.635+0000] {processor.py:208} INFO - Processing /home/airflow/.local/lib/python3.12/site-packages/airflow/example_dags/tutorial_taskflow_api.py took 0.220 seconds
[2024-10-03T13:11:20.885+0000] {processor.py:186} INFO - Started process (PID=239) to work on /home/airflow/.local/lib/python3.12/site-packages/airflow/example_dags/tutorial_taskflow_api.py
[2024-10-03T13:11:20.887+0000] {processor.py:914} INFO - Processing file /home/airflow/.local/lib/python3.12/site-packages/airflow/example_dags/tutorial_taskflow_api.py for tasks to queue
[2024-10-03T13:11:20.891+0000] {logging_mixin.py:190} INFO - [2024-10-03T13:11:20.890+0000] {dagbag.py:587} INFO - Filling up the DagBag from /home/airflow/.local/lib/python3.12/site-packages/airflow/example_dags/tutorial_taskflow_api.py
[2024-10-03T13:11:20.905+0000] {processor.py:925} INFO - DAG(s) 'tutorial_taskflow_api' retrieved from /home/airflow/.local/lib/python3.12/site-packages/airflow/example_dags/tutorial_taskflow_api.py
[2024-10-03T13:11:20.942+0000] {logging_mixin.py:190} INFO - [2024-10-03T13:11:20.942+0000] {dag.py:3229} INFO - Sync 1 DAGs
[2024-10-03T13:11:20.974+0000] {logging_mixin.py:190} INFO - [2024-10-03T13:11:20.973+0000] {dag.py:4156} INFO - Setting next_dagrun for tutorial_taskflow_api to None, run_after=None
[2024-10-03T13:11:21.070+0000] {processor.py:208} INFO - Processing /home/airflow/.local/lib/python3.12/site-packages/airflow/example_dags/tutorial_taskflow_api.py took 0.198 seconds
[2024-10-03T13:12:00.025+0000] {processor.py:186} INFO - Started process (PID=307) to work on /home/airflow/.local/lib/python3.12/site-packages/airflow/example_dags/tutorial_taskflow_api.py
[2024-10-03T13:12:00.027+0000] {processor.py:914} INFO - Processing file /home/airflow/.local/lib/python3.12/site-packages/airflow/example_dags/tutorial_taskflow_api.py for tasks to queue
[2024-10-03T13:12:00.032+0000] {logging_mixin.py:190} INFO - [2024-10-03T13:12:00.032+0000] {dagbag.py:587} INFO - Filling up the DagBag from /home/airflow/.local/lib/python3.12/site-packages/airflow/example_dags/tutorial_taskflow_api.py
[2024-10-03T13:12:00.047+0000] {processor.py:925} INFO - DAG(s) 'tutorial_taskflow_api' retrieved from /home/airflow/.local/lib/python3.12/site-packages/airflow/example_dags/tutorial_taskflow_api.py
[2024-10-03T13:12:00.197+0000] {logging_mixin.py:190} INFO - [2024-10-03T13:12:00.196+0000] {dag.py:3229} INFO - Sync 1 DAGs
[2024-10-03T13:12:00.263+0000] {logging_mixin.py:190} INFO - [2024-10-03T13:12:00.263+0000] {dag.py:4156} INFO - Setting next_dagrun for tutorial_taskflow_api to None, run_after=None
[2024-10-03T13:12:01.487+0000] {processor.py:208} INFO - Processing /home/airflow/.local/lib/python3.12/site-packages/airflow/example_dags/tutorial_taskflow_api.py took 1.478 seconds
[2024-10-03T13:12:31.613+0000] {processor.py:186} INFO - Started process (PID=370) to work on /home/airflow/.local/lib/python3.12/site-packages/airflow/example_dags/tutorial_taskflow_api.py
[2024-10-03T13:12:31.614+0000] {processor.py:914} INFO - Processing file /home/airflow/.local/lib/python3.12/site-packages/airflow/example_dags/tutorial_taskflow_api.py for tasks to queue
[2024-10-03T13:12:31.618+0000] {logging_mixin.py:190} INFO - [2024-10-03T13:12:31.618+0000] {dagbag.py:587} INFO - Filling up the DagBag from /home/airflow/.local/lib/python3.12/site-packages/airflow/example_dags/tutorial_taskflow_api.py
[2024-10-03T13:12:31.629+0000] {processor.py:925} INFO - DAG(s) 'tutorial_taskflow_api' retrieved from /home/airflow/.local/lib/python3.12/site-packages/airflow/example_dags/tutorial_taskflow_api.py
[2024-10-03T13:12:31.656+0000] {logging_mixin.py:190} INFO - [2024-10-03T13:12:31.655+0000] {dag.py:3229} INFO - Sync 1 DAGs
[2024-10-03T13:12:31.681+0000] {logging_mixin.py:190} INFO - [2024-10-03T13:12:31.680+0000] {dag.py:4156} INFO - Setting next_dagrun for tutorial_taskflow_api to None, run_after=None
[2024-10-03T13:12:31.790+0000] {processor.py:208} INFO - Processing /home/airflow/.local/lib/python3.12/site-packages/airflow/example_dags/tutorial_taskflow_api.py took 0.186 seconds
[2024-10-03T13:13:03.749+0000] {processor.py:186} INFO - Started process (PID=433) to work on /home/airflow/.local/lib/python3.12/site-packages/airflow/example_dags/tutorial_taskflow_api.py
[2024-10-03T13:13:03.751+0000] {processor.py:914} INFO - Processing file /home/airflow/.local/lib/python3.12/site-packages/airflow/example_dags/tutorial_taskflow_api.py for tasks to queue
[2024-10-03T13:13:03.762+0000] {logging_mixin.py:190} INFO - [2024-10-03T13:13:03.755+0000] {dagbag.py:587} INFO - Filling up the DagBag from /home/airflow/.local/lib/python3.12/site-packages/airflow/example_dags/tutorial_taskflow_api.py
[2024-10-03T13:13:03.784+0000] {processor.py:925} INFO - DAG(s) 'tutorial_taskflow_api' retrieved from /home/airflow/.local/lib/python3.12/site-packages/airflow/example_dags/tutorial_taskflow_api.py
[2024-10-03T13:13:03.842+0000] {logging_mixin.py:190} INFO - [2024-10-03T13:13:03.841+0000] {dag.py:3229} INFO - Sync 1 DAGs
[2024-10-03T13:13:03.879+0000] {logging_mixin.py:190} INFO - [2024-10-03T13:13:03.878+0000] {dag.py:4156} INFO - Setting next_dagrun for tutorial_taskflow_api to None, run_after=None
[2024-10-03T13:13:04.203+0000] {processor.py:208} INFO - Processing /home/airflow/.local/lib/python3.12/site-packages/airflow/example_dags/tutorial_taskflow_api.py took 0.472 seconds
[2024-10-03T13:13:35.246+0000] {processor.py:186} INFO - Started process (PID=496) to work on /home/airflow/.local/lib/python3.12/site-packages/airflow/example_dags/tutorial_taskflow_api.py
[2024-10-03T13:13:35.247+0000] {processor.py:914} INFO - Processing file /home/airflow/.local/lib/python3.12/site-packages/airflow/example_dags/tutorial_taskflow_api.py for tasks to queue
[2024-10-03T13:13:35.251+0000] {logging_mixin.py:190} INFO - [2024-10-03T13:13:35.250+0000] {dagbag.py:587} INFO - Filling up the DagBag from /home/airflow/.local/lib/python3.12/site-packages/airflow/example_dags/tutorial_taskflow_api.py
[2024-10-03T13:13:35.264+0000] {processor.py:925} INFO - DAG(s) 'tutorial_taskflow_api' retrieved from /home/airflow/.local/lib/python3.12/site-packages/airflow/example_dags/tutorial_taskflow_api.py
[2024-10-03T13:13:35.290+0000] {logging_mixin.py:190} INFO - [2024-10-03T13:13:35.289+0000] {dag.py:3229} INFO - Sync 1 DAGs
[2024-10-03T13:13:35.312+0000] {logging_mixin.py:190} INFO - [2024-10-03T13:13:35.312+0000] {dag.py:4156} INFO - Setting next_dagrun for tutorial_taskflow_api to None, run_after=None
[2024-10-03T13:13:35.772+0000] {processor.py:208} INFO - Processing /home/airflow/.local/lib/python3.12/site-packages/airflow/example_dags/tutorial_taskflow_api.py took 0.533 seconds
[2024-10-03T13:14:07.170+0000] {processor.py:186} INFO - Started process (PID=559) to work on /home/airflow/.local/lib/python3.12/site-packages/airflow/example_dags/tutorial_taskflow_api.py
[2024-10-03T13:14:07.173+0000] {processor.py:914} INFO - Processing file /home/airflow/.local/lib/python3.12/site-packages/airflow/example_dags/tutorial_taskflow_api.py for tasks to queue
[2024-10-03T13:14:07.191+0000] {logging_mixin.py:190} INFO - [2024-10-03T13:14:07.190+0000] {dagbag.py:587} INFO - Filling up the DagBag from /home/airflow/.local/lib/python3.12/site-packages/airflow/example_dags/tutorial_taskflow_api.py
[2024-10-03T13:14:07.272+0000] {processor.py:925} INFO - DAG(s) 'tutorial_taskflow_api' retrieved from /home/airflow/.local/lib/python3.12/site-packages/airflow/example_dags/tutorial_taskflow_api.py
[2024-10-03T13:14:07.354+0000] {logging_mixin.py:190} INFO - [2024-10-03T13:14:07.354+0000] {dag.py:3229} INFO - Sync 1 DAGs
[2024-10-03T13:14:07.414+0000] {logging_mixin.py:190} INFO - [2024-10-03T13:14:07.413+0000] {dag.py:4156} INFO - Setting next_dagrun for tutorial_taskflow_api to None, run_after=None
[2024-10-03T13:14:07.760+0000] {processor.py:208} INFO - Processing /home/airflow/.local/lib/python3.12/site-packages/airflow/example_dags/tutorial_taskflow_api.py took 0.620 seconds
[2024-10-03T13:14:41.577+0000] {processor.py:186} INFO - Started process (PID=622) to work on /home/airflow/.local/lib/python3.12/site-packages/airflow/example_dags/tutorial_taskflow_api.py
[2024-10-03T13:14:41.578+0000] {processor.py:914} INFO - Processing file /home/airflow/.local/lib/python3.12/site-packages/airflow/example_dags/tutorial_taskflow_api.py for tasks to queue
[2024-10-03T13:14:41.582+0000] {logging_mixin.py:190} INFO - [2024-10-03T13:14:41.582+0000] {dagbag.py:587} INFO - Filling up the DagBag from /home/airflow/.local/lib/python3.12/site-packages/airflow/example_dags/tutorial_taskflow_api.py
[2024-10-03T13:14:41.595+0000] {processor.py:925} INFO - DAG(s) 'tutorial_taskflow_api' retrieved from /home/airflow/.local/lib/python3.12/site-packages/airflow/example_dags/tutorial_taskflow_api.py
[2024-10-03T13:14:41.631+0000] {logging_mixin.py:190} INFO - [2024-10-03T13:14:41.631+0000] {dag.py:3229} INFO - Sync 1 DAGs
[2024-10-03T13:14:41.668+0000] {logging_mixin.py:190} INFO - [2024-10-03T13:14:41.668+0000] {dag.py:4156} INFO - Setting next_dagrun for tutorial_taskflow_api to None, run_after=None
[2024-10-03T13:14:42.096+0000] {processor.py:208} INFO - Processing /home/airflow/.local/lib/python3.12/site-packages/airflow/example_dags/tutorial_taskflow_api.py took 0.528 seconds
[2024-10-03T13:15:12.894+0000] {processor.py:186} INFO - Started process (PID=685) to work on /home/airflow/.local/lib/python3.12/site-packages/airflow/example_dags/tutorial_taskflow_api.py
[2024-10-03T13:15:12.895+0000] {processor.py:914} INFO - Processing file /home/airflow/.local/lib/python3.12/site-packages/airflow/example_dags/tutorial_taskflow_api.py for tasks to queue
[2024-10-03T13:15:12.899+0000] {logging_mixin.py:190} INFO - [2024-10-03T13:15:12.898+0000] {dagbag.py:587} INFO - Filling up the DagBag from /home/airflow/.local/lib/python3.12/site-packages/airflow/example_dags/tutorial_taskflow_api.py
[2024-10-03T13:15:12.910+0000] {processor.py:925} INFO - DAG(s) 'tutorial_taskflow_api' retrieved from /home/airflow/.local/lib/python3.12/site-packages/airflow/example_dags/tutorial_taskflow_api.py
[2024-10-03T13:15:12.937+0000] {logging_mixin.py:190} INFO - [2024-10-03T13:15:12.937+0000] {dag.py:3229} INFO - Sync 1 DAGs
[2024-10-03T13:15:12.959+0000] {logging_mixin.py:190} INFO - [2024-10-03T13:15:12.959+0000] {dag.py:4156} INFO - Setting next_dagrun for tutorial_taskflow_api to None, run_after=None
[2024-10-03T13:15:13.068+0000] {processor.py:208} INFO - Processing /home/airflow/.local/lib/python3.12/site-packages/airflow/example_dags/tutorial_taskflow_api.py took 0.182 seconds
[2024-10-03T13:15:43.712+0000] {processor.py:186} INFO - Started process (PID=748) to work on /home/airflow/.local/lib/python3.12/site-packages/airflow/example_dags/tutorial_taskflow_api.py
[2024-10-03T13:15:43.713+0000] {processor.py:914} INFO - Processing file /home/airflow/.local/lib/python3.12/site-packages/airflow/example_dags/tutorial_taskflow_api.py for tasks to queue
[2024-10-03T13:15:43.716+0000] {logging_mixin.py:190} INFO - [2024-10-03T13:15:43.715+0000] {dagbag.py:587} INFO - Filling up the DagBag from /home/airflow/.local/lib/python3.12/site-packages/airflow/example_dags/tutorial_taskflow_api.py
[2024-10-03T13:15:43.726+0000] {processor.py:925} INFO - DAG(s) 'tutorial_taskflow_api' retrieved from /home/airflow/.local/lib/python3.12/site-packages/airflow/example_dags/tutorial_taskflow_api.py
[2024-10-03T13:15:43.748+0000] {logging_mixin.py:190} INFO - [2024-10-03T13:15:43.748+0000] {dag.py:3229} INFO - Sync 1 DAGs
[2024-10-03T13:15:43.767+0000] {logging_mixin.py:190} INFO - [2024-10-03T13:15:43.767+0000] {dag.py:4156} INFO - Setting next_dagrun for tutorial_taskflow_api to None, run_after=None
[2024-10-03T13:15:43.970+0000] {processor.py:208} INFO - Processing /home/airflow/.local/lib/python3.12/site-packages/airflow/example_dags/tutorial_taskflow_api.py took 0.266 seconds
[2024-10-03T13:16:14.046+0000] {processor.py:186} INFO - Started process (PID=811) to work on /home/airflow/.local/lib/python3.12/site-packages/airflow/example_dags/tutorial_taskflow_api.py
[2024-10-03T13:16:14.048+0000] {processor.py:914} INFO - Processing file /home/airflow/.local/lib/python3.12/site-packages/airflow/example_dags/tutorial_taskflow_api.py for tasks to queue
[2024-10-03T13:16:14.051+0000] {logging_mixin.py:190} INFO - [2024-10-03T13:16:14.051+0000] {dagbag.py:587} INFO - Filling up the DagBag from /home/airflow/.local/lib/python3.12/site-packages/airflow/example_dags/tutorial_taskflow_api.py
[2024-10-03T13:16:14.062+0000] {processor.py:925} INFO - DAG(s) 'tutorial_taskflow_api' retrieved from /home/airflow/.local/lib/python3.12/site-packages/airflow/example_dags/tutorial_taskflow_api.py
[2024-10-03T13:16:14.090+0000] {logging_mixin.py:190} INFO - [2024-10-03T13:16:14.090+0000] {dag.py:3229} INFO - Sync 1 DAGs
[2024-10-03T13:16:14.117+0000] {logging_mixin.py:190} INFO - [2024-10-03T13:16:14.116+0000] {dag.py:4156} INFO - Setting next_dagrun for tutorial_taskflow_api to None, run_after=None
[2024-10-03T13:16:14.365+0000] {processor.py:208} INFO - Processing /home/airflow/.local/lib/python3.12/site-packages/airflow/example_dags/tutorial_taskflow_api.py took 0.329 seconds
[2024-10-03T13:16:44.568+0000] {processor.py:186} INFO - Started process (PID=874) to work on /home/airflow/.local/lib/python3.12/site-packages/airflow/example_dags/tutorial_taskflow_api.py
[2024-10-03T13:16:44.569+0000] {processor.py:914} INFO - Processing file /home/airflow/.local/lib/python3.12/site-packages/airflow/example_dags/tutorial_taskflow_api.py for tasks to queue
[2024-10-03T13:16:44.574+0000] {logging_mixin.py:190} INFO - [2024-10-03T13:16:44.573+0000] {dagbag.py:587} INFO - Filling up the DagBag from /home/airflow/.local/lib/python3.12/site-packages/airflow/example_dags/tutorial_taskflow_api.py
[2024-10-03T13:16:44.587+0000] {processor.py:925} INFO - DAG(s) 'tutorial_taskflow_api' retrieved from /home/airflow/.local/lib/python3.12/site-packages/airflow/example_dags/tutorial_taskflow_api.py
[2024-10-03T13:16:44.617+0000] {logging_mixin.py:190} INFO - [2024-10-03T13:16:44.617+0000] {dag.py:3229} INFO - Sync 1 DAGs
[2024-10-03T13:16:44.641+0000] {logging_mixin.py:190} INFO - [2024-10-03T13:16:44.641+0000] {dag.py:4156} INFO - Setting next_dagrun for tutorial_taskflow_api to None, run_after=None
[2024-10-03T13:16:44.745+0000] {processor.py:208} INFO - Processing /home/airflow/.local/lib/python3.12/site-packages/airflow/example_dags/tutorial_taskflow_api.py took 0.188 seconds
[2024-10-03T13:17:16.328+0000] {processor.py:186} INFO - Started process (PID=937) to work on /home/airflow/.local/lib/python3.12/site-packages/airflow/example_dags/tutorial_taskflow_api.py
[2024-10-03T13:17:16.330+0000] {processor.py:914} INFO - Processing file /home/airflow/.local/lib/python3.12/site-packages/airflow/example_dags/tutorial_taskflow_api.py for tasks to queue
[2024-10-03T13:17:16.333+0000] {logging_mixin.py:190} INFO - [2024-10-03T13:17:16.332+0000] {dagbag.py:587} INFO - Filling up the DagBag from /home/airflow/.local/lib/python3.12/site-packages/airflow/example_dags/tutorial_taskflow_api.py
[2024-10-03T13:17:16.343+0000] {processor.py:925} INFO - DAG(s) 'tutorial_taskflow_api' retrieved from /home/airflow/.local/lib/python3.12/site-packages/airflow/example_dags/tutorial_taskflow_api.py
[2024-10-03T13:17:16.368+0000] {logging_mixin.py:190} INFO - [2024-10-03T13:17:16.367+0000] {dag.py:3229} INFO - Sync 1 DAGs
[2024-10-03T13:17:16.385+0000] {logging_mixin.py:190} INFO - [2024-10-03T13:17:16.385+0000] {dag.py:4156} INFO - Setting next_dagrun for tutorial_taskflow_api to None, run_after=None
[2024-10-03T13:17:16.648+0000] {processor.py:208} INFO - Processing /home/airflow/.local/lib/python3.12/site-packages/airflow/example_dags/tutorial_taskflow_api.py took 0.328 seconds
[2024-10-03T13:17:47.830+0000] {processor.py:186} INFO - Started process (PID=1000) to work on /home/airflow/.local/lib/python3.12/site-packages/airflow/example_dags/tutorial_taskflow_api.py
[2024-10-03T13:17:47.832+0000] {processor.py:914} INFO - Processing file /home/airflow/.local/lib/python3.12/site-packages/airflow/example_dags/tutorial_taskflow_api.py for tasks to queue
[2024-10-03T13:17:47.836+0000] {logging_mixin.py:190} INFO - [2024-10-03T13:17:47.835+0000] {dagbag.py:587} INFO - Filling up the DagBag from /home/airflow/.local/lib/python3.12/site-packages/airflow/example_dags/tutorial_taskflow_api.py
[2024-10-03T13:17:47.852+0000] {processor.py:925} INFO - DAG(s) 'tutorial_taskflow_api' retrieved from /home/airflow/.local/lib/python3.12/site-packages/airflow/example_dags/tutorial_taskflow_api.py
[2024-10-03T13:17:47.884+0000] {logging_mixin.py:190} INFO - [2024-10-03T13:17:47.883+0000] {dag.py:3229} INFO - Sync 1 DAGs
[2024-10-03T13:17:47.907+0000] {logging_mixin.py:190} INFO - [2024-10-03T13:17:47.906+0000] {dag.py:4156} INFO - Setting next_dagrun for tutorial_taskflow_api to None, run_after=None
[2024-10-03T13:17:48.127+0000] {processor.py:208} INFO - Processing /home/airflow/.local/lib/python3.12/site-packages/airflow/example_dags/tutorial_taskflow_api.py took 0.308 seconds
[2024-10-03T13:18:20.092+0000] {processor.py:186} INFO - Started process (PID=1064) to work on /home/airflow/.local/lib/python3.12/site-packages/airflow/example_dags/tutorial_taskflow_api.py
[2024-10-03T13:18:20.094+0000] {processor.py:914} INFO - Processing file /home/airflow/.local/lib/python3.12/site-packages/airflow/example_dags/tutorial_taskflow_api.py for tasks to queue
[2024-10-03T13:18:20.098+0000] {logging_mixin.py:190} INFO - [2024-10-03T13:18:20.097+0000] {dagbag.py:587} INFO - Filling up the DagBag from /home/airflow/.local/lib/python3.12/site-packages/airflow/example_dags/tutorial_taskflow_api.py
[2024-10-03T13:18:20.112+0000] {processor.py:925} INFO - DAG(s) 'tutorial_taskflow_api' retrieved from /home/airflow/.local/lib/python3.12/site-packages/airflow/example_dags/tutorial_taskflow_api.py
[2024-10-03T13:18:20.139+0000] {logging_mixin.py:190} INFO - [2024-10-03T13:18:20.139+0000] {dag.py:3229} INFO - Sync 1 DAGs
[2024-10-03T13:18:20.167+0000] {logging_mixin.py:190} INFO - [2024-10-03T13:18:20.166+0000] {dag.py:4156} INFO - Setting next_dagrun for tutorial_taskflow_api to None, run_after=None
[2024-10-03T13:18:20.506+0000] {processor.py:208} INFO - Processing /home/airflow/.local/lib/python3.12/site-packages/airflow/example_dags/tutorial_taskflow_api.py took 0.421 seconds
